Mplus VERSION 7.3
MUTHEN & MUTHEN
02/18/2015   9:17 PM

INPUT INSTRUCTIONS

  TITLE:
  PSR AL Model
  DATA:
  FILE = implist.dat;
  TYPE = IMPUTATION;

  VARIABLE:
    NAMES = M2ID Imputation MASTERY CONSTRAINT SELFESTEEM OPTIMISM PESSIMISM
  FAMILYSUPT FRIENDSUPT SPOUSESUPT PR SR bisym bihpa bicard bigluc
  bilipid biinfl bipara F NegAff PosAff m2famnum b1page_m2 sex
  m1chadv m2aadv LifeStress Smoke PhysAct p4majorconditions
  p4minorconditions p4sumburden;

  MISSING=.;

    USEVARIABLES =
      m1chadv m2aadv PR SR LifeStress
      sex b1page_m2
      !NegAff
      PosAff
      F Smoke PhysAct
      p4majorconditions
      !SESxPR SESxSR
      dSESxPR
      !dSESxSR
      !StressxPR StressxSR;
      !SexxPR SexxSR
      ;

    IDVARIABLE = M2ID;
    CLUSTER = m2famnum;
    COUNT = LifeStress p4majorconditions;
    CATEGORICAL = Smoke PhysAct;
    DEFINE:
    !SESxPR = m1chadv * PR;
    !SESxSR = m1chadv * SR;
    dSESxPR = m2aadv * PR;
    !dSESxSR = m2aadv * SR;

    !StressxPR = LifeStress * PR;
    !StressxSR = LifeStress * SR;
    !SexxPR = Sex * PR;
    !SexxSR = Sex * SR;

  ANALYSIS:
    TYPE = COMPLEX;
    Estimator = ML;
    PROCESSORS = 10;

  MODEL:
    ! Step 1
    LifeStress ON
      sex b1page_m2 m1chadv m2aadv
      ;

    PR SR ON
      sex b1page_m2
      m1chadv m2aadv
      LifeStress;
    PR WITH SR*;

    ! Step 2
    PosAff ON
      sex b1page_m2 m1chadv m2aadv
      PR SR
      LifeStress
      !SESxPR SESxSR
      !dSESxPR dSESxSR
      !StressxPR (int0a)
      !StressxSR (int0b)
      !SexxPR SexxSR
      ;

    ! Step 3
      F ON
      sex b1page_m2 m1chadv m2aadv
      PR SR
      LifeStress
      PosAff !NegAff
      !SESxPR SESxSR
      !dSESxPR dSESxSR
      !StressxPR (int2a)
      !StressxSR (int2b)
      !SexxPR SexxSR
      Smoke
      PhysAct (fphys);

      Smoke ON
      sex b1page_m2 m1chadv m2aadv
      PR SR
      LifeStress
      PosAff !NegAff
      !SESxPR SESxSR
      !dSESxPR dSESxSR
      !StressxPR (int3a)
      !StressxSR (int3b)
      !SexxPR SexxSR
      ;

      PhysAct ON
      sex b1page_m2 m1chadv m2aadv
      PR (physpr)
      SR
      LifeStress
      PosAff !NegAff
      !SESxPR SESxSR
      !dSESxPR dSESxSR
      !StressxPR (int4a)
      !StressxSR (int4b)
      !SexxPR SexxSR
      ;

      !PhysAct WITH Smoke*;

      ! Step 4

      p4majorconditions ON
      sex b1page_m2 m1chadv m2aadv
      PR SR
      LifeStress
      PosAff
      !NegAff (cna)
      !SESxPR SESxSR
      !dSESxPR dSESxSR
      !StressxPR (int5a)
      !StressxSR (int5b)
      !SexxPR SexxSR
      F Smoke PhysAct;

  !MODEL CONSTRAINT:
  !  new(indf1 indc1l indc1m indc1h);
  !  indf1 = physpr * fphys;
  !  indc1l = (napr - 1.277168 * nasxpr) * cna;
  !  indc1m = (napr + 0 * nasxpr) * cna;
  !  indc1h = (napr + 1.277168 * nasxpr) * cna;


  !MODEL TEST:
    !int1a = 0;
    !int1b = 0;
    !int2a = 0;
    !int2b = 0;
    !int3a = 0;
    !int3b = 0;
    !int4a = 0;
    !int4b = 0;
    !int5a = 0;
    !int5b = 0;

  OUTPUT:
    STDYX;
    CINTERVAL;



*** WARNING in ANALYSIS command
  Use ESTIMATOR=MLR instead of ESTIMATOR=ML for TYPE=COMPLEX.
  Default estimator will be used.
*** WARNING in VARIABLE command
  Note that only the first 8 characters of variable names are used in the output.
  Shorten variable names to avoid any confusion.
*** WARNING in MODEL command
  Variable is uncorrelated with all other variables:  DSESXPR
*** WARNING in MODEL command
  At least one variable is uncorrelated with all other variables in the model.
  Check that this is what is intended.
*** WARNING in OUTPUT command
  CINTERVAL option is not available with multiple imputation.
  Request for CINTERVAL is ignored.
   5 WARNING(S) FOUND IN THE INPUT INSTRUCTIONS




PSR AL Model

SUMMARY OF ANALYSIS

Number of groups                                                 1
Average number of observations                                1050

Number of replications
    Requested                                                   50
    Completed                                                   50

Number of dependent variables                                    9
Number of independent variables                                  4
Number of continuous latent variables                            0

Observed dependent variables

  Continuous
   PR          SR          POSAFF      F           DSESXPR

  Binary and ordered categorical (ordinal)
   SMOKE       PHYSACT

  Count
   LIFESTRE    P4MAJORC

Observed independent variables
   M1CHADV     M2AADV      SEX         B1PAGE_M

Variables with special functions

  Cluster variable      M2FAMNUM
  ID variable           M2ID

Estimator                                                      MLR
Information matrix                                        OBSERVED
Optimization Specifications for the Quasi-Newton Algorithm for
Continuous Outcomes
  Maximum number of iterations                                 100
  Convergence criterion                                  0.100D-05
Optimization Specifications for the EM Algorithm
  Maximum number of iterations                                 500
  Convergence criteria
    Loglikelihood change                                 0.100D-02
    Relative loglikelihood change                        0.100D-05
    Derivative                                           0.100D-02
Optimization Specifications for the M step of the EM Algorithm for
Categorical Latent variables
  Number of M step iterations                                    1
  M step convergence criterion                           0.100D-02
  Basis for M step termination                           ITERATION
Optimization Specifications for the M step of the EM Algorithm for
Censored, Binary or Ordered Categorical (Ordinal), Unordered
Categorical (Nominal) and Count Outcomes
  Number of M step iterations                                    1
  M step convergence criterion                           0.100D-02
  Basis for M step termination                           ITERATION
  Maximum value for logit thresholds                            15
  Minimum value for logit thresholds                           -15
  Minimum expected cell size for chi-square              0.100D-01
Maximum number of iterations for H1                           2000
Convergence criterion for H1                             0.100D-03
Optimization algorithm                                         EMA
Integration Specifications
  Type                                                    STANDARD
  Number of integration points                                  15
  Dimensions of numerical integration                            0
  Adaptive quadrature                                           ON
Link                                                         LOGIT
Cholesky                                                       OFF

Input data file(s)
  Multiple data files from
    implist.dat
Input data format  FREE


SUMMARY OF DATA FOR THE FIRST DATA SET

     Number of missing data patterns             1
     Number of clusters         894



SUMMARY OF MISSING DATA PATTERNS FOR THE FIRST DATA SET


     MISSING DATA PATTERNS FOR Y (x = not missing)

           1
 PR        x
 SR        x
 POSAFF    x
 F         x
 DSESXPR   x
 M1CHADV   x
 M2AADV    x
 SEX       x
 B1PAGE_M  x


     MISSING DATA PATTERN FREQUENCIES FOR Y

    Pattern   Frequency
          1        1050


COVARIANCE COVERAGE OF DATA FOR THE FIRST DATA SET

Minimum covariance coverage value   0.100


     PROPORTION OF DATA PRESENT FOR Y


           Covariance Coverage
              PR            SR            POSAFF        F             DSESXPR
              ________      ________      ________      ________      ________
 PR             1.000
 SR             1.000         1.000
 POSAFF         1.000         1.000         1.000
 F              1.000         1.000         1.000         1.000
 DSESXPR        1.000         1.000         1.000         1.000         1.000
 M1CHADV        1.000         1.000         1.000         1.000         1.000
 M2AADV         1.000         1.000         1.000         1.000         1.000
 SEX            1.000         1.000         1.000         1.000         1.000
 B1PAGE_M       1.000         1.000         1.000         1.000         1.000


           Covariance Coverage
              M1CHADV       M2AADV        SEX           B1PAGE_M
              ________      ________      ________      ________
 M1CHADV        1.000
 M2AADV         1.000         1.000
 SEX            1.000         1.000         1.000
 B1PAGE_M       1.000         1.000         1.000         1.000


UNIVARIATE PROPORTIONS FOR CATEGORICAL VARIABLES

NOTE:  These are average results over 50 data sets.

    SMOKE
      Category 1    0.553
      Category 2    0.332
      Category 3    0.114
    PHYSACT
      Category 1    0.215
      Category 2    0.259
      Category 3    0.278
      Category 4    0.248


COUNT PROPORTION OF ZERO, MINIMUM AND MAXIMUM VALUES

      LIFESTRE    0.072         0        13
      P4MAJORC    0.411         0         6


SAMPLE STATISTICS

NOTE:  These are average results over 50 data sets.


     SAMPLE STATISTICS


           Means
              PR            SR            POSAFF        F             DSESXPR
              ________      ________      ________      ________      ________
 1              0.108         0.063         0.035        -0.111         0.242


           Means
              M1CHADV       M2AADV        SEX           B1PAGE_M
              ________      ________      ________      ________
 1              0.000         0.000         0.548         0.023


           Covariances
              PR            SR            POSAFF        F             DSESXPR
              ________      ________      ________      ________      ________
 PR             1.027
 SR             0.643         0.999
 POSAFF         0.575         0.424         0.960
 F             -0.044        -0.036        -0.082         0.907
 DSESXPR       -0.033        -0.035        -0.049         0.065         1.704
 M1CHADV        0.079         0.096         0.013        -0.103        -0.064
 M2AADV         0.242         0.118         0.194        -0.025         0.059
 SEX           -0.006         0.027        -0.013        -0.031        -0.001
 B1PAGE_M       0.187         0.147         0.243         0.045         0.004


           Covariances
              M1CHADV       M2AADV        SEX           B1PAGE_M
              ________      ________      ________      ________
 M1CHADV        0.999
 M2AADV        -0.815         1.630
 SEX           -0.011        -0.054         0.248
 B1PAGE_M      -0.170         0.271        -0.033         1.385


           Correlations
              PR            SR            POSAFF        F             DSESXPR
              ________      ________      ________      ________      ________
 PR             1.000
 SR             0.635         1.000
 POSAFF         0.579         0.433         1.000
 F             -0.046        -0.038        -0.088         1.000
 DSESXPR       -0.025        -0.027        -0.038         0.052         1.000
 M1CHADV        0.078         0.096         0.013        -0.108        -0.049
 M2AADV         0.187         0.093         0.155        -0.021         0.035
 SEX           -0.011         0.055        -0.027        -0.065        -0.002
 B1PAGE_M       0.157         0.125         0.211         0.040         0.002


           Correlations
              M1CHADV       M2AADV        SEX           B1PAGE_M
              ________      ________      ________      ________
 M1CHADV        1.000
 M2AADV        -0.639         1.000
 SEX           -0.023        -0.085         1.000
 B1PAGE_M      -0.145         0.181        -0.056         1.000




MODEL FIT INFORMATION

Number of Free Parameters                       76

Loglikelihood

    H0 Value

        Mean                            -12989.576
        Std Dev                             48.927
        Number of successful computations       50

             Proportions                   Percentiles
        Expected    Observed         Expected       Observed
           0.990       0.980       -13103.396     -13107.948
           0.980       0.980       -13090.058     -13107.948
           0.950       0.940       -13070.057     -13087.771
           0.900       0.920       -13052.282     -13062.827
           0.800       0.820       -13030.754     -13038.288
           0.700       0.720       -13015.234     -13010.998
           0.500       0.480       -12989.576     -12992.461
           0.300       0.240       -12963.919     -12968.415
           0.200       0.180       -12948.399     -12955.726
           0.100       0.100       -12926.871     -12927.989
           0.050       0.060       -12909.096     -12911.299
           0.020       0.040       -12889.094     -12888.423
           0.010       0.000       -12875.756     -12888.423

Information Criteria

    Akaike (AIC)

        Mean                             26131.152
        Std Dev                             97.855
        Number of successful computations       50

             Proportions                   Percentiles
        Expected    Observed         Expected       Observed
           0.990       1.000        25903.513      25925.257
           0.980       0.960        25930.188      25925.257
           0.950       0.940        25970.191      25928.846
           0.900       0.900        26005.742      25974.598
           0.800       0.820        26048.798      26033.743
           0.700       0.760        26079.837      26085.760
           0.500       0.520        26131.152      26132.793
           0.300       0.280        26182.467      26172.710
           0.200       0.180        26213.507      26192.633
           0.100       0.080        26256.563      26246.983
           0.050       0.060        26292.114      26277.655
           0.020       0.020        26332.117      26327.541
           0.010       0.020        26358.792      26327.541

    Bayesian (BIC)

        Mean                             26507.850
        Std Dev                             97.855
        Number of successful computations       50

             Proportions                   Percentiles
        Expected    Observed         Expected       Observed
           0.990       1.000        26280.210      26301.955
           0.980       0.960        26306.886      26301.955
           0.950       0.940        26346.889      26305.544
           0.900       0.900        26382.439      26351.295
           0.800       0.820        26425.495      26410.440
           0.700       0.760        26456.535      26462.458
           0.500       0.520        26507.850      26509.491
           0.300       0.280        26559.165      26549.408
           0.200       0.180        26590.204      26569.330
           0.100       0.080        26633.261      26623.681
           0.050       0.060        26668.811      26654.352
           0.020       0.020        26708.814      26704.239
           0.010       0.020        26735.489      26704.239

    Sample-Size Adjusted BIC (n* = (n + 2) / 24)

        Mean                             26266.462
        Std Dev                             97.855
        Number of successful computations       50

             Proportions                   Percentiles
        Expected    Observed         Expected       Observed
           0.990       1.000        26038.823      26060.567
           0.980       0.960        26065.498      26060.567
           0.950       0.940        26105.501      26064.156
           0.900       0.900        26141.052      26109.908
           0.800       0.820        26184.108      26169.053
           0.700       0.760        26215.147      26221.070
           0.500       0.520        26266.462      26268.103
           0.300       0.280        26317.777      26308.020
           0.200       0.180        26348.817      26327.943
           0.100       0.080        26391.873      26382.293
           0.050       0.060        26427.424      26412.965
           0.020       0.020        26467.427      26462.851
           0.010       0.020        26494.102      26462.851



MODEL RESULTS

                                                    Two-Tailed   Rate of
                    Estimate       S.E.  Est./S.E.    P-Value    Missing

 LIFESTRESS ON
    SEX               -0.144      0.044     -3.263      0.001      0.000
    B1PAGE_M2          0.019      0.018      1.051      0.293      0.000
    M1CHADV           -0.318      0.026    -12.330      0.000      0.000
    M2AADV            -0.207      0.022     -9.419      0.000      0.000

 PR         ON
    SEX                0.061      0.067      0.920      0.357      0.119
    B1PAGE_M2          0.122      0.028      4.365      0.000      0.128
    M1CHADV            0.314      0.046      6.882      0.000      0.105
    M2AADV             0.283      0.034      8.288      0.000      0.158
    LIFESTRESS        -0.034      0.014     -2.484      0.013      0.085

 SR         ON
    SEX                0.155      0.074      2.093      0.036      0.315
    B1PAGE_M2          0.109      0.030      3.605      0.000      0.236
    M1CHADV            0.220      0.048      4.583      0.000      0.209
    M2AADV             0.163      0.037      4.369      0.000      0.257
    LIFESTRESS        -0.056      0.015     -3.685      0.000      0.241

 POSAFF     ON
    SEX               -0.049      0.056     -0.887      0.375      0.185
    B1PAGE_M2          0.098      0.023      4.232      0.000      0.136
    M1CHADV           -0.028      0.037     -0.771      0.441      0.176
    M2AADV             0.006      0.031      0.211      0.833      0.177
    PR                 0.471      0.040     11.646      0.000      0.392
    SR                 0.095      0.043      2.221      0.026      0.450
    LIFESTRESS        -0.031      0.012     -2.696      0.007      0.123

 F          ON
    SEX               -0.162      0.087     -1.851      0.064      0.556
    B1PAGE_M2          0.020      0.037      0.543      0.587      0.545
    M1CHADV           -0.143      0.049     -2.898      0.004      0.282
    M2AADV            -0.087      0.038     -2.329      0.020      0.258
    PR                 0.059      0.056      1.050      0.294      0.457
    SR                 0.022      0.053      0.408      0.683      0.531
    LIFESTRESS         0.035      0.016      2.231      0.026      0.280
    POSAFF            -0.087      0.045     -1.924      0.054      0.359
    SMOKE              0.066      0.049      1.363      0.173      0.186
    PHYSACT           -0.181      0.031     -5.874      0.000      0.289

 SMOKE      ON
    SEX               -0.345      0.132     -2.614      0.009      0.005
    B1PAGE_M2          0.077      0.054      1.435      0.151      0.006
    M1CHADV           -0.222      0.091     -2.432      0.015      0.010
    M2AADV            -0.167      0.073     -2.299      0.022      0.011
    PR                 0.124      0.100      1.244      0.213      0.244
    SR                 0.065      0.099      0.656      0.512      0.339
    LIFESTRESS         0.194      0.029      6.787      0.000      0.008
    POSAFF            -0.247      0.085     -2.905      0.004      0.171

 PHYSACT    ON
    SEX               -0.232      0.119     -1.948      0.051      0.005
    B1PAGE_M2         -0.124      0.046     -2.667      0.008      0.005
    M1CHADV            0.148      0.083      1.772      0.076      0.012
    M2AADV             0.072      0.062      1.160      0.246      0.013
    PR                 0.212      0.093      2.292      0.022      0.171
    SR                -0.011      0.087     -0.124      0.902      0.255
    LIFESTRESS         0.005      0.026      0.199      0.842      0.005
    POSAFF            -0.003      0.080     -0.041      0.967      0.139

 P4MAJORCON ON
    SEX                0.110      0.067      1.652      0.099      0.086
    B1PAGE_M2          0.326      0.028     11.772      0.000      0.070
    M1CHADV           -0.048      0.046     -1.045      0.296      0.045
    M2AADV            -0.070      0.036     -1.931      0.053      0.049
    PR                -0.024      0.055     -0.441      0.659      0.363
    SR                 0.024      0.052      0.453      0.650      0.436
    LIFESTRESS         0.025      0.014      1.750      0.080      0.037
    POSAFF            -0.029      0.046     -0.636      0.525      0.182
    F                  0.255      0.037      6.843      0.000      0.244
    SMOKE             -0.002      0.049     -0.033      0.973      0.014
    PHYSACT           -0.083      0.029     -2.880      0.004      0.050

 PR       WITH
    SR                 0.544      0.042     12.843      0.000      0.423

 Means
    DSESXPR            0.242      0.043      5.568      0.000      0.109

 Intercepts
    PR                 0.186      0.073      2.547      0.011      0.119
    SR                 0.165      0.081      2.026      0.043      0.304
    POSAFF             0.107      0.061      1.742      0.081      0.192
    F                  0.102      0.097      1.049      0.294      0.388
    LIFESTRESS         1.257      0.031     40.155      0.000      0.000
    P4MAJORCON        -0.083      0.086     -0.971      0.332      0.045

 Thresholds
    SMOKE$1            0.703      0.138      5.099      0.000      0.004
    SMOKE$2            2.684      0.174     15.439      0.000      0.005
    PHYSACT$1         -1.407      0.139    -10.117      0.000      0.002
    PHYSACT$2         -0.189      0.134     -1.412      0.158      0.003
    PHYSACT$3          1.050      0.140      7.522      0.000      0.003

 Variances
    DSESXPR            1.704      0.178      9.585      0.000      0.209

 Residual Variances
    PR                 0.897      0.049     18.133      0.000      0.329
    SR                 0.910      0.052     17.463      0.000      0.431
    POSAFF             0.610      0.040     15.261      0.000      0.268
    F                  0.819      0.051     16.075      0.000      0.530


STANDARDIZED MODEL RESULTS

     STANDARDIZED COEFFICIENTS WERE NOT COMPUTED.  CHECK TECH9 OUTPUT FOR
     ERRORS RELATED TO THE COMPUTATION OF STANDARDIZED COEFFICIENTS.


R-SQUARE

     R-SQUARE OUTPUT IS NOT AVAILABLE.  CHECK TECH9 OUTPUT FOR
     ERRORS RELATED TO THE COMPUTATION OF STANDARDIZED COEFFICIENTS.


QUALITY OF NUMERICAL RESULTS

     Average Condition Number for the Information Matrix      0.183E-04
       (ratio of smallest to largest eigenvalue)


TECHNICAL 1 OUTPUT


     PARAMETER SPECIFICATION


           TAU
              SMOKE$1       SMOKE$2       PHYSACT$      PHYSACT$      PHYSACT$
              ________      ________      ________      ________      ________
 1                 72            73            74            75            76


           NU
              LIFESTRE      LIFESTRE      P4MAJORC      P4MAJORC      SMOKE
              ________      ________      ________      ________      ________
 1                  0             0             0             0             0


           NU
              PHYSACT       PR            SR            POSAFF        F
              ________      ________      ________      ________      ________
 1                  0             0             0             0             0


           NU
              DSESXPR       M1CHADV       M2AADV        SEX           B1PAGE_M
              ________      ________      ________      ________      ________
 1                  1             0             0             0             0


           LAMBDA
              LIFESTRE      LIFESTRE      P4MAJORC      P4MAJORC      SMOKE
              ________      ________      ________      ________      ________
 LIFESTRE           0             0             0             0             0
 LIFESTRE           0             0             0             0             0
 P4MAJORC           0             0             0             0             0
 P4MAJORC           0             0             0             0             0
 SMOKE              0             0             0             0             0
 PHYSACT            0             0             0             0             0
 PR                 0             0             0             0             0
 SR                 0             0             0             0             0
 POSAFF             0             0             0             0             0
 F                  0             0             0             0             0
 DSESXPR            0             0             0             0             0
 M1CHADV            0             0             0             0             0
 M2AADV             0             0             0             0             0
 SEX                0             0             0             0             0
 B1PAGE_M           0             0             0             0             0


           LAMBDA
              PHYSACT       PR            SR            POSAFF        F
              ________      ________      ________      ________      ________
 LIFESTRE           0             0             0             0             0
 LIFESTRE           0             0             0             0             0
 P4MAJORC           0             0             0             0             0
 P4MAJORC           0             0             0             0             0
 SMOKE              0             0             0             0             0
 PHYSACT            0             0             0             0             0
 PR                 0             0             0             0             0
 SR                 0             0             0             0             0
 POSAFF             0             0             0             0             0
 F                  0             0             0             0             0
 DSESXPR            0             0             0             0             0
 M1CHADV            0             0             0             0             0
 M2AADV             0             0             0             0             0
 SEX                0             0             0             0             0
 B1PAGE_M           0             0             0             0             0


           LAMBDA
              M1CHADV       M2AADV        SEX           B1PAGE_M
              ________      ________      ________      ________
 LIFESTRE           0             0             0             0
 LIFESTRE           0             0             0             0
 P4MAJORC           0             0             0             0
 P4MAJORC           0             0             0             0
 SMOKE              0             0             0             0
 PHYSACT            0             0             0             0
 PR                 0             0             0             0
 SR                 0             0             0             0
 POSAFF             0             0             0             0
 F                  0             0             0             0
 DSESXPR            0             0             0             0
 M1CHADV            0             0             0             0
 M2AADV             0             0             0             0
 SEX                0             0             0             0
 B1PAGE_M           0             0             0             0


           THETA
              LIFESTRE      LIFESTRE      P4MAJORC      P4MAJORC      SMOKE
              ________      ________      ________      ________      ________
 LIFESTRE           0
 LIFESTRE           0             0
 P4MAJORC           0             0             0
 P4MAJORC           0             0             0             0
 SMOKE              0             0             0             0             0
 PHYSACT            0             0             0             0             0
 PR                 0             0             0             0             0
 SR                 0             0             0             0             0
 POSAFF             0             0             0             0             0
 F                  0             0             0             0             0
 DSESXPR            0             0             0             0             0
 M1CHADV            0             0             0             0             0
 M2AADV             0             0             0             0             0
 SEX                0             0             0             0             0
 B1PAGE_M           0             0             0             0             0


           THETA
              PHYSACT       PR            SR            POSAFF        F
              ________      ________      ________      ________      ________
 PHYSACT            0
 PR                 0             0
 SR                 0             0             0
 POSAFF             0             0             0             0
 F                  0             0             0             0             0
 DSESXPR            0             0             0             0             0
 M1CHADV            0             0             0             0             0
 M2AADV             0             0             0             0             0
 SEX                0             0             0             0             0
 B1PAGE_M           0             0             0             0             0


           THETA
              DSESXPR       M1CHADV       M2AADV        SEX           B1PAGE_M
              ________      ________      ________      ________      ________
 DSESXPR            2
 M1CHADV            0             0
 M2AADV             0             0             0
 SEX                0             0             0             0
 B1PAGE_M           0             0             0             0             0


           ALPHA
              LIFESTRE      LIFESTRE      P4MAJORC      P4MAJORC      SMOKE
              ________      ________      ________      ________      ________
 1                  0             3             0             4             0


           ALPHA
              PHYSACT       PR            SR            POSAFF        F
              ________      ________      ________      ________      ________
 1                  0             5             6             7             8


           ALPHA
              M1CHADV       M2AADV        SEX           B1PAGE_M
              ________      ________      ________      ________
 1                  0             0             0             0


           BETA
              LIFESTRE      LIFESTRE      P4MAJORC      P4MAJORC      SMOKE
              ________      ________      ________      ________      ________
 LIFESTRE           0             0             0             0             0
 LIFESTRE           0             0             0             0             0
 P4MAJORC           0             0             0             0             0
 P4MAJORC           0            13             0             0            14
 SMOKE              0            24             0             0             0
 PHYSACT            0            32             0             0             0
 PR                 0            40             0             0             0
 SR                 0            45             0             0             0
 POSAFF             0            50             0             0             0
 F                  0            57             0             0            58
 M1CHADV            0             0             0             0             0
 M2AADV             0             0             0             0             0
 SEX                0             0             0             0             0
 B1PAGE_M           0             0             0             0             0


           BETA
              PHYSACT       PR            SR            POSAFF        F
              ________      ________      ________      ________      ________
 LIFESTRE           0             0             0             0             0
 LIFESTRE           0             0             0             0             0
 P4MAJORC           0             0             0             0             0
 P4MAJORC          15            16            17            18            19
 SMOKE              0            25            26            27             0
 PHYSACT            0            33            34            35             0
 PR                 0             0             0             0             0
 SR                 0             0             0             0             0
 POSAFF             0            51            52             0             0
 F                 59            60            61            62             0
 M1CHADV            0             0             0             0             0
 M2AADV             0             0             0             0             0
 SEX                0             0             0             0             0
 B1PAGE_M           0             0             0             0             0


           BETA
              M1CHADV       M2AADV        SEX           B1PAGE_M
              ________      ________      ________      ________
 LIFESTRE           0             0             0             0
 LIFESTRE           9            10            11            12
 P4MAJORC           0             0             0             0
 P4MAJORC          20            21            22            23
 SMOKE             28            29            30            31
 PHYSACT           36            37            38            39
 PR                41            42            43            44
 SR                46            47            48            49
 POSAFF            53            54            55            56
 F                 63            64            65            66
 M1CHADV            0             0             0             0
 M2AADV             0             0             0             0
 SEX                0             0             0             0
 B1PAGE_M           0             0             0             0


           PSI
              LIFESTRE      LIFESTRE      P4MAJORC      P4MAJORC      SMOKE
              ________      ________      ________      ________      ________
 LIFESTRE           0
 LIFESTRE           0             0
 P4MAJORC           0             0             0
 P4MAJORC           0             0             0             0
 SMOKE              0             0             0             0             0
 PHYSACT            0             0             0             0             0
 PR                 0             0             0             0             0
 SR                 0             0             0             0             0
 POSAFF             0             0             0             0             0
 F                  0             0             0             0             0
 M1CHADV            0             0             0             0             0
 M2AADV             0             0             0             0             0
 SEX                0             0             0             0             0
 B1PAGE_M           0             0             0             0             0


           PSI
              PHYSACT       PR            SR            POSAFF        F
              ________      ________      ________      ________      ________
 PHYSACT            0
 PR                 0            67
 SR                 0            68            69
 POSAFF             0             0             0            70
 F                  0             0             0             0            71
 M1CHADV            0             0             0             0             0
 M2AADV             0             0             0             0             0
 SEX                0             0             0             0             0
 B1PAGE_M           0             0             0             0             0


           PSI
              M1CHADV       M2AADV        SEX           B1PAGE_M
              ________      ________      ________      ________
 M1CHADV            0
 M2AADV             0             0
 SEX                0             0             0
 B1PAGE_M           0             0             0             0


     STARTING VALUES


           TAU
              SMOKE$1       SMOKE$2       PHYSACT$      PHYSACT$      PHYSACT$
              ________      ________      ________      ________      ________
 1              0.214         2.048        -1.294        -0.103         1.111


           NU
              LIFESTRE      LIFESTRE      P4MAJORC      P4MAJORC      SMOKE
              ________      ________      ________      ________      ________
 1              0.000         0.000         0.000         0.000         0.000


           NU
              PHYSACT       PR            SR            POSAFF        F
              ________      ________      ________      ________      ________
 1              0.000         0.000         0.000         0.000         0.000


           NU
              DSESXPR       M1CHADV       M2AADV        SEX           B1PAGE_M
              ________      ________      ________      ________      ________
 1              0.260         0.000         0.000         0.000         0.000


           LAMBDA
              LIFESTRE      LIFESTRE      P4MAJORC      P4MAJORC      SMOKE
              ________      ________      ________      ________      ________
 LIFESTRE       1.000         0.000         0.000         0.000         0.000
 LIFESTRE       0.000         1.000         0.000         0.000         0.000
 P4MAJORC       0.000         0.000         1.000         0.000         0.000
 P4MAJORC       0.000         0.000         0.000         1.000         0.000
 SMOKE          0.000         0.000         0.000         0.000         1.000
 PHYSACT        0.000         0.000         0.000         0.000         0.000
 PR             0.000         0.000         0.000         0.000         0.000
 SR             0.000         0.000         0.000         0.000         0.000
 POSAFF         0.000         0.000         0.000         0.000         0.000
 F              0.000         0.000         0.000         0.000         0.000
 DSESXPR        0.000         0.000         0.000         0.000         0.000
 M1CHADV        0.000         0.000         0.000         0.000         0.000
 M2AADV         0.000         0.000         0.000         0.000         0.000
 SEX            0.000         0.000         0.000         0.000         0.000
 B1PAGE_M       0.000         0.000         0.000         0.000         0.000


           LAMBDA
              PHYSACT       PR            SR            POSAFF        F
              ________      ________      ________      ________      ________
 LIFESTRE       0.000         0.000         0.000         0.000         0.000
 LIFESTRE       0.000         0.000         0.000         0.000         0.000
 P4MAJORC       0.000         0.000         0.000         0.000         0.000
 P4MAJORC       0.000         0.000         0.000         0.000         0.000
 SMOKE          0.000         0.000         0.000         0.000         0.000
 PHYSACT        1.000         0.000         0.000         0.000         0.000
 PR             0.000         1.000         0.000         0.000         0.000
 SR             0.000         0.000         1.000         0.000         0.000
 POSAFF         0.000         0.000         0.000         1.000         0.000
 F              0.000         0.000         0.000         0.000         1.000
 DSESXPR        0.000         0.000         0.000         0.000         0.000
 M1CHADV        0.000         0.000         0.000         0.000         0.000
 M2AADV         0.000         0.000         0.000         0.000         0.000
 SEX            0.000         0.000         0.000         0.000         0.000
 B1PAGE_M       0.000         0.000         0.000         0.000         0.000


           LAMBDA
              M1CHADV       M2AADV        SEX           B1PAGE_M
              ________      ________      ________      ________
 LIFESTRE       0.000         0.000         0.000         0.000
 LIFESTRE       0.000         0.000         0.000         0.000
 P4MAJORC       0.000         0.000         0.000         0.000
 P4MAJORC       0.000         0.000         0.000         0.000
 SMOKE          0.000         0.000         0.000         0.000
 PHYSACT        0.000         0.000         0.000         0.000
 PR             0.000         0.000         0.000         0.000
 SR             0.000         0.000         0.000         0.000
 POSAFF         0.000         0.000         0.000         0.000
 F              0.000         0.000         0.000         0.000
 DSESXPR        0.000         0.000         0.000         0.000
 M1CHADV        1.000         0.000         0.000         0.000
 M2AADV         0.000         1.000         0.000         0.000
 SEX            0.000         0.000         1.000         0.000
 B1PAGE_M       0.000         0.000         0.000         1.000


           THETA
              LIFESTRE      LIFESTRE      P4MAJORC      P4MAJORC      SMOKE
              ________      ________      ________      ________      ________
 LIFESTRE       0.000
 LIFESTRE       0.000         0.000
 P4MAJORC       0.000         0.000         0.000
 P4MAJORC       0.000         0.000         0.000         0.000
 SMOKE          0.000         0.000         0.000         0.000         0.000
 PHYSACT        0.000         0.000         0.000         0.000         0.000
 PR             0.000         0.000         0.000         0.000         0.000
 SR             0.000         0.000         0.000         0.000         0.000
 POSAFF         0.000         0.000         0.000         0.000         0.000
 F              0.000         0.000         0.000         0.000         0.000
 DSESXPR        0.000         0.000         0.000         0.000         0.000
 M1CHADV        0.000         0.000         0.000         0.000         0.000
 M2AADV         0.000         0.000         0.000         0.000         0.000
 SEX            0.000         0.000         0.000         0.000         0.000
 B1PAGE_M       0.000         0.000         0.000         0.000         0.000


           THETA
              PHYSACT       PR            SR            POSAFF        F
              ________      ________      ________      ________      ________
 PHYSACT        0.000
 PR             0.000         0.000
 SR             0.000         0.000         0.000
 POSAFF         0.000         0.000         0.000         0.000
 F              0.000         0.000         0.000         0.000         0.000
 DSESXPR        0.000         0.000         0.000         0.000         0.000
 M1CHADV        0.000         0.000         0.000         0.000         0.000
 M2AADV         0.000         0.000         0.000         0.000         0.000
 SEX            0.000         0.000         0.000         0.000         0.000
 B1PAGE_M       0.000         0.000         0.000         0.000         0.000


           THETA
              DSESXPR       M1CHADV       M2AADV        SEX           B1PAGE_M
              ________      ________      ________      ________      ________
 DSESXPR        0.912
 M1CHADV        0.000         0.000
 M2AADV         0.000         0.000         0.000
 SEX            0.000         0.000         0.000         0.000
 B1PAGE_M       0.000         0.000         0.000         0.000         0.000


           ALPHA
              LIFESTRE      LIFESTRE      P4MAJORC      P4MAJORC      SMOKE
              ________      ________      ________      ________      ________
 1            -20.000         1.416       -20.000         0.256         0.000


           ALPHA
              PHYSACT       PR            SR            POSAFF        F
              ________      ________      ________      ________      ________
 1              0.000         0.075         0.016         0.043        -0.109


           ALPHA
              M1CHADV       M2AADV        SEX           B1PAGE_M
              ________      ________      ________      ________
 1              0.000         0.000         0.000         0.000


           BETA
              LIFESTRE      LIFESTRE      P4MAJORC      P4MAJORC      SMOKE
              ________      ________      ________      ________      ________
 LIFESTRE       0.000         0.000         0.000         0.000         0.000
 LIFESTRE       0.000         0.000         0.000         0.000         0.000
 P4MAJORC       0.000         0.000         0.000         0.000         0.000
 P4MAJORC       0.000         0.000         0.000         0.000         0.000
 SMOKE          0.000         0.000         0.000         0.000         0.000
 PHYSACT        0.000         0.000         0.000         0.000         0.000
 PR             0.000         0.000         0.000         0.000         0.000
 SR             0.000         0.000         0.000         0.000         0.000
 POSAFF         0.000         0.000         0.000         0.000         0.000
 F              0.000         0.000         0.000         0.000         0.000
 M1CHADV        0.000         0.000         0.000         0.000         0.000
 M2AADV         0.000         0.000         0.000         0.000         0.000
 SEX            0.000         0.000         0.000         0.000         0.000
 B1PAGE_M       0.000         0.000         0.000         0.000         0.000


           BETA
              PHYSACT       PR            SR            POSAFF        F
              ________      ________      ________      ________      ________
 LIFESTRE       0.000         0.000         0.000         0.000         0.000
 LIFESTRE       0.000         0.000         0.000         0.000         0.000
 P4MAJORC       0.000         0.000         0.000         0.000         0.000
 P4MAJORC       0.000         0.000         0.000         0.000         0.000
 SMOKE          0.000         0.000         0.000         0.000         0.000
 PHYSACT        0.000         0.000         0.000         0.000         0.000
 PR             0.000         0.000         0.000         0.000         0.000
 SR             0.000         0.000         0.000         0.000         0.000
 POSAFF         0.000         0.000         0.000         0.000         0.000
 F              0.000         0.000         0.000         0.000         0.000
 M1CHADV        0.000         0.000         0.000         0.000         0.000
 M2AADV         0.000         0.000         0.000         0.000         0.000
 SEX            0.000         0.000         0.000         0.000         0.000
 B1PAGE_M       0.000         0.000         0.000         0.000         0.000


           BETA
              M1CHADV       M2AADV        SEX           B1PAGE_M
              ________      ________      ________      ________
 LIFESTRE       0.000         0.000         0.000         0.000
 LIFESTRE       0.000         0.000         0.000         0.000
 P4MAJORC       0.000         0.000         0.000         0.000
 P4MAJORC       0.000         0.000         0.000         0.000
 SMOKE          0.000         0.000         0.000         0.000
 PHYSACT        0.000         0.000         0.000         0.000
 PR             0.000         0.000         0.000         0.000
 SR             0.000         0.000         0.000         0.000
 POSAFF         0.000         0.000         0.000         0.000
 F              0.000         0.000         0.000         0.000
 M1CHADV        0.000         0.000         0.000         0.000
 M2AADV         0.000         0.000         0.000         0.000
 SEX            0.000         0.000         0.000         0.000
 B1PAGE_M       0.000         0.000         0.000         0.000


           PSI
              LIFESTRE      LIFESTRE      P4MAJORC      P4MAJORC      SMOKE
              ________      ________      ________      ________      ________
 LIFESTRE       0.000
 LIFESTRE       0.000         0.000
 P4MAJORC       0.000         0.000         0.000
 P4MAJORC       0.000         0.000         0.000         0.000
 SMOKE          0.000         0.000         0.000         0.000         1.000
 PHYSACT        0.000         0.000         0.000         0.000         0.000
 PR             0.000         0.000         0.000         0.000         0.000
 SR             0.000         0.000         0.000         0.000         0.000
 POSAFF         0.000         0.000         0.000         0.000         0.000
 F              0.000         0.000         0.000         0.000         0.000
 M1CHADV        0.000         0.000         0.000         0.000         0.000
 M2AADV         0.000         0.000         0.000         0.000         0.000
 SEX            0.000         0.000         0.000         0.000         0.000
 B1PAGE_M       0.000         0.000         0.000         0.000         0.000


           PSI
              PHYSACT       PR            SR            POSAFF        F
              ________      ________      ________      ________      ________
 PHYSACT        1.000
 PR             0.000         0.516
 SR             0.000         0.000         0.503
 POSAFF         0.000         0.000         0.000         0.500
 F              0.000         0.000         0.000         0.000         0.477
 M1CHADV        0.000         0.000         0.000         0.000         0.000
 M2AADV         0.000         0.000         0.000         0.000         0.000
 SEX            0.000         0.000         0.000         0.000         0.000
 B1PAGE_M       0.000         0.000         0.000         0.000         0.000


           PSI
              M1CHADV       M2AADV        SEX           B1PAGE_M
              ________      ________      ________      ________
 M1CHADV        0.500
 M2AADV         0.000         0.815
 SEX            0.000         0.000         0.124
 B1PAGE_M       0.000         0.000         0.000         0.692


DIAGRAM INFORMATION

  Use View Diagram under the Diagram menu in the Mplus Editor to view the diagram.
  If running Mplus from the Mplus Diagrammer, the diagram opens automatically.

  Diagram output
    c:\users\joshua\documents\research\midus\jw-midus-al\psr_al_final_imputed\psr_al_final3_posaffon

     Beginning Time:  21:17:20
        Ending Time:  21:17:26
       Elapsed Time:  00:00:06



MUTHEN & MUTHEN
3463 Stoner Ave.
Los Angeles, CA  90066

Tel: (310) 391-9971
Fax: (310) 391-8971
Web: www.StatModel.com
Support: Support@StatModel.com

Copyright (c) 1998-2014 Muthen & Muthen
