Mplus VERSION 7.3
MUTHEN & MUTHEN
02/05/2015   9:48 AM

INPUT INSTRUCTIONS

  TITLE:
  PSR AL Model
  DATA:
  FILE = implist.dat;
  TYPE = IMPUTATION;

  VARIABLE:
    NAMES = M2ID Imputation MASTERY CONSTRAINT SELFESTEEM OPTIMISM PESSIMISM
  FAMILYSUPT FRIENDSUPT SPOUSESUPT PR SR bisym bihpa bicard bigluc
  bilipid biinfl bipara F NegAff PosAff m2famnum b1page_m2 sex
  m1chadv m2aadv LifeStress Smoke PhysAct p4majorconditions
  p4minorconditions p4sumburden;

  MISSING=.;

    USEVARIABLES =
      m1chadv m2aadv !PR
      SR LifeStress
      sex b1page_m2
      NegAff PosAff
      F Smoke PhysAct
      p4majorconditions
      !SESxPR SESxSR
      !dSESxPR
      !dSESxSR
      !StressxPR StressxSR;
      !SexxPR SexxSR
      ;

    IDVARIABLE = M2ID;
    CLUSTER = m2famnum;
    COUNT = LifeStress p4majorconditions;
    CATEGORICAL = Smoke PhysAct;
    DEFINE:
    !SESxPR = m1chadv * PR;
    !SESxSR = m1chadv * SR;
    !dSESxPR = m2aadv * PR;
    !dSESxSR = m2aadv * SR;

    !StressxPR = LifeStress * PR;
    !StressxSR = LifeStress * SR;
    !SexxPR = Sex * PR;
    !SexxSR = Sex * SR;

  ANALYSIS:
    TYPE = COMPLEX;
    Estimator = ML;
    PROCESSORS = 10;

  MODEL:
    ! Step 1
    LifeStress ON
      sex b1page_m2 m1chadv m2aadv
      ;

    SR ON
      sex b1page_m2
      m1chadv m2aadv
      LifeStress;

    ! Step 2
    PosAff ON
      sex b1page_m2 m1chadv m2aadv
      SR
      LifeStress
      !SESxPR SESxSR
      !dSESxPR dSESxSR
      !StressxPR (int0a)
      !StressxSR (int0b)
      !SexxPR SexxSR
      ;
    NegAff ON
      sex b1page_m2 m1chadv
      m2aadv (nases)
      SR
      LifeStress
      !SESxPR SESxSR
      !dSESxPR (nasxpr)
      !dSESxSR
      !StressxPR (int1a)
      !StressxSR (int1b)
      !SexxPR SexxSR
      ;
     PosAff WITH NegAff*;

    ! Step 3
      F ON
      sex b1page_m2 m1chadv m2aadv
      SR
      LifeStress
      PosAff NegAff
      !SESxPR SESxSR
      !dSESxPR dSESxSR
      !StressxPR (int2a)
      !StressxSR (int2b)
      !SexxPR SexxSR
      Smoke
      PhysAct (fphys);

      Smoke ON
      sex b1page_m2 m1chadv m2aadv
      SR
      LifeStress
      PosAff NegAff
      !SESxPR SESxSR
      !dSESxPR dSESxSR
      !StressxPR (int3a)
      !StressxSR (int3b)
      !SexxPR SexxSR
      ;

      PhysAct ON
      sex b1page_m2 m1chadv m2aadv
      !PR (physpr)
      SR
      LifeStress
      PosAff NegAff
      !SESxPR SESxSR
      !dSESxPR dSESxSR
      !StressxPR (int4a)
      !StressxSR (int4b)
      !SexxPR SexxSR
      ;

      !PhysAct WITH Smoke*;

      ! Step 4

      p4majorconditions ON
      sex b1page_m2 m1chadv m2aadv
      SR
      LifeStress
      PosAff
      NegAff (cna)
      !SESxPR SESxSR
      !dSESxPR dSESxSR
      !StressxPR (int5a)
      !StressxSR (int5b)
      !SexxPR SexxSR
      F Smoke PhysAct;

  !MODEL CONSTRAINT:
  !  new(indf1 indc1l indc1m indc1h);
  !  indf1 = physpr * fphys;
  !  indc1l = (napr - 1.277168 * nasxpr) * cna;
  !  indc1m = (napr + 0 * nasxpr) * cna;
  !  indc1h = (napr + 1.277168 * nasxpr) * cna;


  !MODEL TEST:
    !int1a = 0;
    !int1b = 0;
    !int2a = 0;
    !int2b = 0;
    !int3a = 0;
    !int3b = 0;
    !int4a = 0;
    !int4b = 0;
    !int5a = 0;
    !int5b = 0;

  OUTPUT:
    STDYX;
    CINTERVAL;



*** WARNING in ANALYSIS command
  Use ESTIMATOR=MLR instead of ESTIMATOR=ML for TYPE=COMPLEX.
  Default estimator will be used.
*** WARNING in VARIABLE command
  Note that only the first 8 characters of variable names are used in the output.
  Shorten variable names to avoid any confusion.
*** WARNING in OUTPUT command
  CINTERVAL option is not available with multiple imputation.
  Request for CINTERVAL is ignored.
   3 WARNING(S) FOUND IN THE INPUT INSTRUCTIONS




PSR AL Model

SUMMARY OF ANALYSIS

Number of groups                                                 1
Average number of observations                                1050

Number of replications
    Requested                                                   50
    Completed                                                   50

Number of dependent variables                                    8
Number of independent variables                                  4
Number of continuous latent variables                            0

Observed dependent variables

  Continuous
   SR          NEGAFF      POSAFF      F

  Binary and ordered categorical (ordinal)
   SMOKE       PHYSACT

  Count
   LIFESTRE    P4MAJORC

Observed independent variables
   M1CHADV     M2AADV      SEX         B1PAGE_M

Variables with special functions

  Cluster variable      M2FAMNUM
  ID variable           M2ID

Estimator                                                      MLR
Information matrix                                        OBSERVED
Optimization Specifications for the Quasi-Newton Algorithm for
Continuous Outcomes
  Maximum number of iterations                                 100
  Convergence criterion                                  0.100D-05
Optimization Specifications for the EM Algorithm
  Maximum number of iterations                                 500
  Convergence criteria
    Loglikelihood change                                 0.100D-02
    Relative loglikelihood change                        0.100D-05
    Derivative                                           0.100D-02
Optimization Specifications for the M step of the EM Algorithm for
Categorical Latent variables
  Number of M step iterations                                    1
  M step convergence criterion                           0.100D-02
  Basis for M step termination                           ITERATION
Optimization Specifications for the M step of the EM Algorithm for
Censored, Binary or Ordered Categorical (Ordinal), Unordered
Categorical (Nominal) and Count Outcomes
  Number of M step iterations                                    1
  M step convergence criterion                           0.100D-02
  Basis for M step termination                           ITERATION
  Maximum value for logit thresholds                            15
  Minimum value for logit thresholds                           -15
  Minimum expected cell size for chi-square              0.100D-01
Maximum number of iterations for H1                           2000
Convergence criterion for H1                             0.100D-03
Optimization algorithm                                         EMA
Integration Specifications
  Type                                                    STANDARD
  Number of integration points                                  15
  Dimensions of numerical integration                            0
  Adaptive quadrature                                           ON
Link                                                         LOGIT
Cholesky                                                       OFF

Input data file(s)
  Multiple data files from
    implist.dat
Input data format  FREE


SUMMARY OF DATA FOR THE FIRST DATA SET

     Number of missing data patterns             1
     Number of clusters         894



SUMMARY OF MISSING DATA PATTERNS FOR THE FIRST DATA SET


     MISSING DATA PATTERNS FOR Y (x = not missing)

           1
 SR        x
 NEGAFF    x
 POSAFF    x
 F         x
 M1CHADV   x
 M2AADV    x
 SEX       x
 B1PAGE_M  x


     MISSING DATA PATTERN FREQUENCIES FOR Y

    Pattern   Frequency
          1        1050


COVARIANCE COVERAGE OF DATA FOR THE FIRST DATA SET

Minimum covariance coverage value   0.100


     PROPORTION OF DATA PRESENT FOR Y


           Covariance Coverage
              SR            NEGAFF        POSAFF        F             M1CHADV
              ________      ________      ________      ________      ________
 SR             1.000
 NEGAFF         1.000         1.000
 POSAFF         1.000         1.000         1.000
 F              1.000         1.000         1.000         1.000
 M1CHADV        1.000         1.000         1.000         1.000         1.000
 M2AADV         1.000         1.000         1.000         1.000         1.000
 SEX            1.000         1.000         1.000         1.000         1.000
 B1PAGE_M       1.000         1.000         1.000         1.000         1.000


           Covariance Coverage
              M2AADV        SEX           B1PAGE_M
              ________      ________      ________
 M2AADV         1.000
 SEX            1.000         1.000
 B1PAGE_M       1.000         1.000         1.000


UNIVARIATE PROPORTIONS FOR CATEGORICAL VARIABLES

NOTE:  These are average results over 50 data sets.

    SMOKE
      Category 1    0.553
      Category 2    0.332
      Category 3    0.114
    PHYSACT
      Category 1    0.215
      Category 2    0.259
      Category 3    0.278
      Category 4    0.248


COUNT PROPORTION OF ZERO, MINIMUM AND MAXIMUM VALUES

      LIFESTRE    0.072         0        13
      P4MAJORC    0.411         0         6


SAMPLE STATISTICS

NOTE:  These are average results over 50 data sets.


     SAMPLE STATISTICS


           Means
              SR            NEGAFF        POSAFF        F             M1CHADV
              ________      ________      ________      ________      ________
 1              0.063        -0.032         0.035        -0.111         0.000


           Means
              M2AADV        SEX           B1PAGE_M
              ________      ________      ________
 1              0.000         0.548         0.023


           Covariances
              SR            NEGAFF        POSAFF        F             M1CHADV
              ________      ________      ________      ________      ________
 SR             0.999
 NEGAFF        -0.383         0.974
 POSAFF         0.424        -0.695         0.960
 F             -0.036         0.072        -0.082         0.907
 M1CHADV        0.096        -0.016         0.013        -0.103         0.999
 M2AADV         0.118        -0.230         0.194        -0.025        -0.815
 SEX            0.027         0.039        -0.013        -0.031        -0.011
 B1PAGE_M       0.147        -0.289         0.243         0.045        -0.170


           Covariances
              M2AADV        SEX           B1PAGE_M
              ________      ________      ________
 M2AADV         1.630
 SEX           -0.054         0.248
 B1PAGE_M       0.271        -0.033         1.385


           Correlations
              SR            NEGAFF        POSAFF        F             M1CHADV
              ________      ________      ________      ________      ________
 SR             1.000
 NEGAFF        -0.389         1.000
 POSAFF         0.433        -0.719         1.000
 F             -0.038         0.077        -0.088         1.000
 M1CHADV        0.096        -0.016         0.013        -0.108         1.000
 M2AADV         0.093        -0.183         0.155        -0.021        -0.639
 SEX            0.055         0.080        -0.027        -0.065        -0.023
 B1PAGE_M       0.125        -0.249         0.211         0.040        -0.145


           Correlations
              M2AADV        SEX           B1PAGE_M
              ________      ________      ________
 M2AADV         1.000
 SEX           -0.085         1.000
 B1PAGE_M       0.181        -0.056         1.000




MODEL FIT INFORMATION

Number of Free Parameters                       74

Loglikelihood

    H0 Value

        Mean                            -11184.512
        Std Dev                             40.013
        Number of successful computations       50

             Proportions                   Percentiles
        Expected    Observed         Expected       Observed
           0.990       1.000       -11277.594     -11272.415
           0.980       0.980       -11266.687     -11272.415
           0.950       0.920       -11250.329     -11256.592
           0.900       0.900       -11235.793     -11251.182
           0.800       0.760       -11218.187     -11222.993
           0.700       0.680       -11205.495     -11211.245
           0.500       0.500       -11184.512     -11185.672
           0.300       0.360       -11163.529     -11160.961
           0.200       0.260       -11150.837     -11150.096
           0.100       0.100       -11133.231     -11140.199
           0.050       0.060       -11118.694     -11120.106
           0.020       0.000       -11102.337     -11112.356
           0.010       0.000       -11091.429     -11112.356

Information Criteria

    Akaike (AIC)

        Mean                             22517.024
        Std Dev                             80.026
        Number of successful computations       50

             Proportions                   Percentiles
        Expected    Observed         Expected       Observed
           0.990       1.000        22330.859      22365.018
           0.980       1.000        22352.674      22365.018
           0.950       0.940        22385.389      22372.712
           0.900       0.900        22414.462      22388.212
           0.800       0.740        22449.674      22440.749
           0.700       0.640        22475.058      22456.888
           0.500       0.500        22517.024      22514.264
           0.300       0.320        22558.989      22567.661
           0.200       0.240        22584.374      22591.615
           0.100       0.100        22619.585      22617.205
           0.050       0.080        22648.659      22650.363
           0.020       0.020        22681.373      22661.184
           0.010       0.000        22703.188      22661.184

    Bayesian (BIC)

        Mean                             22883.808
        Std Dev                             80.026
        Number of successful computations       50

             Proportions                   Percentiles
        Expected    Observed         Expected       Observed
           0.990       1.000        22697.643      22731.803
           0.980       1.000        22719.458      22731.803
           0.950       0.940        22752.173      22739.497
           0.900       0.900        22781.246      22754.996
           0.800       0.740        22816.458      22807.533
           0.700       0.640        22841.842      22823.672
           0.500       0.500        22883.808      22881.048
           0.300       0.320        22925.774      22934.445
           0.200       0.240        22951.158      22958.400
           0.100       0.100        22986.369      22983.990
           0.050       0.080        23015.443      23017.148
           0.020       0.020        23048.158      23027.969
           0.010       0.000        23069.973      23027.969

    Sample-Size Adjusted BIC (n* = (n + 2) / 24)

        Mean                             22648.773
        Std Dev                             80.026
        Number of successful computations       50

             Proportions                   Percentiles
        Expected    Observed         Expected       Observed
           0.990       1.000        22462.608      22496.767
           0.980       1.000        22484.423      22496.767
           0.950       0.940        22517.138      22504.461
           0.900       0.900        22546.211      22519.961
           0.800       0.740        22581.423      22572.498
           0.700       0.640        22606.807      22588.637
           0.500       0.500        22648.773      22646.013
           0.300       0.320        22690.738      22699.410
           0.200       0.240        22716.123      22723.365
           0.100       0.100        22751.334      22748.955
           0.050       0.080        22780.408      22782.112
           0.020       0.020        22813.122      22792.934
           0.010       0.000        22834.938      22792.934



MODEL RESULTS

                                                    Two-Tailed   Rate of
                    Estimate       S.E.  Est./S.E.    P-Value    Missing

 LIFESTRESS ON
    SEX               -0.144      0.044     -3.263      0.001      0.000
    B1PAGE_M2          0.019      0.018      1.051      0.293      0.000
    M1CHADV           -0.318      0.026    -12.330      0.000      0.000
    M2AADV            -0.207      0.022     -9.419      0.000      0.000

 SR         ON
    SEX                0.155      0.074      2.093      0.036      0.315
    B1PAGE_M2          0.109      0.030      3.605      0.000      0.236
    M1CHADV            0.220      0.048      4.583      0.000      0.209
    M2AADV             0.163      0.037      4.369      0.000      0.257
    LIFESTRESS        -0.056      0.015     -3.685      0.000      0.241

 POSAFF     ON
    SEX               -0.064      0.060     -1.062      0.288      0.148
    B1PAGE_M2          0.125      0.025      4.982      0.000      0.152
    M1CHADV            0.058      0.040      1.445      0.148      0.136
    M2AADV             0.094      0.032      2.956      0.003      0.122
    SR                 0.377      0.035     10.618      0.000      0.380
    LIFESTRESS        -0.031      0.013     -2.400      0.016      0.121

 NEGAFF     ON
    SEX                0.154      0.062      2.495      0.013      0.198
    B1PAGE_M2         -0.161      0.026     -6.119      0.000      0.175
    M1CHADV           -0.085      0.040     -2.097      0.036      0.150
    M2AADV            -0.122      0.031     -3.913      0.000      0.161
    SR                -0.319      0.035     -9.183      0.000      0.370
    LIFESTRESS         0.049      0.014      3.556      0.000      0.151

 F          ON
    SEX               -0.162      0.088     -1.855      0.064      0.554
    B1PAGE_M2          0.022      0.038      0.573      0.567      0.547
    M1CHADV           -0.134      0.049     -2.739      0.006      0.286
    M2AADV            -0.078      0.036     -2.137      0.033      0.256
    SR                 0.049      0.044      1.119      0.263      0.471
    LIFESTRESS         0.035      0.016      2.244      0.025      0.280
    POSAFF            -0.060      0.053     -1.138      0.255      0.353
    NEGAFF             0.008      0.052      0.151      0.880      0.355
    SMOKE              0.068      0.048      1.410      0.159      0.178
    PHYSACT           -0.178      0.031     -5.759      0.000      0.295

 SMOKE      ON
    SEX               -0.358      0.132     -2.709      0.007      0.007
    B1PAGE_M2          0.087      0.054      1.601      0.109      0.011
    M1CHADV           -0.197      0.091     -2.176      0.030      0.009
    M2AADV            -0.141      0.071     -1.976      0.048      0.007
    SR                 0.132      0.082      1.603      0.109      0.294
    LIFESTRESS         0.192      0.029      6.671      0.000      0.009
    POSAFF            -0.130      0.103     -1.262      0.207      0.222
    NEGAFF             0.117      0.105      1.117      0.264      0.230

 PHYSACT    ON
    SEX               -0.228      0.119     -1.911      0.056      0.006
    B1PAGE_M2         -0.123      0.047     -2.625      0.009      0.008
    M1CHADV            0.178      0.082      2.168      0.030      0.006
    M2AADV             0.101      0.062      1.645      0.100      0.006
    SR                 0.085      0.074      1.147      0.251      0.275
    LIFESTRESS         0.010      0.026      0.372      0.710      0.006
    POSAFF             0.050      0.097      0.513      0.608      0.180
    NEGAFF            -0.038      0.099     -0.386      0.700      0.245

 P4MAJORCON ON
    SEX                0.093      0.067      1.395      0.163      0.089
    B1PAGE_M2          0.335      0.028     12.052      0.000      0.066
    M1CHADV           -0.046      0.045     -1.009      0.313      0.048
    M2AADV            -0.066      0.036     -1.829      0.067      0.045
    SR                 0.021      0.043      0.474      0.635      0.345
    LIFESTRESS         0.022      0.014      1.543      0.123      0.041
    POSAFF             0.032      0.055      0.573      0.567      0.241
    NEGAFF             0.109      0.053      2.065      0.039      0.258
    F                  0.253      0.037      6.819      0.000      0.244
    SMOKE             -0.008      0.049     -0.174      0.862      0.017
    PHYSACT           -0.084      0.028     -2.974      0.003      0.052

 POSAFF   WITH
    NEGAFF            -0.474      0.037    -12.764      0.000      0.365

 Intercepts
    SR                 0.165      0.081      2.026      0.043      0.304
    NEGAFF            -0.259      0.071     -3.672      0.000      0.222
    POSAFF             0.148      0.067      2.215      0.027      0.154
    F                  0.099      0.097      1.018      0.308      0.390
    LIFESTRESS         1.257      0.031     40.155      0.000      0.000
    P4MAJORCON        -0.062      0.085     -0.729      0.466      0.047

 Thresholds
    SMOKE$1            0.677      0.138      4.889      0.000      0.008
    SMOKE$2            2.659      0.174     15.246      0.000      0.006
    PHYSACT$1         -1.399      0.140    -10.001      0.000      0.005
    PHYSACT$2         -0.185      0.135     -1.371      0.170      0.007
    PHYSACT$3          1.049      0.141      7.446      0.000      0.007

 Residual Variances
    SR                 0.910      0.052     17.463      0.000      0.431
    NEGAFF             0.745      0.045     16.436      0.000      0.363
    POSAFF             0.737      0.046     15.877      0.000      0.317
    F                  0.820      0.051     16.162      0.000      0.525


STANDARDIZED MODEL RESULTS

     STANDARDIZED COEFFICIENTS WERE NOT COMPUTED.  CHECK TECH9 OUTPUT FOR
     ERRORS RELATED TO THE COMPUTATION OF STANDARDIZED COEFFICIENTS.


R-SQUARE

     R-SQUARE OUTPUT IS NOT AVAILABLE.  CHECK TECH9 OUTPUT FOR
     ERRORS RELATED TO THE COMPUTATION OF STANDARDIZED COEFFICIENTS.


QUALITY OF NUMERICAL RESULTS

     Average Condition Number for the Information Matrix      0.264E-04
       (ratio of smallest to largest eigenvalue)


TECHNICAL 1 OUTPUT


     PARAMETER SPECIFICATION


           TAU
              SMOKE$1       SMOKE$2       PHYSACT$      PHYSACT$      PHYSACT$
              ________      ________      ________      ________      ________
 1                 70            71            72            73            74


           NU
              LIFESTRE      LIFESTRE      P4MAJORC      P4MAJORC      SMOKE
              ________      ________      ________      ________      ________
 1                  0             0             0             0             0


           NU
              PHYSACT       SR            NEGAFF        POSAFF        F
              ________      ________      ________      ________      ________
 1                  0             0             0             0             0


           NU
              M1CHADV       M2AADV        SEX           B1PAGE_M
              ________      ________      ________      ________
 1                  0             0             0             0


           LAMBDA
              LIFESTRE      LIFESTRE      P4MAJORC      P4MAJORC      SMOKE
              ________      ________      ________      ________      ________
 LIFESTRE           0             0             0             0             0
 LIFESTRE           0             0             0             0             0
 P4MAJORC           0             0             0             0             0
 P4MAJORC           0             0             0             0             0
 SMOKE              0             0             0             0             0
 PHYSACT            0             0             0             0             0
 SR                 0             0             0             0             0
 NEGAFF             0             0             0             0             0
 POSAFF             0             0             0             0             0
 F                  0             0             0             0             0
 M1CHADV            0             0             0             0             0
 M2AADV             0             0             0             0             0
 SEX                0             0             0             0             0
 B1PAGE_M           0             0             0             0             0


           LAMBDA
              PHYSACT       SR            NEGAFF        POSAFF        F
              ________      ________      ________      ________      ________
 LIFESTRE           0             0             0             0             0
 LIFESTRE           0             0             0             0             0
 P4MAJORC           0             0             0             0             0
 P4MAJORC           0             0             0             0             0
 SMOKE              0             0             0             0             0
 PHYSACT            0             0             0             0             0
 SR                 0             0             0             0             0
 NEGAFF             0             0             0             0             0
 POSAFF             0             0             0             0             0
 F                  0             0             0             0             0
 M1CHADV            0             0             0             0             0
 M2AADV             0             0             0             0             0
 SEX                0             0             0             0             0
 B1PAGE_M           0             0             0             0             0


           LAMBDA
              M1CHADV       M2AADV        SEX           B1PAGE_M
              ________      ________      ________      ________
 LIFESTRE           0             0             0             0
 LIFESTRE           0             0             0             0
 P4MAJORC           0             0             0             0
 P4MAJORC           0             0             0             0
 SMOKE              0             0             0             0
 PHYSACT            0             0             0             0
 SR                 0             0             0             0
 NEGAFF             0             0             0             0
 POSAFF             0             0             0             0
 F                  0             0             0             0
 M1CHADV            0             0             0             0
 M2AADV             0             0             0             0
 SEX                0             0             0             0
 B1PAGE_M           0             0             0             0


           THETA
              LIFESTRE      LIFESTRE      P4MAJORC      P4MAJORC      SMOKE
              ________      ________      ________      ________      ________
 LIFESTRE           0
 LIFESTRE           0             0
 P4MAJORC           0             0             0
 P4MAJORC           0             0             0             0
 SMOKE              0             0             0             0             0
 PHYSACT            0             0             0             0             0
 SR                 0             0             0             0             0
 NEGAFF             0             0             0             0             0
 POSAFF             0             0             0             0             0
 F                  0             0             0             0             0
 M1CHADV            0             0             0             0             0
 M2AADV             0             0             0             0             0
 SEX                0             0             0             0             0
 B1PAGE_M           0             0             0             0             0


           THETA
              PHYSACT       SR            NEGAFF        POSAFF        F
              ________      ________      ________      ________      ________
 PHYSACT            0
 SR                 0             0
 NEGAFF             0             0             0
 POSAFF             0             0             0             0
 F                  0             0             0             0             0
 M1CHADV            0             0             0             0             0
 M2AADV             0             0             0             0             0
 SEX                0             0             0             0             0
 B1PAGE_M           0             0             0             0             0


           THETA
              M1CHADV       M2AADV        SEX           B1PAGE_M
              ________      ________      ________      ________
 M1CHADV            0
 M2AADV             0             0
 SEX                0             0             0
 B1PAGE_M           0             0             0             0


           ALPHA
              LIFESTRE      LIFESTRE      P4MAJORC      P4MAJORC      SMOKE
              ________      ________      ________      ________      ________
 1                  0             1             0             2             0


           ALPHA
              PHYSACT       SR            NEGAFF        POSAFF        F
              ________      ________      ________      ________      ________
 1                  0             3             4             5             6


           ALPHA
              M1CHADV       M2AADV        SEX           B1PAGE_M
              ________      ________      ________      ________
 1                  0             0             0             0


           BETA
              LIFESTRE      LIFESTRE      P4MAJORC      P4MAJORC      SMOKE
              ________      ________      ________      ________      ________
 LIFESTRE           0             0             0             0             0
 LIFESTRE           0             0             0             0             0
 P4MAJORC           0             0             0             0             0
 P4MAJORC           0            11             0             0            12
 SMOKE              0            22             0             0             0
 PHYSACT            0            30             0             0             0
 SR                 0            38             0             0             0
 NEGAFF             0            43             0             0             0
 POSAFF             0            49             0             0             0
 F                  0            55             0             0            56
 M1CHADV            0             0             0             0             0
 M2AADV             0             0             0             0             0
 SEX                0             0             0             0             0
 B1PAGE_M           0             0             0             0             0


           BETA
              PHYSACT       SR            NEGAFF        POSAFF        F
              ________      ________      ________      ________      ________
 LIFESTRE           0             0             0             0             0
 LIFESTRE           0             0             0             0             0
 P4MAJORC           0             0             0             0             0
 P4MAJORC          13            14            15            16            17
 SMOKE              0            23            24            25             0
 PHYSACT            0            31            32            33             0
 SR                 0             0             0             0             0
 NEGAFF             0            44             0             0             0
 POSAFF             0            50             0             0             0
 F                 57            58            59            60             0
 M1CHADV            0             0             0             0             0
 M2AADV             0             0             0             0             0
 SEX                0             0             0             0             0
 B1PAGE_M           0             0             0             0             0


           BETA
              M1CHADV       M2AADV        SEX           B1PAGE_M
              ________      ________      ________      ________
 LIFESTRE           0             0             0             0
 LIFESTRE           7             8             9            10
 P4MAJORC           0             0             0             0
 P4MAJORC          18            19            20            21
 SMOKE             26            27            28            29
 PHYSACT           34            35            36            37
 SR                39            40            41            42
 NEGAFF            45            46            47            48
 POSAFF            51            52            53            54
 F                 61            62            63            64
 M1CHADV            0             0             0             0
 M2AADV             0             0             0             0
 SEX                0             0             0             0
 B1PAGE_M           0             0             0             0


           PSI
              LIFESTRE      LIFESTRE      P4MAJORC      P4MAJORC      SMOKE
              ________      ________      ________      ________      ________
 LIFESTRE           0
 LIFESTRE           0             0
 P4MAJORC           0             0             0
 P4MAJORC           0             0             0             0
 SMOKE              0             0             0             0             0
 PHYSACT            0             0             0             0             0
 SR                 0             0             0             0             0
 NEGAFF             0             0             0             0             0
 POSAFF             0             0             0             0             0
 F                  0             0             0             0             0
 M1CHADV            0             0             0             0             0
 M2AADV             0             0             0             0             0
 SEX                0             0             0             0             0
 B1PAGE_M           0             0             0             0             0


           PSI
              PHYSACT       SR            NEGAFF        POSAFF        F
              ________      ________      ________      ________      ________
 PHYSACT            0
 SR                 0            65
 NEGAFF             0             0            66
 POSAFF             0             0            67            68
 F                  0             0             0             0            69
 M1CHADV            0             0             0             0             0
 M2AADV             0             0             0             0             0
 SEX                0             0             0             0             0
 B1PAGE_M           0             0             0             0             0


           PSI
              M1CHADV       M2AADV        SEX           B1PAGE_M
              ________      ________      ________      ________
 M1CHADV            0
 M2AADV             0             0
 SEX                0             0             0
 B1PAGE_M           0             0             0             0


     STARTING VALUES


           TAU
              SMOKE$1       SMOKE$2       PHYSACT$      PHYSACT$      PHYSACT$
              ________      ________      ________      ________      ________
 1              0.214         2.048        -1.294        -0.103         1.111


           NU
              LIFESTRE      LIFESTRE      P4MAJORC      P4MAJORC      SMOKE
              ________      ________      ________      ________      ________
 1              0.000         0.000         0.000         0.000         0.000


           NU
              PHYSACT       SR            NEGAFF        POSAFF        F
              ________      ________      ________      ________      ________
 1              0.000         0.000         0.000         0.000         0.000


           NU
              M1CHADV       M2AADV        SEX           B1PAGE_M
              ________      ________      ________      ________
 1              0.000         0.000         0.000         0.000


           LAMBDA
              LIFESTRE      LIFESTRE      P4MAJORC      P4MAJORC      SMOKE
              ________      ________      ________      ________      ________
 LIFESTRE       1.000         0.000         0.000         0.000         0.000
 LIFESTRE       0.000         1.000         0.000         0.000         0.000
 P4MAJORC       0.000         0.000         1.000         0.000         0.000
 P4MAJORC       0.000         0.000         0.000         1.000         0.000
 SMOKE          0.000         0.000         0.000         0.000         1.000
 PHYSACT        0.000         0.000         0.000         0.000         0.000
 SR             0.000         0.000         0.000         0.000         0.000
 NEGAFF         0.000         0.000         0.000         0.000         0.000
 POSAFF         0.000         0.000         0.000         0.000         0.000
 F              0.000         0.000         0.000         0.000         0.000
 M1CHADV        0.000         0.000         0.000         0.000         0.000
 M2AADV         0.000         0.000         0.000         0.000         0.000
 SEX            0.000         0.000         0.000         0.000         0.000
 B1PAGE_M       0.000         0.000         0.000         0.000         0.000


           LAMBDA
              PHYSACT       SR            NEGAFF        POSAFF        F
              ________      ________      ________      ________      ________
 LIFESTRE       0.000         0.000         0.000         0.000         0.000
 LIFESTRE       0.000         0.000         0.000         0.000         0.000
 P4MAJORC       0.000         0.000         0.000         0.000         0.000
 P4MAJORC       0.000         0.000         0.000         0.000         0.000
 SMOKE          0.000         0.000         0.000         0.000         0.000
 PHYSACT        1.000         0.000         0.000         0.000         0.000
 SR             0.000         1.000         0.000         0.000         0.000
 NEGAFF         0.000         0.000         1.000         0.000         0.000
 POSAFF         0.000         0.000         0.000         1.000         0.000
 F              0.000         0.000         0.000         0.000         1.000
 M1CHADV        0.000         0.000         0.000         0.000         0.000
 M2AADV         0.000         0.000         0.000         0.000         0.000
 SEX            0.000         0.000         0.000         0.000         0.000
 B1PAGE_M       0.000         0.000         0.000         0.000         0.000


           LAMBDA
              M1CHADV       M2AADV        SEX           B1PAGE_M
              ________      ________      ________      ________
 LIFESTRE       0.000         0.000         0.000         0.000
 LIFESTRE       0.000         0.000         0.000         0.000
 P4MAJORC       0.000         0.000         0.000         0.000
 P4MAJORC       0.000         0.000         0.000         0.000
 SMOKE          0.000         0.000         0.000         0.000
 PHYSACT        0.000         0.000         0.000         0.000
 SR             0.000         0.000         0.000         0.000
 NEGAFF         0.000         0.000         0.000         0.000
 POSAFF         0.000         0.000         0.000         0.000
 F              0.000         0.000         0.000         0.000
 M1CHADV        1.000         0.000         0.000         0.000
 M2AADV         0.000         1.000         0.000         0.000
 SEX            0.000         0.000         1.000         0.000
 B1PAGE_M       0.000         0.000         0.000         1.000


           THETA
              LIFESTRE      LIFESTRE      P4MAJORC      P4MAJORC      SMOKE
              ________      ________      ________      ________      ________
 LIFESTRE       0.000
 LIFESTRE       0.000         0.000
 P4MAJORC       0.000         0.000         0.000
 P4MAJORC       0.000         0.000         0.000         0.000
 SMOKE          0.000         0.000         0.000         0.000         0.000
 PHYSACT        0.000         0.000         0.000         0.000         0.000
 SR             0.000         0.000         0.000         0.000         0.000
 NEGAFF         0.000         0.000         0.000         0.000         0.000
 POSAFF         0.000         0.000         0.000         0.000         0.000
 F              0.000         0.000         0.000         0.000         0.000
 M1CHADV        0.000         0.000         0.000         0.000         0.000
 M2AADV         0.000         0.000         0.000         0.000         0.000
 SEX            0.000         0.000         0.000         0.000         0.000
 B1PAGE_M       0.000         0.000         0.000         0.000         0.000


           THETA
              PHYSACT       SR            NEGAFF        POSAFF        F
              ________      ________      ________      ________      ________
 PHYSACT        0.000
 SR             0.000         0.000
 NEGAFF         0.000         0.000         0.000
 POSAFF         0.000         0.000         0.000         0.000
 F              0.000         0.000         0.000         0.000         0.000
 M1CHADV        0.000         0.000         0.000         0.000         0.000
 M2AADV         0.000         0.000         0.000         0.000         0.000
 SEX            0.000         0.000         0.000         0.000         0.000
 B1PAGE_M       0.000         0.000         0.000         0.000         0.000


           THETA
              M1CHADV       M2AADV        SEX           B1PAGE_M
              ________      ________      ________      ________
 M1CHADV        0.000
 M2AADV         0.000         0.000
 SEX            0.000         0.000         0.000
 B1PAGE_M       0.000         0.000         0.000         0.000


           ALPHA
              LIFESTRE      LIFESTRE      P4MAJORC      P4MAJORC      SMOKE
              ________      ________      ________      ________      ________
 1            -20.000         1.416       -20.000         0.256         0.000


           ALPHA
              PHYSACT       SR            NEGAFF        POSAFF        F
              ________      ________      ________      ________      ________
 1              0.000         0.016        -0.031         0.043        -0.109


           ALPHA
              M1CHADV       M2AADV        SEX           B1PAGE_M
              ________      ________      ________      ________
 1              0.000         0.000         0.000         0.000


           BETA
              LIFESTRE      LIFESTRE      P4MAJORC      P4MAJORC      SMOKE
              ________      ________      ________      ________      ________
 LIFESTRE       0.000         0.000         0.000         0.000         0.000
 LIFESTRE       0.000         0.000         0.000         0.000         0.000
 P4MAJORC       0.000         0.000         0.000         0.000         0.000
 P4MAJORC       0.000         0.000         0.000         0.000         0.000
 SMOKE          0.000         0.000         0.000         0.000         0.000
 PHYSACT        0.000         0.000         0.000         0.000         0.000
 SR             0.000         0.000         0.000         0.000         0.000
 NEGAFF         0.000         0.000         0.000         0.000         0.000
 POSAFF         0.000         0.000         0.000         0.000         0.000
 F              0.000         0.000         0.000         0.000         0.000
 M1CHADV        0.000         0.000         0.000         0.000         0.000
 M2AADV         0.000         0.000         0.000         0.000         0.000
 SEX            0.000         0.000         0.000         0.000         0.000
 B1PAGE_M       0.000         0.000         0.000         0.000         0.000


           BETA
              PHYSACT       SR            NEGAFF        POSAFF        F
              ________      ________      ________      ________      ________
 LIFESTRE       0.000         0.000         0.000         0.000         0.000
 LIFESTRE       0.000         0.000         0.000         0.000         0.000
 P4MAJORC       0.000         0.000         0.000         0.000         0.000
 P4MAJORC       0.000         0.000         0.000         0.000         0.000
 SMOKE          0.000         0.000         0.000         0.000         0.000
 PHYSACT        0.000         0.000         0.000         0.000         0.000
 SR             0.000         0.000         0.000         0.000         0.000
 NEGAFF         0.000         0.000         0.000         0.000         0.000
 POSAFF         0.000         0.000         0.000         0.000         0.000
 F              0.000         0.000         0.000         0.000         0.000
 M1CHADV        0.000         0.000         0.000         0.000         0.000
 M2AADV         0.000         0.000         0.000         0.000         0.000
 SEX            0.000         0.000         0.000         0.000         0.000
 B1PAGE_M       0.000         0.000         0.000         0.000         0.000


           BETA
              M1CHADV       M2AADV        SEX           B1PAGE_M
              ________      ________      ________      ________
 LIFESTRE       0.000         0.000         0.000         0.000
 LIFESTRE       0.000         0.000         0.000         0.000
 P4MAJORC       0.000         0.000         0.000         0.000
 P4MAJORC       0.000         0.000         0.000         0.000
 SMOKE          0.000         0.000         0.000         0.000
 PHYSACT        0.000         0.000         0.000         0.000
 SR             0.000         0.000         0.000         0.000
 NEGAFF         0.000         0.000         0.000         0.000
 POSAFF         0.000         0.000         0.000         0.000
 F              0.000         0.000         0.000         0.000
 M1CHADV        0.000         0.000         0.000         0.000
 M2AADV         0.000         0.000         0.000         0.000
 SEX            0.000         0.000         0.000         0.000
 B1PAGE_M       0.000         0.000         0.000         0.000


           PSI
              LIFESTRE      LIFESTRE      P4MAJORC      P4MAJORC      SMOKE
              ________      ________      ________      ________      ________
 LIFESTRE       0.000
 LIFESTRE       0.000         0.000
 P4MAJORC       0.000         0.000         0.000
 P4MAJORC       0.000         0.000         0.000         0.000
 SMOKE          0.000         0.000         0.000         0.000         1.000
 PHYSACT        0.000         0.000         0.000         0.000         0.000
 SR             0.000         0.000         0.000         0.000         0.000
 NEGAFF         0.000         0.000         0.000         0.000         0.000
 POSAFF         0.000         0.000         0.000         0.000         0.000
 F              0.000         0.000         0.000         0.000         0.000
 M1CHADV        0.000         0.000         0.000         0.000         0.000
 M2AADV         0.000         0.000         0.000         0.000         0.000
 SEX            0.000         0.000         0.000         0.000         0.000
 B1PAGE_M       0.000         0.000         0.000         0.000         0.000


           PSI
              PHYSACT       SR            NEGAFF        POSAFF        F
              ________      ________      ________      ________      ________
 PHYSACT        1.000
 SR             0.000         0.503
 NEGAFF         0.000         0.000         0.488
 POSAFF         0.000         0.000         0.000         0.500
 F              0.000         0.000         0.000         0.000         0.477
 M1CHADV        0.000         0.000         0.000         0.000         0.000
 M2AADV         0.000         0.000         0.000         0.000         0.000
 SEX            0.000         0.000         0.000         0.000         0.000
 B1PAGE_M       0.000         0.000         0.000         0.000         0.000


           PSI
              M1CHADV       M2AADV        SEX           B1PAGE_M
              ________      ________      ________      ________
 M1CHADV        0.500
 M2AADV         0.000         0.815
 SEX            0.000         0.000         0.124
 B1PAGE_M       0.000         0.000         0.000         0.692


DIAGRAM INFORMATION

  Use View Diagram under the Diagram menu in the Mplus Editor to view the diagram.
  If running Mplus from the Mplus Diagrammer, the diagram opens automatically.

  Diagram output
    c:\users\joshua wiley\documents\research\midus\jw-midus-al\psr_al_final_imputed\psr_al_final3_sr

     Beginning Time:  09:48:17
        Ending Time:  09:48:33
       Elapsed Time:  00:00:16



MUTHEN & MUTHEN
3463 Stoner Ave.
Los Angeles, CA  90066

Tel: (310) 391-9971
Fax: (310) 391-8971
Web: www.StatModel.com
Support: Support@StatModel.com

Copyright (c) 1998-2014 Muthen & Muthen
