Mplus VERSION 7.3
MUTHEN & MUTHEN
10/10/2015   2:46 PM

INPUT INSTRUCTIONS

  TITLE:
  PSR AL Model
  DATA:
  FILE = "psr_al_final_interactions6.dat";
  TYPE = IMPUTATION;

  VARIABLE:
  NAMES = M2ID m2famnum b1page_m2 b1pgender m1chadv m2aadv LifeStress
       p4majorconditions p4minorconditions p4sumburden Diet ExtremeDiet OverallDiet
       PSQI1 PSQI2 PSQI3 Smoke CurrentSmoke RiskyBehaviors CurrentAlcohol WorstAlcohol
       FreqInt FreqDurInt FreqIntW FreqDurIntW PhysAct B4QCESD B4QMA_D B4QMA_A
       B4QMA_LI B4QMA_AA B4QMA_PA Imputation MASTERY CONSTRAINT SELFESTEEM OPTIMISM
       PESSIMISM FAMILYSUPT FRIENDSUPT SPOUSESUPT PR SR bi_sym bi_hpa bi_card bi_gluc
       bi_lipid bi_infl bi_para F NegAff PosAff PSR CAHeavy CAFrequent CAInfrequent
       CANone dSES Milwaukee;
   MISSING=.;

     USEVARIABLES =
        m1chadv dSES PSR LifeStress
        b1page_m2
        NegAff
        F
        PSQI3 CurrentSmoke RiskyBehaviors
        CANone CAFrequent CAHeavy PhysAct
        OverallDiet
        p4majorconditions
        sex
        !PSRxStress
        PSRxSES PSRxdSES
   !     PSRxSex
        ;

    IDVARIABLE = M2ID;
      CLUSTER = m2famnum;
      COUNT = LifeStress p4majorconditions;
      CATEGORICAL = CANone CAFrequent CAHeavy
         CurrentSmoke PhysAct RiskyBehaviors;
      DEFINE:
      Sex = b1pgender;
      !PSRxStress = LifeStress * PSR;
      PSRxSES = m1chadv * PSR;
      PSRxdSES = dSES * PSR;
  !    PSRxSex = Sex * PSR;


  ANALYSIS:

    TYPE = COMPLEX;
    Estimator = MLR;
    PROCESSORS = 8;
    !MCONVERGENCE  = .000005;
    !H1CONVERGENCE = .000005;
    !LOGCRITERION  = .000005;
    !RLOGCRITERION = .000005;
    !ITERATIONS = 15000;
    !MITERATIONS = 7500;
    !H1ITERATIONS = 15000;
    INTEGRATION = MONTECARLO (500);

  MODEL:

  !  [PSRxStress PSRxSES PSRxdSES PSRxSex];
  !  PSRxStress WITH PSRxSES* PSRxdSES* PSRxSex*;
  !  PSRxSES WITH PSRxdSES* PSRxSex*;
  !  PSRxdSES WITH PSRxSex*;

    [PSRxSES PSRxdSES];
    PSRxSES WITH PSRxdSES*;

    ! Step 1
      LifeStress ON
        sex b1page_m2
        m1chadv (a1a)
        dSES (a1b)
        ;

      PSR ON
        sex b1page_m2
        m1chadv (a2a)
        dSES (a2b)
        ;

      ! Step 2
      NegAff ON
        sex b1page_m2
        m1chadv (a3a)
        dSES (a3b)
        PSR (b3)
        LifeStress (c3)
        !PSRxStress
        PSRxSES (ab3a)
        PSRxdSES (ab3b)
        !PSRxSex
        ;

      ! Step 3
        PSQI3 ON
        sex b1page_m2
        m1chadv (a4a)
        dSES (a4b)
        PSR (b4)
        LifeStress (c4)
        NegAff (d4)
        !PSRxStress
        PSRxSES (ab4a)
        PSRxdSES (ab4b)
        !PSRxSex
        ;

        CurrentSmoke ON
        sex b1page_m2
        m1chadv (a5a)
        dSES (a5b)
        PSR (b5)
        LifeStress (c5)
        NegAff (d5)
        !PSRxStress
        !PSRxSES
        !PSRxdSES
        !PSRxSex
        ;

        RiskyBehaviors ON
        sex b1page_m2
        m1chadv (a6a)
        dSES (a6b)
        PSR (b6)
        LifeStress (c6)
        NegAff (d6)
        !PSRxStress
        !PSRxSES
        !PSRxdSES
        !PSRxSex
        ;

        CANone ON
        sex b1page_m2
        m1chadv (a7a)
        dSES (a7b)
        PSR (b7)
        LifeStress (c7)
        NegAff (d7)
        !PSRxStress
        !PSRxSES
        !PSRxdSES
        !PSRxSex
        ;
        CAFrequent ON
        sex b1page_m2
        m1chadv (a8a)
        dSES (a8b)
        PSR (b8)
        LifeStress (c8)
        NegAff (d8)
        !PSRxStress
        !PSRxSES
        !PSRxdSES
        !PSRxSex
        ;
        CAHeavy ON
        sex b1page_m2
        m1chadv (a9a)
        dSES (a9b)
        PSR (b9)
        LifeStress (c9)
        NegAff (d9)
        !PSRxStress
        !PSRxSES
        !PSRxdSES
        !PSRxSex
        ;


        PhysAct ON
        sex b1page_m2
        m1chadv (a10a)
        dSES (a10b)
        PSR (b10)
        LifeStress (c10)
        NegAff (d10)
        !PSRxStress
        !PSRxSES
        !PSRxdSES
        !PSRxSex
        ;

        ! use OverallDietsq ?
        OverallDiet ON
        sex b1page_m2
        m1chadv (a11a)
        dSES (a11b)
        PSR (b11)
        LifeStress (c11)
        NegAff (d11)
        !PSRxStress
        !PSRxSES
        !PSRxdSES
        !PSRxSex
        ;


      ! Step 4
        F ON
        sex b1page_m2
        m1chadv (a12a)
        dSES (a12b)
        PSR (b12)
        LifeStress (c12)
        NegAff (d12)
        PSQI3 (e12)
        CurrentSmoke (f12)
        RiskyBehaviors (g12)
        CANone (h12)
        CAFrequent (i12)
        CAHeavy (j12)
        PhysAct (k12)
        OverallDiet (l12)
        !PSRxStress
        !PSRxSES
        !PSRxdSES
        !PSRxSex
       ;

        ! Step 5
        p4majorconditions ON
        sex b1page_m2
        m1chadv@0 (a13a)
        dSES (a13b)
        PSR@0 (b13)
        LifeStress@0 (c13)
        NegAff@0 (d13)
        PSQI3@0 (e13)
        CurrentSmoke@0 (f13)
        RiskyBehaviors@0 (g13)
        CANone@0 (h13)
        CAFrequent@0 (i13)
        CAHeavy@0 (j13)
        PhysAct@0 (k13)
        OverallDiet@0 (l13)
        F@0 (m13)
        !PSRxStress
        !PSRxSES
        !PSRxdSES
        !PSRxSex
        ;

       !MODEL CONSTRAINT:
       !  NEW(ind1 tot1 ind2);
       !  ind1 = e12 * m13;
       !  tot1 = ind1 + e13;
       !  ind2 = ind1 * b4;

  OUTPUT:

     CINTERVAL;



*** WARNING in VARIABLE command
  Note that only the first 8 characters of variable names are used in the output.
  Shorten variable names to avoid any confusion.
*** WARNING in OUTPUT command
  CINTERVAL option is not available with multiple imputation.
  Request for CINTERVAL is ignored.
   2 WARNING(S) FOUND IN THE INPUT INSTRUCTIONS




PSR AL Model

SUMMARY OF ANALYSIS

Number of groups                                                 1
Average number of observations                                1253

Number of replications
    Requested                                                   50
    Completed                                                   50

Number of dependent variables                                   13
Number of independent variables                                  6
Number of continuous latent variables                            0

Observed dependent variables

  Continuous
   PSR         NEGAFF      F           PSQI3       OVERALLDIE

  Binary and ordered categorical (ordinal)
   CURRENTS    RISKYBEH    CANONE      CAFREQUE    CAHEAVY     PHYSACT

  Count
   LIFESTRE    P4MAJORC

Observed independent variables
   M1CHADV     DSES        B1PAGE_M    SEX         PSRXSES     PSRXDSES

Variables with special functions

  Cluster variable      M2FAMNUM
  ID variable           M2ID

Estimator                                                      MLR
Information matrix                                        OBSERVED
Optimization Specifications for the Quasi-Newton Algorithm for
Continuous Outcomes
  Maximum number of iterations                                 100
  Convergence criterion                                  0.100D-05
Optimization Specifications for the EM Algorithm
  Maximum number of iterations                                 500
  Convergence criteria
    Loglikelihood change                                 0.100D-02
    Relative loglikelihood change                        0.100D-05
    Derivative                                           0.100D-02
Optimization Specifications for the M step of the EM Algorithm for
Categorical Latent variables
  Number of M step iterations                                    1
  M step convergence criterion                           0.100D-02
  Basis for M step termination                           ITERATION
Optimization Specifications for the M step of the EM Algorithm for
Censored, Binary or Ordered Categorical (Ordinal), Unordered
Categorical (Nominal) and Count Outcomes
  Number of M step iterations                                    1
  M step convergence criterion                           0.100D-02
  Basis for M step termination                           ITERATION
  Maximum value for logit thresholds                            15
  Minimum value for logit thresholds                           -15
  Minimum expected cell size for chi-square              0.100D-01
Maximum number of iterations for H1                           2000
Convergence criterion for H1                             0.100D-03
Optimization algorithm                                         EMA
Integration Specifications
  Type                                                  MONTECARLO
  Number of integration points                                 500
  Dimensions of numerical integration                            4
  Adaptive quadrature                                           ON
  Monte Carlo integration seed                                   0
Link                                                         LOGIT
Cholesky                                                       OFF

Input data file(s)
  Multiple data files from
    psr_al_final_interactions6.dat
Input data format  FREE


SUMMARY OF DATA FOR THE FIRST DATA SET

     Number of missing data patterns             7
     Number of clusters        1096



SUMMARY OF MISSING DATA PATTERNS FOR THE FIRST DATA SET


     MISSING DATA PATTERNS (x = not missing)

           1  2  3  4  5  6  7
 CURRENTS  x  x  x  x  x  x  x
 RISKYBEH  x  x  x  x  x  x  x
 CANONE    x     x  x  x  x  x
 CAFREQUE  x     x  x  x  x  x
 CAHEAVY   x     x  x  x  x  x
 PHYSACT   x  x  x  x  x  x  x
 PSR       x  x  x  x  x  x  x
 NEGAFF    x  x  x  x        x
 F         x  x  x  x  x  x  x
 PSQI3     x  x  x     x  x
 OVERALLD  x  x     x  x
 PSRXSES   x  x  x  x  x  x  x
 PSRXDSES  x  x  x  x  x  x  x
 M1CHADV   x  x  x  x  x  x  x
 DSES      x  x  x  x  x  x  x
 B1PAGE_M  x  x  x  x  x  x  x
 SEX       x  x  x  x  x  x  x


     MISSING DATA PATTERN FREQUENCIES

    Pattern   Frequency     Pattern   Frequency     Pattern   Frequency
          1        1157           4          26           7           1
          2           2           5           2
          3          64           6           1


     MISSING DATA PATTERNS FOR U (x = not missing)

           1  2
 CURRENTS  x  x
 RISKYBEH  x  x
 CANONE    x
 CAFREQUE  x
 CAHEAVY   x
 PHYSACT   x  x


     MISSING DATA PATTERN FREQUENCIES FOR U

    Pattern   Frequency     Pattern   Frequency
          1        1251           2           2


     MISSING DATA PATTERNS FOR Y (x = not missing)

           1  2  3  4  5  6
 PSR       x  x  x  x  x  x
 NEGAFF    x  x  x        x
 F         x  x  x  x  x  x
 PSQI3     x  x     x  x
 OVERALLD  x     x  x
 PSRXSES   x  x  x  x  x  x
 PSRXDSES  x  x  x  x  x  x
 M1CHADV   x  x  x  x  x  x
 DSES      x  x  x  x  x  x
 B1PAGE_M  x  x  x  x  x  x
 SEX       x  x  x  x  x  x


     MISSING DATA PATTERN FREQUENCIES FOR Y

    Pattern   Frequency     Pattern   Frequency     Pattern   Frequency
          1        1159           3          26           5           1
          2          64           4           2           6           1


COVARIANCE COVERAGE OF DATA FOR THE FIRST DATA SET

Minimum covariance coverage value   0.100


     PROPORTION OF DATA PRESENT


           Covariance Coverage
              CURRENTS      RISKYBEH      CANONE        CAFREQUE      CAHEAVY
              ________      ________      ________      ________      ________
 CURRENTS       1.000
 RISKYBEH       1.000         1.000
 CANONE         0.998         0.998         0.998
 CAFREQUE       0.998         0.998         0.998         0.998
 CAHEAVY        0.998         0.998         0.998         0.998         0.998
 PHYSACT        1.000         1.000         0.998         0.998         0.998
 PSR            1.000         1.000         0.998         0.998         0.998
 NEGAFF         0.998         0.998         0.996         0.996         0.996
 F              1.000         1.000         0.998         0.998         0.998
 PSQI3          0.978         0.978         0.977         0.977         0.977
 OVERALLD       0.947         0.947         0.946         0.946         0.946
 PSRXSES        1.000         1.000         0.998         0.998         0.998
 PSRXDSES       1.000         1.000         0.998         0.998         0.998
 M1CHADV        1.000         1.000         0.998         0.998         0.998
 DSES           1.000         1.000         0.998         0.998         0.998
 B1PAGE_M       1.000         1.000         0.998         0.998         0.998
 SEX            1.000         1.000         0.998         0.998         0.998


           Covariance Coverage
              PHYSACT       PSR           NEGAFF        F             PSQI3
              ________      ________      ________      ________      ________
 PHYSACT        1.000
 PSR            1.000         1.000
 NEGAFF         0.998         0.998         0.998
 F              1.000         1.000         0.998         1.000
 PSQI3          0.978         0.978         0.976         0.978         0.978
 OVERALLD       0.947         0.947         0.946         0.947         0.927
 PSRXSES        1.000         1.000         0.998         1.000         0.978
 PSRXDSES       1.000         1.000         0.998         1.000         0.978
 M1CHADV        1.000         1.000         0.998         1.000         0.978
 DSES           1.000         1.000         0.998         1.000         0.978
 B1PAGE_M       1.000         1.000         0.998         1.000         0.978
 SEX            1.000         1.000         0.998         1.000         0.978


           Covariance Coverage
              OVERALLD      PSRXSES       PSRXDSES      M1CHADV       DSES
              ________      ________      ________      ________      ________
 OVERALLD       0.947
 PSRXSES        0.947         1.000
 PSRXDSES       0.947         1.000         1.000
 M1CHADV        0.947         1.000         1.000         1.000
 DSES           0.947         1.000         1.000         1.000         1.000
 B1PAGE_M       0.947         1.000         1.000         1.000         1.000
 SEX            0.947         1.000         1.000         1.000         1.000


           Covariance Coverage
              B1PAGE_M      SEX
              ________      ________
 B1PAGE_M       1.000
 SEX            1.000         1.000


     PROPORTION OF DATA PRESENT FOR U


           Covariance Coverage
              CURRENTS      RISKYBEH      CANONE        CAFREQUE      CAHEAVY
              ________      ________      ________      ________      ________
 CURRENTS       1.000
 RISKYBEH       1.000         1.000
 CANONE         0.998         0.998         0.998
 CAFREQUE       0.998         0.998         0.998         0.998
 CAHEAVY        0.998         0.998         0.998         0.998         0.998
 PHYSACT        1.000         1.000         0.998         0.998         0.998


           Covariance Coverage
              PHYSACT
              ________
 PHYSACT        1.000


     PROPORTION OF DATA PRESENT FOR Y


           Covariance Coverage
              PSR           NEGAFF        F             PSQI3         OVERALLD
              ________      ________      ________      ________      ________
 PSR            1.000
 NEGAFF         0.998         0.998
 F              1.000         0.998         1.000
 PSQI3          0.978         0.976         0.978         0.978
 OVERALLD       0.947         0.946         0.947         0.927         0.947
 PSRXSES        1.000         0.998         1.000         0.978         0.947
 PSRXDSES       1.000         0.998         1.000         0.978         0.947
 M1CHADV        1.000         0.998         1.000         0.978         0.947
 DSES           1.000         0.998         1.000         0.978         0.947
 B1PAGE_M       1.000         0.998         1.000         0.978         0.947
 SEX            1.000         0.998         1.000         0.978         0.947


           Covariance Coverage
              PSRXSES       PSRXDSES      M1CHADV       DSES          B1PAGE_M
              ________      ________      ________      ________      ________
 PSRXSES        1.000
 PSRXDSES       1.000         1.000
 M1CHADV        1.000         1.000         1.000
 DSES           1.000         1.000         1.000         1.000
 B1PAGE_M       1.000         1.000         1.000         1.000         1.000
 SEX            1.000         1.000         1.000         1.000         1.000


           Covariance Coverage
              SEX
              ________
 SEX            1.000


UNIVARIATE PROPORTIONS FOR CATEGORICAL VARIABLES

NOTE:  These are average results over 50 data sets.

    CURRENTS
      Category 1    0.852
      Category 2    0.148
    RISKYBEH
      Category 1    0.933
      Category 2    0.067
    CANONE
      Category 1    0.647
      Category 2    0.353
    CAFREQUE
      Category 1    0.805
      Category 2    0.195
    CAHEAVY
      Category 1    0.949
      Category 2    0.051
    PHYSACT
      Category 1    0.239
      Category 2    0.255
      Category 3    0.259
      Category 4    0.247


COUNT PROPORTION OF ZERO, MINIMUM AND MAXIMUM VALUES

      LIFESTRE    0.065         0        16
      P4MAJORC    0.390         0         6


SAMPLE STATISTICS

NOTE:  These are average results over 50 data sets.


     SAMPLE STATISTICS


           Means
              PSR           NEGAFF        F             PSQI3         OVERALLD
              ________      ________      ________      ________      ________
 1              0.001         0.005        -0.006         5.618         1.106


           Means
              PSRXSES       PSRXDSES      M1CHADV       DSES          B1PAGE_M
              ________      ________      ________      ________      ________
 1              0.138         0.144         0.000         0.001        -0.046


           Means
              SEX
              ________
 1              0.568


           Covariances
              PSR           NEGAFF        F             PSQI3         OVERALLD
              ________      ________      ________      ________      ________
 PSR            0.999
 NEGAFF        -0.473         1.013
 F             -0.056         0.119         0.984
 PSQI3         -0.649         0.982         0.605         9.661
 OVERALLD      -0.105         0.106         0.145         0.323         0.487
 PSRXSES       -0.086         0.094         0.039         0.301         0.028
 PSRXDSES      -0.020         0.050         0.048         0.122        -0.017
 M1CHADV        0.138        -0.077        -0.115        -0.408        -0.059
 DSES           0.144        -0.194        -0.065        -0.300        -0.059
 B1PAGE_M       0.201        -0.278         0.003        -0.225        -0.128
 SEX            0.015         0.037         0.001         0.190        -0.051


           Covariances
              PSRXSES       PSRXDSES      M1CHADV       DSES          B1PAGE_M
              ________      ________      ________      ________      ________
 PSRXSES        1.088
 PSRXDSES      -0.805         1.514
 M1CHADV       -0.116         0.068         0.999
 DSES           0.068        -0.081        -0.769         1.536
 B1PAGE_M      -0.053        -0.005        -0.127         0.285         1.371
 SEX            0.020        -0.003        -0.021        -0.048        -0.027


           Covariances
              SEX
              ________
 SEX            0.245


           Correlations
              PSR           NEGAFF        F             PSQI3         OVERALLD
              ________      ________      ________      ________      ________
 PSR            1.000
 NEGAFF        -0.470         1.000
 F             -0.056         0.119         1.000
 PSQI3         -0.209         0.314         0.196         1.000
 OVERALLD      -0.151         0.151         0.209         0.149         1.000
 PSRXSES       -0.083         0.089         0.037         0.093         0.038
 PSRXDSES      -0.016         0.040         0.039         0.032        -0.020
 M1CHADV        0.138        -0.077        -0.116        -0.131        -0.085
 DSES           0.116        -0.156        -0.053        -0.078        -0.068
 B1PAGE_M       0.172        -0.236         0.003        -0.062        -0.157
 SEX            0.029         0.074         0.002         0.123        -0.148


           Correlations
              PSRXSES       PSRXDSES      M1CHADV       DSES          B1PAGE_M
              ________      ________      ________      ________      ________
 PSRXSES        1.000
 PSRXDSES      -0.627         1.000
 M1CHADV       -0.111         0.055         1.000
 DSES           0.052        -0.053        -0.621         1.000
 B1PAGE_M      -0.044        -0.003        -0.109         0.197         1.000
 SEX            0.038        -0.005        -0.043        -0.078        -0.047


           Correlations
              SEX
              ________
 SEX            1.000




MODEL FIT INFORMATION

Number of Free Parameters                      117

Loglikelihood

    H0 Value

        Mean                            -21255.489
        Std Dev                             42.939
        Number of successful computations       50

             Proportions                   Percentiles
        Expected    Observed         Expected       Observed
           0.990       1.000       -21355.379     -21353.944
           0.980       0.980       -21343.674     -21353.944
           0.950       0.960       -21326.120     -21342.707
           0.900       0.900       -21310.520     -21316.088
           0.800       0.800       -21291.627     -21294.937
           0.700       0.700       -21278.007     -21278.634
           0.500       0.480       -21255.489     -21259.820
           0.300       0.240       -21232.972     -21239.404
           0.200       0.140       -21219.351     -21230.179
           0.100       0.120       -21200.458     -21189.593
           0.050       0.100       -21184.858     -21172.009
           0.020       0.020       -21167.304     -21167.909
           0.010       0.000       -21155.599     -21167.909

Information Criteria

    Akaike (AIC)

        Mean                             42744.978
        Std Dev                             85.879
        Number of successful computations       50

             Proportions                   Percentiles
        Expected    Observed         Expected       Observed
           0.990       1.000        42545.198      42557.514
           0.980       0.980        42568.609      42557.514
           0.950       0.900        42603.716      42569.817
           0.900       0.880        42634.916      42578.019
           0.800       0.860        42672.703      42681.107
           0.700       0.760        42699.944      42707.860
           0.500       0.520        42744.978      42746.192
           0.300       0.300        42790.013      42785.073
           0.200       0.200        42817.254      42804.430
           0.100       0.100        42855.041      42846.592
           0.050       0.040        42886.241      42866.176
           0.020       0.020        42921.348      42919.414
           0.010       0.000        42944.759      42919.414

    Bayesian (BIC)

        Mean                             43345.574
        Std Dev                             85.879
        Number of successful computations       50

             Proportions                   Percentiles
        Expected    Observed         Expected       Observed
           0.990       1.000        43145.794      43158.109
           0.980       0.980        43169.205      43158.109
           0.950       0.900        43204.312      43170.413
           0.900       0.880        43235.512      43178.614
           0.800       0.860        43273.298      43281.703
           0.700       0.760        43300.539      43308.456
           0.500       0.520        43345.574      43346.787
           0.300       0.300        43390.609      43385.669
           0.200       0.200        43417.850      43405.025
           0.100       0.100        43455.636      43447.187
           0.050       0.040        43486.836      43466.771
           0.020       0.020        43521.944      43520.009
           0.010       0.000        43545.354      43520.009

    Sample-Size Adjusted BIC (n* = (n + 2) / 24)

        Mean                             42973.928
        Std Dev                             85.879
        Number of successful computations       50

             Proportions                   Percentiles
        Expected    Observed         Expected       Observed
           0.990       1.000        42774.148      42786.463
           0.980       0.980        42797.559      42786.463
           0.950       0.900        42832.666      42798.767
           0.900       0.880        42863.866      42806.969
           0.800       0.860        42901.653      42910.057
           0.700       0.760        42928.893      42936.810
           0.500       0.520        42973.928      42975.142
           0.300       0.300        43018.963      43014.023
           0.200       0.200        43046.204      43033.380
           0.100       0.100        43083.991      43075.542
           0.050       0.040        43115.191      43095.125
           0.020       0.020        43150.298      43148.364
           0.010       0.000        43173.708      43148.364



MODEL RESULTS

                                                    Two-Tailed   Rate of
                    Estimate       S.E.  Est./S.E.    P-Value    Missing

 LIFESTRESS ON
    SEX               -0.133      0.039     -3.438      0.001      0.000
    B1PAGE_M2          0.007      0.016      0.412      0.680      0.000
    M1CHADV           -0.364      0.023    -15.899      0.000      0.000
    DSES              -0.236      0.020    -11.749      0.000      0.000

 PSR        ON
    SEX                0.152      0.062      2.455      0.014      0.205
    B1PAGE_M2          0.130      0.026      4.922      0.000      0.211
    M1CHADV            0.350      0.038      9.100      0.000      0.171
    DSES               0.250      0.030      8.271      0.000      0.146

 NEGAFF     ON
    SEX                0.137      0.055      2.466      0.014      0.174
    B1PAGE_M2         -0.125      0.023     -5.514      0.000      0.122
    M1CHADV           -0.073      0.038     -1.949      0.051      0.163
    DSES              -0.092      0.030     -3.046      0.002      0.152
    PSR               -0.394      0.031    -12.726      0.000      0.320
    LIFESTRESS         0.041      0.012      3.496      0.000      0.181
    PSRXSES            0.086      0.036      2.381      0.017      0.325
    PSRXDSES           0.067      0.032      2.116      0.034      0.334

 PSQI3      ON
    SEX                0.617      0.170      3.630      0.000      0.014
    B1PAGE_M2          0.041      0.072      0.562      0.574      0.018
    M1CHADV           -0.359      0.116     -3.103      0.002      0.020
    DSES              -0.239      0.096     -2.490      0.013      0.014
    PSR               -0.132      0.108     -1.225      0.221      0.197
    LIFESTRESS         0.182      0.039      4.690      0.000      0.012
    NEGAFF             0.681      0.112      6.066      0.000      0.180
    PSRXSES            0.282      0.113      2.488      0.013      0.150
    PSRXDSES           0.198      0.101      1.963      0.050      0.179

 CURRENTSMO ON
    SEX               -0.450      0.179     -2.510      0.012      0.004
    B1PAGE_M2         -0.362      0.074     -4.859      0.000      0.005
    M1CHADV           -0.553      0.131     -4.237      0.000      0.007
    DSES              -0.578      0.111     -5.195      0.000      0.004
    PSR                0.071      0.106      0.676      0.499      0.167
    LIFESTRESS         0.131      0.031      4.163      0.000      0.005
    NEGAFF             0.263      0.113      2.329      0.020      0.152

 RISKYBEHAV ON
    SEX               -1.407      0.261     -5.388      0.000      0.004
    B1PAGE_M2          0.017      0.087      0.196      0.844      0.012
    M1CHADV           -0.405      0.172     -2.346      0.019      0.011
    DSES              -0.330      0.127     -2.598      0.009      0.011
    PSR               -0.110      0.147     -0.744      0.457      0.240
    LIFESTRESS        -0.008      0.044     -0.193      0.847      0.006
    NEGAFF             0.074      0.133      0.557      0.577      0.187

 CANONE     ON
    SEX                0.430      0.129      3.333      0.001      0.004
    B1PAGE_M2          0.167      0.057      2.941      0.003      0.006
    M1CHADV           -0.308      0.086     -3.557      0.000      0.007
    DSES              -0.286      0.069     -4.156      0.000      0.007
    PSR               -0.032      0.079     -0.408      0.683      0.182
    LIFESTRESS        -0.038      0.026     -1.483      0.138      0.004
    NEGAFF            -0.097      0.081     -1.190      0.234      0.152

 CAFREQUENT ON
    SEX               -0.675      0.152     -4.427      0.000      0.005
    B1PAGE_M2          0.153      0.069      2.228      0.026      0.012
    M1CHADV            0.450      0.116      3.868      0.000      0.009
    DSES               0.355      0.088      4.031      0.000      0.009
    PSR                0.139      0.098      1.424      0.154      0.227
    LIFESTRESS        -0.007      0.032     -0.225      0.822      0.006
    NEGAFF             0.210      0.095      2.217      0.027      0.198

 CAHEAVY    ON
    SEX               -1.706      0.302     -5.639      0.000      0.001
    B1PAGE_M2         -0.683      0.118     -5.797      0.000      0.003
    M1CHADV           -0.515      0.247     -2.090      0.037      0.005
    DSES              -0.530      0.184     -2.877      0.004      0.005
    PSR               -0.058      0.154     -0.376      0.707      0.183
    LIFESTRESS         0.167      0.045      3.685      0.000      0.004
    NEGAFF            -0.098      0.147     -0.664      0.507      0.095

 PHYSACT    ON
    SEX               -0.352      0.110     -3.206      0.001      0.004
    B1PAGE_M2         -0.147      0.043     -3.395      0.001      0.008
    M1CHADV            0.176      0.074      2.375      0.018      0.008
    DSES               0.107      0.057      1.875      0.061      0.007
    PSR                0.120      0.068      1.776      0.076      0.211
    LIFESTRESS         0.004      0.023      0.172      0.863      0.004
    NEGAFF            -0.074      0.066     -1.120      0.263      0.177

 OVERALLDIE ON
    SEX               -0.252      0.041     -6.096      0.000      0.004
    B1PAGE_M2         -0.078      0.017     -4.612      0.000      0.006
    M1CHADV           -0.133      0.028     -4.715      0.000      0.008
    DSES              -0.090      0.022     -4.151      0.000      0.006
    PSR               -0.030      0.025     -1.205      0.228      0.164
    LIFESTRESS         0.002      0.008      0.197      0.844      0.003
    NEGAFF             0.049      0.026      1.921      0.055      0.133

 F          ON
    SEX               -0.045      0.089     -0.511      0.610      0.570
    B1PAGE_M2          0.028      0.034      0.824      0.410      0.487
    M1CHADV           -0.099      0.047     -2.084      0.037      0.314
    DSES              -0.067      0.038     -1.752      0.080      0.335
    PSR                0.073      0.038      1.916      0.055      0.361
    LIFESTRESS         0.040      0.013      2.962      0.003      0.309
    NEGAFF             0.043      0.041      1.029      0.303      0.419
    PSQI3              0.036      0.012      3.020      0.003      0.321
    CURRENTSMO         0.062      0.099      0.626      0.531      0.343
    RISKYBEHAV        -0.012      0.133     -0.090      0.928      0.337
    CANONE             0.068      0.072      0.950      0.342      0.261
    CAFREQUENT        -0.082      0.089     -0.920      0.357      0.347
    CAHEAVY            0.184      0.159      1.158      0.247      0.233
    PHYSACT           -0.155      0.027     -5.706      0.000      0.232
    OVERALLDIE         0.194      0.048      4.088      0.000      0.238

 P4MAJORCON ON
    SEX                0.102      0.059      1.734      0.083      0.000
    B1PAGE_M2          0.320      0.024     13.421      0.000      0.000
    M1CHADV            0.000      0.000    999.000    999.000      0.000
    DSES              -0.094      0.026     -3.637      0.000      0.000
    PSR                0.000      0.000    999.000    999.000      0.000
    LIFESTRESS         0.000      0.000    999.000    999.000      0.000
    NEGAFF             0.000      0.000    999.000    999.000      0.000
    PSQI3              0.000      0.000    999.000    999.000      0.000
    CURRENTSMO         0.000      0.000    999.000    999.000      0.000
    RISKYBEHAV         0.000      0.000    999.000    999.000      0.000
    CANONE             0.000      0.000    999.000    999.000      0.000
    CAFREQUENT         0.000      0.000    999.000    999.000      0.000
    CAHEAVY            0.000      0.000    999.000    999.000      0.000
    PHYSACT            0.000      0.000    999.000    999.000      0.000
    OVERALLDIE         0.000      0.000    999.000    999.000      0.000
    F                  0.000      0.000    999.000    999.000      0.000

 PSRXSES  WITH
    PSRXDSES          -0.805      0.085     -9.458      0.000      0.134

 Means
    PSRXSES            0.138      0.034      4.115      0.000      0.196
    PSRXDSES           0.144      0.039      3.721      0.000      0.174

 Intercepts
    PSR               -0.080      0.045     -1.781      0.075      0.126
    NEGAFF            -0.251      0.064     -3.946      0.000      0.236
    F                 -0.335      0.132     -2.541      0.011      0.383
    PSQI3              4.530      0.190     23.815      0.000      0.013
    OVERALLDIE         1.238      0.045     27.481      0.000      0.003
    LIFESTRESS         1.339      0.028     47.805      0.000      0.000
    P4MAJORCON        -0.024      0.046     -0.524      0.601      0.000

 Thresholds
    CURRENTS$1         2.328      0.190     12.224      0.000      0.002
    RISKYBEH$1         2.053      0.223      9.212      0.000      0.004
    CANONE$1           0.722      0.142      5.103      0.000      0.005
    CAFREQUE$1         1.107      0.170      6.497      0.000      0.004
    CAHEAVY$1          3.415      0.282     12.105      0.000      0.004
    PHYSACT$1         -1.366      0.131    -10.445      0.000      0.002
    PHYSACT$2         -0.198      0.127     -1.557      0.120      0.002
    PHYSACT$3          0.967      0.132      7.332      0.000      0.003

 Variances
    PSRXSES            1.088      0.103     10.615      0.000      0.140
    PSRXDSES           1.514      0.126     12.016      0.000      0.152

 Residual Variances
    PSR                0.886      0.036     24.824      0.000      0.039
    NEGAFF             0.725      0.043     16.729      0.000      0.371
    F                  0.845      0.047     17.803      0.000      0.507
    PSQI3              8.081      0.362     22.321      0.000      0.019
    OVERALLDIE         0.442      0.023     19.029      0.000      0.001


QUALITY OF NUMERICAL RESULTS

     Average Condition Number for the Information Matrix      0.693E-05
       (ratio of smallest to largest eigenvalue)


TECHNICAL 1 OUTPUT


     PARAMETER SPECIFICATION


           TAU
              CURRENTS      RISKYBEH      CANONE$1      CAFREQUE      CAHEAVY$
              ________      ________      ________      ________      ________
 1                110           111           112           113           114


           TAU
              PHYSACT$      PHYSACT$      PHYSACT$
              ________      ________      ________
 1                115           116           117


           NU
              LIFESTRE      LIFESTRE      P4MAJORC      P4MAJORC      CURRENTS
              ________      ________      ________      ________      ________
 1                  0             0             0             0             0


           NU
              RISKYBEH      CANONE        CAFREQUE      CAHEAVY       PHYSACT
              ________      ________      ________      ________      ________
 1                  0             0             0             0             0


           NU
              PSR           NEGAFF        F             PSQI3         OVERALLD
              ________      ________      ________      ________      ________
 1                  0             0             0             0             0


           NU
              PSRXSES       PSRXDSES      M1CHADV       DSES          B1PAGE_M
              ________      ________      ________      ________      ________
 1                  0             0             0             0             0


           NU
              SEX
              ________
 1                  0


           LAMBDA
              LIFESTRE      LIFESTRE      P4MAJORC      P4MAJORC      CURRENTS
              ________      ________      ________      ________      ________
 LIFESTRE           0             0             0             0             0
 LIFESTRE           0             0             0             0             0
 P4MAJORC           0             0             0             0             0
 P4MAJORC           0             0             0             0             0
 CURRENTS           0             0             0             0             0
 RISKYBEH           0             0             0             0             0
 CANONE             0             0             0             0             0
 CAFREQUE           0             0             0             0             0
 CAHEAVY            0             0             0             0             0
 PHYSACT            0             0             0             0             0
 PSR                0             0             0             0             0
 NEGAFF             0             0             0             0             0
 F                  0             0             0             0             0
 PSQI3              0             0             0             0             0
 OVERALLD           0             0             0             0             0
 PSRXSES            0             0             0             0             0
 PSRXDSES           0             0             0             0             0
 M1CHADV            0             0             0             0             0
 DSES               0             0             0             0             0
 B1PAGE_M           0             0             0             0             0
 SEX                0             0             0             0             0


           LAMBDA
              RISKYBEH      CANONE        CAFREQUE      CAHEAVY       PHYSACT
              ________      ________      ________      ________      ________
 LIFESTRE           0             0             0             0             0
 LIFESTRE           0             0             0             0             0
 P4MAJORC           0             0             0             0             0
 P4MAJORC           0             0             0             0             0
 CURRENTS           0             0             0             0             0
 RISKYBEH           0             0             0             0             0
 CANONE             0             0             0             0             0
 CAFREQUE           0             0             0             0             0
 CAHEAVY            0             0             0             0             0
 PHYSACT            0             0             0             0             0
 PSR                0             0             0             0             0
 NEGAFF             0             0             0             0             0
 F                  0             0             0             0             0
 PSQI3              0             0             0             0             0
 OVERALLD           0             0             0             0             0
 PSRXSES            0             0             0             0             0
 PSRXDSES           0             0             0             0             0
 M1CHADV            0             0             0             0             0
 DSES               0             0             0             0             0
 B1PAGE_M           0             0             0             0             0
 SEX                0             0             0             0             0


           LAMBDA
              PSR           NEGAFF        F             PSQI3         OVERALLD
              ________      ________      ________      ________      ________
 LIFESTRE           0             0             0             0             0
 LIFESTRE           0             0             0             0             0
 P4MAJORC           0             0             0             0             0
 P4MAJORC           0             0             0             0             0
 CURRENTS           0             0             0             0             0
 RISKYBEH           0             0             0             0             0
 CANONE             0             0             0             0             0
 CAFREQUE           0             0             0             0             0
 CAHEAVY            0             0             0             0             0
 PHYSACT            0             0             0             0             0
 PSR                0             0             0             0             0
 NEGAFF             0             0             0             0             0
 F                  0             0             0             0             0
 PSQI3              0             0             0             0             0
 OVERALLD           0             0             0             0             0
 PSRXSES            0             0             0             0             0
 PSRXDSES           0             0             0             0             0
 M1CHADV            0             0             0             0             0
 DSES               0             0             0             0             0
 B1PAGE_M           0             0             0             0             0
 SEX                0             0             0             0             0


           LAMBDA
              PSRXSES       PSRXDSES      M1CHADV       DSES          B1PAGE_M
              ________      ________      ________      ________      ________
 LIFESTRE           0             0             0             0             0
 LIFESTRE           0             0             0             0             0
 P4MAJORC           0             0             0             0             0
 P4MAJORC           0             0             0             0             0
 CURRENTS           0             0             0             0             0
 RISKYBEH           0             0             0             0             0
 CANONE             0             0             0             0             0
 CAFREQUE           0             0             0             0             0
 CAHEAVY            0             0             0             0             0
 PHYSACT            0             0             0             0             0
 PSR                0             0             0             0             0
 NEGAFF             0             0             0             0             0
 F                  0             0             0             0             0
 PSQI3              0             0             0             0             0
 OVERALLD           0             0             0             0             0
 PSRXSES            0             0             0             0             0
 PSRXDSES           0             0             0             0             0
 M1CHADV            0             0             0             0             0
 DSES               0             0             0             0             0
 B1PAGE_M           0             0             0             0             0
 SEX                0             0             0             0             0


           LAMBDA
              SEX
              ________
 LIFESTRE           0
 LIFESTRE           0
 P4MAJORC           0
 P4MAJORC           0
 CURRENTS           0
 RISKYBEH           0
 CANONE             0
 CAFREQUE           0
 CAHEAVY            0
 PHYSACT            0
 PSR                0
 NEGAFF             0
 F                  0
 PSQI3              0
 OVERALLD           0
 PSRXSES            0
 PSRXDSES           0
 M1CHADV            0
 DSES               0
 B1PAGE_M           0
 SEX                0


           THETA
              LIFESTRE      LIFESTRE      P4MAJORC      P4MAJORC      CURRENTS
              ________      ________      ________      ________      ________
 LIFESTRE           0
 LIFESTRE           0             0
 P4MAJORC           0             0             0
 P4MAJORC           0             0             0             0
 CURRENTS           0             0             0             0             0
 RISKYBEH           0             0             0             0             0
 CANONE             0             0             0             0             0
 CAFREQUE           0             0             0             0             0
 CAHEAVY            0             0             0             0             0
 PHYSACT            0             0             0             0             0
 PSR                0             0             0             0             0
 NEGAFF             0             0             0             0             0
 F                  0             0             0             0             0
 PSQI3              0             0             0             0             0
 OVERALLD           0             0             0             0             0
 PSRXSES            0             0             0             0             0
 PSRXDSES           0             0             0             0             0
 M1CHADV            0             0             0             0             0
 DSES               0             0             0             0             0
 B1PAGE_M           0             0             0             0             0
 SEX                0             0             0             0             0


           THETA
              RISKYBEH      CANONE        CAFREQUE      CAHEAVY       PHYSACT
              ________      ________      ________      ________      ________
 RISKYBEH           0
 CANONE             0             0
 CAFREQUE           0             0             0
 CAHEAVY            0             0             0             0
 PHYSACT            0             0             0             0             0
 PSR                0             0             0             0             0
 NEGAFF             0             0             0             0             0
 F                  0             0             0             0             0
 PSQI3              0             0             0             0             0
 OVERALLD           0             0             0             0             0
 PSRXSES            0             0             0             0             0
 PSRXDSES           0             0             0             0             0
 M1CHADV            0             0             0             0             0
 DSES               0             0             0             0             0
 B1PAGE_M           0             0             0             0             0
 SEX                0             0             0             0             0


           THETA
              PSR           NEGAFF        F             PSQI3         OVERALLD
              ________      ________      ________      ________      ________
 PSR                0
 NEGAFF             0             0
 F                  0             0             0
 PSQI3              0             0             0             0
 OVERALLD           0             0             0             0             0
 PSRXSES            0             0             0             0             0
 PSRXDSES           0             0             0             0             0
 M1CHADV            0             0             0             0             0
 DSES               0             0             0             0             0
 B1PAGE_M           0             0             0             0             0
 SEX                0             0             0             0             0


           THETA
              PSRXSES       PSRXDSES      M1CHADV       DSES          B1PAGE_M
              ________      ________      ________      ________      ________
 PSRXSES            0
 PSRXDSES           0             0
 M1CHADV            0             0             0
 DSES               0             0             0             0
 B1PAGE_M           0             0             0             0             0
 SEX                0             0             0             0             0


           THETA
              SEX
              ________
 SEX                0


           ALPHA
              LIFESTRE      LIFESTRE      P4MAJORC      P4MAJORC      CURRENTS
              ________      ________      ________      ________      ________
 1                  0             1             0             2             0


           ALPHA
              RISKYBEH      CANONE        CAFREQUE      CAHEAVY       PHYSACT
              ________      ________      ________      ________      ________
 1                  0             0             0             0             0


           ALPHA
              PSR           NEGAFF        F             PSQI3         OVERALLD
              ________      ________      ________      ________      ________
 1                  3             4             5             6             7


           ALPHA
              PSRXSES       PSRXDSES      M1CHADV       DSES          B1PAGE_M
              ________      ________      ________      ________      ________
 1                  8             9             0             0             0


           ALPHA
              SEX
              ________
 1                  0


           BETA
              LIFESTRE      LIFESTRE      P4MAJORC      P4MAJORC      CURRENTS
              ________      ________      ________      ________      ________
 LIFESTRE           0             0             0             0             0
 LIFESTRE           0             0             0             0             0
 P4MAJORC           0             0             0             0             0
 P4MAJORC           0             0             0             0             0
 CURRENTS           0            17             0             0             0
 RISKYBEH           0            24             0             0             0
 CANONE             0            31             0             0             0
 CAFREQUE           0            38             0             0             0
 CAHEAVY            0            45             0             0             0
 PHYSACT            0            52             0             0             0
 PSR                0             0             0             0             0
 NEGAFF             0            63             0             0             0
 F                  0            71             0             0            72
 PSQI3              0            86             0             0             0
 OVERALLD           0            95             0             0             0
 PSRXSES            0             0             0             0             0
 PSRXDSES           0             0             0             0             0
 M1CHADV            0             0             0             0             0
 DSES               0             0             0             0             0
 B1PAGE_M           0             0             0             0             0
 SEX                0             0             0             0             0


           BETA
              RISKYBEH      CANONE        CAFREQUE      CAHEAVY       PHYSACT
              ________      ________      ________      ________      ________
 LIFESTRE           0             0             0             0             0
 LIFESTRE           0             0             0             0             0
 P4MAJORC           0             0             0             0             0
 P4MAJORC           0             0             0             0             0
 CURRENTS           0             0             0             0             0
 RISKYBEH           0             0             0             0             0
 CANONE             0             0             0             0             0
 CAFREQUE           0             0             0             0             0
 CAHEAVY            0             0             0             0             0
 PHYSACT            0             0             0             0             0
 PSR                0             0             0             0             0
 NEGAFF             0             0             0             0             0
 F                 73            74            75            76            77
 PSQI3              0             0             0             0             0
 OVERALLD           0             0             0             0             0
 PSRXSES            0             0             0             0             0
 PSRXDSES           0             0             0             0             0
 M1CHADV            0             0             0             0             0
 DSES               0             0             0             0             0
 B1PAGE_M           0             0             0             0             0
 SEX                0             0             0             0             0


           BETA
              PSR           NEGAFF        F             PSQI3         OVERALLD
              ________      ________      ________      ________      ________
 LIFESTRE           0             0             0             0             0
 LIFESTRE           0             0             0             0             0
 P4MAJORC           0             0             0             0             0
 P4MAJORC           0             0             0             0             0
 CURRENTS          18            19             0             0             0
 RISKYBEH          25            26             0             0             0
 CANONE            32            33             0             0             0
 CAFREQUE          39            40             0             0             0
 CAHEAVY           46            47             0             0             0
 PHYSACT           53            54             0             0             0
 PSR                0             0             0             0             0
 NEGAFF            64             0             0             0             0
 F                 78            79             0            80            81
 PSQI3             87            88             0             0             0
 OVERALLD          96            97             0             0             0
 PSRXSES            0             0             0             0             0
 PSRXDSES           0             0             0             0             0
 M1CHADV            0             0             0             0             0
 DSES               0             0             0             0             0
 B1PAGE_M           0             0             0             0             0
 SEX                0             0             0             0             0


           BETA
              PSRXSES       PSRXDSES      M1CHADV       DSES          B1PAGE_M
              ________      ________      ________      ________      ________
 LIFESTRE           0             0             0             0             0
 LIFESTRE           0             0            10            11            12
 P4MAJORC           0             0             0             0             0
 P4MAJORC           0             0             0            14            15
 CURRENTS           0             0            20            21            22
 RISKYBEH           0             0            27            28            29
 CANONE             0             0            34            35            36
 CAFREQUE           0             0            41            42            43
 CAHEAVY            0             0            48            49            50
 PHYSACT            0             0            55            56            57
 PSR                0             0            59            60            61
 NEGAFF            65            66            67            68            69
 F                  0             0            82            83            84
 PSQI3             89            90            91            92            93
 OVERALLD           0             0            98            99           100
 PSRXSES            0             0             0             0             0
 PSRXDSES           0             0             0             0             0
 M1CHADV            0             0             0             0             0
 DSES               0             0             0             0             0
 B1PAGE_M           0             0             0             0             0
 SEX                0             0             0             0             0


           BETA
              SEX
              ________
 LIFESTRE           0
 LIFESTRE          13
 P4MAJORC           0
 P4MAJORC          16
 CURRENTS          23
 RISKYBEH          30
 CANONE            37
 CAFREQUE          44
 CAHEAVY           51
 PHYSACT           58
 PSR               62
 NEGAFF            70
 F                 85
 PSQI3             94
 OVERALLD         101
 PSRXSES            0
 PSRXDSES           0
 M1CHADV            0
 DSES               0
 B1PAGE_M           0
 SEX                0


           PSI
              LIFESTRE      LIFESTRE      P4MAJORC      P4MAJORC      CURRENTS
              ________      ________      ________      ________      ________
 LIFESTRE           0
 LIFESTRE           0             0
 P4MAJORC           0             0             0
 P4MAJORC           0             0             0             0
 CURRENTS           0             0             0             0             0
 RISKYBEH           0             0             0             0             0
 CANONE             0             0             0             0             0
 CAFREQUE           0             0             0             0             0
 CAHEAVY            0             0             0             0             0
 PHYSACT            0             0             0             0             0
 PSR                0             0             0             0             0
 NEGAFF             0             0             0             0             0
 F                  0             0             0             0             0
 PSQI3              0             0             0             0             0
 OVERALLD           0             0             0             0             0
 PSRXSES            0             0             0             0             0
 PSRXDSES           0             0             0             0             0
 M1CHADV            0             0             0             0             0
 DSES               0             0             0             0             0
 B1PAGE_M           0             0             0             0             0
 SEX                0             0             0             0             0


           PSI
              RISKYBEH      CANONE        CAFREQUE      CAHEAVY       PHYSACT
              ________      ________      ________      ________      ________
 RISKYBEH           0
 CANONE             0             0
 CAFREQUE           0             0             0
 CAHEAVY            0             0             0             0
 PHYSACT            0             0             0             0             0
 PSR                0             0             0             0             0
 NEGAFF             0             0             0             0             0
 F                  0             0             0             0             0
 PSQI3              0             0             0             0             0
 OVERALLD           0             0             0             0             0
 PSRXSES            0             0             0             0             0
 PSRXDSES           0             0             0             0             0
 M1CHADV            0             0             0             0             0
 DSES               0             0             0             0             0
 B1PAGE_M           0             0             0             0             0
 SEX                0             0             0             0             0


           PSI
              PSR           NEGAFF        F             PSQI3         OVERALLD
              ________      ________      ________      ________      ________
 PSR              102
 NEGAFF             0           103
 F                  0             0           104
 PSQI3              0             0             0           105
 OVERALLD           0             0             0             0           106
 PSRXSES            0             0             0             0             0
 PSRXDSES           0             0             0             0             0
 M1CHADV            0             0             0             0             0
 DSES               0             0             0             0             0
 B1PAGE_M           0             0             0             0             0
 SEX                0             0             0             0             0


           PSI
              PSRXSES       PSRXDSES      M1CHADV       DSES          B1PAGE_M
              ________      ________      ________      ________      ________
 PSRXSES          107
 PSRXDSES         108           109
 M1CHADV            0             0             0
 DSES               0             0             0             0
 B1PAGE_M           0             0             0             0             0
 SEX                0             0             0             0             0


           PSI
              SEX
              ________
 SEX                0


     STARTING VALUES


           TAU
              CURRENTS      RISKYBEH      CANONE$1      CAFREQUE      CAHEAVY$
              ________      ________      ________      ________      ________
 1              1.747         2.633         0.604         1.418         2.920


           TAU
              PHYSACT$      PHYSACT$      PHYSACT$
              ________      ________      ________
 1             -1.160        -0.024         1.112


           NU
              LIFESTRE      LIFESTRE      P4MAJORC      P4MAJORC      CURRENTS
              ________      ________      ________      ________      ________
 1              0.000         0.000         0.000         0.000         0.000


           NU
              RISKYBEH      CANONE        CAFREQUE      CAHEAVY       PHYSACT
              ________      ________      ________      ________      ________
 1              0.000         0.000         0.000         0.000         0.000


           NU
              PSR           NEGAFF        F             PSQI3         OVERALLD
              ________      ________      ________      ________      ________
 1              0.000         0.000         0.000         0.000         0.000


           NU
              PSRXSES       PSRXDSES      M1CHADV       DSES          B1PAGE_M
              ________      ________      ________      ________      ________
 1              0.000         0.000         0.000         0.000         0.000


           NU
              SEX
              ________
 1              0.000


           LAMBDA
              LIFESTRE      LIFESTRE      P4MAJORC      P4MAJORC      CURRENTS
              ________      ________      ________      ________      ________
 LIFESTRE       1.000         0.000         0.000         0.000         0.000
 LIFESTRE       0.000         1.000         0.000         0.000         0.000
 P4MAJORC       0.000         0.000         1.000         0.000         0.000
 P4MAJORC       0.000         0.000         0.000         1.000         0.000
 CURRENTS       0.000         0.000         0.000         0.000         1.000
 RISKYBEH       0.000         0.000         0.000         0.000         0.000
 CANONE         0.000         0.000         0.000         0.000         0.000
 CAFREQUE       0.000         0.000         0.000         0.000         0.000
 CAHEAVY        0.000         0.000         0.000         0.000         0.000
 PHYSACT        0.000         0.000         0.000         0.000         0.000
 PSR            0.000         0.000         0.000         0.000         0.000
 NEGAFF         0.000         0.000         0.000         0.000         0.000
 F              0.000         0.000         0.000         0.000         0.000
 PSQI3          0.000         0.000         0.000         0.000         0.000
 OVERALLD       0.000         0.000         0.000         0.000         0.000
 PSRXSES        0.000         0.000         0.000         0.000         0.000
 PSRXDSES       0.000         0.000         0.000         0.000         0.000
 M1CHADV        0.000         0.000         0.000         0.000         0.000
 DSES           0.000         0.000         0.000         0.000         0.000
 B1PAGE_M       0.000         0.000         0.000         0.000         0.000
 SEX            0.000         0.000         0.000         0.000         0.000


           LAMBDA
              RISKYBEH      CANONE        CAFREQUE      CAHEAVY       PHYSACT
              ________      ________      ________      ________      ________
 LIFESTRE       0.000         0.000         0.000         0.000         0.000
 LIFESTRE       0.000         0.000         0.000         0.000         0.000
 P4MAJORC       0.000         0.000         0.000         0.000         0.000
 P4MAJORC       0.000         0.000         0.000         0.000         0.000
 CURRENTS       0.000         0.000         0.000         0.000         0.000
 RISKYBEH       1.000         0.000         0.000         0.000         0.000
 CANONE         0.000         1.000         0.000         0.000         0.000
 CAFREQUE       0.000         0.000         1.000         0.000         0.000
 CAHEAVY        0.000         0.000         0.000         1.000         0.000
 PHYSACT        0.000         0.000         0.000         0.000         1.000
 PSR            0.000         0.000         0.000         0.000         0.000
 NEGAFF         0.000         0.000         0.000         0.000         0.000
 F              0.000         0.000         0.000         0.000         0.000
 PSQI3          0.000         0.000         0.000         0.000         0.000
 OVERALLD       0.000         0.000         0.000         0.000         0.000
 PSRXSES        0.000         0.000         0.000         0.000         0.000
 PSRXDSES       0.000         0.000         0.000         0.000         0.000
 M1CHADV        0.000         0.000         0.000         0.000         0.000
 DSES           0.000         0.000         0.000         0.000         0.000
 B1PAGE_M       0.000         0.000         0.000         0.000         0.000
 SEX            0.000         0.000         0.000         0.000         0.000


           LAMBDA
              PSR           NEGAFF        F             PSQI3         OVERALLD
              ________      ________      ________      ________      ________
 LIFESTRE       0.000         0.000         0.000         0.000         0.000
 LIFESTRE       0.000         0.000         0.000         0.000         0.000
 P4MAJORC       0.000         0.000         0.000         0.000         0.000
 P4MAJORC       0.000         0.000         0.000         0.000         0.000
 CURRENTS       0.000         0.000         0.000         0.000         0.000
 RISKYBEH       0.000         0.000         0.000         0.000         0.000
 CANONE         0.000         0.000         0.000         0.000         0.000
 CAFREQUE       0.000         0.000         0.000         0.000         0.000
 CAHEAVY        0.000         0.000         0.000         0.000         0.000
 PHYSACT        0.000         0.000         0.000         0.000         0.000
 PSR            1.000         0.000         0.000         0.000         0.000
 NEGAFF         0.000         1.000         0.000         0.000         0.000
 F              0.000         0.000         1.000         0.000         0.000
 PSQI3          0.000         0.000         0.000         1.000         0.000
 OVERALLD       0.000         0.000         0.000         0.000         1.000
 PSRXSES        0.000         0.000         0.000         0.000         0.000
 PSRXDSES       0.000         0.000         0.000         0.000         0.000
 M1CHADV        0.000         0.000         0.000         0.000         0.000
 DSES           0.000         0.000         0.000         0.000         0.000
 B1PAGE_M       0.000         0.000         0.000         0.000         0.000
 SEX            0.000         0.000         0.000         0.000         0.000


           LAMBDA
              PSRXSES       PSRXDSES      M1CHADV       DSES          B1PAGE_M
              ________      ________      ________      ________      ________
 LIFESTRE       0.000         0.000         0.000         0.000         0.000
 LIFESTRE       0.000         0.000         0.000         0.000         0.000
 P4MAJORC       0.000         0.000         0.000         0.000         0.000
 P4MAJORC       0.000         0.000         0.000         0.000         0.000
 CURRENTS       0.000         0.000         0.000         0.000         0.000
 RISKYBEH       0.000         0.000         0.000         0.000         0.000
 CANONE         0.000         0.000         0.000         0.000         0.000
 CAFREQUE       0.000         0.000         0.000         0.000         0.000
 CAHEAVY        0.000         0.000         0.000         0.000         0.000
 PHYSACT        0.000         0.000         0.000         0.000         0.000
 PSR            0.000         0.000         0.000         0.000         0.000
 NEGAFF         0.000         0.000         0.000         0.000         0.000
 F              0.000         0.000         0.000         0.000         0.000
 PSQI3          0.000         0.000         0.000         0.000         0.000
 OVERALLD       0.000         0.000         0.000         0.000         0.000
 PSRXSES        1.000         0.000         0.000         0.000         0.000
 PSRXDSES       0.000         1.000         0.000         0.000         0.000
 M1CHADV        0.000         0.000         1.000         0.000         0.000
 DSES           0.000         0.000         0.000         1.000         0.000
 B1PAGE_M       0.000         0.000         0.000         0.000         1.000
 SEX            0.000         0.000         0.000         0.000         0.000


           LAMBDA
              SEX
              ________
 LIFESTRE       0.000
 LIFESTRE       0.000
 P4MAJORC       0.000
 P4MAJORC       0.000
 CURRENTS       0.000
 RISKYBEH       0.000
 CANONE         0.000
 CAFREQUE       0.000
 CAHEAVY        0.000
 PHYSACT        0.000
 PSR            0.000
 NEGAFF         0.000
 F              0.000
 PSQI3          0.000
 OVERALLD       0.000
 PSRXSES        0.000
 PSRXDSES       0.000
 M1CHADV        0.000
 DSES           0.000
 B1PAGE_M       0.000
 SEX            1.000


           THETA
              LIFESTRE      LIFESTRE      P4MAJORC      P4MAJORC      CURRENTS
              ________      ________      ________      ________      ________
 LIFESTRE       0.000
 LIFESTRE       0.000         0.000
 P4MAJORC       0.000         0.000         0.000
 P4MAJORC       0.000         0.000         0.000         0.000
 CURRENTS       0.000         0.000         0.000         0.000         0.000
 RISKYBEH       0.000         0.000         0.000         0.000         0.000
 CANONE         0.000         0.000         0.000         0.000         0.000
 CAFREQUE       0.000         0.000         0.000         0.000         0.000
 CAHEAVY        0.000         0.000         0.000         0.000         0.000
 PHYSACT        0.000         0.000         0.000         0.000         0.000
 PSR            0.000         0.000         0.000         0.000         0.000
 NEGAFF         0.000         0.000         0.000         0.000         0.000
 F              0.000         0.000         0.000         0.000         0.000
 PSQI3          0.000         0.000         0.000         0.000         0.000
 OVERALLD       0.000         0.000         0.000         0.000         0.000
 PSRXSES        0.000         0.000         0.000         0.000         0.000
 PSRXDSES       0.000         0.000         0.000         0.000         0.000
 M1CHADV        0.000         0.000         0.000         0.000         0.000
 DSES           0.000         0.000         0.000         0.000         0.000
 B1PAGE_M       0.000         0.000         0.000         0.000         0.000
 SEX            0.000         0.000         0.000         0.000         0.000


           THETA
              RISKYBEH      CANONE        CAFREQUE      CAHEAVY       PHYSACT
              ________      ________      ________      ________      ________
 RISKYBEH       0.000
 CANONE         0.000         0.000
 CAFREQUE       0.000         0.000         0.000
 CAHEAVY        0.000         0.000         0.000         0.000
 PHYSACT        0.000         0.000         0.000         0.000         0.000
 PSR            0.000         0.000         0.000         0.000         0.000
 NEGAFF         0.000         0.000         0.000         0.000         0.000
 F              0.000         0.000         0.000         0.000         0.000
 PSQI3          0.000         0.000         0.000         0.000         0.000
 OVERALLD       0.000         0.000         0.000         0.000         0.000
 PSRXSES        0.000         0.000         0.000         0.000         0.000
 PSRXDSES       0.000         0.000         0.000         0.000         0.000
 M1CHADV        0.000         0.000         0.000         0.000         0.000
 DSES           0.000         0.000         0.000         0.000         0.000
 B1PAGE_M       0.000         0.000         0.000         0.000         0.000
 SEX            0.000         0.000         0.000         0.000         0.000


           THETA
              PSR           NEGAFF        F             PSQI3         OVERALLD
              ________      ________      ________      ________      ________
 PSR            0.000
 NEGAFF         0.000         0.000
 F              0.000         0.000         0.000
 PSQI3          0.000         0.000         0.000         0.000
 OVERALLD       0.000         0.000         0.000         0.000         0.000
 PSRXSES        0.000         0.000         0.000         0.000         0.000
 PSRXDSES       0.000         0.000         0.000         0.000         0.000
 M1CHADV        0.000         0.000         0.000         0.000         0.000
 DSES           0.000         0.000         0.000         0.000         0.000
 B1PAGE_M       0.000         0.000         0.000         0.000         0.000
 SEX            0.000         0.000         0.000         0.000         0.000


           THETA
              PSRXSES       PSRXDSES      M1CHADV       DSES          B1PAGE_M
              ________      ________      ________      ________      ________
 PSRXSES        0.000
 PSRXDSES       0.000         0.000
 M1CHADV        0.000         0.000         0.000
 DSES           0.000         0.000         0.000         0.000
 B1PAGE_M       0.000         0.000         0.000         0.000         0.000
 SEX            0.000         0.000         0.000         0.000         0.000


           THETA
              SEX
              ________
 SEX            0.000


           ALPHA
              LIFESTRE      LIFESTRE      P4MAJORC      P4MAJORC      CURRENTS
              ________      ________      ________      ________      ________
 1            -20.000         1.529       -20.000         0.318         0.000


           ALPHA
              RISKYBEH      CANONE        CAFREQUE      CAHEAVY       PHYSACT
              ________      ________      ________      ________      ________
 1              0.000         0.000         0.000         0.000         0.000


           ALPHA
              PSR           NEGAFF        F             PSQI3         OVERALLD
              ________      ________      ________      ________      ________
 1              0.001        -0.001         0.002         5.607         1.103


           ALPHA
              PSRXSES       PSRXDSES      M1CHADV       DSES          B1PAGE_M
              ________      ________      ________      ________      ________
 1              0.156         0.120         0.000         0.000         0.000


           ALPHA
              SEX
              ________
 1              0.000


           BETA
              LIFESTRE      LIFESTRE      P4MAJORC      P4MAJORC      CURRENTS
              ________      ________      ________      ________      ________
 LIFESTRE       0.000         0.000         0.000         0.000         0.000
 LIFESTRE       0.000         0.000         0.000         0.000         0.000
 P4MAJORC       0.000         0.000         0.000         0.000         0.000
 P4MAJORC       0.000         0.000         0.000         0.000         0.000
 CURRENTS       0.000         0.000         0.000         0.000         0.000
 RISKYBEH       0.000         0.000         0.000         0.000         0.000
 CANONE         0.000         0.000         0.000         0.000         0.000
 CAFREQUE       0.000         0.000         0.000         0.000         0.000
 CAHEAVY        0.000         0.000         0.000         0.000         0.000
 PHYSACT        0.000         0.000         0.000         0.000         0.000
 PSR            0.000         0.000         0.000         0.000         0.000
 NEGAFF         0.000         0.000         0.000         0.000         0.000
 F              0.000         0.000         0.000         0.000         0.000
 PSQI3          0.000         0.000         0.000         0.000         0.000
 OVERALLD       0.000         0.000         0.000         0.000         0.000
 PSRXSES        0.000         0.000         0.000         0.000         0.000
 PSRXDSES       0.000         0.000         0.000         0.000         0.000
 M1CHADV        0.000         0.000         0.000         0.000         0.000
 DSES           0.000         0.000         0.000         0.000         0.000
 B1PAGE_M       0.000         0.000         0.000         0.000         0.000
 SEX            0.000         0.000         0.000         0.000         0.000


           BETA
              RISKYBEH      CANONE        CAFREQUE      CAHEAVY       PHYSACT
              ________      ________      ________      ________      ________
 LIFESTRE       0.000         0.000         0.000         0.000         0.000
 LIFESTRE       0.000         0.000         0.000         0.000         0.000
 P4MAJORC       0.000         0.000         0.000         0.000         0.000
 P4MAJORC       0.000         0.000         0.000         0.000         0.000
 CURRENTS       0.000         0.000         0.000         0.000         0.000
 RISKYBEH       0.000         0.000         0.000         0.000         0.000
 CANONE         0.000         0.000         0.000         0.000         0.000
 CAFREQUE       0.000         0.000         0.000         0.000         0.000
 CAHEAVY        0.000         0.000         0.000         0.000         0.000
 PHYSACT        0.000         0.000         0.000         0.000         0.000
 PSR            0.000         0.000         0.000         0.000         0.000
 NEGAFF         0.000         0.000         0.000         0.000         0.000
 F              0.000         0.000         0.000         0.000         0.000
 PSQI3          0.000         0.000         0.000         0.000         0.000
 OVERALLD       0.000         0.000         0.000         0.000         0.000
 PSRXSES        0.000         0.000         0.000         0.000         0.000
 PSRXDSES       0.000         0.000         0.000         0.000         0.000
 M1CHADV        0.000         0.000         0.000         0.000         0.000
 DSES           0.000         0.000         0.000         0.000         0.000
 B1PAGE_M       0.000         0.000         0.000         0.000         0.000
 SEX            0.000         0.000         0.000         0.000         0.000


           BETA
              PSR           NEGAFF        F             PSQI3         OVERALLD
              ________      ________      ________      ________      ________
 LIFESTRE       0.000         0.000         0.000         0.000         0.000
 LIFESTRE       0.000         0.000         0.000         0.000         0.000
 P4MAJORC       0.000         0.000         0.000         0.000         0.000
 P4MAJORC       0.000         0.000         0.000         0.000         0.000
 CURRENTS       0.000         0.000         0.000         0.000         0.000
 RISKYBEH       0.000         0.000         0.000         0.000         0.000
 CANONE         0.000         0.000         0.000         0.000         0.000
 CAFREQUE       0.000         0.000         0.000         0.000         0.000
 CAHEAVY        0.000         0.000         0.000         0.000         0.000
 PHYSACT        0.000         0.000         0.000         0.000         0.000
 PSR            0.000         0.000         0.000         0.000         0.000
 NEGAFF         0.000         0.000         0.000         0.000         0.000
 F              0.000         0.000         0.000         0.000         0.000
 PSQI3          0.000         0.000         0.000         0.000         0.000
 OVERALLD       0.000         0.000         0.000         0.000         0.000
 PSRXSES        0.000         0.000         0.000         0.000         0.000
 PSRXDSES       0.000         0.000         0.000         0.000         0.000
 M1CHADV        0.000         0.000         0.000         0.000         0.000
 DSES           0.000         0.000         0.000         0.000         0.000
 B1PAGE_M       0.000         0.000         0.000         0.000         0.000
 SEX            0.000         0.000         0.000         0.000         0.000


           BETA
              PSRXSES       PSRXDSES      M1CHADV       DSES          B1PAGE_M
              ________      ________      ________      ________      ________
 LIFESTRE       0.000         0.000         0.000         0.000         0.000
 LIFESTRE       0.000         0.000         0.000         0.000         0.000
 P4MAJORC       0.000         0.000         0.000         0.000         0.000
 P4MAJORC       0.000         0.000         0.000         0.000         0.000
 CURRENTS       0.000         0.000         0.000         0.000         0.000
 RISKYBEH       0.000         0.000         0.000         0.000         0.000
 CANONE         0.000         0.000         0.000         0.000         0.000
 CAFREQUE       0.000         0.000         0.000         0.000         0.000
 CAHEAVY        0.000         0.000         0.000         0.000         0.000
 PHYSACT        0.000         0.000         0.000         0.000         0.000
 PSR            0.000         0.000         0.000         0.000         0.000
 NEGAFF         0.000         0.000         0.000         0.000         0.000
 F              0.000         0.000         0.000         0.000         0.000
 PSQI3          0.000         0.000         0.000         0.000         0.000
 OVERALLD       0.000         0.000         0.000         0.000         0.000
 PSRXSES        0.000         0.000         0.000         0.000         0.000
 PSRXDSES       0.000         0.000         0.000         0.000         0.000
 M1CHADV        0.000         0.000         0.000         0.000         0.000
 DSES           0.000         0.000         0.000         0.000         0.000
 B1PAGE_M       0.000         0.000         0.000         0.000         0.000
 SEX            0.000         0.000         0.000         0.000         0.000


           BETA
              SEX
              ________
 LIFESTRE       0.000
 LIFESTRE       0.000
 P4MAJORC       0.000
 P4MAJORC       0.000
 CURRENTS       0.000
 RISKYBEH       0.000
 CANONE         0.000
 CAFREQUE       0.000
 CAHEAVY        0.000
 PHYSACT        0.000
 PSR            0.000
 NEGAFF         0.000
 F              0.000
 PSQI3          0.000
 OVERALLD       0.000
 PSRXSES        0.000
 PSRXDSES       0.000
 M1CHADV        0.000
 DSES           0.000
 B1PAGE_M       0.000
 SEX            0.000


           PSI
              LIFESTRE      LIFESTRE      P4MAJORC      P4MAJORC      CURRENTS
              ________      ________      ________      ________      ________
 LIFESTRE       0.000
 LIFESTRE       0.000         0.000
 P4MAJORC       0.000         0.000         0.000
 P4MAJORC       0.000         0.000         0.000         0.000
 CURRENTS       0.000         0.000         0.000         0.000         1.000
 RISKYBEH       0.000         0.000         0.000         0.000         0.000
 CANONE         0.000         0.000         0.000         0.000         0.000
 CAFREQUE       0.000         0.000         0.000         0.000         0.000
 CAHEAVY        0.000         0.000         0.000         0.000         0.000
 PHYSACT        0.000         0.000         0.000         0.000         0.000
 PSR            0.000         0.000         0.000         0.000         0.000
 NEGAFF         0.000         0.000         0.000         0.000         0.000
 F              0.000         0.000         0.000         0.000         0.000
 PSQI3          0.000         0.000         0.000         0.000         0.000
 OVERALLD       0.000         0.000         0.000         0.000         0.000
 PSRXSES        0.000         0.000         0.000         0.000         0.000
 PSRXDSES       0.000         0.000         0.000         0.000         0.000
 M1CHADV        0.000         0.000         0.000         0.000         0.000
 DSES           0.000         0.000         0.000         0.000         0.000
 B1PAGE_M       0.000         0.000         0.000         0.000         0.000
 SEX            0.000         0.000         0.000         0.000         0.000


           PSI
              RISKYBEH      CANONE        CAFREQUE      CAHEAVY       PHYSACT
              ________      ________      ________      ________      ________
 RISKYBEH       1.000
 CANONE         0.000         1.000
 CAFREQUE       0.000         0.000         1.000
 CAHEAVY        0.000         0.000         0.000         1.000
 PHYSACT        0.000         0.000         0.000         0.000         1.000
 PSR            0.000         0.000         0.000         0.000         0.000
 NEGAFF         0.000         0.000         0.000         0.000         0.000
 F              0.000         0.000         0.000         0.000         0.000
 PSQI3          0.000         0.000         0.000         0.000         0.000
 OVERALLD       0.000         0.000         0.000         0.000         0.000
 PSRXSES        0.000         0.000         0.000         0.000         0.000
 PSRXDSES       0.000         0.000         0.000         0.000         0.000
 M1CHADV        0.000         0.000         0.000         0.000         0.000
 DSES           0.000         0.000         0.000         0.000         0.000
 B1PAGE_M       0.000         0.000         0.000         0.000         0.000
 SEX            0.000         0.000         0.000         0.000         0.000


           PSI
              PSR           NEGAFF        F             PSQI3         OVERALLD
              ________      ________      ________      ________      ________
 PSR            0.499
 NEGAFF         0.000         0.498
 F              0.000         0.000         0.510
 PSQI3          0.000         0.000         0.000         4.821
 OVERALLD       0.000         0.000         0.000         0.000         0.243
 PSRXSES        0.000         0.000         0.000         0.000         0.000
 PSRXDSES       0.000         0.000         0.000         0.000         0.000
 M1CHADV        0.000         0.000         0.000         0.000         0.000
 DSES           0.000         0.000         0.000         0.000         0.000
 B1PAGE_M       0.000         0.000         0.000         0.000         0.000
 SEX            0.000         0.000         0.000         0.000         0.000


           PSI
              PSRXSES       PSRXDSES      M1CHADV       DSES          B1PAGE_M
              ________      ________      ________      ________      ________
 PSRXSES        0.525
 PSRXDSES       0.000         0.717
 M1CHADV        0.000         0.000         0.500
 DSES           0.000         0.000         0.000         0.768
 B1PAGE_M       0.000         0.000         0.000         0.000         0.685
 SEX            0.000         0.000         0.000         0.000         0.000


           PSI
              SEX
              ________
 SEX            0.123


DIAGRAM INFORMATION

  Use View Diagram under the Diagram menu in the Mplus Editor to view the diagram.
  If running Mplus from the Mplus Diagrammer, the diagram opens automatically.

  Diagram output
    c:\users\joshua\onedrive\projects\midus\jw-midus-al\psr_al_final_imputed\psr_al_final_interactio

     Beginning Time:  14:46:27
        Ending Time:  15:13:35
       Elapsed Time:  00:27:08



MUTHEN & MUTHEN
3463 Stoner Ave.
Los Angeles, CA  90066

Tel: (310) 391-9971
Fax: (310) 391-8971
Web: www.StatModel.com
Support: Support@StatModel.com

Copyright (c) 1998-2014 Muthen & Muthen
