Mplus VERSION 7.3
MUTHEN & MUTHEN
11/11/2015  11:03 PM

INPUT INSTRUCTIONS

  TITLE:
  PSR Lipid Model
  DATA:
  FILE = "psr_lipid_final_interactions6.dat";
  TYPE = IMPUTATION;

  VARIABLE:
  NAMES = M2ID m2famnum b1page_m2 b1pgender m1chadv m2aadv LifeStress
       p4majorconditions p4minorconditions p4sumburden Diet ExtremeDiet OverallDiet
       PSQI1 PSQI2 PSQI3 Smoke CurrentSmoke RiskyBehaviors CurrentAlcohol WorstAlcohol
       FreqInt FreqDurInt FreqIntW FreqDurIntW PhysAct B4QCESD B4QMA_D B4QMA_A
       B4QMA_LI B4QMA_AA B4QMA_PA Imputation MASTERY CONSTRAINT SELFESTEEM OPTIMISM
       PESSIMISM FAMILYSUPT FRIENDSUPT SPOUSESUPT PR SR bi_sym bi_hpa bi_card bi_gluc
       bi_lipid bi_infl bi_para F NegAff PosAff PSR CAHeavy CAFrequent CAInfrequent
       CANone dSES Milwaukee;
   MISSING=.;

     USEVARIABLES =
        m1chadv dSES PSR LifeStress
        b1page_m2
        NegAff
        bi_lipid
        PSQI3 CurrentSmoke RiskyBehaviors
        CANone CAFrequent CAHeavy PhysAct
        OverallDiet
        p4majorconditions
        sex
        !PSRxStress
        PSRxSES PSRxdSES
   !     PSRxSex
        ;

    IDVARIABLE = M2ID;
      CLUSTER = m2famnum;
      COUNT = LifeStress p4majorconditions;
      CATEGORICAL = CANone CAFrequent CAHeavy
         CurrentSmoke PhysAct RiskyBehaviors;
      DEFINE:
      Sex = b1pgender;
      !PSRxStress = LifeStress * PSR;
      PSRxSES = m1chadv * PSR;
      PSRxdSES = dSES * PSR;
  !    PSRxSex = Sex * PSR;


  ANALYSIS:

    TYPE = COMPLEX;
    Estimator = MLR;
    PROCESSORS = 8;
    !MCONVERGENCE  = .000005;
    !H1CONVERGENCE = .000005;
    !LOGCRITERION  = .000005;
    !RLOGCRITERION = .000005;
    !ITERATIONS = 15000;
    !MITERATIONS = 7500;
    !H1ITERATIONS = 15000;
    INTEGRATION = MONTECARLO (500);

  MODEL:

  !  [PSRxStress PSRxSES PSRxdSES PSRxSex];
  !  PSRxStress WITH PSRxSES* PSRxdSES* PSRxSex*;
  !  PSRxSES WITH PSRxdSES* PSRxSex*;
  !  PSRxdSES WITH PSRxSex*;

    [PSRxSES PSRxdSES];
    PSRxSES WITH PSRxdSES*;

    ! Step 1
      LifeStress ON
        sex b1page_m2
        m1chadv (a1a)
        dSES (a1b)
        ;

      PSR ON
        sex b1page_m2
        m1chadv (a2a)
        dSES (a2b)
        ;

      ! Step 2
      NegAff ON
        sex b1page_m2
        m1chadv (a3a)
        dSES (a3b)
        PSR (b3)
        LifeStress (c3)
        !PSRxStress
        PSRxSES (ab3a)
        PSRxdSES (ab3b)
        !PSRxSex
        ;

      ! Step 3
        PSQI3 ON
        sex b1page_m2
        m1chadv (a4a)
        dSES (a4b)
        PSR (b4)
        LifeStress (c4)
        NegAff (d4)
        !PSRxStress
        PSRxSES (ab4a)
        PSRxdSES (ab4b)
        !PSRxSex
        ;

        CurrentSmoke ON
        sex b1page_m2
        m1chadv (a5a)
        dSES (a5b)
        PSR (b5)
        LifeStress (c5)
        NegAff (d5)
        !PSRxStress
        !PSRxSES
        !PSRxdSES
        !PSRxSex
        ;

        RiskyBehaviors ON
        sex b1page_m2
        m1chadv (a6a)
        dSES (a6b)
        PSR (b6)
        LifeStress (c6)
        NegAff (d6)
        !PSRxStress
        !PSRxSES
        !PSRxdSES
        !PSRxSex
        ;

        CANone ON
        sex b1page_m2
        m1chadv (a7a)
        dSES (a7b)
        PSR (b7)
        LifeStress (c7)
        NegAff (d7)
        !PSRxStress
        !PSRxSES
        !PSRxdSES
        !PSRxSex
        ;
        CAFrequent ON
        sex b1page_m2
        m1chadv (a8a)
        dSES (a8b)
        PSR (b8)
        LifeStress (c8)
        NegAff (d8)
        !PSRxStress
        !PSRxSES
        !PSRxdSES
        !PSRxSex
        ;
        CAHeavy ON
        sex b1page_m2
        m1chadv (a9a)
        dSES (a9b)
        PSR (b9)
        LifeStress (c9)
        NegAff (d9)
        !PSRxStress
        !PSRxSES
        !PSRxdSES
        !PSRxSex
        ;


        PhysAct ON
        sex b1page_m2
        m1chadv (a10a)
        dSES (a10b)
        PSR (b10)
        LifeStress (c10)
        NegAff (d10)
        !PSRxStress
        !PSRxSES
        !PSRxdSES
        !PSRxSex
        ;

        ! use OverallDietsq ?
        OverallDiet ON
        sex b1page_m2
        m1chadv (a11a)
        dSES (a11b)
        PSR (b11)
        LifeStress (c11)
        NegAff (d11)
        !PSRxStress
        !PSRxSES
        !PSRxdSES
        !PSRxSex
        ;


      ! Step 4
        bi_lipid ON
        sex b1page_m2
        m1chadv (a12a)
        dSES (a12b)
        PSR (b12)
        LifeStress (c12)
        NegAff (d12)
        PSQI3 (e12)
        CurrentSmoke (f12)
        RiskyBehaviors (g12)
        CANone (h12)
        CAFrequent (i12)
        CAHeavy (j12)
        PhysAct (k12)
        OverallDiet (l12)
        !PSRxStress
        !PSRxSES
        !PSRxdSES
        !PSRxSex
       ;

        ! Step 5
        p4majorconditions ON
        sex b1page_m2
        m1chadv (a13a)
        dSES (a13b)
        PSR (b13)
        LifeStress (c13)
        NegAff (d13)
        PSQI3 (e13)
        CurrentSmoke (f13)
        RiskyBehaviors (g13)
        CANone (h13)
        CAFrequent (i13)
        CAHeavy (j13)
        PhysAct (k13)
        OverallDiet (l13)
        bi_lipid (m13)
        !PSRxStress
        !PSRxSES
        !PSRxdSES
        !PSRxSex
        ;

       MODEL CONSTRAINT:
         NEW(ind1 tot1 ind2);
         ind1 = e12 * m13;
         tot1 = ind1 + e13;
         ind2 = ind1 * b4;

  OUTPUT:

     CINTERVAL;



*** WARNING in VARIABLE command
  Note that only the first 8 characters of variable names are used in the output.
  Shorten variable names to avoid any confusion.
*** WARNING in OUTPUT command
  CINTERVAL option is not available with multiple imputation.
  Request for CINTERVAL is ignored.
   2 WARNING(S) FOUND IN THE INPUT INSTRUCTIONS




PSR Lipid Model

SUMMARY OF ANALYSIS

Number of groups                                                 1
Average number of observations                                1253

Number of replications
    Requested                                                   50
    Completed                                                   50

Number of dependent variables                                   13
Number of independent variables                                  6
Number of continuous latent variables                            0

Observed dependent variables

  Continuous
   PSR         NEGAFF      BI_LIPID    PSQI3       OVERALLDIE

  Binary and ordered categorical (ordinal)
   CURRENTS    RISKYBEH    CANONE      CAFREQUE    CAHEAVY     PHYSACT

  Count
   LIFESTRE    P4MAJORC

Observed independent variables
   M1CHADV     DSES        B1PAGE_M    SEX         PSRXSES     PSRXDSES

Variables with special functions

  Cluster variable      M2FAMNUM
  ID variable           M2ID

Estimator                                                      MLR
Information matrix                                        OBSERVED
Optimization Specifications for the Quasi-Newton Algorithm for
Continuous Outcomes
  Maximum number of iterations                                 100
  Convergence criterion                                  0.100D-05
Optimization Specifications for the EM Algorithm
  Maximum number of iterations                                 500
  Convergence criteria
    Loglikelihood change                                 0.100D-02
    Relative loglikelihood change                        0.100D-05
    Derivative                                           0.100D-02
Optimization Specifications for the M step of the EM Algorithm for
Categorical Latent variables
  Number of M step iterations                                    1
  M step convergence criterion                           0.100D-02
  Basis for M step termination                           ITERATION
Optimization Specifications for the M step of the EM Algorithm for
Censored, Binary or Ordered Categorical (Ordinal), Unordered
Categorical (Nominal) and Count Outcomes
  Number of M step iterations                                    1
  M step convergence criterion                           0.100D-02
  Basis for M step termination                           ITERATION
  Maximum value for logit thresholds                            15
  Minimum value for logit thresholds                           -15
  Minimum expected cell size for chi-square              0.100D-01
Maximum number of iterations for H1                           2000
Convergence criterion for H1                             0.100D-03
Optimization algorithm                                         EMA
Integration Specifications
  Type                                                  MONTECARLO
  Number of integration points                                 500
  Dimensions of numerical integration                            6
  Adaptive quadrature                                           ON
  Monte Carlo integration seed                                   0
Link                                                         LOGIT
Cholesky                                                       OFF

Input data file(s)
  Multiple data files from
    psr_lipid_final_interactions6.dat
Input data format  FREE


SUMMARY OF DATA FOR THE FIRST DATA SET

     Number of missing data patterns             7
     Number of clusters        1096



SUMMARY OF MISSING DATA PATTERNS FOR THE FIRST DATA SET


     MISSING DATA PATTERNS (x = not missing)

           1  2  3  4  5  6  7
 CURRENTS  x  x  x  x  x  x  x
 RISKYBEH  x  x  x  x  x  x  x
 CANONE    x     x  x  x  x  x
 CAFREQUE  x     x  x  x  x  x
 CAHEAVY   x     x  x  x  x  x
 PHYSACT   x  x  x  x  x  x  x
 PSR       x  x  x  x  x  x  x
 NEGAFF    x  x  x  x        x
 BI_LIPID  x  x  x  x  x  x  x
 PSQI3     x  x  x     x  x
 OVERALLD  x  x     x  x
 PSRXSES   x  x  x  x  x  x  x
 PSRXDSES  x  x  x  x  x  x  x
 M1CHADV   x  x  x  x  x  x  x
 DSES      x  x  x  x  x  x  x
 B1PAGE_M  x  x  x  x  x  x  x
 SEX       x  x  x  x  x  x  x


     MISSING DATA PATTERN FREQUENCIES

    Pattern   Frequency     Pattern   Frequency     Pattern   Frequency
          1        1157           4          26           7           1
          2           2           5           2
          3          64           6           1


     MISSING DATA PATTERNS FOR U (x = not missing)

           1  2
 CURRENTS  x  x
 RISKYBEH  x  x
 CANONE    x
 CAFREQUE  x
 CAHEAVY   x
 PHYSACT   x  x


     MISSING DATA PATTERN FREQUENCIES FOR U

    Pattern   Frequency     Pattern   Frequency
          1        1251           2           2


     MISSING DATA PATTERNS FOR Y (x = not missing)

           1  2  3  4  5  6
 PSR       x  x  x  x  x  x
 NEGAFF    x  x  x        x
 BI_LIPID  x  x  x  x  x  x
 PSQI3     x  x     x  x
 OVERALLD  x     x  x
 PSRXSES   x  x  x  x  x  x
 PSRXDSES  x  x  x  x  x  x
 M1CHADV   x  x  x  x  x  x
 DSES      x  x  x  x  x  x
 B1PAGE_M  x  x  x  x  x  x
 SEX       x  x  x  x  x  x


     MISSING DATA PATTERN FREQUENCIES FOR Y

    Pattern   Frequency     Pattern   Frequency     Pattern   Frequency
          1        1159           3          26           5           1
          2          64           4           2           6           1


COVARIANCE COVERAGE OF DATA FOR THE FIRST DATA SET

Minimum covariance coverage value   0.100


     PROPORTION OF DATA PRESENT


           Covariance Coverage
              CURRENTS      RISKYBEH      CANONE        CAFREQUE      CAHEAVY
              ________      ________      ________      ________      ________
 CURRENTS       1.000
 RISKYBEH       1.000         1.000
 CANONE         0.998         0.998         0.998
 CAFREQUE       0.998         0.998         0.998         0.998
 CAHEAVY        0.998         0.998         0.998         0.998         0.998
 PHYSACT        1.000         1.000         0.998         0.998         0.998
 PSR            1.000         1.000         0.998         0.998         0.998
 NEGAFF         0.998         0.998         0.996         0.996         0.996
 BI_LIPID       1.000         1.000         0.998         0.998         0.998
 PSQI3          0.978         0.978         0.977         0.977         0.977
 OVERALLD       0.947         0.947         0.946         0.946         0.946
 PSRXSES        1.000         1.000         0.998         0.998         0.998
 PSRXDSES       1.000         1.000         0.998         0.998         0.998
 M1CHADV        1.000         1.000         0.998         0.998         0.998
 DSES           1.000         1.000         0.998         0.998         0.998
 B1PAGE_M       1.000         1.000         0.998         0.998         0.998
 SEX            1.000         1.000         0.998         0.998         0.998


           Covariance Coverage
              PHYSACT       PSR           NEGAFF        BI_LIPID      PSQI3
              ________      ________      ________      ________      ________
 PHYSACT        1.000
 PSR            1.000         1.000
 NEGAFF         0.998         0.998         0.998
 BI_LIPID       1.000         1.000         0.998         1.000
 PSQI3          0.978         0.978         0.976         0.978         0.978
 OVERALLD       0.947         0.947         0.946         0.947         0.927
 PSRXSES        1.000         1.000         0.998         1.000         0.978
 PSRXDSES       1.000         1.000         0.998         1.000         0.978
 M1CHADV        1.000         1.000         0.998         1.000         0.978
 DSES           1.000         1.000         0.998         1.000         0.978
 B1PAGE_M       1.000         1.000         0.998         1.000         0.978
 SEX            1.000         1.000         0.998         1.000         0.978


           Covariance Coverage
              OVERALLD      PSRXSES       PSRXDSES      M1CHADV       DSES
              ________      ________      ________      ________      ________
 OVERALLD       0.947
 PSRXSES        0.947         1.000
 PSRXDSES       0.947         1.000         1.000
 M1CHADV        0.947         1.000         1.000         1.000
 DSES           0.947         1.000         1.000         1.000         1.000
 B1PAGE_M       0.947         1.000         1.000         1.000         1.000
 SEX            0.947         1.000         1.000         1.000         1.000


           Covariance Coverage
              B1PAGE_M      SEX
              ________      ________
 B1PAGE_M       1.000
 SEX            1.000         1.000


     PROPORTION OF DATA PRESENT FOR U


           Covariance Coverage
              CURRENTS      RISKYBEH      CANONE        CAFREQUE      CAHEAVY
              ________      ________      ________      ________      ________
 CURRENTS       1.000
 RISKYBEH       1.000         1.000
 CANONE         0.998         0.998         0.998
 CAFREQUE       0.998         0.998         0.998         0.998
 CAHEAVY        0.998         0.998         0.998         0.998         0.998
 PHYSACT        1.000         1.000         0.998         0.998         0.998


           Covariance Coverage
              PHYSACT
              ________
 PHYSACT        1.000


     PROPORTION OF DATA PRESENT FOR Y


           Covariance Coverage
              PSR           NEGAFF        BI_LIPID      PSQI3         OVERALLD
              ________      ________      ________      ________      ________
 PSR            1.000
 NEGAFF         0.998         0.998
 BI_LIPID       1.000         0.998         1.000
 PSQI3          0.978         0.976         0.978         0.978
 OVERALLD       0.947         0.946         0.947         0.927         0.947
 PSRXSES        1.000         0.998         1.000         0.978         0.947
 PSRXDSES       1.000         0.998         1.000         0.978         0.947
 M1CHADV        1.000         0.998         1.000         0.978         0.947
 DSES           1.000         0.998         1.000         0.978         0.947
 B1PAGE_M       1.000         0.998         1.000         0.978         0.947
 SEX            1.000         0.998         1.000         0.978         0.947


           Covariance Coverage
              PSRXSES       PSRXDSES      M1CHADV       DSES          B1PAGE_M
              ________      ________      ________      ________      ________
 PSRXSES        1.000
 PSRXDSES       1.000         1.000
 M1CHADV        1.000         1.000         1.000
 DSES           1.000         1.000         1.000         1.000
 B1PAGE_M       1.000         1.000         1.000         1.000         1.000
 SEX            1.000         1.000         1.000         1.000         1.000


           Covariance Coverage
              SEX
              ________
 SEX            1.000


UNIVARIATE PROPORTIONS FOR CATEGORICAL VARIABLES

NOTE:  These are average results over 50 data sets.

    CURRENTS
      Category 1    0.852
      Category 2    0.148
    RISKYBEH
      Category 1    0.933
      Category 2    0.067
    CANONE
      Category 1    0.647
      Category 2    0.353
    CAFREQUE
      Category 1    0.805
      Category 2    0.195
    CAHEAVY
      Category 1    0.949
      Category 2    0.051
    PHYSACT
      Category 1    0.239
      Category 2    0.255
      Category 3    0.259
      Category 4    0.247


COUNT PROPORTION OF ZERO, MINIMUM AND MAXIMUM VALUES

      LIFESTRE    0.065         0        16
      P4MAJORC    0.390         0         6


SAMPLE STATISTICS

NOTE:  These are average results over 50 data sets.


     SAMPLE STATISTICS


           Means
              PSR           NEGAFF        BI_LIPID      PSQI3         OVERALLD
              ________      ________      ________      ________      ________
 1              0.001         0.005         0.001         5.617         1.105


           Means
              PSRXSES       PSRXDSES      M1CHADV       DSES          B1PAGE_M
              ________      ________      ________      ________      ________
 1              0.138         0.144         0.000         0.001        -0.046


           Means
              SEX
              ________
 1              0.568


           Covariances
              PSR           NEGAFF        BI_LIPID      PSQI3         OVERALLD
              ________      ________      ________      ________      ________
 PSR            0.999
 NEGAFF        -0.473         1.013
 BI_LIPID      -0.012         0.019         0.052
 PSQI3         -0.650         0.983         0.047         9.662
 OVERALLD      -0.106         0.107         0.010         0.323         0.487
 PSRXSES       -0.086         0.094        -0.008         0.302         0.029
 PSRXDSES      -0.020         0.050         0.009         0.121        -0.018
 M1CHADV        0.138        -0.077        -0.007        -0.409        -0.059
 DSES           0.144        -0.195        -0.008        -0.300        -0.060
 B1PAGE_M       0.201        -0.278         0.000        -0.226        -0.128
 SEX            0.015         0.037         0.000         0.189        -0.051


           Covariances
              PSRXSES       PSRXDSES      M1CHADV       DSES          B1PAGE_M
              ________      ________      ________      ________      ________
 PSRXSES        1.088
 PSRXDSES      -0.805         1.514
 M1CHADV       -0.116         0.068         0.999
 DSES           0.068        -0.081        -0.769         1.536
 B1PAGE_M      -0.053        -0.005        -0.127         0.285         1.371
 SEX            0.020        -0.003        -0.021        -0.048        -0.027


           Covariances
              SEX
              ________
 SEX            0.245


           Correlations
              PSR           NEGAFF        BI_LIPID      PSQI3         OVERALLD
              ________      ________      ________      ________      ________
 PSR            1.000
 NEGAFF        -0.470         1.000
 BI_LIPID      -0.051         0.081         1.000
 PSQI3         -0.209         0.314         0.066         1.000
 OVERALLD      -0.152         0.152         0.064         0.149         1.000
 PSRXSES       -0.083         0.089        -0.034         0.093         0.039
 PSRXDSES      -0.016         0.040         0.033         0.032        -0.021
 M1CHADV        0.138        -0.077        -0.032        -0.132        -0.084
 DSES           0.116        -0.156        -0.030        -0.078        -0.069
 B1PAGE_M       0.172        -0.236        -0.001        -0.062        -0.157
 SEX            0.029         0.074        -0.001         0.123        -0.147


           Correlations
              PSRXSES       PSRXDSES      M1CHADV       DSES          B1PAGE_M
              ________      ________      ________      ________      ________
 PSRXSES        1.000
 PSRXDSES      -0.627         1.000
 M1CHADV       -0.111         0.055         1.000
 DSES           0.052        -0.053        -0.621         1.000
 B1PAGE_M      -0.044        -0.003        -0.109         0.197         1.000
 SEX            0.038        -0.005        -0.043        -0.078        -0.047


           Correlations
              SEX
              ________
 SEX            1.000




MODEL FIT INFORMATION

Number of Free Parameters                      130

Loglikelihood

    H0 Value

        Mean                            -19394.948
        Std Dev                            195.421
        Number of successful computations       50

             Proportions                   Percentiles
        Expected    Observed         Expected       Observed
           0.990       0.980       -19849.555     -19946.643
           0.980       0.980       -19796.284     -19946.643
           0.950       0.940       -19716.396     -19780.401
           0.900       0.900       -19645.399     -19716.214
           0.800       0.800       -19559.414     -19613.078
           0.700       0.720       -19497.427     -19476.806
           0.500       0.580       -19394.948     -19377.792
           0.300       0.360       -19292.470     -19261.398
           0.200       0.140       -19230.482     -19249.383
           0.100       0.060       -19144.497     -19203.645
           0.050       0.040       -19073.501     -19188.455
           0.020       0.020       -18993.613     -19052.354
           0.010       0.000       -18940.341     -19052.354

Information Criteria

    Akaike (AIC)

        Mean                             39049.897
        Std Dev                            390.841
        Number of successful computations       50

             Proportions                   Percentiles
        Expected    Observed         Expected       Observed
           0.990       1.000        38140.682      38220.810
           0.980       0.980        38247.226      38220.810
           0.950       0.960        38407.002      38364.707
           0.900       0.940        38548.994      38636.911
           0.800       0.860        38720.964      38754.437
           0.700       0.640        38844.939      38782.096
           0.500       0.420        39049.897      39015.104
           0.300       0.280        39254.854      39131.488
           0.200       0.200        39378.829      39360.933
           0.100       0.100        39550.799      39550.413
           0.050       0.060        39692.791      39692.427
           0.020       0.020        39852.567      39820.802
           0.010       0.020        39959.111      39820.802

    Bayesian (BIC)

        Mean                             39717.225
        Std Dev                            390.841
        Number of successful computations       50

             Proportions                   Percentiles
        Expected    Observed         Expected       Observed
           0.990       1.000        38808.011      38888.138
           0.980       0.980        38914.554      38888.138
           0.950       0.960        39074.330      39032.036
           0.900       0.940        39216.323      39304.239
           0.800       0.860        39388.293      39421.765
           0.700       0.640        39512.268      39449.424
           0.500       0.420        39717.225      39682.433
           0.300       0.280        39922.182      39798.816
           0.200       0.200        40046.157      40028.261
           0.100       0.100        40218.127      40217.741
           0.050       0.060        40360.120      40359.756
           0.020       0.020        40519.896      40488.130
           0.010       0.020        40626.439      40488.130

    Sample-Size Adjusted BIC (n* = (n + 2) / 24)

        Mean                             39304.285
        Std Dev                            390.841
        Number of successful computations       50

             Proportions                   Percentiles
        Expected    Observed         Expected       Observed
           0.990       1.000        38395.071      38475.199
           0.980       0.980        38501.615      38475.199
           0.950       0.960        38661.390      38619.096
           0.900       0.940        38803.383      38891.300
           0.800       0.860        38975.353      39008.826
           0.700       0.640        39099.328      39036.485
           0.500       0.420        39304.285      39269.493
           0.300       0.280        39509.243      39385.877
           0.200       0.200        39633.217      39615.322
           0.100       0.100        39805.188      39804.802
           0.050       0.060        39947.180      39946.816
           0.020       0.020        40106.956      40075.190
           0.010       0.020        40213.500      40075.190



MODEL RESULTS

                                                    Two-Tailed   Rate of
                    Estimate       S.E.  Est./S.E.    P-Value    Missing

 LIFESTRESS ON
    SEX               -0.133      0.039     -3.438      0.001      0.000
    B1PAGE_M2          0.007      0.016      0.412      0.680      0.000
    M1CHADV           -0.364      0.023    -15.899      0.000      0.000
    DSES              -0.236      0.020    -11.749      0.000      0.000

 PSR        ON
    SEX                0.152      0.062      2.455      0.014      0.205
    B1PAGE_M2          0.130      0.026      4.922      0.000      0.211
    M1CHADV            0.350      0.038      9.100      0.000      0.171
    DSES               0.250      0.030      8.271      0.000      0.146

 NEGAFF     ON
    SEX                0.136      0.055      2.461      0.014      0.174
    B1PAGE_M2         -0.125      0.023     -5.501      0.000      0.122
    M1CHADV           -0.073      0.038     -1.947      0.052      0.164
    DSES              -0.093      0.030     -3.050      0.002      0.152
    PSR               -0.394      0.031    -12.733      0.000      0.320
    LIFESTRESS         0.041      0.012      3.499      0.000      0.181
    PSRXSES            0.086      0.036      2.381      0.017      0.324
    PSRXDSES           0.068      0.032      2.119      0.034      0.334

 PSQI3      ON
    SEX                0.618      0.170      3.639      0.000      0.013
    B1PAGE_M2          0.042      0.072      0.586      0.558      0.018
    M1CHADV           -0.359      0.116     -3.109      0.002      0.019
    DSES              -0.240      0.096     -2.504      0.012      0.013
    PSR               -0.134      0.108     -1.239      0.215      0.196
    LIFESTRESS         0.182      0.039      4.692      0.000      0.013
    NEGAFF             0.683      0.112      6.083      0.000      0.180
    PSRXSES            0.281      0.113      2.484      0.013      0.151
    PSRXDSES           0.199      0.101      1.974      0.048      0.178

 CURRENTSMO ON
    SEX               -0.450      0.179     -2.509      0.012      0.004
    B1PAGE_M2         -0.362      0.074     -4.861      0.000      0.005
    M1CHADV           -0.553      0.131     -4.238      0.000      0.007
    DSES              -0.577      0.111     -5.195      0.000      0.004
    PSR                0.071      0.106      0.675      0.499      0.167
    LIFESTRESS         0.131      0.031      4.163      0.000      0.005
    NEGAFF             0.263      0.113      2.327      0.020      0.152

 RISKYBEHAV ON
    SEX               -1.406      0.261     -5.388      0.000      0.004
    B1PAGE_M2          0.017      0.087      0.195      0.845      0.012
    M1CHADV           -0.405      0.172     -2.346      0.019      0.011
    DSES              -0.330      0.127     -2.598      0.009      0.011
    PSR               -0.110      0.147     -0.745      0.457      0.240
    LIFESTRESS        -0.008      0.044     -0.192      0.848      0.006
    NEGAFF             0.074      0.133      0.554      0.579      0.187

 CANONE     ON
    SEX                0.430      0.129      3.327      0.001      0.004
    B1PAGE_M2          0.167      0.057      2.937      0.003      0.006
    M1CHADV           -0.308      0.086     -3.557      0.000      0.007
    DSES              -0.286      0.069     -4.156      0.000      0.007
    PSR               -0.032      0.079     -0.407      0.684      0.182
    LIFESTRESS        -0.038      0.026     -1.486      0.137      0.004
    NEGAFF            -0.096      0.081     -1.186      0.236      0.152

 CAFREQUENT ON
    SEX               -0.675      0.153     -4.424      0.000      0.005
    B1PAGE_M2          0.153      0.069      2.230      0.026      0.012
    M1CHADV            0.451      0.116      3.869      0.000      0.009
    DSES               0.355      0.088      4.031      0.000      0.009
    PSR                0.139      0.098      1.424      0.155      0.227
    LIFESTRESS        -0.007      0.032     -0.223      0.823      0.006
    NEGAFF             0.210      0.095      2.215      0.027      0.198

 CAHEAVY    ON
    SEX               -1.705      0.302     -5.639      0.000      0.001
    B1PAGE_M2         -0.683      0.118     -5.797      0.000      0.003
    M1CHADV           -0.515      0.247     -2.089      0.037      0.005
    DSES              -0.530      0.184     -2.877      0.004      0.004
    PSR               -0.058      0.154     -0.376      0.707      0.183
    LIFESTRESS         0.167      0.045      3.687      0.000      0.004
    NEGAFF            -0.098      0.147     -0.664      0.507      0.096

 PHYSACT    ON
    SEX               -0.352      0.110     -3.206      0.001      0.004
    B1PAGE_M2         -0.147      0.043     -3.396      0.001      0.008
    M1CHADV            0.176      0.074      2.375      0.018      0.008
    DSES               0.107      0.057      1.874      0.061      0.007
    PSR                0.120      0.068      1.773      0.076      0.211
    LIFESTRESS         0.004      0.023      0.173      0.862      0.004
    NEGAFF            -0.075      0.066     -1.127      0.260      0.177

 OVERALLDIE ON
    SEX               -0.251      0.041     -6.075      0.000      0.004
    B1PAGE_M2         -0.078      0.017     -4.592      0.000      0.006
    M1CHADV           -0.133      0.028     -4.713      0.000      0.008
    DSES              -0.090      0.022     -4.165      0.000      0.007
    PSR               -0.030      0.025     -1.214      0.225      0.164
    LIFESTRESS         0.002      0.008      0.181      0.856      0.003
    NEGAFF             0.050      0.026      1.930      0.054      0.133

 BI_LIPID   ON
    SEX               -0.011      0.021     -0.528      0.598      0.525
    B1PAGE_M2          0.002      0.008      0.308      0.758      0.452
    M1CHADV           -0.008      0.011     -0.731      0.465      0.298
    DSES              -0.007      0.010     -0.764      0.445      0.410
    PSR                0.001      0.009      0.130      0.897      0.374
    LIFESTRESS         0.000      0.003      0.084      0.933      0.345
    NEGAFF             0.015      0.010      1.473      0.141      0.459
    PSQI3              0.003      0.003      0.948      0.343      0.318
    CURRENTSMO        -0.029      0.025     -1.179      0.238      0.317
    RISKYBEHAV         0.042      0.031      1.375      0.169      0.357
    CANONE             0.026      0.018      1.450      0.147      0.341
    CAFREQUENT        -0.031      0.021     -1.497      0.134      0.257
    CAHEAVY           -0.014      0.042     -0.331      0.741      0.270
    PHYSACT           -0.008      0.007     -1.165      0.244      0.268
    OVERALLDIE         0.012      0.012      0.999      0.318      0.262

 P4MAJORCON ON
    SEX                0.018      0.061      0.290      0.772      0.007
    B1PAGE_M2          0.327      0.025     13.044      0.000      0.007
    M1CHADV           -0.055      0.039     -1.394      0.163      0.013
    DSES              -0.098      0.033     -2.993      0.003      0.012
    PSR                0.055      0.038      1.449      0.147      0.214
    LIFESTRESS         0.028      0.011      2.526      0.012      0.005
    NEGAFF             0.074      0.036      2.050      0.040      0.106
    PSQI3              0.048      0.009      5.226      0.000      0.007
    CURRENTSMO        -0.019      0.088     -0.219      0.827      0.004
    RISKYBEHAV         0.213      0.113      1.878      0.060      0.005
    CANONE             0.126      0.063      2.001      0.045      0.003
    CAFREQUENT        -0.007      0.080     -0.081      0.935      0.005
    CAHEAVY           -0.063      0.138     -0.458      0.647      0.002
    PHYSACT           -0.122      0.025     -4.931      0.000      0.005
    OVERALLDIE         0.034      0.042      0.809      0.419      0.003
    BI_LIPID           0.086      0.172      0.497      0.619      0.436

 PSRXSES  WITH
    PSRXDSES          -0.805      0.085     -9.458      0.000      0.134

 Means
    PSRXSES            0.138      0.034      4.115      0.000      0.196
    PSRXDSES           0.144      0.039      3.721      0.000      0.174

 Intercepts
    PSR               -0.080      0.045     -1.781      0.075      0.126
    NEGAFF            -0.251      0.064     -3.943      0.000      0.236
    BI_LIPID          -0.011      0.030     -0.357      0.721      0.334
    PSQI3              4.530      0.190     23.823      0.000      0.013
    OVERALLDIE         1.238      0.045     27.459      0.000      0.003
    LIFESTRESS         1.339      0.028     47.805      0.000      0.000
    P4MAJORCON        -0.297      0.109     -2.720      0.007      0.005

 Thresholds
    CURRENTS$1         2.328      0.190     12.225      0.000      0.002
    RISKYBEH$1         2.053      0.223      9.212      0.000      0.004
    CANONE$1           0.721      0.142      5.094      0.000      0.005
    CAFREQUE$1         1.108      0.170      6.500      0.000      0.005
    CAHEAVY$1          3.416      0.282     12.107      0.000      0.004
    PHYSACT$1         -1.366      0.131    -10.444      0.000      0.002
    PHYSACT$2         -0.198      0.127     -1.556      0.120      0.002
    PHYSACT$3          0.967      0.132      7.333      0.000      0.003

 Variances
    PSRXSES            1.088      0.103     10.615      0.000      0.140
    PSRXDSES           1.514      0.126     12.016      0.000      0.152

 Residual Variances
    PSR                0.886      0.036     24.824      0.000      0.039
    NEGAFF             0.725      0.043     16.730      0.000      0.371
    BI_LIPID           0.050      0.016      3.106      0.002      0.984
    PSQI3              8.078      0.362     22.330      0.000      0.019
    OVERALLDIE         0.442      0.023     19.033      0.000      0.001

New/Additional Parameters
    IND1               0.000      0.001      0.379      0.704      0.373
    TOT1               0.048      0.009      5.246      0.000      0.007
    IND2               0.000      0.000     -0.342      0.732      0.317


QUALITY OF NUMERICAL RESULTS

     Average Condition Number for the Information Matrix      0.105E-07
       (ratio of smallest to largest eigenvalue)


TECHNICAL 1 OUTPUT


     PARAMETER SPECIFICATION


           TAU
              CURRENTS      RISKYBEH      CANONE$1      CAFREQUE      CAHEAVY$
              ________      ________      ________      ________      ________
 1                123           124           125           126           127


           TAU
              PHYSACT$      PHYSACT$      PHYSACT$
              ________      ________      ________
 1                128           129           130


           NU
              LIFESTRE      LIFESTRE      P4MAJORC      P4MAJORC      CURRENTS
              ________      ________      ________      ________      ________
 1                  0             0             0             0             0


           NU
              RISKYBEH      CANONE        CAFREQUE      CAHEAVY       PHYSACT
              ________      ________      ________      ________      ________
 1                  0             0             0             0             0


           NU
              PSR           NEGAFF        BI_LIPID      PSQI3         OVERALLD
              ________      ________      ________      ________      ________
 1                  0             0             0             0             0


           NU
              PSRXSES       PSRXDSES      M1CHADV       DSES          B1PAGE_M
              ________      ________      ________      ________      ________
 1                  0             0             0             0             0


           NU
              SEX
              ________
 1                  0


           LAMBDA
              LIFESTRE      LIFESTRE      P4MAJORC      P4MAJORC      CURRENTS
              ________      ________      ________      ________      ________
 LIFESTRE           0             0             0             0             0
 LIFESTRE           0             0             0             0             0
 P4MAJORC           0             0             0             0             0
 P4MAJORC           0             0             0             0             0
 CURRENTS           0             0             0             0             0
 RISKYBEH           0             0             0             0             0
 CANONE             0             0             0             0             0
 CAFREQUE           0             0             0             0             0
 CAHEAVY            0             0             0             0             0
 PHYSACT            0             0             0             0             0
 PSR                0             0             0             0             0
 NEGAFF             0             0             0             0             0
 BI_LIPID           0             0             0             0             0
 PSQI3              0             0             0             0             0
 OVERALLD           0             0             0             0             0
 PSRXSES            0             0             0             0             0
 PSRXDSES           0             0             0             0             0
 M1CHADV            0             0             0             0             0
 DSES               0             0             0             0             0
 B1PAGE_M           0             0             0             0             0
 SEX                0             0             0             0             0


           LAMBDA
              RISKYBEH      CANONE        CAFREQUE      CAHEAVY       PHYSACT
              ________      ________      ________      ________      ________
 LIFESTRE           0             0             0             0             0
 LIFESTRE           0             0             0             0             0
 P4MAJORC           0             0             0             0             0
 P4MAJORC           0             0             0             0             0
 CURRENTS           0             0             0             0             0
 RISKYBEH           0             0             0             0             0
 CANONE             0             0             0             0             0
 CAFREQUE           0             0             0             0             0
 CAHEAVY            0             0             0             0             0
 PHYSACT            0             0             0             0             0
 PSR                0             0             0             0             0
 NEGAFF             0             0             0             0             0
 BI_LIPID           0             0             0             0             0
 PSQI3              0             0             0             0             0
 OVERALLD           0             0             0             0             0
 PSRXSES            0             0             0             0             0
 PSRXDSES           0             0             0             0             0
 M1CHADV            0             0             0             0             0
 DSES               0             0             0             0             0
 B1PAGE_M           0             0             0             0             0
 SEX                0             0             0             0             0


           LAMBDA
              PSR           NEGAFF        BI_LIPID      PSQI3         OVERALLD
              ________      ________      ________      ________      ________
 LIFESTRE           0             0             0             0             0
 LIFESTRE           0             0             0             0             0
 P4MAJORC           0             0             0             0             0
 P4MAJORC           0             0             0             0             0
 CURRENTS           0             0             0             0             0
 RISKYBEH           0             0             0             0             0
 CANONE             0             0             0             0             0
 CAFREQUE           0             0             0             0             0
 CAHEAVY            0             0             0             0             0
 PHYSACT            0             0             0             0             0
 PSR                0             0             0             0             0
 NEGAFF             0             0             0             0             0
 BI_LIPID           0             0             0             0             0
 PSQI3              0             0             0             0             0
 OVERALLD           0             0             0             0             0
 PSRXSES            0             0             0             0             0
 PSRXDSES           0             0             0             0             0
 M1CHADV            0             0             0             0             0
 DSES               0             0             0             0             0
 B1PAGE_M           0             0             0             0             0
 SEX                0             0             0             0             0


           LAMBDA
              PSRXSES       PSRXDSES      M1CHADV       DSES          B1PAGE_M
              ________      ________      ________      ________      ________
 LIFESTRE           0             0             0             0             0
 LIFESTRE           0             0             0             0             0
 P4MAJORC           0             0             0             0             0
 P4MAJORC           0             0             0             0             0
 CURRENTS           0             0             0             0             0
 RISKYBEH           0             0             0             0             0
 CANONE             0             0             0             0             0
 CAFREQUE           0             0             0             0             0
 CAHEAVY            0             0             0             0             0
 PHYSACT            0             0             0             0             0
 PSR                0             0             0             0             0
 NEGAFF             0             0             0             0             0
 BI_LIPID           0             0             0             0             0
 PSQI3              0             0             0             0             0
 OVERALLD           0             0             0             0             0
 PSRXSES            0             0             0             0             0
 PSRXDSES           0             0             0             0             0
 M1CHADV            0             0             0             0             0
 DSES               0             0             0             0             0
 B1PAGE_M           0             0             0             0             0
 SEX                0             0             0             0             0


           LAMBDA
              SEX
              ________
 LIFESTRE           0
 LIFESTRE           0
 P4MAJORC           0
 P4MAJORC           0
 CURRENTS           0
 RISKYBEH           0
 CANONE             0
 CAFREQUE           0
 CAHEAVY            0
 PHYSACT            0
 PSR                0
 NEGAFF             0
 BI_LIPID           0
 PSQI3              0
 OVERALLD           0
 PSRXSES            0
 PSRXDSES           0
 M1CHADV            0
 DSES               0
 B1PAGE_M           0
 SEX                0


           THETA
              LIFESTRE      LIFESTRE      P4MAJORC      P4MAJORC      CURRENTS
              ________      ________      ________      ________      ________
 LIFESTRE           0
 LIFESTRE           0             0
 P4MAJORC           0             0             0
 P4MAJORC           0             0             0             0
 CURRENTS           0             0             0             0             0
 RISKYBEH           0             0             0             0             0
 CANONE             0             0             0             0             0
 CAFREQUE           0             0             0             0             0
 CAHEAVY            0             0             0             0             0
 PHYSACT            0             0             0             0             0
 PSR                0             0             0             0             0
 NEGAFF             0             0             0             0             0
 BI_LIPID           0             0             0             0             0
 PSQI3              0             0             0             0             0
 OVERALLD           0             0             0             0             0
 PSRXSES            0             0             0             0             0
 PSRXDSES           0             0             0             0             0
 M1CHADV            0             0             0             0             0
 DSES               0             0             0             0             0
 B1PAGE_M           0             0             0             0             0
 SEX                0             0             0             0             0


           THETA
              RISKYBEH      CANONE        CAFREQUE      CAHEAVY       PHYSACT
              ________      ________      ________      ________      ________
 RISKYBEH           0
 CANONE             0             0
 CAFREQUE           0             0             0
 CAHEAVY            0             0             0             0
 PHYSACT            0             0             0             0             0
 PSR                0             0             0             0             0
 NEGAFF             0             0             0             0             0
 BI_LIPID           0             0             0             0             0
 PSQI3              0             0             0             0             0
 OVERALLD           0             0             0             0             0
 PSRXSES            0             0             0             0             0
 PSRXDSES           0             0             0             0             0
 M1CHADV            0             0             0             0             0
 DSES               0             0             0             0             0
 B1PAGE_M           0             0             0             0             0
 SEX                0             0             0             0             0


           THETA
              PSR           NEGAFF        BI_LIPID      PSQI3         OVERALLD
              ________      ________      ________      ________      ________
 PSR                0
 NEGAFF             0             0
 BI_LIPID           0             0             0
 PSQI3              0             0             0             0
 OVERALLD           0             0             0             0             0
 PSRXSES            0             0             0             0             0
 PSRXDSES           0             0             0             0             0
 M1CHADV            0             0             0             0             0
 DSES               0             0             0             0             0
 B1PAGE_M           0             0             0             0             0
 SEX                0             0             0             0             0


           THETA
              PSRXSES       PSRXDSES      M1CHADV       DSES          B1PAGE_M
              ________      ________      ________      ________      ________
 PSRXSES            0
 PSRXDSES           0             0
 M1CHADV            0             0             0
 DSES               0             0             0             0
 B1PAGE_M           0             0             0             0             0
 SEX                0             0             0             0             0


           THETA
              SEX
              ________
 SEX                0


           ALPHA
              LIFESTRE      LIFESTRE      P4MAJORC      P4MAJORC      CURRENTS
              ________      ________      ________      ________      ________
 1                  0             1             0             2             0


           ALPHA
              RISKYBEH      CANONE        CAFREQUE      CAHEAVY       PHYSACT
              ________      ________      ________      ________      ________
 1                  0             0             0             0             0


           ALPHA
              PSR           NEGAFF        BI_LIPID      PSQI3         OVERALLD
              ________      ________      ________      ________      ________
 1                  3             4             5             6             7


           ALPHA
              PSRXSES       PSRXDSES      M1CHADV       DSES          B1PAGE_M
              ________      ________      ________      ________      ________
 1                  8             9             0             0             0


           ALPHA
              SEX
              ________
 1                  0


           BETA
              LIFESTRE      LIFESTRE      P4MAJORC      P4MAJORC      CURRENTS
              ________      ________      ________      ________      ________
 LIFESTRE           0             0             0             0             0
 LIFESTRE           0             0             0             0             0
 P4MAJORC           0             0             0             0             0
 P4MAJORC           0            14             0             0            15
 CURRENTS           0            30             0             0             0
 RISKYBEH           0            37             0             0             0
 CANONE             0            44             0             0             0
 CAFREQUE           0            51             0             0             0
 CAHEAVY            0            58             0             0             0
 PHYSACT            0            65             0             0             0
 PSR                0             0             0             0             0
 NEGAFF             0            76             0             0             0
 BI_LIPID           0            84             0             0            85
 PSQI3              0            99             0             0             0
 OVERALLD           0           108             0             0             0
 PSRXSES            0             0             0             0             0
 PSRXDSES           0             0             0             0             0
 M1CHADV            0             0             0             0             0
 DSES               0             0             0             0             0
 B1PAGE_M           0             0             0             0             0
 SEX                0             0             0             0             0


           BETA
              RISKYBEH      CANONE        CAFREQUE      CAHEAVY       PHYSACT
              ________      ________      ________      ________      ________
 LIFESTRE           0             0             0             0             0
 LIFESTRE           0             0             0             0             0
 P4MAJORC           0             0             0             0             0
 P4MAJORC          16            17            18            19            20
 CURRENTS           0             0             0             0             0
 RISKYBEH           0             0             0             0             0
 CANONE             0             0             0             0             0
 CAFREQUE           0             0             0             0             0
 CAHEAVY            0             0             0             0             0
 PHYSACT            0             0             0             0             0
 PSR                0             0             0             0             0
 NEGAFF             0             0             0             0             0
 BI_LIPID          86            87            88            89            90
 PSQI3              0             0             0             0             0
 OVERALLD           0             0             0             0             0
 PSRXSES            0             0             0             0             0
 PSRXDSES           0             0             0             0             0
 M1CHADV            0             0             0             0             0
 DSES               0             0             0             0             0
 B1PAGE_M           0             0             0             0             0
 SEX                0             0             0             0             0


           BETA
              PSR           NEGAFF        BI_LIPID      PSQI3         OVERALLD
              ________      ________      ________      ________      ________
 LIFESTRE           0             0             0             0             0
 LIFESTRE           0             0             0             0             0
 P4MAJORC           0             0             0             0             0
 P4MAJORC          21            22            23            24            25
 CURRENTS          31            32             0             0             0
 RISKYBEH          38            39             0             0             0
 CANONE            45            46             0             0             0
 CAFREQUE          52            53             0             0             0
 CAHEAVY           59            60             0             0             0
 PHYSACT           66            67             0             0             0
 PSR                0             0             0             0             0
 NEGAFF            77             0             0             0             0
 BI_LIPID          91            92             0            93            94
 PSQI3            100           101             0             0             0
 OVERALLD         109           110             0             0             0
 PSRXSES            0             0             0             0             0
 PSRXDSES           0             0             0             0             0
 M1CHADV            0             0             0             0             0
 DSES               0             0             0             0             0
 B1PAGE_M           0             0             0             0             0
 SEX                0             0             0             0             0


           BETA
              PSRXSES       PSRXDSES      M1CHADV       DSES          B1PAGE_M
              ________      ________      ________      ________      ________
 LIFESTRE           0             0             0             0             0
 LIFESTRE           0             0            10            11            12
 P4MAJORC           0             0             0             0             0
 P4MAJORC           0             0            26            27            28
 CURRENTS           0             0            33            34            35
 RISKYBEH           0             0            40            41            42
 CANONE             0             0            47            48            49
 CAFREQUE           0             0            54            55            56
 CAHEAVY            0             0            61            62            63
 PHYSACT            0             0            68            69            70
 PSR                0             0            72            73            74
 NEGAFF            78            79            80            81            82
 BI_LIPID           0             0            95            96            97
 PSQI3            102           103           104           105           106
 OVERALLD           0             0           111           112           113
 PSRXSES            0             0             0             0             0
 PSRXDSES           0             0             0             0             0
 M1CHADV            0             0             0             0             0
 DSES               0             0             0             0             0
 B1PAGE_M           0             0             0             0             0
 SEX                0             0             0             0             0


           BETA
              SEX
              ________
 LIFESTRE           0
 LIFESTRE          13
 P4MAJORC           0
 P4MAJORC          29
 CURRENTS          36
 RISKYBEH          43
 CANONE            50
 CAFREQUE          57
 CAHEAVY           64
 PHYSACT           71
 PSR               75
 NEGAFF            83
 BI_LIPID          98
 PSQI3            107
 OVERALLD         114
 PSRXSES            0
 PSRXDSES           0
 M1CHADV            0
 DSES               0
 B1PAGE_M           0
 SEX                0


           PSI
              LIFESTRE      LIFESTRE      P4MAJORC      P4MAJORC      CURRENTS
              ________      ________      ________      ________      ________
 LIFESTRE           0
 LIFESTRE           0             0
 P4MAJORC           0             0             0
 P4MAJORC           0             0             0             0
 CURRENTS           0             0             0             0             0
 RISKYBEH           0             0             0             0             0
 CANONE             0             0             0             0             0
 CAFREQUE           0             0             0             0             0
 CAHEAVY            0             0             0             0             0
 PHYSACT            0             0             0             0             0
 PSR                0             0             0             0             0
 NEGAFF             0             0             0             0             0
 BI_LIPID           0             0             0             0             0
 PSQI3              0             0             0             0             0
 OVERALLD           0             0             0             0             0
 PSRXSES            0             0             0             0             0
 PSRXDSES           0             0             0             0             0
 M1CHADV            0             0             0             0             0
 DSES               0             0             0             0             0
 B1PAGE_M           0             0             0             0             0
 SEX                0             0             0             0             0


           PSI
              RISKYBEH      CANONE        CAFREQUE      CAHEAVY       PHYSACT
              ________      ________      ________      ________      ________
 RISKYBEH           0
 CANONE             0             0
 CAFREQUE           0             0             0
 CAHEAVY            0             0             0             0
 PHYSACT            0             0             0             0             0
 PSR                0             0             0             0             0
 NEGAFF             0             0             0             0             0
 BI_LIPID           0             0             0             0             0
 PSQI3              0             0             0             0             0
 OVERALLD           0             0             0             0             0
 PSRXSES            0             0             0             0             0
 PSRXDSES           0             0             0             0             0
 M1CHADV            0             0             0             0             0
 DSES               0             0             0             0             0
 B1PAGE_M           0             0             0             0             0
 SEX                0             0             0             0             0


           PSI
              PSR           NEGAFF        BI_LIPID      PSQI3         OVERALLD
              ________      ________      ________      ________      ________
 PSR              115
 NEGAFF             0           116
 BI_LIPID           0             0           117
 PSQI3              0             0             0           118
 OVERALLD           0             0             0             0           119
 PSRXSES            0             0             0             0             0
 PSRXDSES           0             0             0             0             0
 M1CHADV            0             0             0             0             0
 DSES               0             0             0             0             0
 B1PAGE_M           0             0             0             0             0
 SEX                0             0             0             0             0


           PSI
              PSRXSES       PSRXDSES      M1CHADV       DSES          B1PAGE_M
              ________      ________      ________      ________      ________
 PSRXSES          120
 PSRXDSES         121           122
 M1CHADV            0             0             0
 DSES               0             0             0             0
 B1PAGE_M           0             0             0             0             0
 SEX                0             0             0             0             0


           PSI
              SEX
              ________
 SEX                0


     PARAMETER SPECIFICATION FOR THE ADDITIONAL PARAMETERS


           NEW/ADDITIONAL PARAMETERS
              IND1          TOT1          IND2
              ________      ________      ________
 1                131           132           133


     STARTING VALUES


           TAU
              CURRENTS      RISKYBEH      CANONE$1      CAFREQUE      CAHEAVY$
              ________      ________      ________      ________      ________
 1              1.747         2.633         0.604         1.418         2.920


           TAU
              PHYSACT$      PHYSACT$      PHYSACT$
              ________      ________      ________
 1             -1.160        -0.024         1.112


           NU
              LIFESTRE      LIFESTRE      P4MAJORC      P4MAJORC      CURRENTS
              ________      ________      ________      ________      ________
 1              0.000         0.000         0.000         0.000         0.000


           NU
              RISKYBEH      CANONE        CAFREQUE      CAHEAVY       PHYSACT
              ________      ________      ________      ________      ________
 1              0.000         0.000         0.000         0.000         0.000


           NU
              PSR           NEGAFF        BI_LIPID      PSQI3         OVERALLD
              ________      ________      ________      ________      ________
 1              0.000         0.000         0.000         0.000         0.000


           NU
              PSRXSES       PSRXDSES      M1CHADV       DSES          B1PAGE_M
              ________      ________      ________      ________      ________
 1              0.000         0.000         0.000         0.000         0.000


           NU
              SEX
              ________
 1              0.000


           LAMBDA
              LIFESTRE      LIFESTRE      P4MAJORC      P4MAJORC      CURRENTS
              ________      ________      ________      ________      ________
 LIFESTRE       1.000         0.000         0.000         0.000         0.000
 LIFESTRE       0.000         1.000         0.000         0.000         0.000
 P4MAJORC       0.000         0.000         1.000         0.000         0.000
 P4MAJORC       0.000         0.000         0.000         1.000         0.000
 CURRENTS       0.000         0.000         0.000         0.000         1.000
 RISKYBEH       0.000         0.000         0.000         0.000         0.000
 CANONE         0.000         0.000         0.000         0.000         0.000
 CAFREQUE       0.000         0.000         0.000         0.000         0.000
 CAHEAVY        0.000         0.000         0.000         0.000         0.000
 PHYSACT        0.000         0.000         0.000         0.000         0.000
 PSR            0.000         0.000         0.000         0.000         0.000
 NEGAFF         0.000         0.000         0.000         0.000         0.000
 BI_LIPID       0.000         0.000         0.000         0.000         0.000
 PSQI3          0.000         0.000         0.000         0.000         0.000
 OVERALLD       0.000         0.000         0.000         0.000         0.000
 PSRXSES        0.000         0.000         0.000         0.000         0.000
 PSRXDSES       0.000         0.000         0.000         0.000         0.000
 M1CHADV        0.000         0.000         0.000         0.000         0.000
 DSES           0.000         0.000         0.000         0.000         0.000
 B1PAGE_M       0.000         0.000         0.000         0.000         0.000
 SEX            0.000         0.000         0.000         0.000         0.000


           LAMBDA
              RISKYBEH      CANONE        CAFREQUE      CAHEAVY       PHYSACT
              ________      ________      ________      ________      ________
 LIFESTRE       0.000         0.000         0.000         0.000         0.000
 LIFESTRE       0.000         0.000         0.000         0.000         0.000
 P4MAJORC       0.000         0.000         0.000         0.000         0.000
 P4MAJORC       0.000         0.000         0.000         0.000         0.000
 CURRENTS       0.000         0.000         0.000         0.000         0.000
 RISKYBEH       1.000         0.000         0.000         0.000         0.000
 CANONE         0.000         1.000         0.000         0.000         0.000
 CAFREQUE       0.000         0.000         1.000         0.000         0.000
 CAHEAVY        0.000         0.000         0.000         1.000         0.000
 PHYSACT        0.000         0.000         0.000         0.000         1.000
 PSR            0.000         0.000         0.000         0.000         0.000
 NEGAFF         0.000         0.000         0.000         0.000         0.000
 BI_LIPID       0.000         0.000         0.000         0.000         0.000
 PSQI3          0.000         0.000         0.000         0.000         0.000
 OVERALLD       0.000         0.000         0.000         0.000         0.000
 PSRXSES        0.000         0.000         0.000         0.000         0.000
 PSRXDSES       0.000         0.000         0.000         0.000         0.000
 M1CHADV        0.000         0.000         0.000         0.000         0.000
 DSES           0.000         0.000         0.000         0.000         0.000
 B1PAGE_M       0.000         0.000         0.000         0.000         0.000
 SEX            0.000         0.000         0.000         0.000         0.000


           LAMBDA
              PSR           NEGAFF        BI_LIPID      PSQI3         OVERALLD
              ________      ________      ________      ________      ________
 LIFESTRE       0.000         0.000         0.000         0.000         0.000
 LIFESTRE       0.000         0.000         0.000         0.000         0.000
 P4MAJORC       0.000         0.000         0.000         0.000         0.000
 P4MAJORC       0.000         0.000         0.000         0.000         0.000
 CURRENTS       0.000         0.000         0.000         0.000         0.000
 RISKYBEH       0.000         0.000         0.000         0.000         0.000
 CANONE         0.000         0.000         0.000         0.000         0.000
 CAFREQUE       0.000         0.000         0.000         0.000         0.000
 CAHEAVY        0.000         0.000         0.000         0.000         0.000
 PHYSACT        0.000         0.000         0.000         0.000         0.000
 PSR            1.000         0.000         0.000         0.000         0.000
 NEGAFF         0.000         1.000         0.000         0.000         0.000
 BI_LIPID       0.000         0.000         1.000         0.000         0.000
 PSQI3          0.000         0.000         0.000         1.000         0.000
 OVERALLD       0.000         0.000         0.000         0.000         1.000
 PSRXSES        0.000         0.000         0.000         0.000         0.000
 PSRXDSES       0.000         0.000         0.000         0.000         0.000
 M1CHADV        0.000         0.000         0.000         0.000         0.000
 DSES           0.000         0.000         0.000         0.000         0.000
 B1PAGE_M       0.000         0.000         0.000         0.000         0.000
 SEX            0.000         0.000         0.000         0.000         0.000


           LAMBDA
              PSRXSES       PSRXDSES      M1CHADV       DSES          B1PAGE_M
              ________      ________      ________      ________      ________
 LIFESTRE       0.000         0.000         0.000         0.000         0.000
 LIFESTRE       0.000         0.000         0.000         0.000         0.000
 P4MAJORC       0.000         0.000         0.000         0.000         0.000
 P4MAJORC       0.000         0.000         0.000         0.000         0.000
 CURRENTS       0.000         0.000         0.000         0.000         0.000
 RISKYBEH       0.000         0.000         0.000         0.000         0.000
 CANONE         0.000         0.000         0.000         0.000         0.000
 CAFREQUE       0.000         0.000         0.000         0.000         0.000
 CAHEAVY        0.000         0.000         0.000         0.000         0.000
 PHYSACT        0.000         0.000         0.000         0.000         0.000
 PSR            0.000         0.000         0.000         0.000         0.000
 NEGAFF         0.000         0.000         0.000         0.000         0.000
 BI_LIPID       0.000         0.000         0.000         0.000         0.000
 PSQI3          0.000         0.000         0.000         0.000         0.000
 OVERALLD       0.000         0.000         0.000         0.000         0.000
 PSRXSES        1.000         0.000         0.000         0.000         0.000
 PSRXDSES       0.000         1.000         0.000         0.000         0.000
 M1CHADV        0.000         0.000         1.000         0.000         0.000
 DSES           0.000         0.000         0.000         1.000         0.000
 B1PAGE_M       0.000         0.000         0.000         0.000         1.000
 SEX            0.000         0.000         0.000         0.000         0.000


           LAMBDA
              SEX
              ________
 LIFESTRE       0.000
 LIFESTRE       0.000
 P4MAJORC       0.000
 P4MAJORC       0.000
 CURRENTS       0.000
 RISKYBEH       0.000
 CANONE         0.000
 CAFREQUE       0.000
 CAHEAVY        0.000
 PHYSACT        0.000
 PSR            0.000
 NEGAFF         0.000
 BI_LIPID       0.000
 PSQI3          0.000
 OVERALLD       0.000
 PSRXSES        0.000
 PSRXDSES       0.000
 M1CHADV        0.000
 DSES           0.000
 B1PAGE_M       0.000
 SEX            1.000


           THETA
              LIFESTRE      LIFESTRE      P4MAJORC      P4MAJORC      CURRENTS
              ________      ________      ________      ________      ________
 LIFESTRE       0.000
 LIFESTRE       0.000         0.000
 P4MAJORC       0.000         0.000         0.000
 P4MAJORC       0.000         0.000         0.000         0.000
 CURRENTS       0.000         0.000         0.000         0.000         0.000
 RISKYBEH       0.000         0.000         0.000         0.000         0.000
 CANONE         0.000         0.000         0.000         0.000         0.000
 CAFREQUE       0.000         0.000         0.000         0.000         0.000
 CAHEAVY        0.000         0.000         0.000         0.000         0.000
 PHYSACT        0.000         0.000         0.000         0.000         0.000
 PSR            0.000         0.000         0.000         0.000         0.000
 NEGAFF         0.000         0.000         0.000         0.000         0.000
 BI_LIPID       0.000         0.000         0.000         0.000         0.000
 PSQI3          0.000         0.000         0.000         0.000         0.000
 OVERALLD       0.000         0.000         0.000         0.000         0.000
 PSRXSES        0.000         0.000         0.000         0.000         0.000
 PSRXDSES       0.000         0.000         0.000         0.000         0.000
 M1CHADV        0.000         0.000         0.000         0.000         0.000
 DSES           0.000         0.000         0.000         0.000         0.000
 B1PAGE_M       0.000         0.000         0.000         0.000         0.000
 SEX            0.000         0.000         0.000         0.000         0.000


           THETA
              RISKYBEH      CANONE        CAFREQUE      CAHEAVY       PHYSACT
              ________      ________      ________      ________      ________
 RISKYBEH       0.000
 CANONE         0.000         0.000
 CAFREQUE       0.000         0.000         0.000
 CAHEAVY        0.000         0.000         0.000         0.000
 PHYSACT        0.000         0.000         0.000         0.000         0.000
 PSR            0.000         0.000         0.000         0.000         0.000
 NEGAFF         0.000         0.000         0.000         0.000         0.000
 BI_LIPID       0.000         0.000         0.000         0.000         0.000
 PSQI3          0.000         0.000         0.000         0.000         0.000
 OVERALLD       0.000         0.000         0.000         0.000         0.000
 PSRXSES        0.000         0.000         0.000         0.000         0.000
 PSRXDSES       0.000         0.000         0.000         0.000         0.000
 M1CHADV        0.000         0.000         0.000         0.000         0.000
 DSES           0.000         0.000         0.000         0.000         0.000
 B1PAGE_M       0.000         0.000         0.000         0.000         0.000
 SEX            0.000         0.000         0.000         0.000         0.000


           THETA
              PSR           NEGAFF        BI_LIPID      PSQI3         OVERALLD
              ________      ________      ________      ________      ________
 PSR            0.000
 NEGAFF         0.000         0.000
 BI_LIPID       0.000         0.000         0.000
 PSQI3          0.000         0.000         0.000         0.000
 OVERALLD       0.000         0.000         0.000         0.000         0.000
 PSRXSES        0.000         0.000         0.000         0.000         0.000
 PSRXDSES       0.000         0.000         0.000         0.000         0.000
 M1CHADV        0.000         0.000         0.000         0.000         0.000
 DSES           0.000         0.000         0.000         0.000         0.000
 B1PAGE_M       0.000         0.000         0.000         0.000         0.000
 SEX            0.000         0.000         0.000         0.000         0.000


           THETA
              PSRXSES       PSRXDSES      M1CHADV       DSES          B1PAGE_M
              ________      ________      ________      ________      ________
 PSRXSES        0.000
 PSRXDSES       0.000         0.000
 M1CHADV        0.000         0.000         0.000
 DSES           0.000         0.000         0.000         0.000
 B1PAGE_M       0.000         0.000         0.000         0.000         0.000
 SEX            0.000         0.000         0.000         0.000         0.000


           THETA
              SEX
              ________
 SEX            0.000


           ALPHA
              LIFESTRE      LIFESTRE      P4MAJORC      P4MAJORC      CURRENTS
              ________      ________      ________      ________      ________
 1            -20.000         1.529       -20.000         0.318         0.000


           ALPHA
              RISKYBEH      CANONE        CAFREQUE      CAHEAVY       PHYSACT
              ________      ________      ________      ________      ________
 1              0.000         0.000         0.000         0.000         0.000


           ALPHA
              PSR           NEGAFF        BI_LIPID      PSQI3         OVERALLD
              ________      ________      ________      ________      ________
 1              0.001        -0.001         0.004         5.607         1.103


           ALPHA
              PSRXSES       PSRXDSES      M1CHADV       DSES          B1PAGE_M
              ________      ________      ________      ________      ________
 1              0.156         0.120         0.000         0.000         0.000


           ALPHA
              SEX
              ________
 1              0.000


           BETA
              LIFESTRE      LIFESTRE      P4MAJORC      P4MAJORC      CURRENTS
              ________      ________      ________      ________      ________
 LIFESTRE       0.000         0.000         0.000         0.000         0.000
 LIFESTRE       0.000         0.000         0.000         0.000         0.000
 P4MAJORC       0.000         0.000         0.000         0.000         0.000
 P4MAJORC       0.000         0.000         0.000         0.000         0.000
 CURRENTS       0.000         0.000         0.000         0.000         0.000
 RISKYBEH       0.000         0.000         0.000         0.000         0.000
 CANONE         0.000         0.000         0.000         0.000         0.000
 CAFREQUE       0.000         0.000         0.000         0.000         0.000
 CAHEAVY        0.000         0.000         0.000         0.000         0.000
 PHYSACT        0.000         0.000         0.000         0.000         0.000
 PSR            0.000         0.000         0.000         0.000         0.000
 NEGAFF         0.000         0.000         0.000         0.000         0.000
 BI_LIPID       0.000         0.000         0.000         0.000         0.000
 PSQI3          0.000         0.000         0.000         0.000         0.000
 OVERALLD       0.000         0.000         0.000         0.000         0.000
 PSRXSES        0.000         0.000         0.000         0.000         0.000
 PSRXDSES       0.000         0.000         0.000         0.000         0.000
 M1CHADV        0.000         0.000         0.000         0.000         0.000
 DSES           0.000         0.000         0.000         0.000         0.000
 B1PAGE_M       0.000         0.000         0.000         0.000         0.000
 SEX            0.000         0.000         0.000         0.000         0.000


           BETA
              RISKYBEH      CANONE        CAFREQUE      CAHEAVY       PHYSACT
              ________      ________      ________      ________      ________
 LIFESTRE       0.000         0.000         0.000         0.000         0.000
 LIFESTRE       0.000         0.000         0.000         0.000         0.000
 P4MAJORC       0.000         0.000         0.000         0.000         0.000
 P4MAJORC       0.000         0.000         0.000         0.000         0.000
 CURRENTS       0.000         0.000         0.000         0.000         0.000
 RISKYBEH       0.000         0.000         0.000         0.000         0.000
 CANONE         0.000         0.000         0.000         0.000         0.000
 CAFREQUE       0.000         0.000         0.000         0.000         0.000
 CAHEAVY        0.000         0.000         0.000         0.000         0.000
 PHYSACT        0.000         0.000         0.000         0.000         0.000
 PSR            0.000         0.000         0.000         0.000         0.000
 NEGAFF         0.000         0.000         0.000         0.000         0.000
 BI_LIPID       0.000         0.000         0.000         0.000         0.000
 PSQI3          0.000         0.000         0.000         0.000         0.000
 OVERALLD       0.000         0.000         0.000         0.000         0.000
 PSRXSES        0.000         0.000         0.000         0.000         0.000
 PSRXDSES       0.000         0.000         0.000         0.000         0.000
 M1CHADV        0.000         0.000         0.000         0.000         0.000
 DSES           0.000         0.000         0.000         0.000         0.000
 B1PAGE_M       0.000         0.000         0.000         0.000         0.000
 SEX            0.000         0.000         0.000         0.000         0.000


           BETA
              PSR           NEGAFF        BI_LIPID      PSQI3         OVERALLD
              ________      ________      ________      ________      ________
 LIFESTRE       0.000         0.000         0.000         0.000         0.000
 LIFESTRE       0.000         0.000         0.000         0.000         0.000
 P4MAJORC       0.000         0.000         0.000         0.000         0.000
 P4MAJORC       0.000         0.000         0.000         0.000         0.000
 CURRENTS       0.000         0.000         0.000         0.000         0.000
 RISKYBEH       0.000         0.000         0.000         0.000         0.000
 CANONE         0.000         0.000         0.000         0.000         0.000
 CAFREQUE       0.000         0.000         0.000         0.000         0.000
 CAHEAVY        0.000         0.000         0.000         0.000         0.000
 PHYSACT        0.000         0.000         0.000         0.000         0.000
 PSR            0.000         0.000         0.000         0.000         0.000
 NEGAFF         0.000         0.000         0.000         0.000         0.000
 BI_LIPID       0.000         0.000         0.000         0.000         0.000
 PSQI3          0.000         0.000         0.000         0.000         0.000
 OVERALLD       0.000         0.000         0.000         0.000         0.000
 PSRXSES        0.000         0.000         0.000         0.000         0.000
 PSRXDSES       0.000         0.000         0.000         0.000         0.000
 M1CHADV        0.000         0.000         0.000         0.000         0.000
 DSES           0.000         0.000         0.000         0.000         0.000
 B1PAGE_M       0.000         0.000         0.000         0.000         0.000
 SEX            0.000         0.000         0.000         0.000         0.000


           BETA
              PSRXSES       PSRXDSES      M1CHADV       DSES          B1PAGE_M
              ________      ________      ________      ________      ________
 LIFESTRE       0.000         0.000         0.000         0.000         0.000
 LIFESTRE       0.000         0.000         0.000         0.000         0.000
 P4MAJORC       0.000         0.000         0.000         0.000         0.000
 P4MAJORC       0.000         0.000         0.000         0.000         0.000
 CURRENTS       0.000         0.000         0.000         0.000         0.000
 RISKYBEH       0.000         0.000         0.000         0.000         0.000
 CANONE         0.000         0.000         0.000         0.000         0.000
 CAFREQUE       0.000         0.000         0.000         0.000         0.000
 CAHEAVY        0.000         0.000         0.000         0.000         0.000
 PHYSACT        0.000         0.000         0.000         0.000         0.000
 PSR            0.000         0.000         0.000         0.000         0.000
 NEGAFF         0.000         0.000         0.000         0.000         0.000
 BI_LIPID       0.000         0.000         0.000         0.000         0.000
 PSQI3          0.000         0.000         0.000         0.000         0.000
 OVERALLD       0.000         0.000         0.000         0.000         0.000
 PSRXSES        0.000         0.000         0.000         0.000         0.000
 PSRXDSES       0.000         0.000         0.000         0.000         0.000
 M1CHADV        0.000         0.000         0.000         0.000         0.000
 DSES           0.000         0.000         0.000         0.000         0.000
 B1PAGE_M       0.000         0.000         0.000         0.000         0.000
 SEX            0.000         0.000         0.000         0.000         0.000


           BETA
              SEX
              ________
 LIFESTRE       0.000
 LIFESTRE       0.000
 P4MAJORC       0.000
 P4MAJORC       0.000
 CURRENTS       0.000
 RISKYBEH       0.000
 CANONE         0.000
 CAFREQUE       0.000
 CAHEAVY        0.000
 PHYSACT        0.000
 PSR            0.000
 NEGAFF         0.000
 BI_LIPID       0.000
 PSQI3          0.000
 OVERALLD       0.000
 PSRXSES        0.000
 PSRXDSES       0.000
 M1CHADV        0.000
 DSES           0.000
 B1PAGE_M       0.000
 SEX            0.000


           PSI
              LIFESTRE      LIFESTRE      P4MAJORC      P4MAJORC      CURRENTS
              ________      ________      ________      ________      ________
 LIFESTRE       0.000
 LIFESTRE       0.000         0.000
 P4MAJORC       0.000         0.000         0.000
 P4MAJORC       0.000         0.000         0.000         0.000
 CURRENTS       0.000         0.000         0.000         0.000         1.000
 RISKYBEH       0.000         0.000         0.000         0.000         0.000
 CANONE         0.000         0.000         0.000         0.000         0.000
 CAFREQUE       0.000         0.000         0.000         0.000         0.000
 CAHEAVY        0.000         0.000         0.000         0.000         0.000
 PHYSACT        0.000         0.000         0.000         0.000         0.000
 PSR            0.000         0.000         0.000         0.000         0.000
 NEGAFF         0.000         0.000         0.000         0.000         0.000
 BI_LIPID       0.000         0.000         0.000         0.000         0.000
 PSQI3          0.000         0.000         0.000         0.000         0.000
 OVERALLD       0.000         0.000         0.000         0.000         0.000
 PSRXSES        0.000         0.000         0.000         0.000         0.000
 PSRXDSES       0.000         0.000         0.000         0.000         0.000
 M1CHADV        0.000         0.000         0.000         0.000         0.000
 DSES           0.000         0.000         0.000         0.000         0.000
 B1PAGE_M       0.000         0.000         0.000         0.000         0.000
 SEX            0.000         0.000         0.000         0.000         0.000


           PSI
              RISKYBEH      CANONE        CAFREQUE      CAHEAVY       PHYSACT
              ________      ________      ________      ________      ________
 RISKYBEH       1.000
 CANONE         0.000         1.000
 CAFREQUE       0.000         0.000         1.000
 CAHEAVY        0.000         0.000         0.000         1.000
 PHYSACT        0.000         0.000         0.000         0.000         1.000
 PSR            0.000         0.000         0.000         0.000         0.000
 NEGAFF         0.000         0.000         0.000         0.000         0.000
 BI_LIPID       0.000         0.000         0.000         0.000         0.000
 PSQI3          0.000         0.000         0.000         0.000         0.000
 OVERALLD       0.000         0.000         0.000         0.000         0.000
 PSRXSES        0.000         0.000         0.000         0.000         0.000
 PSRXDSES       0.000         0.000         0.000         0.000         0.000
 M1CHADV        0.000         0.000         0.000         0.000         0.000
 DSES           0.000         0.000         0.000         0.000         0.000
 B1PAGE_M       0.000         0.000         0.000         0.000         0.000
 SEX            0.000         0.000         0.000         0.000         0.000


           PSI
              PSR           NEGAFF        BI_LIPID      PSQI3         OVERALLD
              ________      ________      ________      ________      ________
 PSR            0.499
 NEGAFF         0.000         0.498
 BI_LIPID       0.000         0.000         0.026
 PSQI3          0.000         0.000         0.000         4.821
 OVERALLD       0.000         0.000         0.000         0.000         0.243
 PSRXSES        0.000         0.000         0.000         0.000         0.000
 PSRXDSES       0.000         0.000         0.000         0.000         0.000
 M1CHADV        0.000         0.000         0.000         0.000         0.000
 DSES           0.000         0.000         0.000         0.000         0.000
 B1PAGE_M       0.000         0.000         0.000         0.000         0.000
 SEX            0.000         0.000         0.000         0.000         0.000


           PSI
              PSRXSES       PSRXDSES      M1CHADV       DSES          B1PAGE_M
              ________      ________      ________      ________      ________
 PSRXSES        0.525
 PSRXDSES       0.000         0.717
 M1CHADV        0.000         0.000         0.500
 DSES           0.000         0.000         0.000         0.768
 B1PAGE_M       0.000         0.000         0.000         0.000         0.685
 SEX            0.000         0.000         0.000         0.000         0.000


           PSI
              SEX
              ________
 SEX            0.123


     STARTING VALUES FOR THE ADDITIONAL PARAMETERS


           NEW/ADDITIONAL PARAMETERS
              IND1          TOT1          IND2
              ________      ________      ________
 1              0.500         0.500         0.500


     Beginning Time:  23:03:05
        Ending Time:  23:33:10
       Elapsed Time:  00:30:05



MUTHEN & MUTHEN
3463 Stoner Ave.
Los Angeles, CA  90066

Tel: (310) 391-9971
Fax: (310) 391-8971
Web: www.StatModel.com
Support: Support@StatModel.com

Copyright (c) 1998-2014 Muthen & Muthen
