Mplus VERSION 7.3
MUTHEN & MUTHEN
09/03/2015   9:42 PM

INPUT INSTRUCTIONS

  TITLE:
  PSR AL Model
  DATA:
  FILE = "psr_al_final_interactions5.dat";
  TYPE = IMPUTATION;

  VARIABLE:
  NAMES = M2ID m2famnum b1page_m2 b1pgender m1chadv m2aadv LifeStress
       p4majorconditions p4minorconditions p4sumburden Diet ExtremeDiet OverallDiet
       PSQI1 PSQI2 PSQI3 Smoke CurrentSmoke RiskyBehaviors CurrentAlcohol WorstAlcohol
       FreqInt FreqDurInt FreqIntW FreqDurIntW PhysAct B4QCESD B4QMA_D B4QMA_A
       B4QMA_LI B4QMA_AA B4QMA_PA Imputation MASTERY CONSTRAINT SELFESTEEM OPTIMISM
       PESSIMISM FAMILYSUPT FRIENDSUPT SPOUSESUPT PR SR bi_sym bi_hpa bi_card bi_gluc
       bi_lipid bi_infl bi_para F NegAff PosAff PSR CAHeavy CAFrequent CAInfrequent
       CANone dSES Milwaukee;
   MISSING=.;

     USEVARIABLES =
        m1chadv dSES PSR LifeStress
        b1page_m2
        NegAff
        F
        PSQI3 CurrentSmoke RiskyBehaviors
        CANone CAFrequent CAHeavy PhysAct
        OverallDiet
        p4majorconditions
        sex
        !PSRxStress
        PSRxSES PSRxdSES
        PSRxSex
        ;

    IDVARIABLE = M2ID;
      CLUSTER = m2famnum;
      COUNT = LifeStress p4majorconditions;
      CATEGORICAL = CANone CAFrequent CAHeavy
         CurrentSmoke PhysAct RiskyBehaviors;
      DEFINE:
      Sex = b1pgender;
      !PSRxStress = LifeStress * PSR;
      PSRxSES = m1chadv * PSR;
      PSRxdSES = dSES * PSR;
      PSRxSex = Sex * PSR;


  ANALYSIS:

    TYPE = COMPLEX;
    Estimator = MLR;
    PROCESSORS = 8;
    !MCONVERGENCE  = .000005;
    !H1CONVERGENCE = .000005;
    !LOGCRITERION  = .000005;
    !RLOGCRITERION = .000005;
    !ITERATIONS = 15000;
    !MITERATIONS = 7500;
    !H1ITERATIONS = 15000;
    INTEGRATION = MONTECARLO (500);

  MODEL:

  !  [PSRxStress PSRxSES PSRxdSES PSRxSex];
  !  PSRxStress WITH PSRxSES* PSRxdSES* PSRxSex*;
  !  PSRxSES WITH PSRxdSES* PSRxSex*;
  !  PSRxdSES WITH PSRxSex*;

    [PSRxSES PSRxdSES PSRxSex];
    PSRxSES WITH PSRxdSES* PSRxSex*;
    PSRxdSES WITH PSRxSex*;


    ! Step 1
      LifeStress ON
        sex b1page_m2
        m1chadv
        dSES
        ;

      PSR ON
        sex b1page_m2
        m1chadv
        dSES
        ;

      ! Step 2
      NegAff ON
        sex b1page_m2
        m1chadv
        dSES
        PSR
        LifeStress
        !PSRxStress
        PSRxSES
        PSRxdSES
        !PSRxSex
        ;

      ! Step 3
        PSQI3 ON
        sex b1page_m2
        m1chadv
        dSES
        PSR
        LifeStress
        NegAff
        !PSRxStress
        PSRxSES
        PSRxdSES
        !PSRxSex
        ;

        CurrentSmoke ON
        sex b1page_m2
        m1chadv
        dSES
        PSR
        LifeStress
        NegAff
        !PSRxStress
        !PSRxSES
        !PSRxdSES
        !PSRxSex
        ;

        RiskyBehaviors ON
        sex b1page_m2
        m1chadv
        dSES
        PSR
        LifeStress
        NegAff
        !PSRxStress
        !PSRxSES
        !PSRxdSES
        !PSRxSex
        ;

        CANone ON
        sex b1page_m2
        m1chadv
        dSES
        PSR
        LifeStress
        NegAff
        !PSRxStress
        !PSRxSES
        !PSRxdSES
        !PSRxSex
        ;
        CAFrequent ON
        sex b1page_m2
        m1chadv
        dSES
        PSR
        LifeStress
        NegAff
        !PSRxStress
        !PSRxSES
        !PSRxdSES
        !PSRxSex
        ;
        CAHeavy ON
        sex b1page_m2
        m1chadv
        dSES
        PSR
        LifeStress
        NegAff
        !PSRxStress
        PSRxSES
        PSRxdSES
        !PSRxSex
        ;


        PhysAct ON
        sex b1page_m2
        m1chadv
        dSES
        PSR
        LifeStress
        NegAff
        !PSRxStress
        PSRxSES
        PSRxdSES
        !PSRxSex
        ;

        ! use OverallDietsq ?
        OverallDiet ON
        sex b1page_m2
        m1chadv
        dSES
        PSR
        LifeStress
        NegAff
        !PSRxStress
        !PSRxSES
        !PSRxdSES
        !PSRxSex
        ;


      ! Step 4
        F ON
        sex b1page_m2
        m1chadv
        dSES
        PSR
        LifeStress
        NegAff
        PSQI3
        CurrentSmoke
        RiskyBehaviors
        CANone
        CAFrequent
        CAHeavy
        PhysAct
        OverallDiet
        !PSRxStress
        !PSRxSES
        !PSRxdSES
        PSRxSex
       ;

        ! Step 5
        p4majorconditions ON
        sex b1page_m2
        m1chadv
        dSES
        PSR
        LifeStress
        NegAff
        PSQI3
        CurrentSmoke
        RiskyBehaviors
        CANone
        CAFrequent
        CAHeavy
        PhysAct
        OverallDiet
        F
        !PSRxStress
        !PSRxSES
        !PSRxdSES
        PSRxSex
        ;


  OUTPUT:

     CINTERVAL;



*** WARNING in VARIABLE command
  Note that only the first 8 characters of variable names are used in the output.
  Shorten variable names to avoid any confusion.
*** WARNING in OUTPUT command
  CINTERVAL option is not available with multiple imputation.
  Request for CINTERVAL is ignored.
   2 WARNING(S) FOUND IN THE INPUT INSTRUCTIONS




PSR AL Model

SUMMARY OF ANALYSIS

Number of groups                                                 1
Average number of observations                                1253

Number of replications
    Requested                                                   50
    Completed                                                   50

Number of dependent variables                                   13
Number of independent variables                                  7
Number of continuous latent variables                            0

Observed dependent variables

  Continuous
   PSR         NEGAFF      F           PSQI3       OVERALLDIE

  Binary and ordered categorical (ordinal)
   CURRENTS    RISKYBEH    CANONE      CAFREQUE    CAHEAVY     PHYSACT

  Count
   LIFESTRE    P4MAJORC

Observed independent variables
   M1CHADV     DSES        B1PAGE_M    SEX         PSRXSES     PSRXDSES
   PSRXSEX

Variables with special functions

  Cluster variable      M2FAMNUM
  ID variable           M2ID

Estimator                                                      MLR
Information matrix                                        OBSERVED
Optimization Specifications for the Quasi-Newton Algorithm for
Continuous Outcomes
  Maximum number of iterations                                 100
  Convergence criterion                                  0.100D-05
Optimization Specifications for the EM Algorithm
  Maximum number of iterations                                 500
  Convergence criteria
    Loglikelihood change                                 0.100D-02
    Relative loglikelihood change                        0.100D-05
    Derivative                                           0.100D-02
Optimization Specifications for the M step of the EM Algorithm for
Categorical Latent variables
  Number of M step iterations                                    1
  M step convergence criterion                           0.100D-02
  Basis for M step termination                           ITERATION
Optimization Specifications for the M step of the EM Algorithm for
Censored, Binary or Ordered Categorical (Ordinal), Unordered
Categorical (Nominal) and Count Outcomes
  Number of M step iterations                                    1
  M step convergence criterion                           0.100D-02
  Basis for M step termination                           ITERATION
  Maximum value for logit thresholds                            15
  Minimum value for logit thresholds                           -15
  Minimum expected cell size for chi-square              0.100D-01
Maximum number of iterations for H1                           2000
Convergence criterion for H1                             0.100D-03
Optimization algorithm                                         EMA
Integration Specifications
  Type                                                  MONTECARLO
  Number of integration points                                 500
  Dimensions of numerical integration                            6
  Adaptive quadrature                                           ON
  Monte Carlo integration seed                                   0
Link                                                         LOGIT
Cholesky                                                       OFF

Input data file(s)
  Multiple data files from
    psr_al_final_interactions5.dat
Input data format  FREE


SUMMARY OF DATA FOR THE FIRST DATA SET

     Number of missing data patterns             7
     Number of clusters        1096



SUMMARY OF MISSING DATA PATTERNS FOR THE FIRST DATA SET


     MISSING DATA PATTERNS (x = not missing)

           1  2  3  4  5  6  7
 CURRENTS  x  x  x  x  x  x  x
 RISKYBEH  x  x  x  x  x  x  x
 CANONE    x     x  x  x  x  x
 CAFREQUE  x     x  x  x  x  x
 CAHEAVY   x     x  x  x  x  x
 PHYSACT   x  x  x  x  x  x  x
 PSR       x  x  x  x  x  x  x
 NEGAFF    x  x  x  x        x
 F         x  x  x  x  x  x  x
 PSQI3     x  x  x     x  x
 OVERALLD  x  x     x  x
 PSRXSES   x  x  x  x  x  x  x
 PSRXDSES  x  x  x  x  x  x  x
 PSRXSEX   x  x  x  x  x  x  x
 M1CHADV   x  x  x  x  x  x  x
 DSES      x  x  x  x  x  x  x
 B1PAGE_M  x  x  x  x  x  x  x
 SEX       x  x  x  x  x  x  x


     MISSING DATA PATTERN FREQUENCIES

    Pattern   Frequency     Pattern   Frequency     Pattern   Frequency
          1        1157           4          26           7           1
          2           2           5           2
          3          64           6           1


     MISSING DATA PATTERNS FOR U (x = not missing)

           1  2
 CURRENTS  x  x
 RISKYBEH  x  x
 CANONE    x
 CAFREQUE  x
 CAHEAVY   x
 PHYSACT   x  x


     MISSING DATA PATTERN FREQUENCIES FOR U

    Pattern   Frequency     Pattern   Frequency
          1        1251           2           2


     MISSING DATA PATTERNS FOR Y (x = not missing)

           1  2  3  4  5  6
 PSR       x  x  x  x  x  x
 NEGAFF    x  x  x        x
 F         x  x  x  x  x  x
 PSQI3     x  x     x  x
 OVERALLD  x     x  x
 PSRXSES   x  x  x  x  x  x
 PSRXDSES  x  x  x  x  x  x
 PSRXSEX   x  x  x  x  x  x
 M1CHADV   x  x  x  x  x  x
 DSES      x  x  x  x  x  x
 B1PAGE_M  x  x  x  x  x  x
 SEX       x  x  x  x  x  x


     MISSING DATA PATTERN FREQUENCIES FOR Y

    Pattern   Frequency     Pattern   Frequency     Pattern   Frequency
          1        1159           3          26           5           1
          2          64           4           2           6           1


COVARIANCE COVERAGE OF DATA FOR THE FIRST DATA SET

Minimum covariance coverage value   0.100


     PROPORTION OF DATA PRESENT


           Covariance Coverage
              CURRENTS      RISKYBEH      CANONE        CAFREQUE      CAHEAVY
              ________      ________      ________      ________      ________
 CURRENTS       1.000
 RISKYBEH       1.000         1.000
 CANONE         0.998         0.998         0.998
 CAFREQUE       0.998         0.998         0.998         0.998
 CAHEAVY        0.998         0.998         0.998         0.998         0.998
 PHYSACT        1.000         1.000         0.998         0.998         0.998
 PSR            1.000         1.000         0.998         0.998         0.998
 NEGAFF         0.998         0.998         0.996         0.996         0.996
 F              1.000         1.000         0.998         0.998         0.998
 PSQI3          0.978         0.978         0.977         0.977         0.977
 OVERALLD       0.947         0.947         0.946         0.946         0.946
 PSRXSES        1.000         1.000         0.998         0.998         0.998
 PSRXDSES       1.000         1.000         0.998         0.998         0.998
 PSRXSEX        1.000         1.000         0.998         0.998         0.998
 M1CHADV        1.000         1.000         0.998         0.998         0.998
 DSES           1.000         1.000         0.998         0.998         0.998
 B1PAGE_M       1.000         1.000         0.998         0.998         0.998
 SEX            1.000         1.000         0.998         0.998         0.998


           Covariance Coverage
              PHYSACT       PSR           NEGAFF        F             PSQI3
              ________      ________      ________      ________      ________
 PHYSACT        1.000
 PSR            1.000         1.000
 NEGAFF         0.998         0.998         0.998
 F              1.000         1.000         0.998         1.000
 PSQI3          0.978         0.978         0.976         0.978         0.978
 OVERALLD       0.947         0.947         0.946         0.947         0.927
 PSRXSES        1.000         1.000         0.998         1.000         0.978
 PSRXDSES       1.000         1.000         0.998         1.000         0.978
 PSRXSEX        1.000         1.000         0.998         1.000         0.978
 M1CHADV        1.000         1.000         0.998         1.000         0.978
 DSES           1.000         1.000         0.998         1.000         0.978
 B1PAGE_M       1.000         1.000         0.998         1.000         0.978
 SEX            1.000         1.000         0.998         1.000         0.978


           Covariance Coverage
              OVERALLD      PSRXSES       PSRXDSES      PSRXSEX       M1CHADV
              ________      ________      ________      ________      ________
 OVERALLD       0.947
 PSRXSES        0.947         1.000
 PSRXDSES       0.947         1.000         1.000
 PSRXSEX        0.947         1.000         1.000         1.000
 M1CHADV        0.947         1.000         1.000         1.000         1.000
 DSES           0.947         1.000         1.000         1.000         1.000
 B1PAGE_M       0.947         1.000         1.000         1.000         1.000
 SEX            0.947         1.000         1.000         1.000         1.000


           Covariance Coverage
              DSES          B1PAGE_M      SEX
              ________      ________      ________
 DSES           1.000
 B1PAGE_M       1.000         1.000
 SEX            1.000         1.000         1.000


     PROPORTION OF DATA PRESENT FOR U


           Covariance Coverage
              CURRENTS      RISKYBEH      CANONE        CAFREQUE      CAHEAVY
              ________      ________      ________      ________      ________
 CURRENTS       1.000
 RISKYBEH       1.000         1.000
 CANONE         0.998         0.998         0.998
 CAFREQUE       0.998         0.998         0.998         0.998
 CAHEAVY        0.998         0.998         0.998         0.998         0.998
 PHYSACT        1.000         1.000         0.998         0.998         0.998


           Covariance Coverage
              PHYSACT
              ________
 PHYSACT        1.000


     PROPORTION OF DATA PRESENT FOR Y


           Covariance Coverage
              PSR           NEGAFF        F             PSQI3         OVERALLD
              ________      ________      ________      ________      ________
 PSR            1.000
 NEGAFF         0.998         0.998
 F              1.000         0.998         1.000
 PSQI3          0.978         0.976         0.978         0.978
 OVERALLD       0.947         0.946         0.947         0.927         0.947
 PSRXSES        1.000         0.998         1.000         0.978         0.947
 PSRXDSES       1.000         0.998         1.000         0.978         0.947
 PSRXSEX        1.000         0.998         1.000         0.978         0.947
 M1CHADV        1.000         0.998         1.000         0.978         0.947
 DSES           1.000         0.998         1.000         0.978         0.947
 B1PAGE_M       1.000         0.998         1.000         0.978         0.947
 SEX            1.000         0.998         1.000         0.978         0.947


           Covariance Coverage
              PSRXSES       PSRXDSES      PSRXSEX       M1CHADV       DSES
              ________      ________      ________      ________      ________
 PSRXSES        1.000
 PSRXDSES       1.000         1.000
 PSRXSEX        1.000         1.000         1.000
 M1CHADV        1.000         1.000         1.000         1.000
 DSES           1.000         1.000         1.000         1.000         1.000
 B1PAGE_M       1.000         1.000         1.000         1.000         1.000
 SEX            1.000         1.000         1.000         1.000         1.000


           Covariance Coverage
              B1PAGE_M      SEX
              ________      ________
 B1PAGE_M       1.000
 SEX            1.000         1.000


UNIVARIATE PROPORTIONS FOR CATEGORICAL VARIABLES

NOTE:  These are average results over 50 data sets.

    CURRENTS
      Category 1    0.852
      Category 2    0.148
    RISKYBEH
      Category 1    0.933
      Category 2    0.067
    CANONE
      Category 1    0.647
      Category 2    0.353
    CAFREQUE
      Category 1    0.805
      Category 2    0.195
    CAHEAVY
      Category 1    0.949
      Category 2    0.051
    PHYSACT
      Category 1    0.239
      Category 2    0.255
      Category 3    0.259
      Category 4    0.247


COUNT PROPORTION OF ZERO, MINIMUM AND MAXIMUM VALUES

      LIFESTRE    0.065         0        16
      P4MAJORC    0.390         0         6


SAMPLE STATISTICS

NOTE:  These are average results over 50 data sets.


     SAMPLE STATISTICS


           Means
              PSR           NEGAFF        F             PSQI3         OVERALLD
              ________      ________      ________      ________      ________
 1              0.001         0.005        -0.002         5.618         1.106


           Means
              PSRXSES       PSRXDSES      PSRXSEX       M1CHADV       DSES
              ________      ________      ________      ________      ________
 1              0.138         0.144         0.015         0.000         0.001


           Means
              B1PAGE_M      SEX
              ________      ________
 1             -0.046         0.568


           Covariances
              PSR           NEGAFF        F             PSQI3         OVERALLD
              ________      ________      ________      ________      ________
 PSR            0.999
 NEGAFF        -0.473         1.013
 F             -0.056         0.123         0.983
 PSQI3         -0.649         0.982         0.645         9.662
 OVERALLD      -0.105         0.106         0.144         0.323         0.487
 PSRXSES       -0.086         0.094         0.032         0.301         0.028
 PSRXDSES      -0.020         0.050         0.044         0.122        -0.017
 PSRXSEX        0.569        -0.287        -0.063        -0.393        -0.067
 M1CHADV        0.138        -0.077        -0.125        -0.408        -0.059
 DSES           0.144        -0.194        -0.076        -0.301        -0.059
 B1PAGE_M       0.201        -0.279        -0.006        -0.225        -0.128
 SEX            0.015         0.037        -0.001         0.190        -0.051


           Covariances
              PSRXSES       PSRXDSES      PSRXSEX       M1CHADV       DSES
              ________      ________      ________      ________      ________
 PSRXSES        1.088
 PSRXDSES      -0.805         1.514
 PSRXSEX       -0.099        -0.026         0.569
 M1CHADV       -0.116         0.068         0.098         0.999
 DSES           0.068        -0.081         0.079        -0.769         1.536
 B1PAGE_M      -0.053        -0.005         0.122        -0.127         0.285
 SEX            0.020        -0.003         0.006        -0.021        -0.048


           Covariances
              B1PAGE_M      SEX
              ________      ________
 B1PAGE_M       1.371
 SEX           -0.027         0.245


           Correlations
              PSR           NEGAFF        F             PSQI3         OVERALLD
              ________      ________      ________      ________      ________
 PSR            1.000
 NEGAFF        -0.470         1.000
 F             -0.056         0.123         1.000
 PSQI3         -0.209         0.314         0.209         1.000
 OVERALLD      -0.150         0.151         0.208         0.149         1.000
 PSRXSES       -0.083         0.089         0.030         0.093         0.038
 PSRXDSES      -0.016         0.040         0.036         0.032        -0.020
 PSRXSEX        0.755        -0.378        -0.084        -0.167        -0.128
 M1CHADV        0.138        -0.077        -0.126        -0.131        -0.085
 DSES           0.116        -0.156        -0.062        -0.078        -0.068
 B1PAGE_M       0.172        -0.236        -0.005        -0.062        -0.157
 SEX            0.029         0.074        -0.003         0.123        -0.148


           Correlations
              PSRXSES       PSRXDSES      PSRXSEX       M1CHADV       DSES
              ________      ________      ________      ________      ________
 PSRXSES        1.000
 PSRXDSES      -0.627         1.000
 PSRXSEX       -0.126        -0.028         1.000
 M1CHADV       -0.111         0.055         0.130         1.000
 DSES           0.052        -0.053         0.084        -0.621         1.000
 B1PAGE_M      -0.044        -0.003         0.138        -0.109         0.197
 SEX            0.038        -0.005         0.017        -0.043        -0.078


           Correlations
              B1PAGE_M      SEX
              ________      ________
 B1PAGE_M       1.000
 SEX           -0.047         1.000




MODEL FIT INFORMATION

Number of Free Parameters                      140

Loglikelihood

    H0 Value

        Mean                            -22543.309
        Std Dev                             48.259
        Number of successful computations       50

             Proportions                   Percentiles
        Expected    Observed         Expected       Observed
           0.990       1.000       -22655.573     -22636.544
           0.980       1.000       -22642.418     -22636.544
           0.950       0.960       -22622.690     -22629.960
           0.900       0.860       -22605.157     -22617.369
           0.800       0.740       -22583.923     -22600.145
           0.700       0.700       -22568.616     -22579.664
           0.500       0.500       -22543.309     -22543.984
           0.300       0.340       -22518.002     -22508.075
           0.200       0.280       -22502.694     -22497.722
           0.100       0.120       -22481.460     -22481.374
           0.050       0.000       -22463.928     -22474.110
           0.020       0.000       -22444.200     -22470.975
           0.010       0.000       -22431.044     -22470.975

Information Criteria

    Akaike (AIC)

        Mean                             45366.618
        Std Dev                             96.518
        Number of successful computations       50

             Proportions                   Percentiles
        Expected    Observed         Expected       Observed
           0.990       1.000        45142.089      45214.337
           0.980       1.000        45168.399      45214.337
           0.950       1.000        45207.856      45221.949
           0.900       0.880        45242.921      45228.220
           0.800       0.720        45285.388      45266.001
           0.700       0.660        45316.004      45287.785
           0.500       0.500        45366.618      45365.895
           0.300       0.300        45417.232      45404.921
           0.200       0.260        45447.847      45474.232
           0.100       0.140        45490.315      45508.629
           0.050       0.040        45525.380      45514.739
           0.020       0.000        45564.836      45539.921
           0.010       0.000        45591.147      45539.921

    Bayesian (BIC)

        Mean                             46085.279
        Std Dev                             96.518
        Number of successful computations       50

             Proportions                   Percentiles
        Expected    Observed         Expected       Observed
           0.990       1.000        45860.750      45932.998
           0.980       1.000        45887.061      45932.998
           0.950       1.000        45926.517      45940.611
           0.900       0.880        45961.582      45946.882
           0.800       0.720        46004.050      45984.662
           0.700       0.660        46034.665      46006.446
           0.500       0.500        46085.279      46084.556
           0.300       0.300        46135.893      46123.582
           0.200       0.260        46166.508      46192.894
           0.100       0.140        46208.976      46227.290
           0.050       0.040        46244.041      46233.400
           0.020       0.000        46283.498      46258.582
           0.010       0.000        46309.808      46258.582

    Sample-Size Adjusted BIC (n* = (n + 2) / 24)

        Mean                             45640.575
        Std Dev                             96.518
        Number of successful computations       50

             Proportions                   Percentiles
        Expected    Observed         Expected       Observed
           0.990       1.000        45416.046      45488.294
           0.980       1.000        45442.356      45488.294
           0.950       1.000        45481.813      45495.906
           0.900       0.880        45516.878      45502.178
           0.800       0.720        45559.346      45539.958
           0.700       0.660        45589.961      45561.742
           0.500       0.500        45640.575      45639.852
           0.300       0.300        45691.189      45678.878
           0.200       0.260        45721.804      45748.190
           0.100       0.140        45764.272      45782.586
           0.050       0.040        45799.337      45788.696
           0.020       0.000        45838.793      45813.878
           0.010       0.000        45865.104      45813.878



MODEL RESULTS

                                                    Two-Tailed   Rate of
                    Estimate       S.E.  Est./S.E.    P-Value    Missing

 LIFESTRESS ON
    SEX               -0.133      0.039     -3.438      0.001      0.000
    B1PAGE_M2          0.007      0.016      0.412      0.680      0.000
    M1CHADV           -0.364      0.023    -15.899      0.000      0.000
    DSES              -0.236      0.020    -11.749      0.000      0.000

 PSR        ON
    SEX                0.152      0.062      2.455      0.014      0.205
    B1PAGE_M2          0.130      0.026      4.922      0.000      0.211
    M1CHADV            0.350      0.038      9.100      0.000      0.171
    DSES               0.250      0.030      8.271      0.000      0.146

 NEGAFF     ON
    SEX                0.137      0.055      2.464      0.014      0.174
    B1PAGE_M2         -0.125      0.023     -5.507      0.000      0.121
    M1CHADV           -0.073      0.038     -1.948      0.051      0.164
    DSES              -0.092      0.030     -3.049      0.002      0.151
    PSR               -0.394      0.031    -12.730      0.000      0.320
    LIFESTRESS         0.041      0.012      3.497      0.000      0.181
    PSRXSES            0.086      0.036      2.381      0.017      0.324
    PSRXDSES           0.068      0.032      2.119      0.034      0.334

 PSQI3      ON
    SEX                0.619      0.170      3.647      0.000      0.013
    B1PAGE_M2          0.043      0.072      0.589      0.556      0.018
    M1CHADV           -0.359      0.116     -3.105      0.002      0.019
    DSES              -0.240      0.096     -2.505      0.012      0.013
    PSR               -0.133      0.108     -1.230      0.219      0.197
    LIFESTRESS         0.182      0.039      4.687      0.000      0.013
    NEGAFF             0.682      0.112      6.076      0.000      0.181
    PSRXSES            0.282      0.113      2.490      0.013      0.151
    PSRXDSES           0.200      0.101      1.981      0.048      0.177

 CURRENTSMO ON
    SEX               -0.450      0.179     -2.509      0.012      0.004
    B1PAGE_M2         -0.362      0.074     -4.860      0.000      0.005
    M1CHADV           -0.553      0.131     -4.238      0.000      0.007
    DSES              -0.577      0.111     -5.195      0.000      0.004
    PSR                0.071      0.106      0.676      0.499      0.167
    LIFESTRESS         0.131      0.031      4.163      0.000      0.005
    NEGAFF             0.263      0.113      2.327      0.020      0.152

 RISKYBEHAV ON
    SEX               -1.407      0.261     -5.388      0.000      0.004
    B1PAGE_M2          0.017      0.087      0.196      0.845      0.012
    M1CHADV           -0.405      0.172     -2.346      0.019      0.011
    DSES              -0.330      0.127     -2.598      0.009      0.011
    PSR               -0.110      0.147     -0.744      0.457      0.240
    LIFESTRESS        -0.008      0.044     -0.192      0.847      0.006
    NEGAFF             0.074      0.133      0.555      0.579      0.187

 CANONE     ON
    SEX                0.430      0.129      3.330      0.001      0.004
    B1PAGE_M2          0.167      0.057      2.939      0.003      0.006
    M1CHADV           -0.308      0.086     -3.557      0.000      0.007
    DSES              -0.286      0.069     -4.156      0.000      0.007
    PSR               -0.032      0.079     -0.407      0.684      0.182
    LIFESTRESS        -0.038      0.026     -1.484      0.138      0.004
    NEGAFF            -0.096      0.081     -1.188      0.235      0.152

 CAFREQUENT ON
    SEX               -0.675      0.152     -4.427      0.000      0.005
    B1PAGE_M2          0.153      0.069      2.227      0.026      0.012
    M1CHADV            0.450      0.116      3.868      0.000      0.008
    DSES               0.355      0.088      4.030      0.000      0.009
    PSR                0.139      0.098      1.423      0.155      0.227
    LIFESTRESS        -0.007      0.032     -0.224      0.822      0.006
    NEGAFF             0.210      0.095      2.215      0.027      0.198

 CAHEAVY    ON
    SEX               -1.735      0.310     -5.603      0.000      0.003
    B1PAGE_M2         -0.687      0.120     -5.716      0.000      0.005
    M1CHADV           -0.493      0.256     -1.928      0.054      0.013
    DSES              -0.527      0.187     -2.816      0.005      0.013
    PSR                0.053      0.178      0.297      0.767      0.185
    LIFESTRESS         0.163      0.046      3.557      0.000      0.006
    NEGAFF            -0.122      0.148     -0.822      0.411      0.100
    PSRXSES            0.225      0.198      1.140      0.254      0.170
    PSRXDSES           0.188      0.160      1.170      0.242      0.180

 PHYSACT    ON
    SEX               -0.353      0.110     -3.209      0.001      0.004
    B1PAGE_M2         -0.147      0.043     -3.389      0.001      0.009
    M1CHADV            0.182      0.074      2.463      0.014      0.008
    DSES               0.109      0.057      1.905      0.057      0.006
    PSR                0.121      0.068      1.777      0.076      0.213
    LIFESTRESS         0.005      0.023      0.227      0.820      0.008
    NEGAFF            -0.070      0.067     -1.052      0.293      0.175
    PSRXSES           -0.005      0.073     -0.067      0.947      0.158
    PSRXDSES          -0.073      0.058     -1.259      0.208      0.146

 OVERALLDIE ON
    SEX               -0.252      0.041     -6.094      0.000      0.004
    B1PAGE_M2         -0.078      0.017     -4.606      0.000      0.006
    M1CHADV           -0.133      0.028     -4.715      0.000      0.008
    DSES              -0.090      0.022     -4.152      0.000      0.007
    PSR               -0.030      0.025     -1.196      0.232      0.164
    LIFESTRESS         0.002      0.008      0.207      0.836      0.003
    NEGAFF             0.049      0.026      1.924      0.054      0.133

 F          ON
    SEX               -0.071      0.087     -0.816      0.414      0.562
    B1PAGE_M2          0.021      0.036      0.593      0.553      0.538
    M1CHADV           -0.122      0.045     -2.722      0.006      0.245
    DSES              -0.084      0.036     -2.314      0.021      0.264
    PSR                0.139      0.048      2.899      0.004      0.313
    LIFESTRESS         0.038      0.014      2.792      0.005      0.322
    NEGAFF             0.042      0.037      1.145      0.252      0.254
    PSQI3              0.040      0.011      3.651      0.000      0.231
    CURRENTSMO         0.046      0.095      0.484      0.629      0.278
    RISKYBEHAV         0.010      0.122      0.081      0.936      0.229
    CANONE             0.100      0.071      1.423      0.155      0.237
    CAFREQUENT        -0.115      0.080     -1.442      0.149      0.224
    CAHEAVY            0.251      0.151      1.667      0.096      0.204
    PHYSACT           -0.157      0.028     -5.672      0.000      0.251
    OVERALLDIE         0.179      0.046      3.849      0.000      0.234
    PSRXSEX           -0.101      0.063     -1.588      0.112      0.330

 P4MAJORCON ON
    SEX                0.055      0.062      0.883      0.377      0.077
    B1PAGE_M2          0.332      0.025     13.064      0.000      0.076
    M1CHADV           -0.020      0.039     -0.498      0.618      0.042
    DSES              -0.078      0.033     -2.371      0.018      0.031
    PSR                0.085      0.050      1.697      0.090      0.153
    LIFESTRESS         0.017      0.011      1.509      0.131      0.037
    NEGAFF             0.057      0.035      1.641      0.101      0.108
    PSQI3              0.040      0.009      4.430      0.000      0.043
    CURRENTSMO        -0.030      0.085     -0.355      0.723      0.035
    RISKYBEHAV         0.239      0.111      2.160      0.031      0.021
    CANONE             0.122      0.062      1.982      0.047      0.023
    CAFREQUENT         0.035      0.080      0.443      0.658      0.025
    CAHEAVY           -0.101      0.135     -0.746      0.456      0.024
    PHYSACT           -0.086      0.025     -3.501      0.000      0.042
    OVERALLDIE         0.001      0.041      0.032      0.975      0.030
    F                  0.245      0.032      7.544      0.000      0.240
    PSRXSEX           -0.097      0.060     -1.615      0.106      0.138

 PSRXSES  WITH
    PSRXDSES          -0.805      0.085     -9.458      0.000      0.134
    PSRXSEX           -0.099      0.048     -2.056      0.040      0.228

 PSRXDSES WITH
    PSRXSEX           -0.026      0.050     -0.523      0.601      0.211

 Means
    PSRXSES            0.138      0.034      4.115      0.000      0.196
    PSRXDSES           0.144      0.039      3.721      0.000      0.174
    PSRXSEX            0.015      0.023      0.645      0.519      0.084

 Intercepts
    PSR               -0.080      0.045     -1.781      0.075      0.126
    NEGAFF            -0.251      0.064     -3.945      0.000      0.236
    F                 -0.320      0.124     -2.573      0.010      0.333
    PSQI3              4.531      0.190     23.838      0.000      0.012
    OVERALLDIE         1.238      0.045     27.476      0.000      0.003
    LIFESTRESS         1.339      0.028     47.805      0.000      0.000
    P4MAJORCON        -0.284      0.108     -2.627      0.009      0.034

 Thresholds
    CURRENTS$1         2.328      0.190     12.224      0.000      0.002
    RISKYBEH$1         2.053      0.223      9.212      0.000      0.004
    CANONE$1           0.722      0.142      5.099      0.000      0.005
    CAFREQUE$1         1.107      0.170      6.497      0.000      0.004
    CAHEAVY$1          3.452      0.285     12.106      0.000      0.011
    PHYSACT$1         -1.374      0.132    -10.448      0.000      0.003
    PHYSACT$2         -0.204      0.128     -1.598      0.110      0.003
    PHYSACT$3          0.962      0.132      7.268      0.000      0.003

 Variances
    PSRXSES            1.088      0.103     10.615      0.000      0.140
    PSRXDSES           1.514      0.126     12.016      0.000      0.152
    PSRXSEX            0.569      0.036     15.878      0.000      0.125

 Residual Variances
    PSR                0.886      0.036     24.824      0.000      0.039
    NEGAFF             0.725      0.043     16.731      0.000      0.371
    F                  0.828      0.050     16.399      0.000      0.580
    PSQI3              8.079      0.362     22.329      0.000      0.019
    OVERALLDIE         0.442      0.023     19.027      0.000      0.001


QUALITY OF NUMERICAL RESULTS

     Average Condition Number for the Information Matrix      0.591E-05
       (ratio of smallest to largest eigenvalue)


TECHNICAL 1 OUTPUT


     PARAMETER SPECIFICATION


           TAU
              CURRENTS      RISKYBEH      CANONE$1      CAFREQUE      CAHEAVY$
              ________      ________      ________      ________      ________
 1                133           134           135           136           137


           TAU
              PHYSACT$      PHYSACT$      PHYSACT$
              ________      ________      ________
 1                138           139           140


           NU
              LIFESTRE      LIFESTRE      P4MAJORC      P4MAJORC      CURRENTS
              ________      ________      ________      ________      ________
 1                  0             0             0             0             0


           NU
              RISKYBEH      CANONE        CAFREQUE      CAHEAVY       PHYSACT
              ________      ________      ________      ________      ________
 1                  0             0             0             0             0


           NU
              PSR           NEGAFF        F             PSQI3         OVERALLD
              ________      ________      ________      ________      ________
 1                  0             0             0             0             0


           NU
              PSRXSES       PSRXDSES      PSRXSEX       M1CHADV       DSES
              ________      ________      ________      ________      ________
 1                  0             0             0             0             0


           NU
              B1PAGE_M      SEX
              ________      ________
 1                  0             0


           LAMBDA
              LIFESTRE      LIFESTRE      P4MAJORC      P4MAJORC      CURRENTS
              ________      ________      ________      ________      ________
 LIFESTRE           0             0             0             0             0
 LIFESTRE           0             0             0             0             0
 P4MAJORC           0             0             0             0             0
 P4MAJORC           0             0             0             0             0
 CURRENTS           0             0             0             0             0
 RISKYBEH           0             0             0             0             0
 CANONE             0             0             0             0             0
 CAFREQUE           0             0             0             0             0
 CAHEAVY            0             0             0             0             0
 PHYSACT            0             0             0             0             0
 PSR                0             0             0             0             0
 NEGAFF             0             0             0             0             0
 F                  0             0             0             0             0
 PSQI3              0             0             0             0             0
 OVERALLD           0             0             0             0             0
 PSRXSES            0             0             0             0             0
 PSRXDSES           0             0             0             0             0
 PSRXSEX            0             0             0             0             0
 M1CHADV            0             0             0             0             0
 DSES               0             0             0             0             0
 B1PAGE_M           0             0             0             0             0
 SEX                0             0             0             0             0


           LAMBDA
              RISKYBEH      CANONE        CAFREQUE      CAHEAVY       PHYSACT
              ________      ________      ________      ________      ________
 LIFESTRE           0             0             0             0             0
 LIFESTRE           0             0             0             0             0
 P4MAJORC           0             0             0             0             0
 P4MAJORC           0             0             0             0             0
 CURRENTS           0             0             0             0             0
 RISKYBEH           0             0             0             0             0
 CANONE             0             0             0             0             0
 CAFREQUE           0             0             0             0             0
 CAHEAVY            0             0             0             0             0
 PHYSACT            0             0             0             0             0
 PSR                0             0             0             0             0
 NEGAFF             0             0             0             0             0
 F                  0             0             0             0             0
 PSQI3              0             0             0             0             0
 OVERALLD           0             0             0             0             0
 PSRXSES            0             0             0             0             0
 PSRXDSES           0             0             0             0             0
 PSRXSEX            0             0             0             0             0
 M1CHADV            0             0             0             0             0
 DSES               0             0             0             0             0
 B1PAGE_M           0             0             0             0             0
 SEX                0             0             0             0             0


           LAMBDA
              PSR           NEGAFF        F             PSQI3         OVERALLD
              ________      ________      ________      ________      ________
 LIFESTRE           0             0             0             0             0
 LIFESTRE           0             0             0             0             0
 P4MAJORC           0             0             0             0             0
 P4MAJORC           0             0             0             0             0
 CURRENTS           0             0             0             0             0
 RISKYBEH           0             0             0             0             0
 CANONE             0             0             0             0             0
 CAFREQUE           0             0             0             0             0
 CAHEAVY            0             0             0             0             0
 PHYSACT            0             0             0             0             0
 PSR                0             0             0             0             0
 NEGAFF             0             0             0             0             0
 F                  0             0             0             0             0
 PSQI3              0             0             0             0             0
 OVERALLD           0             0             0             0             0
 PSRXSES            0             0             0             0             0
 PSRXDSES           0             0             0             0             0
 PSRXSEX            0             0             0             0             0
 M1CHADV            0             0             0             0             0
 DSES               0             0             0             0             0
 B1PAGE_M           0             0             0             0             0
 SEX                0             0             0             0             0


           LAMBDA
              PSRXSES       PSRXDSES      PSRXSEX       M1CHADV       DSES
              ________      ________      ________      ________      ________
 LIFESTRE           0             0             0             0             0
 LIFESTRE           0             0             0             0             0
 P4MAJORC           0             0             0             0             0
 P4MAJORC           0             0             0             0             0
 CURRENTS           0             0             0             0             0
 RISKYBEH           0             0             0             0             0
 CANONE             0             0             0             0             0
 CAFREQUE           0             0             0             0             0
 CAHEAVY            0             0             0             0             0
 PHYSACT            0             0             0             0             0
 PSR                0             0             0             0             0
 NEGAFF             0             0             0             0             0
 F                  0             0             0             0             0
 PSQI3              0             0             0             0             0
 OVERALLD           0             0             0             0             0
 PSRXSES            0             0             0             0             0
 PSRXDSES           0             0             0             0             0
 PSRXSEX            0             0             0             0             0
 M1CHADV            0             0             0             0             0
 DSES               0             0             0             0             0
 B1PAGE_M           0             0             0             0             0
 SEX                0             0             0             0             0


           LAMBDA
              B1PAGE_M      SEX
              ________      ________
 LIFESTRE           0             0
 LIFESTRE           0             0
 P4MAJORC           0             0
 P4MAJORC           0             0
 CURRENTS           0             0
 RISKYBEH           0             0
 CANONE             0             0
 CAFREQUE           0             0
 CAHEAVY            0             0
 PHYSACT            0             0
 PSR                0             0
 NEGAFF             0             0
 F                  0             0
 PSQI3              0             0
 OVERALLD           0             0
 PSRXSES            0             0
 PSRXDSES           0             0
 PSRXSEX            0             0
 M1CHADV            0             0
 DSES               0             0
 B1PAGE_M           0             0
 SEX                0             0


           THETA
              LIFESTRE      LIFESTRE      P4MAJORC      P4MAJORC      CURRENTS
              ________      ________      ________      ________      ________
 LIFESTRE           0
 LIFESTRE           0             0
 P4MAJORC           0             0             0
 P4MAJORC           0             0             0             0
 CURRENTS           0             0             0             0             0
 RISKYBEH           0             0             0             0             0
 CANONE             0             0             0             0             0
 CAFREQUE           0             0             0             0             0
 CAHEAVY            0             0             0             0             0
 PHYSACT            0             0             0             0             0
 PSR                0             0             0             0             0
 NEGAFF             0             0             0             0             0
 F                  0             0             0             0             0
 PSQI3              0             0             0             0             0
 OVERALLD           0             0             0             0             0
 PSRXSES            0             0             0             0             0
 PSRXDSES           0             0             0             0             0
 PSRXSEX            0             0             0             0             0
 M1CHADV            0             0             0             0             0
 DSES               0             0             0             0             0
 B1PAGE_M           0             0             0             0             0
 SEX                0             0             0             0             0


           THETA
              RISKYBEH      CANONE        CAFREQUE      CAHEAVY       PHYSACT
              ________      ________      ________      ________      ________
 RISKYBEH           0
 CANONE             0             0
 CAFREQUE           0             0             0
 CAHEAVY            0             0             0             0
 PHYSACT            0             0             0             0             0
 PSR                0             0             0             0             0
 NEGAFF             0             0             0             0             0
 F                  0             0             0             0             0
 PSQI3              0             0             0             0             0
 OVERALLD           0             0             0             0             0
 PSRXSES            0             0             0             0             0
 PSRXDSES           0             0             0             0             0
 PSRXSEX            0             0             0             0             0
 M1CHADV            0             0             0             0             0
 DSES               0             0             0             0             0
 B1PAGE_M           0             0             0             0             0
 SEX                0             0             0             0             0


           THETA
              PSR           NEGAFF        F             PSQI3         OVERALLD
              ________      ________      ________      ________      ________
 PSR                0
 NEGAFF             0             0
 F                  0             0             0
 PSQI3              0             0             0             0
 OVERALLD           0             0             0             0             0
 PSRXSES            0             0             0             0             0
 PSRXDSES           0             0             0             0             0
 PSRXSEX            0             0             0             0             0
 M1CHADV            0             0             0             0             0
 DSES               0             0             0             0             0
 B1PAGE_M           0             0             0             0             0
 SEX                0             0             0             0             0


           THETA
              PSRXSES       PSRXDSES      PSRXSEX       M1CHADV       DSES
              ________      ________      ________      ________      ________
 PSRXSES            0
 PSRXDSES           0             0
 PSRXSEX            0             0             0
 M1CHADV            0             0             0             0
 DSES               0             0             0             0             0
 B1PAGE_M           0             0             0             0             0
 SEX                0             0             0             0             0


           THETA
              B1PAGE_M      SEX
              ________      ________
 B1PAGE_M           0
 SEX                0             0


           ALPHA
              LIFESTRE      LIFESTRE      P4MAJORC      P4MAJORC      CURRENTS
              ________      ________      ________      ________      ________
 1                  0             1             0             2             0


           ALPHA
              RISKYBEH      CANONE        CAFREQUE      CAHEAVY       PHYSACT
              ________      ________      ________      ________      ________
 1                  0             0             0             0             0


           ALPHA
              PSR           NEGAFF        F             PSQI3         OVERALLD
              ________      ________      ________      ________      ________
 1                  3             4             5             6             7


           ALPHA
              PSRXSES       PSRXDSES      PSRXSEX       M1CHADV       DSES
              ________      ________      ________      ________      ________
 1                  8             9            10             0             0


           ALPHA
              B1PAGE_M      SEX
              ________      ________
 1                  0             0


           BETA
              LIFESTRE      LIFESTRE      P4MAJORC      P4MAJORC      CURRENTS
              ________      ________      ________      ________      ________
 LIFESTRE           0             0             0             0             0
 LIFESTRE           0             0             0             0             0
 P4MAJORC           0             0             0             0             0
 P4MAJORC           0            15             0             0            16
 CURRENTS           0            32             0             0             0
 RISKYBEH           0            39             0             0             0
 CANONE             0            46             0             0             0
 CAFREQUE           0            53             0             0             0
 CAHEAVY            0            60             0             0             0
 PHYSACT            0            69             0             0             0
 PSR                0             0             0             0             0
 NEGAFF             0            82             0             0             0
 F                  0            90             0             0            91
 PSQI3              0           106             0             0             0
 OVERALLD           0           115             0             0             0
 PSRXSES            0             0             0             0             0
 PSRXDSES           0             0             0             0             0
 PSRXSEX            0             0             0             0             0
 M1CHADV            0             0             0             0             0
 DSES               0             0             0             0             0
 B1PAGE_M           0             0             0             0             0
 SEX                0             0             0             0             0


           BETA
              RISKYBEH      CANONE        CAFREQUE      CAHEAVY       PHYSACT
              ________      ________      ________      ________      ________
 LIFESTRE           0             0             0             0             0
 LIFESTRE           0             0             0             0             0
 P4MAJORC           0             0             0             0             0
 P4MAJORC          17            18            19            20            21
 CURRENTS           0             0             0             0             0
 RISKYBEH           0             0             0             0             0
 CANONE             0             0             0             0             0
 CAFREQUE           0             0             0             0             0
 CAHEAVY            0             0             0             0             0
 PHYSACT            0             0             0             0             0
 PSR                0             0             0             0             0
 NEGAFF             0             0             0             0             0
 F                 92            93            94            95            96
 PSQI3              0             0             0             0             0
 OVERALLD           0             0             0             0             0
 PSRXSES            0             0             0             0             0
 PSRXDSES           0             0             0             0             0
 PSRXSEX            0             0             0             0             0
 M1CHADV            0             0             0             0             0
 DSES               0             0             0             0             0
 B1PAGE_M           0             0             0             0             0
 SEX                0             0             0             0             0


           BETA
              PSR           NEGAFF        F             PSQI3         OVERALLD
              ________      ________      ________      ________      ________
 LIFESTRE           0             0             0             0             0
 LIFESTRE           0             0             0             0             0
 P4MAJORC           0             0             0             0             0
 P4MAJORC          22            23            24            25            26
 CURRENTS          33            34             0             0             0
 RISKYBEH          40            41             0             0             0
 CANONE            47            48             0             0             0
 CAFREQUE          54            55             0             0             0
 CAHEAVY           61            62             0             0             0
 PHYSACT           70            71             0             0             0
 PSR                0             0             0             0             0
 NEGAFF            83             0             0             0             0
 F                 97            98             0            99           100
 PSQI3            107           108             0             0             0
 OVERALLD         116           117             0             0             0
 PSRXSES            0             0             0             0             0
 PSRXDSES           0             0             0             0             0
 PSRXSEX            0             0             0             0             0
 M1CHADV            0             0             0             0             0
 DSES               0             0             0             0             0
 B1PAGE_M           0             0             0             0             0
 SEX                0             0             0             0             0


           BETA
              PSRXSES       PSRXDSES      PSRXSEX       M1CHADV       DSES
              ________      ________      ________      ________      ________
 LIFESTRE           0             0             0             0             0
 LIFESTRE           0             0             0            11            12
 P4MAJORC           0             0             0             0             0
 P4MAJORC           0             0            27            28            29
 CURRENTS           0             0             0            35            36
 RISKYBEH           0             0             0            42            43
 CANONE             0             0             0            49            50
 CAFREQUE           0             0             0            56            57
 CAHEAVY           63            64             0            65            66
 PHYSACT           72            73             0            74            75
 PSR                0             0             0            78            79
 NEGAFF            84            85             0            86            87
 F                  0             0           101           102           103
 PSQI3            109           110             0           111           112
 OVERALLD           0             0             0           118           119
 PSRXSES            0             0             0             0             0
 PSRXDSES           0             0             0             0             0
 PSRXSEX            0             0             0             0             0
 M1CHADV            0             0             0             0             0
 DSES               0             0             0             0             0
 B1PAGE_M           0             0             0             0             0
 SEX                0             0             0             0             0


           BETA
              B1PAGE_M      SEX
              ________      ________
 LIFESTRE           0             0
 LIFESTRE          13            14
 P4MAJORC           0             0
 P4MAJORC          30            31
 CURRENTS          37            38
 RISKYBEH          44            45
 CANONE            51            52
 CAFREQUE          58            59
 CAHEAVY           67            68
 PHYSACT           76            77
 PSR               80            81
 NEGAFF            88            89
 F                104           105
 PSQI3            113           114
 OVERALLD         120           121
 PSRXSES            0             0
 PSRXDSES           0             0
 PSRXSEX            0             0
 M1CHADV            0             0
 DSES               0             0
 B1PAGE_M           0             0
 SEX                0             0


           PSI
              LIFESTRE      LIFESTRE      P4MAJORC      P4MAJORC      CURRENTS
              ________      ________      ________      ________      ________
 LIFESTRE           0
 LIFESTRE           0             0
 P4MAJORC           0             0             0
 P4MAJORC           0             0             0             0
 CURRENTS           0             0             0             0             0
 RISKYBEH           0             0             0             0             0
 CANONE             0             0             0             0             0
 CAFREQUE           0             0             0             0             0
 CAHEAVY            0             0             0             0             0
 PHYSACT            0             0             0             0             0
 PSR                0             0             0             0             0
 NEGAFF             0             0             0             0             0
 F                  0             0             0             0             0
 PSQI3              0             0             0             0             0
 OVERALLD           0             0             0             0             0
 PSRXSES            0             0             0             0             0
 PSRXDSES           0             0             0             0             0
 PSRXSEX            0             0             0             0             0
 M1CHADV            0             0             0             0             0
 DSES               0             0             0             0             0
 B1PAGE_M           0             0             0             0             0
 SEX                0             0             0             0             0


           PSI
              RISKYBEH      CANONE        CAFREQUE      CAHEAVY       PHYSACT
              ________      ________      ________      ________      ________
 RISKYBEH           0
 CANONE             0             0
 CAFREQUE           0             0             0
 CAHEAVY            0             0             0             0
 PHYSACT            0             0             0             0             0
 PSR                0             0             0             0             0
 NEGAFF             0             0             0             0             0
 F                  0             0             0             0             0
 PSQI3              0             0             0             0             0
 OVERALLD           0             0             0             0             0
 PSRXSES            0             0             0             0             0
 PSRXDSES           0             0             0             0             0
 PSRXSEX            0             0             0             0             0
 M1CHADV            0             0             0             0             0
 DSES               0             0             0             0             0
 B1PAGE_M           0             0             0             0             0
 SEX                0             0             0             0             0


           PSI
              PSR           NEGAFF        F             PSQI3         OVERALLD
              ________      ________      ________      ________      ________
 PSR              122
 NEGAFF             0           123
 F                  0             0           124
 PSQI3              0             0             0           125
 OVERALLD           0             0             0             0           126
 PSRXSES            0             0             0             0             0
 PSRXDSES           0             0             0             0             0
 PSRXSEX            0             0             0             0             0
 M1CHADV            0             0             0             0             0
 DSES               0             0             0             0             0
 B1PAGE_M           0             0             0             0             0
 SEX                0             0             0             0             0


           PSI
              PSRXSES       PSRXDSES      PSRXSEX       M1CHADV       DSES
              ________      ________      ________      ________      ________
 PSRXSES          127
 PSRXDSES         128           129
 PSRXSEX          130           131           132
 M1CHADV            0             0             0             0
 DSES               0             0             0             0             0
 B1PAGE_M           0             0             0             0             0
 SEX                0             0             0             0             0


           PSI
              B1PAGE_M      SEX
              ________      ________
 B1PAGE_M           0
 SEX                0             0


     STARTING VALUES


           TAU
              CURRENTS      RISKYBEH      CANONE$1      CAFREQUE      CAHEAVY$
              ________      ________      ________      ________      ________
 1              1.747         2.633         0.604         1.418         2.920


           TAU
              PHYSACT$      PHYSACT$      PHYSACT$
              ________      ________      ________
 1             -1.160        -0.024         1.112


           NU
              LIFESTRE      LIFESTRE      P4MAJORC      P4MAJORC      CURRENTS
              ________      ________      ________      ________      ________
 1              0.000         0.000         0.000         0.000         0.000


           NU
              RISKYBEH      CANONE        CAFREQUE      CAHEAVY       PHYSACT
              ________      ________      ________      ________      ________
 1              0.000         0.000         0.000         0.000         0.000


           NU
              PSR           NEGAFF        F             PSQI3         OVERALLD
              ________      ________      ________      ________      ________
 1              0.000         0.000         0.000         0.000         0.000


           NU
              PSRXSES       PSRXDSES      PSRXSEX       M1CHADV       DSES
              ________      ________      ________      ________      ________
 1              0.000         0.000         0.000         0.000         0.000


           NU
              B1PAGE_M      SEX
              ________      ________
 1              0.000         0.000


           LAMBDA
              LIFESTRE      LIFESTRE      P4MAJORC      P4MAJORC      CURRENTS
              ________      ________      ________      ________      ________
 LIFESTRE       1.000         0.000         0.000         0.000         0.000
 LIFESTRE       0.000         1.000         0.000         0.000         0.000
 P4MAJORC       0.000         0.000         1.000         0.000         0.000
 P4MAJORC       0.000         0.000         0.000         1.000         0.000
 CURRENTS       0.000         0.000         0.000         0.000         1.000
 RISKYBEH       0.000         0.000         0.000         0.000         0.000
 CANONE         0.000         0.000         0.000         0.000         0.000
 CAFREQUE       0.000         0.000         0.000         0.000         0.000
 CAHEAVY        0.000         0.000         0.000         0.000         0.000
 PHYSACT        0.000         0.000         0.000         0.000         0.000
 PSR            0.000         0.000         0.000         0.000         0.000
 NEGAFF         0.000         0.000         0.000         0.000         0.000
 F              0.000         0.000         0.000         0.000         0.000
 PSQI3          0.000         0.000         0.000         0.000         0.000
 OVERALLD       0.000         0.000         0.000         0.000         0.000
 PSRXSES        0.000         0.000         0.000         0.000         0.000
 PSRXDSES       0.000         0.000         0.000         0.000         0.000
 PSRXSEX        0.000         0.000         0.000         0.000         0.000
 M1CHADV        0.000         0.000         0.000         0.000         0.000
 DSES           0.000         0.000         0.000         0.000         0.000
 B1PAGE_M       0.000         0.000         0.000         0.000         0.000
 SEX            0.000         0.000         0.000         0.000         0.000


           LAMBDA
              RISKYBEH      CANONE        CAFREQUE      CAHEAVY       PHYSACT
              ________      ________      ________      ________      ________
 LIFESTRE       0.000         0.000         0.000         0.000         0.000
 LIFESTRE       0.000         0.000         0.000         0.000         0.000
 P4MAJORC       0.000         0.000         0.000         0.000         0.000
 P4MAJORC       0.000         0.000         0.000         0.000         0.000
 CURRENTS       0.000         0.000         0.000         0.000         0.000
 RISKYBEH       1.000         0.000         0.000         0.000         0.000
 CANONE         0.000         1.000         0.000         0.000         0.000
 CAFREQUE       0.000         0.000         1.000         0.000         0.000
 CAHEAVY        0.000         0.000         0.000         1.000         0.000
 PHYSACT        0.000         0.000         0.000         0.000         1.000
 PSR            0.000         0.000         0.000         0.000         0.000
 NEGAFF         0.000         0.000         0.000         0.000         0.000
 F              0.000         0.000         0.000         0.000         0.000
 PSQI3          0.000         0.000         0.000         0.000         0.000
 OVERALLD       0.000         0.000         0.000         0.000         0.000
 PSRXSES        0.000         0.000         0.000         0.000         0.000
 PSRXDSES       0.000         0.000         0.000         0.000         0.000
 PSRXSEX        0.000         0.000         0.000         0.000         0.000
 M1CHADV        0.000         0.000         0.000         0.000         0.000
 DSES           0.000         0.000         0.000         0.000         0.000
 B1PAGE_M       0.000         0.000         0.000         0.000         0.000
 SEX            0.000         0.000         0.000         0.000         0.000


           LAMBDA
              PSR           NEGAFF        F             PSQI3         OVERALLD
              ________      ________      ________      ________      ________
 LIFESTRE       0.000         0.000         0.000         0.000         0.000
 LIFESTRE       0.000         0.000         0.000         0.000         0.000
 P4MAJORC       0.000         0.000         0.000         0.000         0.000
 P4MAJORC       0.000         0.000         0.000         0.000         0.000
 CURRENTS       0.000         0.000         0.000         0.000         0.000
 RISKYBEH       0.000         0.000         0.000         0.000         0.000
 CANONE         0.000         0.000         0.000         0.000         0.000
 CAFREQUE       0.000         0.000         0.000         0.000         0.000
 CAHEAVY        0.000         0.000         0.000         0.000         0.000
 PHYSACT        0.000         0.000         0.000         0.000         0.000
 PSR            1.000         0.000         0.000         0.000         0.000
 NEGAFF         0.000         1.000         0.000         0.000         0.000
 F              0.000         0.000         1.000         0.000         0.000
 PSQI3          0.000         0.000         0.000         1.000         0.000
 OVERALLD       0.000         0.000         0.000         0.000         1.000
 PSRXSES        0.000         0.000         0.000         0.000         0.000
 PSRXDSES       0.000         0.000         0.000         0.000         0.000
 PSRXSEX        0.000         0.000         0.000         0.000         0.000
 M1CHADV        0.000         0.000         0.000         0.000         0.000
 DSES           0.000         0.000         0.000         0.000         0.000
 B1PAGE_M       0.000         0.000         0.000         0.000         0.000
 SEX            0.000         0.000         0.000         0.000         0.000


           LAMBDA
              PSRXSES       PSRXDSES      PSRXSEX       M1CHADV       DSES
              ________      ________      ________      ________      ________
 LIFESTRE       0.000         0.000         0.000         0.000         0.000
 LIFESTRE       0.000         0.000         0.000         0.000         0.000
 P4MAJORC       0.000         0.000         0.000         0.000         0.000
 P4MAJORC       0.000         0.000         0.000         0.000         0.000
 CURRENTS       0.000         0.000         0.000         0.000         0.000
 RISKYBEH       0.000         0.000         0.000         0.000         0.000
 CANONE         0.000         0.000         0.000         0.000         0.000
 CAFREQUE       0.000         0.000         0.000         0.000         0.000
 CAHEAVY        0.000         0.000         0.000         0.000         0.000
 PHYSACT        0.000         0.000         0.000         0.000         0.000
 PSR            0.000         0.000         0.000         0.000         0.000
 NEGAFF         0.000         0.000         0.000         0.000         0.000
 F              0.000         0.000         0.000         0.000         0.000
 PSQI3          0.000         0.000         0.000         0.000         0.000
 OVERALLD       0.000         0.000         0.000         0.000         0.000
 PSRXSES        1.000         0.000         0.000         0.000         0.000
 PSRXDSES       0.000         1.000         0.000         0.000         0.000
 PSRXSEX        0.000         0.000         1.000         0.000         0.000
 M1CHADV        0.000         0.000         0.000         1.000         0.000
 DSES           0.000         0.000         0.000         0.000         1.000
 B1PAGE_M       0.000         0.000         0.000         0.000         0.000
 SEX            0.000         0.000         0.000         0.000         0.000


           LAMBDA
              B1PAGE_M      SEX
              ________      ________
 LIFESTRE       0.000         0.000
 LIFESTRE       0.000         0.000
 P4MAJORC       0.000         0.000
 P4MAJORC       0.000         0.000
 CURRENTS       0.000         0.000
 RISKYBEH       0.000         0.000
 CANONE         0.000         0.000
 CAFREQUE       0.000         0.000
 CAHEAVY        0.000         0.000
 PHYSACT        0.000         0.000
 PSR            0.000         0.000
 NEGAFF         0.000         0.000
 F              0.000         0.000
 PSQI3          0.000         0.000
 OVERALLD       0.000         0.000
 PSRXSES        0.000         0.000
 PSRXDSES       0.000         0.000
 PSRXSEX        0.000         0.000
 M1CHADV        0.000         0.000
 DSES           0.000         0.000
 B1PAGE_M       1.000         0.000
 SEX            0.000         1.000


           THETA
              LIFESTRE      LIFESTRE      P4MAJORC      P4MAJORC      CURRENTS
              ________      ________      ________      ________      ________
 LIFESTRE       0.000
 LIFESTRE       0.000         0.000
 P4MAJORC       0.000         0.000         0.000
 P4MAJORC       0.000         0.000         0.000         0.000
 CURRENTS       0.000         0.000         0.000         0.000         0.000
 RISKYBEH       0.000         0.000         0.000         0.000         0.000
 CANONE         0.000         0.000         0.000         0.000         0.000
 CAFREQUE       0.000         0.000         0.000         0.000         0.000
 CAHEAVY        0.000         0.000         0.000         0.000         0.000
 PHYSACT        0.000         0.000         0.000         0.000         0.000
 PSR            0.000         0.000         0.000         0.000         0.000
 NEGAFF         0.000         0.000         0.000         0.000         0.000
 F              0.000         0.000         0.000         0.000         0.000
 PSQI3          0.000         0.000         0.000         0.000         0.000
 OVERALLD       0.000         0.000         0.000         0.000         0.000
 PSRXSES        0.000         0.000         0.000         0.000         0.000
 PSRXDSES       0.000         0.000         0.000         0.000         0.000
 PSRXSEX        0.000         0.000         0.000         0.000         0.000
 M1CHADV        0.000         0.000         0.000         0.000         0.000
 DSES           0.000         0.000         0.000         0.000         0.000
 B1PAGE_M       0.000         0.000         0.000         0.000         0.000
 SEX            0.000         0.000         0.000         0.000         0.000


           THETA
              RISKYBEH      CANONE        CAFREQUE      CAHEAVY       PHYSACT
              ________      ________      ________      ________      ________
 RISKYBEH       0.000
 CANONE         0.000         0.000
 CAFREQUE       0.000         0.000         0.000
 CAHEAVY        0.000         0.000         0.000         0.000
 PHYSACT        0.000         0.000         0.000         0.000         0.000
 PSR            0.000         0.000         0.000         0.000         0.000
 NEGAFF         0.000         0.000         0.000         0.000         0.000
 F              0.000         0.000         0.000         0.000         0.000
 PSQI3          0.000         0.000         0.000         0.000         0.000
 OVERALLD       0.000         0.000         0.000         0.000         0.000
 PSRXSES        0.000         0.000         0.000         0.000         0.000
 PSRXDSES       0.000         0.000         0.000         0.000         0.000
 PSRXSEX        0.000         0.000         0.000         0.000         0.000
 M1CHADV        0.000         0.000         0.000         0.000         0.000
 DSES           0.000         0.000         0.000         0.000         0.000
 B1PAGE_M       0.000         0.000         0.000         0.000         0.000
 SEX            0.000         0.000         0.000         0.000         0.000


           THETA
              PSR           NEGAFF        F             PSQI3         OVERALLD
              ________      ________      ________      ________      ________
 PSR            0.000
 NEGAFF         0.000         0.000
 F              0.000         0.000         0.000
 PSQI3          0.000         0.000         0.000         0.000
 OVERALLD       0.000         0.000         0.000         0.000         0.000
 PSRXSES        0.000         0.000         0.000         0.000         0.000
 PSRXDSES       0.000         0.000         0.000         0.000         0.000
 PSRXSEX        0.000         0.000         0.000         0.000         0.000
 M1CHADV        0.000         0.000         0.000         0.000         0.000
 DSES           0.000         0.000         0.000         0.000         0.000
 B1PAGE_M       0.000         0.000         0.000         0.000         0.000
 SEX            0.000         0.000         0.000         0.000         0.000


           THETA
              PSRXSES       PSRXDSES      PSRXSEX       M1CHADV       DSES
              ________      ________      ________      ________      ________
 PSRXSES        0.000
 PSRXDSES       0.000         0.000
 PSRXSEX        0.000         0.000         0.000
 M1CHADV        0.000         0.000         0.000         0.000
 DSES           0.000         0.000         0.000         0.000         0.000
 B1PAGE_M       0.000         0.000         0.000         0.000         0.000
 SEX            0.000         0.000         0.000         0.000         0.000


           THETA
              B1PAGE_M      SEX
              ________      ________
 B1PAGE_M       0.000
 SEX            0.000         0.000


           ALPHA
              LIFESTRE      LIFESTRE      P4MAJORC      P4MAJORC      CURRENTS
              ________      ________      ________      ________      ________
 1            -20.000         1.529       -20.000         0.318         0.000


           ALPHA
              RISKYBEH      CANONE        CAFREQUE      CAHEAVY       PHYSACT
              ________      ________      ________      ________      ________
 1              0.000         0.000         0.000         0.000         0.000


           ALPHA
              PSR           NEGAFF        F             PSQI3         OVERALLD
              ________      ________      ________      ________      ________
 1              0.001        -0.001        -0.011         5.607         1.103


           ALPHA
              PSRXSES       PSRXDSES      PSRXSEX       M1CHADV       DSES
              ________      ________      ________      ________      ________
 1              0.156         0.120         0.019         0.000         0.000


           ALPHA
              B1PAGE_M      SEX
              ________      ________
 1              0.000         0.000


           BETA
              LIFESTRE      LIFESTRE      P4MAJORC      P4MAJORC      CURRENTS
              ________      ________      ________      ________      ________
 LIFESTRE       0.000         0.000         0.000         0.000         0.000
 LIFESTRE       0.000         0.000         0.000         0.000         0.000
 P4MAJORC       0.000         0.000         0.000         0.000         0.000
 P4MAJORC       0.000         0.000         0.000         0.000         0.000
 CURRENTS       0.000         0.000         0.000         0.000         0.000
 RISKYBEH       0.000         0.000         0.000         0.000         0.000
 CANONE         0.000         0.000         0.000         0.000         0.000
 CAFREQUE       0.000         0.000         0.000         0.000         0.000
 CAHEAVY        0.000         0.000         0.000         0.000         0.000
 PHYSACT        0.000         0.000         0.000         0.000         0.000
 PSR            0.000         0.000         0.000         0.000         0.000
 NEGAFF         0.000         0.000         0.000         0.000         0.000
 F              0.000         0.000         0.000         0.000         0.000
 PSQI3          0.000         0.000         0.000         0.000         0.000
 OVERALLD       0.000         0.000         0.000         0.000         0.000
 PSRXSES        0.000         0.000         0.000         0.000         0.000
 PSRXDSES       0.000         0.000         0.000         0.000         0.000
 PSRXSEX        0.000         0.000         0.000         0.000         0.000
 M1CHADV        0.000         0.000         0.000         0.000         0.000
 DSES           0.000         0.000         0.000         0.000         0.000
 B1PAGE_M       0.000         0.000         0.000         0.000         0.000
 SEX            0.000         0.000         0.000         0.000         0.000


           BETA
              RISKYBEH      CANONE        CAFREQUE      CAHEAVY       PHYSACT
              ________      ________      ________      ________      ________
 LIFESTRE       0.000         0.000         0.000         0.000         0.000
 LIFESTRE       0.000         0.000         0.000         0.000         0.000
 P4MAJORC       0.000         0.000         0.000         0.000         0.000
 P4MAJORC       0.000         0.000         0.000         0.000         0.000
 CURRENTS       0.000         0.000         0.000         0.000         0.000
 RISKYBEH       0.000         0.000         0.000         0.000         0.000
 CANONE         0.000         0.000         0.000         0.000         0.000
 CAFREQUE       0.000         0.000         0.000         0.000         0.000
 CAHEAVY        0.000         0.000         0.000         0.000         0.000
 PHYSACT        0.000         0.000         0.000         0.000         0.000
 PSR            0.000         0.000         0.000         0.000         0.000
 NEGAFF         0.000         0.000         0.000         0.000         0.000
 F              0.000         0.000         0.000         0.000         0.000
 PSQI3          0.000         0.000         0.000         0.000         0.000
 OVERALLD       0.000         0.000         0.000         0.000         0.000
 PSRXSES        0.000         0.000         0.000         0.000         0.000
 PSRXDSES       0.000         0.000         0.000         0.000         0.000
 PSRXSEX        0.000         0.000         0.000         0.000         0.000
 M1CHADV        0.000         0.000         0.000         0.000         0.000
 DSES           0.000         0.000         0.000         0.000         0.000
 B1PAGE_M       0.000         0.000         0.000         0.000         0.000
 SEX            0.000         0.000         0.000         0.000         0.000


           BETA
              PSR           NEGAFF        F             PSQI3         OVERALLD
              ________      ________      ________      ________      ________
 LIFESTRE       0.000         0.000         0.000         0.000         0.000
 LIFESTRE       0.000         0.000         0.000         0.000         0.000
 P4MAJORC       0.000         0.000         0.000         0.000         0.000
 P4MAJORC       0.000         0.000         0.000         0.000         0.000
 CURRENTS       0.000         0.000         0.000         0.000         0.000
 RISKYBEH       0.000         0.000         0.000         0.000         0.000
 CANONE         0.000         0.000         0.000         0.000         0.000
 CAFREQUE       0.000         0.000         0.000         0.000         0.000
 CAHEAVY        0.000         0.000         0.000         0.000         0.000
 PHYSACT        0.000         0.000         0.000         0.000         0.000
 PSR            0.000         0.000         0.000         0.000         0.000
 NEGAFF         0.000         0.000         0.000         0.000         0.000
 F              0.000         0.000         0.000         0.000         0.000
 PSQI3          0.000         0.000         0.000         0.000         0.000
 OVERALLD       0.000         0.000         0.000         0.000         0.000
 PSRXSES        0.000         0.000         0.000         0.000         0.000
 PSRXDSES       0.000         0.000         0.000         0.000         0.000
 PSRXSEX        0.000         0.000         0.000         0.000         0.000
 M1CHADV        0.000         0.000         0.000         0.000         0.000
 DSES           0.000         0.000         0.000         0.000         0.000
 B1PAGE_M       0.000         0.000         0.000         0.000         0.000
 SEX            0.000         0.000         0.000         0.000         0.000


           BETA
              PSRXSES       PSRXDSES      PSRXSEX       M1CHADV       DSES
              ________      ________      ________      ________      ________
 LIFESTRE       0.000         0.000         0.000         0.000         0.000
 LIFESTRE       0.000         0.000         0.000         0.000         0.000
 P4MAJORC       0.000         0.000         0.000         0.000         0.000
 P4MAJORC       0.000         0.000         0.000         0.000         0.000
 CURRENTS       0.000         0.000         0.000         0.000         0.000
 RISKYBEH       0.000         0.000         0.000         0.000         0.000
 CANONE         0.000         0.000         0.000         0.000         0.000
 CAFREQUE       0.000         0.000         0.000         0.000         0.000
 CAHEAVY        0.000         0.000         0.000         0.000         0.000
 PHYSACT        0.000         0.000         0.000         0.000         0.000
 PSR            0.000         0.000         0.000         0.000         0.000
 NEGAFF         0.000         0.000         0.000         0.000         0.000
 F              0.000         0.000         0.000         0.000         0.000
 PSQI3          0.000         0.000         0.000         0.000         0.000
 OVERALLD       0.000         0.000         0.000         0.000         0.000
 PSRXSES        0.000         0.000         0.000         0.000         0.000
 PSRXDSES       0.000         0.000         0.000         0.000         0.000
 PSRXSEX        0.000         0.000         0.000         0.000         0.000
 M1CHADV        0.000         0.000         0.000         0.000         0.000
 DSES           0.000         0.000         0.000         0.000         0.000
 B1PAGE_M       0.000         0.000         0.000         0.000         0.000
 SEX            0.000         0.000         0.000         0.000         0.000


           BETA
              B1PAGE_M      SEX
              ________      ________
 LIFESTRE       0.000         0.000
 LIFESTRE       0.000         0.000
 P4MAJORC       0.000         0.000
 P4MAJORC       0.000         0.000
 CURRENTS       0.000         0.000
 RISKYBEH       0.000         0.000
 CANONE         0.000         0.000
 CAFREQUE       0.000         0.000
 CAHEAVY        0.000         0.000
 PHYSACT        0.000         0.000
 PSR            0.000         0.000
 NEGAFF         0.000         0.000
 F              0.000         0.000
 PSQI3          0.000         0.000
 OVERALLD       0.000         0.000
 PSRXSES        0.000         0.000
 PSRXDSES       0.000         0.000
 PSRXSEX        0.000         0.000
 M1CHADV        0.000         0.000
 DSES           0.000         0.000
 B1PAGE_M       0.000         0.000
 SEX            0.000         0.000


           PSI
              LIFESTRE      LIFESTRE      P4MAJORC      P4MAJORC      CURRENTS
              ________      ________      ________      ________      ________
 LIFESTRE       0.000
 LIFESTRE       0.000         0.000
 P4MAJORC       0.000         0.000         0.000
 P4MAJORC       0.000         0.000         0.000         0.000
 CURRENTS       0.000         0.000         0.000         0.000         1.000
 RISKYBEH       0.000         0.000         0.000         0.000         0.000
 CANONE         0.000         0.000         0.000         0.000         0.000
 CAFREQUE       0.000         0.000         0.000         0.000         0.000
 CAHEAVY        0.000         0.000         0.000         0.000         0.000
 PHYSACT        0.000         0.000         0.000         0.000         0.000
 PSR            0.000         0.000         0.000         0.000         0.000
 NEGAFF         0.000         0.000         0.000         0.000         0.000
 F              0.000         0.000         0.000         0.000         0.000
 PSQI3          0.000         0.000         0.000         0.000         0.000
 OVERALLD       0.000         0.000         0.000         0.000         0.000
 PSRXSES        0.000         0.000         0.000         0.000         0.000
 PSRXDSES       0.000         0.000         0.000         0.000         0.000
 PSRXSEX        0.000         0.000         0.000         0.000         0.000
 M1CHADV        0.000         0.000         0.000         0.000         0.000
 DSES           0.000         0.000         0.000         0.000         0.000
 B1PAGE_M       0.000         0.000         0.000         0.000         0.000
 SEX            0.000         0.000         0.000         0.000         0.000


           PSI
              RISKYBEH      CANONE        CAFREQUE      CAHEAVY       PHYSACT
              ________      ________      ________      ________      ________
 RISKYBEH       1.000
 CANONE         0.000         1.000
 CAFREQUE       0.000         0.000         1.000
 CAHEAVY        0.000         0.000         0.000         1.000
 PHYSACT        0.000         0.000         0.000         0.000         1.000
 PSR            0.000         0.000         0.000         0.000         0.000
 NEGAFF         0.000         0.000         0.000         0.000         0.000
 F              0.000         0.000         0.000         0.000         0.000
 PSQI3          0.000         0.000         0.000         0.000         0.000
 OVERALLD       0.000         0.000         0.000         0.000         0.000
 PSRXSES        0.000         0.000         0.000         0.000         0.000
 PSRXDSES       0.000         0.000         0.000         0.000         0.000
 PSRXSEX        0.000         0.000         0.000         0.000         0.000
 M1CHADV        0.000         0.000         0.000         0.000         0.000
 DSES           0.000         0.000         0.000         0.000         0.000
 B1PAGE_M       0.000         0.000         0.000         0.000         0.000
 SEX            0.000         0.000         0.000         0.000         0.000


           PSI
              PSR           NEGAFF        F             PSQI3         OVERALLD
              ________      ________      ________      ________      ________
 PSR            0.499
 NEGAFF         0.000         0.498
 F              0.000         0.000         0.509
 PSQI3          0.000         0.000         0.000         4.821
 OVERALLD       0.000         0.000         0.000         0.000         0.243
 PSRXSES        0.000         0.000         0.000         0.000         0.000
 PSRXDSES       0.000         0.000         0.000         0.000         0.000
 PSRXSEX        0.000         0.000         0.000         0.000         0.000
 M1CHADV        0.000         0.000         0.000         0.000         0.000
 DSES           0.000         0.000         0.000         0.000         0.000
 B1PAGE_M       0.000         0.000         0.000         0.000         0.000
 SEX            0.000         0.000         0.000         0.000         0.000


           PSI
              PSRXSES       PSRXDSES      PSRXSEX       M1CHADV       DSES
              ________      ________      ________      ________      ________
 PSRXSES        0.525
 PSRXDSES       0.000         0.717
 PSRXSEX        0.000         0.000         0.279
 M1CHADV        0.000         0.000         0.000         0.500
 DSES           0.000         0.000         0.000         0.000         0.768
 B1PAGE_M       0.000         0.000         0.000         0.000         0.000
 SEX            0.000         0.000         0.000         0.000         0.000


           PSI
              B1PAGE_M      SEX
              ________      ________
 B1PAGE_M       0.685
 SEX            0.000         0.123


     Beginning Time:  21:42:57
        Ending Time:  22:17:19
       Elapsed Time:  00:34:22



MUTHEN & MUTHEN
3463 Stoner Ave.
Los Angeles, CA  90066

Tel: (310) 391-9971
Fax: (310) 391-8971
Web: www.StatModel.com
Support: Support@StatModel.com

Copyright (c) 1998-2014 Muthen & Muthen
