Mplus VERSION 7.3
MUTHEN & MUTHEN
02/01/2015   8:41 PM

INPUT INSTRUCTIONS

  TITLE:
  PSR AL Model
  DATA:
  FILE = implist.dat;
  TYPE = IMPUTATION;

  VARIABLE:
    NAMES = M2ID Imputation MASTERY CONSTRAINT SELFESTEEM OPTIMISM PESSIMISM
  FAMILYSUPT FRIENDSUPT SPOUSESUPT PR SR bisym bihpa bicard bigluc
  bilipid biinfl bipara F NegAff PosAff m2famnum b1page_m2 sex
  m1chadv m2aadv LifeStress Smoke PhysAct p4majorconditions
  p4minorconditions p4sumburden;

  MISSING=.;

    USEVARIABLES =
      m1chadv m2aadv PR SR LifeStress
      sex b1page_m2
      NegAff PosAff
      F Smoke PhysAct
      p4majorconditions
      !SESxPR SESxSR
      dSESxPR
      !dSESxSR
      !StressxPR StressxSR;
      !SexxPR SexxSR
      ;

    IDVARIABLE = M2ID;
    CLUSTER = m2famnum;
    COUNT = LifeStress p4majorconditions;
    CATEGORICAL = Smoke PhysAct;
    DEFINE:
    !SESxPR = m1chadv * PR;
    !SESxSR = m1chadv * SR;
    dSESxPR = m2aadv * PR;
    !dSESxSR = m2aadv * SR;

    !StressxPR = LifeStress * PR;
    !StressxSR = LifeStress * SR;
    !SexxPR = Sex * PR;
    !SexxSR = Sex * SR;

  ANALYSIS:
    TYPE = COMPLEX;
    Estimator = ML;
    PROCESSORS = 10;

  MODEL:
    ! Step 1
    LifeStress ON
      sex b1page_m2 m1chadv m2aadv
      ;

    PR SR ON
      sex b1page_m2
      m1chadv m2aadv
      LifeStress;
    PR WITH SR*;

    ! Step 2
    PosAff ON
      sex b1page_m2 m1chadv m2aadv
      PR SR
      LifeStress
      !SESxPR SESxSR
      !dSESxPR dSESxSR
      !StressxPR (int0a)
      !StressxSR (int0b)
      !SexxPR SexxSR
      ;
    NegAff ON
      sex b1page_m2 m1chadv
      m2aadv (nases)
      PR (napr)
      SR
      LifeStress
      !SESxPR SESxSR
      dSESxPR (nasxpr)
      !dSESxSR
      !StressxPR (int1a)
      !StressxSR (int1b)
      !SexxPR SexxSR
      ;
     PosAff WITH NegAff*;

    ! Step 3
      F ON
      sex b1page_m2 m1chadv m2aadv
      PR SR
      LifeStress
      PosAff NegAff
      !SESxPR SESxSR
      !dSESxPR dSESxSR
      !StressxPR (int2a)
      !StressxSR (int2b)
      !SexxPR SexxSR
      Smoke
      PhysAct (fphys);

      Smoke ON
      sex b1page_m2 m1chadv m2aadv
      PR SR
      LifeStress
      PosAff NegAff
      !SESxPR SESxSR
      !dSESxPR dSESxSR
      !StressxPR (int3a)
      !StressxSR (int3b)
      !SexxPR SexxSR
      ;

      PhysAct ON
      sex b1page_m2 m1chadv m2aadv
      PR (physpr)
      SR
      LifeStress
      PosAff NegAff
      !SESxPR SESxSR
      !dSESxPR dSESxSR
      !StressxPR (int4a)
      !StressxSR (int4b)
      !SexxPR SexxSR
      ;

      !PhysAct WITH Smoke*;

      ! Step 4

      p4majorconditions ON
      sex b1page_m2 m1chadv m2aadv
      PR SR
      LifeStress
      PosAff
      NegAff (cna)
      !SESxPR SESxSR
      !dSESxPR dSESxSR
      !StressxPR (int5a)
      !StressxSR (int5b)
      !SexxPR SexxSR
      F Smoke PhysAct;

  MODEL CONSTRAINT:
    new(indf1 indc1l indc1m indc1h);
    indf1 = physpr * fphys;
    indc1l = (napr - 1.277168 * nasxpr) * cna;
    indc1m = (napr + 0 * nasxpr) * cna;
    indc1h = (napr + 1.277168 * nasxpr) * cna;


  !MODEL TEST:
    !int1a = 0;
    !int1b = 0;
    !int2a = 0;
    !int2b = 0;
    !int3a = 0;
    !int3b = 0;
    !int4a = 0;
    !int4b = 0;
    !int5a = 0;
    !int5b = 0;

  OUTPUT:
    STDYX;
    CINTERVAL;



*** WARNING in ANALYSIS command
  Use ESTIMATOR=MLR instead of ESTIMATOR=ML for TYPE=COMPLEX.
  Default estimator will be used.
*** WARNING in VARIABLE command
  Note that only the first 8 characters of variable names are used in the output.
  Shorten variable names to avoid any confusion.
*** WARNING in OUTPUT command
  CINTERVAL option is not available with multiple imputation.
  Request for CINTERVAL is ignored.
   3 WARNING(S) FOUND IN THE INPUT INSTRUCTIONS




PSR AL Model

SUMMARY OF ANALYSIS

Number of groups                                                 1
Average number of observations                                1050

Number of replications
    Requested                                                   50
    Completed                                                   50

Number of dependent variables                                    9
Number of independent variables                                  5
Number of continuous latent variables                            0

Observed dependent variables

  Continuous
   PR          SR          NEGAFF      POSAFF      F

  Binary and ordered categorical (ordinal)
   SMOKE       PHYSACT

  Count
   LIFESTRE    P4MAJORC

Observed independent variables
   M1CHADV     M2AADV      SEX         B1PAGE_M    DSESXPR

Variables with special functions

  Cluster variable      M2FAMNUM
  ID variable           M2ID

Estimator                                                      MLR
Information matrix                                        OBSERVED
Optimization Specifications for the Quasi-Newton Algorithm for
Continuous Outcomes
  Maximum number of iterations                                 100
  Convergence criterion                                  0.100D-05
Optimization Specifications for the EM Algorithm
  Maximum number of iterations                                 500
  Convergence criteria
    Loglikelihood change                                 0.100D-02
    Relative loglikelihood change                        0.100D-05
    Derivative                                           0.100D-02
Optimization Specifications for the M step of the EM Algorithm for
Categorical Latent variables
  Number of M step iterations                                    1
  M step convergence criterion                           0.100D-02
  Basis for M step termination                           ITERATION
Optimization Specifications for the M step of the EM Algorithm for
Censored, Binary or Ordered Categorical (Ordinal), Unordered
Categorical (Nominal) and Count Outcomes
  Number of M step iterations                                    1
  M step convergence criterion                           0.100D-02
  Basis for M step termination                           ITERATION
  Maximum value for logit thresholds                            15
  Minimum value for logit thresholds                           -15
  Minimum expected cell size for chi-square              0.100D-01
Maximum number of iterations for H1                           2000
Convergence criterion for H1                             0.100D-03
Optimization algorithm                                         EMA
Integration Specifications
  Type                                                    STANDARD
  Number of integration points                                  15
  Dimensions of numerical integration                            0
  Adaptive quadrature                                           ON
Link                                                         LOGIT
Cholesky                                                       OFF

Input data file(s)
  Multiple data files from
    implist.dat
Input data format  FREE


SUMMARY OF DATA FOR THE FIRST DATA SET

     Number of missing data patterns             1
     Number of clusters         894



SUMMARY OF MISSING DATA PATTERNS FOR THE FIRST DATA SET


     MISSING DATA PATTERNS FOR Y (x = not missing)

           1
 PR        x
 SR        x
 NEGAFF    x
 POSAFF    x
 F         x
 M1CHADV   x
 M2AADV    x
 SEX       x
 B1PAGE_M  x
 DSESXPR   x


     MISSING DATA PATTERN FREQUENCIES FOR Y

    Pattern   Frequency
          1        1050


COVARIANCE COVERAGE OF DATA FOR THE FIRST DATA SET

Minimum covariance coverage value   0.100


     PROPORTION OF DATA PRESENT FOR Y


           Covariance Coverage
              PR            SR            NEGAFF        POSAFF        F
              ________      ________      ________      ________      ________
 PR             1.000
 SR             1.000         1.000
 NEGAFF         1.000         1.000         1.000
 POSAFF         1.000         1.000         1.000         1.000
 F              1.000         1.000         1.000         1.000         1.000
 M1CHADV        1.000         1.000         1.000         1.000         1.000
 M2AADV         1.000         1.000         1.000         1.000         1.000
 SEX            1.000         1.000         1.000         1.000         1.000
 B1PAGE_M       1.000         1.000         1.000         1.000         1.000
 DSESXPR        1.000         1.000         1.000         1.000         1.000


           Covariance Coverage
              M1CHADV       M2AADV        SEX           B1PAGE_M      DSESXPR
              ________      ________      ________      ________      ________
 M1CHADV        1.000
 M2AADV         1.000         1.000
 SEX            1.000         1.000         1.000
 B1PAGE_M       1.000         1.000         1.000         1.000
 DSESXPR        1.000         1.000         1.000         1.000         1.000


UNIVARIATE PROPORTIONS FOR CATEGORICAL VARIABLES

NOTE:  These are average results over 50 data sets.

    SMOKE
      Category 1    0.553
      Category 2    0.332
      Category 3    0.114
    PHYSACT
      Category 1    0.215
      Category 2    0.259
      Category 3    0.278
      Category 4    0.248


COUNT PROPORTION OF ZERO, MINIMUM AND MAXIMUM VALUES

      LIFESTRE    0.072         0        13
      P4MAJORC    0.411         0         6


SAMPLE STATISTICS

NOTE:  These are average results over 50 data sets.


     SAMPLE STATISTICS


           Means
              PR            SR            NEGAFF        POSAFF        F
              ________      ________      ________      ________      ________
 1              0.108         0.063        -0.032         0.035        -0.111


           Means
              M1CHADV       M2AADV        SEX           B1PAGE_M      DSESXPR
              ________      ________      ________      ________      ________
 1              0.000         0.000         0.548         0.023         0.242


           Covariances
              PR            SR            NEGAFF        POSAFF        F
              ________      ________      ________      ________      ________
 PR             1.027
 SR             0.643         0.999
 NEGAFF        -0.536        -0.383         0.974
 POSAFF         0.575         0.424        -0.695         0.960
 F             -0.044        -0.036         0.072        -0.082         0.907
 M1CHADV        0.079         0.096        -0.016         0.013        -0.103
 M2AADV         0.242         0.118        -0.230         0.194        -0.025
 SEX           -0.006         0.027         0.039        -0.013        -0.031
 B1PAGE_M       0.187         0.147        -0.289         0.243         0.045
 DSESXPR       -0.033        -0.035         0.101        -0.049         0.065


           Covariances
              M1CHADV       M2AADV        SEX           B1PAGE_M      DSESXPR
              ________      ________      ________      ________      ________
 M1CHADV        0.999
 M2AADV        -0.815         1.630
 SEX           -0.011        -0.054         0.248
 B1PAGE_M      -0.170         0.271        -0.033         1.385
 DSESXPR       -0.064         0.059        -0.001         0.004         1.704


           Correlations
              PR            SR            NEGAFF        POSAFF        F
              ________      ________      ________      ________      ________
 PR             1.000
 SR             0.635         1.000
 NEGAFF        -0.536        -0.389         1.000
 POSAFF         0.579         0.433        -0.719         1.000
 F             -0.046        -0.038         0.077        -0.088         1.000
 M1CHADV        0.078         0.096        -0.016         0.013        -0.108
 M2AADV         0.187         0.093        -0.183         0.155        -0.021
 SEX           -0.011         0.055         0.080        -0.027        -0.065
 B1PAGE_M       0.157         0.125        -0.249         0.211         0.040
 DSESXPR       -0.025        -0.027         0.079        -0.038         0.052


           Correlations
              M1CHADV       M2AADV        SEX           B1PAGE_M      DSESXPR
              ________      ________      ________      ________      ________
 M1CHADV        1.000
 M2AADV        -0.639         1.000
 SEX           -0.023        -0.085         1.000
 B1PAGE_M      -0.145         0.181        -0.056         1.000
 DSESXPR       -0.049         0.035        -0.002         0.002         1.000




MODEL FIT INFORMATION

Number of Free Parameters                       89

Loglikelihood

    H0 Value

        Mean                            -12258.425
        Std Dev                             44.682
        Number of successful computations       50

             Proportions                   Percentiles
        Expected    Observed         Expected       Observed
           0.990       1.000       -12362.368     -12352.739
           0.980       0.980       -12350.188     -12352.739
           0.950       0.960       -12331.922     -12346.250
           0.900       0.920       -12315.689     -12321.373
           0.800       0.780       -12296.029     -12298.346
           0.700       0.640       -12281.856     -12286.864
           0.500       0.500       -12258.425     -12260.003
           0.300       0.340       -12234.994     -12231.143
           0.200       0.180       -12220.820     -12222.802
           0.100       0.080       -12201.160     -12202.627
           0.050       0.060       -12184.927     -12192.688
           0.020       0.040       -12166.661     -12164.081
           0.010       0.000       -12154.481     -12164.081

Information Criteria

    Akaike (AIC)

        Mean                             24694.849
        Std Dev                             89.364
        Number of successful computations       50

             Proportions                   Percentiles
        Expected    Observed         Expected       Observed
           0.990       1.000        24486.962      24497.297
           0.980       0.960        24511.323      24497.297
           0.950       0.940        24547.855      24506.162
           0.900       0.920        24580.321      24563.375
           0.800       0.820        24619.641      24618.442
           0.700       0.660        24647.987      24639.780
           0.500       0.500        24694.849      24690.575
           0.300       0.360        24741.712      24750.349
           0.200       0.220        24770.058      24770.143
           0.100       0.080        24809.378      24794.987
           0.050       0.040        24841.844      24820.745
           0.020       0.020        24878.376      24870.501
           0.010       0.000        24902.736      24870.501

    Bayesian (BIC)

        Mean                             25135.982
        Std Dev                             89.364
        Number of successful computations       50

             Proportions                   Percentiles
        Expected    Observed         Expected       Observed
           0.990       1.000        24928.095      24938.429
           0.980       0.960        24952.456      24938.429
           0.950       0.940        24988.987      24947.295
           0.900       0.920        25021.453      25004.508
           0.800       0.820        25060.773      25059.574
           0.700       0.660        25089.120      25080.912
           0.500       0.500        25135.982      25131.708
           0.300       0.360        25182.844      25191.482
           0.200       0.220        25211.190      25211.276
           0.100       0.080        25250.511      25236.120
           0.050       0.040        25282.976      25261.878
           0.020       0.020        25319.508      25311.634
           0.010       0.000        25343.869      25311.634

    Sample-Size Adjusted BIC (n* = (n + 2) / 24)

        Mean                             24853.304
        Std Dev                             89.364
        Number of successful computations       50

             Proportions                   Percentiles
        Expected    Observed         Expected       Observed
           0.990       1.000        24645.418      24655.752
           0.980       0.960        24669.778      24655.752
           0.950       0.940        24706.310      24664.618
           0.900       0.920        24738.776      24721.831
           0.800       0.820        24778.096      24776.897
           0.700       0.660        24806.442      24798.235
           0.500       0.500        24853.304      24849.030
           0.300       0.360        24900.167      24908.804
           0.200       0.220        24928.513      24928.598
           0.100       0.080        24967.833      24953.443
           0.050       0.040        25000.299      24979.200
           0.020       0.020        25036.831      25028.956
           0.010       0.000        25061.191      25028.956



MODEL RESULTS

                                                    Two-Tailed   Rate of
                    Estimate       S.E.  Est./S.E.    P-Value    Missing

 LIFESTRESS ON
    SEX               -0.144      0.044     -3.263      0.001      0.000
    B1PAGE_M2          0.019      0.018      1.051      0.293      0.000
    M1CHADV           -0.318      0.026    -12.330      0.000      0.000
    M2AADV            -0.207      0.022     -9.419      0.000      0.000

 PR         ON
    SEX                0.061      0.067      0.920      0.357      0.119
    B1PAGE_M2          0.122      0.028      4.365      0.000      0.128
    M1CHADV            0.314      0.046      6.882      0.000      0.105
    M2AADV             0.283      0.034      8.288      0.000      0.158
    LIFESTRESS        -0.034      0.014     -2.484      0.013      0.085

 SR         ON
    SEX                0.155      0.074      2.093      0.036      0.315
    B1PAGE_M2          0.109      0.030      3.605      0.000      0.236
    M1CHADV            0.220      0.048      4.583      0.000      0.209
    M2AADV             0.163      0.037      4.369      0.000      0.257
    LIFESTRESS        -0.056      0.015     -3.685      0.000      0.241

 POSAFF     ON
    SEX               -0.049      0.056     -0.887      0.375      0.185
    B1PAGE_M2          0.098      0.023      4.232      0.000      0.136
    M1CHADV           -0.028      0.037     -0.771      0.441      0.176
    M2AADV             0.006      0.031      0.211      0.833      0.177
    PR                 0.471      0.040     11.646      0.000      0.392
    SR                 0.095      0.043      2.221      0.026      0.450
    LIFESTRESS        -0.031      0.012     -2.696      0.007      0.123

 NEGAFF     ON
    SEX                0.141      0.058      2.425      0.015      0.214
    B1PAGE_M2         -0.136      0.025     -5.547      0.000      0.153
    M1CHADV           -0.007      0.038     -0.187      0.851      0.172
    M2AADV            -0.045      0.030     -1.475      0.140      0.196
    PR                -0.425      0.042    -10.085      0.000      0.376
    SR                -0.064      0.040     -1.609      0.108      0.336
    LIFESTRESS         0.048      0.013      3.751      0.000      0.174
    DSESXPR            0.035      0.018      1.958      0.050      0.262

 F          ON
    SEX               -0.164      0.088     -1.864      0.062      0.559
    B1PAGE_M2          0.022      0.038      0.573      0.566      0.547
    M1CHADV           -0.143      0.050     -2.886      0.004      0.284
    M2AADV            -0.087      0.038     -2.308      0.021      0.259
    PR                 0.061      0.056      1.100      0.271      0.450
    SR                 0.022      0.053      0.409      0.683      0.532
    LIFESTRESS         0.034      0.016      2.195      0.028      0.282
    POSAFF            -0.076      0.055     -1.379      0.168      0.366
    NEGAFF             0.018      0.052      0.347      0.729      0.344
    SMOKE              0.065      0.049      1.345      0.179      0.184
    PHYSACT           -0.181      0.031     -5.864      0.000      0.292

 SMOKE      ON
    SEX               -0.361      0.132     -2.727      0.006      0.007
    B1PAGE_M2          0.089      0.055      1.624      0.104      0.013
    M1CHADV           -0.220      0.091     -2.405      0.016      0.011
    M2AADV            -0.162      0.073     -2.223      0.026      0.012
    PR                 0.145      0.101      1.433      0.152      0.250
    SR                 0.065      0.099      0.659      0.510      0.335
    LIFESTRESS         0.190      0.029      6.599      0.000      0.010
    POSAFF            -0.165      0.105     -1.580      0.114      0.226
    NEGAFF             0.141      0.106      1.324      0.185      0.236

 PHYSACT    ON
    SEX               -0.231      0.119     -1.941      0.052      0.008
    B1PAGE_M2         -0.124      0.047     -2.636      0.008      0.009
    M1CHADV            0.148      0.083      1.773      0.076      0.012
    M2AADV             0.072      0.062      1.159      0.247      0.013
    PR                 0.212      0.094      2.256      0.024      0.177
    SR                -0.011      0.087     -0.123      0.902      0.252
    LIFESTRESS         0.005      0.026      0.205      0.837      0.007
    POSAFF            -0.006      0.101     -0.061      0.952      0.181
    NEGAFF            -0.005      0.101     -0.045      0.964      0.249

 P4MAJORCON ON
    SEX                0.094      0.067      1.398      0.162      0.089
    B1PAGE_M2          0.335      0.028     12.041      0.000      0.069
    M1CHADV           -0.045      0.046     -0.983      0.326      0.045
    M2AADV            -0.065      0.036     -1.779      0.075      0.051
    PR                -0.007      0.056     -0.132      0.895      0.370
    SR                 0.024      0.051      0.465      0.642      0.425
    LIFESTRESS         0.022      0.014      1.544      0.123      0.043
    POSAFF             0.033      0.057      0.583      0.560      0.243
    NEGAFF             0.108      0.054      2.011      0.044      0.268
    F                  0.253      0.037      6.805      0.000      0.245
    SMOKE             -0.008      0.049     -0.171      0.864      0.017
    PHYSACT           -0.083      0.028     -2.929      0.003      0.053

 PR       WITH
    SR                 0.544      0.042     12.843      0.000      0.423

 POSAFF   WITH
    NEGAFF            -0.358      0.032    -11.314      0.000      0.374

 Intercepts
    PR                 0.186      0.073      2.547      0.011      0.119
    SR                 0.165      0.081      2.026      0.043      0.304
    NEGAFF            -0.224      0.065     -3.433      0.001      0.233
    POSAFF             0.107      0.061      1.742      0.081      0.192
    F                  0.105      0.097      1.078      0.281      0.391
    LIFESTRESS         1.257      0.031     40.155      0.000      0.000
    P4MAJORCON        -0.063      0.086     -0.736      0.462      0.048

 Thresholds
    SMOKE$1            0.681      0.138      4.917      0.000      0.008
    SMOKE$2            2.666      0.175     15.278      0.000      0.006
    PHYSACT$1         -1.406      0.140    -10.044      0.000      0.005
    PHYSACT$2         -0.188      0.135     -1.393      0.164      0.006
    PHYSACT$3          1.052      0.141      7.477      0.000      0.005

 Residual Variances
    PR                 0.897      0.049     18.133      0.000      0.329
    SR                 0.910      0.052     17.463      0.000      0.431
    NEGAFF             0.637      0.041     15.444      0.000      0.419
    POSAFF             0.610      0.040     15.261      0.000      0.268
    F                  0.818      0.051     16.113      0.000      0.528

New/Additional Parameters
    INDF1             -0.038      0.018     -2.111      0.035      0.183
    INDC1L            -0.051      0.026     -1.974      0.048      0.258
    INDC1M            -0.046      0.023     -1.981      0.048      0.254
    INDC1H            -0.041      0.021     -1.961      0.050      0.250


STANDARDIZED MODEL RESULTS

     STANDARDIZED COEFFICIENTS WERE NOT COMPUTED.  CHECK TECH9 OUTPUT FOR
     ERRORS RELATED TO THE COMPUTATION OF STANDARDIZED COEFFICIENTS.


R-SQUARE

     R-SQUARE OUTPUT IS NOT AVAILABLE.  CHECK TECH9 OUTPUT FOR
     ERRORS RELATED TO THE COMPUTATION OF STANDARDIZED COEFFICIENTS.


QUALITY OF NUMERICAL RESULTS

     Average Condition Number for the Information Matrix      0.981E-05
       (ratio of smallest to largest eigenvalue)


TECHNICAL 1 OUTPUT


     PARAMETER SPECIFICATION


           TAU
              SMOKE$1       SMOKE$2       PHYSACT$      PHYSACT$      PHYSACT$
              ________      ________      ________      ________      ________
 1                 85            86            87            88            89


           NU
              LIFESTRE      LIFESTRE      P4MAJORC      P4MAJORC      SMOKE
              ________      ________      ________      ________      ________
 1                  0             0             0             0             0


           NU
              PHYSACT       PR            SR            NEGAFF        POSAFF
              ________      ________      ________      ________      ________
 1                  0             0             0             0             0


           NU
              F             M1CHADV       M2AADV        SEX           B1PAGE_M
              ________      ________      ________      ________      ________
 1                  0             0             0             0             0


           NU
              DSESXPR
              ________
 1                  0


           LAMBDA
              LIFESTRE      LIFESTRE      P4MAJORC      P4MAJORC      SMOKE
              ________      ________      ________      ________      ________
 LIFESTRE           0             0             0             0             0
 LIFESTRE           0             0             0             0             0
 P4MAJORC           0             0             0             0             0
 P4MAJORC           0             0             0             0             0
 SMOKE              0             0             0             0             0
 PHYSACT            0             0             0             0             0
 PR                 0             0             0             0             0
 SR                 0             0             0             0             0
 NEGAFF             0             0             0             0             0
 POSAFF             0             0             0             0             0
 F                  0             0             0             0             0
 M1CHADV            0             0             0             0             0
 M2AADV             0             0             0             0             0
 SEX                0             0             0             0             0
 B1PAGE_M           0             0             0             0             0
 DSESXPR            0             0             0             0             0


           LAMBDA
              PHYSACT       PR            SR            NEGAFF        POSAFF
              ________      ________      ________      ________      ________
 LIFESTRE           0             0             0             0             0
 LIFESTRE           0             0             0             0             0
 P4MAJORC           0             0             0             0             0
 P4MAJORC           0             0             0             0             0
 SMOKE              0             0             0             0             0
 PHYSACT            0             0             0             0             0
 PR                 0             0             0             0             0
 SR                 0             0             0             0             0
 NEGAFF             0             0             0             0             0
 POSAFF             0             0             0             0             0
 F                  0             0             0             0             0
 M1CHADV            0             0             0             0             0
 M2AADV             0             0             0             0             0
 SEX                0             0             0             0             0
 B1PAGE_M           0             0             0             0             0
 DSESXPR            0             0             0             0             0


           LAMBDA
              F             M1CHADV       M2AADV        SEX           B1PAGE_M
              ________      ________      ________      ________      ________
 LIFESTRE           0             0             0             0             0
 LIFESTRE           0             0             0             0             0
 P4MAJORC           0             0             0             0             0
 P4MAJORC           0             0             0             0             0
 SMOKE              0             0             0             0             0
 PHYSACT            0             0             0             0             0
 PR                 0             0             0             0             0
 SR                 0             0             0             0             0
 NEGAFF             0             0             0             0             0
 POSAFF             0             0             0             0             0
 F                  0             0             0             0             0
 M1CHADV            0             0             0             0             0
 M2AADV             0             0             0             0             0
 SEX                0             0             0             0             0
 B1PAGE_M           0             0             0             0             0
 DSESXPR            0             0             0             0             0


           LAMBDA
              DSESXPR
              ________
 LIFESTRE           0
 LIFESTRE           0
 P4MAJORC           0
 P4MAJORC           0
 SMOKE              0
 PHYSACT            0
 PR                 0
 SR                 0
 NEGAFF             0
 POSAFF             0
 F                  0
 M1CHADV            0
 M2AADV             0
 SEX                0
 B1PAGE_M           0
 DSESXPR            0


           THETA
              LIFESTRE      LIFESTRE      P4MAJORC      P4MAJORC      SMOKE
              ________      ________      ________      ________      ________
 LIFESTRE           0
 LIFESTRE           0             0
 P4MAJORC           0             0             0
 P4MAJORC           0             0             0             0
 SMOKE              0             0             0             0             0
 PHYSACT            0             0             0             0             0
 PR                 0             0             0             0             0
 SR                 0             0             0             0             0
 NEGAFF             0             0             0             0             0
 POSAFF             0             0             0             0             0
 F                  0             0             0             0             0
 M1CHADV            0             0             0             0             0
 M2AADV             0             0             0             0             0
 SEX                0             0             0             0             0
 B1PAGE_M           0             0             0             0             0
 DSESXPR            0             0             0             0             0


           THETA
              PHYSACT       PR            SR            NEGAFF        POSAFF
              ________      ________      ________      ________      ________
 PHYSACT            0
 PR                 0             0
 SR                 0             0             0
 NEGAFF             0             0             0             0
 POSAFF             0             0             0             0             0
 F                  0             0             0             0             0
 M1CHADV            0             0             0             0             0
 M2AADV             0             0             0             0             0
 SEX                0             0             0             0             0
 B1PAGE_M           0             0             0             0             0
 DSESXPR            0             0             0             0             0


           THETA
              F             M1CHADV       M2AADV        SEX           B1PAGE_M
              ________      ________      ________      ________      ________
 F                  0
 M1CHADV            0             0
 M2AADV             0             0             0
 SEX                0             0             0             0
 B1PAGE_M           0             0             0             0             0
 DSESXPR            0             0             0             0             0


           THETA
              DSESXPR
              ________
 DSESXPR            0


           ALPHA
              LIFESTRE      LIFESTRE      P4MAJORC      P4MAJORC      SMOKE
              ________      ________      ________      ________      ________
 1                  0             1             0             2             0


           ALPHA
              PHYSACT       PR            SR            NEGAFF        POSAFF
              ________      ________      ________      ________      ________
 1                  0             3             4             5             6


           ALPHA
              F             M1CHADV       M2AADV        SEX           B1PAGE_M
              ________      ________      ________      ________      ________
 1                  7             0             0             0             0


           ALPHA
              DSESXPR
              ________
 1                  0


           BETA
              LIFESTRE      LIFESTRE      P4MAJORC      P4MAJORC      SMOKE
              ________      ________      ________      ________      ________
 LIFESTRE           0             0             0             0             0
 LIFESTRE           0             0             0             0             0
 P4MAJORC           0             0             0             0             0
 P4MAJORC           0            12             0             0            13
 SMOKE              0            24             0             0             0
 PHYSACT            0            33             0             0             0
 PR                 0            42             0             0             0
 SR                 0            47             0             0             0
 NEGAFF             0            52             0             0             0
 POSAFF             0            60             0             0             0
 F                  0            67             0             0            68
 M1CHADV            0             0             0             0             0
 M2AADV             0             0             0             0             0
 SEX                0             0             0             0             0
 B1PAGE_M           0             0             0             0             0
 DSESXPR            0             0             0             0             0


           BETA
              PHYSACT       PR            SR            NEGAFF        POSAFF
              ________      ________      ________      ________      ________
 LIFESTRE           0             0             0             0             0
 LIFESTRE           0             0             0             0             0
 P4MAJORC           0             0             0             0             0
 P4MAJORC          14            15            16            17            18
 SMOKE              0            25            26            27            28
 PHYSACT            0            34            35            36            37
 PR                 0             0             0             0             0
 SR                 0             0             0             0             0
 NEGAFF             0            53            54             0             0
 POSAFF             0            61            62             0             0
 F                 69            70            71            72            73
 M1CHADV            0             0             0             0             0
 M2AADV             0             0             0             0             0
 SEX                0             0             0             0             0
 B1PAGE_M           0             0             0             0             0
 DSESXPR            0             0             0             0             0


           BETA
              F             M1CHADV       M2AADV        SEX           B1PAGE_M
              ________      ________      ________      ________      ________
 LIFESTRE           0             0             0             0             0
 LIFESTRE           0             8             9            10            11
 P4MAJORC           0             0             0             0             0
 P4MAJORC          19            20            21            22            23
 SMOKE              0            29            30            31            32
 PHYSACT            0            38            39            40            41
 PR                 0            43            44            45            46
 SR                 0            48            49            50            51
 NEGAFF             0            55            56            57            58
 POSAFF             0            63            64            65            66
 F                  0            74            75            76            77
 M1CHADV            0             0             0             0             0
 M2AADV             0             0             0             0             0
 SEX                0             0             0             0             0
 B1PAGE_M           0             0             0             0             0
 DSESXPR            0             0             0             0             0


           BETA
              DSESXPR
              ________
 LIFESTRE           0
 LIFESTRE           0
 P4MAJORC           0
 P4MAJORC           0
 SMOKE              0
 PHYSACT            0
 PR                 0
 SR                 0
 NEGAFF            59
 POSAFF             0
 F                  0
 M1CHADV            0
 M2AADV             0
 SEX                0
 B1PAGE_M           0
 DSESXPR            0


           PSI
              LIFESTRE      LIFESTRE      P4MAJORC      P4MAJORC      SMOKE
              ________      ________      ________      ________      ________
 LIFESTRE           0
 LIFESTRE           0             0
 P4MAJORC           0             0             0
 P4MAJORC           0             0             0             0
 SMOKE              0             0             0             0             0
 PHYSACT            0             0             0             0             0
 PR                 0             0             0             0             0
 SR                 0             0             0             0             0
 NEGAFF             0             0             0             0             0
 POSAFF             0             0             0             0             0
 F                  0             0             0             0             0
 M1CHADV            0             0             0             0             0
 M2AADV             0             0             0             0             0
 SEX                0             0             0             0             0
 B1PAGE_M           0             0             0             0             0
 DSESXPR            0             0             0             0             0


           PSI
              PHYSACT       PR            SR            NEGAFF        POSAFF
              ________      ________      ________      ________      ________
 PHYSACT            0
 PR                 0            78
 SR                 0            79            80
 NEGAFF             0             0             0            81
 POSAFF             0             0             0            82            83
 F                  0             0             0             0             0
 M1CHADV            0             0             0             0             0
 M2AADV             0             0             0             0             0
 SEX                0             0             0             0             0
 B1PAGE_M           0             0             0             0             0
 DSESXPR            0             0             0             0             0


           PSI
              F             M1CHADV       M2AADV        SEX           B1PAGE_M
              ________      ________      ________      ________      ________
 F                 84
 M1CHADV            0             0
 M2AADV             0             0             0
 SEX                0             0             0             0
 B1PAGE_M           0             0             0             0             0
 DSESXPR            0             0             0             0             0


           PSI
              DSESXPR
              ________
 DSESXPR            0


     PARAMETER SPECIFICATION FOR THE ADDITIONAL PARAMETERS


           NEW/ADDITIONAL PARAMETERS
              INDF1         INDC1L        INDC1M        INDC1H
              ________      ________      ________      ________
 1                 90            91            92            93


     STARTING VALUES


           TAU
              SMOKE$1       SMOKE$2       PHYSACT$      PHYSACT$      PHYSACT$
              ________      ________      ________      ________      ________
 1              0.214         2.048        -1.294        -0.103         1.111


           NU
              LIFESTRE      LIFESTRE      P4MAJORC      P4MAJORC      SMOKE
              ________      ________      ________      ________      ________
 1              0.000         0.000         0.000         0.000         0.000


           NU
              PHYSACT       PR            SR            NEGAFF        POSAFF
              ________      ________      ________      ________      ________
 1              0.000         0.000         0.000         0.000         0.000


           NU
              F             M1CHADV       M2AADV        SEX           B1PAGE_M
              ________      ________      ________      ________      ________
 1              0.000         0.000         0.000         0.000         0.000


           NU
              DSESXPR
              ________
 1              0.000


           LAMBDA
              LIFESTRE      LIFESTRE      P4MAJORC      P4MAJORC      SMOKE
              ________      ________      ________      ________      ________
 LIFESTRE       1.000         0.000         0.000         0.000         0.000
 LIFESTRE       0.000         1.000         0.000         0.000         0.000
 P4MAJORC       0.000         0.000         1.000         0.000         0.000
 P4MAJORC       0.000         0.000         0.000         1.000         0.000
 SMOKE          0.000         0.000         0.000         0.000         1.000
 PHYSACT        0.000         0.000         0.000         0.000         0.000
 PR             0.000         0.000         0.000         0.000         0.000
 SR             0.000         0.000         0.000         0.000         0.000
 NEGAFF         0.000         0.000         0.000         0.000         0.000
 POSAFF         0.000         0.000         0.000         0.000         0.000
 F              0.000         0.000         0.000         0.000         0.000
 M1CHADV        0.000         0.000         0.000         0.000         0.000
 M2AADV         0.000         0.000         0.000         0.000         0.000
 SEX            0.000         0.000         0.000         0.000         0.000
 B1PAGE_M       0.000         0.000         0.000         0.000         0.000
 DSESXPR        0.000         0.000         0.000         0.000         0.000


           LAMBDA
              PHYSACT       PR            SR            NEGAFF        POSAFF
              ________      ________      ________      ________      ________
 LIFESTRE       0.000         0.000         0.000         0.000         0.000
 LIFESTRE       0.000         0.000         0.000         0.000         0.000
 P4MAJORC       0.000         0.000         0.000         0.000         0.000
 P4MAJORC       0.000         0.000         0.000         0.000         0.000
 SMOKE          0.000         0.000         0.000         0.000         0.000
 PHYSACT        1.000         0.000         0.000         0.000         0.000
 PR             0.000         1.000         0.000         0.000         0.000
 SR             0.000         0.000         1.000         0.000         0.000
 NEGAFF         0.000         0.000         0.000         1.000         0.000
 POSAFF         0.000         0.000         0.000         0.000         1.000
 F              0.000         0.000         0.000         0.000         0.000
 M1CHADV        0.000         0.000         0.000         0.000         0.000
 M2AADV         0.000         0.000         0.000         0.000         0.000
 SEX            0.000         0.000         0.000         0.000         0.000
 B1PAGE_M       0.000         0.000         0.000         0.000         0.000
 DSESXPR        0.000         0.000         0.000         0.000         0.000


           LAMBDA
              F             M1CHADV       M2AADV        SEX           B1PAGE_M
              ________      ________      ________      ________      ________
 LIFESTRE       0.000         0.000         0.000         0.000         0.000
 LIFESTRE       0.000         0.000         0.000         0.000         0.000
 P4MAJORC       0.000         0.000         0.000         0.000         0.000
 P4MAJORC       0.000         0.000         0.000         0.000         0.000
 SMOKE          0.000         0.000         0.000         0.000         0.000
 PHYSACT        0.000         0.000         0.000         0.000         0.000
 PR             0.000         0.000         0.000         0.000         0.000
 SR             0.000         0.000         0.000         0.000         0.000
 NEGAFF         0.000         0.000         0.000         0.000         0.000
 POSAFF         0.000         0.000         0.000         0.000         0.000
 F              1.000         0.000         0.000         0.000         0.000
 M1CHADV        0.000         1.000         0.000         0.000         0.000
 M2AADV         0.000         0.000         1.000         0.000         0.000
 SEX            0.000         0.000         0.000         1.000         0.000
 B1PAGE_M       0.000         0.000         0.000         0.000         1.000
 DSESXPR        0.000         0.000         0.000         0.000         0.000


           LAMBDA
              DSESXPR
              ________
 LIFESTRE       0.000
 LIFESTRE       0.000
 P4MAJORC       0.000
 P4MAJORC       0.000
 SMOKE          0.000
 PHYSACT        0.000
 PR             0.000
 SR             0.000
 NEGAFF         0.000
 POSAFF         0.000
 F              0.000
 M1CHADV        0.000
 M2AADV         0.000
 SEX            0.000
 B1PAGE_M       0.000
 DSESXPR        1.000


           THETA
              LIFESTRE      LIFESTRE      P4MAJORC      P4MAJORC      SMOKE
              ________      ________      ________      ________      ________
 LIFESTRE       0.000
 LIFESTRE       0.000         0.000
 P4MAJORC       0.000         0.000         0.000
 P4MAJORC       0.000         0.000         0.000         0.000
 SMOKE          0.000         0.000         0.000         0.000         0.000
 PHYSACT        0.000         0.000         0.000         0.000         0.000
 PR             0.000         0.000         0.000         0.000         0.000
 SR             0.000         0.000         0.000         0.000         0.000
 NEGAFF         0.000         0.000         0.000         0.000         0.000
 POSAFF         0.000         0.000         0.000         0.000         0.000
 F              0.000         0.000         0.000         0.000         0.000
 M1CHADV        0.000         0.000         0.000         0.000         0.000
 M2AADV         0.000         0.000         0.000         0.000         0.000
 SEX            0.000         0.000         0.000         0.000         0.000
 B1PAGE_M       0.000         0.000         0.000         0.000         0.000
 DSESXPR        0.000         0.000         0.000         0.000         0.000


           THETA
              PHYSACT       PR            SR            NEGAFF        POSAFF
              ________      ________      ________      ________      ________
 PHYSACT        0.000
 PR             0.000         0.000
 SR             0.000         0.000         0.000
 NEGAFF         0.000         0.000         0.000         0.000
 POSAFF         0.000         0.000         0.000         0.000         0.000
 F              0.000         0.000         0.000         0.000         0.000
 M1CHADV        0.000         0.000         0.000         0.000         0.000
 M2AADV         0.000         0.000         0.000         0.000         0.000
 SEX            0.000         0.000         0.000         0.000         0.000
 B1PAGE_M       0.000         0.000         0.000         0.000         0.000
 DSESXPR        0.000         0.000         0.000         0.000         0.000


           THETA
              F             M1CHADV       M2AADV        SEX           B1PAGE_M
              ________      ________      ________      ________      ________
 F              0.000
 M1CHADV        0.000         0.000
 M2AADV         0.000         0.000         0.000
 SEX            0.000         0.000         0.000         0.000
 B1PAGE_M       0.000         0.000         0.000         0.000         0.000
 DSESXPR        0.000         0.000         0.000         0.000         0.000


           THETA
              DSESXPR
              ________
 DSESXPR        0.000


           ALPHA
              LIFESTRE      LIFESTRE      P4MAJORC      P4MAJORC      SMOKE
              ________      ________      ________      ________      ________
 1            -20.000         1.416       -20.000         0.256         0.000


           ALPHA
              PHYSACT       PR            SR            NEGAFF        POSAFF
              ________      ________      ________      ________      ________
 1              0.000         0.075         0.016        -0.031         0.043


           ALPHA
              F             M1CHADV       M2AADV        SEX           B1PAGE_M
              ________      ________      ________      ________      ________
 1             -0.109         0.000         0.000         0.000         0.000


           ALPHA
              DSESXPR
              ________
 1              0.000


           BETA
              LIFESTRE      LIFESTRE      P4MAJORC      P4MAJORC      SMOKE
              ________      ________      ________      ________      ________
 LIFESTRE       0.000         0.000         0.000         0.000         0.000
 LIFESTRE       0.000         0.000         0.000         0.000         0.000
 P4MAJORC       0.000         0.000         0.000         0.000         0.000
 P4MAJORC       0.000         0.000         0.000         0.000         0.000
 SMOKE          0.000         0.000         0.000         0.000         0.000
 PHYSACT        0.000         0.000         0.000         0.000         0.000
 PR             0.000         0.000         0.000         0.000         0.000
 SR             0.000         0.000         0.000         0.000         0.000
 NEGAFF         0.000         0.000         0.000         0.000         0.000
 POSAFF         0.000         0.000         0.000         0.000         0.000
 F              0.000         0.000         0.000         0.000         0.000
 M1CHADV        0.000         0.000         0.000         0.000         0.000
 M2AADV         0.000         0.000         0.000         0.000         0.000
 SEX            0.000         0.000         0.000         0.000         0.000
 B1PAGE_M       0.000         0.000         0.000         0.000         0.000
 DSESXPR        0.000         0.000         0.000         0.000         0.000


           BETA
              PHYSACT       PR            SR            NEGAFF        POSAFF
              ________      ________      ________      ________      ________
 LIFESTRE       0.000         0.000         0.000         0.000         0.000
 LIFESTRE       0.000         0.000         0.000         0.000         0.000
 P4MAJORC       0.000         0.000         0.000         0.000         0.000
 P4MAJORC       0.000         0.000         0.000         0.000         0.000
 SMOKE          0.000         0.000         0.000         0.000         0.000
 PHYSACT        0.000         0.000         0.000         0.000         0.000
 PR             0.000         0.000         0.000         0.000         0.000
 SR             0.000         0.000         0.000         0.000         0.000
 NEGAFF         0.000         0.000         0.000         0.000         0.000
 POSAFF         0.000         0.000         0.000         0.000         0.000
 F              0.000         0.000         0.000         0.000         0.000
 M1CHADV        0.000         0.000         0.000         0.000         0.000
 M2AADV         0.000         0.000         0.000         0.000         0.000
 SEX            0.000         0.000         0.000         0.000         0.000
 B1PAGE_M       0.000         0.000         0.000         0.000         0.000
 DSESXPR        0.000         0.000         0.000         0.000         0.000


           BETA
              F             M1CHADV       M2AADV        SEX           B1PAGE_M
              ________      ________      ________      ________      ________
 LIFESTRE       0.000         0.000         0.000         0.000         0.000
 LIFESTRE       0.000         0.000         0.000         0.000         0.000
 P4MAJORC       0.000         0.000         0.000         0.000         0.000
 P4MAJORC       0.000         0.000         0.000         0.000         0.000
 SMOKE          0.000         0.000         0.000         0.000         0.000
 PHYSACT        0.000         0.000         0.000         0.000         0.000
 PR             0.000         0.000         0.000         0.000         0.000
 SR             0.000         0.000         0.000         0.000         0.000
 NEGAFF         0.000         0.000         0.000         0.000         0.000
 POSAFF         0.000         0.000         0.000         0.000         0.000
 F              0.000         0.000         0.000         0.000         0.000
 M1CHADV        0.000         0.000         0.000         0.000         0.000
 M2AADV         0.000         0.000         0.000         0.000         0.000
 SEX            0.000         0.000         0.000         0.000         0.000
 B1PAGE_M       0.000         0.000         0.000         0.000         0.000
 DSESXPR        0.000         0.000         0.000         0.000         0.000


           BETA
              DSESXPR
              ________
 LIFESTRE       0.000
 LIFESTRE       0.000
 P4MAJORC       0.000
 P4MAJORC       0.000
 SMOKE          0.000
 PHYSACT        0.000
 PR             0.000
 SR             0.000
 NEGAFF         0.000
 POSAFF         0.000
 F              0.000
 M1CHADV        0.000
 M2AADV         0.000
 SEX            0.000
 B1PAGE_M       0.000
 DSESXPR        0.000


           PSI
              LIFESTRE      LIFESTRE      P4MAJORC      P4MAJORC      SMOKE
              ________      ________      ________      ________      ________
 LIFESTRE       0.000
 LIFESTRE       0.000         0.000
 P4MAJORC       0.000         0.000         0.000
 P4MAJORC       0.000         0.000         0.000         0.000
 SMOKE          0.000         0.000         0.000         0.000         1.000
 PHYSACT        0.000         0.000         0.000         0.000         0.000
 PR             0.000         0.000         0.000         0.000         0.000
 SR             0.000         0.000         0.000         0.000         0.000
 NEGAFF         0.000         0.000         0.000         0.000         0.000
 POSAFF         0.000         0.000         0.000         0.000         0.000
 F              0.000         0.000         0.000         0.000         0.000
 M1CHADV        0.000         0.000         0.000         0.000         0.000
 M2AADV         0.000         0.000         0.000         0.000         0.000
 SEX            0.000         0.000         0.000         0.000         0.000
 B1PAGE_M       0.000         0.000         0.000         0.000         0.000
 DSESXPR        0.000         0.000         0.000         0.000         0.000


           PSI
              PHYSACT       PR            SR            NEGAFF        POSAFF
              ________      ________      ________      ________      ________
 PHYSACT        1.000
 PR             0.000         0.516
 SR             0.000         0.000         0.503
 NEGAFF         0.000         0.000         0.000         0.488
 POSAFF         0.000         0.000         0.000         0.000         0.500
 F              0.000         0.000         0.000         0.000         0.000
 M1CHADV        0.000         0.000         0.000         0.000         0.000
 M2AADV         0.000         0.000         0.000         0.000         0.000
 SEX            0.000         0.000         0.000         0.000         0.000
 B1PAGE_M       0.000         0.000         0.000         0.000         0.000
 DSESXPR        0.000         0.000         0.000         0.000         0.000


           PSI
              F             M1CHADV       M2AADV        SEX           B1PAGE_M
              ________      ________      ________      ________      ________
 F              0.477
 M1CHADV        0.000         0.500
 M2AADV         0.000         0.000         0.815
 SEX            0.000         0.000         0.000         0.124
 B1PAGE_M       0.000         0.000         0.000         0.000         0.692
 DSESXPR        0.000         0.000         0.000         0.000         0.000


           PSI
              DSESXPR
              ________
 DSESXPR        0.912


     STARTING VALUES FOR THE ADDITIONAL PARAMETERS


           NEW/ADDITIONAL PARAMETERS
              INDF1         INDC1L        INDC1M        INDC1H
              ________      ________      ________      ________
 1              0.500         0.500         0.500         0.500


DIAGRAM INFORMATION

  Use View Diagram under the Diagram menu in the Mplus Editor to view the diagram.
  If running Mplus from the Mplus Diagrammer, the diagram opens automatically.

  Diagram output
    c:\users\joshua\documents\research\midus\jw-midus-al\psr_al_final_imputed\psr_al_final3.dgm

     Beginning Time:  20:41:42
        Ending Time:  20:41:51
       Elapsed Time:  00:00:09



MUTHEN & MUTHEN
3463 Stoner Ave.
Los Angeles, CA  90066

Tel: (310) 391-9971
Fax: (310) 391-8971
Web: www.StatModel.com
Support: Support@StatModel.com

Copyright (c) 1998-2014 Muthen & Muthen
