Mplus VERSION 7.3
MUTHEN & MUTHEN
11/03/2015   1:25 PM

INPUT INSTRUCTIONS

  TITLE:
  PSR Inflammation Model
  DATA:
  FILE = "psr_infl_final_interactions6.dat";
  TYPE = IMPUTATION;

  VARIABLE:
  NAMES = M2ID m2famnum b1page_m2 b1pgender m1chadv m2aadv LifeStress
       p4majorconditions p4minorconditions p4sumburden Diet ExtremeDiet OverallDiet
       PSQI1 PSQI2 PSQI3 Smoke CurrentSmoke RiskyBehaviors CurrentAlcohol WorstAlcohol
       FreqInt FreqDurInt FreqIntW FreqDurIntW PhysAct B4QCESD B4QMA_D B4QMA_A
       B4QMA_LI B4QMA_AA B4QMA_PA Imputation MASTERY CONSTRAINT SELFESTEEM OPTIMISM
       PESSIMISM FAMILYSUPT FRIENDSUPT SPOUSESUPT PR SR bi_sym bi_hpa bi_card bi_gluc
       bi_lipid bi_infl bi_para F NegAff PosAff PSR CAHeavy CAFrequent CAInfrequent
       CANone dSES Milwaukee;
   MISSING=.;

     USEVARIABLES =
        m1chadv dSES PSR LifeStress
        b1page_m2
        NegAff
        bi_infl
        PSQI3 CurrentSmoke RiskyBehaviors
        CANone CAFrequent CAHeavy PhysAct
        OverallDiet
        p4majorconditions
        sex
        !PSRxStress
        PSRxSES PSRxdSES
   !     PSRxSex
        ;

    IDVARIABLE = M2ID;
      CLUSTER = m2famnum;
      COUNT = LifeStress p4majorconditions;
      CATEGORICAL = CANone CAFrequent CAHeavy
         CurrentSmoke PhysAct RiskyBehaviors;
      DEFINE:
      Sex = b1pgender;
      !PSRxStress = LifeStress * PSR;
      PSRxSES = m1chadv * PSR;
      PSRxdSES = dSES * PSR;
  !    PSRxSex = Sex * PSR;


  ANALYSIS:

    TYPE = COMPLEX;
    Estimator = MLR;
    PROCESSORS = 8;
    !MCONVERGENCE  = .000005;
    !H1CONVERGENCE = .000005;
    !LOGCRITERION  = .000005;
    !RLOGCRITERION = .000005;
    !ITERATIONS = 15000;
    !MITERATIONS = 7500;
    !H1ITERATIONS = 15000;
    INTEGRATION = MONTECARLO (500);

  MODEL:

  !  [PSRxStress PSRxSES PSRxdSES PSRxSex];
  !  PSRxStress WITH PSRxSES* PSRxdSES* PSRxSex*;
  !  PSRxSES WITH PSRxdSES* PSRxSex*;
  !  PSRxdSES WITH PSRxSex*;

    [PSRxSES PSRxdSES];
    PSRxSES WITH PSRxdSES*;

    ! Step 1
      LifeStress ON
        sex b1page_m2
        m1chadv (a1a)
        dSES (a1b)
        ;

      PSR ON
        sex b1page_m2
        m1chadv (a2a)
        dSES (a2b)
        ;

      ! Step 2
      NegAff ON
        sex b1page_m2
        m1chadv (a3a)
        dSES (a3b)
        PSR (b3)
        LifeStress (c3)
        !PSRxStress
        PSRxSES (ab3a)
        PSRxdSES (ab3b)
        !PSRxSex
        ;

      ! Step 3
        PSQI3 ON
        sex b1page_m2
        m1chadv (a4a)
        dSES (a4b)
        PSR (b4)
        LifeStress (c4)
        NegAff (d4)
        !PSRxStress
        PSRxSES (ab4a)
        PSRxdSES (ab4b)
        !PSRxSex
        ;

        CurrentSmoke ON
        sex b1page_m2
        m1chadv (a5a)
        dSES (a5b)
        PSR (b5)
        LifeStress (c5)
        NegAff (d5)
        !PSRxStress
        !PSRxSES
        !PSRxdSES
        !PSRxSex
        ;

        RiskyBehaviors ON
        sex b1page_m2
        m1chadv (a6a)
        dSES (a6b)
        PSR (b6)
        LifeStress (c6)
        NegAff (d6)
        !PSRxStress
        !PSRxSES
        !PSRxdSES
        !PSRxSex
        ;

        CANone ON
        sex b1page_m2
        m1chadv (a7a)
        dSES (a7b)
        PSR (b7)
        LifeStress (c7)
        NegAff (d7)
        !PSRxStress
        !PSRxSES
        !PSRxdSES
        !PSRxSex
        ;
        CAFrequent ON
        sex b1page_m2
        m1chadv (a8a)
        dSES (a8b)
        PSR (b8)
        LifeStress (c8)
        NegAff (d8)
        !PSRxStress
        !PSRxSES
        !PSRxdSES
        !PSRxSex
        ;
        CAHeavy ON
        sex b1page_m2
        m1chadv (a9a)
        dSES (a9b)
        PSR (b9)
        LifeStress (c9)
        NegAff (d9)
        !PSRxStress
        !PSRxSES
        !PSRxdSES
        !PSRxSex
        ;


        PhysAct ON
        sex b1page_m2
        m1chadv (a10a)
        dSES (a10b)
        PSR (b10)
        LifeStress (c10)
        NegAff (d10)
        !PSRxStress
        !PSRxSES
        !PSRxdSES
        !PSRxSex
        ;

        ! use OverallDietsq ?
        OverallDiet ON
        sex b1page_m2
        m1chadv (a11a)
        dSES (a11b)
        PSR (b11)
        LifeStress (c11)
        NegAff (d11)
        !PSRxStress
        !PSRxSES
        !PSRxdSES
        !PSRxSex
        ;


      ! Step 4
        bi_infl ON
        sex b1page_m2
        m1chadv (a12a)
        dSES (a12b)
        PSR (b12)
        LifeStress (c12)
        NegAff (d12)
        PSQI3 (e12)
        CurrentSmoke (f12)
        RiskyBehaviors (g12)
        CANone (h12)
        CAFrequent (i12)
        CAHeavy (j12)
        PhysAct (k12)
        OverallDiet (l12)
        !PSRxStress
        !PSRxSES
        !PSRxdSES
        !PSRxSex
       ;

        ! Step 5
        p4majorconditions ON
        sex b1page_m2
        m1chadv (a13a)
        dSES (a13b)
        PSR (b13)
        LifeStress (c13)
        NegAff (d13)
        PSQI3 (e13)
        CurrentSmoke (f13)
        RiskyBehaviors (g13)
        CANone (h13)
        CAFrequent (i13)
        CAHeavy (j13)
        PhysAct (k13)
        OverallDiet (l13)
        bi_infl (m13)
        !PSRxStress
        !PSRxSES
        !PSRxdSES
        !PSRxSex
        ;

       MODEL CONSTRAINT:
         NEW(ind1 tot1 ind2);
         ind1 = e12 * m13;
         tot1 = ind1 + e13;
         ind2 = ind1 * b4;

  OUTPUT:

     CINTERVAL;



*** WARNING in VARIABLE command
  Note that only the first 8 characters of variable names are used in the output.
  Shorten variable names to avoid any confusion.
*** WARNING in OUTPUT command
  CINTERVAL option is not available with multiple imputation.
  Request for CINTERVAL is ignored.
   2 WARNING(S) FOUND IN THE INPUT INSTRUCTIONS




PSR Inflammation Model

SUMMARY OF ANALYSIS

Number of groups                                                 1
Average number of observations                                1253

Number of replications
    Requested                                                   50
    Completed                                                   50

Number of dependent variables                                   13
Number of independent variables                                  6
Number of continuous latent variables                            0

Observed dependent variables

  Continuous
   PSR         NEGAFF      BI_INFL     PSQI3       OVERALLDIE

  Binary and ordered categorical (ordinal)
   CURRENTS    RISKYBEH    CANONE      CAFREQUE    CAHEAVY     PHYSACT

  Count
   LIFESTRE    P4MAJORC

Observed independent variables
   M1CHADV     DSES        B1PAGE_M    SEX         PSRXSES     PSRXDSES

Variables with special functions

  Cluster variable      M2FAMNUM
  ID variable           M2ID

Estimator                                                      MLR
Information matrix                                        OBSERVED
Optimization Specifications for the Quasi-Newton Algorithm for
Continuous Outcomes
  Maximum number of iterations                                 100
  Convergence criterion                                  0.100D-05
Optimization Specifications for the EM Algorithm
  Maximum number of iterations                                 500
  Convergence criteria
    Loglikelihood change                                 0.100D-02
    Relative loglikelihood change                        0.100D-05
    Derivative                                           0.100D-02
Optimization Specifications for the M step of the EM Algorithm for
Categorical Latent variables
  Number of M step iterations                                    1
  M step convergence criterion                           0.100D-02
  Basis for M step termination                           ITERATION
Optimization Specifications for the M step of the EM Algorithm for
Censored, Binary or Ordered Categorical (Ordinal), Unordered
Categorical (Nominal) and Count Outcomes
  Number of M step iterations                                    1
  M step convergence criterion                           0.100D-02
  Basis for M step termination                           ITERATION
  Maximum value for logit thresholds                            15
  Minimum value for logit thresholds                           -15
  Minimum expected cell size for chi-square              0.100D-01
Maximum number of iterations for H1                           2000
Convergence criterion for H1                             0.100D-03
Optimization algorithm                                         EMA
Integration Specifications
  Type                                                  MONTECARLO
  Number of integration points                                 500
  Dimensions of numerical integration                            6
  Adaptive quadrature                                           ON
  Monte Carlo integration seed                                   0
Link                                                         LOGIT
Cholesky                                                       OFF

Input data file(s)
  Multiple data files from
    psr_infl_final_interactions6.dat
Input data format  FREE


SUMMARY OF DATA FOR THE FIRST DATA SET

     Number of missing data patterns             7
     Number of clusters        1096



SUMMARY OF MISSING DATA PATTERNS FOR THE FIRST DATA SET


     MISSING DATA PATTERNS (x = not missing)

           1  2  3  4  5  6  7
 CURRENTS  x  x  x  x  x  x  x
 RISKYBEH  x  x  x  x  x  x  x
 CANONE    x     x  x  x  x  x
 CAFREQUE  x     x  x  x  x  x
 CAHEAVY   x     x  x  x  x  x
 PHYSACT   x  x  x  x  x  x  x
 PSR       x  x  x  x  x  x  x
 NEGAFF    x  x  x  x        x
 BI_INFL   x  x  x  x  x  x  x
 PSQI3     x  x  x     x  x
 OVERALLD  x  x     x  x
 PSRXSES   x  x  x  x  x  x  x
 PSRXDSES  x  x  x  x  x  x  x
 M1CHADV   x  x  x  x  x  x  x
 DSES      x  x  x  x  x  x  x
 B1PAGE_M  x  x  x  x  x  x  x
 SEX       x  x  x  x  x  x  x


     MISSING DATA PATTERN FREQUENCIES

    Pattern   Frequency     Pattern   Frequency     Pattern   Frequency
          1        1157           4          26           7           1
          2           2           5           2
          3          64           6           1


     MISSING DATA PATTERNS FOR U (x = not missing)

           1  2
 CURRENTS  x  x
 RISKYBEH  x  x
 CANONE    x
 CAFREQUE  x
 CAHEAVY   x
 PHYSACT   x  x


     MISSING DATA PATTERN FREQUENCIES FOR U

    Pattern   Frequency     Pattern   Frequency
          1        1251           2           2


     MISSING DATA PATTERNS FOR Y (x = not missing)

           1  2  3  4  5  6
 PSR       x  x  x  x  x  x
 NEGAFF    x  x  x        x
 BI_INFL   x  x  x  x  x  x
 PSQI3     x  x     x  x
 OVERALLD  x     x  x
 PSRXSES   x  x  x  x  x  x
 PSRXDSES  x  x  x  x  x  x
 M1CHADV   x  x  x  x  x  x
 DSES      x  x  x  x  x  x
 B1PAGE_M  x  x  x  x  x  x
 SEX       x  x  x  x  x  x


     MISSING DATA PATTERN FREQUENCIES FOR Y

    Pattern   Frequency     Pattern   Frequency     Pattern   Frequency
          1        1159           3          26           5           1
          2          64           4           2           6           1


COVARIANCE COVERAGE OF DATA FOR THE FIRST DATA SET

Minimum covariance coverage value   0.100


     PROPORTION OF DATA PRESENT


           Covariance Coverage
              CURRENTS      RISKYBEH      CANONE        CAFREQUE      CAHEAVY
              ________      ________      ________      ________      ________
 CURRENTS       1.000
 RISKYBEH       1.000         1.000
 CANONE         0.998         0.998         0.998
 CAFREQUE       0.998         0.998         0.998         0.998
 CAHEAVY        0.998         0.998         0.998         0.998         0.998
 PHYSACT        1.000         1.000         0.998         0.998         0.998
 PSR            1.000         1.000         0.998         0.998         0.998
 NEGAFF         0.998         0.998         0.996         0.996         0.996
 BI_INFL        1.000         1.000         0.998         0.998         0.998
 PSQI3          0.978         0.978         0.977         0.977         0.977
 OVERALLD       0.947         0.947         0.946         0.946         0.946
 PSRXSES        1.000         1.000         0.998         0.998         0.998
 PSRXDSES       1.000         1.000         0.998         0.998         0.998
 M1CHADV        1.000         1.000         0.998         0.998         0.998
 DSES           1.000         1.000         0.998         0.998         0.998
 B1PAGE_M       1.000         1.000         0.998         0.998         0.998
 SEX            1.000         1.000         0.998         0.998         0.998


           Covariance Coverage
              PHYSACT       PSR           NEGAFF        BI_INFL       PSQI3
              ________      ________      ________      ________      ________
 PHYSACT        1.000
 PSR            1.000         1.000
 NEGAFF         0.998         0.998         0.998
 BI_INFL        1.000         1.000         0.998         1.000
 PSQI3          0.978         0.978         0.976         0.978         0.978
 OVERALLD       0.947         0.947         0.946         0.947         0.927
 PSRXSES        1.000         1.000         0.998         1.000         0.978
 PSRXDSES       1.000         1.000         0.998         1.000         0.978
 M1CHADV        1.000         1.000         0.998         1.000         0.978
 DSES           1.000         1.000         0.998         1.000         0.978
 B1PAGE_M       1.000         1.000         0.998         1.000         0.978
 SEX            1.000         1.000         0.998         1.000         0.978


           Covariance Coverage
              OVERALLD      PSRXSES       PSRXDSES      M1CHADV       DSES
              ________      ________      ________      ________      ________
 OVERALLD       0.947
 PSRXSES        0.947         1.000
 PSRXDSES       0.947         1.000         1.000
 M1CHADV        0.947         1.000         1.000         1.000
 DSES           0.947         1.000         1.000         1.000         1.000
 B1PAGE_M       0.947         1.000         1.000         1.000         1.000
 SEX            0.947         1.000         1.000         1.000         1.000


           Covariance Coverage
              B1PAGE_M      SEX
              ________      ________
 B1PAGE_M       1.000
 SEX            1.000         1.000


     PROPORTION OF DATA PRESENT FOR U


           Covariance Coverage
              CURRENTS      RISKYBEH      CANONE        CAFREQUE      CAHEAVY
              ________      ________      ________      ________      ________
 CURRENTS       1.000
 RISKYBEH       1.000         1.000
 CANONE         0.998         0.998         0.998
 CAFREQUE       0.998         0.998         0.998         0.998
 CAHEAVY        0.998         0.998         0.998         0.998         0.998
 PHYSACT        1.000         1.000         0.998         0.998         0.998


           Covariance Coverage
              PHYSACT
              ________
 PHYSACT        1.000


     PROPORTION OF DATA PRESENT FOR Y


           Covariance Coverage
              PSR           NEGAFF        BI_INFL       PSQI3         OVERALLD
              ________      ________      ________      ________      ________
 PSR            1.000
 NEGAFF         0.998         0.998
 BI_INFL        1.000         0.998         1.000
 PSQI3          0.978         0.976         0.978         0.978
 OVERALLD       0.947         0.946         0.947         0.927         0.947
 PSRXSES        1.000         0.998         1.000         0.978         0.947
 PSRXDSES       1.000         0.998         1.000         0.978         0.947
 M1CHADV        1.000         0.998         1.000         0.978         0.947
 DSES           1.000         0.998         1.000         0.978         0.947
 B1PAGE_M       1.000         0.998         1.000         0.978         0.947
 SEX            1.000         0.998         1.000         0.978         0.947


           Covariance Coverage
              PSRXSES       PSRXDSES      M1CHADV       DSES          B1PAGE_M
              ________      ________      ________      ________      ________
 PSRXSES        1.000
 PSRXDSES       1.000         1.000
 M1CHADV        1.000         1.000         1.000
 DSES           1.000         1.000         1.000         1.000
 B1PAGE_M       1.000         1.000         1.000         1.000         1.000
 SEX            1.000         1.000         1.000         1.000         1.000


           Covariance Coverage
              SEX
              ________
 SEX            1.000


UNIVARIATE PROPORTIONS FOR CATEGORICAL VARIABLES

NOTE:  These are average results over 50 data sets.

    CURRENTS
      Category 1    0.852
      Category 2    0.148
    RISKYBEH
      Category 1    0.933
      Category 2    0.067
    CANONE
      Category 1    0.647
      Category 2    0.353
    CAFREQUE
      Category 1    0.805
      Category 2    0.195
    CAHEAVY
      Category 1    0.949
      Category 2    0.051
    PHYSACT
      Category 1    0.239
      Category 2    0.255
      Category 3    0.259
      Category 4    0.247


COUNT PROPORTION OF ZERO, MINIMUM AND MAXIMUM VALUES

      LIFESTRE    0.065         0        16
      P4MAJORC    0.390         0         6


SAMPLE STATISTICS

NOTE:  These are average results over 50 data sets.


     SAMPLE STATISTICS


           Means
              PSR           NEGAFF        BI_INFL       PSQI3         OVERALLD
              ________      ________      ________      ________      ________
 1              0.001         0.005        -0.005         5.617         1.105


           Means
              PSRXSES       PSRXDSES      M1CHADV       DSES          B1PAGE_M
              ________      ________      ________      ________      ________
 1              0.138         0.144         0.000         0.001        -0.046


           Means
              SEX
              ________
 1              0.568


           Covariances
              PSR           NEGAFF        BI_INFL       PSQI3         OVERALLD
              ________      ________      ________      ________      ________
 PSR            0.999
 NEGAFF        -0.473         1.013
 BI_INFL        0.003         0.011         0.322
 PSQI3         -0.650         0.983         0.102         9.662
 OVERALLD      -0.106         0.106         0.023         0.322         0.487
 PSRXSES       -0.086         0.094         0.009         0.302         0.029
 PSRXDSES      -0.020         0.050         0.003         0.121        -0.018
 M1CHADV        0.138        -0.077        -0.022        -0.409        -0.059
 DSES           0.144        -0.194        -0.028        -0.300        -0.059
 B1PAGE_M       0.201        -0.279         0.002        -0.226        -0.128
 SEX            0.015         0.037         0.001         0.189        -0.051


           Covariances
              PSRXSES       PSRXDSES      M1CHADV       DSES          B1PAGE_M
              ________      ________      ________      ________      ________
 PSRXSES        1.088
 PSRXDSES      -0.805         1.514
 M1CHADV       -0.116         0.068         0.999
 DSES           0.068        -0.081        -0.769         1.536
 B1PAGE_M      -0.053        -0.005        -0.127         0.285         1.371
 SEX            0.020        -0.003        -0.021        -0.048        -0.027


           Covariances
              SEX
              ________
 SEX            0.245


           Correlations
              PSR           NEGAFF        BI_INFL       PSQI3         OVERALLD
              ________      ________      ________      ________      ________
 PSR            1.000
 NEGAFF        -0.470         1.000
 BI_INFL        0.005         0.020         1.000
 PSQI3         -0.209         0.314         0.058         1.000
 OVERALLD      -0.152         0.151         0.057         0.149         1.000
 PSRXSES       -0.083         0.089         0.015         0.093         0.040
 PSRXDSES      -0.016         0.040         0.004         0.032        -0.021
 M1CHADV        0.138        -0.077        -0.038        -0.132        -0.084
 DSES           0.116        -0.156        -0.040        -0.078        -0.069
 B1PAGE_M       0.172        -0.236         0.003        -0.062        -0.157
 SEX            0.029         0.074         0.002         0.123        -0.147


           Correlations
              PSRXSES       PSRXDSES      M1CHADV       DSES          B1PAGE_M
              ________      ________      ________      ________      ________
 PSRXSES        1.000
 PSRXDSES      -0.627         1.000
 M1CHADV       -0.111         0.055         1.000
 DSES           0.052        -0.053        -0.621         1.000
 B1PAGE_M      -0.044        -0.003        -0.109         0.197         1.000
 SEX            0.038        -0.005        -0.043        -0.078        -0.047


           Correlations
              SEX
              ________
 SEX            1.000




MODEL FIT INFORMATION

Number of Free Parameters                      130

Loglikelihood

    H0 Value

        Mean                            -20553.722
        Std Dev                            117.236
        Number of successful computations       50

             Proportions                   Percentiles
        Expected    Observed         Expected       Observed
           0.990       1.000       -20826.448     -20799.641
           0.980       0.980       -20794.490     -20799.641
           0.950       0.980       -20746.564     -20737.531
           0.900       0.920       -20703.972     -20716.178
           0.800       0.820       -20652.388     -20668.026
           0.700       0.660       -20615.200     -20628.864
           0.500       0.460       -20553.722     -20570.314
           0.300       0.300       -20492.243     -20497.560
           0.200       0.200       -20455.056     -20457.601
           0.100       0.080       -20403.472     -20418.986
           0.050       0.080       -20360.880     -20340.501
           0.020       0.040       -20312.954     -20305.120
           0.010       0.020       -20280.996     -20305.120

Information Criteria

    Akaike (AIC)

        Mean                             41367.444
        Std Dev                            234.472
        Number of successful computations       50

             Proportions                   Percentiles
        Expected    Observed         Expected       Observed
           0.990       0.980        40821.991      40693.810
           0.980       0.960        40885.908      40693.810
           0.950       0.920        40981.760      40870.240
           0.900       0.920        41066.944      40941.002
           0.800       0.800        41170.112      41167.357
           0.700       0.700        41244.487      41233.392
           0.500       0.540        41367.444      41377.200
           0.300       0.340        41490.401      41513.603
           0.200       0.180        41564.776      41552.844
           0.100       0.080        41667.943      41635.849
           0.050       0.020        41753.127      41692.356
           0.020       0.020        41848.979      41735.062
           0.010       0.000        41912.896      41735.062

    Bayesian (BIC)

        Mean                             42034.772
        Std Dev                            234.472
        Number of successful computations       50

             Proportions                   Percentiles
        Expected    Observed         Expected       Observed
           0.990       0.980        41489.320      41361.138
           0.980       0.960        41553.237      41361.138
           0.950       0.920        41649.089      41537.568
           0.900       0.920        41734.273      41608.330
           0.800       0.800        41837.440      41834.685
           0.700       0.700        41911.815      41900.721
           0.500       0.540        42034.772      42044.529
           0.300       0.340        42157.729      42180.931
           0.200       0.180        42232.104      42220.172
           0.100       0.080        42335.272      42303.177
           0.050       0.020        42420.455      42359.684
           0.020       0.020        42516.308      42402.391
           0.010       0.000        42580.225      42402.391

    Sample-Size Adjusted BIC (n* = (n + 2) / 24)

        Mean                             41621.833
        Std Dev                            234.472
        Number of successful computations       50

             Proportions                   Percentiles
        Expected    Observed         Expected       Observed
           0.990       0.980        41076.380      40948.198
           0.980       0.960        41140.297      40948.198
           0.950       0.920        41236.149      41124.628
           0.900       0.920        41321.333      41195.391
           0.800       0.800        41424.501      41421.746
           0.700       0.700        41498.875      41487.781
           0.500       0.540        41621.833      41631.589
           0.300       0.340        41744.790      41767.992
           0.200       0.180        41819.164      41807.232
           0.100       0.080        41922.332      41890.238
           0.050       0.020        42007.516      41946.744
           0.020       0.020        42103.368      41989.451
           0.010       0.000        42167.285      41989.451



MODEL RESULTS

                                                    Two-Tailed   Rate of
                    Estimate       S.E.  Est./S.E.    P-Value    Missing

 LIFESTRESS ON
    SEX               -0.133      0.039     -3.438      0.001      0.000
    B1PAGE_M2          0.007      0.016      0.412      0.680      0.000
    M1CHADV           -0.364      0.023    -15.899      0.000      0.000
    DSES              -0.236      0.020    -11.749      0.000      0.000

 PSR        ON
    SEX                0.152      0.062      2.455      0.014      0.205
    B1PAGE_M2          0.130      0.026      4.922      0.000      0.210
    M1CHADV            0.350      0.038      9.100      0.000      0.171
    DSES               0.250      0.030      8.271      0.000      0.146

 NEGAFF     ON
    SEX                0.137      0.055      2.463      0.014      0.174
    B1PAGE_M2         -0.125      0.023     -5.506      0.000      0.121
    M1CHADV           -0.073      0.038     -1.948      0.051      0.163
    DSES              -0.093      0.030     -3.050      0.002      0.151
    PSR               -0.394      0.031    -12.729      0.000      0.320
    LIFESTRESS         0.041      0.012      3.498      0.000      0.181
    PSRXSES            0.086      0.036      2.381      0.017      0.325
    PSRXDSES           0.067      0.032      2.118      0.034      0.334

 PSQI3      ON
    SEX                0.618      0.170      3.638      0.000      0.013
    B1PAGE_M2          0.042      0.072      0.586      0.558      0.017
    M1CHADV           -0.359      0.116     -3.107      0.002      0.019
    DSES              -0.240      0.096     -2.503      0.012      0.013
    PSR               -0.134      0.108     -1.239      0.215      0.196
    LIFESTRESS         0.182      0.039      4.693      0.000      0.013
    NEGAFF             0.683      0.112      6.085      0.000      0.180
    PSRXSES            0.281      0.113      2.481      0.013      0.152
    PSRXDSES           0.199      0.101      1.975      0.048      0.178

 CURRENTSMO ON
    SEX               -0.450      0.179     -2.509      0.012      0.004
    B1PAGE_M2         -0.362      0.074     -4.860      0.000      0.005
    M1CHADV           -0.553      0.131     -4.238      0.000      0.007
    DSES              -0.577      0.111     -5.195      0.000      0.004
    PSR                0.071      0.106      0.676      0.499      0.167
    LIFESTRESS         0.131      0.031      4.163      0.000      0.005
    NEGAFF             0.263      0.113      2.327      0.020      0.152

 RISKYBEHAV ON
    SEX               -1.407      0.261     -5.388      0.000      0.004
    B1PAGE_M2          0.017      0.087      0.195      0.845      0.012
    M1CHADV           -0.405      0.172     -2.346      0.019      0.011
    DSES              -0.330      0.127     -2.598      0.009      0.011
    PSR               -0.110      0.147     -0.744      0.457      0.240
    LIFESTRESS        -0.008      0.044     -0.192      0.847      0.006
    NEGAFF             0.074      0.133      0.555      0.579      0.187

 CANONE     ON
    SEX                0.430      0.129      3.328      0.001      0.004
    B1PAGE_M2          0.167      0.057      2.937      0.003      0.006
    M1CHADV           -0.308      0.086     -3.557      0.000      0.007
    DSES              -0.286      0.069     -4.156      0.000      0.007
    PSR               -0.032      0.079     -0.407      0.684      0.182
    LIFESTRESS        -0.038      0.026     -1.484      0.138      0.004
    NEGAFF            -0.096      0.081     -1.188      0.235      0.152

 CAFREQUENT ON
    SEX               -0.675      0.152     -4.427      0.000      0.005
    B1PAGE_M2          0.153      0.069      2.227      0.026      0.012
    M1CHADV            0.450      0.116      3.868      0.000      0.009
    DSES               0.355      0.088      4.030      0.000      0.009
    PSR                0.139      0.098      1.424      0.155      0.227
    LIFESTRESS        -0.007      0.032     -0.225      0.822      0.006
    NEGAFF             0.210      0.095      2.215      0.027      0.198

 CAHEAVY    ON
    SEX               -1.706      0.303     -5.638      0.000      0.001
    B1PAGE_M2         -0.683      0.118     -5.798      0.000      0.003
    M1CHADV           -0.515      0.247     -2.089      0.037      0.005
    DSES              -0.530      0.184     -2.877      0.004      0.005
    PSR               -0.058      0.154     -0.376      0.707      0.183
    LIFESTRESS         0.167      0.045      3.686      0.000      0.004
    NEGAFF            -0.098      0.147     -0.664      0.507      0.096

 PHYSACT    ON
    SEX               -0.352      0.110     -3.206      0.001      0.004
    B1PAGE_M2         -0.147      0.043     -3.395      0.001      0.008
    M1CHADV            0.176      0.074      2.375      0.018      0.008
    DSES               0.107      0.057      1.874      0.061      0.007
    PSR                0.120      0.068      1.774      0.076      0.211
    LIFESTRESS         0.004      0.023      0.173      0.863      0.004
    NEGAFF            -0.075      0.066     -1.125      0.261      0.176

 OVERALLDIE ON
    SEX               -0.251      0.041     -6.075      0.000      0.003
    B1PAGE_M2         -0.078      0.017     -4.589      0.000      0.006
    M1CHADV           -0.133      0.028     -4.712      0.000      0.008
    DSES              -0.090      0.022     -4.162      0.000      0.007
    PSR               -0.030      0.025     -1.221      0.222      0.164
    LIFESTRESS         0.001      0.008      0.171      0.864      0.003
    NEGAFF             0.049      0.026      1.924      0.054      0.134

 BI_INFL    ON
    SEX               -0.012      0.049     -0.248      0.804      0.493
    B1PAGE_M2          0.005      0.023      0.199      0.842      0.574
    M1CHADV           -0.035      0.029     -1.198      0.231      0.349
    DSES              -0.034      0.024     -1.398      0.162      0.410
    PSR                0.030      0.025      1.218      0.223      0.414
    LIFESTRESS         0.013      0.009      1.479      0.139      0.367
    NEGAFF            -0.003      0.024     -0.105      0.916      0.385
    PSQI3              0.006      0.007      0.776      0.438      0.406
    CURRENTSMO         0.008      0.059      0.142      0.887      0.289
    RISKYBEHAV         0.042      0.077      0.553      0.580      0.285
    CANONE            -0.030      0.046     -0.657      0.511      0.330
    CAFREQUENT        -0.058      0.056     -1.026      0.305      0.371
    CAHEAVY            0.002      0.094      0.017      0.986      0.325
    PHYSACT           -0.032      0.019     -1.708      0.088      0.393
    OVERALLDIE         0.025      0.031      0.789      0.430      0.384

 P4MAJORCON ON
    SEX                0.020      0.061      0.329      0.742      0.019
    B1PAGE_M2          0.325      0.025     13.049      0.000      0.019
    M1CHADV           -0.050      0.039     -1.285      0.199      0.020
    DSES              -0.094      0.032     -2.890      0.004      0.019
    PSR                0.049      0.038      1.311      0.190      0.231
    LIFESTRESS         0.026      0.011      2.350      0.019      0.014
    NEGAFF             0.075      0.036      2.104      0.035      0.108
    PSQI3              0.047      0.009      5.137      0.000      0.015
    CURRENTSMO        -0.025      0.087     -0.282      0.778      0.004
    RISKYBEHAV         0.206      0.114      1.799      0.072      0.008
    CANONE             0.130      0.063      2.072      0.038      0.007
    CAFREQUENT        -0.004      0.079     -0.046      0.963      0.007
    CAHEAVY           -0.064      0.140     -0.459      0.646      0.005
    PHYSACT           -0.116      0.025     -4.629      0.000      0.022
    OVERALLDIE         0.034      0.042      0.824      0.410      0.005
    BI_INFL            0.165      0.065      2.524      0.012      0.414

 PSRXSES  WITH
    PSRXDSES          -0.805      0.085     -9.458      0.000      0.134

 Means
    PSRXSES            0.138      0.034      4.115      0.000      0.196
    PSRXDSES           0.144      0.039      3.721      0.000      0.174

 Intercepts
    PSR               -0.080      0.045     -1.781      0.075      0.126
    NEGAFF            -0.251      0.064     -3.945      0.000      0.236
    BI_INFL           -0.038      0.077     -0.496      0.620      0.366
    PSQI3              4.530      0.190     23.822      0.000      0.013
    OVERALLDIE         1.238      0.045     27.462      0.000      0.003
    LIFESTRESS         1.339      0.028     47.805      0.000      0.000
    P4MAJORCON        -0.297      0.108     -2.742      0.006      0.008

 Thresholds
    CURRENTS$1         2.328      0.190     12.224      0.000      0.002
    RISKYBEH$1         2.053      0.223      9.212      0.000      0.004
    CANONE$1           0.722      0.142      5.097      0.000      0.005
    CAFREQUE$1         1.107      0.170      6.497      0.000      0.004
    CAHEAVY$1          3.416      0.282     12.107      0.000      0.004
    PHYSACT$1         -1.366      0.131    -10.444      0.000      0.002
    PHYSACT$2         -0.198      0.127     -1.556      0.120      0.002
    PHYSACT$3          0.967      0.132      7.333      0.000      0.003

 Variances
    PSRXSES            1.088      0.103     10.615      0.000      0.140
    PSRXDSES           1.514      0.126     12.016      0.000      0.152

 Residual Variances
    PSR                0.886      0.036     24.824      0.000      0.039
    NEGAFF             0.725      0.043     16.730      0.000      0.371
    BI_INFL            0.312      0.059      5.252      0.000      0.953
    PSQI3              8.078      0.362     22.331      0.000      0.019
    OVERALLDIE         0.442      0.023     19.033      0.000      0.001

New/Additional Parameters
    IND1               0.001      0.001      0.740      0.459      0.410
    TOT1               0.048      0.009      5.243      0.000      0.008
    IND2               0.000      0.000     -0.586      0.558      0.297


QUALITY OF NUMERICAL RESULTS

     Average Condition Number for the Information Matrix      0.224E-07
       (ratio of smallest to largest eigenvalue)


TECHNICAL 1 OUTPUT


     PARAMETER SPECIFICATION


           TAU
              CURRENTS      RISKYBEH      CANONE$1      CAFREQUE      CAHEAVY$
              ________      ________      ________      ________      ________
 1                123           124           125           126           127


           TAU
              PHYSACT$      PHYSACT$      PHYSACT$
              ________      ________      ________
 1                128           129           130


           NU
              LIFESTRE      LIFESTRE      P4MAJORC      P4MAJORC      CURRENTS
              ________      ________      ________      ________      ________
 1                  0             0             0             0             0


           NU
              RISKYBEH      CANONE        CAFREQUE      CAHEAVY       PHYSACT
              ________      ________      ________      ________      ________
 1                  0             0             0             0             0


           NU
              PSR           NEGAFF        BI_INFL       PSQI3         OVERALLD
              ________      ________      ________      ________      ________
 1                  0             0             0             0             0


           NU
              PSRXSES       PSRXDSES      M1CHADV       DSES          B1PAGE_M
              ________      ________      ________      ________      ________
 1                  0             0             0             0             0


           NU
              SEX
              ________
 1                  0


           LAMBDA
              LIFESTRE      LIFESTRE      P4MAJORC      P4MAJORC      CURRENTS
              ________      ________      ________      ________      ________
 LIFESTRE           0             0             0             0             0
 LIFESTRE           0             0             0             0             0
 P4MAJORC           0             0             0             0             0
 P4MAJORC           0             0             0             0             0
 CURRENTS           0             0             0             0             0
 RISKYBEH           0             0             0             0             0
 CANONE             0             0             0             0             0
 CAFREQUE           0             0             0             0             0
 CAHEAVY            0             0             0             0             0
 PHYSACT            0             0             0             0             0
 PSR                0             0             0             0             0
 NEGAFF             0             0             0             0             0
 BI_INFL            0             0             0             0             0
 PSQI3              0             0             0             0             0
 OVERALLD           0             0             0             0             0
 PSRXSES            0             0             0             0             0
 PSRXDSES           0             0             0             0             0
 M1CHADV            0             0             0             0             0
 DSES               0             0             0             0             0
 B1PAGE_M           0             0             0             0             0
 SEX                0             0             0             0             0


           LAMBDA
              RISKYBEH      CANONE        CAFREQUE      CAHEAVY       PHYSACT
              ________      ________      ________      ________      ________
 LIFESTRE           0             0             0             0             0
 LIFESTRE           0             0             0             0             0
 P4MAJORC           0             0             0             0             0
 P4MAJORC           0             0             0             0             0
 CURRENTS           0             0             0             0             0
 RISKYBEH           0             0             0             0             0
 CANONE             0             0             0             0             0
 CAFREQUE           0             0             0             0             0
 CAHEAVY            0             0             0             0             0
 PHYSACT            0             0             0             0             0
 PSR                0             0             0             0             0
 NEGAFF             0             0             0             0             0
 BI_INFL            0             0             0             0             0
 PSQI3              0             0             0             0             0
 OVERALLD           0             0             0             0             0
 PSRXSES            0             0             0             0             0
 PSRXDSES           0             0             0             0             0
 M1CHADV            0             0             0             0             0
 DSES               0             0             0             0             0
 B1PAGE_M           0             0             0             0             0
 SEX                0             0             0             0             0


           LAMBDA
              PSR           NEGAFF        BI_INFL       PSQI3         OVERALLD
              ________      ________      ________      ________      ________
 LIFESTRE           0             0             0             0             0
 LIFESTRE           0             0             0             0             0
 P4MAJORC           0             0             0             0             0
 P4MAJORC           0             0             0             0             0
 CURRENTS           0             0             0             0             0
 RISKYBEH           0             0             0             0             0
 CANONE             0             0             0             0             0
 CAFREQUE           0             0             0             0             0
 CAHEAVY            0             0             0             0             0
 PHYSACT            0             0             0             0             0
 PSR                0             0             0             0             0
 NEGAFF             0             0             0             0             0
 BI_INFL            0             0             0             0             0
 PSQI3              0             0             0             0             0
 OVERALLD           0             0             0             0             0
 PSRXSES            0             0             0             0             0
 PSRXDSES           0             0             0             0             0
 M1CHADV            0             0             0             0             0
 DSES               0             0             0             0             0
 B1PAGE_M           0             0             0             0             0
 SEX                0             0             0             0             0


           LAMBDA
              PSRXSES       PSRXDSES      M1CHADV       DSES          B1PAGE_M
              ________      ________      ________      ________      ________
 LIFESTRE           0             0             0             0             0
 LIFESTRE           0             0             0             0             0
 P4MAJORC           0             0             0             0             0
 P4MAJORC           0             0             0             0             0
 CURRENTS           0             0             0             0             0
 RISKYBEH           0             0             0             0             0
 CANONE             0             0             0             0             0
 CAFREQUE           0             0             0             0             0
 CAHEAVY            0             0             0             0             0
 PHYSACT            0             0             0             0             0
 PSR                0             0             0             0             0
 NEGAFF             0             0             0             0             0
 BI_INFL            0             0             0             0             0
 PSQI3              0             0             0             0             0
 OVERALLD           0             0             0             0             0
 PSRXSES            0             0             0             0             0
 PSRXDSES           0             0             0             0             0
 M1CHADV            0             0             0             0             0
 DSES               0             0             0             0             0
 B1PAGE_M           0             0             0             0             0
 SEX                0             0             0             0             0


           LAMBDA
              SEX
              ________
 LIFESTRE           0
 LIFESTRE           0
 P4MAJORC           0
 P4MAJORC           0
 CURRENTS           0
 RISKYBEH           0
 CANONE             0
 CAFREQUE           0
 CAHEAVY            0
 PHYSACT            0
 PSR                0
 NEGAFF             0
 BI_INFL            0
 PSQI3              0
 OVERALLD           0
 PSRXSES            0
 PSRXDSES           0
 M1CHADV            0
 DSES               0
 B1PAGE_M           0
 SEX                0


           THETA
              LIFESTRE      LIFESTRE      P4MAJORC      P4MAJORC      CURRENTS
              ________      ________      ________      ________      ________
 LIFESTRE           0
 LIFESTRE           0             0
 P4MAJORC           0             0             0
 P4MAJORC           0             0             0             0
 CURRENTS           0             0             0             0             0
 RISKYBEH           0             0             0             0             0
 CANONE             0             0             0             0             0
 CAFREQUE           0             0             0             0             0
 CAHEAVY            0             0             0             0             0
 PHYSACT            0             0             0             0             0
 PSR                0             0             0             0             0
 NEGAFF             0             0             0             0             0
 BI_INFL            0             0             0             0             0
 PSQI3              0             0             0             0             0
 OVERALLD           0             0             0             0             0
 PSRXSES            0             0             0             0             0
 PSRXDSES           0             0             0             0             0
 M1CHADV            0             0             0             0             0
 DSES               0             0             0             0             0
 B1PAGE_M           0             0             0             0             0
 SEX                0             0             0             0             0


           THETA
              RISKYBEH      CANONE        CAFREQUE      CAHEAVY       PHYSACT
              ________      ________      ________      ________      ________
 RISKYBEH           0
 CANONE             0             0
 CAFREQUE           0             0             0
 CAHEAVY            0             0             0             0
 PHYSACT            0             0             0             0             0
 PSR                0             0             0             0             0
 NEGAFF             0             0             0             0             0
 BI_INFL            0             0             0             0             0
 PSQI3              0             0             0             0             0
 OVERALLD           0             0             0             0             0
 PSRXSES            0             0             0             0             0
 PSRXDSES           0             0             0             0             0
 M1CHADV            0             0             0             0             0
 DSES               0             0             0             0             0
 B1PAGE_M           0             0             0             0             0
 SEX                0             0             0             0             0


           THETA
              PSR           NEGAFF        BI_INFL       PSQI3         OVERALLD
              ________      ________      ________      ________      ________
 PSR                0
 NEGAFF             0             0
 BI_INFL            0             0             0
 PSQI3              0             0             0             0
 OVERALLD           0             0             0             0             0
 PSRXSES            0             0             0             0             0
 PSRXDSES           0             0             0             0             0
 M1CHADV            0             0             0             0             0
 DSES               0             0             0             0             0
 B1PAGE_M           0             0             0             0             0
 SEX                0             0             0             0             0


           THETA
              PSRXSES       PSRXDSES      M1CHADV       DSES          B1PAGE_M
              ________      ________      ________      ________      ________
 PSRXSES            0
 PSRXDSES           0             0
 M1CHADV            0             0             0
 DSES               0             0             0             0
 B1PAGE_M           0             0             0             0             0
 SEX                0             0             0             0             0


           THETA
              SEX
              ________
 SEX                0


           ALPHA
              LIFESTRE      LIFESTRE      P4MAJORC      P4MAJORC      CURRENTS
              ________      ________      ________      ________      ________
 1                  0             1             0             2             0


           ALPHA
              RISKYBEH      CANONE        CAFREQUE      CAHEAVY       PHYSACT
              ________      ________      ________      ________      ________
 1                  0             0             0             0             0


           ALPHA
              PSR           NEGAFF        BI_INFL       PSQI3         OVERALLD
              ________      ________      ________      ________      ________
 1                  3             4             5             6             7


           ALPHA
              PSRXSES       PSRXDSES      M1CHADV       DSES          B1PAGE_M
              ________      ________      ________      ________      ________
 1                  8             9             0             0             0


           ALPHA
              SEX
              ________
 1                  0


           BETA
              LIFESTRE      LIFESTRE      P4MAJORC      P4MAJORC      CURRENTS
              ________      ________      ________      ________      ________
 LIFESTRE           0             0             0             0             0
 LIFESTRE           0             0             0             0             0
 P4MAJORC           0             0             0             0             0
 P4MAJORC           0            14             0             0            15
 CURRENTS           0            30             0             0             0
 RISKYBEH           0            37             0             0             0
 CANONE             0            44             0             0             0
 CAFREQUE           0            51             0             0             0
 CAHEAVY            0            58             0             0             0
 PHYSACT            0            65             0             0             0
 PSR                0             0             0             0             0
 NEGAFF             0            76             0             0             0
 BI_INFL            0            84             0             0            85
 PSQI3              0            99             0             0             0
 OVERALLD           0           108             0             0             0
 PSRXSES            0             0             0             0             0
 PSRXDSES           0             0             0             0             0
 M1CHADV            0             0             0             0             0
 DSES               0             0             0             0             0
 B1PAGE_M           0             0             0             0             0
 SEX                0             0             0             0             0


           BETA
              RISKYBEH      CANONE        CAFREQUE      CAHEAVY       PHYSACT
              ________      ________      ________      ________      ________
 LIFESTRE           0             0             0             0             0
 LIFESTRE           0             0             0             0             0
 P4MAJORC           0             0             0             0             0
 P4MAJORC          16            17            18            19            20
 CURRENTS           0             0             0             0             0
 RISKYBEH           0             0             0             0             0
 CANONE             0             0             0             0             0
 CAFREQUE           0             0             0             0             0
 CAHEAVY            0             0             0             0             0
 PHYSACT            0             0             0             0             0
 PSR                0             0             0             0             0
 NEGAFF             0             0             0             0             0
 BI_INFL           86            87            88            89            90
 PSQI3              0             0             0             0             0
 OVERALLD           0             0             0             0             0
 PSRXSES            0             0             0             0             0
 PSRXDSES           0             0             0             0             0
 M1CHADV            0             0             0             0             0
 DSES               0             0             0             0             0
 B1PAGE_M           0             0             0             0             0
 SEX                0             0             0             0             0


           BETA
              PSR           NEGAFF        BI_INFL       PSQI3         OVERALLD
              ________      ________      ________      ________      ________
 LIFESTRE           0             0             0             0             0
 LIFESTRE           0             0             0             0             0
 P4MAJORC           0             0             0             0             0
 P4MAJORC          21            22            23            24            25
 CURRENTS          31            32             0             0             0
 RISKYBEH          38            39             0             0             0
 CANONE            45            46             0             0             0
 CAFREQUE          52            53             0             0             0
 CAHEAVY           59            60             0             0             0
 PHYSACT           66            67             0             0             0
 PSR                0             0             0             0             0
 NEGAFF            77             0             0             0             0
 BI_INFL           91            92             0            93            94
 PSQI3            100           101             0             0             0
 OVERALLD         109           110             0             0             0
 PSRXSES            0             0             0             0             0
 PSRXDSES           0             0             0             0             0
 M1CHADV            0             0             0             0             0
 DSES               0             0             0             0             0
 B1PAGE_M           0             0             0             0             0
 SEX                0             0             0             0             0


           BETA
              PSRXSES       PSRXDSES      M1CHADV       DSES          B1PAGE_M
              ________      ________      ________      ________      ________
 LIFESTRE           0             0             0             0             0
 LIFESTRE           0             0            10            11            12
 P4MAJORC           0             0             0             0             0
 P4MAJORC           0             0            26            27            28
 CURRENTS           0             0            33            34            35
 RISKYBEH           0             0            40            41            42
 CANONE             0             0            47            48            49
 CAFREQUE           0             0            54            55            56
 CAHEAVY            0             0            61            62            63
 PHYSACT            0             0            68            69            70
 PSR                0             0            72            73            74
 NEGAFF            78            79            80            81            82
 BI_INFL            0             0            95            96            97
 PSQI3            102           103           104           105           106
 OVERALLD           0             0           111           112           113
 PSRXSES            0             0             0             0             0
 PSRXDSES           0             0             0             0             0
 M1CHADV            0             0             0             0             0
 DSES               0             0             0             0             0
 B1PAGE_M           0             0             0             0             0
 SEX                0             0             0             0             0


           BETA
              SEX
              ________
 LIFESTRE           0
 LIFESTRE          13
 P4MAJORC           0
 P4MAJORC          29
 CURRENTS          36
 RISKYBEH          43
 CANONE            50
 CAFREQUE          57
 CAHEAVY           64
 PHYSACT           71
 PSR               75
 NEGAFF            83
 BI_INFL           98
 PSQI3            107
 OVERALLD         114
 PSRXSES            0
 PSRXDSES           0
 M1CHADV            0
 DSES               0
 B1PAGE_M           0
 SEX                0


           PSI
              LIFESTRE      LIFESTRE      P4MAJORC      P4MAJORC      CURRENTS
              ________      ________      ________      ________      ________
 LIFESTRE           0
 LIFESTRE           0             0
 P4MAJORC           0             0             0
 P4MAJORC           0             0             0             0
 CURRENTS           0             0             0             0             0
 RISKYBEH           0             0             0             0             0
 CANONE             0             0             0             0             0
 CAFREQUE           0             0             0             0             0
 CAHEAVY            0             0             0             0             0
 PHYSACT            0             0             0             0             0
 PSR                0             0             0             0             0
 NEGAFF             0             0             0             0             0
 BI_INFL            0             0             0             0             0
 PSQI3              0             0             0             0             0
 OVERALLD           0             0             0             0             0
 PSRXSES            0             0             0             0             0
 PSRXDSES           0             0             0             0             0
 M1CHADV            0             0             0             0             0
 DSES               0             0             0             0             0
 B1PAGE_M           0             0             0             0             0
 SEX                0             0             0             0             0


           PSI
              RISKYBEH      CANONE        CAFREQUE      CAHEAVY       PHYSACT
              ________      ________      ________      ________      ________
 RISKYBEH           0
 CANONE             0             0
 CAFREQUE           0             0             0
 CAHEAVY            0             0             0             0
 PHYSACT            0             0             0             0             0
 PSR                0             0             0             0             0
 NEGAFF             0             0             0             0             0
 BI_INFL            0             0             0             0             0
 PSQI3              0             0             0             0             0
 OVERALLD           0             0             0             0             0
 PSRXSES            0             0             0             0             0
 PSRXDSES           0             0             0             0             0
 M1CHADV            0             0             0             0             0
 DSES               0             0             0             0             0
 B1PAGE_M           0             0             0             0             0
 SEX                0             0             0             0             0


           PSI
              PSR           NEGAFF        BI_INFL       PSQI3         OVERALLD
              ________      ________      ________      ________      ________
 PSR              115
 NEGAFF             0           116
 BI_INFL            0             0           117
 PSQI3              0             0             0           118
 OVERALLD           0             0             0             0           119
 PSRXSES            0             0             0             0             0
 PSRXDSES           0             0             0             0             0
 M1CHADV            0             0             0             0             0
 DSES               0             0             0             0             0
 B1PAGE_M           0             0             0             0             0
 SEX                0             0             0             0             0


           PSI
              PSRXSES       PSRXDSES      M1CHADV       DSES          B1PAGE_M
              ________      ________      ________      ________      ________
 PSRXSES          120
 PSRXDSES         121           122
 M1CHADV            0             0             0
 DSES               0             0             0             0
 B1PAGE_M           0             0             0             0             0
 SEX                0             0             0             0             0


           PSI
              SEX
              ________
 SEX                0


     PARAMETER SPECIFICATION FOR THE ADDITIONAL PARAMETERS


           NEW/ADDITIONAL PARAMETERS
              IND1          TOT1          IND2
              ________      ________      ________
 1                131           132           133


     STARTING VALUES


           TAU
              CURRENTS      RISKYBEH      CANONE$1      CAFREQUE      CAHEAVY$
              ________      ________      ________      ________      ________
 1              1.747         2.633         0.604         1.418         2.920


           TAU
              PHYSACT$      PHYSACT$      PHYSACT$
              ________      ________      ________
 1             -1.160        -0.024         1.112


           NU
              LIFESTRE      LIFESTRE      P4MAJORC      P4MAJORC      CURRENTS
              ________      ________      ________      ________      ________
 1              0.000         0.000         0.000         0.000         0.000


           NU
              RISKYBEH      CANONE        CAFREQUE      CAHEAVY       PHYSACT
              ________      ________      ________      ________      ________
 1              0.000         0.000         0.000         0.000         0.000


           NU
              PSR           NEGAFF        BI_INFL       PSQI3         OVERALLD
              ________      ________      ________      ________      ________
 1              0.000         0.000         0.000         0.000         0.000


           NU
              PSRXSES       PSRXDSES      M1CHADV       DSES          B1PAGE_M
              ________      ________      ________      ________      ________
 1              0.000         0.000         0.000         0.000         0.000


           NU
              SEX
              ________
 1              0.000


           LAMBDA
              LIFESTRE      LIFESTRE      P4MAJORC      P4MAJORC      CURRENTS
              ________      ________      ________      ________      ________
 LIFESTRE       1.000         0.000         0.000         0.000         0.000
 LIFESTRE       0.000         1.000         0.000         0.000         0.000
 P4MAJORC       0.000         0.000         1.000         0.000         0.000
 P4MAJORC       0.000         0.000         0.000         1.000         0.000
 CURRENTS       0.000         0.000         0.000         0.000         1.000
 RISKYBEH       0.000         0.000         0.000         0.000         0.000
 CANONE         0.000         0.000         0.000         0.000         0.000
 CAFREQUE       0.000         0.000         0.000         0.000         0.000
 CAHEAVY        0.000         0.000         0.000         0.000         0.000
 PHYSACT        0.000         0.000         0.000         0.000         0.000
 PSR            0.000         0.000         0.000         0.000         0.000
 NEGAFF         0.000         0.000         0.000         0.000         0.000
 BI_INFL        0.000         0.000         0.000         0.000         0.000
 PSQI3          0.000         0.000         0.000         0.000         0.000
 OVERALLD       0.000         0.000         0.000         0.000         0.000
 PSRXSES        0.000         0.000         0.000         0.000         0.000
 PSRXDSES       0.000         0.000         0.000         0.000         0.000
 M1CHADV        0.000         0.000         0.000         0.000         0.000
 DSES           0.000         0.000         0.000         0.000         0.000
 B1PAGE_M       0.000         0.000         0.000         0.000         0.000
 SEX            0.000         0.000         0.000         0.000         0.000


           LAMBDA
              RISKYBEH      CANONE        CAFREQUE      CAHEAVY       PHYSACT
              ________      ________      ________      ________      ________
 LIFESTRE       0.000         0.000         0.000         0.000         0.000
 LIFESTRE       0.000         0.000         0.000         0.000         0.000
 P4MAJORC       0.000         0.000         0.000         0.000         0.000
 P4MAJORC       0.000         0.000         0.000         0.000         0.000
 CURRENTS       0.000         0.000         0.000         0.000         0.000
 RISKYBEH       1.000         0.000         0.000         0.000         0.000
 CANONE         0.000         1.000         0.000         0.000         0.000
 CAFREQUE       0.000         0.000         1.000         0.000         0.000
 CAHEAVY        0.000         0.000         0.000         1.000         0.000
 PHYSACT        0.000         0.000         0.000         0.000         1.000
 PSR            0.000         0.000         0.000         0.000         0.000
 NEGAFF         0.000         0.000         0.000         0.000         0.000
 BI_INFL        0.000         0.000         0.000         0.000         0.000
 PSQI3          0.000         0.000         0.000         0.000         0.000
 OVERALLD       0.000         0.000         0.000         0.000         0.000
 PSRXSES        0.000         0.000         0.000         0.000         0.000
 PSRXDSES       0.000         0.000         0.000         0.000         0.000
 M1CHADV        0.000         0.000         0.000         0.000         0.000
 DSES           0.000         0.000         0.000         0.000         0.000
 B1PAGE_M       0.000         0.000         0.000         0.000         0.000
 SEX            0.000         0.000         0.000         0.000         0.000


           LAMBDA
              PSR           NEGAFF        BI_INFL       PSQI3         OVERALLD
              ________      ________      ________      ________      ________
 LIFESTRE       0.000         0.000         0.000         0.000         0.000
 LIFESTRE       0.000         0.000         0.000         0.000         0.000
 P4MAJORC       0.000         0.000         0.000         0.000         0.000
 P4MAJORC       0.000         0.000         0.000         0.000         0.000
 CURRENTS       0.000         0.000         0.000         0.000         0.000
 RISKYBEH       0.000         0.000         0.000         0.000         0.000
 CANONE         0.000         0.000         0.000         0.000         0.000
 CAFREQUE       0.000         0.000         0.000         0.000         0.000
 CAHEAVY        0.000         0.000         0.000         0.000         0.000
 PHYSACT        0.000         0.000         0.000         0.000         0.000
 PSR            1.000         0.000         0.000         0.000         0.000
 NEGAFF         0.000         1.000         0.000         0.000         0.000
 BI_INFL        0.000         0.000         1.000         0.000         0.000
 PSQI3          0.000         0.000         0.000         1.000         0.000
 OVERALLD       0.000         0.000         0.000         0.000         1.000
 PSRXSES        0.000         0.000         0.000         0.000         0.000
 PSRXDSES       0.000         0.000         0.000         0.000         0.000
 M1CHADV        0.000         0.000         0.000         0.000         0.000
 DSES           0.000         0.000         0.000         0.000         0.000
 B1PAGE_M       0.000         0.000         0.000         0.000         0.000
 SEX            0.000         0.000         0.000         0.000         0.000


           LAMBDA
              PSRXSES       PSRXDSES      M1CHADV       DSES          B1PAGE_M
              ________      ________      ________      ________      ________
 LIFESTRE       0.000         0.000         0.000         0.000         0.000
 LIFESTRE       0.000         0.000         0.000         0.000         0.000
 P4MAJORC       0.000         0.000         0.000         0.000         0.000
 P4MAJORC       0.000         0.000         0.000         0.000         0.000
 CURRENTS       0.000         0.000         0.000         0.000         0.000
 RISKYBEH       0.000         0.000         0.000         0.000         0.000
 CANONE         0.000         0.000         0.000         0.000         0.000
 CAFREQUE       0.000         0.000         0.000         0.000         0.000
 CAHEAVY        0.000         0.000         0.000         0.000         0.000
 PHYSACT        0.000         0.000         0.000         0.000         0.000
 PSR            0.000         0.000         0.000         0.000         0.000
 NEGAFF         0.000         0.000         0.000         0.000         0.000
 BI_INFL        0.000         0.000         0.000         0.000         0.000
 PSQI3          0.000         0.000         0.000         0.000         0.000
 OVERALLD       0.000         0.000         0.000         0.000         0.000
 PSRXSES        1.000         0.000         0.000         0.000         0.000
 PSRXDSES       0.000         1.000         0.000         0.000         0.000
 M1CHADV        0.000         0.000         1.000         0.000         0.000
 DSES           0.000         0.000         0.000         1.000         0.000
 B1PAGE_M       0.000         0.000         0.000         0.000         1.000
 SEX            0.000         0.000         0.000         0.000         0.000


           LAMBDA
              SEX
              ________
 LIFESTRE       0.000
 LIFESTRE       0.000
 P4MAJORC       0.000
 P4MAJORC       0.000
 CURRENTS       0.000
 RISKYBEH       0.000
 CANONE         0.000
 CAFREQUE       0.000
 CAHEAVY        0.000
 PHYSACT        0.000
 PSR            0.000
 NEGAFF         0.000
 BI_INFL        0.000
 PSQI3          0.000
 OVERALLD       0.000
 PSRXSES        0.000
 PSRXDSES       0.000
 M1CHADV        0.000
 DSES           0.000
 B1PAGE_M       0.000
 SEX            1.000


           THETA
              LIFESTRE      LIFESTRE      P4MAJORC      P4MAJORC      CURRENTS
              ________      ________      ________      ________      ________
 LIFESTRE       0.000
 LIFESTRE       0.000         0.000
 P4MAJORC       0.000         0.000         0.000
 P4MAJORC       0.000         0.000         0.000         0.000
 CURRENTS       0.000         0.000         0.000         0.000         0.000
 RISKYBEH       0.000         0.000         0.000         0.000         0.000
 CANONE         0.000         0.000         0.000         0.000         0.000
 CAFREQUE       0.000         0.000         0.000         0.000         0.000
 CAHEAVY        0.000         0.000         0.000         0.000         0.000
 PHYSACT        0.000         0.000         0.000         0.000         0.000
 PSR            0.000         0.000         0.000         0.000         0.000
 NEGAFF         0.000         0.000         0.000         0.000         0.000
 BI_INFL        0.000         0.000         0.000         0.000         0.000
 PSQI3          0.000         0.000         0.000         0.000         0.000
 OVERALLD       0.000         0.000         0.000         0.000         0.000
 PSRXSES        0.000         0.000         0.000         0.000         0.000
 PSRXDSES       0.000         0.000         0.000         0.000         0.000
 M1CHADV        0.000         0.000         0.000         0.000         0.000
 DSES           0.000         0.000         0.000         0.000         0.000
 B1PAGE_M       0.000         0.000         0.000         0.000         0.000
 SEX            0.000         0.000         0.000         0.000         0.000


           THETA
              RISKYBEH      CANONE        CAFREQUE      CAHEAVY       PHYSACT
              ________      ________      ________      ________      ________
 RISKYBEH       0.000
 CANONE         0.000         0.000
 CAFREQUE       0.000         0.000         0.000
 CAHEAVY        0.000         0.000         0.000         0.000
 PHYSACT        0.000         0.000         0.000         0.000         0.000
 PSR            0.000         0.000         0.000         0.000         0.000
 NEGAFF         0.000         0.000         0.000         0.000         0.000
 BI_INFL        0.000         0.000         0.000         0.000         0.000
 PSQI3          0.000         0.000         0.000         0.000         0.000
 OVERALLD       0.000         0.000         0.000         0.000         0.000
 PSRXSES        0.000         0.000         0.000         0.000         0.000
 PSRXDSES       0.000         0.000         0.000         0.000         0.000
 M1CHADV        0.000         0.000         0.000         0.000         0.000
 DSES           0.000         0.000         0.000         0.000         0.000
 B1PAGE_M       0.000         0.000         0.000         0.000         0.000
 SEX            0.000         0.000         0.000         0.000         0.000


           THETA
              PSR           NEGAFF        BI_INFL       PSQI3         OVERALLD
              ________      ________      ________      ________      ________
 PSR            0.000
 NEGAFF         0.000         0.000
 BI_INFL        0.000         0.000         0.000
 PSQI3          0.000         0.000         0.000         0.000
 OVERALLD       0.000         0.000         0.000         0.000         0.000
 PSRXSES        0.000         0.000         0.000         0.000         0.000
 PSRXDSES       0.000         0.000         0.000         0.000         0.000
 M1CHADV        0.000         0.000         0.000         0.000         0.000
 DSES           0.000         0.000         0.000         0.000         0.000
 B1PAGE_M       0.000         0.000         0.000         0.000         0.000
 SEX            0.000         0.000         0.000         0.000         0.000


           THETA
              PSRXSES       PSRXDSES      M1CHADV       DSES          B1PAGE_M
              ________      ________      ________      ________      ________
 PSRXSES        0.000
 PSRXDSES       0.000         0.000
 M1CHADV        0.000         0.000         0.000
 DSES           0.000         0.000         0.000         0.000
 B1PAGE_M       0.000         0.000         0.000         0.000         0.000
 SEX            0.000         0.000         0.000         0.000         0.000


           THETA
              SEX
              ________
 SEX            0.000


           ALPHA
              LIFESTRE      LIFESTRE      P4MAJORC      P4MAJORC      CURRENTS
              ________      ________      ________      ________      ________
 1            -20.000         1.529       -20.000         0.318         0.000


           ALPHA
              RISKYBEH      CANONE        CAFREQUE      CAHEAVY       PHYSACT
              ________      ________      ________      ________      ________
 1              0.000         0.000         0.000         0.000         0.000


           ALPHA
              PSR           NEGAFF        BI_INFL       PSQI3         OVERALLD
              ________      ________      ________      ________      ________
 1              0.001        -0.001         0.001         5.607         1.103


           ALPHA
              PSRXSES       PSRXDSES      M1CHADV       DSES          B1PAGE_M
              ________      ________      ________      ________      ________
 1              0.156         0.120         0.000         0.000         0.000


           ALPHA
              SEX
              ________
 1              0.000


           BETA
              LIFESTRE      LIFESTRE      P4MAJORC      P4MAJORC      CURRENTS
              ________      ________      ________      ________      ________
 LIFESTRE       0.000         0.000         0.000         0.000         0.000
 LIFESTRE       0.000         0.000         0.000         0.000         0.000
 P4MAJORC       0.000         0.000         0.000         0.000         0.000
 P4MAJORC       0.000         0.000         0.000         0.000         0.000
 CURRENTS       0.000         0.000         0.000         0.000         0.000
 RISKYBEH       0.000         0.000         0.000         0.000         0.000
 CANONE         0.000         0.000         0.000         0.000         0.000
 CAFREQUE       0.000         0.000         0.000         0.000         0.000
 CAHEAVY        0.000         0.000         0.000         0.000         0.000
 PHYSACT        0.000         0.000         0.000         0.000         0.000
 PSR            0.000         0.000         0.000         0.000         0.000
 NEGAFF         0.000         0.000         0.000         0.000         0.000
 BI_INFL        0.000         0.000         0.000         0.000         0.000
 PSQI3          0.000         0.000         0.000         0.000         0.000
 OVERALLD       0.000         0.000         0.000         0.000         0.000
 PSRXSES        0.000         0.000         0.000         0.000         0.000
 PSRXDSES       0.000         0.000         0.000         0.000         0.000
 M1CHADV        0.000         0.000         0.000         0.000         0.000
 DSES           0.000         0.000         0.000         0.000         0.000
 B1PAGE_M       0.000         0.000         0.000         0.000         0.000
 SEX            0.000         0.000         0.000         0.000         0.000


           BETA
              RISKYBEH      CANONE        CAFREQUE      CAHEAVY       PHYSACT
              ________      ________      ________      ________      ________
 LIFESTRE       0.000         0.000         0.000         0.000         0.000
 LIFESTRE       0.000         0.000         0.000         0.000         0.000
 P4MAJORC       0.000         0.000         0.000         0.000         0.000
 P4MAJORC       0.000         0.000         0.000         0.000         0.000
 CURRENTS       0.000         0.000         0.000         0.000         0.000
 RISKYBEH       0.000         0.000         0.000         0.000         0.000
 CANONE         0.000         0.000         0.000         0.000         0.000
 CAFREQUE       0.000         0.000         0.000         0.000         0.000
 CAHEAVY        0.000         0.000         0.000         0.000         0.000
 PHYSACT        0.000         0.000         0.000         0.000         0.000
 PSR            0.000         0.000         0.000         0.000         0.000
 NEGAFF         0.000         0.000         0.000         0.000         0.000
 BI_INFL        0.000         0.000         0.000         0.000         0.000
 PSQI3          0.000         0.000         0.000         0.000         0.000
 OVERALLD       0.000         0.000         0.000         0.000         0.000
 PSRXSES        0.000         0.000         0.000         0.000         0.000
 PSRXDSES       0.000         0.000         0.000         0.000         0.000
 M1CHADV        0.000         0.000         0.000         0.000         0.000
 DSES           0.000         0.000         0.000         0.000         0.000
 B1PAGE_M       0.000         0.000         0.000         0.000         0.000
 SEX            0.000         0.000         0.000         0.000         0.000


           BETA
              PSR           NEGAFF        BI_INFL       PSQI3         OVERALLD
              ________      ________      ________      ________      ________
 LIFESTRE       0.000         0.000         0.000         0.000         0.000
 LIFESTRE       0.000         0.000         0.000         0.000         0.000
 P4MAJORC       0.000         0.000         0.000         0.000         0.000
 P4MAJORC       0.000         0.000         0.000         0.000         0.000
 CURRENTS       0.000         0.000         0.000         0.000         0.000
 RISKYBEH       0.000         0.000         0.000         0.000         0.000
 CANONE         0.000         0.000         0.000         0.000         0.000
 CAFREQUE       0.000         0.000         0.000         0.000         0.000
 CAHEAVY        0.000         0.000         0.000         0.000         0.000
 PHYSACT        0.000         0.000         0.000         0.000         0.000
 PSR            0.000         0.000         0.000         0.000         0.000
 NEGAFF         0.000         0.000         0.000         0.000         0.000
 BI_INFL        0.000         0.000         0.000         0.000         0.000
 PSQI3          0.000         0.000         0.000         0.000         0.000
 OVERALLD       0.000         0.000         0.000         0.000         0.000
 PSRXSES        0.000         0.000         0.000         0.000         0.000
 PSRXDSES       0.000         0.000         0.000         0.000         0.000
 M1CHADV        0.000         0.000         0.000         0.000         0.000
 DSES           0.000         0.000         0.000         0.000         0.000
 B1PAGE_M       0.000         0.000         0.000         0.000         0.000
 SEX            0.000         0.000         0.000         0.000         0.000


           BETA
              PSRXSES       PSRXDSES      M1CHADV       DSES          B1PAGE_M
              ________      ________      ________      ________      ________
 LIFESTRE       0.000         0.000         0.000         0.000         0.000
 LIFESTRE       0.000         0.000         0.000         0.000         0.000
 P4MAJORC       0.000         0.000         0.000         0.000         0.000
 P4MAJORC       0.000         0.000         0.000         0.000         0.000
 CURRENTS       0.000         0.000         0.000         0.000         0.000
 RISKYBEH       0.000         0.000         0.000         0.000         0.000
 CANONE         0.000         0.000         0.000         0.000         0.000
 CAFREQUE       0.000         0.000         0.000         0.000         0.000
 CAHEAVY        0.000         0.000         0.000         0.000         0.000
 PHYSACT        0.000         0.000         0.000         0.000         0.000
 PSR            0.000         0.000         0.000         0.000         0.000
 NEGAFF         0.000         0.000         0.000         0.000         0.000
 BI_INFL        0.000         0.000         0.000         0.000         0.000
 PSQI3          0.000         0.000         0.000         0.000         0.000
 OVERALLD       0.000         0.000         0.000         0.000         0.000
 PSRXSES        0.000         0.000         0.000         0.000         0.000
 PSRXDSES       0.000         0.000         0.000         0.000         0.000
 M1CHADV        0.000         0.000         0.000         0.000         0.000
 DSES           0.000         0.000         0.000         0.000         0.000
 B1PAGE_M       0.000         0.000         0.000         0.000         0.000
 SEX            0.000         0.000         0.000         0.000         0.000


           BETA
              SEX
              ________
 LIFESTRE       0.000
 LIFESTRE       0.000
 P4MAJORC       0.000
 P4MAJORC       0.000
 CURRENTS       0.000
 RISKYBEH       0.000
 CANONE         0.000
 CAFREQUE       0.000
 CAHEAVY        0.000
 PHYSACT        0.000
 PSR            0.000
 NEGAFF         0.000
 BI_INFL        0.000
 PSQI3          0.000
 OVERALLD       0.000
 PSRXSES        0.000
 PSRXDSES       0.000
 M1CHADV        0.000
 DSES           0.000
 B1PAGE_M       0.000
 SEX            0.000


           PSI
              LIFESTRE      LIFESTRE      P4MAJORC      P4MAJORC      CURRENTS
              ________      ________      ________      ________      ________
 LIFESTRE       0.000
 LIFESTRE       0.000         0.000
 P4MAJORC       0.000         0.000         0.000
 P4MAJORC       0.000         0.000         0.000         0.000
 CURRENTS       0.000         0.000         0.000         0.000         1.000
 RISKYBEH       0.000         0.000         0.000         0.000         0.000
 CANONE         0.000         0.000         0.000         0.000         0.000
 CAFREQUE       0.000         0.000         0.000         0.000         0.000
 CAHEAVY        0.000         0.000         0.000         0.000         0.000
 PHYSACT        0.000         0.000         0.000         0.000         0.000
 PSR            0.000         0.000         0.000         0.000         0.000
 NEGAFF         0.000         0.000         0.000         0.000         0.000
 BI_INFL        0.000         0.000         0.000         0.000         0.000
 PSQI3          0.000         0.000         0.000         0.000         0.000
 OVERALLD       0.000         0.000         0.000         0.000         0.000
 PSRXSES        0.000         0.000         0.000         0.000         0.000
 PSRXDSES       0.000         0.000         0.000         0.000         0.000
 M1CHADV        0.000         0.000         0.000         0.000         0.000
 DSES           0.000         0.000         0.000         0.000         0.000
 B1PAGE_M       0.000         0.000         0.000         0.000         0.000
 SEX            0.000         0.000         0.000         0.000         0.000


           PSI
              RISKYBEH      CANONE        CAFREQUE      CAHEAVY       PHYSACT
              ________      ________      ________      ________      ________
 RISKYBEH       1.000
 CANONE         0.000         1.000
 CAFREQUE       0.000         0.000         1.000
 CAHEAVY        0.000         0.000         0.000         1.000
 PHYSACT        0.000         0.000         0.000         0.000         1.000
 PSR            0.000         0.000         0.000         0.000         0.000
 NEGAFF         0.000         0.000         0.000         0.000         0.000
 BI_INFL        0.000         0.000         0.000         0.000         0.000
 PSQI3          0.000         0.000         0.000         0.000         0.000
 OVERALLD       0.000         0.000         0.000         0.000         0.000
 PSRXSES        0.000         0.000         0.000         0.000         0.000
 PSRXDSES       0.000         0.000         0.000         0.000         0.000
 M1CHADV        0.000         0.000         0.000         0.000         0.000
 DSES           0.000         0.000         0.000         0.000         0.000
 B1PAGE_M       0.000         0.000         0.000         0.000         0.000
 SEX            0.000         0.000         0.000         0.000         0.000


           PSI
              PSR           NEGAFF        BI_INFL       PSQI3         OVERALLD
              ________      ________      ________      ________      ________
 PSR            0.499
 NEGAFF         0.000         0.498
 BI_INFL        0.000         0.000         0.122
 PSQI3          0.000         0.000         0.000         4.821
 OVERALLD       0.000         0.000         0.000         0.000         0.243
 PSRXSES        0.000         0.000         0.000         0.000         0.000
 PSRXDSES       0.000         0.000         0.000         0.000         0.000
 M1CHADV        0.000         0.000         0.000         0.000         0.000
 DSES           0.000         0.000         0.000         0.000         0.000
 B1PAGE_M       0.000         0.000         0.000         0.000         0.000
 SEX            0.000         0.000         0.000         0.000         0.000


           PSI
              PSRXSES       PSRXDSES      M1CHADV       DSES          B1PAGE_M
              ________      ________      ________      ________      ________
 PSRXSES        0.525
 PSRXDSES       0.000         0.717
 M1CHADV        0.000         0.000         0.500
 DSES           0.000         0.000         0.000         0.768
 B1PAGE_M       0.000         0.000         0.000         0.000         0.685
 SEX            0.000         0.000         0.000         0.000         0.000


           PSI
              SEX
              ________
 SEX            0.123


     STARTING VALUES FOR THE ADDITIONAL PARAMETERS


           NEW/ADDITIONAL PARAMETERS
              IND1          TOT1          IND2
              ________      ________      ________
 1              0.500         0.500         0.500


     Beginning Time:  13:25:44
        Ending Time:  13:53:24
       Elapsed Time:  00:27:40



MUTHEN & MUTHEN
3463 Stoner Ave.
Los Angeles, CA  90066

Tel: (310) 391-9971
Fax: (310) 391-8971
Web: www.StatModel.com
Support: Support@StatModel.com

Copyright (c) 1998-2014 Muthen & Muthen
