Mplus VERSION 7.3
MUTHEN & MUTHEN
02/18/2015  10:12 PM

INPUT INSTRUCTIONS

  TITLE:
  PSR AL Model
  DATA:
  FILE = implist.dat;
  TYPE = IMPUTATION;
  LISTWISE=ON;

  VARIABLE:
  NAMES = M2ID Imputation MASTERY CONSTRAINT SELFESTEEM OPTIMISM PESSIMISM FAMILYSUPT
    FRIENDSUPT SPOUSESUPT PR SR bi_sym bi_hpa bi_card bi_gluc bi_lipid bi_infl
    bi_para F NegAff PosAff m2famnum b1page_m2 sex m1chadv m2aadv LifeStress
    Smoke PhysAct p4majorconditions p4minorconditions p4sumburden B4QCESD B4QMA_D
    B4QMA_A B4QMA_LI B4QMA_AA B4QMA_PA;

   MISSING=.;

  USEVARIABLES =
    m1chadv m2aadv PR SR LifeStress
    sex b1page_m2
    B4QMA_A PosAff
    F Smoke PhysAct
    p4majorconditions
    !SESxPR SESxSR
    dSESxPR
    !dSESxSR
    !StressxPR StressxSR;
    !SexxPR SexxSR
    ;

  IDVARIABLE = M2ID;
    CLUSTER = m2famnum;
    COUNT = LifeStress p4majorconditions;
    CATEGORICAL = Smoke PhysAct;
  DEFINE:
    !SESxPR = m1chadv * PR;
    !SESxSR = m1chadv * SR;
    dSESxPR = m2aadv * PR;
    !dSESxSR = m2aadv * SR;

    !StressxPR = LifeStress * PR;
    !StressxSR = LifeStress * SR;
    !SexxPR = Sex * PR;
    !SexxSR = Sex * SR;


  ANALYSIS:

    TYPE = COMPLEX;
    Estimator = MLR;
    PROCESSORS = 10;
    !ALGORITHM = INTEGRATION;
    !INTEGRATION = MONTECARLO (1000);

  MODEL:

    ! Step 1
      LifeStress ON
        sex b1page_m2 m1chadv m2aadv
        ;

      PR SR ON
        sex b1page_m2
        m1chadv m2aadv
        LifeStress;
      PR WITH SR*;

      ! Step 2
      PosAff ON
        sex b1page_m2 m1chadv m2aadv
        PR SR
        LifeStress
        !SESxPR SESxSR
        !dSESxPR dSESxSR
        !StressxPR (int0a)
        !StressxSR (int0b)
        !SexxPR SexxSR
        ;
      B4QMA_A ON
        sex b1page_m2 m1chadv
        m2aadv (nases)
        PR (napr)
        SR
        LifeStress
        !SESxPR SESxSR
        dSESxPR (nasxpr)
        !dSESxSR
        !StressxPR (int1a)
        !StressxSR (int1b)
        !SexxPR SexxSR
        ;
       PosAff WITH B4QMA_A*;

      ! Step 3
        F ON
        sex b1page_m2 m1chadv m2aadv
        PR SR
        LifeStress
        PosAff B4QMA_A
        !SESxPR SESxSR
        !dSESxPR dSESxSR
        !StressxPR (int2a)
        !StressxSR (int2b)
        !SexxPR SexxSR
        Smoke
        PhysAct (fphys);

        Smoke ON
        sex b1page_m2 m1chadv m2aadv
        PR SR
        LifeStress
        PosAff B4QMA_A
        !SESxPR SESxSR
        !dSESxPR dSESxSR
        !StressxPR (int3a)
        !StressxSR (int3b)
        !SexxPR SexxSR
        ;

        PhysAct ON
        sex b1page_m2 m1chadv m2aadv
        PR (physpr)
        SR
        LifeStress
        PosAff B4QMA_A
        !SESxPR SESxSR
        !dSESxPR dSESxSR
        !StressxPR (int4a)
        !StressxSR (int4b)
        !SexxPR SexxSR
        ;

        !PhysAct WITH Smoke*;

        ! Step 4

        p4majorconditions ON
        sex b1page_m2 m1chadv m2aadv
        PR SR
        LifeStress
        PosAff
        B4QMA_A (cna)
        !SESxPR SESxSR
        !dSESxPR dSESxSR
        !StressxPR (int5a)
        !StressxSR (int5b)
        !SexxPR SexxSR
        F Smoke PhysAct;

    MODEL CONSTRAINT:
      new(indf1 indc1l indc1m indc1h);
      indf1 = physpr * fphys;
      indc1l = (napr - 1.277168 * nasxpr) * cna;
      indc1m = (napr + 0 * nasxpr) * cna;
      indc1h = (napr + 1.277168 * nasxpr) * cna;


    !MODEL TEST:
      !int1a = 0;
      !int1b = 0;
      !int2a = 0;
      !int2b = 0;
      !int3a = 0;
      !int3b = 0;
      !int4a = 0;
      !int4b = 0;
      !int5a = 0;
      !int5b = 0;




*** WARNING in VARIABLE command
  Note that only the first 8 characters of variable names are used in the output.
  Shorten variable names to avoid any confusion.
   1 WARNING(S) FOUND IN THE INPUT INSTRUCTIONS




PSR AL Model

SUMMARY OF ANALYSIS

Number of groups                                                 1
Average number of observations                                1050

Number of replications
    Requested                                                   50
    Completed                                                   50

Number of dependent variables                                    9
Number of independent variables                                  5
Number of continuous latent variables                            0

Observed dependent variables

  Continuous
   PR          SR          B4QMA_A     POSAFF      F

  Binary and ordered categorical (ordinal)
   SMOKE       PHYSACT

  Count
   LIFESTRE    P4MAJORC

Observed independent variables
   M1CHADV     M2AADV      SEX         B1PAGE_M    DSESXPR

Variables with special functions

  Cluster variable      M2FAMNUM
  ID variable           M2ID

Estimator                                                      MLR
Information matrix                                        OBSERVED
Optimization Specifications for the Quasi-Newton Algorithm for
Continuous Outcomes
  Maximum number of iterations                                 100
  Convergence criterion                                  0.100D-05
Optimization Specifications for the EM Algorithm
  Maximum number of iterations                                 500
  Convergence criteria
    Loglikelihood change                                 0.100D-02
    Relative loglikelihood change                        0.100D-05
    Derivative                                           0.100D-02
Optimization Specifications for the M step of the EM Algorithm for
Categorical Latent variables
  Number of M step iterations                                    1
  M step convergence criterion                           0.100D-02
  Basis for M step termination                           ITERATION
Optimization Specifications for the M step of the EM Algorithm for
Censored, Binary or Ordered Categorical (Ordinal), Unordered
Categorical (Nominal) and Count Outcomes
  Number of M step iterations                                    1
  M step convergence criterion                           0.100D-02
  Basis for M step termination                           ITERATION
  Maximum value for logit thresholds                            15
  Minimum value for logit thresholds                           -15
  Minimum expected cell size for chi-square              0.100D-01
Optimization algorithm                                         EMA
Integration Specifications
  Type                                                    STANDARD
  Number of integration points                                  15
  Dimensions of numerical integration                            0
  Adaptive quadrature                                           ON
Link                                                         LOGIT
Cholesky                                                       OFF

Input data file(s)
  Multiple data files from
    implist.dat
Input data format  FREE


SUMMARY OF DATA FOR THE FIRST DATA SET

     Number of clusters         894



UNIVARIATE PROPORTIONS FOR CATEGORICAL VARIABLES

NOTE:  These are average results over 50 data sets.

    SMOKE
      Category 1    0.553
      Category 2    0.332
      Category 3    0.114
    PHYSACT
      Category 1    0.215
      Category 2    0.259
      Category 3    0.278
      Category 4    0.248


COUNT PROPORTION OF ZERO, MINIMUM AND MAXIMUM VALUES

      LIFESTRE    0.072         0        13
      P4MAJORC    0.411         0         6


SAMPLE STATISTICS

NOTE:  These are average results over 50 data sets.


     SAMPLE STATISTICS


           Means
              PR            SR            B4QMA_A       POSAFF        F
              ________      ________      ________      ________      ________
 1              0.108         0.063        16.594         0.035        -0.111


           Means
              M1CHADV       M2AADV        SEX           B1PAGE_M      DSESXPR
              ________      ________      ________      ________      ________
 1              0.000         0.000         0.548         0.023         0.242


           Covariances
              PR            SR            B4QMA_A       POSAFF        F
              ________      ________      ________      ________      ________
 PR             1.027
 SR             0.643         0.999
 B4QMA_A       -1.776        -1.159        20.715
 POSAFF         0.575         0.424        -1.876         0.960
 F             -0.044        -0.036         0.128        -0.082         0.907
 M1CHADV        0.079         0.096         0.094         0.013        -0.103
 M2AADV         0.242         0.118        -0.998         0.194        -0.025
 SEX           -0.006         0.027         0.287        -0.013        -0.031
 B1PAGE_M       0.187         0.147        -0.845         0.243         0.045
 DSESXPR       -0.033        -0.035         0.520        -0.049         0.065


           Covariances
              M1CHADV       M2AADV        SEX           B1PAGE_M      DSESXPR
              ________      ________      ________      ________      ________
 M1CHADV        0.999
 M2AADV        -0.815         1.630
 SEX           -0.011        -0.054         0.248
 B1PAGE_M      -0.170         0.271        -0.033         1.385
 DSESXPR       -0.064         0.059        -0.001         0.004         1.704


           Correlations
              PR            SR            B4QMA_A       POSAFF        F
              ________      ________      ________      ________      ________
 PR             1.000
 SR             0.635         1.000
 B4QMA_A       -0.385        -0.255         1.000
 POSAFF         0.579         0.433        -0.421         1.000
 F             -0.046        -0.038         0.029        -0.088         1.000
 M1CHADV        0.078         0.096         0.021         0.013        -0.108
 M2AADV         0.187         0.093        -0.172         0.155        -0.021
 SEX           -0.011         0.055         0.127        -0.027        -0.065
 B1PAGE_M       0.157         0.125        -0.158         0.211         0.040
 DSESXPR       -0.025        -0.027         0.088        -0.038         0.052


           Correlations
              M1CHADV       M2AADV        SEX           B1PAGE_M      DSESXPR
              ________      ________      ________      ________      ________
 M1CHADV        1.000
 M2AADV        -0.639         1.000
 SEX           -0.023        -0.085         1.000
 B1PAGE_M      -0.145         0.181        -0.056         1.000
 DSESXPR       -0.049         0.035        -0.002         0.002         1.000




MODEL FIT INFORMATION

Number of Free Parameters                       89

Loglikelihood

    H0 Value

        Mean                            -14149.461
        Std Dev                             40.392
        Number of successful computations       50

             Proportions                   Percentiles
        Expected    Observed         Expected       Observed
           0.990       0.980       -14243.424     -14257.402
           0.980       0.980       -14232.413     -14257.402
           0.950       0.960       -14215.901     -14230.004
           0.900       0.880       -14201.227     -14207.640
           0.800       0.780       -14183.455     -14194.922
           0.700       0.700       -14170.642     -14172.634
           0.500       0.580       -14149.461     -14141.272
           0.300       0.240       -14128.279     -14131.794
           0.200       0.200       -14115.467     -14119.834
           0.100       0.100       -14097.695     -14099.754
           0.050       0.060       -14083.020     -14096.688
           0.020       0.000       -14066.508     -14074.752
           0.010       0.000       -14055.497     -14074.752

Information Criteria

    Akaike (AIC)

        Mean                             28476.922
        Std Dev                             80.784
        Number of successful computations       50

             Proportions                   Percentiles
        Expected    Observed         Expected       Observed
           0.990       1.000        28288.995      28319.246
           0.980       1.000        28311.016      28319.246
           0.950       0.940        28344.041      28327.504
           0.900       0.900        28373.389      28371.375
           0.800       0.800        28408.934      28402.220
           0.700       0.760        28434.559      28440.895
           0.500       0.420        28476.922      28459.769
           0.300       0.300        28519.285      28512.805
           0.200       0.220        28544.909      28561.615
           0.100       0.120        28580.454      28581.243
           0.050       0.040        28609.803      28593.279
           0.020       0.020        28642.827      28638.008
           0.010       0.020        28664.848      28638.008

    Bayesian (BIC)

        Mean                             28918.054
        Std Dev                             80.784
        Number of successful computations       50

             Proportions                   Percentiles
        Expected    Observed         Expected       Observed
           0.990       1.000        28730.127      28760.378
           0.980       1.000        28752.149      28760.378
           0.950       0.940        28785.173      28768.637
           0.900       0.900        28814.522      28812.508
           0.800       0.800        28850.067      28843.353
           0.700       0.760        28875.691      28882.028
           0.500       0.420        28918.054      28900.901
           0.300       0.300        28960.417      28953.938
           0.200       0.220        28986.042      29002.747
           0.100       0.120        29021.586      29022.376
           0.050       0.040        29050.935      29034.412
           0.020       0.020        29083.959      29079.141
           0.010       0.020        29105.981      29079.141

    Sample-Size Adjusted BIC (n* = (n + 2) / 24)

        Mean                             28635.377
        Std Dev                             80.784
        Number of successful computations       50

             Proportions                   Percentiles
        Expected    Observed         Expected       Observed
           0.990       1.000        28447.450      28477.701
           0.980       1.000        28469.472      28477.701
           0.950       0.940        28502.496      28485.959
           0.900       0.900        28531.845      28529.830
           0.800       0.800        28567.389      28560.675
           0.700       0.760        28593.014      28599.350
           0.500       0.420        28635.377      28618.224
           0.300       0.300        28677.740      28671.260
           0.200       0.220        28703.364      28720.070
           0.100       0.120        28738.909      28739.698
           0.050       0.040        28768.258      28751.734
           0.020       0.020        28801.282      28796.463
           0.010       0.020        28823.304      28796.463



MODEL RESULTS

                                                    Two-Tailed   Rate of
                    Estimate       S.E.  Est./S.E.    P-Value    Missing

 LIFESTRESS ON
    SEX               -0.144      0.044     -3.263      0.001      0.000
    B1PAGE_M2          0.019      0.018      1.051      0.293      0.000
    M1CHADV           -0.318      0.026    -12.330      0.000      0.000
    M2AADV            -0.207      0.022     -9.419      0.000      0.000

 PR         ON
    SEX                0.061      0.067      0.920      0.357      0.119
    B1PAGE_M2          0.122      0.028      4.365      0.000      0.128
    M1CHADV            0.314      0.046      6.882      0.000      0.105
    M2AADV             0.283      0.034      8.288      0.000      0.158
    LIFESTRESS        -0.034      0.014     -2.484      0.013      0.085

 SR         ON
    SEX                0.155      0.074      2.093      0.036      0.315
    B1PAGE_M2          0.109      0.030      3.605      0.000      0.236
    M1CHADV            0.220      0.048      4.583      0.000      0.209
    M2AADV             0.163      0.037      4.369      0.000      0.257
    LIFESTRESS        -0.056      0.015     -3.685      0.000      0.241

 POSAFF     ON
    SEX               -0.049      0.056     -0.887      0.375      0.185
    B1PAGE_M2          0.098      0.023      4.232      0.000      0.136
    M1CHADV           -0.028      0.037     -0.771      0.441      0.176
    M2AADV             0.006      0.031      0.211      0.833      0.177
    PR                 0.471      0.040     11.646      0.000      0.392
    SR                 0.095      0.043      2.221      0.026      0.450
    LIFESTRESS        -0.031      0.012     -2.696      0.007      0.123

 B4QMA_A    ON
    SEX                1.115      0.264      4.225      0.000      0.018
    B1PAGE_M2         -0.335      0.104     -3.230      0.001      0.028
    M1CHADV            0.150      0.172      0.867      0.386      0.027
    M2AADV            -0.197      0.135     -1.460      0.144      0.040
    PR                -1.497      0.192     -7.808      0.000      0.276
    SR                -0.047      0.214     -0.219      0.826      0.376
    LIFESTRESS         0.237      0.065      3.647      0.000      0.017
    DSESXPR            0.231      0.114      2.021      0.043      0.092

 F          ON
    SEX               -0.160      0.088     -1.828      0.068      0.557
    B1PAGE_M2          0.020      0.037      0.534      0.594      0.547
    M1CHADV           -0.143      0.049     -2.897      0.004      0.281
    M2AADV            -0.088      0.038     -2.331      0.020      0.258
    PR                 0.057      0.056      1.028      0.304      0.446
    SR                 0.022      0.053      0.409      0.682      0.531
    LIFESTRESS         0.035      0.016      2.234      0.026      0.285
    POSAFF            -0.088      0.047     -1.896      0.058      0.366
    B4QMA_A           -0.001      0.008     -0.157      0.875      0.222
    SMOKE              0.067      0.048      1.374      0.170      0.186
    PHYSACT           -0.181      0.031     -5.866      0.000      0.289

 SMOKE      ON
    SEX               -0.380      0.133     -2.857      0.004      0.005
    B1PAGE_M2          0.083      0.054      1.545      0.122      0.006
    M1CHADV           -0.228      0.092     -2.484      0.013      0.010
    M2AADV            -0.162      0.073     -2.217      0.027      0.011
    PR                 0.151      0.100      1.506      0.132      0.247
    SR                 0.063      0.099      0.636      0.525      0.331
    LIFESTRESS         0.188      0.029      6.571      0.000      0.007
    POSAFF            -0.209      0.086     -2.440      0.015      0.169
    B4QMA_A            0.031      0.016      1.971      0.049      0.015

 PHYSACT    ON
    SEX               -0.247      0.119     -2.073      0.038      0.006
    B1PAGE_M2         -0.119      0.047     -2.534      0.011      0.005
    M1CHADV            0.145      0.084      1.733      0.083      0.013
    M2AADV             0.074      0.062      1.187      0.235      0.013
    PR                 0.227      0.094      2.405      0.016      0.177
    SR                -0.013      0.088     -0.144      0.885      0.257
    LIFESTRESS         0.002      0.026      0.078      0.938      0.005
    POSAFF             0.015      0.082      0.183      0.855      0.135
    B4QMA_A            0.016      0.016      0.994      0.320      0.012

 P4MAJORCON ON
    SEX                0.090      0.068      1.330      0.184      0.085
    B1PAGE_M2          0.330      0.028     11.798      0.000      0.071
    M1CHADV           -0.048      0.046     -1.053      0.293      0.044
    M2AADV            -0.067      0.037     -1.844      0.065      0.046
    PR                -0.011      0.055     -0.200      0.841      0.363
    SR                 0.023      0.052      0.441      0.659      0.428
    LIFESTRESS         0.022      0.014      1.487      0.137      0.037
    POSAFF            -0.011      0.047     -0.237      0.813      0.178
    B4QMA_A            0.014      0.007      2.065      0.039      0.041
    F                  0.255      0.037      6.883      0.000      0.239
    SMOKE             -0.009      0.049     -0.191      0.848      0.014
    PHYSACT           -0.085      0.029     -2.981      0.003      0.052

 PR       WITH
    SR                 0.544      0.042     12.843      0.000      0.423

 POSAFF   WITH
    B4QMA_A           -0.756      0.128     -5.886      0.000      0.143

 Intercepts
    PR                 0.186      0.073      2.547      0.011      0.119
    SR                 0.165      0.081      2.026      0.043      0.304
    B4QMA_A           15.304      0.310     49.418      0.000      0.019
    POSAFF             0.107      0.061      1.742      0.081      0.192
    F                  0.121      0.159      0.763      0.445      0.259
    LIFESTRESS         1.257      0.031     40.155      0.000      0.000
    P4MAJORCON        -0.297      0.128     -2.328      0.020      0.037

 Thresholds
    SMOKE$1            1.183      0.281      4.204      0.000      0.015
    SMOKE$2            3.171      0.307     10.336      0.000      0.013
    PHYSACT$1         -1.167      0.280     -4.163      0.000      0.009
    PHYSACT$2          0.051      0.277      0.185      0.853      0.010
    PHYSACT$3          1.292      0.281      4.599      0.000      0.011

 Residual Variances
    PR                 0.897      0.049     18.133      0.000      0.329
    SR                 0.910      0.052     17.463      0.000      0.431
    B4QMA_A           16.579      1.211     13.689      0.000      0.015
    POSAFF             0.610      0.040     15.261      0.000      0.268
    F                  0.818      0.051     16.082      0.000      0.530

New/Additional Parameters
    INDF1             -0.041      0.018     -2.243      0.025      0.175
    INDC1L            -0.026      0.013     -2.020      0.043      0.039
    INDC1M            -0.022      0.011     -2.025      0.043      0.042
    INDC1H            -0.017      0.009     -1.937      0.053      0.051


QUALITY OF NUMERICAL RESULTS

     Average Condition Number for the Information Matrix      0.204E-05
       (ratio of smallest to largest eigenvalue)


TECHNICAL 1 OUTPUT


     PARAMETER SPECIFICATION


           TAU
              SMOKE$1       SMOKE$2       PHYSACT$      PHYSACT$      PHYSACT$
              ________      ________      ________      ________      ________
 1                 85            86            87            88            89


           NU
              LIFESTRE      LIFESTRE      P4MAJORC      P4MAJORC      SMOKE
              ________      ________      ________      ________      ________
 1                  0             0             0             0             0


           NU
              PHYSACT       PR            SR            B4QMA_A       POSAFF
              ________      ________      ________      ________      ________
 1                  0             0             0             0             0


           NU
              F             M1CHADV       M2AADV        SEX           B1PAGE_M
              ________      ________      ________      ________      ________
 1                  0             0             0             0             0


           NU
              DSESXPR
              ________
 1                  0


           LAMBDA
              LIFESTRE      LIFESTRE      P4MAJORC      P4MAJORC      SMOKE
              ________      ________      ________      ________      ________
 LIFESTRE           0             0             0             0             0
 LIFESTRE           0             0             0             0             0
 P4MAJORC           0             0             0             0             0
 P4MAJORC           0             0             0             0             0
 SMOKE              0             0             0             0             0
 PHYSACT            0             0             0             0             0
 PR                 0             0             0             0             0
 SR                 0             0             0             0             0
 B4QMA_A            0             0             0             0             0
 POSAFF             0             0             0             0             0
 F                  0             0             0             0             0
 M1CHADV            0             0             0             0             0
 M2AADV             0             0             0             0             0
 SEX                0             0             0             0             0
 B1PAGE_M           0             0             0             0             0
 DSESXPR            0             0             0             0             0


           LAMBDA
              PHYSACT       PR            SR            B4QMA_A       POSAFF
              ________      ________      ________      ________      ________
 LIFESTRE           0             0             0             0             0
 LIFESTRE           0             0             0             0             0
 P4MAJORC           0             0             0             0             0
 P4MAJORC           0             0             0             0             0
 SMOKE              0             0             0             0             0
 PHYSACT            0             0             0             0             0
 PR                 0             0             0             0             0
 SR                 0             0             0             0             0
 B4QMA_A            0             0             0             0             0
 POSAFF             0             0             0             0             0
 F                  0             0             0             0             0
 M1CHADV            0             0             0             0             0
 M2AADV             0             0             0             0             0
 SEX                0             0             0             0             0
 B1PAGE_M           0             0             0             0             0
 DSESXPR            0             0             0             0             0


           LAMBDA
              F             M1CHADV       M2AADV        SEX           B1PAGE_M
              ________      ________      ________      ________      ________
 LIFESTRE           0             0             0             0             0
 LIFESTRE           0             0             0             0             0
 P4MAJORC           0             0             0             0             0
 P4MAJORC           0             0             0             0             0
 SMOKE              0             0             0             0             0
 PHYSACT            0             0             0             0             0
 PR                 0             0             0             0             0
 SR                 0             0             0             0             0
 B4QMA_A            0             0             0             0             0
 POSAFF             0             0             0             0             0
 F                  0             0             0             0             0
 M1CHADV            0             0             0             0             0
 M2AADV             0             0             0             0             0
 SEX                0             0             0             0             0
 B1PAGE_M           0             0             0             0             0
 DSESXPR            0             0             0             0             0


           LAMBDA
              DSESXPR
              ________
 LIFESTRE           0
 LIFESTRE           0
 P4MAJORC           0
 P4MAJORC           0
 SMOKE              0
 PHYSACT            0
 PR                 0
 SR                 0
 B4QMA_A            0
 POSAFF             0
 F                  0
 M1CHADV            0
 M2AADV             0
 SEX                0
 B1PAGE_M           0
 DSESXPR            0


           THETA
              LIFESTRE      LIFESTRE      P4MAJORC      P4MAJORC      SMOKE
              ________      ________      ________      ________      ________
 LIFESTRE           0
 LIFESTRE           0             0
 P4MAJORC           0             0             0
 P4MAJORC           0             0             0             0
 SMOKE              0             0             0             0             0
 PHYSACT            0             0             0             0             0
 PR                 0             0             0             0             0
 SR                 0             0             0             0             0
 B4QMA_A            0             0             0             0             0
 POSAFF             0             0             0             0             0
 F                  0             0             0             0             0
 M1CHADV            0             0             0             0             0
 M2AADV             0             0             0             0             0
 SEX                0             0             0             0             0
 B1PAGE_M           0             0             0             0             0
 DSESXPR            0             0             0             0             0


           THETA
              PHYSACT       PR            SR            B4QMA_A       POSAFF
              ________      ________      ________      ________      ________
 PHYSACT            0
 PR                 0             0
 SR                 0             0             0
 B4QMA_A            0             0             0             0
 POSAFF             0             0             0             0             0
 F                  0             0             0             0             0
 M1CHADV            0             0             0             0             0
 M2AADV             0             0             0             0             0
 SEX                0             0             0             0             0
 B1PAGE_M           0             0             0             0             0
 DSESXPR            0             0             0             0             0


           THETA
              F             M1CHADV       M2AADV        SEX           B1PAGE_M
              ________      ________      ________      ________      ________
 F                  0
 M1CHADV            0             0
 M2AADV             0             0             0
 SEX                0             0             0             0
 B1PAGE_M           0             0             0             0             0
 DSESXPR            0             0             0             0             0


           THETA
              DSESXPR
              ________
 DSESXPR            0


           ALPHA
              LIFESTRE      LIFESTRE      P4MAJORC      P4MAJORC      SMOKE
              ________      ________      ________      ________      ________
 1                  0             1             0             2             0


           ALPHA
              PHYSACT       PR            SR            B4QMA_A       POSAFF
              ________      ________      ________      ________      ________
 1                  0             3             4             5             6


           ALPHA
              F             M1CHADV       M2AADV        SEX           B1PAGE_M
              ________      ________      ________      ________      ________
 1                  7             0             0             0             0


           ALPHA
              DSESXPR
              ________
 1                  0


           BETA
              LIFESTRE      LIFESTRE      P4MAJORC      P4MAJORC      SMOKE
              ________      ________      ________      ________      ________
 LIFESTRE           0             0             0             0             0
 LIFESTRE           0             0             0             0             0
 P4MAJORC           0             0             0             0             0
 P4MAJORC           0            12             0             0            13
 SMOKE              0            24             0             0             0
 PHYSACT            0            33             0             0             0
 PR                 0            42             0             0             0
 SR                 0            47             0             0             0
 B4QMA_A            0            52             0             0             0
 POSAFF             0            60             0             0             0
 F                  0            67             0             0            68
 M1CHADV            0             0             0             0             0
 M2AADV             0             0             0             0             0
 SEX                0             0             0             0             0
 B1PAGE_M           0             0             0             0             0
 DSESXPR            0             0             0             0             0


           BETA
              PHYSACT       PR            SR            B4QMA_A       POSAFF
              ________      ________      ________      ________      ________
 LIFESTRE           0             0             0             0             0
 LIFESTRE           0             0             0             0             0
 P4MAJORC           0             0             0             0             0
 P4MAJORC          14            15            16            17            18
 SMOKE              0            25            26            27            28
 PHYSACT            0            34            35            36            37
 PR                 0             0             0             0             0
 SR                 0             0             0             0             0
 B4QMA_A            0            53            54             0             0
 POSAFF             0            61            62             0             0
 F                 69            70            71            72            73
 M1CHADV            0             0             0             0             0
 M2AADV             0             0             0             0             0
 SEX                0             0             0             0             0
 B1PAGE_M           0             0             0             0             0
 DSESXPR            0             0             0             0             0


           BETA
              F             M1CHADV       M2AADV        SEX           B1PAGE_M
              ________      ________      ________      ________      ________
 LIFESTRE           0             0             0             0             0
 LIFESTRE           0             8             9            10            11
 P4MAJORC           0             0             0             0             0
 P4MAJORC          19            20            21            22            23
 SMOKE              0            29            30            31            32
 PHYSACT            0            38            39            40            41
 PR                 0            43            44            45            46
 SR                 0            48            49            50            51
 B4QMA_A            0            55            56            57            58
 POSAFF             0            63            64            65            66
 F                  0            74            75            76            77
 M1CHADV            0             0             0             0             0
 M2AADV             0             0             0             0             0
 SEX                0             0             0             0             0
 B1PAGE_M           0             0             0             0             0
 DSESXPR            0             0             0             0             0


           BETA
              DSESXPR
              ________
 LIFESTRE           0
 LIFESTRE           0
 P4MAJORC           0
 P4MAJORC           0
 SMOKE              0
 PHYSACT            0
 PR                 0
 SR                 0
 B4QMA_A           59
 POSAFF             0
 F                  0
 M1CHADV            0
 M2AADV             0
 SEX                0
 B1PAGE_M           0
 DSESXPR            0


           PSI
              LIFESTRE      LIFESTRE      P4MAJORC      P4MAJORC      SMOKE
              ________      ________      ________      ________      ________
 LIFESTRE           0
 LIFESTRE           0             0
 P4MAJORC           0             0             0
 P4MAJORC           0             0             0             0
 SMOKE              0             0             0             0             0
 PHYSACT            0             0             0             0             0
 PR                 0             0             0             0             0
 SR                 0             0             0             0             0
 B4QMA_A            0             0             0             0             0
 POSAFF             0             0             0             0             0
 F                  0             0             0             0             0
 M1CHADV            0             0             0             0             0
 M2AADV             0             0             0             0             0
 SEX                0             0             0             0             0
 B1PAGE_M           0             0             0             0             0
 DSESXPR            0             0             0             0             0


           PSI
              PHYSACT       PR            SR            B4QMA_A       POSAFF
              ________      ________      ________      ________      ________
 PHYSACT            0
 PR                 0            78
 SR                 0            79            80
 B4QMA_A            0             0             0            81
 POSAFF             0             0             0            82            83
 F                  0             0             0             0             0
 M1CHADV            0             0             0             0             0
 M2AADV             0             0             0             0             0
 SEX                0             0             0             0             0
 B1PAGE_M           0             0             0             0             0
 DSESXPR            0             0             0             0             0


           PSI
              F             M1CHADV       M2AADV        SEX           B1PAGE_M
              ________      ________      ________      ________      ________
 F                 84
 M1CHADV            0             0
 M2AADV             0             0             0
 SEX                0             0             0             0
 B1PAGE_M           0             0             0             0             0
 DSESXPR            0             0             0             0             0


           PSI
              DSESXPR
              ________
 DSESXPR            0


     PARAMETER SPECIFICATION FOR THE ADDITIONAL PARAMETERS


           NEW/ADDITIONAL PARAMETERS
              INDF1         INDC1L        INDC1M        INDC1H
              ________      ________      ________      ________
 1                 90            91            92            93


     STARTING VALUES


           TAU
              SMOKE$1       SMOKE$2       PHYSACT$      PHYSACT$      PHYSACT$
              ________      ________      ________      ________      ________
 1              0.214         2.048        -1.294        -0.103         1.111


           NU
              LIFESTRE      LIFESTRE      P4MAJORC      P4MAJORC      SMOKE
              ________      ________      ________      ________      ________
 1              0.000         0.000         0.000         0.000         0.000


           NU
              PHYSACT       PR            SR            B4QMA_A       POSAFF
              ________      ________      ________      ________      ________
 1              0.000         0.000         0.000         0.000         0.000


           NU
              F             M1CHADV       M2AADV        SEX           B1PAGE_M
              ________      ________      ________      ________      ________
 1              0.000         0.000         0.000         0.000         0.000


           NU
              DSESXPR
              ________
 1              0.000


           LAMBDA
              LIFESTRE      LIFESTRE      P4MAJORC      P4MAJORC      SMOKE
              ________      ________      ________      ________      ________
 LIFESTRE       1.000         0.000         0.000         0.000         0.000
 LIFESTRE       0.000         1.000         0.000         0.000         0.000
 P4MAJORC       0.000         0.000         1.000         0.000         0.000
 P4MAJORC       0.000         0.000         0.000         1.000         0.000
 SMOKE          0.000         0.000         0.000         0.000         1.000
 PHYSACT        0.000         0.000         0.000         0.000         0.000
 PR             0.000         0.000         0.000         0.000         0.000
 SR             0.000         0.000         0.000         0.000         0.000
 B4QMA_A        0.000         0.000         0.000         0.000         0.000
 POSAFF         0.000         0.000         0.000         0.000         0.000
 F              0.000         0.000         0.000         0.000         0.000
 M1CHADV        0.000         0.000         0.000         0.000         0.000
 M2AADV         0.000         0.000         0.000         0.000         0.000
 SEX            0.000         0.000         0.000         0.000         0.000
 B1PAGE_M       0.000         0.000         0.000         0.000         0.000
 DSESXPR        0.000         0.000         0.000         0.000         0.000


           LAMBDA
              PHYSACT       PR            SR            B4QMA_A       POSAFF
              ________      ________      ________      ________      ________
 LIFESTRE       0.000         0.000         0.000         0.000         0.000
 LIFESTRE       0.000         0.000         0.000         0.000         0.000
 P4MAJORC       0.000         0.000         0.000         0.000         0.000
 P4MAJORC       0.000         0.000         0.000         0.000         0.000
 SMOKE          0.000         0.000         0.000         0.000         0.000
 PHYSACT        1.000         0.000         0.000         0.000         0.000
 PR             0.000         1.000         0.000         0.000         0.000
 SR             0.000         0.000         1.000         0.000         0.000
 B4QMA_A        0.000         0.000         0.000         1.000         0.000
 POSAFF         0.000         0.000         0.000         0.000         1.000
 F              0.000         0.000         0.000         0.000         0.000
 M1CHADV        0.000         0.000         0.000         0.000         0.000
 M2AADV         0.000         0.000         0.000         0.000         0.000
 SEX            0.000         0.000         0.000         0.000         0.000
 B1PAGE_M       0.000         0.000         0.000         0.000         0.000
 DSESXPR        0.000         0.000         0.000         0.000         0.000


           LAMBDA
              F             M1CHADV       M2AADV        SEX           B1PAGE_M
              ________      ________      ________      ________      ________
 LIFESTRE       0.000         0.000         0.000         0.000         0.000
 LIFESTRE       0.000         0.000         0.000         0.000         0.000
 P4MAJORC       0.000         0.000         0.000         0.000         0.000
 P4MAJORC       0.000         0.000         0.000         0.000         0.000
 SMOKE          0.000         0.000         0.000         0.000         0.000
 PHYSACT        0.000         0.000         0.000         0.000         0.000
 PR             0.000         0.000         0.000         0.000         0.000
 SR             0.000         0.000         0.000         0.000         0.000
 B4QMA_A        0.000         0.000         0.000         0.000         0.000
 POSAFF         0.000         0.000         0.000         0.000         0.000
 F              1.000         0.000         0.000         0.000         0.000
 M1CHADV        0.000         1.000         0.000         0.000         0.000
 M2AADV         0.000         0.000         1.000         0.000         0.000
 SEX            0.000         0.000         0.000         1.000         0.000
 B1PAGE_M       0.000         0.000         0.000         0.000         1.000
 DSESXPR        0.000         0.000         0.000         0.000         0.000


           LAMBDA
              DSESXPR
              ________
 LIFESTRE       0.000
 LIFESTRE       0.000
 P4MAJORC       0.000
 P4MAJORC       0.000
 SMOKE          0.000
 PHYSACT        0.000
 PR             0.000
 SR             0.000
 B4QMA_A        0.000
 POSAFF         0.000
 F              0.000
 M1CHADV        0.000
 M2AADV         0.000
 SEX            0.000
 B1PAGE_M       0.000
 DSESXPR        1.000


           THETA
              LIFESTRE      LIFESTRE      P4MAJORC      P4MAJORC      SMOKE
              ________      ________      ________      ________      ________
 LIFESTRE       0.000
 LIFESTRE       0.000         0.000
 P4MAJORC       0.000         0.000         0.000
 P4MAJORC       0.000         0.000         0.000         0.000
 SMOKE          0.000         0.000         0.000         0.000         0.000
 PHYSACT        0.000         0.000         0.000         0.000         0.000
 PR             0.000         0.000         0.000         0.000         0.000
 SR             0.000         0.000         0.000         0.000         0.000
 B4QMA_A        0.000         0.000         0.000         0.000         0.000
 POSAFF         0.000         0.000         0.000         0.000         0.000
 F              0.000         0.000         0.000         0.000         0.000
 M1CHADV        0.000         0.000         0.000         0.000         0.000
 M2AADV         0.000         0.000         0.000         0.000         0.000
 SEX            0.000         0.000         0.000         0.000         0.000
 B1PAGE_M       0.000         0.000         0.000         0.000         0.000
 DSESXPR        0.000         0.000         0.000         0.000         0.000


           THETA
              PHYSACT       PR            SR            B4QMA_A       POSAFF
              ________      ________      ________      ________      ________
 PHYSACT        0.000
 PR             0.000         0.000
 SR             0.000         0.000         0.000
 B4QMA_A        0.000         0.000         0.000         0.000
 POSAFF         0.000         0.000         0.000         0.000         0.000
 F              0.000         0.000         0.000         0.000         0.000
 M1CHADV        0.000         0.000         0.000         0.000         0.000
 M2AADV         0.000         0.000         0.000         0.000         0.000
 SEX            0.000         0.000         0.000         0.000         0.000
 B1PAGE_M       0.000         0.000         0.000         0.000         0.000
 DSESXPR        0.000         0.000         0.000         0.000         0.000


           THETA
              F             M1CHADV       M2AADV        SEX           B1PAGE_M
              ________      ________      ________      ________      ________
 F              0.000
 M1CHADV        0.000         0.000
 M2AADV         0.000         0.000         0.000
 SEX            0.000         0.000         0.000         0.000
 B1PAGE_M       0.000         0.000         0.000         0.000         0.000
 DSESXPR        0.000         0.000         0.000         0.000         0.000


           THETA
              DSESXPR
              ________
 DSESXPR        0.000


           ALPHA
              LIFESTRE      LIFESTRE      P4MAJORC      P4MAJORC      SMOKE
              ________      ________      ________      ________      ________
 1            -20.000         1.416       -20.000         0.256         0.000


           ALPHA
              PHYSACT       PR            SR            B4QMA_A       POSAFF
              ________      ________      ________      ________      ________
 1              0.000         0.075         0.016        16.594         0.043


           ALPHA
              F             M1CHADV       M2AADV        SEX           B1PAGE_M
              ________      ________      ________      ________      ________
 1             -0.109         0.000         0.000         0.000         0.000


           ALPHA
              DSESXPR
              ________
 1              0.000


           BETA
              LIFESTRE      LIFESTRE      P4MAJORC      P4MAJORC      SMOKE
              ________      ________      ________      ________      ________
 LIFESTRE       0.000         0.000         0.000         0.000         0.000
 LIFESTRE       0.000         0.000         0.000         0.000         0.000
 P4MAJORC       0.000         0.000         0.000         0.000         0.000
 P4MAJORC       0.000         0.000         0.000         0.000         0.000
 SMOKE          0.000         0.000         0.000         0.000         0.000
 PHYSACT        0.000         0.000         0.000         0.000         0.000
 PR             0.000         0.000         0.000         0.000         0.000
 SR             0.000         0.000         0.000         0.000         0.000
 B4QMA_A        0.000         0.000         0.000         0.000         0.000
 POSAFF         0.000         0.000         0.000         0.000         0.000
 F              0.000         0.000         0.000         0.000         0.000
 M1CHADV        0.000         0.000         0.000         0.000         0.000
 M2AADV         0.000         0.000         0.000         0.000         0.000
 SEX            0.000         0.000         0.000         0.000         0.000
 B1PAGE_M       0.000         0.000         0.000         0.000         0.000
 DSESXPR        0.000         0.000         0.000         0.000         0.000


           BETA
              PHYSACT       PR            SR            B4QMA_A       POSAFF
              ________      ________      ________      ________      ________
 LIFESTRE       0.000         0.000         0.000         0.000         0.000
 LIFESTRE       0.000         0.000         0.000         0.000         0.000
 P4MAJORC       0.000         0.000         0.000         0.000         0.000
 P4MAJORC       0.000         0.000         0.000         0.000         0.000
 SMOKE          0.000         0.000         0.000         0.000         0.000
 PHYSACT        0.000         0.000         0.000         0.000         0.000
 PR             0.000         0.000         0.000         0.000         0.000
 SR             0.000         0.000         0.000         0.000         0.000
 B4QMA_A        0.000         0.000         0.000         0.000         0.000
 POSAFF         0.000         0.000         0.000         0.000         0.000
 F              0.000         0.000         0.000         0.000         0.000
 M1CHADV        0.000         0.000         0.000         0.000         0.000
 M2AADV         0.000         0.000         0.000         0.000         0.000
 SEX            0.000         0.000         0.000         0.000         0.000
 B1PAGE_M       0.000         0.000         0.000         0.000         0.000
 DSESXPR        0.000         0.000         0.000         0.000         0.000


           BETA
              F             M1CHADV       M2AADV        SEX           B1PAGE_M
              ________      ________      ________      ________      ________
 LIFESTRE       0.000         0.000         0.000         0.000         0.000
 LIFESTRE       0.000         0.000         0.000         0.000         0.000
 P4MAJORC       0.000         0.000         0.000         0.000         0.000
 P4MAJORC       0.000         0.000         0.000         0.000         0.000
 SMOKE          0.000         0.000         0.000         0.000         0.000
 PHYSACT        0.000         0.000         0.000         0.000         0.000
 PR             0.000         0.000         0.000         0.000         0.000
 SR             0.000         0.000         0.000         0.000         0.000
 B4QMA_A        0.000         0.000         0.000         0.000         0.000
 POSAFF         0.000         0.000         0.000         0.000         0.000
 F              0.000         0.000         0.000         0.000         0.000
 M1CHADV        0.000         0.000         0.000         0.000         0.000
 M2AADV         0.000         0.000         0.000         0.000         0.000
 SEX            0.000         0.000         0.000         0.000         0.000
 B1PAGE_M       0.000         0.000         0.000         0.000         0.000
 DSESXPR        0.000         0.000         0.000         0.000         0.000


           BETA
              DSESXPR
              ________
 LIFESTRE       0.000
 LIFESTRE       0.000
 P4MAJORC       0.000
 P4MAJORC       0.000
 SMOKE          0.000
 PHYSACT        0.000
 PR             0.000
 SR             0.000
 B4QMA_A        0.000
 POSAFF         0.000
 F              0.000
 M1CHADV        0.000
 M2AADV         0.000
 SEX            0.000
 B1PAGE_M       0.000
 DSESXPR        0.000


           PSI
              LIFESTRE      LIFESTRE      P4MAJORC      P4MAJORC      SMOKE
              ________      ________      ________      ________      ________
 LIFESTRE       0.000
 LIFESTRE       0.000         0.000
 P4MAJORC       0.000         0.000         0.000
 P4MAJORC       0.000         0.000         0.000         0.000
 SMOKE          0.000         0.000         0.000         0.000         1.000
 PHYSACT        0.000         0.000         0.000         0.000         0.000
 PR             0.000         0.000         0.000         0.000         0.000
 SR             0.000         0.000         0.000         0.000         0.000
 B4QMA_A        0.000         0.000         0.000         0.000         0.000
 POSAFF         0.000         0.000         0.000         0.000         0.000
 F              0.000         0.000         0.000         0.000         0.000
 M1CHADV        0.000         0.000         0.000         0.000         0.000
 M2AADV         0.000         0.000         0.000         0.000         0.000
 SEX            0.000         0.000         0.000         0.000         0.000
 B1PAGE_M       0.000         0.000         0.000         0.000         0.000
 DSESXPR        0.000         0.000         0.000         0.000         0.000


           PSI
              PHYSACT       PR            SR            B4QMA_A       POSAFF
              ________      ________      ________      ________      ________
 PHYSACT        1.000
 PR             0.000         0.516
 SR             0.000         0.000         0.503
 B4QMA_A        0.000         0.000         0.000        10.357
 POSAFF         0.000         0.000         0.000         0.000         0.500
 F              0.000         0.000         0.000         0.000         0.000
 M1CHADV        0.000         0.000         0.000         0.000         0.000
 M2AADV         0.000         0.000         0.000         0.000         0.000
 SEX            0.000         0.000         0.000         0.000         0.000
 B1PAGE_M       0.000         0.000         0.000         0.000         0.000
 DSESXPR        0.000         0.000         0.000         0.000         0.000


           PSI
              F             M1CHADV       M2AADV        SEX           B1PAGE_M
              ________      ________      ________      ________      ________
 F              0.477
 M1CHADV        0.000         0.500
 M2AADV         0.000         0.000         0.815
 SEX            0.000         0.000         0.000         0.124
 B1PAGE_M       0.000         0.000         0.000         0.000         0.692
 DSESXPR        0.000         0.000         0.000         0.000         0.000


           PSI
              DSESXPR
              ________
 DSESXPR        0.912


     STARTING VALUES FOR THE ADDITIONAL PARAMETERS


           NEW/ADDITIONAL PARAMETERS
              INDF1         INDC1L        INDC1M        INDC1H
              ________      ________      ________      ________
 1              0.500         0.500         0.500         0.500


DIAGRAM INFORMATION

  Use View Diagram under the Diagram menu in the Mplus Editor to view the diagram.
  If running Mplus from the Mplus Diagrammer, the diagram opens automatically.

  Diagram output
    c:\users\joshua\documents\research\midus\jw-midus-al\psr_al_final_imputed\psr_al_final_cesd.dgm

     Beginning Time:  22:12:50
        Ending Time:  22:12:58
       Elapsed Time:  00:00:08



MUTHEN & MUTHEN
3463 Stoner Ave.
Los Angeles, CA  90066

Tel: (310) 391-9971
Fax: (310) 391-8971
Web: www.StatModel.com
Support: Support@StatModel.com

Copyright (c) 1998-2014 Muthen & Muthen
