Mplus VERSION 7.3
MUTHEN & MUTHEN
04/29/2015   4:31 AM

INPUT INSTRUCTIONS

  TITLE:
   BiFactor Model of biomarkers;
  DATA:
  FILE = "factor_allcov_clustering_BiFac.dat";

  VARIABLE:
  NAMES = Radj_epi Radj_nor avgb_sd avgb_rm avgb_lf avgb_hf Rb4p1d Radj_crt b4bdheas
       Rb4bcrp b4bil6 b4bfgn b4bsicam b4bsesel pulpress Rb4p1gs b4bha1c Rb4bgluc
       p4homair b4bldl b4bhdl Rb4btrig Rb4pwhr m2famnum m2id b1pgender b1page_m2
       Agecat MedGroup white p4majorconditions p4minorconditions p4sumburden b3tem
       exec_fxn compression bending impact reg_izallo GNNregAL RXNNregAL;
   MISSING=.;

    usevariables = avgb_sd avgb_rm avgb_lf
      avgb_hf Rb4bcrp
      b4bil6 b4bfgn b4bsicam b4bsesel Rb4p1d
      b4bha1c Rb4bgluc
      p4homair b4bldl b4bhdl Rb4btrig Rb4pwhr
      b1pgender b1page_m2;
     AUXILIARY = Radj_epi Radj_nor Radj_crt b4bdheas pulpress Rb4p1gs (m);
      CLUSTER = m2famnum;
      idvariable = m2id;

  ANALYSIS:

      TYPE = COMPLEX;
      ESTIMATOR = MLR;
      PROCESSORS = 4;
  MODEL:

      avgb_sd avgb_rm avgb_hf avgb_lf ON b1pgender b1page_m2;
      Rb4p1d ON b1pgender b1page_m2;
      Rb4bcrp b4bil6 b4bfgn b4bsicam b4bsesel ON b1pgender b1page_m2;
      !Rb4p1gs pulpress ON b1pgender b1page_m2;
      Rb4bgluc p4homair b4bha1c ON b1pgender b1page_m2;
      Rb4pwhr Rb4btrig b4bhdl b4bldl ON b1pgender b1page_m2;


      !card BY Rb4p1gs@1 pulpress@1;
      gluc BY Rb4bgluc@1 p4homair*1 b4bha1c*1;
      lipid BY Rb4pwhr@1 Rb4btrig*.65 b4bhdl*-1 b4bldl*1 p4homair*1;
      infl BY Rb4bcrp@1 b4bil6*1 b4bfgn*.9 b4bsicam*.25 b4bsesel*.5;
      para BY avgb_sd@-1 avgb_rm*-1 avgb_hf*-1 avgb_lf*-1 Rb4p1d*1;
      avgb_sd@0;
      avgb_rm WITH avgb_hf*;

      AL BY avgb_sd*-1 avgb_rm*-1 avgb_lf*-1
      avgb_hf*-1 Rb4bcrp*1
      b4bil6*1 b4bfgn*1 b4bsicam*1 b4bsesel*1 Rb4p1d*1
      b4bha1c*1 Rb4bgluc*1
      p4homair*1 b4bldl*-1 b4bhdl*1 Rb4btrig*1 Rb4pwhr*1;
      AL@1;
      AL WITH para@0 infl@0 gluc@0 lipid@0;
      Rb4bgluc@0;
  OUTPUT:

      STDYX;
      CINTERVAL;



*** WARNING in VARIABLE command
  Note that only the first 8 characters of variable names are used in the output.
  Shorten variable names to avoid any confusion.
*** WARNING
  Data set contains cases with missing on all variables except
  x-variables.  These cases were not included in the analysis.
  Number of cases with missing on all variables except x-variables:  1
   2 WARNING(S) FOUND IN THE INPUT INSTRUCTIONS




BiFactor Model of biomarkers;

SUMMARY OF ANALYSIS

Number of groups                                                 1
Number of observations                                        1254

Number of dependent variables                                   17
Number of independent variables                                  2
Number of continuous latent variables                            5

Observed dependent variables

  Continuous
   AVGB_SD     AVGB_RM     AVGB_LF     AVGB_HF     RB4BCRP     B4BIL6
   B4BFGN      B4BSICAM    B4BSESEL    RB4P1D      B4BHA1C     RB4BGLUC
   P4HOMAIR    B4BLDL      B4BHDL      RB4BTRIG    RB4PWHR

Observed independent variables
   B1PGENDE    B1PAGE_M

Observed auxiliary variables
   RB4P1GS
   RADJ_EPI    RADJ_NOR    RADJ_CRT    B4BDHEAS    PULPRESS

Continuous latent variables
   GLUC        LIPID       INFL        PARA        AL

Variables with special functions

  Cluster variable      M2FAMNUM
  ID variable           M2ID

Estimator                                                      MLR
Information matrix                                        OBSERVED
Maximum number of iterations                                  1000
Convergence criterion                                    0.500D-04
Maximum number of steepest descent iterations                   20
Maximum number of iterations for H1                           2000
Convergence criterion for H1                             0.100D-03

Input data file(s)
  factor_allcov_clustering_BiFac.dat

Input data format  FREE


SUMMARY OF DATA

     Number of missing data patterns            19
     Number of clusters        1097



COVARIANCE COVERAGE OF DATA

Minimum covariance coverage value   0.100


     PROPORTION OF DATA PRESENT


           Covariance Coverage
              AVGB_SD       AVGB_RM       AVGB_LF       AVGB_HF       RB4BCRP
              ________      ________      ________      ________      ________
 AVGB_SD        0.919
 AVGB_RM        0.919         0.919
 AVGB_LF        0.919         0.919         0.919
 AVGB_HF        0.919         0.919         0.919         0.919
 RB4BCRP        0.907         0.907         0.907         0.907         0.983
 B4BIL6         0.913         0.913         0.913         0.913         0.982
 B4BFGN         0.907         0.907         0.907         0.907         0.983
 B4BSICAM       0.912         0.912         0.912         0.912         0.982
 B4BSESEL       0.912         0.912         0.912         0.912         0.982
 RB4P1D         0.919         0.919         0.919         0.919         0.983
 B4BHA1C        0.907         0.907         0.907         0.907         0.979
 RB4BGLUC       0.907         0.907         0.907         0.907         0.977
 P4HOMAIR       0.906         0.906         0.906         0.906         0.975
 B4BLDL         0.912         0.912         0.912         0.912         0.982
 B4BHDL         0.912         0.912         0.912         0.912         0.982
 RB4BTRIG       0.912         0.912         0.912         0.912         0.982
 RB4PWHR        0.919         0.919         0.919         0.919         0.982
 B1PGENDE       0.919         0.919         0.919         0.919         0.983
 B1PAGE_M       0.919         0.919         0.919         0.919         0.983


           Covariance Coverage
              B4BIL6        B4BFGN        B4BSICAM      B4BSESEL      RB4P1D
              ________      ________      ________      ________      ________
 B4BIL6         0.991
 B4BFGN         0.984         0.985
 B4BSICAM       0.990         0.983         0.990
 B4BSESEL       0.990         0.983         0.990         0.990
 RB4P1D         0.990         0.985         0.990         0.990         0.999
 B4BHA1C        0.984         0.981         0.984         0.984         0.984
 RB4BGLUC       0.985         0.978         0.985         0.985         0.984
 P4HOMAIR       0.983         0.977         0.983         0.983         0.982
 B4BLDL         0.990         0.983         0.989         0.989         0.990
 B4BHDL         0.990         0.983         0.989         0.989         0.990
 RB4BTRIG       0.990         0.983         0.989         0.989         0.990
 RB4PWHR        0.990         0.984         0.990         0.990         0.998
 B1PGENDE       0.991         0.985         0.990         0.990         0.999
 B1PAGE_M       0.991         0.985         0.990         0.990         0.999


           Covariance Coverage
              B4BHA1C       RB4BGLUC      P4HOMAIR      B4BLDL        B4BHDL
              ________      ________      ________      ________      ________
 B4BHA1C        0.985
 RB4BGLUC       0.978         0.985
 P4HOMAIR       0.977         0.983         0.983
 B4BLDL         0.983         0.983         0.982         0.990
 B4BHDL         0.983         0.983         0.982         0.990         0.990
 RB4BTRIG       0.983         0.983         0.982         0.990         0.990
 RB4PWHR        0.984         0.984         0.982         0.990         0.990
 B1PGENDE       0.985         0.985         0.983         0.990         0.990
 B1PAGE_M       0.985         0.985         0.983         0.990         0.990


           Covariance Coverage
              RB4BTRIG      RB4PWHR       B1PGENDE      B1PAGE_M
              ________      ________      ________      ________
 RB4BTRIG       0.990
 RB4PWHR        0.990         0.999
 B1PGENDE       0.990         0.999         1.000
 B1PAGE_M       0.990         0.999         1.000         1.000



THE MODEL ESTIMATION TERMINATED NORMALLY

     WARNING:  THE LATENT VARIABLE COVARIANCE MATRIX (PSI) IS NOT POSITIVE
     DEFINITE.  THIS COULD INDICATE A NEGATIVE VARIANCE/RESIDUAL VARIANCE FOR A
     LATENT VARIABLE, A CORRELATION GREATER OR EQUAL TO ONE BETWEEN TWO LATENT
     VARIABLES, OR A LINEAR DEPENDENCY AMONG MORE THAN TWO LATENT VARIABLES.
     CHECK THE TECH4 OUTPUT FOR MORE INFORMATION.
     PROBLEM INVOLVING VARIABLE AVGB_SD.




MODEL FIT INFORMATION

Number of Free Parameters                      108

Loglikelihood Including the Auxiliary Part

          H0 Value                      -31121.064
          H0 Scaling Correction Factor      1.3067
            for MLR
          H1 Value                      -30920.504
          H1 Scaling Correction Factor      1.1964
            for MLR

Chi-Square Test of Model Fit

          Value                            384.770*
          Degrees of Freedom                    96
          P-Value                           0.0000
          Scaling Correction Factor         1.0425
            for MLR

*   The chi-square value for MLM, MLMV, MLR, ULSMV, WLSM and WLSMV cannot be used
    for chi-square difference testing in the regular way.  MLM, MLR and WLSM
    chi-square difference testing is described on the Mplus website.  MLMV, WLSMV,
    and ULSMV difference testing is done using the DIFFTEST option.

RMSEA (Root Mean Square Error Of Approximation)

          Estimate                           0.049
          90 Percent C.I.                    0.044  0.054
          Probability RMSEA <= .05           0.619

CFI/TLI

          CFI                                0.971
          TLI                                0.949

Chi-Square Test of Model Fit for the Baseline Model

          Value                          10224.812
          Degrees of Freedom                   170
          P-Value                           0.0000

SRMR (Standardized Root Mean Square Residual)

          Value                              0.026



MODEL RESULTS

                                                    Two-Tailed
                    Estimate       S.E.  Est./S.E.    P-Value

 GLUC     BY
    RB4BGLUC           1.000      0.000    999.000    999.000
    P4HOMAIR           0.308      0.044      7.044      0.000
    B4BHA1C            0.648      0.038     16.962      0.000

 LIPID    BY
    RB4PWHR            1.000      0.000    999.000    999.000
    RB4BTRIG           3.903      1.755      2.223      0.026
    B4BHDL            -2.695      0.941     -2.864      0.004
    B4BLDL             1.411      0.701      2.013      0.044
    P4HOMAIR           1.807      0.378      4.785      0.000

 INFL     BY
    RB4BCRP            1.000      0.000    999.000    999.000
    B4BIL6             0.675      0.190      3.556      0.000
    B4BFGN             0.868      0.265      3.273      0.001
    B4BSICAM           0.132      0.109      1.207      0.227
    B4BSESEL          -0.117      0.145     -0.812      0.417

 PARA     BY
    AVGB_SD           -1.000      0.000    999.000    999.000
    AVGB_RM           -0.873      0.019    -46.325      0.000
    AVGB_HF           -0.817      0.019    -42.735      0.000
    AVGB_LF           -0.813      0.016    -49.657      0.000
    RB4P1D             0.335      0.031     10.745      0.000

 AL       BY
    AVGB_SD           -0.196      0.048     -4.118      0.000
    AVGB_RM           -0.099      0.049     -2.029      0.042
    AVGB_LF           -0.234      0.044     -5.387      0.000
    AVGB_HF           -0.108      0.045     -2.409      0.016
    RB4BCRP            0.559      0.054     10.298      0.000
    B4BIL6             0.526      0.049     10.682      0.000
    B4BFGN             0.414      0.057      7.301      0.000
    B4BSICAM           0.252      0.050      4.988      0.000
    B4BSESEL           0.419      0.061      6.834      0.000
    RB4P1D             0.365      0.039      9.386      0.000
    B4BHA1C            0.420      0.053      7.998      0.000
    RB4BGLUC           0.421      0.068      6.170      0.000
    P4HOMAIR           0.601      0.087      6.937      0.000
    B4BLDL             0.002      0.060      0.041      0.967
    B4BHDL            -0.274      0.096     -2.841      0.005
    RB4BTRIG           0.310      0.117      2.643      0.008
    RB4PWHR            0.417      0.052      8.000      0.000

 AVGB_SD  ON
    B1PGENDER         -0.142      0.057     -2.485      0.013
    B1PAGE_M2         -0.025      0.003     -9.492      0.000

 AVGB_RM  ON
    B1PGENDER          0.029      0.058      0.497      0.619
    B1PAGE_M2         -0.017      0.003     -6.202      0.000

 AVGB_HF  ON
    B1PGENDER          0.118      0.058      2.045      0.041
    B1PAGE_M2         -0.022      0.003     -8.660      0.000

 AVGB_LF  ON
    B1PGENDER         -0.263      0.055     -4.800      0.000
    B1PAGE_M2         -0.033      0.002    -13.381      0.000

 RB4P1D   ON
    B1PGENDER          0.246      0.059      4.192      0.000
    B1PAGE_M2         -0.001      0.002     -0.378      0.706

 RB4BCRP  ON
    B1PGENDER          0.336      0.057      5.931      0.000
    B1PAGE_M2          0.001      0.003      0.369      0.712

 B4BIL6   ON
    B1PGENDER          0.153      0.057      2.702      0.007
    B1PAGE_M2          0.015      0.002      6.277      0.000

 B4BFGN   ON
    B1PGENDER          0.364      0.057      6.395      0.000
    B1PAGE_M2          0.010      0.003      3.947      0.000

 B4BSICAM ON
    B1PGENDER          0.010      0.058      0.177      0.860
    B1PAGE_M2          0.010      0.003      3.718      0.000

 B4BSESEL ON
    B1PGENDER         -0.179      0.060     -2.995      0.003
    B1PAGE_M2         -0.009      0.002     -3.563      0.000

 RB4BGLUC ON
    B1PGENDER         -0.265      0.060     -4.435      0.000
    B1PAGE_M2          0.004      0.002      1.788      0.074

 P4HOMAIR ON
    B1PGENDER         -0.201      0.059     -3.398      0.001
    B1PAGE_M2         -0.003      0.002     -1.132      0.257

 B4BHA1C  ON
    B1PGENDER          0.022      0.060      0.370      0.712
    B1PAGE_M2          0.014      0.002      6.241      0.000

 RB4PWHR  ON
    B1PGENDER         -1.277      0.044    -28.975      0.000
    B1PAGE_M2          0.009      0.002      5.051      0.000

 RB4BTRIG ON
    B1PGENDER         -0.412      0.059     -7.021      0.000
    B1PAGE_M2          0.000      0.002     -0.154      0.878

 B4BHDL   ON
    B1PGENDER          0.745      0.054     13.708      0.000
    B1PAGE_M2          0.005      0.002      2.005      0.045

 B4BLDL   ON
    B1PGENDER          0.038      0.059      0.654      0.513
    B1PAGE_M2         -0.009      0.002     -3.473      0.001

 AL       WITH
    PARA               0.000      0.000    999.000    999.000
    INFL               0.000      0.000    999.000    999.000
    GLUC               0.000      0.000    999.000    999.000
    LIPID              0.000      0.000    999.000    999.000

 LIPID    WITH
    GLUC               0.022      0.024      0.893      0.372

 INFL     WITH
    GLUC              -0.088      0.036     -2.417      0.016
    LIPID              0.005      0.025      0.180      0.857

 PARA     WITH
    GLUC               0.008      0.035      0.228      0.819
    LIPID              0.026      0.017      1.473      0.141
    INFL               0.044      0.031      1.388      0.165

 AVGB_RM  WITH
    AVGB_HF            0.271      0.014     19.902      0.000

 Intercepts
    AVGB_SD            1.448      0.149      9.706      0.000
    AVGB_RM            0.879      0.147      5.981      0.000
    AVGB_LF            1.943      0.140     13.862      0.000
    AVGB_HF            1.147      0.145      7.924      0.000
    RB4BCRP           -0.233      0.148     -1.578      0.114
    B4BIL6            -0.912      0.143     -6.397      0.000
    B4BFGN            -0.742      0.142     -5.235      0.000
    B4BSICAM          -0.531      0.152     -3.503      0.000
    B4BSESEL           0.573      0.144      3.970      0.000
    RB4P1D            -0.089      0.146     -0.609      0.542
    B4BHA1C           -0.797      0.139     -5.731      0.000
    RB4BGLUC          -0.077      0.140     -0.551      0.581
    P4HOMAIR           0.264      0.144      1.837      0.066
    B4BLDL             0.449      0.147      3.050      0.002
    B4BHDL            -0.681      0.137     -4.983      0.000
    RB4BTRIG           0.258      0.146      1.760      0.078
    RB4PWHR            0.220      0.108      2.035      0.042

 Variances
    GLUC               0.800      0.100      8.029      0.000
    LIPID              0.034      0.032      1.087      0.277
    INFL               0.325      0.110      2.948      0.003
    PARA               0.873      0.043     20.410      0.000
    AL                 1.000      0.000    999.000    999.000

 Residual Variances
    AVGB_SD            0.000      0.000    999.000    999.000
    AVGB_RM            0.288      0.013     21.662      0.000
    AVGB_LF            0.208      0.011     19.700      0.000
    AVGB_HF            0.334      0.015     21.985      0.000
    RB4BCRP            0.343      0.075      4.580      0.000
    B4BIL6             0.539      0.039     13.723      0.000
    B4BFGN             0.542      0.060      9.026      0.000
    B4BSICAM           0.918      0.062     14.777      0.000
    B4BSESEL           0.803      0.063     12.676      0.000
    RB4P1D             0.753      0.034     21.941      0.000
    B4BHA1C            0.457      0.045     10.171      0.000
    RB4BGLUC           0.000      0.000    999.000    999.000
    P4HOMAIR           0.418      0.026     16.005      0.000
    B4BLDL             0.920      0.042     21.930      0.000
    B4BHDL             0.539      0.038     14.022      0.000
    RB4BTRIG           0.340      0.072      4.695      0.000
    RB4PWHR            0.373      0.022     17.160      0.000


STANDARDIZED MODEL RESULTS


STDYX Standardization

                                                    Two-Tailed
                    Estimate       S.E.  Est./S.E.    P-Value

 GLUC     BY
    RB4BGLUC           0.896      0.030     29.597      0.000
    P4HOMAIR           0.275      0.046      6.038      0.000
    B4BHA1C            0.580      0.042     13.725      0.000

 LIPID    BY
    RB4PWHR            0.185      0.085      2.170      0.030
    RB4BTRIG           0.723      0.051     14.066      0.000
    B4BHDL            -0.499      0.073     -6.816      0.000
    B4BLDL             0.262      0.039      6.792      0.000
    P4HOMAIR           0.334      0.100      3.357      0.001

 INFL     BY
    RB4BCRP            0.568      0.096      5.941      0.000
    B4BIL6             0.385      0.068      5.623      0.000
    B4BFGN             0.494      0.084      5.864      0.000
    B4BSICAM           0.075      0.068      1.110      0.267
    B4BSESEL          -0.067      0.085     -0.783      0.433

 PARA     BY
    AVGB_SD           -0.933      0.013    -70.199      0.000
    AVGB_RM           -0.815      0.014    -59.642      0.000
    AVGB_HF           -0.763      0.016    -48.959      0.000
    AVGB_LF           -0.758      0.017    -44.903      0.000
    RB4P1D             0.313      0.029     10.859      0.000

 AL       BY
    AVGB_SD           -0.196      0.047     -4.166      0.000
    AVGB_RM           -0.099      0.049     -2.031      0.042
    AVGB_LF           -0.234      0.043     -5.491      0.000
    AVGB_HF           -0.108      0.045     -2.416      0.016
    RB4BCRP            0.557      0.052     10.697      0.000
    B4BIL6             0.526      0.048     10.940      0.000
    B4BFGN             0.414      0.054      7.618      0.000
    B4BSICAM           0.252      0.049      5.145      0.000
    B4BSESEL           0.419      0.059      7.101      0.000
    RB4P1D             0.365      0.037      9.943      0.000
    B4BHA1C            0.421      0.045      9.421      0.000
    RB4BGLUC           0.422      0.065      6.486      0.000
    P4HOMAIR           0.601      0.085      7.048      0.000
    B4BLDL             0.002      0.060      0.041      0.967
    B4BHDL            -0.273      0.097     -2.830      0.005
    RB4BTRIG           0.310      0.117      2.660      0.008
    RB4PWHR            0.417      0.051      8.131      0.000

 AVGB_SD  ON
    B1PGENDER         -0.070      0.028     -2.503      0.012
    B1PAGE_M2         -0.297      0.030     -9.883      0.000

 AVGB_RM  ON
    B1PGENDER          0.014      0.029      0.497      0.619
    B1PAGE_M2         -0.194      0.031     -6.202      0.000

 AVGB_HF  ON
    B1PGENDER          0.058      0.028      2.050      0.040
    B1PAGE_M2         -0.263      0.030     -8.832      0.000

 AVGB_LF  ON
    B1PGENDER         -0.130      0.027     -4.866      0.000
    B1PAGE_M2         -0.389      0.027    -14.465      0.000

 RB4P1D   ON
    B1PGENDER          0.122      0.029      4.222      0.000
    B1PAGE_M2         -0.011      0.029     -0.378      0.705

 RB4BCRP  ON
    B1PGENDER          0.166      0.028      6.011      0.000
    B1PAGE_M2          0.011      0.030      0.370      0.712

 B4BIL6   ON
    B1PGENDER          0.076      0.028      2.712      0.007
    B1PAGE_M2          0.178      0.028      6.367      0.000

 B4BFGN   ON
    B1PGENDER          0.180      0.027      6.619      0.000
    B1PAGE_M2          0.116      0.029      4.015      0.000

 B4BSICAM ON
    B1PGENDER          0.005      0.029      0.177      0.860
    B1PAGE_M2          0.113      0.031      3.675      0.000

 B4BSESEL ON
    B1PGENDER         -0.089      0.029     -3.008      0.003
    B1PAGE_M2         -0.101      0.028     -3.585      0.000

 RB4BGLUC ON
    B1PGENDER         -0.132      0.029     -4.597      0.000
    B1PAGE_M2          0.049      0.028      1.760      0.078

 P4HOMAIR ON
    B1PGENDER         -0.100      0.029     -3.418      0.001
    B1PAGE_M2         -0.032      0.028     -1.134      0.257

 B4BHA1C  ON
    B1PGENDER          0.011      0.030      0.369      0.712
    B1PAGE_M2          0.169      0.030      5.666      0.000

 RB4PWHR  ON
    B1PGENDER         -0.633      0.016    -39.348      0.000
    B1PAGE_M2          0.109      0.021      5.050      0.000

 RB4BTRIG ON
    B1PGENDER         -0.204      0.028     -7.263      0.000
    B1PAGE_M2         -0.004      0.029     -0.154      0.878

 B4BHDL   ON
    B1PGENDER          0.369      0.024     15.057      0.000
    B1PAGE_M2          0.055      0.028      1.992      0.046

 B4BLDL   ON
    B1PGENDER          0.019      0.029      0.655      0.513
    B1PAGE_M2         -0.101      0.029     -3.496      0.000

 AL       WITH
    PARA               0.000      0.000    999.000    999.000
    INFL               0.000      0.000    999.000    999.000
    GLUC               0.000      0.000    999.000    999.000
    LIPID              0.000      0.000    999.000    999.000

 LIPID    WITH
    GLUC               0.132      0.093      1.412      0.158

 INFL     WITH
    GLUC              -0.173      0.088     -1.962      0.050
    LIPID              0.043      0.215      0.200      0.842

 PARA     WITH
    GLUC               0.010      0.042      0.229      0.819
    LIPID              0.149      0.049      3.009      0.003
    INFL               0.082      0.055      1.498      0.134

 AVGB_RM  WITH
    AVGB_HF            0.875      0.012     70.065      0.000

 Intercepts
    AVGB_SD            1.446      0.141     10.268      0.000
    AVGB_RM            0.878      0.146      6.035      0.000
    AVGB_LF            1.938      0.126     15.329      0.000
    AVGB_HF            1.145      0.141      8.117      0.000
    RB4BCRP           -0.232      0.147     -1.581      0.114
    B4BIL6            -0.912      0.140     -6.502      0.000
    B4BFGN            -0.741      0.138     -5.364      0.000
    B4BSICAM          -0.531      0.155     -3.435      0.001
    B4BSESEL           0.573      0.143      4.001      0.000
    RB4P1D            -0.089      0.146     -0.608      0.543
    B4BHA1C           -0.798      0.157     -5.068      0.000
    RB4BGLUC          -0.077      0.141     -0.546      0.585
    P4HOMAIR           0.264      0.143      1.846      0.065
    B4BLDL             0.449      0.146      3.081      0.002
    B4BHDL            -0.681      0.139     -4.893      0.000
    RB4BTRIG           0.258      0.146      1.767      0.077
    RB4PWHR            0.220      0.108      2.040      0.041

 Variances
    GLUC               1.000      0.000    999.000    999.000
    LIPID              1.000      0.000    999.000    999.000
    INFL               1.000      0.000    999.000    999.000
    PARA               1.000      0.000    999.000    999.000
    AL                 1.000      0.000    999.000    999.000

 Residual Variances
    AVGB_SD            0.000    999.000    999.000    999.000
    AVGB_RM            0.288      0.016     18.398      0.000
    AVGB_LF            0.207      0.013     16.105      0.000
    AVGB_HF            0.333      0.017     19.126      0.000
    RB4BCRP            0.340      0.075      4.558      0.000
    B4BIL6             0.539      0.035     15.598      0.000
    B4BFGN             0.540      0.059      9.168      0.000
    B4BSICAM           0.918      0.020     46.582      0.000
    B4BSESEL           0.802      0.059     13.656      0.000
    RB4P1D             0.753      0.027     28.157      0.000
    B4BHA1C            0.458      0.040     11.458      0.000
    RB4BGLUC           0.000    999.000    999.000    999.000
    P4HOMAIR           0.417      0.026     16.114      0.000
    B4BLDL             0.921      0.021     44.055      0.000
    B4BHDL             0.539      0.036     15.041      0.000
    RB4BTRIG           0.339      0.073      4.657      0.000
    RB4PWHR            0.373      0.021     17.434      0.000


R-SQUARE

    Observed                                        Two-Tailed
    Variable        Estimate       S.E.  Est./S.E.    P-Value

    AVGB_SD            1.000    999.000    999.000    999.000
    AVGB_RM            0.712      0.016     45.542      0.000
    AVGB_LF            0.793      0.013     61.648      0.000
    AVGB_HF            0.667      0.017     38.343      0.000
    RB4BCRP            0.660      0.075      8.844      0.000
    B4BIL6             0.461      0.035     13.351      0.000
    B4BFGN             0.460      0.059      7.798      0.000
    B4BSICAM           0.082      0.020      4.152      0.000
    B4BSESEL           0.198      0.059      3.362      0.001
    RB4P1D             0.247      0.027      9.216      0.000
    B4BHA1C            0.542      0.040     13.559      0.000
    RB4BGLUC           1.000    999.000    999.000    999.000
    P4HOMAIR           0.583      0.026     22.547      0.000
    B4BLDL             0.079      0.021      3.786      0.000
    B4BHDL             0.461      0.036     12.883      0.000
    RB4BTRIG           0.661      0.073      9.065      0.000
    RB4PWHR            0.627      0.021     29.302      0.000


QUALITY OF NUMERICAL RESULTS

     Condition Number for the Information Matrix              0.310E-05
       (ratio of smallest to largest eigenvalue)


CONFIDENCE INTERVALS OF MODEL RESULTS

                  Lower .5%  Lower 2.5%    Lower 5%    Estimate    Upper 5%  Upper 2.5%   Upper .5%

 GLUC     BY
    RB4BGLUC         1.000       1.000       1.000       1.000       1.000       1.000       1.000
    P4HOMAIR         0.195       0.222       0.236       0.308       0.380       0.393       0.420
    B4BHA1C          0.549       0.573       0.585       0.648       0.711       0.723       0.746

 LIPID    BY
    RB4PWHR          1.000       1.000       1.000       1.000       1.000       1.000       1.000
    RB4BTRIG        -0.619       0.462       1.015       3.903       6.791       7.344       8.425
    B4BHDL          -5.118      -4.539      -4.242      -2.695      -1.147      -0.851      -0.271
    B4BLDL          -0.394       0.037       0.258       1.411       2.563       2.784       3.215
    P4HOMAIR         0.834       1.067       1.186       1.807       2.428       2.547       2.779

 INFL     BY
    RB4BCRP          1.000       1.000       1.000       1.000       1.000       1.000       1.000
    B4BIL6           0.186       0.303       0.363       0.675       0.988       1.048       1.165
    B4BFGN           0.185       0.348       0.432       0.868       1.304       1.388       1.551
    B4BSICAM        -0.150      -0.082      -0.048       0.132       0.312       0.346       0.414
    B4BSESEL        -0.490      -0.401      -0.355      -0.117       0.120       0.166       0.255

 PARA     BY
    AVGB_SD         -1.000      -1.000      -1.000      -1.000      -1.000      -1.000      -1.000
    AVGB_RM         -0.922      -0.910      -0.904      -0.873      -0.842      -0.836      -0.825
    AVGB_HF         -0.867      -0.855      -0.849      -0.817      -0.786      -0.780      -0.768
    AVGB_LF         -0.855      -0.845      -0.840      -0.813      -0.786      -0.781      -0.771
    RB4P1D           0.255       0.274       0.284       0.335       0.386       0.396       0.415

 AL       BY
    AVGB_SD         -0.319      -0.289      -0.274      -0.196      -0.118      -0.103      -0.073
    AVGB_RM         -0.224      -0.194      -0.179      -0.099      -0.019      -0.003       0.027
    AVGB_LF         -0.346      -0.320      -0.306      -0.234      -0.163      -0.149      -0.122
    AVGB_HF         -0.224      -0.196      -0.182      -0.108      -0.034      -0.020       0.007
    RB4BCRP          0.419       0.452       0.469       0.559       0.648       0.665       0.698
    B4BIL6           0.399       0.430       0.445       0.526       0.607       0.623       0.653
    B4BFGN           0.268       0.303       0.321       0.414       0.508       0.526       0.561
    B4BSICAM         0.122       0.153       0.169       0.252       0.335       0.351       0.382
    B4BSESEL         0.261       0.299       0.318       0.419       0.520       0.540       0.577
    RB4P1D           0.265       0.289       0.301       0.365       0.429       0.441       0.465
    B4BHA1C          0.285       0.317       0.334       0.420       0.507       0.523       0.556
    RB4BGLUC         0.245       0.287       0.309       0.421       0.533       0.555       0.597
    P4HOMAIR         0.378       0.431       0.459       0.601       0.744       0.771       0.825
    B4BLDL          -0.152      -0.115      -0.096       0.002       0.101       0.120       0.157
    B4BHDL          -0.521      -0.462      -0.432      -0.274      -0.115      -0.085      -0.026
    RB4BTRIG         0.008       0.080       0.117       0.310       0.503       0.540       0.613
    RB4PWHR          0.283       0.315       0.331       0.417       0.502       0.519       0.551

 AVGB_SD  ON
    B1PGENDER       -0.289      -0.254      -0.236      -0.142      -0.048      -0.030       0.005
    B1PAGE_M2       -0.032      -0.031      -0.030      -0.025      -0.021      -0.020      -0.018

 AVGB_RM  ON
    B1PGENDER       -0.122      -0.086      -0.067       0.029       0.125       0.144       0.180
    B1PAGE_M2       -0.023      -0.022      -0.021      -0.017      -0.012      -0.011      -0.010

 AVGB_HF  ON
    B1PGENDER       -0.031       0.005       0.023       0.118       0.213       0.231       0.267
    B1PAGE_M2       -0.029      -0.028      -0.027      -0.022      -0.018      -0.017      -0.016

 AVGB_LF  ON
    B1PGENDER       -0.404      -0.371      -0.353      -0.263      -0.173      -0.156      -0.122
    B1PAGE_M2       -0.040      -0.038      -0.037      -0.033      -0.029      -0.028      -0.027

 RB4P1D   ON
    B1PGENDER        0.095       0.131       0.149       0.246       0.343       0.361       0.397
    B1PAGE_M2       -0.007      -0.006      -0.005      -0.001       0.003       0.004       0.005

 RB4BCRP  ON
    B1PGENDER        0.190       0.225       0.243       0.336       0.430       0.448       0.483
    B1PAGE_M2       -0.006      -0.004      -0.003       0.001       0.005       0.006       0.007

 B4BIL6   ON
    B1PGENDER        0.007       0.042       0.060       0.153       0.247       0.265       0.300
    B1PAGE_M2        0.009       0.010       0.011       0.015       0.019       0.020       0.021

 B4BFGN   ON
    B1PGENDER        0.217       0.253       0.270       0.364       0.458       0.476       0.511
    B1PAGE_M2        0.003       0.005       0.006       0.010       0.014       0.015       0.016

 B4BSICAM ON
    B1PGENDER       -0.140      -0.104      -0.085       0.010       0.106       0.124       0.160
    B1PAGE_M2        0.003       0.005       0.005       0.010       0.014       0.015       0.016

 B4BSESEL ON
    B1PGENDER       -0.333      -0.296      -0.277      -0.179      -0.081      -0.062      -0.025
    B1PAGE_M2       -0.015      -0.013      -0.013      -0.009      -0.005      -0.004      -0.002

 RB4BGLUC ON
    B1PGENDER       -0.420      -0.383      -0.364      -0.265      -0.167      -0.148      -0.111
    B1PAGE_M2       -0.002       0.000       0.000       0.004       0.008       0.009       0.010

 P4HOMAIR ON
    B1PGENDER       -0.354      -0.318      -0.299      -0.201      -0.104      -0.085      -0.049
    B1PAGE_M2       -0.009      -0.007      -0.007      -0.003       0.001       0.002       0.003

 B4BHA1C  ON
    B1PGENDER       -0.132      -0.095      -0.077       0.022       0.121       0.140       0.177
    B1PAGE_M2        0.008       0.010       0.011       0.014       0.018       0.019       0.020

 RB4PWHR  ON
    B1PGENDER       -1.391      -1.364      -1.350      -1.277      -1.205      -1.191      -1.164
    B1PAGE_M2        0.005       0.006       0.006       0.009       0.012       0.013       0.014

 RB4BTRIG ON
    B1PGENDER       -0.563      -0.527      -0.509      -0.412      -0.316      -0.297      -0.261
    B1PAGE_M2       -0.007      -0.005      -0.004       0.000       0.004       0.004       0.006

 B4BHDL   ON
    B1PGENDER        0.605       0.638       0.655       0.745       0.834       0.851       0.885
    B1PAGE_M2       -0.001       0.000       0.001       0.005       0.009       0.009       0.011

 B4BLDL   ON
    B1PGENDER       -0.113      -0.077      -0.058       0.038       0.135       0.154       0.190
    B1PAGE_M2       -0.015      -0.013      -0.013      -0.009      -0.005      -0.004      -0.002

 AL       WITH
    PARA             0.000       0.000       0.000       0.000       0.000       0.000       0.000
    INFL             0.000       0.000       0.000       0.000       0.000       0.000       0.000
    GLUC             0.000       0.000       0.000       0.000       0.000       0.000       0.000
    LIPID            0.000       0.000       0.000       0.000       0.000       0.000       0.000

 LIPID    WITH
    GLUC            -0.041      -0.026      -0.018       0.022       0.062       0.070       0.085

 INFL     WITH
    GLUC            -0.182      -0.160      -0.148      -0.088      -0.028      -0.017       0.006
    LIPID           -0.060      -0.045      -0.037       0.005       0.046       0.054       0.070

 PARA     WITH
    GLUC            -0.082      -0.061      -0.050       0.008       0.066       0.077       0.098
    LIPID           -0.019      -0.009      -0.003       0.026       0.054       0.060       0.071
    INFL            -0.037      -0.018      -0.008       0.044       0.095       0.105       0.125

 AVGB_RM  WITH
    AVGB_HF          0.236       0.245       0.249       0.271       0.294       0.298       0.307

 Intercepts
    AVGB_SD          1.064       1.156       1.203       1.448       1.694       1.741       1.832
    AVGB_RM          0.500       0.591       0.637       0.879       1.120       1.167       1.257
    AVGB_LF          1.582       1.668       1.712       1.943       2.173       2.217       2.303
    AVGB_HF          0.774       0.863       0.909       1.147       1.385       1.430       1.519
    RB4BCRP         -0.613      -0.522      -0.476      -0.233       0.010       0.056       0.147
    B4BIL6          -1.279      -1.191      -1.147      -0.912      -0.678      -0.633      -0.545
    B4BFGN          -1.107      -1.020      -0.975      -0.742      -0.509      -0.464      -0.377
    B4BSICAM        -0.922      -0.828      -0.781      -0.531      -0.282      -0.234      -0.141
    B4BSESEL         0.201       0.290       0.336       0.573       0.810       0.856       0.945
    RB4P1D          -0.466      -0.376      -0.330      -0.089       0.151       0.197       0.288
    B4BHA1C         -1.155      -1.070      -1.026      -0.797      -0.568      -0.525      -0.439
    RB4BGLUC        -0.436      -0.350      -0.306      -0.077       0.153       0.197       0.282
    P4HOMAIR        -0.106      -0.018       0.028       0.264       0.501       0.546       0.635
    B4BLDL           0.070       0.160       0.207       0.449       0.691       0.737       0.828
    B4BHDL          -1.033      -0.949      -0.906      -0.681      -0.456      -0.413      -0.329
    RB4BTRIG        -0.119      -0.029       0.017       0.258       0.499       0.545       0.635
    RB4PWHR         -0.058       0.008       0.042       0.220       0.397       0.431       0.498

 Variances
    GLUC             0.543       0.605       0.636       0.800       0.964       0.996       1.057
    LIPID           -0.047      -0.028      -0.018       0.034       0.086       0.096       0.116
    INFL             0.041       0.109       0.144       0.325       0.506       0.541       0.609
    PARA             0.763       0.789       0.802       0.873       0.943       0.957       0.983
    AL               1.000       1.000       1.000       1.000       1.000       1.000       1.000

 Residual Variances
    AVGB_SD          0.000       0.000       0.000       0.000       0.000       0.000       0.000
    AVGB_RM          0.254       0.262       0.266       0.288       0.310       0.314       0.322
    AVGB_LF          0.181       0.187       0.191       0.208       0.225       0.229       0.235
    AVGB_HF          0.295       0.304       0.309       0.334       0.359       0.364       0.373
    RB4BCRP          0.150       0.196       0.220       0.343       0.466       0.489       0.535
    B4BIL6           0.438       0.462       0.474       0.539       0.603       0.616       0.640
    B4BFGN           0.387       0.424       0.443       0.542       0.640       0.659       0.696
    B4BSICAM         0.758       0.796       0.815       0.918       1.020       1.039       1.077
    B4BSESEL         0.639       0.678       0.698       0.803       0.907       0.927       0.966
    RB4P1D           0.664       0.685       0.696       0.753       0.809       0.820       0.841
    B4BHA1C          0.341       0.369       0.383       0.457       0.531       0.545       0.573
    RB4BGLUC         0.000       0.000       0.000       0.000       0.000       0.000       0.000
    P4HOMAIR         0.351       0.367       0.375       0.418       0.461       0.469       0.485
    B4BLDL           0.812       0.838       0.851       0.920       0.989       1.002       1.028
    B4BHDL           0.440       0.464       0.476       0.539       0.602       0.614       0.638
    RB4BTRIG         0.153       0.198       0.221       0.340       0.459       0.482       0.526
    RB4PWHR          0.317       0.330       0.337       0.373       0.408       0.415       0.429


CONFIDENCE INTERVALS OF STANDARDIZED MODEL RESULTS


STDYX Standardization

                  Lower .5%  Lower 2.5%    Lower 5%    Estimate    Upper 5%  Upper 2.5%   Upper .5%

 GLUC     BY
    RB4BGLUC         0.818       0.836       0.846       0.896       0.945       0.955       0.973
    P4HOMAIR         0.158       0.186       0.200       0.275       0.350       0.364       0.392
    B4BHA1C          0.471       0.497       0.511       0.580       0.650       0.663       0.689

 LIPID    BY
    RB4PWHR         -0.035       0.018       0.045       0.185       0.326       0.353       0.406
    RB4BTRIG         0.591       0.622       0.639       0.723       0.808       0.824       0.855
    B4BHDL          -0.688      -0.643      -0.620      -0.499      -0.379      -0.356      -0.311
    B4BLDL           0.162       0.186       0.198       0.262       0.325       0.337       0.361
    P4HOMAIR         0.078       0.139       0.171       0.334       0.498       0.530       0.591

 INFL     BY
    RB4BCRP          0.322       0.381       0.411       0.568       0.725       0.755       0.814
    B4BIL6           0.209       0.251       0.272       0.385       0.498       0.519       0.561
    B4BFGN           0.277       0.329       0.356       0.494       0.633       0.659       0.711
    B4BSICAM        -0.100      -0.058      -0.036       0.075       0.187       0.208       0.250
    B4BSESEL        -0.287      -0.234      -0.207      -0.067       0.074       0.100       0.153

 PARA     BY
    AVGB_SD         -0.967      -0.959      -0.955      -0.933      -0.911      -0.907      -0.899
    AVGB_RM         -0.850      -0.842      -0.838      -0.815      -0.793      -0.788      -0.780
    AVGB_HF         -0.803      -0.793      -0.788      -0.763      -0.737      -0.732      -0.722
    AVGB_LF         -0.802      -0.791      -0.786      -0.758      -0.730      -0.725      -0.715
    RB4P1D           0.239       0.257       0.266       0.313       0.361       0.370       0.387

 AL       BY
    AVGB_SD         -0.317      -0.288      -0.273      -0.196      -0.119      -0.104      -0.075
    AVGB_RM         -0.224      -0.194      -0.179      -0.099      -0.019      -0.003       0.027
    AVGB_LF         -0.344      -0.317      -0.304      -0.234      -0.164      -0.150      -0.124
    AVGB_HF         -0.223      -0.196      -0.182      -0.108      -0.035      -0.020       0.007
    RB4BCRP          0.423       0.455       0.471       0.557       0.642       0.659       0.691
    B4BIL6           0.402       0.432       0.447       0.526       0.605       0.620       0.650
    B4BFGN           0.274       0.307       0.325       0.414       0.503       0.520       0.554
    B4BSICAM         0.126       0.156       0.171       0.252       0.332       0.348       0.378
    B4BSESEL         0.267       0.304       0.322       0.419       0.517       0.535       0.571
    RB4P1D           0.271       0.293       0.305       0.365       0.426       0.437       0.460
    B4BHA1C          0.306       0.333       0.347       0.421       0.494       0.508       0.536
    RB4BGLUC         0.254       0.294       0.315       0.422       0.528       0.549       0.589
    P4HOMAIR         0.381       0.434       0.461       0.601       0.741       0.768       0.820
    B4BLDL          -0.152      -0.115      -0.096       0.002       0.101       0.120       0.157
    B4BHDL          -0.522      -0.463      -0.432      -0.273      -0.115      -0.084      -0.025
    RB4BTRIG         0.010       0.082       0.118       0.310       0.502       0.539       0.611
    RB4PWHR          0.285       0.316       0.333       0.417       0.501       0.517       0.549

 AVGB_SD  ON
    B1PGENDER       -0.143      -0.125      -0.116      -0.070      -0.024      -0.015       0.002
    B1PAGE_M2       -0.374      -0.356      -0.346      -0.297      -0.247      -0.238      -0.219

 AVGB_RM  ON
    B1PGENDER       -0.060      -0.042      -0.033       0.014       0.062       0.071       0.089
    B1PAGE_M2       -0.275      -0.256      -0.246      -0.194      -0.143      -0.133      -0.114

 AVGB_HF  ON
    B1PGENDER       -0.015       0.003       0.012       0.058       0.105       0.114       0.132
    B1PAGE_M2       -0.340      -0.321      -0.312      -0.263      -0.214      -0.205      -0.186

 AVGB_LF  ON
    B1PGENDER       -0.199      -0.182      -0.174      -0.130      -0.086      -0.078      -0.061
    B1PAGE_M2       -0.458      -0.442      -0.433      -0.389      -0.345      -0.336      -0.320

 RB4P1D   ON
    B1PGENDER        0.048       0.065       0.074       0.122       0.169       0.179       0.196
    B1PAGE_M2       -0.085      -0.067      -0.058      -0.011       0.037       0.046       0.063

 RB4BCRP  ON
    B1PGENDER        0.095       0.112       0.121       0.166       0.211       0.220       0.237
    B1PAGE_M2       -0.065      -0.047      -0.038       0.011       0.060       0.069       0.087

 B4BIL6   ON
    B1PGENDER        0.004       0.021       0.030       0.076       0.122       0.131       0.148
    B1PAGE_M2        0.106       0.123       0.132       0.178       0.223       0.232       0.249

 B4BFGN   ON
    B1PGENDER        0.110       0.127       0.135       0.180       0.225       0.234       0.250
    B1PAGE_M2        0.042       0.059       0.068       0.116       0.163       0.173       0.190

 B4BSICAM ON
    B1PGENDER       -0.069      -0.051      -0.042       0.005       0.053       0.062       0.079
    B1PAGE_M2        0.034       0.053       0.062       0.113       0.164       0.173       0.192

 B4BSESEL ON
    B1PGENDER       -0.164      -0.146      -0.137      -0.089      -0.040      -0.031      -0.013
    B1PAGE_M2       -0.174      -0.156      -0.147      -0.101      -0.055      -0.046      -0.028

 RB4BGLUC ON
    B1PGENDER       -0.205      -0.188      -0.179      -0.132      -0.085      -0.076      -0.058
    B1PAGE_M2       -0.023      -0.006       0.003       0.049       0.095       0.104       0.121

 P4HOMAIR ON
    B1PGENDER       -0.175      -0.157      -0.148      -0.100      -0.052      -0.043      -0.025
    B1PAGE_M2       -0.103      -0.086      -0.077      -0.032       0.014       0.023       0.040

 B4BHA1C  ON
    B1PGENDER       -0.066      -0.047      -0.038       0.011       0.060       0.069       0.088
    B1PAGE_M2        0.092       0.110       0.120       0.169       0.218       0.227       0.245

 RB4PWHR  ON
    B1PGENDER       -0.674      -0.665      -0.660      -0.633      -0.607      -0.602      -0.592
    B1PAGE_M2        0.053       0.066       0.073       0.109       0.144       0.151       0.164

 RB4BTRIG ON
    B1PGENDER       -0.276      -0.259      -0.250      -0.204      -0.158      -0.149      -0.132
    B1PAGE_M2       -0.079      -0.061      -0.052      -0.004       0.043       0.052       0.070

 B4BHDL   ON
    B1PGENDER        0.306       0.321       0.329       0.369       0.409       0.417       0.432
    B1PAGE_M2       -0.016       0.001       0.010       0.055       0.100       0.109       0.126

 B4BLDL   ON
    B1PGENDER       -0.056      -0.038      -0.029       0.019       0.067       0.076       0.094
    B1PAGE_M2       -0.175      -0.158      -0.148      -0.101      -0.053      -0.044      -0.027

 AL       WITH
    PARA             0.000       0.000       0.000       0.000       0.000       0.000       0.000
    INFL             0.000       0.000       0.000       0.000       0.000       0.000       0.000
    GLUC             0.000       0.000       0.000       0.000       0.000       0.000       0.000
    LIPID            0.000       0.000       0.000       0.000       0.000       0.000       0.000

 LIPID    WITH
    GLUC            -0.108      -0.051      -0.022       0.132       0.285       0.314       0.372

 INFL     WITH
    GLUC            -0.400      -0.345      -0.318      -0.173      -0.028       0.000       0.054
    LIPID           -0.511      -0.379      -0.311       0.043       0.397       0.464       0.597

 PARA     WITH
    GLUC            -0.098      -0.072      -0.059       0.010       0.078       0.091       0.117
    LIPID            0.021       0.052       0.067       0.149       0.230       0.245       0.276
    INFL            -0.059      -0.025      -0.008       0.082       0.172       0.189       0.223

 AVGB_RM  WITH
    AVGB_HF          0.843       0.851       0.855       0.875       0.896       0.900       0.907

 Intercepts
    AVGB_SD          1.083       1.170       1.214       1.446       1.678       1.722       1.809
    AVGB_RM          0.503       0.593       0.639       0.878       1.117       1.163       1.253
    AVGB_LF          1.613       1.691       1.730       1.938       2.146       2.186       2.264
    AVGB_HF          0.782       0.869       0.913       1.145       1.377       1.422       1.508
    RB4BCRP         -0.610      -0.520      -0.474      -0.232       0.009       0.056       0.146
    B4BIL6          -1.273      -1.187      -1.143      -0.912      -0.681      -0.637      -0.551
    B4BFGN          -1.097      -1.012      -0.969      -0.741      -0.514      -0.470      -0.385
    B4BSICAM        -0.930      -0.834      -0.786      -0.531      -0.277      -0.228      -0.133
    B4BSESEL         0.204       0.292       0.337       0.573       0.808       0.854       0.942
    RB4P1D          -0.466      -0.376      -0.330      -0.089       0.152       0.198       0.288
    B4BHA1C         -1.204      -1.107      -1.057      -0.798      -0.539      -0.489      -0.392
    RB4BGLUC        -0.440      -0.353      -0.309      -0.077       0.155       0.199       0.286
    P4HOMAIR        -0.104      -0.016       0.029       0.264       0.499       0.544       0.632
    B4BLDL           0.074       0.163       0.209       0.449       0.689       0.734       0.824
    B4BHDL          -1.040      -0.954      -0.910      -0.681      -0.452      -0.408      -0.323
    RB4BTRIG        -0.118      -0.028       0.018       0.258       0.497       0.543       0.633
    RB4PWHR         -0.058       0.009       0.043       0.220       0.397       0.431       0.497

 Variances
    GLUC             1.000       1.000       1.000       1.000       1.000       1.000       1.000
    LIPID            1.000       1.000       1.000       1.000       1.000       1.000       1.000
    INFL             1.000       1.000       1.000       1.000       1.000       1.000       1.000
    PARA             1.000       1.000       1.000       1.000       1.000       1.000       1.000
    AL               1.000       1.000       1.000       1.000       1.000       1.000       1.000

 Residual Variances
    AVGB_SD        999.000     999.000     999.000       0.000     999.000     999.000     999.000
    AVGB_RM          0.247       0.257       0.262       0.288       0.313       0.318       0.328
    AVGB_LF          0.174       0.182       0.186       0.207       0.228       0.232       0.240
    AVGB_HF          0.288       0.299       0.304       0.333       0.361       0.367       0.378
    RB4BCRP          0.148       0.194       0.217       0.340       0.463       0.486       0.532
    B4BIL6           0.450       0.471       0.482       0.539       0.596       0.607       0.628
    B4BFGN           0.389       0.425       0.443       0.540       0.637       0.656       0.692
    B4BSICAM         0.867       0.880       0.886       0.918       0.951       0.957       0.969
    B4BSESEL         0.651       0.687       0.706       0.802       0.899       0.918       0.954
    RB4P1D           0.684       0.701       0.709       0.753       0.797       0.806       0.822
    B4BHA1C          0.355       0.380       0.392       0.458       0.524       0.536       0.561
    RB4BGLUC       999.000     999.000     999.000       0.000     999.000     999.000     999.000
    P4HOMAIR         0.350       0.366       0.374       0.417       0.459       0.468       0.483
    B4BLDL           0.867       0.880       0.886       0.921       0.955       0.962       0.975
    B4BHDL           0.446       0.468       0.480       0.539       0.598       0.609       0.631
    RB4BTRIG         0.152       0.197       0.219       0.339       0.459       0.482       0.527
    RB4PWHR          0.318       0.331       0.338       0.373       0.408       0.415       0.428


DIAGRAM INFORMATION

  Use View Diagram under the Diagram menu in the Mplus Editor to view the diagram.
  If running Mplus from the Mplus Diagrammer, the diagram opens automatically.

  Diagram output
    c:\users\joshua\documents\research\midus\jw-midus-al\factor_allcov_clustering_bifac_alt.dgm

     Beginning Time:  04:31:21
        Ending Time:  04:31:22
       Elapsed Time:  00:00:01



MUTHEN & MUTHEN
3463 Stoner Ave.
Los Angeles, CA  90066

Tel: (310) 391-9971
Fax: (310) 391-8971
Web: www.StatModel.com
Support: Support@StatModel.com

Copyright (c) 1998-2014 Muthen & Muthen
