Mplus VERSION 7.3
MUTHEN & MUTHEN
04/30/2015   4:14 AM

INPUT INSTRUCTIONS

  TITLE:
   CFA for bio subsystems of biomarkers;
  DATA:
  FILE = "factor_allcov_clustering_Fac.dat";

  VARIABLE:
  NAMES = Radj_epi Radj_nor avgb_sd avgb_rm avgb_lf avgb_hf Rb4p1d Radj_crt b4bdheas
       Rb4bcrp b4bil6 b4bfgn b4bsicam b4bsesel pulpress Rb4p1gs b4bha1c Rb4bgluc
       p4homair b4bldl b4bhdl Rb4btrig Rb4pwhr m2famnum m2id b1pgender b1page_m2
       Agecat MedGroup white p4majorconditions p4minorconditions p4sumburden b3tem
       exec_fxn compression bending impact reg_izallo GNNregAL RXNNregAL;
   MISSING=.;

    usevariables = Radj_epi Radj_nor avgb_sd avgb_rm avgb_lf
      avgb_hf Radj_crt b4bdheas Rb4bcrp
      b4bil6 b4bfgn b4bsicam b4bsesel pulpress Rb4p1gs Rb4p1d
      b4bha1c Rb4bgluc
      p4homair b4bldl b4bhdl Rb4btrig Rb4pwhr
      b1pgender b1page_m2;
      CLUSTER = m2famnum;
      idvariable = m2id;

  ANALYSIS:

      TYPE = COMPLEX;
      ESTIMATOR = MLR;
      PROCESSORS = 4;
  MODEL:

      Radj_epi Radj_nor ON b1pgender b1page_m2;
      avgb_sd avgb_rm avgb_hf avgb_lf ON b1pgender b1page_m2;
      Rb4p1d ON b1pgender b1page_m2;
      Radj_crt b4bdheas ON b1pgender b1page_m2;
      Rb4bcrp b4bil6 b4bfgn b4bsicam b4bsesel ON b1pgender b1page_m2;
      Rb4p1gs pulpress ON b1pgender b1page_m2;
      Rb4bgluc p4homair b4bha1c ON b1pgender b1page_m2;
      Rb4pwhr Rb4btrig b4bhdl b4bldl ON b1pgender b1page_m2;


      sym BY Radj_nor@1 Radj_epi@1;
      hpa BY Radj_crt@1 b4bdheas@1;
      card BY Rb4p1gs@1 pulpress@1;
      gluc BY Rb4bgluc@1 p4homair*1 b4bha1c*1;
      lipid BY Rb4pwhr@1 Rb4btrig*.65 b4bhdl*-1 b4bldl*1 p4homair*1;
      infl BY Rb4bcrp@1 b4bil6*1 b4bfgn*.9 b4bsicam*.25 b4bsesel*.5;
      para BY avgb_sd@-1 avgb_rm*-1 avgb_hf*-1 avgb_lf*-1 Rb4p1d*1;
      avgb_sd@0;
      avgb_rm WITH avgb_hf*;
  OUTPUT:

      STDYX;
      CINTERVAL;



*** WARNING in VARIABLE command
  Note that only the first 8 characters of variable names are used in the output.
  Shorten variable names to avoid any confusion.
*** WARNING
  Data set contains cases with missing on all variables except
  x-variables.  These cases were not included in the analysis.
  Number of cases with missing on all variables except x-variables:  1
   2 WARNING(S) FOUND IN THE INPUT INSTRUCTIONS




CFA for bio subsystems of biomarkers;

SUMMARY OF ANALYSIS

Number of groups                                                 1
Number of observations                                        1254

Number of dependent variables                                   23
Number of independent variables                                  2
Number of continuous latent variables                            7

Observed dependent variables

  Continuous
   RADJ_EPI    RADJ_NOR    AVGB_SD     AVGB_RM     AVGB_LF     AVGB_HF
   RADJ_CRT    B4BDHEAS    RB4BCRP     B4BIL6      B4BFGN      B4BSICAM
   B4BSESEL    PULPRESS    RB4P1GS     RB4P1D      B4BHA1C     RB4BGLUC
   P4HOMAIR    B4BLDL      B4BHDL      RB4BTRIG    RB4PWHR

Observed independent variables
   B1PGENDE    B1PAGE_M

Continuous latent variables
   SYM         HPA         CARD        GLUC        LIPID       INFL
   PARA

Variables with special functions

  Cluster variable      M2FAMNUM
  ID variable           M2ID

Estimator                                                      MLR
Information matrix                                        OBSERVED
Maximum number of iterations                                  1000
Convergence criterion                                    0.500D-04
Maximum number of steepest descent iterations                   20
Maximum number of iterations for H1                           2000
Convergence criterion for H1                             0.100D-03

Input data file(s)
  factor_allcov_clustering_Fac.dat

Input data format  FREE


SUMMARY OF DATA

     Number of missing data patterns            26
     Number of clusters        1097



COVARIANCE COVERAGE OF DATA

Minimum covariance coverage value   0.100


     PROPORTION OF DATA PRESENT


           Covariance Coverage
              RADJ_EPI      RADJ_NOR      AVGB_SD       AVGB_RM       AVGB_LF
              ________      ________      ________      ________      ________
 RADJ_EPI       0.979
 RADJ_NOR       0.979         0.987
 AVGB_SD        0.900         0.908         0.919
 AVGB_RM        0.900         0.908         0.919         0.919
 AVGB_LF        0.900         0.908         0.919         0.919         0.919
 AVGB_HF        0.900         0.908         0.919         0.919         0.919
 RADJ_CRT       0.979         0.987         0.915         0.915         0.915
 B4BDHEAS       0.969         0.977         0.911         0.911         0.911
 RB4BCRP        0.964         0.972         0.907         0.907         0.907
 B4BIL6         0.972         0.980         0.913         0.913         0.913
 B4BFGN         0.966         0.974         0.907         0.907         0.907
 B4BSICAM       0.971         0.979         0.912         0.912         0.912
 B4BSESEL       0.971         0.979         0.912         0.912         0.912
 PULPRESS       0.979         0.987         0.919         0.919         0.919
 RB4P1GS        0.979         0.987         0.919         0.919         0.919
 RB4P1D         0.978         0.986         0.919         0.919         0.919
 B4BHA1C        0.966         0.974         0.907         0.907         0.907
 RB4BGLUC       0.966         0.974         0.907         0.907         0.907
 P4HOMAIR       0.964         0.972         0.906         0.906         0.906
 B4BLDL         0.971         0.979         0.912         0.912         0.912
 B4BHDL         0.971         0.979         0.912         0.912         0.912
 RB4BTRIG       0.971         0.979         0.912         0.912         0.912
 RB4PWHR        0.978         0.986         0.919         0.919         0.919
 B1PGENDE       0.979         0.987         0.919         0.919         0.919
 B1PAGE_M       0.979         0.987         0.919         0.919         0.919


           Covariance Coverage
              AVGB_HF       RADJ_CRT      B4BDHEAS      RB4BCRP       B4BIL6
              ________      ________      ________      ________      ________
 AVGB_HF        0.919
 RADJ_CRT       0.915         0.994
 B4BDHEAS       0.911         0.984         0.988
 RB4BCRP        0.907         0.979         0.979         0.983
 B4BIL6         0.913         0.987         0.988         0.982         0.991
 B4BFGN         0.907         0.981         0.981         0.983         0.984
 B4BSICAM       0.912         0.986         0.987         0.982         0.990
 B4BSESEL       0.912         0.986         0.987         0.982         0.990
 PULPRESS       0.919         0.994         0.988         0.983         0.991
 RB4P1GS        0.919         0.994         0.988         0.983         0.991
 RB4P1D         0.919         0.994         0.987         0.983         0.990
 B4BHA1C        0.907         0.981         0.981         0.979         0.984
 RB4BGLUC       0.907         0.981         0.983         0.977         0.985
 P4HOMAIR       0.906         0.979         0.982         0.975         0.983
 B4BLDL         0.912         0.986         0.986         0.982         0.990
 B4BHDL         0.912         0.986         0.986         0.982         0.990
 RB4BTRIG       0.912         0.986         0.986         0.982         0.990
 RB4PWHR        0.919         0.994         0.987         0.982         0.990
 B1PGENDE       0.919         0.994         0.988         0.983         0.991
 B1PAGE_M       0.919         0.994         0.988         0.983         0.991


           Covariance Coverage
              B4BFGN        B4BSICAM      B4BSESEL      PULPRESS      RB4P1GS
              ________      ________      ________      ________      ________
 B4BFGN         0.985
 B4BSICAM       0.983         0.990
 B4BSESEL       0.983         0.990         0.990
 PULPRESS       0.985         0.990         0.990         1.000
 RB4P1GS        0.985         0.990         0.990         1.000         1.000
 RB4P1D         0.985         0.990         0.990         0.999         0.999
 B4BHA1C        0.981         0.984         0.984         0.985         0.985
 RB4BGLUC       0.978         0.985         0.985         0.985         0.985
 P4HOMAIR       0.977         0.983         0.983         0.983         0.983
 B4BLDL         0.983         0.989         0.989         0.990         0.990
 B4BHDL         0.983         0.989         0.989         0.990         0.990
 RB4BTRIG       0.983         0.989         0.989         0.990         0.990
 RB4PWHR        0.984         0.990         0.990         0.999         0.999
 B1PGENDE       0.985         0.990         0.990         1.000         1.000
 B1PAGE_M       0.985         0.990         0.990         1.000         1.000


           Covariance Coverage
              RB4P1D        B4BHA1C       RB4BGLUC      P4HOMAIR      B4BLDL
              ________      ________      ________      ________      ________
 RB4P1D         0.999
 B4BHA1C        0.984         0.985
 RB4BGLUC       0.984         0.978         0.985
 P4HOMAIR       0.982         0.977         0.983         0.983
 B4BLDL         0.990         0.983         0.983         0.982         0.990
 B4BHDL         0.990         0.983         0.983         0.982         0.990
 RB4BTRIG       0.990         0.983         0.983         0.982         0.990
 RB4PWHR        0.998         0.984         0.984         0.982         0.990
 B1PGENDE       0.999         0.985         0.985         0.983         0.990
 B1PAGE_M       0.999         0.985         0.985         0.983         0.990


           Covariance Coverage
              B4BHDL        RB4BTRIG      RB4PWHR       B1PGENDE      B1PAGE_M
              ________      ________      ________      ________      ________
 B4BHDL         0.990
 RB4BTRIG       0.990         0.990
 RB4PWHR        0.990         0.990         0.999
 B1PGENDE       0.990         0.990         0.999         1.000
 B1PAGE_M       0.990         0.990         0.999         1.000         1.000



THE MODEL ESTIMATION TERMINATED NORMALLY

     WARNING:  THE LATENT VARIABLE COVARIANCE MATRIX (PSI) IS NOT POSITIVE
     DEFINITE.  THIS COULD INDICATE A NEGATIVE VARIANCE/RESIDUAL VARIANCE FOR A
     LATENT VARIABLE, A CORRELATION GREATER OR EQUAL TO ONE BETWEEN TWO LATENT
     VARIABLES, OR A LINEAR DEPENDENCY AMONG MORE THAN TWO LATENT VARIABLES.
     CHECK THE TECH4 OUTPUT FOR MORE INFORMATION.
     PROBLEM INVOLVING VARIABLE RB4BGLUC.




MODEL FIT INFORMATION

Number of Free Parameters                      134

Loglikelihood

          H0 Value                      -32985.914
          H0 Scaling Correction Factor      1.2775
            for MLR
          H1 Value                      -32383.058
          H1 Scaling Correction Factor      1.1676
            for MLR

Information Criteria

          Akaike (AIC)                   66239.827
          Bayesian (BIC)                 66927.796
          Sample-Size Adjusted BIC       66502.150
            (n* = (n + 2) / 24)

Chi-Square Test of Model Fit

          Value                           1098.275*
          Degrees of Freedom                   211
          P-Value                           0.0000
          Scaling Correction Factor         1.0978
            for MLR

*   The chi-square value for MLM, MLMV, MLR, ULSMV, WLSM and WLSMV cannot be used
    for chi-square difference testing in the regular way.  MLM, MLR and WLSM
    chi-square difference testing is described on the Mplus website.  MLMV, WLSMV,
    and ULSMV difference testing is done using the DIFFTEST option.

RMSEA (Root Mean Square Error Of Approximation)

          Estimate                           0.058
          90 Percent C.I.                    0.055  0.061
          Probability RMSEA <= .05           0.000

CFI/TLI

          CFI                                0.932
          TLI                                0.904

Chi-Square Test of Model Fit for the Baseline Model

          Value                          13396.604
          Degrees of Freedom                   299
          P-Value                           0.0000

SRMR (Standardized Root Mean Square Residual)

          Value                              0.051



MODEL RESULTS

                                                    Two-Tailed
                    Estimate       S.E.  Est./S.E.    P-Value

 SYM      BY
    RADJ_NOR           1.000      0.000    999.000    999.000
    RADJ_EPI           1.000      0.000    999.000    999.000

 HPA      BY
    RADJ_CRT           1.000      0.000    999.000    999.000
    B4BDHEAS           1.000      0.000    999.000    999.000

 CARD     BY
    RB4P1GS            1.000      0.000    999.000    999.000
    PULPRESS           1.000      0.000    999.000    999.000

 GLUC     BY
    RB4BGLUC           1.000      0.000    999.000    999.000
    P4HOMAIR           0.328      0.050      6.521      0.000
    B4BHA1C            0.703      0.050     13.953      0.000

 LIPID    BY
    RB4PWHR            1.000      0.000    999.000    999.000
    RB4BTRIG           1.501      0.125     11.970      0.000
    B4BHDL            -1.226      0.109    -11.291      0.000
    B4BLDL             0.367      0.092      3.996      0.000
    P4HOMAIR           1.374      0.090     15.298      0.000

 INFL     BY
    RB4BCRP            1.000      0.000    999.000    999.000
    B4BIL6             0.825      0.049     16.769      0.000
    B4BFGN             0.787      0.043     18.157      0.000
    B4BSICAM           0.314      0.050      6.257      0.000
    B4BSESEL           0.357      0.046      7.750      0.000

 PARA     BY
    AVGB_SD           -1.000      0.000    999.000    999.000
    AVGB_RM           -0.857      0.018    -48.815      0.000
    AVGB_HF           -0.806      0.018    -44.330      0.000
    AVGB_LF           -0.829      0.016    -52.426      0.000
    RB4P1D             0.402      0.030     13.370      0.000

 RADJ_EPI ON
    B1PGENDER          0.060      0.059      1.020      0.308
    B1PAGE_M2          0.014      0.003      5.625      0.000

 RADJ_NOR ON
    B1PGENDER          0.460      0.056      8.218      0.000
    B1PAGE_M2          0.021      0.002      9.083      0.000

 AVGB_SD  ON
    B1PGENDER         -0.140      0.057     -2.447      0.014
    B1PAGE_M2         -0.025      0.003     -9.470      0.000

 AVGB_RM  ON
    B1PGENDER          0.031      0.058      0.534      0.594
    B1PAGE_M2         -0.017      0.003     -6.175      0.000

 AVGB_HF  ON
    B1PGENDER          0.120      0.058      2.075      0.038
    B1PAGE_M2         -0.022      0.003     -8.630      0.000

 AVGB_LF  ON
    B1PGENDER         -0.262      0.055     -4.778      0.000
    B1PAGE_M2         -0.033      0.002    -13.358      0.000

 RB4P1D   ON
    B1PGENDER          0.246      0.059      4.190      0.000
    B1PAGE_M2         -0.001      0.002     -0.378      0.705

 RADJ_CRT ON
    B1PGENDER          0.203      0.058      3.472      0.001
    B1PAGE_M2          0.007      0.002      2.914      0.004

 B4BDHEAS ON
    B1PGENDER         -0.699      0.049    -14.253      0.000
    B1PAGE_M2         -0.037      0.002    -17.364      0.000

 RB4BCRP  ON
    B1PGENDER          0.336      0.057      5.935      0.000
    B1PAGE_M2          0.001      0.003      0.351      0.726

 B4BIL6   ON
    B1PGENDER          0.153      0.057      2.702      0.007
    B1PAGE_M2          0.015      0.002      6.302      0.000

 B4BFGN   ON
    B1PGENDER          0.364      0.057      6.396      0.000
    B1PAGE_M2          0.010      0.003      3.937      0.000

 B4BSICAM ON
    B1PGENDER          0.010      0.058      0.174      0.862
    B1PAGE_M2          0.010      0.003      3.736      0.000

 B4BSESEL ON
    B1PGENDER         -0.180      0.060     -3.007      0.003
    B1PAGE_M2         -0.009      0.002     -3.538      0.000

 RB4P1GS  ON
    B1PGENDER         -0.124      0.054     -2.322      0.020
    B1PAGE_M2          0.024      0.002      9.825      0.000

 PULPRESS ON
    B1PGENDER          0.184      0.050      3.641      0.000
    B1PAGE_M2          0.037      0.002     16.352      0.000

 RB4BGLUC ON
    B1PGENDER         -0.265      0.060     -4.435      0.000
    B1PAGE_M2          0.004      0.002      1.807      0.071

 P4HOMAIR ON
    B1PGENDER         -0.201      0.059     -3.389      0.001
    B1PAGE_M2         -0.003      0.002     -1.136      0.256

 B4BHA1C  ON
    B1PGENDER          0.021      0.060      0.355      0.722
    B1PAGE_M2          0.014      0.002      6.298      0.000

 RB4PWHR  ON
    B1PGENDER         -1.277      0.044    -28.966      0.000
    B1PAGE_M2          0.009      0.002      5.046      0.000

 RB4BTRIG ON
    B1PGENDER         -0.411      0.059     -6.998      0.000
    B1PAGE_M2          0.000      0.002     -0.186      0.853

 B4BHDL   ON
    B1PGENDER          0.744      0.054     13.686      0.000
    B1PAGE_M2          0.005      0.002      2.022      0.043

 B4BLDL   ON
    B1PGENDER          0.039      0.059      0.657      0.511
    B1PAGE_M2         -0.009      0.002     -3.494      0.000

 HPA      WITH
    SYM                0.079      0.018      4.374      0.000

 CARD     WITH
    SYM                0.055      0.023      2.419      0.016
    HPA                0.041      0.018      2.289      0.022

 GLUC     WITH
    SYM                0.013      0.023      0.575      0.565
    HPA               -0.026      0.020     -1.312      0.189
    CARD               0.084      0.026      3.187      0.001

 LIPID    WITH
    SYM               -0.034      0.013     -2.547      0.011
    HPA               -0.058      0.012     -5.012      0.000
    CARD               0.064      0.013      4.812      0.000
    GLUC               0.157      0.025      6.403      0.000

 INFL     WITH
    SYM                0.027      0.024      1.101      0.271
    HPA               -0.065      0.019     -3.386      0.001
    CARD               0.109      0.024      4.476      0.000
    GLUC               0.159      0.030      5.307      0.000
    LIPID              0.180      0.020      9.006      0.000

 PARA     WITH
    SYM                0.042      0.025      1.687      0.092
    HPA               -0.017      0.021     -0.818      0.414
    CARD              -0.039      0.027     -1.453      0.146
    GLUC               0.096      0.033      2.931      0.003
    LIPID              0.104      0.017      6.254      0.000
    INFL               0.167      0.026      6.312      0.000

 AVGB_RM  WITH
    AVGB_HF            0.275      0.013     20.665      0.000

 Intercepts
    RADJ_EPI          -0.806      0.142     -5.674      0.000
    RADJ_NOR          -1.424      0.137    -10.383      0.000
    AVGB_SD            1.442      0.149      9.666      0.000
    AVGB_RM            0.871      0.147      5.921      0.000
    AVGB_LF            1.939      0.140     13.839      0.000
    AVGB_HF            1.139      0.145      7.863      0.000
    RADJ_CRT          -0.509      0.143     -3.561      0.000
    B4BDHEAS           2.437      0.120     20.344      0.000
    RB4BCRP           -0.231      0.147     -1.568      0.117
    B4BIL6            -0.915      0.142     -6.422      0.000
    B4BFGN            -0.741      0.142     -5.225      0.000
    B4BSICAM          -0.534      0.152     -3.521      0.000
    B4BSESEL           0.569      0.144      3.943      0.000
    PULPRESS          -2.136      0.125    -17.033      0.000
    RB4P1GS           -1.216      0.134     -9.108      0.000
    RB4P1D            -0.089      0.146     -0.609      0.543
    B4BHA1C           -0.803      0.139     -5.788      0.000
    RB4BGLUC          -0.080      0.139     -0.571      0.568
    P4HOMAIR           0.264      0.144      1.834      0.067
    B4BLDL             0.452      0.147      3.068      0.002
    B4BHDL            -0.683      0.137     -4.997      0.000
    RB4BTRIG           0.262      0.147      1.785      0.074
    RB4PWHR            0.220      0.108      2.039      0.041

 Variances
    SYM                0.452      0.030     14.823      0.000
    HPA                0.108      0.029      3.744      0.000
    CARD               0.697      0.035     20.196      0.000
    GLUC               0.988      0.131      7.523      0.000
    LIPID              0.193      0.022      8.854      0.000
    INFL               0.625      0.046     13.510      0.000
    PARA               0.915      0.042     21.595      0.000

 Residual Variances
    RADJ_EPI           0.502      0.033     15.121      0.000
    RADJ_NOR           0.454      0.031     14.414      0.000
    AVGB_SD            0.000      0.000    999.000    999.000
    AVGB_RM            0.293      0.013     22.537      0.000
    AVGB_LF            0.213      0.011     19.308      0.000
    AVGB_HF            0.336      0.015     22.457      0.000
    RADJ_CRT           0.832      0.042     19.880      0.000
    B4BDHEAS           0.624      0.038     16.265      0.000
    RB4BCRP            0.353      0.036      9.933      0.000
    B4BIL6             0.538      0.039     13.954      0.000
    B4BFGN             0.571      0.032     17.574      0.000
    B4BSICAM           0.924      0.061     15.171      0.000
    B4BSESEL           0.903      0.041     22.119      0.000
    PULPRESS           0.106      0.015      7.239      0.000
    RB4P1GS            0.222      0.017     12.715      0.000
    RB4P1D             0.836      0.035     23.868      0.000
    B4BHA1C            0.480      0.051      9.480      0.000
    RB4BGLUC          -0.011      0.067     -0.159      0.874
    P4HOMAIR           0.381      0.027     13.909      0.000
    B4BLDL             0.963      0.041     23.770      0.000
    B4BHDL             0.573      0.036     16.049      0.000
    RB4BTRIG           0.525      0.035     14.996      0.000
    RB4PWHR            0.388      0.021     18.281      0.000


STANDARDIZED MODEL RESULTS


STDYX Standardization

                                                    Two-Tailed
                    Estimate       S.E.  Est./S.E.    P-Value

 SYM      BY
    RADJ_NOR           0.667      0.019     35.822      0.000
    RADJ_EPI           0.678      0.019     35.082      0.000

 HPA      BY
    RADJ_CRT           0.336      0.044      7.721      0.000
    B4BDHEAS           0.324      0.042      7.704      0.000

 CARD     BY
    RB4P1GS            0.835      0.011     77.407      0.000
    PULPRESS           0.836      0.014     58.580      0.000

 GLUC     BY
    RB4BGLUC           0.995      0.034     29.396      0.000
    P4HOMAIR           0.325      0.043      7.509      0.000
    B4BHA1C            0.700      0.032     21.768      0.000

 LIPID    BY
    RB4PWHR            0.440      0.024     18.572      0.000
    RB4BTRIG           0.659      0.028     23.662      0.000
    B4BHDL            -0.539      0.028    -19.152      0.000
    B4BLDL             0.161      0.037      4.381      0.000
    P4HOMAIR           0.603      0.033     18.410      0.000

 INFL     BY
    RB4BCRP            0.788      0.023     34.339      0.000
    B4BIL6             0.653      0.026     25.449      0.000
    B4BFGN             0.622      0.023     26.601      0.000
    B4BSICAM           0.249      0.035      7.034      0.000
    B4BSESEL           0.282      0.031      9.061      0.000

 PARA     BY
    AVGB_SD           -0.954      0.009   -102.160      0.000
    AVGB_RM           -0.819      0.012    -70.164      0.000
    AVGB_HF           -0.769      0.014    -54.806      0.000
    AVGB_LF           -0.791      0.013    -58.799      0.000
    RB4P1D             0.385      0.027     14.521      0.000

 RADJ_EPI ON
    B1PGENDER          0.030      0.029      1.021      0.307
    B1PAGE_M2          0.168      0.029      5.750      0.000

 RADJ_NOR ON
    B1PGENDER          0.226      0.027      8.513      0.000
    B1PAGE_M2          0.248      0.027      9.259      0.000

 AVGB_SD  ON
    B1PGENDER         -0.069      0.028     -2.465      0.014
    B1PAGE_M2         -0.296      0.030     -9.853      0.000

 AVGB_RM  ON
    B1PGENDER          0.015      0.029      0.534      0.594
    B1PAGE_M2         -0.193      0.031     -6.175      0.000

 AVGB_HF  ON
    B1PGENDER          0.059      0.028      2.081      0.037
    B1PAGE_M2         -0.262      0.030     -8.799      0.000

 AVGB_LF  ON
    B1PGENDER         -0.129      0.027     -4.843      0.000
    B1PAGE_M2         -0.388      0.027    -14.426      0.000

 RB4P1D   ON
    B1PGENDER          0.122      0.029      4.221      0.000
    B1PAGE_M2         -0.011      0.029     -0.378      0.705

 RADJ_CRT ON
    B1PGENDER          0.103      0.029      3.484      0.000
    B1PAGE_M2          0.086      0.030      2.920      0.003

 B4BDHEAS ON
    B1PGENDER         -0.341      0.022    -15.677      0.000
    B1PAGE_M2         -0.432      0.023    -18.495      0.000

 RB4BCRP  ON
    B1PGENDER          0.166      0.028      6.015      0.000
    B1PAGE_M2          0.010      0.030      0.351      0.726

 B4BIL6   ON
    B1PGENDER          0.076      0.028      2.712      0.007
    B1PAGE_M2          0.178      0.028      6.394      0.000

 B4BFGN   ON
    B1PGENDER          0.180      0.027      6.619      0.000
    B1PAGE_M2          0.116      0.029      4.004      0.000

 B4BSICAM ON
    B1PGENDER          0.005      0.029      0.174      0.862
    B1PAGE_M2          0.114      0.031      3.694      0.000

 B4BSESEL ON
    B1PGENDER         -0.089      0.029     -3.020      0.003
    B1PAGE_M2         -0.100      0.028     -3.560      0.000

 RB4P1GS  ON
    B1PGENDER         -0.062      0.027     -2.317      0.021
    B1PAGE_M2          0.276      0.027     10.087      0.000

 PULPRESS ON
    B1PGENDER          0.091      0.025      3.679      0.000
    B1PAGE_M2          0.437      0.024     18.518      0.000

 RB4BGLUC ON
    B1PGENDER         -0.132      0.029     -4.598      0.000
    B1PAGE_M2          0.049      0.028      1.779      0.075

 P4HOMAIR ON
    B1PGENDER         -0.099      0.029     -3.408      0.001
    B1PAGE_M2         -0.032      0.028     -1.138      0.255

 B4BHA1C  ON
    B1PGENDER          0.011      0.030      0.354      0.723
    B1PAGE_M2          0.170      0.030      5.717      0.000

 RB4PWHR  ON
    B1PGENDER         -0.633      0.016    -39.333      0.000
    B1PAGE_M2          0.108      0.021      5.045      0.000

 RB4BTRIG ON
    B1PGENDER         -0.203      0.028     -7.236      0.000
    B1PAGE_M2         -0.005      0.029     -0.186      0.853

 B4BHDL   ON
    B1PGENDER          0.368      0.025     15.021      0.000
    B1PAGE_M2          0.056      0.028      2.008      0.045

 B4BLDL   ON
    B1PGENDER          0.019      0.029      0.658      0.511
    B1PAGE_M2         -0.102      0.029     -3.517      0.000

 HPA      WITH
    SYM                0.358      0.085      4.200      0.000

 CARD     WITH
    SYM                0.098      0.040      2.444      0.015
    HPA                0.149      0.066      2.261      0.024

 GLUC     WITH
    SYM                0.020      0.035      0.576      0.564
    HPA               -0.081      0.063     -1.272      0.203
    CARD               0.101      0.031      3.253      0.001

 LIPID    WITH
    SYM               -0.114      0.044     -2.602      0.009
    HPA               -0.404      0.088     -4.573      0.000
    CARD               0.174      0.034      5.066      0.000
    GLUC               0.360      0.046      7.822      0.000

 INFL     WITH
    SYM                0.050      0.046      1.099      0.272
    HPA               -0.250      0.077     -3.261      0.001
    CARD               0.165      0.035      4.739      0.000
    GLUC               0.202      0.039      5.136      0.000
    LIPID              0.518      0.036     14.264      0.000

 PARA     WITH
    SYM                0.065      0.039      1.687      0.092
    HPA               -0.053      0.065     -0.821      0.412
    CARD              -0.049      0.034     -1.459      0.145
    GLUC               0.101      0.033      3.033      0.002
    LIPID              0.247      0.036      6.889      0.000
    INFL               0.221      0.033      6.629      0.000

 AVGB_RM  WITH
    AVGB_HF            0.876      0.012     70.613      0.000

 Intercepts
    RADJ_EPI          -0.813      0.139     -5.830      0.000
    RADJ_NOR          -1.414      0.130    -10.866      0.000
    AVGB_SD            1.437      0.141     10.213      0.000
    AVGB_RM            0.869      0.146      5.973      0.000
    AVGB_LF            1.932      0.126     15.283      0.000
    AVGB_HF            1.136      0.141      8.051      0.000
    RADJ_CRT          -0.520      0.145     -3.592      0.000
    B4BDHEAS           2.401      0.106     22.637      0.000
    RB4BCRP           -0.230      0.147     -1.571      0.116
    B4BIL6            -0.915      0.140     -6.529      0.000
    B4BFGN            -0.740      0.138     -5.353      0.000
    B4BSICAM          -0.534      0.155     -3.453      0.001
    B4BSESEL           0.569      0.143      3.973      0.000
    PULPRESS          -2.137      0.109    -19.688      0.000
    RB4P1GS           -1.216      0.130     -9.360      0.000
    RB4P1D            -0.089      0.146     -0.608      0.543
    B4BHA1C           -0.804      0.157     -5.115      0.000
    RB4BGLUC          -0.080      0.141     -0.565      0.572
    P4HOMAIR           0.263      0.143      1.843      0.065
    B4BLDL             0.452      0.146      3.100      0.002
    B4BHDL            -0.683      0.139     -4.907      0.000
    RB4BTRIG           0.261      0.146      1.791      0.073
    RB4PWHR            0.220      0.108      2.044      0.041

 Variances
    SYM                1.000      0.000    999.000    999.000
    HPA                1.000      0.000    999.000    999.000
    CARD               1.000      0.000    999.000    999.000
    GLUC               1.000      0.000    999.000    999.000
    LIPID              1.000      0.000    999.000    999.000
    INFL               1.000      0.000    999.000    999.000
    PARA               1.000      0.000    999.000    999.000

 Residual Variances
    RADJ_EPI           0.511      0.026     19.303      0.000
    RADJ_NOR           0.447      0.025     17.667      0.000
    AVGB_SD            0.000    999.000    999.000    999.000
    AVGB_RM            0.292      0.015     19.085      0.000
    AVGB_LF            0.212      0.013     16.004      0.000
    AVGB_HF            0.335      0.017     19.440      0.000
    RADJ_CRT           0.870      0.029     29.515      0.000
    B4BDHEAS           0.606      0.032     19.136      0.000
    RB4BCRP            0.351      0.036      9.880      0.000
    B4BIL6             0.538      0.034     15.981      0.000
    B4BFGN             0.570      0.030     19.238      0.000
    B4BSICAM           0.925      0.017     53.480      0.000
    B4BSESEL           0.903      0.019     47.721      0.000
    PULPRESS           0.106      0.015      7.246      0.000
    RB4P1GS            0.221      0.015     14.476      0.000
    RB4P1D             0.837      0.022     38.816      0.000
    B4BHA1C            0.481      0.043     11.250      0.000
    RB4BGLUC          -0.011    999.000    999.000    999.000
    P4HOMAIR           0.379      0.027     13.893      0.000
    B4BLDL             0.963      0.013     72.665      0.000
    B4BHDL             0.573      0.030     19.324      0.000
    RB4BTRIG           0.524      0.036     14.680      0.000
    RB4PWHR            0.388      0.021     18.736      0.000


R-SQUARE

    Observed                                        Two-Tailed
    Variable        Estimate       S.E.  Est./S.E.    P-Value

    RADJ_EPI           0.489      0.026     18.441      0.000
    RADJ_NOR           0.553      0.025     21.859      0.000
    AVGB_SD            1.000    999.000    999.000    999.000
    AVGB_RM            0.708      0.015     46.260      0.000
    AVGB_LF            0.788      0.013     59.528      0.000
    AVGB_HF            0.665      0.017     38.633      0.000
    RADJ_CRT           0.130      0.029      4.420      0.000
    B4BDHEAS           0.394      0.032     12.462      0.000
    RB4BCRP            0.649      0.036     18.279      0.000
    B4BIL6             0.462      0.034     13.728      0.000
    B4BFGN             0.430      0.030     14.531      0.000
    B4BSICAM           0.075      0.017      4.320      0.000
    B4BSESEL           0.097      0.019      5.109      0.000
    PULPRESS           0.894      0.015     60.956      0.000
    RB4P1GS            0.779      0.015     50.895      0.000
    RB4P1D             0.163      0.022      7.577      0.000
    B4BHA1C            0.519      0.043     12.129      0.000
    RB4BGLUC        Undefined   0.10106E+01
    P4HOMAIR           0.621      0.027     22.736      0.000
    B4BLDL             0.037      0.013      2.780      0.005
    B4BHDL             0.427      0.030     14.413      0.000
    RB4BTRIG           0.476      0.036     13.324      0.000
    RB4PWHR            0.612      0.021     29.559      0.000


QUALITY OF NUMERICAL RESULTS

     Condition Number for the Information Matrix              0.133E-06
       (ratio of smallest to largest eigenvalue)


CONFIDENCE INTERVALS OF MODEL RESULTS

                  Lower .5%  Lower 2.5%    Lower 5%    Estimate    Upper 5%  Upper 2.5%   Upper .5%

 SYM      BY
    RADJ_NOR         1.000       1.000       1.000       1.000       1.000       1.000       1.000
    RADJ_EPI         1.000       1.000       1.000       1.000       1.000       1.000       1.000

 HPA      BY
    RADJ_CRT         1.000       1.000       1.000       1.000       1.000       1.000       1.000
    B4BDHEAS         1.000       1.000       1.000       1.000       1.000       1.000       1.000

 CARD     BY
    RB4P1GS          1.000       1.000       1.000       1.000       1.000       1.000       1.000
    PULPRESS         1.000       1.000       1.000       1.000       1.000       1.000       1.000

 GLUC     BY
    RB4BGLUC         1.000       1.000       1.000       1.000       1.000       1.000       1.000
    P4HOMAIR         0.198       0.229       0.245       0.328       0.410       0.426       0.457
    B4BHA1C          0.574       0.605       0.621       0.703       0.786       0.802       0.833

 LIPID    BY
    RB4PWHR          1.000       1.000       1.000       1.000       1.000       1.000       1.000
    RB4BTRIG         1.178       1.255       1.295       1.501       1.707       1.747       1.824
    B4BHDL          -1.506      -1.439      -1.405      -1.226      -1.048      -1.014      -0.947
    B4BLDL           0.130       0.187       0.216       0.367       0.518       0.547       0.603
    P4HOMAIR         1.143       1.198       1.226       1.374       1.522       1.550       1.605

 INFL     BY
    RB4BCRP          1.000       1.000       1.000       1.000       1.000       1.000       1.000
    B4BIL6           0.698       0.728       0.744       0.825       0.906       0.921       0.952
    B4BFGN           0.675       0.702       0.716       0.787       0.858       0.872       0.899
    B4BSICAM         0.185       0.216       0.232       0.314       0.397       0.413       0.444
    B4BSESEL         0.238       0.266       0.281       0.357       0.432       0.447       0.475

 PARA     BY
    AVGB_SD         -1.000      -1.000      -1.000      -1.000      -1.000      -1.000      -1.000
    AVGB_RM         -0.902      -0.892      -0.886      -0.857      -0.828      -0.823      -0.812
    AVGB_HF         -0.853      -0.841      -0.836      -0.806      -0.776      -0.770      -0.759
    AVGB_LF         -0.870      -0.860      -0.856      -0.829      -0.803      -0.798      -0.789
    RB4P1D           0.325       0.343       0.353       0.402       0.452       0.461       0.480

 RADJ_EPI ON
    B1PGENDER       -0.091      -0.055      -0.037       0.060       0.156       0.175       0.211
    B1PAGE_M2        0.008       0.009       0.010       0.014       0.018       0.019       0.021

 RADJ_NOR ON
    B1PGENDER        0.316       0.350       0.368       0.460       0.552       0.570       0.604
    B1PAGE_M2        0.015       0.017       0.017       0.021       0.025       0.026       0.027

 AVGB_SD  ON
    B1PGENDER       -0.287      -0.252      -0.234      -0.140      -0.046      -0.028       0.007
    B1PAGE_M2       -0.032      -0.031      -0.030      -0.025      -0.021      -0.020      -0.018

 AVGB_RM  ON
    B1PGENDER       -0.119      -0.083      -0.065       0.031       0.127       0.146       0.181
    B1PAGE_M2       -0.023      -0.022      -0.021      -0.017      -0.012      -0.011      -0.010

 AVGB_HF  ON
    B1PGENDER       -0.029       0.007       0.025       0.120       0.214       0.232       0.268
    B1PAGE_M2       -0.029      -0.028      -0.027      -0.022      -0.018      -0.017      -0.016

 AVGB_LF  ON
    B1PGENDER       -0.403      -0.369      -0.352      -0.262      -0.172      -0.155      -0.121
    B1PAGE_M2       -0.040      -0.038      -0.037      -0.033      -0.029      -0.028      -0.027

 RB4P1D   ON
    B1PGENDER        0.095       0.131       0.149       0.246       0.342       0.361       0.397
    B1PAGE_M2       -0.007      -0.006      -0.005      -0.001       0.003       0.004       0.005

 RADJ_CRT ON
    B1PGENDER        0.052       0.088       0.107       0.203       0.299       0.317       0.353
    B1PAGE_M2        0.001       0.002       0.003       0.007       0.011       0.012       0.014

 B4BDHEAS ON
    B1PGENDER       -0.826      -0.795      -0.780      -0.699      -0.619      -0.603      -0.573
    B1PAGE_M2       -0.043      -0.042      -0.041      -0.037      -0.034      -0.033      -0.032

 RB4BCRP  ON
    B1PGENDER        0.190       0.225       0.243       0.336       0.430       0.447       0.482
    B1PAGE_M2       -0.006      -0.004      -0.003       0.001       0.005       0.006       0.007

 B4BIL6   ON
    B1PGENDER        0.007       0.042       0.060       0.153       0.247       0.264       0.299
    B1PAGE_M2        0.009       0.010       0.011       0.015       0.019       0.020       0.021

 B4BFGN   ON
    B1PGENDER        0.217       0.253       0.270       0.364       0.458       0.476       0.511
    B1PAGE_M2        0.003       0.005       0.006       0.010       0.014       0.015       0.016

 B4BSICAM ON
    B1PGENDER       -0.140      -0.104      -0.086       0.010       0.106       0.124       0.160
    B1PAGE_M2        0.003       0.005       0.005       0.010       0.014       0.015       0.016

 B4BSESEL ON
    B1PGENDER       -0.333      -0.297      -0.278      -0.180      -0.081      -0.063      -0.026
    B1PAGE_M2       -0.015      -0.013      -0.013      -0.009      -0.005      -0.004      -0.002

 RB4P1GS  ON
    B1PGENDER       -0.262      -0.229      -0.213      -0.124      -0.036      -0.019       0.014
    B1PAGE_M2        0.017       0.019       0.020       0.024       0.028       0.028       0.030

 PULPRESS ON
    B1PGENDER        0.054       0.085       0.101       0.184       0.267       0.283       0.314
    B1PAGE_M2        0.031       0.033       0.034       0.037       0.041       0.042       0.043

 RB4BGLUC ON
    B1PGENDER       -0.420      -0.383      -0.364      -0.265      -0.167      -0.148      -0.111
    B1PAGE_M2       -0.002       0.000       0.000       0.004       0.008       0.009       0.010

 P4HOMAIR ON
    B1PGENDER       -0.354      -0.317      -0.298      -0.201      -0.103      -0.085      -0.048
    B1PAGE_M2       -0.009      -0.007      -0.007      -0.003       0.001       0.002       0.003

 B4BHA1C  ON
    B1PGENDER       -0.133      -0.096      -0.077       0.021       0.120       0.139       0.176
    B1PAGE_M2        0.009       0.010       0.011       0.014       0.018       0.019       0.020

 RB4PWHR  ON
    B1PGENDER       -1.391      -1.363      -1.350      -1.277      -1.205      -1.191      -1.163
    B1PAGE_M2        0.005       0.006       0.006       0.009       0.012       0.013       0.014

 RB4BTRIG ON
    B1PGENDER       -0.562      -0.526      -0.507      -0.411      -0.314      -0.296      -0.260
    B1PAGE_M2       -0.007      -0.005      -0.005       0.000       0.004       0.004       0.006

 B4BHDL   ON
    B1PGENDER        0.604       0.637       0.654       0.744       0.833       0.850       0.884
    B1PAGE_M2       -0.001       0.000       0.001       0.005       0.009       0.009       0.011

 B4BLDL   ON
    B1PGENDER       -0.113      -0.077      -0.058       0.039       0.135       0.154       0.190
    B1PAGE_M2       -0.015      -0.014      -0.013      -0.009      -0.005      -0.004      -0.002

 HPA      WITH
    SYM              0.033       0.044       0.049       0.079       0.109       0.115       0.126

 CARD     WITH
    SYM             -0.004       0.010       0.018       0.055       0.092       0.099       0.113
    HPA             -0.005       0.006       0.012       0.041       0.070       0.076       0.087

 GLUC     WITH
    SYM             -0.047      -0.032      -0.025       0.013       0.052       0.059       0.074
    HPA             -0.078      -0.066      -0.059      -0.026       0.007       0.013       0.025
    CARD             0.016       0.032       0.041       0.084       0.128       0.136       0.152

 LIPID    WITH
    SYM             -0.068      -0.060      -0.055      -0.034      -0.012      -0.008       0.000
    HPA             -0.088      -0.081      -0.077      -0.058      -0.039      -0.036      -0.028
    CARD             0.030       0.038       0.042       0.064       0.086       0.090       0.098
    GLUC             0.094       0.109       0.117       0.157       0.198       0.205       0.220

 INFL     WITH
    SYM             -0.036      -0.021      -0.013       0.027       0.066       0.074       0.089
    HPA             -0.114      -0.103      -0.097      -0.065      -0.033      -0.027      -0.016
    CARD             0.046       0.061       0.069       0.109       0.149       0.157       0.172
    GLUC             0.082       0.100       0.109       0.159       0.208       0.217       0.236
    LIPID            0.129       0.141       0.147       0.180       0.213       0.219       0.232

 PARA     WITH
    SYM             -0.022      -0.007       0.001       0.042       0.083       0.091       0.106
    HPA             -0.070      -0.057      -0.051      -0.017       0.017       0.023       0.036
    CARD            -0.109      -0.092      -0.084      -0.039       0.005       0.014       0.030
    GLUC             0.012       0.032       0.042       0.096       0.150       0.160       0.180
    LIPID            0.061       0.071       0.076       0.104       0.131       0.136       0.147
    INFL             0.099       0.115       0.124       0.167       0.211       0.219       0.235

 AVGB_RM  WITH
    AVGB_HF          0.241       0.249       0.253       0.275       0.297       0.301       0.309

 Intercepts
    RADJ_EPI        -1.171      -1.084      -1.039      -0.806      -0.572      -0.527      -0.440
    RADJ_NOR        -1.778      -1.693      -1.650      -1.424      -1.199      -1.155      -1.071
    AVGB_SD          1.058       1.149       1.196       1.442       1.687       1.734       1.826
    AVGB_RM          0.492       0.583       0.629       0.871       1.113       1.159       1.249
    AVGB_LF          1.578       1.664       1.709       1.939       2.170       2.214       2.300
    AVGB_HF          0.766       0.855       0.901       1.139       1.377       1.423       1.512
    RADJ_CRT        -0.876      -0.788      -0.743      -0.509      -0.274      -0.229      -0.141
    B4BDHEAS         2.129       2.203       2.240       2.437       2.635       2.672       2.746
    RB4BCRP         -0.611      -0.520      -0.474      -0.231       0.011       0.058       0.149
    B4BIL6          -1.282      -1.194      -1.149      -0.915      -0.681      -0.636      -0.548
    B4BFGN          -1.106      -1.019      -0.974      -0.741      -0.508      -0.463      -0.376
    B4BSICAM        -0.924      -0.831      -0.783      -0.534      -0.284      -0.236      -0.143
    B4BSESEL         0.197       0.286       0.332       0.569       0.806       0.852       0.941
    PULPRESS        -2.459      -2.382      -2.342      -2.136      -1.930      -1.890      -1.813
    RB4P1GS         -1.560      -1.478      -1.436      -1.216      -0.996      -0.954      -0.872
    RB4P1D          -0.466      -0.376      -0.329      -0.089       0.152       0.198       0.288
    B4BHA1C         -1.161      -1.075      -1.032      -0.803      -0.575      -0.531      -0.446
    RB4BGLUC        -0.438      -0.353      -0.309      -0.080       0.150       0.194       0.279
    P4HOMAIR        -0.107      -0.018       0.027       0.264       0.501       0.546       0.635
    B4BLDL           0.072       0.163       0.209       0.452       0.694       0.740       0.831
    B4BHDL          -1.036      -0.951      -0.908      -0.683      -0.458      -0.415      -0.331
    RB4BTRIG        -0.116      -0.026       0.020       0.262       0.503       0.549       0.639
    RB4PWHR         -0.058       0.009       0.043       0.220       0.398       0.432       0.498

 Variances
    SYM              0.373       0.392       0.402       0.452       0.502       0.512       0.530
    HPA              0.034       0.052       0.061       0.108       0.156       0.165       0.182
    CARD             0.609       0.630       0.641       0.697       0.754       0.765       0.786
    GLUC             0.650       0.730       0.772       0.988       1.204       1.245       1.326
    LIPID            0.137       0.150       0.157       0.193       0.229       0.236       0.249
    INFL             0.506       0.535       0.549       0.625       0.701       0.716       0.745
    PARA             0.806       0.832       0.846       0.915       0.985       0.999       1.025

 Residual Variances
    RADJ_EPI         0.417       0.437       0.448       0.502       0.557       0.567       0.588
    RADJ_NOR         0.372       0.392       0.402       0.454       0.505       0.515       0.535
    AVGB_SD          0.000       0.000       0.000       0.000       0.000       0.000       0.000
    AVGB_RM          0.260       0.268       0.272       0.293       0.315       0.319       0.327
    AVGB_LF          0.185       0.192       0.195       0.213       0.232       0.235       0.242
    AVGB_HF          0.298       0.307       0.312       0.336       0.361       0.366       0.375
    RADJ_CRT         0.724       0.750       0.763       0.832       0.901       0.914       0.940
    B4BDHEAS         0.525       0.549       0.561       0.624       0.687       0.699       0.723
    RB4BCRP          0.261       0.283       0.295       0.353       0.411       0.423       0.444
    B4BIL6           0.438       0.462       0.474       0.538       0.601       0.613       0.637
    B4BFGN           0.487       0.507       0.517       0.571       0.624       0.635       0.655
    B4BSICAM         0.767       0.805       0.824       0.924       1.025       1.044       1.081
    B4BSESEL         0.798       0.823       0.836       0.903       0.970       0.983       1.008
    PULPRESS         0.068       0.077       0.082       0.106       0.130       0.135       0.144
    RB4P1GS          0.177       0.187       0.193       0.222       0.250       0.256       0.266
    RB4P1D           0.746       0.767       0.778       0.836       0.894       0.905       0.926
    B4BHA1C          0.350       0.381       0.397       0.480       0.563       0.579       0.610
    RB4BGLUC        -0.182      -0.141      -0.120      -0.011       0.099       0.120       0.161
    P4HOMAIR         0.310       0.327       0.336       0.381       0.426       0.434       0.451
    B4BLDL           0.858       0.883       0.896       0.963       1.029       1.042       1.067
    B4BHDL           0.481       0.503       0.514       0.573       0.632       0.643       0.665
    RB4BTRIG         0.435       0.456       0.467       0.525       0.583       0.594       0.615
    RB4PWHR          0.333       0.346       0.353       0.388       0.422       0.429       0.442


CONFIDENCE INTERVALS OF STANDARDIZED MODEL RESULTS


STDYX Standardization

                  Lower .5%  Lower 2.5%    Lower 5%    Estimate    Upper 5%  Upper 2.5%   Upper .5%

 SYM      BY
    RADJ_NOR         0.619       0.631       0.637       0.667       0.698       0.704       0.715
    RADJ_EPI         0.628       0.640       0.646       0.678       0.710       0.716       0.728

 HPA      BY
    RADJ_CRT         0.224       0.251       0.265       0.336       0.408       0.422       0.448
    B4BDHEAS         0.216       0.241       0.255       0.324       0.393       0.406       0.432

 CARD     BY
    RB4P1GS          0.807       0.814       0.817       0.835       0.853       0.856       0.863
    PULPRESS         0.799       0.808       0.812       0.836       0.859       0.864       0.873

 GLUC     BY
    RB4BGLUC         0.908       0.929       0.939       0.995       1.051       1.061       1.082
    P4HOMAIR         0.214       0.240       0.254       0.325       0.396       0.410       0.436
    B4BHA1C          0.617       0.637       0.647       0.700       0.753       0.763       0.783

 LIPID    BY
    RB4PWHR          0.379       0.393       0.401       0.440       0.479       0.486       0.501
    RB4BTRIG         0.587       0.605       0.613       0.659       0.705       0.714       0.731
    B4BHDL          -0.611      -0.594      -0.585      -0.539      -0.493      -0.484      -0.466
    B4BLDL           0.066       0.089       0.101       0.161       0.222       0.233       0.256
    P4HOMAIR         0.519       0.539       0.549       0.603       0.657       0.667       0.687

 INFL     BY
    RB4BCRP          0.729       0.743       0.751       0.788       0.826       0.833       0.848
    B4BIL6           0.586       0.602       0.610       0.653       0.695       0.703       0.719
    B4BFGN           0.561       0.576       0.583       0.622       0.660       0.667       0.682
    B4BSICAM         0.158       0.179       0.191       0.249       0.307       0.318       0.340
    B4BSESEL         0.202       0.221       0.231       0.282       0.333       0.343       0.362

 PARA     BY
    AVGB_SD         -0.978      -0.972      -0.969      -0.954      -0.938      -0.936      -0.930
    AVGB_RM         -0.849      -0.841      -0.838      -0.819      -0.799      -0.796      -0.789
    AVGB_HF         -0.805      -0.797      -0.792      -0.769      -0.746      -0.742      -0.733
    AVGB_LF         -0.826      -0.817      -0.813      -0.791      -0.769      -0.765      -0.756
    RB4P1D           0.317       0.333       0.341       0.385       0.429       0.437       0.453

 RADJ_EPI ON
    B1PGENDER       -0.045      -0.027      -0.018       0.030       0.078       0.087       0.105
    B1PAGE_M2        0.093       0.110       0.120       0.168       0.216       0.225       0.243

 RADJ_NOR ON
    B1PGENDER        0.158       0.174       0.183       0.226       0.270       0.278       0.295
    B1PAGE_M2        0.179       0.196       0.204       0.248       0.293       0.301       0.317

 AVGB_SD  ON
    B1PGENDER       -0.141      -0.124      -0.115      -0.069      -0.023      -0.014       0.003
    B1PAGE_M2       -0.373      -0.354      -0.345      -0.296      -0.246      -0.237      -0.218

 AVGB_RM  ON
    B1PGENDER       -0.059      -0.041      -0.032       0.015       0.063       0.072       0.090
    B1PAGE_M2       -0.274      -0.254      -0.245      -0.193      -0.142      -0.132      -0.113

 AVGB_HF  ON
    B1PGENDER       -0.014       0.003       0.012       0.059       0.106       0.115       0.132
    B1PAGE_M2       -0.339      -0.320      -0.311      -0.262      -0.213      -0.204      -0.185

 AVGB_LF  ON
    B1PGENDER       -0.198      -0.182      -0.173      -0.129      -0.085      -0.077      -0.061
    B1PAGE_M2       -0.457      -0.441      -0.432      -0.388      -0.344      -0.335      -0.319

 RB4P1D   ON
    B1PGENDER        0.047       0.065       0.074       0.122       0.169       0.178       0.196
    B1PAGE_M2       -0.085      -0.067      -0.058      -0.011       0.037       0.046       0.063

 RADJ_CRT ON
    B1PGENDER        0.027       0.045       0.054       0.103       0.151       0.161       0.179
    B1PAGE_M2        0.010       0.028       0.038       0.086       0.135       0.144       0.163

 B4BDHEAS ON
    B1PGENDER       -0.397      -0.384      -0.377      -0.341      -0.305      -0.299      -0.285
    B1PAGE_M2       -0.492      -0.478      -0.470      -0.432      -0.393      -0.386      -0.372

 RB4BCRP  ON
    B1PGENDER        0.095       0.112       0.121       0.166       0.212       0.220       0.237
    B1PAGE_M2       -0.066      -0.048      -0.038       0.010       0.059       0.068       0.087

 B4BIL6   ON
    B1PGENDER        0.004       0.021       0.030       0.076       0.122       0.131       0.148
    B1PAGE_M2        0.106       0.124       0.132       0.178       0.224       0.233       0.250

 B4BFGN   ON
    B1PGENDER        0.110       0.127       0.135       0.180       0.225       0.234       0.250
    B1PAGE_M2        0.041       0.059       0.068       0.116       0.163       0.172       0.190

 B4BSICAM ON
    B1PGENDER       -0.069      -0.052      -0.042       0.005       0.052       0.062       0.079
    B1PAGE_M2        0.034       0.053       0.063       0.114       0.164       0.174       0.193

 B4BSESEL ON
    B1PGENDER       -0.165      -0.147      -0.137      -0.089      -0.041      -0.031      -0.013
    B1PAGE_M2       -0.173      -0.155      -0.147      -0.100      -0.054      -0.045      -0.028

 RB4P1GS  ON
    B1PGENDER       -0.130      -0.114      -0.105      -0.062      -0.018      -0.009       0.007
    B1PAGE_M2        0.206       0.223       0.231       0.276       0.321       0.330       0.347

 PULPRESS ON
    B1PGENDER        0.027       0.043       0.050       0.091       0.132       0.140       0.155
    B1PAGE_M2        0.376       0.390       0.398       0.437       0.475       0.483       0.497

 RB4BGLUC ON
    B1PGENDER       -0.205      -0.188      -0.179      -0.132      -0.085      -0.076      -0.058
    B1PAGE_M2       -0.022      -0.005       0.004       0.049       0.095       0.104       0.121

 P4HOMAIR ON
    B1PGENDER       -0.174      -0.156      -0.147      -0.099      -0.051      -0.042      -0.024
    B1PAGE_M2       -0.103      -0.086      -0.077      -0.032       0.014       0.023       0.040

 B4BHA1C  ON
    B1PGENDER       -0.066      -0.048      -0.038       0.011       0.060       0.069       0.087
    B1PAGE_M2        0.093       0.112       0.121       0.170       0.219       0.228       0.246

 RB4PWHR  ON
    B1PGENDER       -0.674      -0.665      -0.659      -0.633      -0.607      -0.601      -0.592
    B1PAGE_M2        0.053       0.066       0.073       0.108       0.144       0.151       0.164

 RB4BTRIG ON
    B1PGENDER       -0.276      -0.258      -0.250      -0.203      -0.157      -0.148      -0.131
    B1PAGE_M2       -0.080      -0.062      -0.053      -0.005       0.042       0.051       0.069

 B4BHDL   ON
    B1PGENDER        0.305       0.320       0.328       0.368       0.409       0.416       0.431
    B1PAGE_M2       -0.016       0.001       0.010       0.056       0.101       0.110       0.127

 B4BLDL   ON
    B1PGENDER       -0.056      -0.038      -0.029       0.019       0.067       0.076       0.094
    B1PAGE_M2       -0.176      -0.158      -0.149      -0.102      -0.054      -0.045      -0.027

 HPA      WITH
    SYM              0.138       0.191       0.218       0.358       0.498       0.525       0.578

 CARD     WITH
    SYM             -0.005       0.019       0.032       0.098       0.163       0.176       0.201
    HPA             -0.021       0.020       0.041       0.149       0.257       0.278       0.319

 GLUC     WITH
    SYM             -0.070      -0.048      -0.037       0.020       0.078       0.089       0.110
    HPA             -0.244      -0.205      -0.185      -0.081       0.024       0.044       0.083
    CARD             0.021       0.040       0.050       0.101       0.153       0.162       0.182

 LIPID    WITH
    SYM             -0.227      -0.200      -0.186      -0.114      -0.042      -0.028      -0.001
    HPA             -0.631      -0.577      -0.549      -0.404      -0.259      -0.231      -0.176
    CARD             0.085       0.107       0.117       0.174       0.230       0.241       0.262
    GLUC             0.241       0.270       0.284       0.360       0.435       0.450       0.478

 INFL     WITH
    SYM             -0.067      -0.039      -0.025       0.050       0.125       0.139       0.167
    HPA             -0.447      -0.400      -0.376      -0.250      -0.124      -0.100      -0.052
    CARD             0.075       0.097       0.108       0.165       0.223       0.234       0.255
    GLUC             0.101       0.125       0.137       0.202       0.266       0.279       0.303
    LIPID            0.425       0.447       0.458       0.518       0.578       0.589       0.612

 PARA     WITH
    SYM             -0.034      -0.011       0.002       0.065       0.129       0.141       0.165
    HPA             -0.221      -0.181      -0.160      -0.053       0.054       0.074       0.114
    CARD            -0.136      -0.115      -0.105      -0.049       0.006       0.017       0.038
    GLUC             0.015       0.036       0.046       0.101       0.156       0.166       0.187
    LIPID            0.155       0.177       0.188       0.247       0.306       0.317       0.339
    INFL             0.135       0.156       0.166       0.221       0.276       0.286       0.307

 AVGB_RM  WITH
    AVGB_HF          0.844       0.852       0.855       0.876       0.896       0.900       0.908

 Intercepts
    RADJ_EPI        -1.172      -1.086      -1.042      -0.813      -0.584      -0.540      -0.454
    RADJ_NOR        -1.749      -1.669      -1.628      -1.414      -1.200      -1.159      -1.079
    AVGB_SD          1.075       1.161       1.206       1.437       1.669       1.713       1.800
    AVGB_RM          0.494       0.584       0.630       0.869       1.108       1.154       1.244
    AVGB_LF          1.607       1.685       1.724       1.932       2.140       2.180       2.258
    AVGB_HF          0.773       0.860       0.904       1.136       1.368       1.413       1.500
    RADJ_CRT        -0.893      -0.804      -0.758      -0.520      -0.282      -0.236      -0.147
    B4BDHEAS         2.128       2.193       2.227       2.401       2.576       2.609       2.674
    RB4BCRP         -0.608      -0.518      -0.472      -0.230       0.011       0.057       0.147
    B4BIL6          -1.276      -1.190      -1.146      -0.915      -0.685      -0.641      -0.554
    B4BFGN          -1.097      -1.011      -0.968      -0.740      -0.513      -0.469      -0.384
    B4BSICAM        -0.932      -0.837      -0.788      -0.534      -0.279      -0.231      -0.136
    B4BSESEL         0.200       0.288       0.334       0.569       0.805       0.850       0.938
    PULPRESS        -2.417      -2.350      -2.316      -2.137      -1.959      -1.925      -1.858
    RB4P1GS         -1.550      -1.470      -1.429      -1.216      -1.002      -0.961      -0.881
    RB4P1D          -0.466      -0.376      -0.330      -0.089       0.152       0.198       0.288
    B4BHA1C         -1.209      -1.112      -1.063      -0.804      -0.546      -0.496      -0.399
    RB4BGLUC        -0.443      -0.356      -0.311      -0.080       0.152       0.196       0.283
    P4HOMAIR        -0.105      -0.017       0.028       0.263       0.499       0.544       0.632
    B4BLDL           0.076       0.166       0.212       0.452       0.691       0.737       0.827
    B4BHDL          -1.042      -0.956      -0.912      -0.683      -0.454      -0.410      -0.325
    RB4BTRIG        -0.114      -0.025       0.021       0.261       0.501       0.547       0.637
    RB4PWHR         -0.057       0.009       0.043       0.220       0.398       0.431       0.498

 Variances
    SYM              1.000       1.000       1.000       1.000       1.000       1.000       1.000
    HPA              1.000       1.000       1.000       1.000       1.000       1.000       1.000
    CARD             1.000       1.000       1.000       1.000       1.000       1.000       1.000
    GLUC             1.000       1.000       1.000       1.000       1.000       1.000       1.000
    LIPID            1.000       1.000       1.000       1.000       1.000       1.000       1.000
    INFL             1.000       1.000       1.000       1.000       1.000       1.000       1.000
    PARA             1.000       1.000       1.000       1.000       1.000       1.000       1.000

 Residual Variances
    RADJ_EPI         0.443       0.459       0.468       0.511       0.555       0.563       0.580
    RADJ_NOR         0.382       0.397       0.405       0.447       0.489       0.497       0.512
    AVGB_SD        999.000     999.000     999.000       0.000     999.000     999.000     999.000
    AVGB_RM          0.253       0.262       0.267       0.292       0.317       0.322       0.331
    AVGB_LF          0.178       0.186       0.190       0.212       0.234       0.238       0.246
    AVGB_HF          0.290       0.301       0.306       0.335       0.363       0.368       0.379
    RADJ_CRT         0.794       0.812       0.821       0.870       0.918       0.928       0.946
    B4BDHEAS         0.524       0.544       0.554       0.606       0.658       0.668       0.687
    RB4BCRP          0.259       0.281       0.292       0.351       0.409       0.420       0.442
    B4BIL6           0.451       0.472       0.483       0.538       0.593       0.604       0.625
    B4BFGN           0.493       0.512       0.521       0.570       0.618       0.628       0.646
    B4BSICAM         0.881       0.891       0.897       0.925       0.954       0.959       0.970
    B4BSESEL         0.855       0.866       0.872       0.903       0.934       0.940       0.952
    PULPRESS         0.068       0.078       0.082       0.106       0.130       0.135       0.144
    RB4P1GS          0.182       0.191       0.196       0.221       0.247       0.251       0.261
    RB4P1D           0.781       0.794       0.801       0.837       0.872       0.879       0.892
    B4BHA1C          0.371       0.397       0.411       0.481       0.552       0.565       0.591
    RB4BGLUC       999.000     999.000     999.000      -0.011     999.000     999.000     999.000
    P4HOMAIR         0.309       0.326       0.334       0.379       0.424       0.433       0.450
    B4BLDL           0.929       0.937       0.941       0.963       0.985       0.989       0.997
    B4BHDL           0.496       0.515       0.524       0.573       0.622       0.631       0.649
    RB4BTRIG         0.432       0.454       0.465       0.524       0.583       0.594       0.616
    RB4PWHR          0.335       0.347       0.354       0.388       0.422       0.429       0.441


     Beginning Time:  04:14:38
        Ending Time:  04:14:40
       Elapsed Time:  00:00:02



MUTHEN & MUTHEN
3463 Stoner Ave.
Los Angeles, CA  90066

Tel: (310) 391-9971
Fax: (310) 391-8971
Web: www.StatModel.com
Support: Support@StatModel.com

Copyright (c) 1998-2014 Muthen & Muthen
