Mplus VERSION 7.3
MUTHEN & MUTHEN
04/30/2015   4:14 AM

INPUT INSTRUCTIONS

  TITLE:
   CFA for one factor of biomarkers with equal loadings;
  DATA:
  FILE = "factor_allcov_clustering_Equal.dat";

  VARIABLE:
  NAMES = Radj_epi Radj_nor avgb_sd avgb_rm avgb_lf avgb_hf Rb4p1d Radj_crt b4bdheas
       Rb4bcrp b4bil6 b4bfgn b4bsicam b4bsesel pulpress Rb4p1gs b4bha1c Rb4bgluc
       p4homair b4bldl b4bhdl Rb4btrig Rb4pwhr m2famnum m2id b1pgender b1page_m2
       Agecat MedGroup white p4majorconditions p4minorconditions p4sumburden b3tem
       exec_fxn compression bending impact reg_izallo GNNregAL RXNNregAL;
   MISSING=.;

    usevariables = Radj_epi Radj_nor avgb_sd avgb_rm avgb_lf
      avgb_hf Radj_crt b4bdheas Rb4bcrp
      b4bil6 b4bfgn b4bsicam b4bsesel pulpress Rb4p1gs Rb4p1d
      b4bha1c Rb4bgluc
      p4homair b4bldl b4bhdl Rb4btrig Rb4pwhr
      b1pgender b1page_m2;
      CLUSTER = m2famnum;
      idvariable = m2id;

  ANALYSIS:

      TYPE = COMPLEX;
      ESTIMATOR = MLR;
      PROCESSORS = 4;
  MODEL:

      Radj_epi Radj_nor ON b1pgender b1page_m2;
      avgb_sd avgb_rm avgb_hf avgb_lf ON b1pgender b1page_m2;
      Rb4p1d ON b1pgender b1page_m2;
      Radj_crt b4bdheas ON b1pgender b1page_m2;
      Rb4bcrp b4bil6 b4bfgn b4bsicam b4bsesel ON b1pgender b1page_m2;
      Rb4p1gs pulpress ON b1pgender b1page_m2;
      Rb4bgluc p4homair b4bha1c ON b1pgender b1page_m2;
      Rb4pwhr Rb4btrig b4bhdl b4bldl ON b1pgender b1page_m2;


    AL BY Radj_epi@1 Radj_nor@1
    Radj_crt@1 b4bdheas@1
    Rb4p1gs@1 pulpress@1 Rb4p1d@1
    p4homair@1 Rb4bgluc@1 b4bha1c@1
    b4bldl@1 b4bhdl@1 Rb4btrig@1 Rb4pwhr@1
    Rb4bcrp@1 b4bil6@1 b4bfgn@1 b4bsicam@1 b4bsesel@1
    Rb4p1d@1 avgb_rm@1 avgb_hf@1 avgb_sd@1
    avgb_lf@1;
  OUTPUT:

      STDYX;
      CINTERVAL;



*** WARNING in VARIABLE command
  Note that only the first 8 characters of variable names are used in the output.
  Shorten variable names to avoid any confusion.
*** WARNING
  Data set contains cases with missing on all variables except
  x-variables.  These cases were not included in the analysis.
  Number of cases with missing on all variables except x-variables:  1
   2 WARNING(S) FOUND IN THE INPUT INSTRUCTIONS




CFA for one factor of biomarkers with equal loadings;

SUMMARY OF ANALYSIS

Number of groups                                                 1
Number of observations                                        1254

Number of dependent variables                                   23
Number of independent variables                                  2
Number of continuous latent variables                            1

Observed dependent variables

  Continuous
   RADJ_EPI    RADJ_NOR    AVGB_SD     AVGB_RM     AVGB_LF     AVGB_HF
   RADJ_CRT    B4BDHEAS    RB4BCRP     B4BIL6      B4BFGN      B4BSICAM
   B4BSESEL    PULPRESS    RB4P1GS     RB4P1D      B4BHA1C     RB4BGLUC
   P4HOMAIR    B4BLDL      B4BHDL      RB4BTRIG    RB4PWHR

Observed independent variables
   B1PGENDE    B1PAGE_M

Continuous latent variables
   AL

Variables with special functions

  Cluster variable      M2FAMNUM
  ID variable           M2ID

Estimator                                                      MLR
Information matrix                                        OBSERVED
Maximum number of iterations                                  1000
Convergence criterion                                    0.500D-04
Maximum number of steepest descent iterations                   20
Maximum number of iterations for H1                           2000
Convergence criterion for H1                             0.100D-03

Input data file(s)
  factor_allcov_clustering_Equal.dat

Input data format  FREE


SUMMARY OF DATA

     Number of missing data patterns            26
     Number of clusters        1097



COVARIANCE COVERAGE OF DATA

Minimum covariance coverage value   0.100


     PROPORTION OF DATA PRESENT


           Covariance Coverage
              RADJ_EPI      RADJ_NOR      AVGB_SD       AVGB_RM       AVGB_LF
              ________      ________      ________      ________      ________
 RADJ_EPI       0.979
 RADJ_NOR       0.979         0.987
 AVGB_SD        0.900         0.908         0.919
 AVGB_RM        0.900         0.908         0.919         0.919
 AVGB_LF        0.900         0.908         0.919         0.919         0.919
 AVGB_HF        0.900         0.908         0.919         0.919         0.919
 RADJ_CRT       0.979         0.987         0.915         0.915         0.915
 B4BDHEAS       0.969         0.977         0.911         0.911         0.911
 RB4BCRP        0.964         0.972         0.907         0.907         0.907
 B4BIL6         0.972         0.980         0.913         0.913         0.913
 B4BFGN         0.966         0.974         0.907         0.907         0.907
 B4BSICAM       0.971         0.979         0.912         0.912         0.912
 B4BSESEL       0.971         0.979         0.912         0.912         0.912
 PULPRESS       0.979         0.987         0.919         0.919         0.919
 RB4P1GS        0.979         0.987         0.919         0.919         0.919
 RB4P1D         0.978         0.986         0.919         0.919         0.919
 B4BHA1C        0.966         0.974         0.907         0.907         0.907
 RB4BGLUC       0.966         0.974         0.907         0.907         0.907
 P4HOMAIR       0.964         0.972         0.906         0.906         0.906
 B4BLDL         0.971         0.979         0.912         0.912         0.912
 B4BHDL         0.971         0.979         0.912         0.912         0.912
 RB4BTRIG       0.971         0.979         0.912         0.912         0.912
 RB4PWHR        0.978         0.986         0.919         0.919         0.919
 B1PGENDE       0.979         0.987         0.919         0.919         0.919
 B1PAGE_M       0.979         0.987         0.919         0.919         0.919


           Covariance Coverage
              AVGB_HF       RADJ_CRT      B4BDHEAS      RB4BCRP       B4BIL6
              ________      ________      ________      ________      ________
 AVGB_HF        0.919
 RADJ_CRT       0.915         0.994
 B4BDHEAS       0.911         0.984         0.988
 RB4BCRP        0.907         0.979         0.979         0.983
 B4BIL6         0.913         0.987         0.988         0.982         0.991
 B4BFGN         0.907         0.981         0.981         0.983         0.984
 B4BSICAM       0.912         0.986         0.987         0.982         0.990
 B4BSESEL       0.912         0.986         0.987         0.982         0.990
 PULPRESS       0.919         0.994         0.988         0.983         0.991
 RB4P1GS        0.919         0.994         0.988         0.983         0.991
 RB4P1D         0.919         0.994         0.987         0.983         0.990
 B4BHA1C        0.907         0.981         0.981         0.979         0.984
 RB4BGLUC       0.907         0.981         0.983         0.977         0.985
 P4HOMAIR       0.906         0.979         0.982         0.975         0.983
 B4BLDL         0.912         0.986         0.986         0.982         0.990
 B4BHDL         0.912         0.986         0.986         0.982         0.990
 RB4BTRIG       0.912         0.986         0.986         0.982         0.990
 RB4PWHR        0.919         0.994         0.987         0.982         0.990
 B1PGENDE       0.919         0.994         0.988         0.983         0.991
 B1PAGE_M       0.919         0.994         0.988         0.983         0.991


           Covariance Coverage
              B4BFGN        B4BSICAM      B4BSESEL      PULPRESS      RB4P1GS
              ________      ________      ________      ________      ________
 B4BFGN         0.985
 B4BSICAM       0.983         0.990
 B4BSESEL       0.983         0.990         0.990
 PULPRESS       0.985         0.990         0.990         1.000
 RB4P1GS        0.985         0.990         0.990         1.000         1.000
 RB4P1D         0.985         0.990         0.990         0.999         0.999
 B4BHA1C        0.981         0.984         0.984         0.985         0.985
 RB4BGLUC       0.978         0.985         0.985         0.985         0.985
 P4HOMAIR       0.977         0.983         0.983         0.983         0.983
 B4BLDL         0.983         0.989         0.989         0.990         0.990
 B4BHDL         0.983         0.989         0.989         0.990         0.990
 RB4BTRIG       0.983         0.989         0.989         0.990         0.990
 RB4PWHR        0.984         0.990         0.990         0.999         0.999
 B1PGENDE       0.985         0.990         0.990         1.000         1.000
 B1PAGE_M       0.985         0.990         0.990         1.000         1.000


           Covariance Coverage
              RB4P1D        B4BHA1C       RB4BGLUC      P4HOMAIR      B4BLDL
              ________      ________      ________      ________      ________
 RB4P1D         0.999
 B4BHA1C        0.984         0.985
 RB4BGLUC       0.984         0.978         0.985
 P4HOMAIR       0.982         0.977         0.983         0.983
 B4BLDL         0.990         0.983         0.983         0.982         0.990
 B4BHDL         0.990         0.983         0.983         0.982         0.990
 RB4BTRIG       0.990         0.983         0.983         0.982         0.990
 RB4PWHR        0.998         0.984         0.984         0.982         0.990
 B1PGENDE       0.999         0.985         0.985         0.983         0.990
 B1PAGE_M       0.999         0.985         0.985         0.983         0.990


           Covariance Coverage
              B4BHDL        RB4BTRIG      RB4PWHR       B1PGENDE      B1PAGE_M
              ________      ________      ________      ________      ________
 B4BHDL         0.990
 RB4BTRIG       0.990         0.990
 RB4PWHR        0.990         0.990         0.999
 B1PGENDE       0.990         0.990         0.999         1.000
 B1PAGE_M       0.990         0.990         0.999         1.000         1.000



THE MODEL ESTIMATION TERMINATED NORMALLY



MODEL FIT INFORMATION

Number of Free Parameters                       93

Loglikelihood

          H0 Value                      -38362.074
          H0 Scaling Correction Factor      1.2410
            for MLR
          H1 Value                      -32383.058
          H1 Scaling Correction Factor      1.1676
            for MLR

Information Criteria

          Akaike (AIC)                   76910.147
          Bayesian (BIC)                 77387.618
          Sample-Size Adjusted BIC       77092.207
            (n* = (n + 2) / 24)

Chi-Square Test of Model Fit

          Value                          10484.463*
          Degrees of Freedom                   252
          P-Value                           0.0000
          Scaling Correction Factor         1.1405
            for MLR

*   The chi-square value for MLM, MLMV, MLR, ULSMV, WLSM and WLSMV cannot be used
    for chi-square difference testing in the regular way.  MLM, MLR and WLSM
    chi-square difference testing is described on the Mplus website.  MLMV, WLSMV,
    and ULSMV difference testing is done using the DIFFTEST option.

RMSEA (Root Mean Square Error Of Approximation)

          Estimate                           0.180
          90 Percent C.I.                    0.177  0.183
          Probability RMSEA <= .05           0.000

CFI/TLI

          CFI                                0.219
          TLI                                0.073

Chi-Square Test of Model Fit for the Baseline Model

          Value                          13396.604
          Degrees of Freedom                   299
          P-Value                           0.0000

SRMR (Standardized Root Mean Square Residual)

          Value                              0.162



MODEL RESULTS

                                                    Two-Tailed
                    Estimate       S.E.  Est./S.E.    P-Value

 AL       BY
    RADJ_EPI           1.000      0.000    999.000    999.000
    RADJ_NOR           1.000      0.000    999.000    999.000
    RADJ_CRT           1.000      0.000    999.000    999.000
    B4BDHEAS           1.000      0.000    999.000    999.000
    RB4P1GS            1.000      0.000    999.000    999.000
    PULPRESS           1.000      0.000    999.000    999.000
    RB4P1D             1.000      0.000    999.000    999.000
    P4HOMAIR           1.000      0.000    999.000    999.000
    RB4BGLUC           1.000      0.000    999.000    999.000
    B4BHA1C            1.000      0.000    999.000    999.000
    B4BLDL             1.000      0.000    999.000    999.000
    B4BHDL             1.000      0.000    999.000    999.000
    RB4BTRIG           1.000      0.000    999.000    999.000
    RB4PWHR            1.000      0.000    999.000    999.000
    RB4BCRP            1.000      0.000    999.000    999.000
    B4BIL6             1.000      0.000    999.000    999.000
    B4BFGN             1.000      0.000    999.000    999.000
    B4BSICAM           1.000      0.000    999.000    999.000
    B4BSESEL           1.000      0.000    999.000    999.000
    AVGB_RM            1.000      0.000    999.000    999.000
    AVGB_HF            1.000      0.000    999.000    999.000
    AVGB_SD            1.000      0.000    999.000    999.000
    AVGB_LF            1.000      0.000    999.000    999.000

 RADJ_EPI ON
    B1PGENDER          0.061      0.059      1.042      0.297
    B1PAGE_M2          0.014      0.003      5.660      0.000

 RADJ_NOR ON
    B1PGENDER          0.462      0.056      8.257      0.000
    B1PAGE_M2          0.021      0.002      9.081      0.000

 AVGB_SD  ON
    B1PGENDER         -0.142      0.058     -2.453      0.014
    B1PAGE_M2         -0.026      0.003     -9.452      0.000

 AVGB_RM  ON
    B1PGENDER          0.029      0.059      0.501      0.616
    B1PAGE_M2         -0.017      0.003     -6.208      0.000

 AVGB_HF  ON
    B1PGENDER          0.118      0.058      2.030      0.042
    B1PAGE_M2         -0.023      0.003     -8.637      0.000

 AVGB_LF  ON
    B1PGENDER         -0.264      0.055     -4.757      0.000
    B1PAGE_M2         -0.034      0.003    -13.270      0.000

 RB4P1D   ON
    B1PGENDER          0.246      0.059      4.196      0.000
    B1PAGE_M2         -0.001      0.002     -0.377      0.706

 RADJ_CRT ON
    B1PGENDER          0.204      0.058      3.488      0.000
    B1PAGE_M2          0.007      0.002      2.911      0.004

 B4BDHEAS ON
    B1PGENDER         -0.697      0.049    -14.214      0.000
    B1PAGE_M2         -0.037      0.002    -17.397      0.000

 RB4BCRP  ON
    B1PGENDER          0.327      0.057      5.770      0.000
    B1PAGE_M2          0.001      0.003      0.450      0.653

 B4BIL6   ON
    B1PGENDER          0.150      0.057      2.639      0.008
    B1PAGE_M2          0.015      0.002      6.394      0.000

 B4BFGN   ON
    B1PGENDER          0.357      0.057      6.266      0.000
    B1PAGE_M2          0.010      0.003      4.034      0.000

 B4BSICAM ON
    B1PGENDER          0.008      0.058      0.142      0.887
    B1PAGE_M2          0.010      0.003      3.802      0.000

 B4BSESEL ON
    B1PGENDER         -0.181      0.060     -3.037      0.002
    B1PAGE_M2         -0.008      0.002     -3.461      0.001

 RB4P1GS  ON
    B1PGENDER         -0.124      0.054     -2.322      0.020
    B1PAGE_M2          0.024      0.002      9.825      0.000

 PULPRESS ON
    B1PGENDER          0.184      0.050      3.641      0.000
    B1PAGE_M2          0.037      0.002     16.352      0.000

 RB4BGLUC ON
    B1PGENDER         -0.265      0.060     -4.423      0.000
    B1PAGE_M2          0.004      0.002      1.870      0.062

 P4HOMAIR ON
    B1PGENDER         -0.205      0.059     -3.455      0.001
    B1PAGE_M2         -0.002      0.002     -0.972      0.331

 B4BHA1C  ON
    B1PGENDER          0.021      0.060      0.353      0.724
    B1PAGE_M2          0.015      0.002      6.275      0.000

 RB4PWHR  ON
    B1PGENDER         -1.277      0.044    -28.975      0.000
    B1PAGE_M2          0.009      0.002      5.056      0.000

 RB4BTRIG ON
    B1PGENDER         -0.415      0.059     -7.072      0.000
    B1PAGE_M2          0.000      0.002     -0.018      0.985

 B4BHDL   ON
    B1PGENDER          0.744      0.054     13.684      0.000
    B1PAGE_M2          0.005      0.002      1.960      0.050

 B4BLDL   ON
    B1PGENDER          0.036      0.059      0.615      0.539
    B1PAGE_M2         -0.008      0.002     -3.417      0.001

 Intercepts
    RADJ_EPI          -0.811      0.142     -5.713      0.000
    RADJ_NOR          -1.425      0.137    -10.394      0.000
    AVGB_SD            1.469      0.151      9.698      0.000
    AVGB_RM            0.896      0.149      6.020      0.000
    AVGB_LF            1.964      0.142     13.815      0.000
    AVGB_HF            1.164      0.146      7.944      0.000
    RADJ_CRT          -0.509      0.143     -3.561      0.000
    B4BDHEAS           2.439      0.120     20.379      0.000
    RB4BCRP           -0.246      0.147     -1.669      0.095
    B4BIL6            -0.927      0.143     -6.497      0.000
    B4BFGN            -0.754      0.142     -5.316      0.000
    B4BSICAM          -0.542      0.151     -3.576      0.000
    B4BSESEL           0.560      0.144      3.881      0.000
    PULPRESS          -2.136      0.125    -17.033      0.000
    RB4P1GS           -1.216      0.134     -9.108      0.000
    RB4P1D            -0.089      0.146     -0.611      0.541
    B4BHA1C           -0.803      0.139     -5.762      0.000
    RB4BGLUC          -0.087      0.139     -0.626      0.532
    P4HOMAIR           0.243      0.144      1.690      0.091
    B4BLDL             0.443      0.147      3.008      0.003
    B4BHDL            -0.673      0.137     -4.912      0.000
    RB4BTRIG           0.239      0.146      1.631      0.103
    RB4PWHR            0.219      0.108      2.029      0.042

 Variances
    AL                 0.058      0.004     13.836      0.000

 Residual Variances
    RADJ_EPI           0.982      0.040     24.428      0.000
    RADJ_NOR           0.820      0.037     22.175      0.000
    AVGB_SD            0.881      0.046     19.305      0.000
    AVGB_RM            0.905      0.044     20.518      0.000
    AVGB_LF            0.826      0.043     19.219      0.000
    AVGB_HF            0.877      0.043     20.418      0.000
    RADJ_CRT           1.018      0.042     24.011      0.000
    B4BDHEAS           0.703      0.034     20.560      0.000
    RB4BCRP            0.842      0.034     25.004      0.000
    B4BIL6             0.871      0.042     20.541      0.000
    B4BFGN             0.850      0.040     21.044      0.000
    B4BSICAM           0.936      0.066     14.126      0.000
    B4BSESEL           0.911      0.041     22.200      0.000
    PULPRESS           0.712      0.032     22.521      0.000
    RB4P1GS            0.815      0.039     21.125      0.000
    RB4P1D             0.951      0.041     23.445      0.000
    B4BHA1C            0.862      0.095      9.118      0.000
    RB4BGLUC           0.857      0.096      8.963      0.000
    P4HOMAIR           0.860      0.036     23.678      0.000
    B4BLDL             0.972      0.042     23.188      0.000
    B4BHDL             0.969      0.047     20.702      0.000
    RB4BTRIG           0.891      0.036     25.065      0.000
    RB4PWHR            0.503      0.023     21.589      0.000


STANDARDIZED MODEL RESULTS


STDYX Standardization

                                                    Two-Tailed
                    Estimate       S.E.  Est./S.E.    P-Value

 AL       BY
    RADJ_EPI           0.233      0.009     26.386      0.000
    RADJ_NOR           0.242      0.010     25.170      0.000
    RADJ_CRT           0.230      0.008     27.597      0.000
    B4BDHEAS           0.234      0.009     25.662      0.000
    RB4P1GS            0.247      0.010     24.763      0.000
    PULPRESS           0.245      0.010     24.691      0.000
    RB4P1D             0.238      0.009     25.464      0.000
    P4HOMAIR           0.250      0.010     23.950      0.000
    RB4BGLUC           0.249      0.016     16.021      0.000
    B4BHA1C            0.247      0.015     16.583      0.000
    B4BLDL             0.236      0.009     25.705      0.000
    B4BHDL             0.223      0.008     28.259      0.000
    RB4BTRIG           0.242      0.009     25.741      0.000
    RB4PWHR            0.243      0.009     25.865      0.000
    RB4BCRP            0.250      0.010     24.267      0.000
    B4BIL6             0.245      0.011     23.158      0.000
    B4BFGN             0.247      0.010     23.745      0.000
    B4BSICAM           0.240      0.011     21.186      0.000
    B4BSESEL           0.243      0.010     24.477      0.000
    AVGB_RM            0.241      0.010     24.916      0.000
    AVGB_HF            0.240      0.010     24.659      0.000
    AVGB_SD            0.237      0.010     24.647      0.000
    AVGB_LF            0.235      0.010     24.685      0.000

 RADJ_EPI ON
    B1PGENDER          0.029      0.028      1.043      0.297
    B1PAGE_M2          0.162      0.028      5.763      0.000

 RADJ_NOR ON
    B1PGENDER          0.230      0.027      8.548      0.000
    B1PAGE_M2          0.252      0.027      9.293      0.000

 AVGB_SD  ON
    B1PGENDER         -0.069      0.028     -2.476      0.013
    B1PAGE_M2         -0.295      0.030     -9.800      0.000

 AVGB_RM  ON
    B1PGENDER          0.015      0.029      0.501      0.616
    B1PAGE_M2         -0.197      0.032     -6.218      0.000

 AVGB_HF  ON
    B1PGENDER          0.058      0.029      2.033      0.042
    B1PAGE_M2         -0.265      0.030     -8.804      0.000

 AVGB_LF  ON
    B1PGENDER         -0.127      0.026     -4.834      0.000
    B1PAGE_M2         -0.383      0.027    -14.180      0.000

 RB4P1D   ON
    B1PGENDER          0.121      0.029      4.229      0.000
    B1PAGE_M2         -0.011      0.028     -0.378      0.706

 RADJ_CRT ON
    B1PGENDER          0.097      0.028      3.498      0.000
    B1PAGE_M2          0.081      0.028      2.921      0.003

 B4BDHEAS ON
    B1PGENDER         -0.336      0.021    -15.673      0.000
    B1PAGE_M2         -0.427      0.023    -18.565      0.000

 RB4BCRP  ON
    B1PGENDER          0.168      0.029      5.841      0.000
    B1PAGE_M2          0.014      0.031      0.450      0.653

 B4BIL6   ON
    B1PGENDER          0.076      0.029      2.647      0.008
    B1PAGE_M2          0.184      0.028      6.497      0.000

 B4BFGN   ON
    B1PGENDER          0.181      0.028      6.481      0.000
    B1PAGE_M2          0.122      0.030      4.113      0.000

 B4BSICAM ON
    B1PGENDER          0.004      0.029      0.142      0.887
    B1PAGE_M2          0.115      0.031      3.767      0.000

 B4BSESEL ON
    B1PGENDER         -0.091      0.030     -3.051      0.002
    B1PAGE_M2         -0.099      0.028     -3.480      0.001

 RB4P1GS  ON
    B1PGENDER         -0.063      0.027     -2.316      0.021
    B1PAGE_M2          0.283      0.028     10.151      0.000

 PULPRESS ON
    B1PGENDER          0.093      0.025      3.681      0.000
    B1PAGE_M2          0.444      0.024     18.755      0.000

 RB4BGLUC ON
    B1PGENDER         -0.136      0.029     -4.615      0.000
    B1PAGE_M2          0.053      0.029      1.841      0.066

 P4HOMAIR ON
    B1PGENDER         -0.105      0.030     -3.485      0.000
    B1PAGE_M2         -0.028      0.029     -0.974      0.330

 B4BHA1C  ON
    B1PGENDER          0.011      0.031      0.352      0.725
    B1PAGE_M2          0.175      0.031      5.711      0.000

 RB4PWHR  ON
    B1PGENDER         -0.639      0.016    -40.087      0.000
    B1PAGE_M2          0.110      0.022      5.050      0.000

 RB4BTRIG ON
    B1PGENDER         -0.207      0.028     -7.341      0.000
    B1PAGE_M2         -0.001      0.029     -0.018      0.985

 B4BHDL   ON
    B1PGENDER          0.342      0.023     14.654      0.000
    B1PAGE_M2          0.050      0.026      1.948      0.051

 B4BLDL   ON
    B1PGENDER          0.018      0.029      0.615      0.538
    B1PAGE_M2         -0.097      0.028     -3.435      0.001

 Intercepts
    RADJ_EPI          -0.785      0.134     -5.849      0.000
    RADJ_NOR          -1.434      0.131    -10.920      0.000
    AVGB_SD            1.446      0.141     10.223      0.000
    AVGB_RM            0.895      0.147      6.081      0.000
    AVGB_LF            1.916      0.127     15.116      0.000
    AVGB_HF            1.158      0.142      8.135      0.000
    RADJ_CRT          -0.486      0.135     -3.596      0.000
    B4BDHEAS           2.371      0.104     22.844      0.000
    RB4BCRP           -0.255      0.153     -1.673      0.094
    B4BIL6            -0.943      0.143     -6.610      0.000
    B4BFGN            -0.772      0.141     -5.466      0.000
    B4BSICAM          -0.539      0.153     -3.516      0.000
    B4BSESEL           0.564      0.144      3.909      0.000
    PULPRESS          -2.175      0.109    -19.983      0.000
    RB4P1GS           -1.244      0.132     -9.418      0.000
    RB4P1D            -0.088      0.145     -0.610      0.542
    B4BHA1C           -0.825      0.162     -5.104      0.000
    RB4BGLUC          -0.090      0.146     -0.619      0.536
    P4HOMAIR           0.252      0.149      1.699      0.089
    B4BLDL             0.434      0.143      3.034      0.002
    B4BHDL            -0.624      0.129     -4.824      0.000
    RB4BTRIG           0.240      0.147      1.636      0.102
    RB4PWHR            0.221      0.109      2.035      0.042

 Variances
    AL                 1.000      0.000    999.000    999.000

 Residual Variances
    RADJ_EPI           0.919      0.010     95.781      0.000
    RADJ_NOR           0.830      0.018     47.050      0.000
    AVGB_SD            0.854      0.018     47.320      0.000
    AVGB_RM            0.903      0.013     67.948      0.000
    AVGB_LF            0.786      0.021     37.128      0.000
    AVGB_HF            0.868      0.017     51.164      0.000
    RADJ_CRT           0.932      0.008    120.064      0.000
    B4BDHEAS           0.664      0.021     31.358      0.000
    RB4BCRP            0.909      0.011     84.626      0.000
    B4BIL6             0.902      0.012     74.640      0.000
    B4BFGN             0.893      0.012     73.364      0.000
    B4BSICAM           0.929      0.009    103.042      0.000
    B4BSESEL           0.924      0.009    105.167      0.000
    PULPRESS           0.738      0.020     36.414      0.000
    RB4P1GS            0.854      0.017     50.424      0.000
    RB4P1D             0.929      0.008    118.708      0.000
    B4BHA1C            0.908      0.015     61.424      0.000
    RB4BGLUC           0.916      0.011     80.295      0.000
    P4HOMAIR           0.926      0.008    113.576      0.000
    B4BLDL             0.934      0.007    139.222      0.000
    B4BHDL             0.832      0.016     52.623      0.000
    RB4BTRIG           0.899      0.012     75.547      0.000
    RB4PWHR            0.514      0.020     25.217      0.000


R-SQUARE

    Observed                                        Two-Tailed
    Variable        Estimate       S.E.  Est./S.E.    P-Value

    RADJ_EPI           0.081      0.010      8.434      0.000
    RADJ_NOR           0.170      0.018      9.621      0.000
    AVGB_SD            0.146      0.018      8.118      0.000
    AVGB_RM            0.097      0.013      7.303      0.000
    AVGB_LF            0.214      0.021     10.089      0.000
    AVGB_HF            0.132      0.017      7.797      0.000
    RADJ_CRT           0.068      0.008      8.799      0.000
    B4BDHEAS           0.336      0.021     15.899      0.000
    RB4BCRP            0.091      0.011      8.467      0.000
    B4BIL6             0.098      0.012      8.146      0.000
    B4BFGN             0.107      0.012      8.749      0.000
    B4BSICAM           0.071      0.009      7.850      0.000
    B4BSESEL           0.076      0.009      8.650      0.000
    PULPRESS           0.262      0.020     12.945      0.000
    RB4P1GS            0.146      0.017      8.642      0.000
    RB4P1D             0.071      0.008      9.133      0.000
    B4BHA1C            0.092      0.015      6.192      0.000
    RB4BGLUC           0.084      0.011      7.361      0.000
    P4HOMAIR           0.074      0.008      9.089      0.000
    B4BLDL             0.066      0.007      9.795      0.000
    B4BHDL             0.168      0.016     10.594      0.000
    RB4BTRIG           0.101      0.012      8.509      0.000
    RB4PWHR            0.486      0.020     23.883      0.000


QUALITY OF NUMERICAL RESULTS

     Condition Number for the Information Matrix              0.303E-05
       (ratio of smallest to largest eigenvalue)


CONFIDENCE INTERVALS OF MODEL RESULTS

                  Lower .5%  Lower 2.5%    Lower 5%    Estimate    Upper 5%  Upper 2.5%   Upper .5%

 AL       BY
    RADJ_EPI         1.000       1.000       1.000       1.000       1.000       1.000       1.000
    RADJ_NOR         1.000       1.000       1.000       1.000       1.000       1.000       1.000
    RADJ_CRT         1.000       1.000       1.000       1.000       1.000       1.000       1.000
    B4BDHEAS         1.000       1.000       1.000       1.000       1.000       1.000       1.000
    RB4P1GS          1.000       1.000       1.000       1.000       1.000       1.000       1.000
    PULPRESS         1.000       1.000       1.000       1.000       1.000       1.000       1.000
    RB4P1D           1.000       1.000       1.000       1.000       1.000       1.000       1.000
    P4HOMAIR         1.000       1.000       1.000       1.000       1.000       1.000       1.000
    RB4BGLUC         1.000       1.000       1.000       1.000       1.000       1.000       1.000
    B4BHA1C          1.000       1.000       1.000       1.000       1.000       1.000       1.000
    B4BLDL           1.000       1.000       1.000       1.000       1.000       1.000       1.000
    B4BHDL           1.000       1.000       1.000       1.000       1.000       1.000       1.000
    RB4BTRIG         1.000       1.000       1.000       1.000       1.000       1.000       1.000
    RB4PWHR          1.000       1.000       1.000       1.000       1.000       1.000       1.000
    RB4BCRP          1.000       1.000       1.000       1.000       1.000       1.000       1.000
    B4BIL6           1.000       1.000       1.000       1.000       1.000       1.000       1.000
    B4BFGN           1.000       1.000       1.000       1.000       1.000       1.000       1.000
    B4BSICAM         1.000       1.000       1.000       1.000       1.000       1.000       1.000
    B4BSESEL         1.000       1.000       1.000       1.000       1.000       1.000       1.000
    AVGB_RM          1.000       1.000       1.000       1.000       1.000       1.000       1.000
    AVGB_HF          1.000       1.000       1.000       1.000       1.000       1.000       1.000
    AVGB_SD          1.000       1.000       1.000       1.000       1.000       1.000       1.000
    AVGB_LF          1.000       1.000       1.000       1.000       1.000       1.000       1.000

 RADJ_EPI ON
    B1PGENDER       -0.090      -0.054      -0.035       0.061       0.158       0.176       0.212
    B1PAGE_M2        0.008       0.009       0.010       0.014       0.018       0.019       0.021

 RADJ_NOR ON
    B1PGENDER        0.318       0.352       0.370       0.462       0.554       0.572       0.606
    B1PAGE_M2        0.015       0.017       0.017       0.021       0.025       0.026       0.027

 AVGB_SD  ON
    B1PGENDER       -0.290      -0.255      -0.237      -0.142      -0.047      -0.028       0.007
    B1PAGE_M2       -0.033      -0.031      -0.030      -0.026      -0.021      -0.020      -0.019

 AVGB_RM  ON
    B1PGENDER       -0.122      -0.086      -0.067       0.029       0.126       0.145       0.181
    B1PAGE_M2       -0.024      -0.022      -0.021      -0.017      -0.012      -0.012      -0.010

 AVGB_HF  ON
    B1PGENDER       -0.032       0.004       0.022       0.118       0.214       0.232       0.268
    B1PAGE_M2       -0.029      -0.028      -0.027      -0.023      -0.018      -0.018      -0.016

 AVGB_LF  ON
    B1PGENDER       -0.406      -0.372      -0.355      -0.264      -0.172      -0.155      -0.121
    B1PAGE_M2       -0.040      -0.038      -0.038      -0.034      -0.029      -0.029      -0.027

 RB4P1D   ON
    B1PGENDER        0.095       0.131       0.150       0.246       0.343       0.361       0.397
    B1PAGE_M2       -0.007      -0.006      -0.005      -0.001       0.003       0.004       0.005

 RADJ_CRT ON
    B1PGENDER        0.053       0.089       0.108       0.204       0.300       0.319       0.355
    B1PAGE_M2        0.001       0.002       0.003       0.007       0.011       0.012       0.014

 B4BDHEAS ON
    B1PGENDER       -0.824      -0.794      -0.778      -0.697      -0.617      -0.601      -0.571
    B1PAGE_M2       -0.043      -0.042      -0.041      -0.037      -0.034      -0.033      -0.032

 RB4BCRP  ON
    B1PGENDER        0.181       0.216       0.234       0.327       0.420       0.438       0.473
    B1PAGE_M2       -0.005      -0.004      -0.003       0.001       0.005       0.006       0.008

 B4BIL6   ON
    B1PGENDER        0.004       0.039       0.056       0.150       0.243       0.261       0.296
    B1PAGE_M2        0.009       0.011       0.011       0.015       0.019       0.020       0.022

 B4BFGN   ON
    B1PGENDER        0.210       0.245       0.263       0.357       0.450       0.468       0.503
    B1PAGE_M2        0.004       0.005       0.006       0.010       0.014       0.015       0.017

 B4BSICAM ON
    B1PGENDER       -0.142      -0.106      -0.087       0.008       0.104       0.122       0.158
    B1PAGE_M2        0.003       0.005       0.006       0.010       0.014       0.015       0.017

 B4BSESEL ON
    B1PGENDER       -0.335      -0.299      -0.280      -0.181      -0.083      -0.064      -0.028
    B1PAGE_M2       -0.015      -0.013      -0.012      -0.008      -0.004      -0.004      -0.002

 RB4P1GS  ON
    B1PGENDER       -0.262      -0.229      -0.213      -0.124      -0.036      -0.019       0.014
    B1PAGE_M2        0.017       0.019       0.020       0.024       0.028       0.028       0.030

 PULPRESS ON
    B1PGENDER        0.054       0.085       0.101       0.184       0.267       0.283       0.314
    B1PAGE_M2        0.031       0.033       0.034       0.037       0.041       0.042       0.043

 RB4BGLUC ON
    B1PGENDER       -0.420      -0.383      -0.364      -0.265      -0.167      -0.148      -0.111
    B1PAGE_M2       -0.002       0.000       0.001       0.004       0.008       0.009       0.010

 P4HOMAIR ON
    B1PGENDER       -0.358      -0.321      -0.303      -0.205      -0.107      -0.089      -0.052
    B1PAGE_M2       -0.008      -0.007      -0.006      -0.002       0.002       0.002       0.004

 B4BHA1C  ON
    B1PGENDER       -0.134      -0.097      -0.078       0.021       0.120       0.139       0.176
    B1PAGE_M2        0.009       0.010       0.011       0.015       0.018       0.019       0.020

 RB4PWHR  ON
    B1PGENDER       -1.391      -1.364      -1.350      -1.277      -1.205      -1.191      -1.164
    B1PAGE_M2        0.005       0.006       0.006       0.009       0.012       0.013       0.014

 RB4BTRIG ON
    B1PGENDER       -0.567      -0.531      -0.512      -0.415      -0.319      -0.300      -0.264
    B1PAGE_M2       -0.006      -0.005      -0.004       0.000       0.004       0.005       0.006

 B4BHDL   ON
    B1PGENDER        0.604       0.638       0.655       0.744       0.834       0.851       0.884
    B1PAGE_M2       -0.001       0.000       0.001       0.005       0.008       0.009       0.011

 B4BLDL   ON
    B1PGENDER       -0.115      -0.079      -0.061       0.036       0.133       0.151       0.188
    B1PAGE_M2       -0.015      -0.013      -0.013      -0.008      -0.004      -0.004      -0.002

 Intercepts
    RADJ_EPI        -1.177      -1.090      -1.045      -0.811      -0.578      -0.533      -0.446
    RADJ_NOR        -1.778      -1.694      -1.650      -1.425      -1.199      -1.156      -1.072
    AVGB_SD          1.079       1.172       1.220       1.469       1.718       1.766       1.859
    AVGB_RM          0.513       0.604       0.651       0.896       1.141       1.188       1.279
    AVGB_LF          1.598       1.685       1.730       1.964       2.198       2.243       2.330
    AVGB_HF          0.786       0.876       0.923       1.164       1.404       1.451       1.541
    RADJ_CRT        -0.876      -0.788      -0.743      -0.509      -0.274      -0.229      -0.141
    B4BDHEAS         2.131       2.205       2.242       2.439       2.636       2.674       2.748
    RB4BCRP         -0.625      -0.534      -0.488      -0.246      -0.003       0.043       0.134
    B4BIL6          -1.294      -1.206      -1.161      -0.927      -0.692      -0.647      -0.559
    B4BFGN          -1.119      -1.032      -0.987      -0.754      -0.520      -0.476      -0.389
    B4BSICAM        -0.932      -0.838      -0.791      -0.542      -0.292      -0.245      -0.151
    B4BSESEL         0.188       0.277       0.323       0.560       0.798       0.843       0.932
    PULPRESS        -2.459      -2.382      -2.342      -2.136      -1.930      -1.890      -1.813
    RB4P1GS         -1.560      -1.478      -1.436      -1.216      -0.996      -0.954      -0.872
    RB4P1D          -0.466      -0.376      -0.330      -0.089       0.151       0.197       0.287
    B4BHA1C         -1.162      -1.077      -1.033      -0.803      -0.574      -0.530      -0.444
    RB4BGLUC        -0.446      -0.361      -0.317      -0.087       0.142       0.186       0.272
    P4HOMAIR        -0.128      -0.039       0.006       0.243       0.480       0.526       0.614
    B4BLDL           0.064       0.154       0.201       0.443       0.685       0.731       0.822
    B4BHDL          -1.026      -0.941      -0.898      -0.673      -0.448      -0.404      -0.320
    RB4BTRIG        -0.138      -0.048      -0.002       0.239       0.480       0.526       0.616
    RB4PWHR         -0.059       0.007       0.041       0.219       0.397       0.431       0.497

 Variances
    AL               0.047       0.050       0.051       0.058       0.065       0.066       0.069

 Residual Variances
    RADJ_EPI         0.878       0.903       0.916       0.982       1.048       1.061       1.085
    RADJ_NOR         0.725       0.748       0.759       0.820       0.881       0.893       0.915
    AVGB_SD          0.763       0.791       0.806       0.881       0.956       0.970       0.998
    AVGB_RM          0.792       0.819       0.833       0.905       0.978       0.992       1.019
    AVGB_LF          0.715       0.742       0.755       0.826       0.897       0.910       0.937
    AVGB_HF          0.766       0.792       0.806       0.877       0.947       0.961       0.987
    RADJ_CRT         0.909       0.935       0.948       1.018       1.088       1.101       1.127
    B4BDHEAS         0.615       0.636       0.646       0.703       0.759       0.769       0.791
    RB4BCRP          0.756       0.776       0.787       0.842       0.898       0.908       0.929
    B4BIL6           0.762       0.788       0.801       0.871       0.941       0.954       0.980
    B4BFGN           0.746       0.771       0.784       0.850       0.917       0.930       0.955
    B4BSICAM         0.766       0.807       0.827       0.936       1.046       1.066       1.107
    B4BSESEL         0.805       0.831       0.844       0.911       0.979       0.992       1.017
    PULPRESS         0.630       0.650       0.660       0.712       0.764       0.774       0.793
    RB4P1GS          0.716       0.740       0.752       0.815       0.879       0.891       0.915
    RB4P1D           0.846       0.871       0.884       0.951       1.018       1.030       1.055
    B4BHA1C          0.618       0.677       0.706       0.862       1.017       1.047       1.105
    RB4BGLUC         0.611       0.669       0.700       0.857       1.014       1.044       1.103
    P4HOMAIR         0.767       0.789       0.800       0.860       0.920       0.931       0.954
    B4BLDL           0.864       0.890       0.903       0.972       1.041       1.054       1.080
    B4BHDL           0.848       0.877       0.892       0.969       1.046       1.060       1.089
    RB4BTRIG         0.800       0.822       0.833       0.891       0.950       0.961       0.983
    RB4PWHR          0.443       0.458       0.465       0.503       0.542       0.549       0.563


CONFIDENCE INTERVALS OF STANDARDIZED MODEL RESULTS


STDYX Standardization

                  Lower .5%  Lower 2.5%    Lower 5%    Estimate    Upper 5%  Upper 2.5%   Upper .5%

 AL       BY
    RADJ_EPI         0.210       0.216       0.219       0.233       0.248       0.250       0.256
    RADJ_NOR         0.218       0.224       0.227       0.242       0.258       0.261       0.267
    RADJ_CRT         0.209       0.214       0.217       0.230       0.244       0.247       0.252
    B4BDHEAS         0.211       0.216       0.219       0.234       0.249       0.252       0.258
    RB4P1GS          0.221       0.227       0.230       0.247       0.263       0.266       0.272
    PULPRESS         0.220       0.226       0.229       0.245       0.262       0.265       0.271
    RB4P1D           0.214       0.220       0.223       0.238       0.253       0.256       0.262
    P4HOMAIR         0.223       0.229       0.233       0.250       0.267       0.270       0.277
    RB4BGLUC         0.209       0.219       0.224       0.249       0.275       0.280       0.289
    B4BHA1C          0.209       0.218       0.223       0.247       0.272       0.277       0.286
    B4BLDL           0.213       0.218       0.221       0.236       0.251       0.254       0.260
    B4BHDL           0.203       0.208       0.210       0.223       0.236       0.239       0.244
    RB4BTRIG         0.218       0.224       0.226       0.242       0.257       0.260       0.266
    RB4PWHR          0.219       0.225       0.228       0.243       0.259       0.262       0.268
    RB4BCRP          0.224       0.230       0.233       0.250       0.267       0.270       0.277
    B4BIL6           0.218       0.224       0.228       0.245       0.262       0.266       0.272
    B4BFGN           0.220       0.227       0.230       0.247       0.264       0.267       0.274
    B4BSICAM         0.211       0.218       0.221       0.240       0.259       0.262       0.269
    B4BSESEL         0.217       0.223       0.226       0.243       0.259       0.262       0.268
    AVGB_RM          0.216       0.222       0.225       0.241       0.256       0.260       0.265
    AVGB_HF          0.215       0.221       0.224       0.240       0.256       0.259       0.265
    AVGB_SD          0.212       0.218       0.221       0.237       0.253       0.256       0.262
    AVGB_LF          0.211       0.216       0.219       0.235       0.251       0.254       0.260

 RADJ_EPI ON
    B1PGENDER       -0.043      -0.026      -0.017       0.029       0.076       0.084       0.102
    B1PAGE_M2        0.089       0.107       0.116       0.162       0.208       0.217       0.234

 RADJ_NOR ON
    B1PGENDER        0.161       0.178       0.186       0.230       0.275       0.283       0.300
    B1PAGE_M2        0.182       0.198       0.207       0.252       0.296       0.305       0.321

 AVGB_SD  ON
    B1PGENDER       -0.141      -0.124      -0.115      -0.069      -0.023      -0.014       0.003
    B1PAGE_M2       -0.373      -0.354      -0.345      -0.295      -0.246      -0.236      -0.218

 AVGB_RM  ON
    B1PGENDER       -0.060      -0.043      -0.033       0.015       0.063       0.072       0.090
    B1PAGE_M2       -0.278      -0.259      -0.249      -0.197      -0.145      -0.135      -0.115

 AVGB_HF  ON
    B1PGENDER       -0.016       0.002       0.011       0.058       0.105       0.114       0.132
    B1PAGE_M2       -0.342      -0.323      -0.314      -0.265      -0.215      -0.206      -0.187

 AVGB_LF  ON
    B1PGENDER       -0.195      -0.179      -0.171      -0.127      -0.084      -0.076      -0.060
    B1PAGE_M2       -0.453      -0.436      -0.427      -0.383      -0.339      -0.330      -0.313

 RB4P1D   ON
    B1PGENDER        0.047       0.065       0.074       0.121       0.167       0.176       0.194
    B1PAGE_M2       -0.084      -0.067      -0.058      -0.011       0.036       0.045       0.063

 RADJ_CRT ON
    B1PGENDER        0.025       0.043       0.051       0.097       0.142       0.151       0.168
    B1PAGE_M2        0.010       0.027       0.035       0.081       0.126       0.135       0.152

 B4BDHEAS ON
    B1PGENDER       -0.391      -0.378      -0.371      -0.336      -0.301      -0.294      -0.281
    B1PAGE_M2       -0.486      -0.472      -0.464      -0.427      -0.389      -0.382      -0.367

 RB4BCRP  ON
    B1PGENDER        0.094       0.112       0.121       0.168       0.216       0.225       0.243
    B1PAGE_M2       -0.065      -0.046      -0.037       0.014       0.064       0.074       0.093

 B4BIL6   ON
    B1PGENDER        0.002       0.020       0.029       0.076       0.122       0.131       0.149
    B1PAGE_M2        0.111       0.129       0.137       0.184       0.231       0.240       0.257

 B4BFGN   ON
    B1PGENDER        0.109       0.126       0.135       0.181       0.227       0.236       0.253
    B1PAGE_M2        0.045       0.064       0.073       0.122       0.170       0.180       0.198

 B4BSICAM ON
    B1PGENDER       -0.070      -0.052      -0.043       0.004       0.051       0.060       0.078
    B1PAGE_M2        0.036       0.055       0.065       0.115       0.165       0.175       0.194

 B4BSESEL ON
    B1PGENDER       -0.167      -0.149      -0.139      -0.091      -0.042      -0.032      -0.014
    B1PAGE_M2       -0.172      -0.155      -0.146      -0.099      -0.052      -0.043      -0.026

 RB4P1GS  ON
    B1PGENDER       -0.133      -0.116      -0.108      -0.063      -0.018      -0.010       0.007
    B1PAGE_M2        0.211       0.228       0.237       0.283       0.329       0.337       0.354

 PULPRESS ON
    B1PGENDER        0.028       0.043       0.051       0.093       0.134       0.142       0.158
    B1PAGE_M2        0.383       0.398       0.405       0.444       0.483       0.491       0.505

 RB4BGLUC ON
    B1PGENDER       -0.212      -0.194      -0.184      -0.136      -0.087      -0.078      -0.060
    B1PAGE_M2       -0.021      -0.003       0.006       0.053       0.100       0.109       0.127

 P4HOMAIR ON
    B1PGENDER       -0.183      -0.165      -0.155      -0.105      -0.056      -0.046      -0.027
    B1PAGE_M2       -0.103      -0.085      -0.076      -0.028       0.019       0.029       0.046

 B4BHA1C  ON
    B1PGENDER       -0.068      -0.049      -0.040       0.011       0.061       0.071       0.090
    B1PAGE_M2        0.096       0.115       0.124       0.175       0.225       0.234       0.253

 RB4PWHR  ON
    B1PGENDER       -0.680      -0.671      -0.666      -0.639      -0.613      -0.608      -0.598
    B1PAGE_M2        0.054       0.067       0.074       0.110       0.145       0.152       0.166

 RB4BTRIG ON
    B1PGENDER       -0.279      -0.262      -0.253      -0.207      -0.160      -0.151      -0.134
    B1PAGE_M2       -0.075      -0.058      -0.048      -0.001       0.047       0.056       0.074

 B4BHDL   ON
    B1PGENDER        0.282       0.296       0.303       0.342       0.380       0.387       0.402
    B1PAGE_M2       -0.016       0.000       0.008       0.050       0.092       0.100       0.116

 B4BLDL   ON
    B1PGENDER       -0.056      -0.038      -0.029       0.018       0.064       0.073       0.091
    B1PAGE_M2       -0.170      -0.153      -0.144      -0.097      -0.051      -0.042      -0.024

 Intercepts
    RADJ_EPI        -1.131      -1.048      -1.006      -0.785      -0.564      -0.522      -0.439
    RADJ_NOR        -1.772      -1.691      -1.650      -1.434      -1.218      -1.176      -1.096
    AVGB_SD          1.082       1.169       1.213       1.446       1.679       1.723       1.810
    AVGB_RM          0.516       0.606       0.653       0.895       1.137       1.183       1.274
    AVGB_LF          1.590       1.668       1.708       1.916       2.125       2.165       2.243
    AVGB_HF          0.791       0.879       0.924       1.158       1.392       1.437       1.524
    RADJ_CRT        -0.835      -0.752      -0.709      -0.486      -0.264      -0.221      -0.138
    B4BDHEAS         2.103       2.167       2.200       2.371       2.541       2.574       2.638
    RB4BCRP         -0.648      -0.554      -0.506      -0.255      -0.004       0.044       0.138
    B4BIL6          -1.310      -1.222      -1.177      -0.943      -0.708      -0.663      -0.575
    B4BFGN          -1.136      -1.049      -1.005      -0.772      -0.540      -0.496      -0.408
    B4BSICAM        -0.935      -0.840      -0.792      -0.539      -0.287      -0.239      -0.144
    B4BSESEL         0.192       0.281       0.327       0.564       0.802       0.847       0.936
    PULPRESS        -2.455      -2.388      -2.354      -2.175      -1.996      -1.961      -1.894
    RB4P1GS         -1.585      -1.503      -1.462      -1.244      -1.027      -0.985      -0.904
    RB4P1D          -0.461      -0.372      -0.326      -0.088       0.150       0.195       0.284
    B4BHA1C         -1.241      -1.141      -1.090      -0.825      -0.559      -0.508      -0.408
    RB4BGLUC        -0.466      -0.376      -0.330      -0.090       0.150       0.196       0.285
    P4HOMAIR        -0.130      -0.039       0.008       0.252       0.497       0.544       0.635
    B4BLDL           0.066       0.154       0.199       0.434       0.669       0.714       0.803
    B4BHDL          -0.957      -0.877      -0.836      -0.624      -0.411      -0.370      -0.291
    RB4BTRIG        -0.138      -0.047      -0.001       0.240       0.481       0.527       0.618
    RB4PWHR         -0.059       0.008       0.042       0.221       0.400       0.435       0.501

 Variances
    AL               1.000       1.000       1.000       1.000       1.000       1.000       1.000

 Residual Variances
    RADJ_EPI         0.894       0.900       0.903       0.919       0.935       0.938       0.944
    RADJ_NOR         0.785       0.796       0.801       0.830       0.859       0.865       0.876
    AVGB_SD          0.807       0.818       0.824       0.854       0.883       0.889       0.900
    AVGB_RM          0.869       0.877       0.881       0.903       0.925       0.929       0.937
    AVGB_LF          0.732       0.745       0.751       0.786       0.821       0.828       0.841
    AVGB_HF          0.824       0.835       0.840       0.868       0.896       0.901       0.911
    RADJ_CRT         0.912       0.917       0.919       0.932       0.944       0.947       0.952
    B4BDHEAS         0.609       0.622       0.629       0.664       0.698       0.705       0.718
    RB4BCRP          0.881       0.888       0.891       0.909       0.927       0.930       0.937
    B4BIL6           0.870       0.878       0.882       0.902       0.921       0.925       0.933
    B4BFGN           0.862       0.870       0.873       0.893       0.913       0.917       0.925
    B4BSICAM         0.906       0.912       0.914       0.929       0.944       0.947       0.952
    B4BSESEL         0.901       0.907       0.910       0.924       0.938       0.941       0.947
    PULPRESS         0.686       0.698       0.704       0.738       0.771       0.777       0.790
    RB4P1GS          0.810       0.821       0.826       0.854       0.882       0.887       0.897
    RB4P1D           0.908       0.913       0.916       0.929       0.941       0.944       0.949
    B4BHA1C          0.870       0.879       0.884       0.908       0.933       0.937       0.947
    RB4BGLUC         0.887       0.894       0.897       0.916       0.935       0.938       0.945
    P4HOMAIR         0.905       0.910       0.912       0.926       0.939       0.942       0.947
    B4BLDL           0.917       0.921       0.923       0.934       0.945       0.947       0.952
    B4BHDL           0.792       0.801       0.806       0.832       0.858       0.863       0.873
    RB4BTRIG         0.868       0.875       0.879       0.899       0.918       0.922       0.929
    RB4PWHR          0.461       0.474       0.480       0.514       0.547       0.554       0.566


     Beginning Time:  04:14:33
        Ending Time:  04:14:34
       Elapsed Time:  00:00:01



MUTHEN & MUTHEN
3463 Stoner Ave.
Los Angeles, CA  90066

Tel: (310) 391-9971
Fax: (310) 391-8971
Web: www.StatModel.com
Support: Support@StatModel.com

Copyright (c) 1998-2014 Muthen & Muthen
