Mplus VERSION 7.3
MUTHEN & MUTHEN
07/11/2016  10:27 PM

INPUT INSTRUCTIONS

  DATA:
  FILE = "m2_stresscfa3.dat";

  VARIABLE:
  NAMES = B1SJOBDI B1SPIWOR B1SPIHOM B1SKINNE B1SFDSNE B1SSPCRI B1SPIFAM B1SLFEDI
       B1SDAYDI B4QPS_PS;
   MISSING=.;

      CATEGORICAL ARE
        B1SLFEDI B1SDAYDI B1SJOBDI
        B1SPIWOR B1SPIHOM B1SPIFAM
        B4QPS_PS B1SKINNE B1SFDSNE B1SSPCRI;

  ANALYSIS:

     ESTIMATOR = MLR;
     PROCESSORS = 2;
  MODEL:

     Disc BY B1SLFEDI B1SDAYDI B1SJOBDI
       B1SPIWOR B1SPIHOM B1SPIFAM;
     Perc BY B4QPS_PS B1SKINNE B1SFDSNE B1SSPCRI;

  OUTPUT:
  STDYX;



*** WARNING
  Data set contains cases with missing on all variables.
  These cases were not included in the analysis.
  Number of cases with missing on all variables:  2364
   1 WARNING(S) FOUND IN THE INPUT INSTRUCTIONS




SUMMARY OF ANALYSIS

Number of groups                                                 1
Number of observations                                        4621

Number of dependent variables                                   10
Number of independent variables                                  0
Number of continuous latent variables                            2

Observed dependent variables

  Binary and ordered categorical (ordinal)
   B1SJOBDI    B1SPIWOR    B1SPIHOM    B1SKINNE    B1SFDSNE    B1SSPCRI
   B1SPIFAM    B1SLFEDI    B1SDAYDI    B4QPS_PS

Continuous latent variables
   DISC        PERC


Estimator                                                      MLR
Information matrix                                        OBSERVED
Optimization Specifications for the Quasi-Newton Algorithm for
Continuous Outcomes
  Maximum number of iterations                                 100
  Convergence criterion                                  0.100D-05
Optimization Specifications for the EM Algorithm
  Maximum number of iterations                                 500
  Convergence criteria
    Loglikelihood change                                 0.100D-02
    Relative loglikelihood change                        0.100D-05
    Derivative                                           0.100D-02
Optimization Specifications for the M step of the EM Algorithm for
Categorical Latent variables
  Number of M step iterations                                    1
  M step convergence criterion                           0.100D-02
  Basis for M step termination                           ITERATION
Optimization Specifications for the M step of the EM Algorithm for
Censored, Binary or Ordered Categorical (Ordinal), Unordered
Categorical (Nominal) and Count Outcomes
  Number of M step iterations                                    1
  M step convergence criterion                           0.100D-02
  Basis for M step termination                           ITERATION
  Maximum value for logit thresholds                            15
  Minimum value for logit thresholds                           -15
  Minimum expected cell size for chi-square              0.100D-01
Maximum number of iterations for H1                           2000
Convergence criterion for H1                             0.100D-03
Optimization algorithm                                         EMA
Integration Specifications
  Type                                                    STANDARD
  Number of integration points                                  15
  Dimensions of numerical integration                            2
  Adaptive quadrature                                           ON
Link                                                         LOGIT
Cholesky                                                        ON

Input data file(s)
  m2_stresscfa3.dat
Input data format  FREE


SUMMARY OF DATA

     Number of missing data patterns            95


COVARIANCE COVERAGE OF DATA

Minimum covariance coverage value   0.100


     PROPORTION OF DATA PRESENT FOR U


           Covariance Coverage
              B1SJOBDI      B1SPIWOR      B1SPIHOM      B1SKINNE      B1SFDSNE
              ________      ________      ________      ________      ________
 B1SJOBDI       0.642
 B1SPIWOR       0.636         0.639
 B1SPIHOM       0.640         0.638         0.996
 B1SKINNE       0.639         0.637         0.992         0.994
 B1SFDSNE       0.637         0.635         0.988         0.987         0.990
 B1SSPCRI       0.480         0.479         0.707         0.706         0.703
 B1SPIFAM       0.554         0.551         0.866         0.866         0.862
 B1SLFEDI       0.626         0.623         0.964         0.963         0.958
 B1SDAYDI       0.636         0.633         0.984         0.982         0.977
 B4QPS_PS       0.189         0.188         0.269         0.269         0.267


           Covariance Coverage
              B1SSPCRI      B1SPIFAM      B1SLFEDI      B1SDAYDI      B4QPS_PS
              ________      ________      ________      ________      ________
 B1SSPCRI       0.708
 B1SPIFAM       0.653         0.868
 B1SLFEDI       0.684         0.840         0.967
 B1SDAYDI       0.701         0.858         0.960         0.986
 B4QPS_PS       0.190         0.234         0.266         0.268         0.270


UNIVARIATE PROPORTIONS AND COUNTS FOR CATEGORICAL VARIABLES

    B1SJOBDI
      Category 1    0.410     1215.000
      Category 2    0.244      725.000
      Category 3    0.159      473.000
      Category 4    0.186      553.000
    B1SPIWOR
      Category 1    0.453     1338.000
      Category 2    0.203      599.000
      Category 3    0.192      566.000
      Category 4    0.153      452.000
    B1SPIHOM
      Category 1    0.430     1981.000
      Category 2    0.250     1151.000
      Category 3    0.150      688.000
      Category 4    0.170      782.000
    B1SKINNE
      Category 1    0.242     1113.000
      Category 2    0.342     1571.000
      Category 3    0.143      658.000
      Category 4    0.097      444.000
      Category 5    0.176      807.000
    B1SFDSNE
      Category 1    0.216      986.000
      Category 2    0.238     1089.000
      Category 3    0.304     1389.000
      Category 4    0.112      511.000
      Category 5    0.131      598.000
    B1SSPCRI
      Category 1    0.263      862.000
      Category 2    0.244      800.000
      Category 3    0.093      305.000
      Category 4    0.168      550.000
      Category 5    0.231      755.000
    B1SPIFAM
      Category 1    0.433     1735.000
      Category 2    0.234      940.000
      Category 3    0.172      690.000
      Category 4    0.161      645.000
    B1SLFEDI
      Category 1    0.745     3326.000
      Category 2    0.103      459.000
      Category 3    0.153      682.000
    B1SDAYDI
      Category 1    0.456     2079.000
      Category 2    0.187      853.000
      Category 3    0.172      785.000
      Category 4    0.184      840.000
    B4QPS_PS
      Category 1    0.249      311.000
      Category 2    0.180      225.000
      Category 3    0.175      218.000
      Category 4    0.198      247.000
      Category 5    0.198      247.000



THE MODEL ESTIMATION TERMINATED NORMALLY



MODEL FIT INFORMATION

Number of Free Parameters                       44

Loglikelihood

          H0 Value                      -46811.112
          H0 Scaling Correction Factor      1.0232
            for MLR

Information Criteria

          Akaike (AIC)                   93710.224
          Bayesian (BIC)                 93993.513
          Sample-Size Adjusted BIC       93853.697
            (n* = (n + 2) / 24)

Chi-Square Test of Model Fit for the Binary and Ordered Categorical
(Ordinal) Outcomes**

          Pearson Chi-Square

          Value                          45951.265
          Degrees of Freedom               1917851
          P-Value                           1.0000

          Likelihood Ratio Chi-Square

          Value                           4946.896
          Degrees of Freedom               1917851
          P-Value                           1.0000

** Of the 8439752 cells in the frequency table, 2104
   were deleted in the calculation of chi-square due to extreme values.

Chi-Square Test for MCAR under the Unrestricted Latent Class Indicator Model

          Pearson Chi-Square

          Value                          17931.872
          Degrees of Freedom               6519658
          P-Value                           1.0000

          Likelihood Ratio Chi-Square

          Value                           7744.522
          Degrees of Freedom               6519658
          P-Value                           1.0000



MODEL RESULTS

                                                    Two-Tailed
                    Estimate       S.E.  Est./S.E.    P-Value

 DISC     BY
    B1SLFEDI           1.000      0.000    999.000    999.000
    B1SDAYDI           1.323      0.077     17.091      0.000
    B1SJOBDI           1.196      0.099     12.034      0.000
    B1SPIWOR           1.275      0.117     10.894      0.000
    B1SPIHOM           0.826      0.077     10.716      0.000
    B1SPIFAM           0.781      0.077     10.161      0.000

 PERC     BY
    B4QPS_PS           1.000      0.000    999.000    999.000
    B1SKINNE           1.759      0.168     10.460      0.000
    B1SFDSNE           1.403      0.129     10.878      0.000
    B1SSPCRI           0.987      0.088     11.196      0.000

 PERC     WITH
    DISC               0.821      0.085      9.692      0.000

 Thresholds
    B1SJOBDI$1        -0.477      0.049     -9.812      0.000
    B1SJOBDI$2         0.816      0.050     16.217      0.000
    B1SJOBDI$3         1.894      0.063     30.046      0.000
    B1SPIWOR$1        -0.229      0.048     -4.717      0.000
    B1SPIWOR$2         0.903      0.054     16.709      0.000
    B1SPIWOR$3         2.293      0.081     28.449      0.000
    B1SPIHOM$1        -0.334      0.035     -9.573      0.000
    B1SPIHOM$2         0.873      0.038     23.246      0.000
    B1SPIHOM$3         1.820      0.047     38.849      0.000
    B1SKINNE$1        -1.823      0.069    -26.432      0.000
    B1SKINNE$2         0.556      0.050     11.071      0.000
    B1SKINNE$3         1.586      0.065     24.428      0.000
    B1SKINNE$4         2.449      0.082     29.967      0.000
    B1SFDSNE$1        -1.837      0.058    -31.413      0.000
    B1SFDSNE$2        -0.291      0.043     -6.798      0.000
    B1SFDSNE$3         1.586      0.054     29.594      0.000
    B1SFDSNE$4         2.610      0.070     37.382      0.000
    B1SSPCRI$1        -1.325      0.051    -25.980      0.000
    B1SSPCRI$2        -0.018      0.042     -0.432      0.665
    B1SSPCRI$3         0.451      0.043     10.458      0.000
    B1SSPCRI$4         1.412      0.052     27.292      0.000
    B1SPIFAM$1        -0.336      0.037     -9.204      0.000
    B1SPIFAM$2         0.773      0.039     19.900      0.000
    B1SPIFAM$3         1.846      0.050     36.708      0.000
    B1SLFEDI$1         1.297      0.048     27.268      0.000
    B1SLFEDI$2         2.058      0.058     35.769      0.000
    B1SDAYDI$1        -0.267      0.041     -6.495      0.000
    B1SDAYDI$2         0.773      0.044     17.450      0.000
    B1SDAYDI$3         1.980      0.061     32.271      0.000
    B4QPS_PS$1        -1.360      0.080    -17.009      0.000
    B4QPS_PS$2        -0.354      0.067     -5.241      0.000
    B4QPS_PS$3         0.531      0.069      7.726      0.000
    B4QPS_PS$4         1.728      0.087     19.933      0.000

 Variances
    DISC               1.175      0.146      8.063      0.000
    PERC               1.256      0.195      6.443      0.000


STANDARDIZED MODEL RESULTS


STDYX Standardization

                                                    Two-Tailed
                    Estimate       S.E.  Est./S.E.    P-Value

 DISC     BY
    B1SLFEDI           0.513      0.023     21.886      0.000
    B1SDAYDI           0.620      0.020     30.772      0.000
    B1SJOBDI           0.581      0.021     27.555      0.000
    B1SPIWOR           0.606      0.022     27.649      0.000
    B1SPIHOM           0.443      0.020     22.640      0.000
    B1SPIFAM           0.423      0.021     19.976      0.000

 PERC     BY
    B4QPS_PS           0.526      0.030     17.806      0.000
    B1SKINNE           0.736      0.015     47.835      0.000
    B1SFDSNE           0.655      0.015     42.600      0.000
    B1SSPCRI           0.521      0.020     26.687      0.000

 PERC     WITH
    DISC               0.676      0.019     35.282      0.000

 Thresholds
    B1SJOBDI$1        -0.214      0.021     -9.981      0.000
    B1SJOBDI$2         0.366      0.022     16.689      0.000
    B1SJOBDI$3         0.849      0.025     33.659      0.000
    B1SPIWOR$1        -0.100      0.021     -4.717      0.000
    B1SPIWOR$2         0.396      0.022     18.161      0.000
    B1SPIWOR$3         1.006      0.027     36.637      0.000
    B1SPIHOM$1        -0.165      0.017     -9.627      0.000
    B1SPIHOM$2         0.432      0.018     24.005      0.000
    B1SPIHOM$3         0.900      0.021     41.928      0.000
    B1SKINNE$1        -0.681      0.020    -34.382      0.000
    B1SKINNE$2         0.208      0.018     11.576      0.000
    B1SKINNE$3         0.592      0.019     30.757      0.000
    B1SKINNE$4         0.914      0.021     42.566      0.000
    B1SFDSNE$1        -0.765      0.020    -37.808      0.000
    B1SFDSNE$2        -0.121      0.018     -6.878      0.000
    B1SFDSNE$3         0.660      0.020     33.833      0.000
    B1SFDSNE$4         1.087      0.023     46.523      0.000
    B1SSPCRI$1        -0.624      0.022    -28.311      0.000
    B1SSPCRI$2        -0.009      0.020     -0.432      0.665
    B1SSPCRI$3         0.212      0.020     10.538      0.000
    B1SSPCRI$4         0.665      0.023     29.027      0.000
    B1SPIFAM$1        -0.168      0.018     -9.263      0.000
    B1SPIFAM$2         0.386      0.019     20.388      0.000
    B1SPIFAM$3         0.922      0.023     39.487      0.000
    B1SLFEDI$1         0.614      0.020     31.378      0.000
    B1SLFEDI$2         0.974      0.023     43.281      0.000
    B1SDAYDI$1        -0.115      0.018     -6.547      0.000
    B1SDAYDI$2         0.334      0.018     18.453      0.000
    B1SDAYDI$3         0.856      0.021     40.601      0.000
    B4QPS_PS$1        -0.638      0.035    -18.052      0.000
    B4QPS_PS$2        -0.166      0.031     -5.267      0.000
    B4QPS_PS$3         0.249      0.032      7.818      0.000
    B4QPS_PS$4         0.810      0.038     21.587      0.000

 Variances
    DISC               1.000      0.000    999.000    999.000
    PERC               1.000      0.000    999.000    999.000


R-SQUARE

    Observed                                        Two-Tailed
    Variable        Estimate       S.E.  Est./S.E.    P-Value

    B1SJOBDI           0.338      0.025     13.778      0.000
    B1SPIWOR           0.367      0.027     13.825      0.000
    B1SPIHOM           0.196      0.017     11.320      0.000
    B1SKINNE           0.541      0.023     23.918      0.000
    B1SFDSNE           0.429      0.020     21.300      0.000
    B1SSPCRI           0.271      0.020     13.344      0.000
    B1SPIFAM           0.179      0.018      9.988      0.000
    B1SLFEDI           0.263      0.024     10.943      0.000
    B1SDAYDI           0.385      0.025     15.386      0.000
    B4QPS_PS           0.276      0.031      8.903      0.000


QUALITY OF NUMERICAL RESULTS

     Condition Number for the Information Matrix              0.536E-02
       (ratio of smallest to largest eigenvalue)


     Beginning Time:  22:27:18
        Ending Time:  22:28:21
       Elapsed Time:  00:01:03



MUTHEN & MUTHEN
3463 Stoner Ave.
Los Angeles, CA  90066

Tel: (310) 391-9971
Fax: (310) 391-8971
Web: www.StatModel.com
Support: Support@StatModel.com

Copyright (c) 1998-2014 Muthen & Muthen
