Mplus VERSION 7.3
MUTHEN & MUTHEN
07/13/2016  10:12 AM

INPUT INSTRUCTIONS

  DATA:
  FILE = "m2_stress_lca7.dat";

  VARIABLE:
  NAMES = B1SJOBDI B1SPIWOR B1SPIHOM B1SKINNE B1SFDSNE B1SSPCRI B1SPIFAM B1SLFEDI
       B1SDAYDI B4QPS_PS;
   MISSING=.;

      CLASSES = c (7);

  ANALYSIS:

     TYPE = MIXTURE;
     ESTIMATOR = BAYES;
     BITERATIONS = 20000 (4000);
     STARTS = 600 120;
     STVALUES = ML;
     PROCESSORS = 8;

  MODEL:

     %OVERALL%
     [B1SLFEDI* B1SDAYDI* B1SJOBDI*
      B1SPIWOR* B1SPIHOM* B1SPIFAM*
      B4QPS_PS* B1SKINNE* B1SFDSNE* B1SSPCRI*];
     B1SLFEDI* B1SDAYDI* B1SJOBDI*
      B1SPIWOR* B1SPIHOM* B1SPIFAM*
      B4QPS_PS* B1SKINNE* B1SFDSNE* B1SSPCRI*;
  OUTPUT:
  STDYX;



*** WARNING in MODEL command
  All variables are uncorrelated with all other variables within class.
  Check that this is what is intended.
*** WARNING
  Data set contains cases with missing on all variables.
  These cases were not included in the analysis.
  Number of cases with missing on all variables:  2364
   2 WARNING(S) FOUND IN THE INPUT INSTRUCTIONS




SUMMARY OF ANALYSIS

Number of groups                                                 1
Number of observations                                        4621

Number of dependent variables                                   10
Number of independent variables                                  0
Number of continuous latent variables                            0
Number of categorical latent variables                           1

Observed dependent variables

  Continuous
   B1SJOBDI    B1SPIWOR    B1SPIHOM    B1SKINNE    B1SFDSNE    B1SSPCRI
   B1SPIFAM    B1SLFEDI    B1SDAYDI    B4QPS_PS

Categorical latent variables
   C


Estimator                                                    BAYES
Specifications for Bayesian Estimation
  Point estimate                                            MEDIAN
  Number of Markov chain Monte Carlo (MCMC) chains               2
  Random seed for the first chain                                0
  Starting value information                                    ML
  Treatment of categorical mediator                         LATENT
  Algorithm used for Markov chain Monte Carlo           GIBBS(PX1)
  Convergence criterion                                  0.500D-01
  Maximum number of iterations                               20000
  K-th iteration used for thinning                               1
Integration Specifications
  Type                                                    STANDARD
  Number of integration points                                  15
  Dimensions of numerical integration                            0
  Adaptive quadrature                                           ON
Random Starts Specifications
  Number of initial stage random starts                        600
  Number of final stage optimizations                          120
  Number of initial stage iterations                            10
  Initial stage convergence criterion                    0.100D+01
  Random starts scale                                    0.500D+01
  Random seed for generating random starts                       0
Cholesky                                                       OFF

Input data file(s)
  m2_stress_lca7.dat
Input data format  FREE


SUMMARY OF DATA



COVARIANCE COVERAGE OF DATA

Minimum covariance coverage value   0.100

     Number of missing data patterns            95


     PROPORTION OF DATA PRESENT


           Covariance Coverage
              B1SJOBDI      B1SPIWOR      B1SPIHOM      B1SKINNE      B1SFDSNE
              ________      ________      ________      ________      ________
 B1SJOBDI       0.642
 B1SPIWOR       0.636         0.639
 B1SPIHOM       0.640         0.638         0.996
 B1SKINNE       0.639         0.637         0.992         0.994
 B1SFDSNE       0.637         0.635         0.988         0.987         0.990
 B1SSPCRI       0.480         0.479         0.707         0.706         0.703
 B1SPIFAM       0.554         0.551         0.866         0.866         0.862
 B1SLFEDI       0.626         0.623         0.964         0.963         0.958
 B1SDAYDI       0.636         0.633         0.984         0.982         0.977
 B4QPS_PS       0.189         0.188         0.269         0.269         0.267


           Covariance Coverage
              B1SSPCRI      B1SPIFAM      B1SLFEDI      B1SDAYDI      B4QPS_PS
              ________      ________      ________      ________      ________
 B1SSPCRI       0.708
 B1SPIFAM       0.653         0.868
 B1SLFEDI       0.684         0.840         0.967
 B1SDAYDI       0.701         0.858         0.960         0.986
 B4QPS_PS       0.190         0.234         0.266         0.268         0.270


RANDOM STARTS RESULTS RANKED FROM THE BEST TO THE WORST LOGLIKELIHOOD VALUES

Final stage loglikelihood values at local maxima, seeds, and initial stage start numbers:

          -49394.303  466971           109
          -49394.305  329127           185
          -49394.307  939709           112
          -49394.308  746978           410
          -49394.308  358488           264
          -49394.308  405079           68
          -49394.312  276102           599
          -49430.657  27071            15
          -49430.657  922042           492
          -49430.660  366533           484
          -49578.057  879338           309
          -49578.058  790452           303
          -49578.060  622860           259
          -49578.060  802682           419
          -49578.061  349263           263
          -49578.061  903420           5
          -49578.061  195763           358
          -49578.061  331681           549
          -49578.061  529455           268
          -49578.062  345726           461
          -49578.062  751153           110
          -49578.062  327475           518
          -49578.062  918558           412
          -49578.062  464179           106
          -49578.062  871722           355
          -49578.062  387701           275
          -49578.063  263221           447
          -49578.063  92689            304
          -49578.063  587946           120
          -49578.063  592219           119
          -49578.063  754100           56
          -49578.063  848163           47
          -49578.063  46437            153
          -49578.063  972873           157
          -49578.063  215353           164
          -49578.063  526324           178
          -49578.063  995875           547
          -49578.064  36714            201
          -49578.064  160326           546
          -49578.064  140442           500
          -49578.064  341041           34
          -49578.064  66276            217
          -49578.064  264081           186
          -49578.064  696773           80
          -49578.064  344422           296
          -49578.064  232559           136
          -49578.064  59674            240
          -49578.065  260953           589
          -49578.065  801717           364
          -49578.065  609185           181
          -49578.065  751054           117
          -49578.065  156536           245
          -49578.065  519357           559
          -49578.065  777045           377
          -49578.065  78862            529
          -49578.065  349562           359
          -49578.065  252346           528
          -49578.065  120506           45
          -49578.065  944186           541
          -49578.065  862607           468
          -49578.065  596257           405
          -49578.065  535804           111
          -49578.065  491970           563
          -49578.065  298275           418
          -49578.065  595153           230
          -49578.065  835767           210
          -49578.065  772131           407
          -49578.065  484687           306
          -49578.065  635245           121
          -49578.065  667250           318
          -49578.065  354624           448
          -49578.065  608496           4
          -49578.065  685657           69
          -49578.065  319575           499
          -49578.065  978781           497
          -49578.065  784664           75
          -49578.065  165853           105
          -49578.065  654136           167
          -49578.065  831410           567
          -49578.065  319144           176
          -49578.065  512836           289
          -49578.065  374219           353
          -49578.065  848331           137
          -49578.066  722748           346
          -49578.066  193569           440
          -49578.066  584397           428
          -49578.066  568859           49
          -49578.066  926283           269
          -49578.066  375590           438
          -49578.066  508482           446
          -49578.066  297518           166
          -49578.066  970689           266
          -49578.066  416463           467
          -49578.066  292884           103
          -49578.066  481835           57
          -49578.066  606576           151
          -49578.066  505244           582
          -49578.066  798821           423
          -49578.066  182524           373
          -49578.066  569131           26
          -49578.066  521575           313
          -49578.066  399508           415
          -49578.066  130011           587
          -49578.066  153942           31
          -49578.066  39136            226
          -49578.066  933578           506
          -49613.041  281462           285
          -49613.041  836515           341
          -49613.042  301180           236
          -49613.045  415931           10
          -49619.811  724519           333
          -49619.812  294669           501
          -49619.815  67009            564
          -49619.815  699810           571
          -49711.669  378393           509
          -49711.671  715561           125
          -49711.673  972430           491
          -49711.680  21345            199
          -49832.643  376411           473
          -49832.643  359578           458

THE BEST LOGLIKELIHOOD VALUE HAS BEEN REPLICATED.  RERUN WITH AT LEAST TWICE THE
RANDOM STARTS TO CHECK THAT THE BEST LOGLIKELIHOOD IS STILL OBTAINED AND REPLICATED.


THE MODEL ESTIMATION TERMINATED NORMALLY

     USE THE FBITERATIONS OPTION TO INCREASE THE NUMBER OF ITERATIONS BY A FACTOR
     OF AT LEAST TWO TO CHECK CONVERGENCE AND THAT THE PSR VALUE DOES NOT INCREASE.



MODEL FIT INFORMATION

Number of Free Parameters                              86

Bayesian Posterior Predictive Checking using Chi-Square

          95% Confidence Interval for the Difference Between
          the Observed and the Replicated Chi-Square Values

                        3137.177          3418.083

          Posterior Predictive P-Value       0.000



FINAL CLASS COUNTS AND PROPORTIONS FOR THE LATENT CLASSES
BASED ON THE ESTIMATED MODEL

    Latent
   Classes

       1        221.86381          0.04801
       2       2325.27301          0.50320
       3        564.11913          0.12208
       4        342.13301          0.07404
       5        737.11773          0.15951
       6        278.37805          0.06024
       7        149.21789          0.03229


FINAL CLASS COUNTS AND PROPORTIONS FOR THE LATENT CLASSES
BASED ON ESTIMATED POSTERIOR PROBABILITIES

    Latent
   Classes

       1        216.39260          0.04683
       2       2350.47624          0.50865
       3        562.56666          0.12174
       4        337.61729          0.07306
       5        739.12701          0.15995
       6        273.30135          0.05914
       7        141.51885          0.03063


FINAL CLASS COUNTS AND PROPORTIONS FOR THE LATENT CLASSES
BASED ON THEIR MOST LIKELY LATENT CLASS MEMBERSHIP

Class Counts and Proportions

    Latent
   Classes

       1              213          0.04609
       2             2402          0.51986
       3              553          0.11977
       4              328          0.07092
       5              707          0.15296
       6              274          0.05930
       7              144          0.03110


CLASSIFICATION QUALITY

     Entropy                         0.896


Average Latent Class Probabilities for Most Likely Latent Class Membership (Row)
by Latent Class (Column)

           1        2        3        4        5        6        7

    1   0.928    0.000    0.041    0.006    0.010    0.014    0.000
    2   0.000    0.942    0.004    0.006    0.047    0.000    0.000
    3   0.020    0.004    0.967    0.002    0.004    0.004    0.000
    4   0.003    0.031    0.002    0.867    0.096    0.000    0.000
    5   0.004    0.106    0.005    0.051    0.834    0.000    0.000
    6   0.014    0.000    0.016    0.000    0.000    0.954    0.017
    7   0.000    0.000    0.000    0.000    0.000    0.047    0.953


MODEL RESULTS

                                Posterior  One-Tailed         95% C.I.
                    Estimate       S.D.      P-Value   Lower 2.5%  Upper 2.5%  Significance

Latent Class 1

 Means
    B1SJOBDI          16.037       0.438      0.000      15.171      16.890      *
    B1SPIWOR           2.234       0.051      0.000       2.134       2.334      *
    B1SPIHOM           2.030       0.046      0.000       1.939       2.126      *
    B1SKINNE           2.740       0.047      0.000       2.647       2.831      *
    B1SFDSNE           2.329       0.039      0.000       2.249       2.404      *
    B1SSPCRI           2.663       0.060      0.000       2.543       2.781      *
    B1SPIFAM           1.965       0.044      0.000       1.881       2.048      *
    B1SLFEDI           2.549       0.074      0.000       2.405       2.698      *
    B1SDAYDI          18.900       0.321      0.000      18.270      19.527      *
    B4QPS_PS          28.249       0.841      0.000      26.615      29.861      *

 Variances
    B1SJOBDI          14.780       0.456      0.000      13.948      15.733      *
    B1SPIWOR           0.216       0.006      0.000       0.204       0.229      *
    B1SPIHOM           0.138       0.004      0.000       0.131       0.147      *
    B1SKINNE           0.300       0.007      0.000       0.286       0.315      *
    B1SFDSNE           0.231       0.005      0.000       0.220       0.242      *
    B1SSPCRI           0.323       0.009      0.000       0.307       0.341      *
    B1SPIFAM           0.211       0.005      0.000       0.202       0.221      *
    B1SLFEDI           0.234       0.007      0.000       0.221       0.249      *
    B1SDAYDI          13.781       0.354      0.000      13.107      14.472      *
    B4QPS_PS          30.036       1.323      0.000      27.492      32.616      *

Latent Class 2

 Means
    B1SJOBDI           8.781       0.115      0.000       8.547       9.001      *
    B1SPIWOR           1.377       0.014      0.000       1.348       1.405      *
    B1SPIHOM           1.282       0.009      0.000       1.265       1.300      *
    B1SKINNE           1.813       0.016      0.000       1.781       1.843      *
    B1SFDSNE           1.668       0.014      0.000       1.640       1.694      *
    B1SSPCRI           1.967       0.017      0.000       1.934       1.999      *
    B1SPIFAM           1.423       0.012      0.000       1.400       1.446      *
    B1SLFEDI           0.174       0.011      0.000       0.152       0.195      *
    B1SDAYDI          10.718       0.092      0.000      10.534      10.901      *
    B4QPS_PS          19.693       0.261      0.000      19.175      20.182      *

 Variances
    B1SJOBDI          14.780       0.456      0.000      13.948      15.733      *
    B1SPIWOR           0.216       0.006      0.000       0.204       0.229      *
    B1SPIHOM           0.138       0.004      0.000       0.131       0.147      *
    B1SKINNE           0.300       0.007      0.000       0.286       0.315      *
    B1SFDSNE           0.231       0.005      0.000       0.220       0.242      *
    B1SSPCRI           0.323       0.009      0.000       0.307       0.341      *
    B1SPIFAM           0.211       0.005      0.000       0.202       0.221      *
    B1SLFEDI           0.234       0.007      0.000       0.221       0.249      *
    B1SDAYDI          13.781       0.354      0.000      13.107      14.472      *
    B4QPS_PS          30.036       1.323      0.000      27.492      32.616      *

Latent Class 3

 Means
    B1SJOBDI           9.971       0.237      0.000       9.515      10.435      *
    B1SPIWOR           1.510       0.026      0.000       1.458       1.563      *
    B1SPIHOM           1.350       0.018      0.000       1.315       1.387      *
    B1SKINNE           2.031       0.028      0.000       1.974       2.085      *
    B1SFDSNE           1.830       0.023      0.000       1.784       1.876      *
    B1SSPCRI           2.069       0.032      0.000       2.006       2.132      *
    B1SPIFAM           1.517       0.023      0.000       1.472       1.562      *
    B1SLFEDI           2.305       0.027      0.000       2.250       2.357      *
    B1SDAYDI          13.639       0.199      0.000      13.246      14.014      *
    B4QPS_PS          20.236       0.443      0.000      19.365      21.092      *

 Variances
    B1SJOBDI          14.780       0.456      0.000      13.948      15.733      *
    B1SPIWOR           0.216       0.006      0.000       0.204       0.229      *
    B1SPIHOM           0.138       0.004      0.000       0.131       0.147      *
    B1SKINNE           0.300       0.007      0.000       0.286       0.315      *
    B1SFDSNE           0.231       0.005      0.000       0.220       0.242      *
    B1SSPCRI           0.323       0.009      0.000       0.307       0.341      *
    B1SPIFAM           0.211       0.005      0.000       0.202       0.221      *
    B1SLFEDI           0.234       0.007      0.000       0.221       0.249      *
    B1SDAYDI          13.781       0.354      0.000      13.107      14.472      *
    B4QPS_PS          30.036       1.323      0.000      27.492      32.616      *

Latent Class 4

 Means
    B1SJOBDI          11.390       0.346      0.000      10.715      12.072      *
    B1SPIWOR           1.980       0.039      0.000       1.905       2.058      *
    B1SPIHOM           2.462       0.033      0.000       2.402       2.529      *
    B1SKINNE           2.244       0.041      0.000       2.163       2.323      *
    B1SFDSNE           1.929       0.034      0.000       1.863       1.996      *
    B1SSPCRI           2.462       0.056      0.000       2.357       2.574      *
    B1SPIFAM           2.016       0.034      0.000       1.951       2.083      *
    B1SLFEDI           0.276       0.033      0.000       0.213       0.342      *
    B1SDAYDI          13.079       0.284      0.000      12.528      13.654      *
    B4QPS_PS          26.904       0.763      0.000      25.427      28.397      *

 Variances
    B1SJOBDI          14.780       0.456      0.000      13.948      15.733      *
    B1SPIWOR           0.216       0.006      0.000       0.204       0.229      *
    B1SPIHOM           0.138       0.004      0.000       0.131       0.147      *
    B1SKINNE           0.300       0.007      0.000       0.286       0.315      *
    B1SFDSNE           0.231       0.005      0.000       0.220       0.242      *
    B1SSPCRI           0.323       0.009      0.000       0.307       0.341      *
    B1SPIFAM           0.211       0.005      0.000       0.202       0.221      *
    B1SLFEDI           0.234       0.007      0.000       0.221       0.249      *
    B1SDAYDI          13.781       0.354      0.000      13.107      14.472      *
    B4QPS_PS          30.036       1.323      0.000      27.492      32.616      *

Latent Class 5

 Means
    B1SJOBDI          13.097       0.366      0.000      12.445      13.850      *
    B1SPIWOR           1.878       0.039      0.000       1.807       1.955      *
    B1SPIHOM           1.458       0.024      0.000       1.412       1.504      *
    B1SKINNE           2.442       0.033      0.000       2.378       2.506      *
    B1SFDSNE           2.127       0.025      0.000       2.077       2.176      *
    B1SSPCRI           2.479       0.037      0.000       2.410       2.551      *
    B1SPIFAM           1.728       0.026      0.000       1.677       1.780      *
    B1SLFEDI           0.345       0.025      0.000       0.296       0.396      *
    B1SDAYDI          14.545       0.330      0.000      13.953      15.228      *
    B4QPS_PS          26.002       0.563      0.000      24.841      27.079      *

 Variances
    B1SJOBDI          14.780       0.456      0.000      13.948      15.733      *
    B1SPIWOR           0.216       0.006      0.000       0.204       0.229      *
    B1SPIHOM           0.138       0.004      0.000       0.131       0.147      *
    B1SKINNE           0.300       0.007      0.000       0.286       0.315      *
    B1SFDSNE           0.231       0.005      0.000       0.220       0.242      *
    B1SSPCRI           0.323       0.009      0.000       0.307       0.341      *
    B1SPIFAM           0.211       0.005      0.000       0.202       0.221      *
    B1SLFEDI           0.234       0.007      0.000       0.221       0.249      *
    B1SDAYDI          13.781       0.354      0.000      13.107      14.472      *
    B4QPS_PS          30.036       1.323      0.000      27.492      32.616      *

Latent Class 6

 Means
    B1SJOBDI          12.855       0.346      0.000      12.176      13.542      *
    B1SPIWOR           1.879       0.041      0.000       1.798       1.957      *
    B1SPIHOM           1.565       0.028      0.000       1.511       1.620      *
    B1SKINNE           2.255       0.039      0.000       2.178       2.331      *
    B1SFDSNE           2.002       0.033      0.000       1.937       2.067      *
    B1SSPCRI           2.265       0.052      0.000       2.163       2.370      *
    B1SPIFAM           1.684       0.035      0.000       1.617       1.752      *
    B1SLFEDI           4.584       0.058      0.000       4.480       4.704      *
    B1SDAYDI          16.596       0.261      0.000      16.091      17.106      *
    B4QPS_PS          24.893       0.664      0.000      23.613      26.209      *

 Variances
    B1SJOBDI          14.780       0.456      0.000      13.948      15.733      *
    B1SPIWOR           0.216       0.006      0.000       0.204       0.229      *
    B1SPIHOM           0.138       0.004      0.000       0.131       0.147      *
    B1SKINNE           0.300       0.007      0.000       0.286       0.315      *
    B1SFDSNE           0.231       0.005      0.000       0.220       0.242      *
    B1SSPCRI           0.323       0.009      0.000       0.307       0.341      *
    B1SPIFAM           0.211       0.005      0.000       0.202       0.221      *
    B1SLFEDI           0.234       0.007      0.000       0.221       0.249      *
    B1SDAYDI          13.781       0.354      0.000      13.107      14.472      *
    B4QPS_PS          30.036       1.323      0.000      27.492      32.616      *

Latent Class 7

 Means
    B1SJOBDI          15.047       0.493      0.000      14.096      16.042      *
    B1SPIWOR           2.106       0.058      0.000       1.998       2.222      *
    B1SPIHOM           1.697       0.036      0.000       1.628       1.770      *
    B1SKINNE           2.536       0.053      0.000       2.433       2.644      *
    B1SFDSNE           2.074       0.044      0.000       1.986       2.162      *
    B1SSPCRI           2.501       0.075      0.000       2.354       2.649      *
    B1SPIFAM           1.828       0.047      0.000       1.739       1.922      *
    B1SLFEDI           6.905       0.067      0.000       6.792       7.051      *
    B1SDAYDI          19.750       0.416      0.000      18.961      20.582      *
    B4QPS_PS          26.041       0.730      0.000      24.599      27.450      *

 Variances
    B1SJOBDI          14.780       0.456      0.000      13.948      15.733      *
    B1SPIWOR           0.216       0.006      0.000       0.204       0.229      *
    B1SPIHOM           0.138       0.004      0.000       0.131       0.147      *
    B1SKINNE           0.300       0.007      0.000       0.286       0.315      *
    B1SFDSNE           0.231       0.005      0.000       0.220       0.242      *
    B1SSPCRI           0.323       0.009      0.000       0.307       0.341      *
    B1SPIFAM           0.211       0.005      0.000       0.202       0.221      *
    B1SLFEDI           0.234       0.007      0.000       0.221       0.249      *
    B1SDAYDI          13.781       0.354      0.000      13.107      14.472      *
    B4QPS_PS          30.036       1.323      0.000      27.492      32.616      *

Categorical Latent Variables

 Means
    C#1                0.398       0.133      0.001       0.151       0.671      *
    C#2                2.746       0.104      0.000       2.557       2.959      *
    C#3                1.330       0.111      0.000       1.129       1.555      *
    C#4                0.832       0.124      0.000       0.584       1.078      *
    C#5                1.601       0.133      0.000       1.335       1.862      *
    C#6                0.623       0.124      0.000       0.390       0.878      *

Class Proportions

    Class 1            0.048       0.004      0.000       0.040       0.057
    Class 2            0.503       0.015      0.000       0.473       0.531
    Class 3            0.122       0.006      0.000       0.111       0.133
    Class 4            0.074       0.006      0.000       0.063       0.085
    Class 5            0.160       0.014      0.000       0.133       0.188
    Class 6            0.060       0.004      0.000       0.053       0.068
    Class 7            0.032       0.003      0.000       0.026       0.038


STANDARDIZED MODEL RESULTS


STDYX Standardization

                                Posterior  One-Tailed         95% C.I.
                    Estimate       S.D.      P-Value   Lower 2.5%  Upper 2.5%
Latent Class 1

 Means
    B1SJOBDI           4.173       0.138      0.000       3.905       4.441      *
    B1SPIWOR           4.807       0.139      0.000       4.536       5.077      *
    B1SPIHOM           5.454       0.170      0.000       5.131       5.799      *
    B1SKINNE           5.003       0.111      0.000       4.784       5.216      *
    B1SFDSNE           4.848       0.103      0.000       4.638       5.055      *
    B1SSPCRI           4.685       0.126      0.000       4.435       4.927      *
    B1SPIFAM           4.275       0.110      0.000       4.059       4.490      *
    B1SLFEDI           5.268       0.162      0.000       4.943       5.584      *
    B1SDAYDI           5.090       0.116      0.000       4.860       5.321      *
    B4QPS_PS           5.151       0.197      0.000       4.776       5.541      *

 Variances
    B1SJOBDI           1.000       0.000      0.000       1.000       1.000
    B1SPIWOR           1.000       0.000      0.000       1.000       1.000
    B1SPIHOM           1.000       0.000      0.000       1.000       1.000
    B1SKINNE           1.000       0.000      0.000       1.000       1.000
    B1SFDSNE           1.000       0.000      0.000       1.000       1.000
    B1SSPCRI           1.000       0.000      0.000       1.000       1.000
    B1SPIFAM           1.000       0.000      0.000       1.000       1.000
    B1SLFEDI           1.000       0.000      0.000       1.000       1.000
    B1SDAYDI           1.000       0.000      0.000       1.000       1.000
    B4QPS_PS           1.000       0.000      0.000       1.000       1.000

Latent Class 2

 Means
    B1SJOBDI           2.285       0.045      0.000       2.193       2.369      *
    B1SPIWOR           2.961       0.050      0.000       2.865       3.060      *
    B1SPIHOM           3.445       0.053      0.000       3.344       3.551      *
    B1SKINNE           3.308       0.043      0.000       3.224       3.394      *
    B1SFDSNE           3.471       0.044      0.000       3.385       3.557      *
    B1SSPCRI           3.457       0.050      0.000       3.360       3.556      *
    B1SPIFAM           3.096       0.043      0.000       3.013       3.179      *
    B1SLFEDI           0.359       0.023      0.000       0.313       0.403      *
    B1SDAYDI           2.887       0.043      0.000       2.804       2.972      *
    B4QPS_PS           3.594       0.088      0.000       3.428       3.772      *

 Variances
    B1SJOBDI           1.000       0.000      0.000       1.000       1.000
    B1SPIWOR           1.000       0.000      0.000       1.000       1.000
    B1SPIHOM           1.000       0.000      0.000       1.000       1.000
    B1SKINNE           1.000       0.000      0.000       1.000       1.000
    B1SFDSNE           1.000       0.000      0.000       1.000       1.000
    B1SSPCRI           1.000       0.000      0.000       1.000       1.000
    B1SPIFAM           1.000       0.000      0.000       1.000       1.000
    B1SLFEDI           1.000       0.000      0.000       1.000       1.000
    B1SDAYDI           1.000       0.000      0.000       1.000       1.000
    B4QPS_PS           1.000       0.000      0.000       1.000       1.000

Latent Class 3

 Means
    B1SJOBDI           2.593       0.068      0.000       2.453       2.727      *
    B1SPIWOR           3.248       0.072      0.000       3.106       3.391      *
    B1SPIHOM           3.632       0.069      0.000       3.494       3.766      *
    B1SKINNE           3.704       0.063      0.000       3.583       3.835      *
    B1SFDSNE           3.810       0.064      0.000       3.685       3.939      *
    B1SSPCRI           3.638       0.072      0.000       3.497       3.778      *
    B1SPIFAM           3.302       0.062      0.000       3.180       3.424      *
    B1SLFEDI           4.762       0.090      0.000       4.583       4.936      *
    B1SDAYDI           3.673       0.067      0.000       3.541       3.800      *
    B4QPS_PS           3.694       0.115      0.000       3.468       3.920      *

 Variances
    B1SJOBDI           1.000       0.000      0.000       1.000       1.000
    B1SPIWOR           1.000       0.000      0.000       1.000       1.000
    B1SPIHOM           1.000       0.000      0.000       1.000       1.000
    B1SKINNE           1.000       0.000      0.000       1.000       1.000
    B1SFDSNE           1.000       0.000      0.000       1.000       1.000
    B1SSPCRI           1.000       0.000      0.000       1.000       1.000
    B1SPIFAM           1.000       0.000      0.000       1.000       1.000
    B1SLFEDI           1.000       0.000      0.000       1.000       1.000
    B1SDAYDI           1.000       0.000      0.000       1.000       1.000
    B4QPS_PS           1.000       0.000      0.000       1.000       1.000

Latent Class 4

 Means
    B1SJOBDI           2.961       0.094      0.000       2.774       3.150      *
    B1SPIWOR           4.260       0.107      0.000       4.055       4.468      *
    B1SPIHOM           6.625       0.128      0.000       6.371       6.865      *
    B1SKINNE           4.097       0.089      0.000       3.926       4.270      *
    B1SFDSNE           4.017       0.084      0.000       3.845       4.182      *
    B1SSPCRI           4.329       0.118      0.000       4.108       4.570      *
    B1SPIFAM           4.390       0.094      0.000       4.207       4.572      *
    B1SLFEDI           0.571       0.068      0.000       0.440       0.705      *
    B1SDAYDI           3.523       0.082      0.000       3.364       3.685      *
    B4QPS_PS           4.914       0.176      0.000       4.562       5.250      *

 Variances
    B1SJOBDI           1.000       0.000      0.000       1.000       1.000
    B1SPIWOR           1.000       0.000      0.000       1.000       1.000
    B1SPIHOM           1.000       0.000      0.000       1.000       1.000
    B1SKINNE           1.000       0.000      0.000       1.000       1.000
    B1SFDSNE           1.000       0.000      0.000       1.000       1.000
    B1SSPCRI           1.000       0.000      0.000       1.000       1.000
    B1SPIFAM           1.000       0.000      0.000       1.000       1.000
    B1SLFEDI           1.000       0.000      0.000       1.000       1.000
    B1SDAYDI           1.000       0.000      0.000       1.000       1.000
    B4QPS_PS           1.000       0.000      0.000       1.000       1.000

Latent Class 5

 Means
    B1SJOBDI           3.407       0.124      0.000       3.179       3.664      *
    B1SPIWOR           4.040       0.110      0.000       3.832       4.261      *
    B1SPIHOM           3.921       0.081      0.000       3.761       4.077      *
    B1SKINNE           4.458       0.082      0.000       4.301       4.620      *
    B1SFDSNE           4.427       0.074      0.000       4.276       4.570      *
    B1SSPCRI           4.359       0.087      0.000       4.192       4.536      *
    B1SPIFAM           3.762       0.075      0.000       3.612       3.912      *
    B1SLFEDI           0.714       0.054      0.000       0.610       0.823      *
    B1SDAYDI           3.916       0.117      0.000       3.709       4.158      *
    B4QPS_PS           4.746       0.159      0.000       4.440       5.062      *

 Variances
    B1SJOBDI           1.000       0.000      0.000       1.000       1.000
    B1SPIWOR           1.000       0.000      0.000       1.000       1.000
    B1SPIHOM           1.000       0.000      0.000       1.000       1.000
    B1SKINNE           1.000       0.000      0.000       1.000       1.000
    B1SFDSNE           1.000       0.000      0.000       1.000       1.000
    B1SSPCRI           1.000       0.000      0.000       1.000       1.000
    B1SPIFAM           1.000       0.000      0.000       1.000       1.000
    B1SLFEDI           1.000       0.000      0.000       1.000       1.000
    B1SDAYDI           1.000       0.000      0.000       1.000       1.000
    B4QPS_PS           1.000       0.000      0.000       1.000       1.000

Latent Class 6

 Means
    B1SJOBDI           3.340       0.101      0.000       3.147       3.542      *
    B1SPIWOR           4.044       0.105      0.000       3.835       4.246      *
    B1SPIHOM           4.205       0.091      0.000       4.033       4.393      *
    B1SKINNE           4.117       0.087      0.000       3.946       4.291      *
    B1SFDSNE           4.167       0.085      0.000       4.000       4.334      *
    B1SSPCRI           3.981       0.106      0.000       3.777       4.189      *
    B1SPIFAM           3.667       0.087      0.000       3.496       3.836      *
    B1SLFEDI           9.477       0.147      0.000       9.194       9.765      *
    B1SDAYDI           4.470       0.089      0.000       4.302       4.649      *
    B4QPS_PS           4.544       0.156      0.000       4.237       4.852      *

 Variances
    B1SJOBDI           1.000       0.000      0.000       1.000       1.000
    B1SPIWOR           1.000       0.000      0.000       1.000       1.000
    B1SPIHOM           1.000       0.000      0.000       1.000       1.000
    B1SKINNE           1.000       0.000      0.000       1.000       1.000
    B1SFDSNE           1.000       0.000      0.000       1.000       1.000
    B1SSPCRI           1.000       0.000      0.000       1.000       1.000
    B1SPIFAM           1.000       0.000      0.000       1.000       1.000
    B1SLFEDI           1.000       0.000      0.000       1.000       1.000
    B1SDAYDI           1.000       0.000      0.000       1.000       1.000
    B4QPS_PS           1.000       0.000      0.000       1.000       1.000

Latent Class 7

 Means
    B1SJOBDI           3.913       0.144      0.000       3.635       4.197      *
    B1SPIWOR           4.532       0.145      0.000       4.256       4.822      *
    B1SPIHOM           4.560       0.120      0.000       4.332       4.797      *
    B1SKINNE           4.631       0.114      0.000       4.413       4.859      *
    B1SFDSNE           4.317       0.108      0.000       4.101       4.526      *
    B1SSPCRI           4.399       0.145      0.000       4.111       4.676      *
    B1SPIFAM           3.978       0.113      0.000       3.771       4.200      *
    B1SLFEDI          14.284       0.219      0.000      13.834      14.701      *
    B1SDAYDI           5.318       0.136      0.000       5.064       5.599      *
    B4QPS_PS           4.756       0.172      0.000       4.422       5.096      *

 Variances
    B1SJOBDI           1.000       0.000      0.000       1.000       1.000
    B1SPIWOR           1.000       0.000      0.000       1.000       1.000
    B1SPIHOM           1.000       0.000      0.000       1.000       1.000
    B1SKINNE           1.000       0.000      0.000       1.000       1.000
    B1SFDSNE           1.000       0.000      0.000       1.000       1.000
    B1SSPCRI           1.000       0.000      0.000       1.000       1.000
    B1SPIFAM           1.000       0.000      0.000       1.000       1.000
    B1SLFEDI           1.000       0.000      0.000       1.000       1.000
    B1SDAYDI           1.000       0.000      0.000       1.000       1.000
    B4QPS_PS           1.000       0.000      0.000       1.000       1.000


     Beginning Time:  10:12:23
        Ending Time:  10:15:22
       Elapsed Time:  00:02:59



MUTHEN & MUTHEN
3463 Stoner Ave.
Los Angeles, CA  90066

Tel: (310) 391-9971
Fax: (310) 391-8971
Web: www.StatModel.com
Support: Support@StatModel.com

Copyright (c) 1998-2014 Muthen & Muthen
