Mplus VERSION 7.3
MUTHEN & MUTHEN
07/13/2016  10:23 AM

INPUT INSTRUCTIONS

  DATA:
  FILE = "m2_stress_lca10.dat";

  VARIABLE:
  NAMES = B1SJOBDI B1SPIWOR B1SPIHOM B1SKINNE B1SFDSNE B1SSPCRI B1SPIFAM B1SLFEDI
       B1SDAYDI B4QPS_PS;
   MISSING=.;

      CLASSES = c (10);

  ANALYSIS:

     TYPE = MIXTURE;
     ESTIMATOR = BAYES;
     BITERATIONS = 20000 (4000);
     STARTS = 600 120;
     STVALUES = ML;
     PROCESSORS = 8;

  MODEL:

     %OVERALL%
     [B1SLFEDI* B1SDAYDI* B1SJOBDI*
      B1SPIWOR* B1SPIHOM* B1SPIFAM*
      B4QPS_PS* B1SKINNE* B1SFDSNE* B1SSPCRI*];
     B1SLFEDI* B1SDAYDI* B1SJOBDI*
      B1SPIWOR* B1SPIHOM* B1SPIFAM*
      B4QPS_PS* B1SKINNE* B1SFDSNE* B1SSPCRI*;
  OUTPUT:
  STDYX;



*** WARNING in MODEL command
  All variables are uncorrelated with all other variables within class.
  Check that this is what is intended.
*** WARNING
  Data set contains cases with missing on all variables.
  These cases were not included in the analysis.
  Number of cases with missing on all variables:  2364
   2 WARNING(S) FOUND IN THE INPUT INSTRUCTIONS




SUMMARY OF ANALYSIS

Number of groups                                                 1
Number of observations                                        4621

Number of dependent variables                                   10
Number of independent variables                                  0
Number of continuous latent variables                            0
Number of categorical latent variables                           1

Observed dependent variables

  Continuous
   B1SJOBDI    B1SPIWOR    B1SPIHOM    B1SKINNE    B1SFDSNE    B1SSPCRI
   B1SPIFAM    B1SLFEDI    B1SDAYDI    B4QPS_PS

Categorical latent variables
   C


Estimator                                                    BAYES
Specifications for Bayesian Estimation
  Point estimate                                            MEDIAN
  Number of Markov chain Monte Carlo (MCMC) chains               2
  Random seed for the first chain                                0
  Starting value information                                    ML
  Treatment of categorical mediator                         LATENT
  Algorithm used for Markov chain Monte Carlo           GIBBS(PX1)
  Convergence criterion                                  0.500D-01
  Maximum number of iterations                               20000
  K-th iteration used for thinning                               1
Integration Specifications
  Type                                                    STANDARD
  Number of integration points                                  15
  Dimensions of numerical integration                            0
  Adaptive quadrature                                           ON
Random Starts Specifications
  Number of initial stage random starts                        600
  Number of final stage optimizations                          120
  Number of initial stage iterations                            10
  Initial stage convergence criterion                    0.100D+01
  Random starts scale                                    0.500D+01
  Random seed for generating random starts                       0
Cholesky                                                       OFF

Input data file(s)
  m2_stress_lca10.dat
Input data format  FREE


SUMMARY OF DATA



COVARIANCE COVERAGE OF DATA

Minimum covariance coverage value   0.100

     Number of missing data patterns            95


     PROPORTION OF DATA PRESENT


           Covariance Coverage
              B1SJOBDI      B1SPIWOR      B1SPIHOM      B1SKINNE      B1SFDSNE
              ________      ________      ________      ________      ________
 B1SJOBDI       0.642
 B1SPIWOR       0.636         0.639
 B1SPIHOM       0.640         0.638         0.996
 B1SKINNE       0.639         0.637         0.992         0.994
 B1SFDSNE       0.637         0.635         0.988         0.987         0.990
 B1SSPCRI       0.480         0.479         0.707         0.706         0.703
 B1SPIFAM       0.554         0.551         0.866         0.866         0.862
 B1SLFEDI       0.626         0.623         0.964         0.963         0.958
 B1SDAYDI       0.636         0.633         0.984         0.982         0.977
 B4QPS_PS       0.189         0.188         0.269         0.269         0.267


           Covariance Coverage
              B1SSPCRI      B1SPIFAM      B1SLFEDI      B1SDAYDI      B4QPS_PS
              ________      ________      ________      ________      ________
 B1SSPCRI       0.708
 B1SPIFAM       0.653         0.868
 B1SLFEDI       0.684         0.840         0.967
 B1SDAYDI       0.701         0.858         0.960         0.986
 B4QPS_PS       0.190         0.234         0.266         0.268         0.270


RANDOM STARTS RESULTS RANKED FROM THE BEST TO THE WORST LOGLIKELIHOOD VALUES

Final stage loglikelihood values at local maxima, seeds, and initial stage start numbers:

          -48826.478  173191           422
          -48826.479  399508           415
          -48826.481  120506           45
          -48826.481  294669           501
          -48826.481  621542           375
          -48826.481  408713           450
          -48826.481  370957           554
          -48826.481  605161           409
          -48826.481  609185           181
          -48826.481  848331           137
          -48826.481  872743           374
          -48826.481  760878           249
          -48826.482  185071           370
          -48826.482  622860           259
          -48826.482  926283           269
          -48826.483  354624           448
          -48826.483  188640           451
          -48826.483  475420           71
          -48826.483  509733           130
          -48826.483  933578           506
          -48826.483  437181           135
          -48826.483  913639           162
          -48826.483  275475           413
          -48826.483  972430           491
          -48826.483  193847           354
          -48826.483  606576           151
          -48826.483  752769           253
          -48826.483  415931           10
          -48826.484  794236           127
          -48826.484  836515           341
          -48826.484  751054           117
          -48826.484  654136           167
          -48826.484  694303           282
          -48826.484  931874           141
          -48826.484  425929           508
          -48826.484  267983           228
          -48826.484  260953           589
          -48836.462  268217           83
          -48836.551  644297           340
          -48836.551  903420           5
          -48836.554  652266           490
          -48846.851  112586           494
          -48881.478  391179           78
          -48887.175  392766           331
          -48887.176  813779           92
          -48887.177  754100           56
          -48887.177  608849           224
          -48887.178  232559           136
          -48887.178  92564            583
          -48887.180  505244           582
          -48887.180  700349           401
          -48887.180  315029           471
          -48887.181  364676           27
          -48887.181  903633           553
          -48887.181  314034           513
          -48887.181  329127           185
          -48887.182  667250           318
          -48887.182  12477            155
          -48896.031  996231           310
          -48954.604  605358           321
          -48961.063  117587           572
          -48961.067  539389           544
          -48961.078  686482           215
          -48961.090  570782           193
          -48989.829  369602           146
          -48989.829  422103           62
          -48989.829  434915           552
          -48989.830  193569           440
          -48989.837  835767           210
          -48992.193  529455           268
          -48992.194  801065           393
          -48992.194  85462            51
          -48992.194  970689           266
          -48992.195  939709           112
          -49029.948  801717           364
          -49029.956  21345            199
          -49069.691  292884           103
          -49087.850  777045           377
          -49110.101  301180           236
          -49110.103  89970            223
          -49110.110  595153           230
          -49110.110  349360           464
          -49110.116  387701           275
          -49149.260  263049           454
          -49149.260  281462           285
          -49149.262  68850            462
          -49149.262  587946           120
          -49149.263  376411           473
          -49149.264  127215           9
          -49149.265  784664           75
          -49149.265  15715            274
          -49149.265  252346           528
          -49149.265  319575           499
          -49149.353  375590           438
          -49169.894  432148           30
          -49169.896  210870           383
          -49189.998  724519           333
          -49197.299  197223           332
          -49197.299  399380           436
          -49197.300  662718           460
          -49197.301  520177           262
          -49197.303  804561           59
          -49197.305  848163           47
          -49197.313  496710           386
          -49197.317  297518           166
          -49197.319  319144           176
          -49197.342  858804           534
          -49243.204  347515           24
          -49243.388  436892           565
          -49243.391  576596           99
          -49243.398  82357            339
          -49255.366  285380           1
          -49255.423  22874            588
          -49291.159  519357           559
          -49291.180  78862            529
          -49304.899  726035           191
          -49304.899  182524           373
          -49352.413  617243           237
          -49352.424  798821           423
          -49352.426  231281           542

THE BEST LOGLIKELIHOOD VALUE HAS BEEN REPLICATED.  RERUN WITH AT LEAST TWICE THE
RANDOM STARTS TO CHECK THAT THE BEST LOGLIKELIHOOD IS STILL OBTAINED AND REPLICATED.


THE MODEL ESTIMATION TERMINATED NORMALLY

     USE THE FBITERATIONS OPTION TO INCREASE THE NUMBER OF ITERATIONS BY A FACTOR
     OF AT LEAST TWO TO CHECK CONVERGENCE AND THAT THE PSR VALUE DOES NOT INCREASE.



MODEL FIT INFORMATION

Number of Free Parameters                             119

Bayesian Posterior Predictive Checking using Chi-Square

          95% Confidence Interval for the Difference Between
          the Observed and the Replicated Chi-Square Values

                        2593.907          2909.051

          Posterior Predictive P-Value       0.000



FINAL CLASS COUNTS AND PROPORTIONS FOR THE LATENT CLASSES
BASED ON THE ESTIMATED MODEL

    Latent
   Classes

       1        869.60167          0.18818
       2        206.28885          0.04464
       3        396.67052          0.08584
       4        198.65834          0.04299
       5       1706.14233          0.36921
       6        242.29730          0.05243
       7        501.33850          0.10849
       8         92.15702          0.01994
       9        149.24609          0.03230
      10        253.54486          0.05487


FINAL CLASS COUNTS AND PROPORTIONS FOR THE LATENT CLASSES
BASED ON ESTIMATED POSTERIOR PROBABILITIES

    Latent
   Classes

       1        879.84522          0.19040
       2        200.87310          0.04347
       3        396.54764          0.08581
       4        193.82476          0.04194
       5       1731.41620          0.37468
       6        238.83566          0.05168
       7        503.29652          0.10892
       8         84.41328          0.01827
       9        142.79096          0.03090
      10        249.15666          0.05392


FINAL CLASS COUNTS AND PROPORTIONS FOR THE LATENT CLASSES
BASED ON THEIR MOST LIKELY LATENT CLASS MEMBERSHIP

Class Counts and Proportions

    Latent
   Classes

       1              820          0.17745
       2              205          0.04436
       3              375          0.08126
       4              191          0.04129
       5             1835          0.39715
       6              228          0.04925
       7              495          0.10717
       8               82          0.01785
       9              144          0.03119
      10              245          0.05304


CLASSIFICATION QUALITY

     Entropy                         0.846


Average Latent Class Probabilities for Most Likely Latent Class Membership (Row)
by Latent Class (Column)

           1        2        3        4        5        6        7        8        9

    1   0.825    0.000    0.000    0.000    0.168    0.006    0.002    0.000    0.000
    2   0.000    0.947    0.000    0.000    0.000    0.000    0.006    0.006    0.029
    3   0.002    0.000    0.819    0.042    0.116    0.016    0.002    0.000    0.000
    4   0.000    0.000    0.073    0.858    0.016    0.049    0.000    0.000    0.000
    5   0.108    0.000    0.036    0.002    0.832    0.017    0.006    0.000    0.000
    6   0.023    0.000    0.025    0.040    0.085    0.822    0.004    0.000    0.000
    7   0.001    0.002    0.001    0.000    0.003    0.002    0.962    0.000    0.000
    8   0.000    0.003    0.000    0.000    0.000    0.000    0.000    0.988    0.009
    9   0.000    0.032    0.000    0.000    0.000    0.000    0.000    0.011    0.934
   10   0.000    0.004    0.007    0.003    0.000    0.001    0.051    0.000    0.007

          10

    1   0.000
    2   0.012
    3   0.003
    4   0.003
    5   0.000
    6   0.001
    7   0.028
    8   0.000
    9   0.022
   10   0.927


MODEL RESULTS

                                Posterior  One-Tailed         95% C.I.
                    Estimate       S.D.      P-Value   Lower 2.5%  Upper 2.5%  Significance

Latent Class 1

 Means
    B1SJOBDI           8.196       0.188      0.000       7.834       8.561      *
    B1SPIWOR           1.353       0.025      0.000       1.306       1.403      *
    B1SPIHOM           1.241       0.015      0.000       1.212       1.270      *
    B1SKINNE           1.488       0.026      0.000       1.436       1.537      *
    B1SFDSNE           1.344       0.025      0.000       1.294       1.395      *
    B1SSPCRI           1.730       0.029      0.000       1.671       1.784      *
    B1SPIFAM           1.353       0.021      0.000       1.311       1.392      *
    B1SLFEDI           0.135       0.018      0.000       0.098       0.171      *
    B1SDAYDI          10.206       0.136      0.000       9.936      10.467      *
    B4QPS_PS          17.953       0.450      0.000      17.061      18.820      *

 Variances
    B1SJOBDI          13.184       0.473      0.000      12.305      14.151      *
    B1SPIWOR           0.208       0.006      0.000       0.196       0.221      *
    B1SPIHOM           0.132       0.004      0.000       0.124       0.140      *
    B1SKINNE           0.254       0.007      0.000       0.241       0.267      *
    B1SFDSNE           0.189       0.005      0.000       0.179       0.200      *
    B1SSPCRI           0.301       0.008      0.000       0.286       0.317      *
    B1SPIFAM           0.206       0.005      0.000       0.196       0.216      *
    B1SLFEDI           0.222       0.006      0.000       0.211       0.233      *
    B1SDAYDI          13.090       0.347      0.000      12.437      13.789      *
    B4QPS_PS          29.001       1.306      0.000      26.531      31.690      *

Latent Class 2

 Means
    B1SJOBDI          10.789       0.373      0.000      10.053      11.513      *
    B1SPIWOR           1.655       0.046      0.000       1.565       1.745      *
    B1SPIHOM           1.398       0.030      0.000       1.341       1.460      *
    B1SKINNE           2.050       0.043      0.000       1.966       2.132      *
    B1SFDSNE           1.842       0.039      0.000       1.766       1.920      *
    B1SSPCRI           2.193       0.056      0.000       2.083       2.305      *
    B1SPIFAM           1.517       0.039      0.000       1.441       1.592      *
    B1SLFEDI           4.558       0.059      0.000       4.433       4.663      *
    B1SDAYDI          15.339       0.324      0.000      14.687      15.963      *
    B4QPS_PS          22.978       0.683      0.000      21.650      24.285      *

 Variances
    B1SJOBDI          13.184       0.473      0.000      12.305      14.151      *
    B1SPIWOR           0.208       0.006      0.000       0.196       0.221      *
    B1SPIHOM           0.132       0.004      0.000       0.124       0.140      *
    B1SKINNE           0.254       0.007      0.000       0.241       0.267      *
    B1SFDSNE           0.189       0.005      0.000       0.179       0.200      *
    B1SSPCRI           0.301       0.008      0.000       0.286       0.317      *
    B1SPIFAM           0.206       0.005      0.000       0.196       0.216      *
    B1SLFEDI           0.222       0.006      0.000       0.211       0.233      *
    B1SDAYDI          13.090       0.347      0.000      12.437      13.789      *
    B4QPS_PS          29.001       1.306      0.000      26.531      31.690      *

Latent Class 3

 Means
    B1SJOBDI          15.382       0.438      0.000      14.543      16.239      *
    B1SPIWOR           2.044       0.039      0.000       1.969       2.120      *
    B1SPIHOM           1.445       0.028      0.000       1.389       1.499      *
    B1SKINNE           2.437       0.042      0.000       2.355       2.520      *
    B1SFDSNE           2.096       0.033      0.000       2.034       2.161      *
    B1SSPCRI           2.503       0.050      0.000       2.410       2.604      *
    B1SPIFAM           1.722       0.038      0.000       1.649       1.797      *
    B1SLFEDI           0.395       0.036      0.000       0.324       0.466      *
    B1SDAYDI          15.898       0.416      0.000      15.080      16.740      *
    B4QPS_PS          25.786       0.740      0.000      24.389      27.290      *

 Variances
    B1SJOBDI          13.184       0.473      0.000      12.305      14.151      *
    B1SPIWOR           0.208       0.006      0.000       0.196       0.221      *
    B1SPIHOM           0.132       0.004      0.000       0.124       0.140      *
    B1SKINNE           0.254       0.007      0.000       0.241       0.267      *
    B1SFDSNE           0.189       0.005      0.000       0.179       0.200      *
    B1SSPCRI           0.301       0.008      0.000       0.286       0.317      *
    B1SPIFAM           0.206       0.005      0.000       0.196       0.216      *
    B1SLFEDI           0.222       0.006      0.000       0.211       0.233      *
    B1SDAYDI          13.090       0.347      0.000      12.437      13.789      *
    B4QPS_PS          29.001       1.306      0.000      26.531      31.690      *

Latent Class 4

 Means
    B1SJOBDI          12.196       0.502      0.000      11.210      13.186      *
    B1SPIWOR           2.076       0.056      0.000       1.972       2.191      *
    B1SPIHOM           2.337       0.051      0.000       2.234       2.435      *
    B1SKINNE           2.783       0.062      0.000       2.670       2.913      *
    B1SFDSNE           2.333       0.046      0.000       2.245       2.427      *
    B1SSPCRI           2.835       0.069      0.000       2.700       2.974      *
    B1SPIFAM           2.187       0.049      0.000       2.089       2.280      *
    B1SLFEDI           0.285       0.044      0.000       0.201       0.371      *
    B1SDAYDI          15.577       0.499      0.000      14.607      16.544      *
    B4QPS_PS          30.329       1.048      0.000      28.290      32.400      *

 Variances
    B1SJOBDI          13.184       0.473      0.000      12.305      14.151      *
    B1SPIWOR           0.208       0.006      0.000       0.196       0.221      *
    B1SPIHOM           0.132       0.004      0.000       0.124       0.140      *
    B1SKINNE           0.254       0.007      0.000       0.241       0.267      *
    B1SFDSNE           0.189       0.005      0.000       0.179       0.200      *
    B1SSPCRI           0.301       0.008      0.000       0.286       0.317      *
    B1SPIFAM           0.206       0.005      0.000       0.196       0.216      *
    B1SLFEDI           0.222       0.006      0.000       0.211       0.233      *
    B1SDAYDI          13.090       0.347      0.000      12.437      13.789      *
    B4QPS_PS          29.001       1.306      0.000      26.531      31.690      *

Latent Class 5

 Means
    B1SJOBDI           9.306       0.140      0.000       9.032       9.571      *
    B1SPIWOR           1.426       0.018      0.000       1.391       1.463      *
    B1SPIHOM           1.307       0.012      0.000       1.284       1.329      *
    B1SKINNE           2.077       0.020      0.000       2.038       2.115      *
    B1SFDSNE           1.915       0.017      0.000       1.881       1.947      *
    B1SSPCRI           2.164       0.020      0.000       2.123       2.204      *
    B1SPIFAM           1.499       0.015      0.000       1.469       1.530      *
    B1SLFEDI           0.210       0.014      0.000       0.183       0.237      *
    B1SDAYDI          11.317       0.114      0.000      11.096      11.542      *
    B4QPS_PS          21.552       0.320      0.000      20.955      22.200      *

 Variances
    B1SJOBDI          13.184       0.473      0.000      12.305      14.151      *
    B1SPIWOR           0.208       0.006      0.000       0.196       0.221      *
    B1SPIHOM           0.132       0.004      0.000       0.124       0.140      *
    B1SKINNE           0.254       0.007      0.000       0.241       0.267      *
    B1SFDSNE           0.189       0.005      0.000       0.179       0.200      *
    B1SSPCRI           0.301       0.008      0.000       0.286       0.317      *
    B1SPIFAM           0.206       0.005      0.000       0.196       0.216      *
    B1SLFEDI           0.222       0.006      0.000       0.211       0.233      *
    B1SDAYDI          13.090       0.347      0.000      12.437      13.789      *
    B4QPS_PS          29.001       1.306      0.000      26.531      31.690      *

Latent Class 6

 Means
    B1SJOBDI          10.552       0.416      0.000       9.721      11.372      *
    B1SPIWOR           1.877       0.053      0.000       1.771       1.977      *
    B1SPIHOM           2.409       0.044      0.000       2.323       2.494      *
    B1SKINNE           1.882       0.049      0.000       1.788       1.979      *
    B1SFDSNE           1.650       0.049      0.000       1.552       1.738      *
    B1SSPCRI           2.136       0.068      0.000       1.999       2.266      *
    B1SPIFAM           1.844       0.048      0.000       1.751       1.940      *
    B1SLFEDI           0.319       0.041      0.000       0.238       0.400      *
    B1SDAYDI          11.461       0.296      0.000      10.904      12.043      *
    B4QPS_PS          23.602       0.975      0.000      21.592      25.433      *

 Variances
    B1SJOBDI          13.184       0.473      0.000      12.305      14.151      *
    B1SPIWOR           0.208       0.006      0.000       0.196       0.221      *
    B1SPIHOM           0.132       0.004      0.000       0.124       0.140      *
    B1SKINNE           0.254       0.007      0.000       0.241       0.267      *
    B1SFDSNE           0.189       0.005      0.000       0.179       0.200      *
    B1SSPCRI           0.301       0.008      0.000       0.286       0.317      *
    B1SPIFAM           0.206       0.005      0.000       0.196       0.216      *
    B1SLFEDI           0.222       0.006      0.000       0.211       0.233      *
    B1SDAYDI          13.090       0.347      0.000      12.437      13.789      *
    B4QPS_PS          29.001       1.306      0.000      26.531      31.690      *

Latent Class 7

 Means
    B1SJOBDI           9.674       0.254      0.000       9.186      10.188      *
    B1SPIWOR           1.488       0.028      0.000       1.433       1.543      *
    B1SPIHOM           1.335       0.018      0.000       1.300       1.371      *
    B1SKINNE           1.986       0.031      0.000       1.926       2.047      *
    B1SFDSNE           1.790       0.025      0.000       1.742       1.840      *
    B1SSPCRI           2.037       0.034      0.000       1.971       2.102      *
    B1SPIFAM           1.504       0.025      0.000       1.455       1.552      *
    B1SLFEDI           2.277       0.026      0.000       2.224       2.327      *
    B1SDAYDI          13.351       0.217      0.000      12.946      13.787      *
    B4QPS_PS          19.924       0.461      0.000      19.024      20.794      *

 Variances
    B1SJOBDI          13.184       0.473      0.000      12.305      14.151      *
    B1SPIWOR           0.208       0.006      0.000       0.196       0.221      *
    B1SPIHOM           0.132       0.004      0.000       0.124       0.140      *
    B1SKINNE           0.254       0.007      0.000       0.241       0.267      *
    B1SFDSNE           0.189       0.005      0.000       0.179       0.200      *
    B1SSPCRI           0.301       0.008      0.000       0.286       0.317      *
    B1SPIFAM           0.206       0.005      0.000       0.196       0.216      *
    B1SLFEDI           0.222       0.006      0.000       0.211       0.233      *
    B1SDAYDI          13.090       0.347      0.000      12.437      13.789      *
    B4QPS_PS          29.001       1.306      0.000      26.531      31.690      *

Latent Class 8

 Means
    B1SJOBDI          13.961       0.571      0.000      12.818      15.056      *
    B1SPIWOR           2.007       0.069      0.000       1.877       2.143      *
    B1SPIHOM           1.630       0.043      0.000       1.545       1.713      *
    B1SKINNE           2.491       0.059      0.000       2.376       2.605      *
    B1SFDSNE           2.070       0.051      0.000       1.972       2.172      *
    B1SSPCRI           2.419       0.091      0.000       2.244       2.606      *
    B1SPIFAM           1.772       0.057      0.000       1.662       1.886      *
    B1SLFEDI           7.537       0.072      0.000       7.380       7.673      *
    B1SDAYDI          19.913       0.419      0.000      19.096      20.726      *
    B4QPS_PS          25.330       0.909      0.000      23.575      27.102      *

 Variances
    B1SJOBDI          13.184       0.473      0.000      12.305      14.151      *
    B1SPIWOR           0.208       0.006      0.000       0.196       0.221      *
    B1SPIHOM           0.132       0.004      0.000       0.124       0.140      *
    B1SKINNE           0.254       0.007      0.000       0.241       0.267      *
    B1SFDSNE           0.189       0.005      0.000       0.179       0.200      *
    B1SSPCRI           0.301       0.008      0.000       0.286       0.317      *
    B1SPIFAM           0.206       0.005      0.000       0.196       0.216      *
    B1SLFEDI           0.222       0.006      0.000       0.211       0.233      *
    B1SDAYDI          13.090       0.347      0.000      12.437      13.789      *
    B4QPS_PS          29.001       1.306      0.000      26.531      31.690      *

Latent Class 9

 Means
    B1SJOBDI          17.837       0.518      0.000      16.782      18.827      *
    B1SPIWOR           2.380       0.063      0.000       2.256       2.500      *
    B1SPIHOM           1.930       0.050      0.000       1.826       2.019      *
    B1SKINNE           2.700       0.060      0.000       2.574       2.811      *
    B1SFDSNE           2.298       0.059      0.000       2.166       2.395      *
    B1SSPCRI           2.557       0.079      0.000       2.400       2.706      *
    B1SPIFAM           2.018       0.054      0.000       1.913       2.121      *
    B1SLFEDI           5.164       0.140      0.000       4.986       5.527      *
    B1SDAYDI          19.586       0.398      0.000      18.806      20.359      *
    B4QPS_PS          27.878       0.900      0.000      26.148      29.651      *

 Variances
    B1SJOBDI          13.184       0.473      0.000      12.305      14.151      *
    B1SPIWOR           0.208       0.006      0.000       0.196       0.221      *
    B1SPIHOM           0.132       0.004      0.000       0.124       0.140      *
    B1SKINNE           0.254       0.007      0.000       0.241       0.267      *
    B1SFDSNE           0.189       0.005      0.000       0.179       0.200      *
    B1SSPCRI           0.301       0.008      0.000       0.286       0.317      *
    B1SPIFAM           0.206       0.005      0.000       0.196       0.216      *
    B1SLFEDI           0.222       0.006      0.000       0.211       0.233      *
    B1SDAYDI          13.090       0.347      0.000      12.437      13.789      *
    B4QPS_PS          29.001       1.306      0.000      26.531      31.690      *

Latent Class 10

 Means
    B1SJOBDI          14.667       0.399      0.000      13.958      15.514      *
    B1SPIWOR           2.067       0.054      0.000       1.970       2.183      *
    B1SPIHOM           1.871       0.051      0.000       1.793       1.996      *
    B1SKINNE           2.661       0.045      0.000       2.579       2.756      *
    B1SFDSNE           2.273       0.040      0.000       2.196       2.357      *
    B1SSPCRI           2.570       0.056      0.000       2.462       2.682      *
    B1SPIFAM           1.877       0.044      0.000       1.797       1.969      *
    B1SLFEDI           2.538       0.091      0.000       2.437       2.793      *
    B1SDAYDI          18.164       0.318      0.000      17.571      18.817      *
    B4QPS_PS          27.662       0.773      0.000      26.225      29.222      *

 Variances
    B1SJOBDI          13.184       0.473      0.000      12.305      14.151      *
    B1SPIWOR           0.208       0.006      0.000       0.196       0.221      *
    B1SPIHOM           0.132       0.004      0.000       0.124       0.140      *
    B1SKINNE           0.254       0.007      0.000       0.241       0.267      *
    B1SFDSNE           0.189       0.005      0.000       0.179       0.200      *
    B1SSPCRI           0.301       0.008      0.000       0.286       0.317      *
    B1SPIFAM           0.206       0.005      0.000       0.196       0.216      *
    B1SLFEDI           0.222       0.006      0.000       0.211       0.233      *
    B1SDAYDI          13.090       0.347      0.000      12.437      13.789      *
    B4QPS_PS          29.001       1.306      0.000      26.531      31.690      *

Categorical Latent Variables

 Means
    C#1                1.232       0.111      0.000       1.023       1.458      *
    C#2               -0.208       0.114      0.034      -0.437       0.018
    C#3                0.448       0.134      0.000       0.182       0.711      *
    C#4               -0.240       0.138      0.037      -0.517       0.027
    C#5                1.908       0.094      0.000       1.727       2.099      *
    C#6               -0.044       0.145      0.386      -0.319       0.246
    C#7                0.682       0.119      0.000       0.458       0.930      *
    C#8               -1.013       0.136      0.000      -1.278      -0.737      *
    C#9               -0.528       0.128      0.000      -0.789      -0.284      *

Class Proportions

    Class 1            0.188       0.013      0.000       0.162       0.215
    Class 2            0.045       0.003      0.000       0.038       0.051
    Class 3            0.086       0.008      0.000       0.070       0.103
    Class 4            0.043       0.005      0.000       0.034       0.053
    Class 5            0.369       0.015      0.000       0.339       0.398
    Class 6            0.052       0.006      0.000       0.042       0.065
    Class 7            0.108       0.006      0.000       0.097       0.121
    Class 8            0.020       0.002      0.000       0.016       0.025
    Class 9            0.032       0.003      0.000       0.026       0.039
    Class 10           0.055       0.005      0.000       0.046       0.064


STANDARDIZED MODEL RESULTS


STDYX Standardization

                                Posterior  One-Tailed         95% C.I.
                    Estimate       S.D.      P-Value   Lower 2.5%  Upper 2.5%
Latent Class 1

 Means
    B1SJOBDI           2.258       0.063      0.000       2.134       2.379      *
    B1SPIWOR           2.966       0.072      0.000       2.825       3.107      *
    B1SPIHOM           3.420       0.063      0.000       3.292       3.542      *
    B1SKINNE           2.954       0.061      0.000       2.830       3.076      *
    B1SFDSNE           3.087       0.064      0.000       2.959       3.210      *
    B1SSPCRI           3.151       0.064      0.000       3.023       3.273      *
    B1SPIFAM           2.980       0.055      0.000       2.872       3.088      *
    B1SLFEDI           0.287       0.039      0.000       0.207       0.363      *
    B1SDAYDI           2.821       0.053      0.000       2.716       2.922      *
    B4QPS_PS           3.334       0.104      0.000       3.123       3.540      *

 Variances
    B1SJOBDI           1.000       0.000      0.000       1.000       1.000
    B1SPIWOR           1.000       0.000      0.000       1.000       1.000
    B1SPIHOM           1.000       0.000      0.000       1.000       1.000
    B1SKINNE           1.000       0.000      0.000       1.000       1.000
    B1SFDSNE           1.000       0.000      0.000       1.000       1.000
    B1SSPCRI           1.000       0.000      0.000       1.000       1.000
    B1SPIFAM           1.000       0.000      0.000       1.000       1.000
    B1SLFEDI           1.000       0.000      0.000       1.000       1.000
    B1SDAYDI           1.000       0.000      0.000       1.000       1.000
    B4QPS_PS           1.000       0.000      0.000       1.000       1.000

Latent Class 2

 Means
    B1SJOBDI           2.972       0.114      0.000       2.746       3.191      *
    B1SPIWOR           3.625       0.113      0.000       3.408       3.848      *
    B1SPIHOM           3.853       0.095      0.000       3.671       4.038      *
    B1SKINNE           4.072       0.097      0.000       3.883       4.268      *
    B1SFDSNE           4.233       0.100      0.000       4.041       4.431      *
    B1SSPCRI           3.996       0.113      0.000       3.773       4.217      *
    B1SPIFAM           3.345       0.093      0.000       3.160       3.526      *
    B1SLFEDI           9.674       0.151      0.000       9.380       9.966      *
    B1SDAYDI           4.240       0.099      0.000       4.041       4.433      *
    B4QPS_PS           4.261       0.161      0.000       3.960       4.583      *

 Variances
    B1SJOBDI           1.000       0.000      0.000       1.000       1.000
    B1SPIWOR           1.000       0.000      0.000       1.000       1.000
    B1SPIHOM           1.000       0.000      0.000       1.000       1.000
    B1SKINNE           1.000       0.000      0.000       1.000       1.000
    B1SFDSNE           1.000       0.000      0.000       1.000       1.000
    B1SSPCRI           1.000       0.000      0.000       1.000       1.000
    B1SPIFAM           1.000       0.000      0.000       1.000       1.000
    B1SLFEDI           1.000       0.000      0.000       1.000       1.000
    B1SDAYDI           1.000       0.000      0.000       1.000       1.000
    B4QPS_PS           1.000       0.000      0.000       1.000       1.000

Latent Class 3

 Means
    B1SJOBDI           4.238       0.163      0.000       3.930       4.563      *
    B1SPIWOR           4.479       0.115      0.000       4.251       4.708      *
    B1SPIHOM           3.980       0.096      0.000       3.791       4.168      *
    B1SKINNE           4.840       0.109      0.000       4.633       5.062      *
    B1SFDSNE           4.816       0.099      0.000       4.627       5.012      *
    B1SSPCRI           4.561       0.112      0.000       4.347       4.794      *
    B1SPIFAM           3.794       0.094      0.000       3.621       3.986      *
    B1SLFEDI           0.839       0.079      0.000       0.684       0.996      *
    B1SDAYDI           4.394       0.146      0.000       4.113       4.694      *
    B4QPS_PS           4.792       0.177      0.000       4.455       5.149      *

 Variances
    B1SJOBDI           1.000       0.000      0.000       1.000       1.000
    B1SPIWOR           1.000       0.000      0.000       1.000       1.000
    B1SPIHOM           1.000       0.000      0.000       1.000       1.000
    B1SKINNE           1.000       0.000      0.000       1.000       1.000
    B1SFDSNE           1.000       0.000      0.000       1.000       1.000
    B1SSPCRI           1.000       0.000      0.000       1.000       1.000
    B1SPIFAM           1.000       0.000      0.000       1.000       1.000
    B1SLFEDI           1.000       0.000      0.000       1.000       1.000
    B1SDAYDI           1.000       0.000      0.000       1.000       1.000
    B4QPS_PS           1.000       0.000      0.000       1.000       1.000

Latent Class 4

 Means
    B1SJOBDI           3.359       0.147      0.000       3.066       3.647      *
    B1SPIWOR           4.545       0.143      0.000       4.275       4.841      *
    B1SPIHOM           6.437       0.188      0.000       6.071       6.809      *
    B1SKINNE           5.530       0.153      0.000       5.252       5.842      *
    B1SFDSNE           5.361       0.136      0.000       5.105       5.640      *
    B1SSPCRI           5.169       0.147      0.000       4.875       5.453      *
    B1SPIFAM           4.820       0.126      0.000       4.577       5.068      *
    B1SLFEDI           0.605       0.094      0.000       0.426       0.786      *
    B1SDAYDI           4.305       0.148      0.000       4.023       4.600      *
    B4QPS_PS           5.633       0.243      0.000       5.179       6.123      *

 Variances
    B1SJOBDI           1.000       0.000      0.000       1.000       1.000
    B1SPIWOR           1.000       0.000      0.000       1.000       1.000
    B1SPIHOM           1.000       0.000      0.000       1.000       1.000
    B1SKINNE           1.000       0.000      0.000       1.000       1.000
    B1SFDSNE           1.000       0.000      0.000       1.000       1.000
    B1SSPCRI           1.000       0.000      0.000       1.000       1.000
    B1SPIFAM           1.000       0.000      0.000       1.000       1.000
    B1SLFEDI           1.000       0.000      0.000       1.000       1.000
    B1SDAYDI           1.000       0.000      0.000       1.000       1.000
    B4QPS_PS           1.000       0.000      0.000       1.000       1.000

Latent Class 5

 Means
    B1SJOBDI           2.561       0.057      0.000       2.452       2.673      *
    B1SPIWOR           3.123       0.056      0.000       3.017       3.238      *
    B1SPIHOM           3.602       0.058      0.000       3.484       3.708      *
    B1SKINNE           4.126       0.069      0.000       3.989       4.260      *
    B1SFDSNE           4.401       0.076      0.000       4.251       4.554      *
    B1SSPCRI           3.942       0.067      0.000       3.808       4.072      *
    B1SPIFAM           3.306       0.051      0.000       3.207       3.407      *
    B1SLFEDI           0.446       0.030      0.000       0.389       0.504      *
    B1SDAYDI           3.129       0.047      0.000       3.035       3.220      *
    B4QPS_PS           4.005       0.112      0.000       3.788       4.229      *

 Variances
    B1SJOBDI           1.000       0.000      0.000       1.000       1.000
    B1SPIWOR           1.000       0.000      0.000       1.000       1.000
    B1SPIHOM           1.000       0.000      0.000       1.000       1.000
    B1SKINNE           1.000       0.000      0.000       1.000       1.000
    B1SFDSNE           1.000       0.000      0.000       1.000       1.000
    B1SSPCRI           1.000       0.000      0.000       1.000       1.000
    B1SPIFAM           1.000       0.000      0.000       1.000       1.000
    B1SLFEDI           1.000       0.000      0.000       1.000       1.000
    B1SDAYDI           1.000       0.000      0.000       1.000       1.000
    B4QPS_PS           1.000       0.000      0.000       1.000       1.000

Latent Class 6

 Means
    B1SJOBDI           2.911       0.122      0.000       2.662       3.151      *
    B1SPIWOR           4.111       0.134      0.000       3.853       4.378      *
    B1SPIHOM           6.638       0.149      0.000       6.343       6.923      *
    B1SKINNE           3.740       0.108      0.000       3.529       3.952      *
    B1SFDSNE           3.789       0.115      0.000       3.563       4.009      *
    B1SSPCRI           3.889       0.131      0.000       3.624       4.146      *
    B1SPIFAM           4.067       0.118      0.000       3.840       4.304      *
    B1SLFEDI           0.678       0.087      0.000       0.504       0.849      *
    B1SDAYDI           3.172       0.091      0.000       2.998       3.347      *
    B4QPS_PS           4.381       0.210      0.000       3.967       4.789      *

 Variances
    B1SJOBDI           1.000       0.000      0.000       1.000       1.000
    B1SPIWOR           1.000       0.000      0.000       1.000       1.000
    B1SPIHOM           1.000       0.000      0.000       1.000       1.000
    B1SKINNE           1.000       0.000      0.000       1.000       1.000
    B1SFDSNE           1.000       0.000      0.000       1.000       1.000
    B1SSPCRI           1.000       0.000      0.000       1.000       1.000
    B1SPIFAM           1.000       0.000      0.000       1.000       1.000
    B1SLFEDI           1.000       0.000      0.000       1.000       1.000
    B1SDAYDI           1.000       0.000      0.000       1.000       1.000
    B4QPS_PS           1.000       0.000      0.000       1.000       1.000

Latent Class 7

 Means
    B1SJOBDI           2.665       0.076      0.000       2.518       2.813      *
    B1SPIWOR           3.259       0.077      0.000       3.108       3.409      *
    B1SPIHOM           3.679       0.073      0.000       3.535       3.824      *
    B1SKINNE           3.944       0.073      0.000       3.803       4.089      *
    B1SFDSNE           4.112       0.075      0.000       3.967       4.264      *
    B1SSPCRI           3.711       0.078      0.000       3.562       3.860      *
    B1SPIFAM           3.316       0.067      0.000       3.182       3.446      *
    B1SLFEDI           4.833       0.084      0.000       4.668       4.999      *
    B1SDAYDI           3.691       0.071      0.000       3.551       3.826      *
    B4QPS_PS           3.702       0.113      0.000       3.480       3.915      *

 Variances
    B1SJOBDI           1.000       0.000      0.000       1.000       1.000
    B1SPIWOR           1.000       0.000      0.000       1.000       1.000
    B1SPIHOM           1.000       0.000      0.000       1.000       1.000
    B1SKINNE           1.000       0.000      0.000       1.000       1.000
    B1SFDSNE           1.000       0.000      0.000       1.000       1.000
    B1SSPCRI           1.000       0.000      0.000       1.000       1.000
    B1SPIFAM           1.000       0.000      0.000       1.000       1.000
    B1SLFEDI           1.000       0.000      0.000       1.000       1.000
    B1SDAYDI           1.000       0.000      0.000       1.000       1.000
    B4QPS_PS           1.000       0.000      0.000       1.000       1.000

Latent Class 8

 Means
    B1SJOBDI           3.844       0.172      0.000       3.502       4.175      *
    B1SPIWOR           4.397       0.164      0.000       4.083       4.726      *
    B1SPIHOM           4.490       0.135      0.000       4.231       4.757      *
    B1SKINNE           4.947       0.135      0.000       4.692       5.209      *
    B1SFDSNE           4.757       0.136      0.000       4.499       5.034      *
    B1SSPCRI           4.412       0.175      0.000       4.068       4.758      *
    B1SPIFAM           3.908       0.135      0.000       3.656       4.174      *
    B1SLFEDI          15.995       0.275      0.000      15.457      16.541      *
    B1SDAYDI           5.503       0.136      0.000       5.230       5.764      *
    B4QPS_PS           4.701       0.201      0.000       4.317       5.091      *

 Variances
    B1SJOBDI           1.000       0.000      0.000       1.000       1.000
    B1SPIWOR           1.000       0.000      0.000       1.000       1.000
    B1SPIHOM           1.000       0.000      0.000       1.000       1.000
    B1SKINNE           1.000       0.000      0.000       1.000       1.000
    B1SFDSNE           1.000       0.000      0.000       1.000       1.000
    B1SSPCRI           1.000       0.000      0.000       1.000       1.000
    B1SPIFAM           1.000       0.000      0.000       1.000       1.000
    B1SLFEDI           1.000       0.000      0.000       1.000       1.000
    B1SDAYDI           1.000       0.000      0.000       1.000       1.000
    B4QPS_PS           1.000       0.000      0.000       1.000       1.000

Latent Class 9

 Means
    B1SJOBDI           4.912       0.179      0.000       4.559       5.262      *
    B1SPIWOR           5.210       0.168      0.000       4.887       5.540      *
    B1SPIHOM           5.315       0.163      0.000       4.991       5.635      *
    B1SKINNE           5.365       0.148      0.000       5.060       5.647      *
    B1SFDSNE           5.275       0.164      0.000       4.925       5.573      *
    B1SSPCRI           4.663       0.157      0.000       4.343       4.957      *
    B1SPIFAM           4.448       0.133      0.000       4.187       4.711      *
    B1SLFEDI          10.956       0.363      0.000      10.463      11.878      *
    B1SDAYDI           5.416       0.138      0.000       5.138       5.682      *
    B4QPS_PS           5.172       0.211      0.000       4.761       5.602      *

 Variances
    B1SJOBDI           1.000       0.000      0.000       1.000       1.000
    B1SPIWOR           1.000       0.000      0.000       1.000       1.000
    B1SPIHOM           1.000       0.000      0.000       1.000       1.000
    B1SKINNE           1.000       0.000      0.000       1.000       1.000
    B1SFDSNE           1.000       0.000      0.000       1.000       1.000
    B1SSPCRI           1.000       0.000      0.000       1.000       1.000
    B1SPIFAM           1.000       0.000      0.000       1.000       1.000
    B1SLFEDI           1.000       0.000      0.000       1.000       1.000
    B1SDAYDI           1.000       0.000      0.000       1.000       1.000
    B4QPS_PS           1.000       0.000      0.000       1.000       1.000

Latent Class 10

 Means
    B1SJOBDI           4.043       0.131      0.000       3.793       4.311      *
    B1SPIWOR           4.531       0.144      0.000       4.266       4.836      *
    B1SPIHOM           5.156       0.179      0.000       4.868       5.582      *
    B1SKINNE           5.289       0.113      0.000       5.071       5.513      *
    B1SFDSNE           5.225       0.119      0.000       5.001       5.462      *
    B1SSPCRI           4.682       0.121      0.000       4.447       4.920      *
    B1SPIFAM           4.140       0.109      0.000       3.941       4.369      *
    B1SLFEDI           5.385       0.218      0.000       5.134       5.989      *
    B1SDAYDI           5.021       0.112      0.000       4.806       5.245      *
    B4QPS_PS           5.138       0.186      0.000       4.767       5.509      *

 Variances
    B1SJOBDI           1.000       0.000      0.000       1.000       1.000
    B1SPIWOR           1.000       0.000      0.000       1.000       1.000
    B1SPIHOM           1.000       0.000      0.000       1.000       1.000
    B1SKINNE           1.000       0.000      0.000       1.000       1.000
    B1SFDSNE           1.000       0.000      0.000       1.000       1.000
    B1SSPCRI           1.000       0.000      0.000       1.000       1.000
    B1SPIFAM           1.000       0.000      0.000       1.000       1.000
    B1SLFEDI           1.000       0.000      0.000       1.000       1.000
    B1SDAYDI           1.000       0.000      0.000       1.000       1.000
    B4QPS_PS           1.000       0.000      0.000       1.000       1.000


     Beginning Time:  10:23:30
        Ending Time:  10:28:11
       Elapsed Time:  00:04:41



MUTHEN & MUTHEN
3463 Stoner Ave.
Los Angeles, CA  90066

Tel: (310) 391-9971
Fax: (310) 391-8971
Web: www.StatModel.com
Support: Support@StatModel.com

Copyright (c) 1998-2014 Muthen & Muthen
