Mplus VERSION 7.3
MUTHEN & MUTHEN
02/06/2017  11:12 AM

INPUT INSTRUCTIONS

  DATA:
  FILE = "m2_stresscfa1.dat";

  VARIABLE:
  NAMES = B1SJOBDI B1SDAYDI B1SKINNE B1SFDSNE B1SLFEDI B1SPIFAM B1SPIHOM B1SPIWOR
       B1SSPCRI B4QPS_PS M2FAMNUM;
   MISSING=.;
   CLUSTER = M2FAMNUM;
  ANALYSIS:

     TYPE = COMPLEX;
     ESTIMATOR = MLR;
     PROCESSORS = 2;
  MODEL:

     Disc BY B1SLFEDI B1SDAYDI B1SJOBDI
       B1SPIWOR B1SPIHOM B1SPIFAM;
     Perc BY B4QPS_PS B1SKINNE B1SFDSNE B1SSPCRI;

  OUTPUT:
  STDYX;



*** WARNING
  Data set contains cases with missing on all variables.
  These cases were not included in the analysis.
  Number of cases with missing on all variables:  2088
   1 WARNING(S) FOUND IN THE INPUT INSTRUCTIONS




SUMMARY OF ANALYSIS

Number of groups                                                 1
Number of observations                                        4620

Number of dependent variables                                   10
Number of independent variables                                  0
Number of continuous latent variables                            2

Observed dependent variables

  Continuous
   B1SJOBDI    B1SDAYDI    B1SKINNE    B1SFDSNE    B1SLFEDI    B1SPIFAM
   B1SPIHOM    B1SPIWOR    B1SSPCRI    B4QPS_PS

Continuous latent variables
   DISC        PERC

Variables with special functions

  Cluster variable      M2FAMNUM

Estimator                                                      MLR
Information matrix                                        OBSERVED
Maximum number of iterations                                  1000
Convergence criterion                                    0.500D-04
Maximum number of steepest descent iterations                   20
Maximum number of iterations for H1                           2000
Convergence criterion for H1                             0.100D-03

Input data file(s)
  m2_stresscfa1.dat

Input data format  FREE


SUMMARY OF DATA

     Number of missing data patterns            95
     Number of clusters        3613



COVARIANCE COVERAGE OF DATA

Minimum covariance coverage value   0.100


     PROPORTION OF DATA PRESENT


           Covariance Coverage
              B1SJOBDI      B1SDAYDI      B1SKINNE      B1SFDSNE      B1SLFEDI
              ________      ________      ________      ________      ________
 B1SJOBDI       0.643
 B1SDAYDI       0.637         0.986
 B1SKINNE       0.640         0.982         0.994
 B1SFDSNE       0.638         0.977         0.987         0.990
 B1SLFEDI       0.626         0.960         0.963         0.958         0.967
 B1SPIFAM       0.555         0.859         0.867         0.863         0.841
 B1SPIHOM       0.641         0.984         0.992         0.988         0.964
 B1SPIWOR       0.637         0.634         0.637         0.636         0.624
 B1SSPCRI       0.481         0.701         0.706         0.703         0.684
 B4QPS_PS       0.189         0.268         0.269         0.268         0.266


           Covariance Coverage
              B1SPIFAM      B1SPIHOM      B1SPIWOR      B1SSPCRI      B4QPS_PS
              ________      ________      ________      ________      ________
 B1SPIFAM       0.869
 B1SPIHOM       0.866         0.996
 B1SPIWOR       0.552         0.639         0.640
 B1SSPCRI       0.654         0.706         0.479         0.708
 B4QPS_PS       0.235         0.269         0.188         0.190         0.270



THE MODEL ESTIMATION TERMINATED NORMALLY



MODEL FIT INFORMATION

Number of Free Parameters                       31

Loglikelihood

          H0 Value                      -51507.165
          H0 Scaling Correction Factor      1.2677
            for MLR
          H1 Value                      -51111.005
          H1 Scaling Correction Factor      1.2152
            for MLR

Information Criteria

          Akaike (AIC)                  103076.331
          Bayesian (BIC)                103275.914
          Sample-Size Adjusted BIC      103177.407
            (n* = (n + 2) / 24)

Chi-Square Test of Model Fit

          Value                            678.761*
          Degrees of Freedom                    34
          P-Value                           0.0000
          Scaling Correction Factor         1.1673
            for MLR

*   The chi-square value for MLM, MLMV, MLR, ULSMV, WLSM and WLSMV cannot be used
    for chi-square difference testing in the regular way.  MLM, MLR and WLSM
    chi-square difference testing is described on the Mplus website.  MLMV, WLSMV,
    and ULSMV difference testing is done using the DIFFTEST option.

RMSEA (Root Mean Square Error Of Approximation)

          Estimate                           0.064
          90 Percent C.I.                    0.060  0.068
          Probability RMSEA <= .05           0.000

CFI/TLI

          CFI                                0.874
          TLI                                0.833

Chi-Square Test of Model Fit for the Baseline Model

          Value                           5158.896
          Degrees of Freedom                    45
          P-Value                           0.0000

SRMR (Standardized Root Mean Square Residual)

          Value                              0.055



MODEL RESULTS

                                                    Two-Tailed
                    Estimate       S.E.  Est./S.E.    P-Value

 DISC     BY
    B1SLFEDI           1.000      0.000    999.000    999.000
    B1SDAYDI           3.404      0.136     24.999      0.000
    B1SJOBDI           3.174      0.189     16.790      0.000
    B1SPIWOR           0.386      0.026     14.993      0.000
    B1SPIHOM           0.253      0.020     12.665      0.000
    B1SPIFAM           0.252      0.020     12.361      0.000

 PERC     BY
    B4QPS_PS           1.000      0.000    999.000    999.000
    B1SKINNE           0.137      0.009     14.821      0.000
    B1SFDSNE           0.097      0.007     13.988      0.000
    B1SSPCRI           0.093      0.007     13.681      0.000

 PERC     WITH
    DISC               1.848      0.157     11.750      0.000

 Intercepts
    B1SJOBDI          10.545      0.081    129.972      0.000
    B1SDAYDI          12.871      0.070    184.175      0.000
    B1SKINNE           2.063      0.010    213.846      0.000
    B1SFDSNE           1.843      0.008    232.079      0.000
    B1SLFEDI           1.051      0.026     40.164      0.000
    B1SPIFAM           1.581      0.008    195.701      0.000
    B1SPIHOM           1.469      0.008    193.382      0.000
    B1SPIWOR           1.606      0.010    162.314      0.000
    B1SSPCRI           2.162      0.011    198.876      0.000
    B4QPS_PS          22.158      0.170    130.588      0.000

 Variances
    DISC               0.706      0.070     10.118      0.000
    PERC              11.200      1.395      8.029      0.000

 Residual Variances
    B1SJOBDI          12.879      0.491     26.213      0.000
    B1SDAYDI          12.488      0.491     25.438      0.000
    B1SKINNE           0.177      0.009     19.947      0.000
    B1SFDSNE           0.168      0.006     29.890      0.000
    B1SLFEDI           2.151      0.083     25.986      0.000
    B1SPIFAM           0.205      0.006     35.018      0.000
    B1SPIHOM           0.201      0.006     32.185      0.000
    B1SPIWOR           0.194      0.008     24.481      0.000
    B1SSPCRI           0.287      0.010     29.105      0.000
    B4QPS_PS          28.525      1.501     19.000      0.000


STANDARDIZED MODEL RESULTS


STDYX Standardization

                                                    Two-Tailed
                    Estimate       S.E.  Est./S.E.    P-Value

 DISC     BY
    B1SLFEDI           0.497      0.020     24.393      0.000
    B1SDAYDI           0.629      0.018     34.054      0.000
    B1SJOBDI           0.597      0.019     30.731      0.000
    B1SPIWOR           0.593      0.020     29.016      0.000
    B1SPIHOM           0.429      0.019     22.453      0.000
    B1SPIFAM           0.424      0.021     20.336      0.000

 PERC     BY
    B4QPS_PS           0.531      0.029     18.134      0.000
    B1SKINNE           0.738      0.015     48.906      0.000
    B1SFDSNE           0.621      0.016     39.461      0.000
    B1SSPCRI           0.502      0.020     24.546      0.000

 PERC     WITH
    DISC               0.657      0.020     32.628      0.000

 Intercepts
    B1SJOBDI           2.358      0.028     85.286      0.000
    B1SDAYDI           2.831      0.025    113.645      0.000
    B1SKINNE           3.313      0.034     98.464      0.000
    B1SFDSNE           3.523      0.037     96.471      0.000
    B1SLFEDI           0.622      0.009     69.886      0.000
    B1SPIFAM           3.159      0.031    103.325      0.000
    B1SPIHOM           2.959      0.030     97.277      0.000
    B1SPIWOR           2.937      0.030     96.790      0.000
    B1SSPCRI           3.491      0.041     84.863      0.000
    B4QPS_PS           3.516      0.068     52.015      0.000

 Variances
    DISC               1.000      0.000    999.000    999.000
    PERC               1.000      0.000    999.000    999.000

 Residual Variances
    B1SJOBDI           0.644      0.023     27.814      0.000
    B1SDAYDI           0.604      0.023     25.987      0.000
    B1SKINNE           0.456      0.022     20.496      0.000
    B1SFDSNE           0.614      0.020     31.428      0.000
    B1SLFEDI           0.753      0.020     37.154      0.000
    B1SPIFAM           0.820      0.018     46.372      0.000
    B1SPIHOM           0.816      0.016     49.819      0.000
    B1SPIWOR           0.648      0.024     26.685      0.000
    B1SSPCRI           0.748      0.021     36.491      0.000
    B4QPS_PS           0.718      0.031     23.091      0.000


R-SQUARE

    Observed                                        Two-Tailed
    Variable        Estimate       S.E.  Est./S.E.    P-Value

    B1SJOBDI           0.356      0.023     15.365      0.000
    B1SDAYDI           0.396      0.023     17.027      0.000
    B1SKINNE           0.544      0.022     24.453      0.000
    B1SFDSNE           0.386      0.020     19.730      0.000
    B1SLFEDI           0.247      0.020     12.197      0.000
    B1SPIFAM           0.180      0.018     10.168      0.000
    B1SPIHOM           0.184      0.016     11.227      0.000
    B1SPIWOR           0.352      0.024     14.508      0.000
    B1SSPCRI           0.252      0.021     12.273      0.000
    B4QPS_PS           0.282      0.031      9.067      0.000


QUALITY OF NUMERICAL RESULTS

     Condition Number for the Information Matrix              0.641E-04
       (ratio of smallest to largest eigenvalue)


     Beginning Time:  11:12:12
        Ending Time:  11:12:12
       Elapsed Time:  00:00:00



MUTHEN & MUTHEN
3463 Stoner Ave.
Los Angeles, CA  90066

Tel: (310) 391-9971
Fax: (310) 391-8971
Web: www.StatModel.com
Support: Support@StatModel.com

Copyright (c) 1998-2014 Muthen & Muthen
