Mplus VERSION 7.3
MUTHEN & MUTHEN
07/13/2016  10:05 AM

INPUT INSTRUCTIONS

  DATA:
  FILE = "m2_stress_lca4.dat";

  VARIABLE:
  NAMES = B1SJOBDI B1SPIWOR B1SPIHOM B1SKINNE B1SFDSNE B1SSPCRI B1SPIFAM B1SLFEDI
       B1SDAYDI B4QPS_PS;
   MISSING=.;

      CLASSES = c (4);

  ANALYSIS:

     TYPE = MIXTURE;
     ESTIMATOR = BAYES;
     BITERATIONS = 20000 (4000);
     STARTS = 600 120;
     STVALUES = ML;
     PROCESSORS = 8;

  MODEL:

     %OVERALL%
     [B1SLFEDI* B1SDAYDI* B1SJOBDI*
      B1SPIWOR* B1SPIHOM* B1SPIFAM*
      B4QPS_PS* B1SKINNE* B1SFDSNE* B1SSPCRI*];
     B1SLFEDI* B1SDAYDI* B1SJOBDI*
      B1SPIWOR* B1SPIHOM* B1SPIFAM*
      B4QPS_PS* B1SKINNE* B1SFDSNE* B1SSPCRI*;
  OUTPUT:
  STDYX;



*** WARNING in MODEL command
  All variables are uncorrelated with all other variables within class.
  Check that this is what is intended.
*** WARNING
  Data set contains cases with missing on all variables.
  These cases were not included in the analysis.
  Number of cases with missing on all variables:  2364
   2 WARNING(S) FOUND IN THE INPUT INSTRUCTIONS




SUMMARY OF ANALYSIS

Number of groups                                                 1
Number of observations                                        4621

Number of dependent variables                                   10
Number of independent variables                                  0
Number of continuous latent variables                            0
Number of categorical latent variables                           1

Observed dependent variables

  Continuous
   B1SJOBDI    B1SPIWOR    B1SPIHOM    B1SKINNE    B1SFDSNE    B1SSPCRI
   B1SPIFAM    B1SLFEDI    B1SDAYDI    B4QPS_PS

Categorical latent variables
   C


Estimator                                                    BAYES
Specifications for Bayesian Estimation
  Point estimate                                            MEDIAN
  Number of Markov chain Monte Carlo (MCMC) chains               2
  Random seed for the first chain                                0
  Starting value information                                    ML
  Treatment of categorical mediator                         LATENT
  Algorithm used for Markov chain Monte Carlo           GIBBS(PX1)
  Convergence criterion                                  0.500D-01
  Maximum number of iterations                               20000
  K-th iteration used for thinning                               1
Integration Specifications
  Type                                                    STANDARD
  Number of integration points                                  15
  Dimensions of numerical integration                            0
  Adaptive quadrature                                           ON
Random Starts Specifications
  Number of initial stage random starts                        600
  Number of final stage optimizations                          120
  Number of initial stage iterations                            10
  Initial stage convergence criterion                    0.100D+01
  Random starts scale                                    0.500D+01
  Random seed for generating random starts                       0
Cholesky                                                       OFF

Input data file(s)
  m2_stress_lca4.dat
Input data format  FREE


SUMMARY OF DATA



COVARIANCE COVERAGE OF DATA

Minimum covariance coverage value   0.100

     Number of missing data patterns            95


     PROPORTION OF DATA PRESENT


           Covariance Coverage
              B1SJOBDI      B1SPIWOR      B1SPIHOM      B1SKINNE      B1SFDSNE
              ________      ________      ________      ________      ________
 B1SJOBDI       0.642
 B1SPIWOR       0.636         0.639
 B1SPIHOM       0.640         0.638         0.996
 B1SKINNE       0.639         0.637         0.992         0.994
 B1SFDSNE       0.637         0.635         0.988         0.987         0.990
 B1SSPCRI       0.480         0.479         0.707         0.706         0.703
 B1SPIFAM       0.554         0.551         0.866         0.866         0.862
 B1SLFEDI       0.626         0.623         0.964         0.963         0.958
 B1SDAYDI       0.636         0.633         0.984         0.982         0.977
 B4QPS_PS       0.189         0.188         0.269         0.269         0.267


           Covariance Coverage
              B1SSPCRI      B1SPIFAM      B1SLFEDI      B1SDAYDI      B4QPS_PS
              ________      ________      ________      ________      ________
 B1SSPCRI       0.708
 B1SPIFAM       0.653         0.868
 B1SLFEDI       0.684         0.840         0.967
 B1SDAYDI       0.701         0.858         0.960         0.986
 B4QPS_PS       0.190         0.234         0.266         0.268         0.270


RANDOM STARTS RESULTS RANKED FROM THE BEST TO THE WORST LOGLIKELIHOOD VALUES

Final stage loglikelihood values at local maxima, seeds, and initial stage start numbers:

          -50445.281  399671           13
          -50445.281  66276            217
          -50445.281  793035           187
          -50445.281  471438           252
          -50445.281  673496           218
          -50445.281  848163           47
          -50445.281  618000           190
          -50445.281  160326           546
          -50445.281  276102           599
          -50445.281  570782           193
          -50445.281  614009           317
          -50445.281  809240           543
          -50445.281  76974            16
          -50445.281  580405           286
          -50445.281  991329           182
          -50445.281  190339           102
          -50445.281  970689           266
          -50445.281  117587           572
          -50445.281  939709           112
          -50445.281  140442           500
          -50445.281  782821           272
          -50445.281  926283           269
          -50445.281  801065           393
          -50445.281  327475           518
          -50445.281  947714           573
          -50445.281  21345            199
          -50592.087  279850           555
          -50592.088  507154           387
          -50592.088  345726           461
          -50592.088  654136           167
          -50592.088  576596           99
          -50592.088  742688           594
          -50592.089  535063           329
          -50592.089  468036           131
          -50592.089  137377           397
          -50592.089  509733           130
          -50592.089  830570           369
          -50592.089  471398           74
          -50592.089  23012            352
          -50592.089  608496           4
          -50592.089  232226           235
          -50592.089  354559           73
          -50592.089  648555           113
          -50592.089  349562           359
          -50592.089  298275           418
          -50592.089  197223           332
          -50592.089  414828           322
          -50592.089  263268           165
          -50592.089  824126           287
          -50592.089  34346            330
          -50592.089  535804           111
          -50592.089  319144           176
          -50592.089  147440           514
          -50592.089  156536           245
          -50592.089  521575           313
          -50592.089  804660           260
          -50592.089  182524           373
          -50592.089  153942           31
          -50592.090  479273           156
          -50592.090  491970           563
          -50592.090  344422           296
          -50592.090  319575           499
          -50592.090  685657           69
          -50592.090  830392           35
          -50592.090  644297           340
          -50592.090  783110           72
          -50592.090  354624           448
          -50592.090  127215           9
          -50592.090  898745           466
          -50592.090  794236           127
          -50657.836  238906           430
          -50657.836  123985           248
          -50657.837  178475           231
          -50657.837  315029           471
          -50657.837  375590           438
          -50657.838  366533           484
          -50657.838  801717           364
          -50657.839  626087           314
          -50657.840  539389           544
          -50657.840  618760           489
          -50657.841  252346           528
          -50657.841  267983           228
          -50657.842  349360           464
          -50657.842  802682           419
          -50657.843  303634           169
          -50657.843  232559           136
          -50657.843  562716           300
          -50657.844  635245           121
          -50657.844  526324           178
          -50657.844  434915           552
          -50657.844  79212            517
          -50657.844  966014           37
          -50657.844  846194           93
          -50657.844  55115            408
          -50657.844  650371           14
          -50657.844  117731           570
          -50657.844  741888           138
          -50657.844  569833           85
          -50657.844  146900           391
          -50657.844  335485           496
          -50657.844  391179           78
          -50657.844  79945            395
          -50657.844  392766           331
          -50657.844  17359            227
          -50657.844  246261           38
          -50657.844  153053           378
          -50657.844  471040           403
          -50657.844  741484           441
          -50657.844  92564            583
          -50657.844  891531           206
          -50657.844  93468            3
          -50657.845  699810           571
          -50657.845  215353           164
          -50657.845  823392           479
          -50657.845  399508           415
          -50657.845  252949           487
          -50657.845  22874            588
          -50657.845  922042           492
          -50657.845  92689            304
          -50657.845  957392           79

THE BEST LOGLIKELIHOOD VALUE HAS BEEN REPLICATED.  RERUN WITH AT LEAST TWICE THE
RANDOM STARTS TO CHECK THAT THE BEST LOGLIKELIHOOD IS STILL OBTAINED AND REPLICATED.


THE MODEL ESTIMATION TERMINATED NORMALLY

     USE THE FBITERATIONS OPTION TO INCREASE THE NUMBER OF ITERATIONS BY A FACTOR
     OF AT LEAST TWO TO CHECK CONVERGENCE AND THAT THE PSR VALUE DOES NOT INCREASE.



MODEL FIT INFORMATION

Number of Free Parameters                              53

Bayesian Posterior Predictive Checking using Chi-Square

          95% Confidence Interval for the Difference Between
          the Observed and the Replicated Chi-Square Values

                        3239.378          3571.518

          Posterior Predictive P-Value       0.000



FINAL CLASS COUNTS AND PROPORTIONS FOR THE LATENT CLASSES
BASED ON THE ESTIMATED MODEL

    Latent
   Classes

       1       2826.43393          0.61165
       2        817.57424          0.17693
       3        294.76909          0.06379
       4        680.51683          0.14727


FINAL CLASS COUNTS AND PROPORTIONS FOR THE LATENT CLASSES
BASED ON ESTIMATED POSTERIOR PROBABILITIES

    Latent
   Classes

       1       2841.56462          0.61492
       2        815.51254          0.17648
       3        287.50314          0.06222
       4        676.41970          0.14638


FINAL CLASS COUNTS AND PROPORTIONS FOR THE LATENT CLASSES
BASED ON THEIR MOST LIKELY LATENT CLASS MEMBERSHIP

Class Counts and Proportions

    Latent
   Classes

       1             2863          0.61967
       2              786          0.16999
       3              287          0.06201
       4              685          0.14833


CLASSIFICATION QUALITY

     Entropy                         0.893


Average Latent Class Probabilities for Most Likely Latent Class Membership (Row)
by Latent Class (Column)

           1        2        3        4

    1   0.959    0.028    0.000    0.012
    2   0.075    0.903    0.000    0.022
    3   0.000    0.000    0.967    0.033
    4   0.052    0.037    0.015    0.896


MODEL RESULTS

                                Posterior  One-Tailed         95% C.I.
                    Estimate       S.D.      P-Value   Lower 2.5%  Upper 2.5%  Significance

Latent Class 1

 Means
    B1SJOBDI           9.031       0.098      0.000       8.845       9.227      *
    B1SPIWOR           1.410       0.012      0.000       1.385       1.433      *
    B1SPIHOM           1.320       0.009      0.000       1.302       1.339      *
    B1SKINNE           1.855       0.012      0.000       1.832       1.878      *
    B1SFDSNE           1.698       0.010      0.000       1.678       1.717      *
    B1SSPCRI           1.994       0.013      0.000       1.968       2.020      *
    B1SPIFAM           1.445       0.010      0.000       1.424       1.465      *
    B1SLFEDI           0.285       0.016      0.000       0.253       0.315      *
    B1SDAYDI          10.960       0.078      0.000      10.804      11.110      *
    B4QPS_PS          20.113       0.214      0.000      19.699      20.539      *

 Variances
    B1SJOBDI          15.307       0.448      0.000      14.482      16.225      *
    B1SPIWOR           0.220       0.006      0.000       0.208       0.233      *
    B1SPIHOM           0.201       0.005      0.000       0.192       0.211      *
    B1SKINNE           0.311       0.007      0.000       0.297       0.325      *
    B1SFDSNE           0.237       0.005      0.000       0.227       0.248      *
    B1SSPCRI           0.325       0.009      0.000       0.309       0.342      *
    B1SPIFAM           0.213       0.005      0.000       0.203       0.223      *
    B1SLFEDI           0.470       0.018      0.000       0.437       0.508      *
    B1SDAYDI          14.152       0.336      0.000      13.516      14.834      *
    B4QPS_PS          31.883       1.369      0.000      29.270      34.626      *

Latent Class 2

 Means
    B1SJOBDI          13.585       0.221      0.000      13.155      14.027      *
    B1SPIWOR           2.048       0.026      0.000       1.999       2.099      *
    B1SPIHOM           1.864       0.025      0.000       1.816       1.914      *
    B1SKINNE           2.513       0.026      0.000       2.461       2.562      *
    B1SFDSNE           2.159       0.021      0.000       2.118       2.201      *
    B1SSPCRI           2.608       0.033      0.000       2.544       2.672      *
    B1SPIFAM           1.934       0.023      0.000       1.891       1.980      *
    B1SLFEDI           0.479       0.039      0.000       0.405       0.559      *
    B1SDAYDI          15.038       0.195      0.000      14.661      15.422      *
    B4QPS_PS          27.226       0.445      0.000      26.340      28.057      *

 Variances
    B1SJOBDI          15.307       0.448      0.000      14.482      16.225      *
    B1SPIWOR           0.220       0.006      0.000       0.208       0.233      *
    B1SPIHOM           0.201       0.005      0.000       0.192       0.211      *
    B1SKINNE           0.311       0.007      0.000       0.297       0.325      *
    B1SFDSNE           0.237       0.005      0.000       0.227       0.248      *
    B1SSPCRI           0.325       0.009      0.000       0.309       0.342      *
    B1SPIFAM           0.213       0.005      0.000       0.203       0.223      *
    B1SLFEDI           0.470       0.018      0.000       0.437       0.508      *
    B1SDAYDI          14.152       0.336      0.000      13.516      14.834      *
    B4QPS_PS          31.883       1.369      0.000      29.270      34.626      *

Latent Class 3

 Means
    B1SJOBDI          15.096       0.326      0.000      14.469      15.754      *
    B1SPIWOR           2.122       0.039      0.000       2.046       2.196      *
    B1SPIHOM           1.720       0.030      0.000       1.662       1.778      *
    B1SKINNE           2.503       0.035      0.000       2.435       2.573      *
    B1SFDSNE           2.099       0.032      0.000       2.036       2.162      *
    B1SSPCRI           2.448       0.049      0.000       2.353       2.543      *
    B1SPIFAM           1.825       0.033      0.000       1.762       1.888      *
    B1SLFEDI           5.938       0.057      0.000       5.828       6.048      *
    B1SDAYDI          18.872       0.244      0.000      18.386      19.361      *
    B4QPS_PS          26.132       0.580      0.000      24.945      27.244      *

 Variances
    B1SJOBDI          15.307       0.448      0.000      14.482      16.225      *
    B1SPIWOR           0.220       0.006      0.000       0.208       0.233      *
    B1SPIHOM           0.201       0.005      0.000       0.192       0.211      *
    B1SKINNE           0.311       0.007      0.000       0.297       0.325      *
    B1SFDSNE           0.237       0.005      0.000       0.227       0.248      *
    B1SSPCRI           0.325       0.009      0.000       0.309       0.342      *
    B1SPIFAM           0.213       0.005      0.000       0.203       0.223      *
    B1SLFEDI           0.470       0.018      0.000       0.437       0.508      *
    B1SDAYDI          14.152       0.336      0.000      13.516      14.834      *
    B4QPS_PS          31.883       1.369      0.000      29.270      34.626      *

Latent Class 4

 Means
    B1SJOBDI          11.301       0.226      0.000      10.864      11.748      *
    B1SPIWOR           1.671       0.028      0.000       1.614       1.723      *
    B1SPIHOM           1.510       0.021      0.000       1.468       1.551      *
    B1SKINNE           2.206       0.026      0.000       2.156       2.257      *
    B1SFDSNE           1.964       0.022      0.000       1.918       2.006      *
    B1SSPCRI           2.203       0.032      0.000       2.140       2.266      *
    B1SPIFAM           1.605       0.023      0.000       1.561       1.650      *
    B1SLFEDI           2.841       0.050      0.000       2.752       2.951      *
    B1SDAYDI          15.671       0.191      0.000      15.304      16.053      *
    B4QPS_PS          22.740       0.434      0.000      21.865      23.590      *

 Variances
    B1SJOBDI          15.307       0.448      0.000      14.482      16.225      *
    B1SPIWOR           0.220       0.006      0.000       0.208       0.233      *
    B1SPIHOM           0.201       0.005      0.000       0.192       0.211      *
    B1SKINNE           0.311       0.007      0.000       0.297       0.325      *
    B1SFDSNE           0.237       0.005      0.000       0.227       0.248      *
    B1SSPCRI           0.325       0.009      0.000       0.309       0.342      *
    B1SPIFAM           0.213       0.005      0.000       0.203       0.223      *
    B1SLFEDI           0.470       0.018      0.000       0.437       0.508      *
    B1SDAYDI          14.152       0.336      0.000      13.516      14.834      *
    B4QPS_PS          31.883       1.369      0.000      29.270      34.626      *

Categorical Latent Variables

 Means
    C#1                1.424       0.057      0.000       1.313       1.537      *
    C#2                0.184       0.078      0.009       0.035       0.332      *
    C#3               -0.837       0.080      0.000      -0.993      -0.680      *

Class Proportions

    Class 1            0.612       0.011      0.000       0.591       0.632
    Class 2            0.177       0.009      0.000       0.160       0.196
    Class 3            0.064       0.004      0.000       0.056       0.072
    Class 4            0.147       0.007      0.000       0.134       0.161


STANDARDIZED MODEL RESULTS


STDYX Standardization

                                Posterior  One-Tailed         95% C.I.
                    Estimate       S.D.      P-Value   Lower 2.5%  Upper 2.5%
Latent Class 1

 Means
    B1SJOBDI           2.308       0.039      0.000       2.231       2.383      *
    B1SPIWOR           3.008       0.049      0.000       2.909       3.105      *
    B1SPIHOM           2.941       0.038      0.000       2.869       3.015      *
    B1SKINNE           3.328       0.041      0.000       3.250       3.406      *
    B1SFDSNE           3.487       0.042      0.000       3.404       3.571      *
    B1SSPCRI           3.499       0.050      0.000       3.400       3.596      *
    B1SPIFAM           3.130       0.041      0.000       3.048       3.208      *
    B1SLFEDI           0.416       0.022      0.000       0.372       0.458      *
    B1SDAYDI           2.913       0.037      0.000       2.836       2.985      *
    B4QPS_PS           3.562       0.083      0.000       3.404       3.726      *

 Variances
    B1SJOBDI           1.000       0.000      0.000       1.000       1.000
    B1SPIWOR           1.000       0.000      0.000       1.000       1.000
    B1SPIHOM           1.000       0.000      0.000       1.000       1.000
    B1SKINNE           1.000       0.000      0.000       1.000       1.000
    B1SFDSNE           1.000       0.000      0.000       1.000       1.000
    B1SSPCRI           1.000       0.000      0.000       1.000       1.000
    B1SPIFAM           1.000       0.000      0.000       1.000       1.000
    B1SLFEDI           1.000       0.000      0.000       1.000       1.000
    B1SDAYDI           1.000       0.000      0.000       1.000       1.000
    B4QPS_PS           1.000       0.000      0.000       1.000       1.000

Latent Class 2

 Means
    B1SJOBDI           3.472       0.083      0.000       3.306       3.634      *
    B1SPIWOR           4.367       0.092      0.000       4.185       4.554      *
    B1SPIHOM           4.151       0.086      0.000       3.989       4.328      *
    B1SKINNE           4.507       0.073      0.000       4.363       4.650      *
    B1SFDSNE           4.434       0.069      0.000       4.303       4.574      *
    B1SSPCRI           4.577       0.090      0.000       4.399       4.754      *
    B1SPIFAM           4.187       0.077      0.000       4.042       4.341      *
    B1SLFEDI           0.700       0.052      0.000       0.599       0.805      *
    B1SDAYDI           3.997       0.077      0.000       3.847       4.157      *
    B4QPS_PS           4.820       0.138      0.000       4.556       5.090      *

 Variances
    B1SJOBDI           1.000       0.000      0.000       1.000       1.000
    B1SPIWOR           1.000       0.000      0.000       1.000       1.000
    B1SPIHOM           1.000       0.000      0.000       1.000       1.000
    B1SKINNE           1.000       0.000      0.000       1.000       1.000
    B1SFDSNE           1.000       0.000      0.000       1.000       1.000
    B1SSPCRI           1.000       0.000      0.000       1.000       1.000
    B1SPIFAM           1.000       0.000      0.000       1.000       1.000
    B1SLFEDI           1.000       0.000      0.000       1.000       1.000
    B1SDAYDI           1.000       0.000      0.000       1.000       1.000
    B4QPS_PS           1.000       0.000      0.000       1.000       1.000

Latent Class 3

 Means
    B1SJOBDI           3.857       0.105      0.000       3.660       4.066      *
    B1SPIWOR           4.526       0.110      0.000       4.310       4.742      *
    B1SPIHOM           3.832       0.083      0.000       3.673       3.992      *
    B1SKINNE           4.489       0.081      0.000       4.334       4.657      *
    B1SFDSNE           4.313       0.083      0.000       4.150       4.472      *
    B1SSPCRI           4.296       0.105      0.000       4.088       4.502      *
    B1SPIFAM           3.952       0.086      0.000       3.784       4.127      *
    B1SLFEDI           8.666       0.180      0.000       8.315       9.015      *
    B1SDAYDI           5.015       0.090      0.000       4.842       5.191      *
    B4QPS_PS           4.625       0.146      0.000       4.351       4.918      *

 Variances
    B1SJOBDI           1.000       0.000      0.000       1.000       1.000
    B1SPIWOR           1.000       0.000      0.000       1.000       1.000
    B1SPIHOM           1.000       0.000      0.000       1.000       1.000
    B1SKINNE           1.000       0.000      0.000       1.000       1.000
    B1SFDSNE           1.000       0.000      0.000       1.000       1.000
    B1SSPCRI           1.000       0.000      0.000       1.000       1.000
    B1SPIFAM           1.000       0.000      0.000       1.000       1.000
    B1SLFEDI           1.000       0.000      0.000       1.000       1.000
    B1SDAYDI           1.000       0.000      0.000       1.000       1.000
    B4QPS_PS           1.000       0.000      0.000       1.000       1.000

Latent Class 4

 Means
    B1SJOBDI           2.887       0.068      0.000       2.754       3.019      *
    B1SPIWOR           3.562       0.076      0.000       3.416       3.711      *
    B1SPIHOM           3.363       0.061      0.000       3.243       3.482      *
    B1SKINNE           3.959       0.064      0.000       3.833       4.081      *
    B1SFDSNE           4.033       0.064      0.000       3.903       4.156      *
    B1SSPCRI           3.865       0.076      0.000       3.721       4.018      *
    B1SPIFAM           3.478       0.064      0.000       3.354       3.599      *
    B1SLFEDI           4.148       0.073      0.000       4.003       4.290      *
    B1SDAYDI           4.164       0.072      0.000       4.025       4.306      *
    B4QPS_PS           4.028       0.114      0.000       3.808       4.253      *

 Variances
    B1SJOBDI           1.000       0.000      0.000       1.000       1.000
    B1SPIWOR           1.000       0.000      0.000       1.000       1.000
    B1SPIHOM           1.000       0.000      0.000       1.000       1.000
    B1SKINNE           1.000       0.000      0.000       1.000       1.000
    B1SFDSNE           1.000       0.000      0.000       1.000       1.000
    B1SSPCRI           1.000       0.000      0.000       1.000       1.000
    B1SPIFAM           1.000       0.000      0.000       1.000       1.000
    B1SLFEDI           1.000       0.000      0.000       1.000       1.000
    B1SDAYDI           1.000       0.000      0.000       1.000       1.000
    B4QPS_PS           1.000       0.000      0.000       1.000       1.000


     Beginning Time:  10:05:54
        Ending Time:  10:07:15
       Elapsed Time:  00:01:21



MUTHEN & MUTHEN
3463 Stoner Ave.
Los Angeles, CA  90066

Tel: (310) 391-9971
Fax: (310) 391-8971
Web: www.StatModel.com
Support: Support@StatModel.com

Copyright (c) 1998-2014 Muthen & Muthen
