Mplus VERSION 7.3
MUTHEN & MUTHEN
04/15/2016   3:21 PM

INPUT INSTRUCTIONS

  DATA:
  FILE = "MIDUS_PSRSF_scale.dat";

  VARIABLE:
  NAMES = M2ID M2FAMNUM M1 M2 M3 M4 LC1 LC2 LC3 LC4 LC5 LC6 LC7 LC8 SE1 SE2 SE3 SE4
       SE5 SE6 SE7 Opt1 Opt2 Opt3 Pess1 Pess2 Pess3 PLife1 PLife2 PLife3 PLife4 PLife5
       PLife6 PLife7 Ctrl1 Ctrl2 Ctrl3 Con1 Con2 Con3 Con4 Con5 Ext1 Ext2 Ext3 Ext4
       Ext5 FamS1 FamS2 FamS3 FamS4 FriS1 FriS2 FriS3 FriS4 SpoS1 SpoS2 SpoS3 SpoS4
       SpoS5 SpoS6 SI1 SI2 SI3 AGE SEX RACE;
   MISSING=.;

  USEVARIABLES ARE
   M2 LC2 SE2 Opt2 PLife2 Con3 Ext4
   FamS2 FriS2 SpoS3 SI2 SI1;
  CATEGORICAL ARE
   M2 LC2 SE2 Opt2 PLife2 Con3 Ext4
   FamS2 FriS2 SpoS3 SI2 SI1;

  IDVARIABLE = M2ID;
  CLUSTER = M2FAMNUM;

  ANALYSIS:

    TYPE = COMPLEX;
    ESTIMATOR = WLSMV;
    PROCESSORS = 2;
  MODEL:

   PR@1;
   PR BY M2*1 LC2*-1 SE2* Opt2* PLife2*1 Con3*1 Ext4*;
   SR@1;
   SR BY FamS2*1 FriS2 SpoS3 SI2 SI1;
   PR WITH SR*;

  OUTPUT:
  STDYX; CINTERVAL;
  SAVEDATA:

    FILE = MIDUS_PSRSF_scale_fscores.dat;
    SAVE = FSCORES;
  PLOT:
  TYPE IS PLOT2;



INPUT READING TERMINATED NORMALLY




SUMMARY OF ANALYSIS

Number of groups                                                 1
Number of observations                                        4632

Number of dependent variables                                   12
Number of independent variables                                  0
Number of continuous latent variables                            2

Observed dependent variables

  Binary and ordered categorical (ordinal)
   M2          LC2         SE2         OPT2        PLIFE2      CON3
   EXT4        FAMS2       FRIS2       SPOS3       SI2         SI1

Continuous latent variables
   PR          SR

Variables with special functions

  Cluster variable      M2FAMNUM
  ID variable           M2ID

Estimator                                                    WLSMV
Maximum number of iterations                                  1000
Convergence criterion                                    0.500D-04
Maximum number of steepest descent iterations                   20
Maximum number of iterations for H1                           2000
Convergence criterion for H1                             0.100D-03
Parameterization                                             DELTA

Input data file(s)
  MIDUS_PSRSF_scale.dat

Input data format  FREE


SUMMARY OF DATA

     Number of missing data patterns            76
     Number of clusters        3621



COVARIANCE COVERAGE OF DATA

Minimum covariance coverage value   0.100


     PROPORTION OF DATA PRESENT


           Covariance Coverage
              M2            LC2           SE2           OPT2          PLIFE2
              ________      ________      ________      ________      ________
 M2             0.950
 LC2            0.947         0.950
 SE2            0.945         0.945         0.949
 OPT2           0.942         0.942         0.942         0.949
 PLIFE2         0.946         0.946         0.946         0.944         0.952
 CON3           0.945         0.945         0.945         0.942         0.946
 EXT4           0.936         0.936         0.935         0.933         0.937
 FAMS2          0.942         0.942         0.942         0.941         0.944
 FRIS2          0.935         0.935         0.935         0.934         0.937
 SPOS3          0.686         0.685         0.685         0.685         0.687
 SI2            0.937         0.937         0.937         0.937         0.939
 SI1            0.936         0.936         0.936         0.935         0.938


           Covariance Coverage
              CON3          EXT4          FAMS2         FRIS2         SPOS3
              ________      ________      ________      ________      ________
 CON3           0.950
 EXT4           0.939         0.941
 FAMS2          0.942         0.933         0.992
 FRIS2          0.935         0.926         0.981         0.984
 SPOS3          0.686         0.680         0.703         0.699         0.706
 SI2            0.937         0.928         0.941         0.934         0.684
 SI1            0.936         0.927         0.939         0.932         0.684


           Covariance Coverage
              SI2           SI1
              ________      ________
 SI2            0.945
 SI1            0.940         0.944


UNIVARIATE PROPORTIONS AND COUNTS FOR CATEGORICAL VARIABLES

    M2
      Category 1    0.402     1769.000
      Category 2    0.378     1664.000
      Category 3    0.127      558.000
      Category 4    0.046      202.000
      Category 5    0.019       85.000
      Category 6    0.018       77.000
      Category 7    0.010       44.000
    LC2
      Category 1    0.025      108.000
      Category 2    0.071      314.000
      Category 3    0.124      547.000
      Category 4    0.068      297.000
      Category 5    0.092      403.000
      Category 6    0.242     1064.000
      Category 7    0.379     1666.000
    SE2
      Category 1    0.423     1860.000
      Category 2    0.355     1561.000
      Category 3    0.123      540.000
      Category 4    0.033      146.000
      Category 5    0.034      150.000
      Category 6    0.022       97.000
      Category 7    0.010       44.000
    OPT2
      Category 1    0.324     1425.000
      Category 2    0.430     1888.000
      Category 3    0.119      524.000
      Category 4    0.104      459.000
      Category 5    0.023       99.000
    PLIFE2
      Category 1    0.382     1686.000
      Category 2    0.350     1541.000
      Category 3    0.117      517.000
      Category 4    0.071      313.000
      Category 5    0.029      130.000
      Category 6    0.033      147.000
      Category 7    0.017       74.000
    CON3
      Category 1    0.694     3053.000
      Category 2    0.238     1049.000
      Category 3    0.056      247.000
      Category 4    0.011       50.000
    EXT4
      Category 1    0.381     1658.000
      Category 2    0.417     1816.000
      Category 3    0.175      764.000
      Category 4    0.027      119.000
    FAMS2
      Category 1    0.474     2179.000
      Category 2    0.388     1782.000
      Category 3    0.109      499.000
      Category 4    0.029      134.000
    FRIS2
      Category 1    0.361     1647.000
      Category 2    0.463     2111.000
      Category 3    0.149      677.000
      Category 4    0.027      122.000
    SPOS3
      Category 1    0.696     2274.000
      Category 2    0.225      736.000
      Category 3    0.063      205.000
      Category 4    0.017       54.000
    SI2
      Category 1    0.112      489.000
      Category 2    0.258     1128.000
      Category 3    0.230     1005.000
      Category 4    0.185      810.000
      Category 5    0.085      370.000
      Category 6    0.086      377.000
      Category 7    0.045      196.000
    SI1
      Category 1    0.028      122.000
      Category 2    0.063      276.000
      Category 3    0.094      412.000
      Category 4    0.152      665.000
      Category 5    0.095      417.000
      Category 6    0.205      898.000
      Category 7    0.362     1581.000



THE MODEL ESTIMATION TERMINATED NORMALLY



MODEL FIT INFORMATION

Number of Free Parameters                       68

Chi-Square Test of Model Fit

          Value                           1075.295*
          Degrees of Freedom                    53
          P-Value                           0.0000

*   The chi-square value for MLM, MLMV, MLR, ULSMV, WLSM and WLSMV cannot be used
    for chi-square difference testing in the regular way.  MLM, MLR and WLSM
    chi-square difference testing is described on the Mplus website.  MLMV, WLSMV,
    and ULSMV difference testing is done using the DIFFTEST option.

RMSEA (Root Mean Square Error Of Approximation)

          Estimate                           0.065
          90 Percent C.I.                    0.061  0.068
          Probability RMSEA <= .05           0.000

CFI/TLI

          CFI                                0.959
          TLI                                0.949

Chi-Square Test of Model Fit for the Baseline Model

          Value                          24904.977
          Degrees of Freedom                    66
          P-Value                           0.0000

WRMR (Weighted Root Mean Square Residual)

          Value                              2.406



MODEL RESULTS

                                                    Two-Tailed
                    Estimate       S.E.  Est./S.E.    P-Value

 PR       BY
    M2                 0.635      0.011     58.382      0.000
    LC2               -0.666      0.011    -63.108      0.000
    SE2                0.839      0.008    111.323      0.000
    OPT2               0.658      0.011     61.269      0.000
    PLIFE2             0.723      0.010     76.055      0.000
    CON3               0.488      0.017     28.848      0.000
    EXT4               0.614      0.012     51.707      0.000

 SR       BY
    FAMS2              0.582      0.015     38.886      0.000
    FRIS2              0.591      0.014     41.212      0.000
    SPOS3              0.474      0.025     19.150      0.000
    SI2                0.634      0.013     50.564      0.000
    SI1               -0.690      0.013    -53.280      0.000

 PR       WITH
    SR                 0.675      0.013     53.385      0.000

 Thresholds
    M2$1              -0.248      0.020    -12.684      0.000
    M2$2               0.774      0.022     35.692      0.000
    M2$3               1.324      0.027     49.529      0.000
    M2$4               1.676      0.033     51.470      0.000
    M2$5               1.919      0.039     48.914      0.000
    M2$6               2.326      0.056     41.363      0.000
    LC2$1             -1.968      0.041    -48.135      0.000
    LC2$2             -1.305      0.027    -49.117      0.000
    LC2$3             -0.771      0.021    -36.154      0.000
    LC2$4             -0.560      0.020    -27.705      0.000
    LC2$5             -0.307      0.019    -15.811      0.000
    LC2$6              0.309      0.020     15.751      0.000
    SE2$1             -0.194      0.020     -9.916      0.000
    SE2$2              0.765      0.022     35.326      0.000
    SE2$3              1.285      0.026     48.855      0.000
    SE2$4              1.505      0.030     50.807      0.000
    SE2$5              1.851      0.037     50.208      0.000
    SE2$6              2.326      0.056     41.446      0.000
    OPT2$1            -0.456      0.020    -22.778      0.000
    OPT2$2             0.687      0.021     32.454      0.000
    OPT2$3             1.141      0.024     46.715      0.000
    OPT2$4             2.004      0.042     48.118      0.000
    PLIFE2$1          -0.299      0.020    -15.269      0.000
    PLIFE2$2           0.619      0.020     30.284      0.000
    PLIFE2$3           1.034      0.023     44.215      0.000
    PLIFE2$4           1.408      0.028     50.067      0.000
    PLIFE2$5           1.644      0.032     51.958      0.000
    PLIFE2$6           2.125      0.046     45.892      0.000
    CON3$1             0.507      0.021     24.469      0.000
    CON3$2             1.495      0.029     51.655      0.000
    CON3$3             2.278      0.054     42.540      0.000
    EXT4$1            -0.304      0.020    -15.265      0.000
    EXT4$2             0.832      0.022     37.742      0.000
    EXT4$3             1.922      0.039     48.813      0.000
    FAMS2$1           -0.064      0.019     -3.382      0.001
    FAMS2$2            1.090      0.024     46.054      0.000
    FAMS2$3            1.893      0.038     50.142      0.000
    FRIS2$1           -0.355      0.019    -18.399      0.000
    FRIS2$2            0.933      0.022     41.804      0.000
    FRIS2$3            1.931      0.039     49.702      0.000
    SPOS3$1            0.512      0.023     21.907      0.000
    SPOS3$2            1.410      0.032     43.627      0.000
    SPOS3$3            2.132      0.055     38.785      0.000
    SI2$1             -1.217      0.026    -47.092      0.000
    SI2$2             -0.333      0.020    -16.670      0.000
    SI2$3              0.252      0.020     12.835      0.000
    SI2$4              0.787      0.022     36.291      0.000
    SI2$5              1.122      0.024     46.062      0.000
    SI2$6              1.698      0.034     50.356      0.000
    SI1$1             -1.912      0.039    -48.613      0.000
    SI1$2             -1.334      0.027    -48.918      0.000
    SI1$3             -0.895      0.022    -39.905      0.000
    SI1$4             -0.419      0.020    -21.106      0.000
    SI1$5             -0.169      0.020     -8.655      0.000
    SI1$6              0.354      0.020     17.759      0.000

 Variances
    PR                 1.000      0.000    999.000    999.000
    SR                 1.000      0.000    999.000    999.000


STANDARDIZED MODEL RESULTS


STDYX Standardization

                                                    Two-Tailed
                    Estimate       S.E.  Est./S.E.    P-Value

 PR       BY
    M2                 0.635      0.011     58.382      0.000
    LC2               -0.666      0.011    -63.108      0.000
    SE2                0.839      0.008    111.323      0.000
    OPT2               0.658      0.011     61.269      0.000
    PLIFE2             0.723      0.010     76.055      0.000
    CON3               0.488      0.017     28.848      0.000
    EXT4               0.614      0.012     51.707      0.000

 SR       BY
    FAMS2              0.582      0.015     38.886      0.000
    FRIS2              0.591      0.014     41.212      0.000
    SPOS3              0.474      0.025     19.150      0.000
    SI2                0.634      0.013     50.564      0.000
    SI1               -0.690      0.013    -53.280      0.000

 PR       WITH
    SR                 0.675      0.013     53.385      0.000

 Thresholds
    M2$1              -0.248      0.020    -12.684      0.000
    M2$2               0.774      0.022     35.692      0.000
    M2$3               1.324      0.027     49.529      0.000
    M2$4               1.676      0.033     51.470      0.000
    M2$5               1.919      0.039     48.914      0.000
    M2$6               2.326      0.056     41.363      0.000
    LC2$1             -1.968      0.041    -48.135      0.000
    LC2$2             -1.305      0.027    -49.117      0.000
    LC2$3             -0.771      0.021    -36.154      0.000
    LC2$4             -0.560      0.020    -27.705      0.000
    LC2$5             -0.307      0.019    -15.811      0.000
    LC2$6              0.309      0.020     15.751      0.000
    SE2$1             -0.194      0.020     -9.916      0.000
    SE2$2              0.765      0.022     35.326      0.000
    SE2$3              1.285      0.026     48.855      0.000
    SE2$4              1.505      0.030     50.807      0.000
    SE2$5              1.851      0.037     50.208      0.000
    SE2$6              2.326      0.056     41.446      0.000
    OPT2$1            -0.456      0.020    -22.778      0.000
    OPT2$2             0.687      0.021     32.454      0.000
    OPT2$3             1.141      0.024     46.715      0.000
    OPT2$4             2.004      0.042     48.118      0.000
    PLIFE2$1          -0.299      0.020    -15.269      0.000
    PLIFE2$2           0.619      0.020     30.284      0.000
    PLIFE2$3           1.034      0.023     44.215      0.000
    PLIFE2$4           1.408      0.028     50.067      0.000
    PLIFE2$5           1.644      0.032     51.958      0.000
    PLIFE2$6           2.125      0.046     45.892      0.000
    CON3$1             0.507      0.021     24.469      0.000
    CON3$2             1.495      0.029     51.655      0.000
    CON3$3             2.278      0.054     42.540      0.000
    EXT4$1            -0.304      0.020    -15.265      0.000
    EXT4$2             0.832      0.022     37.742      0.000
    EXT4$3             1.922      0.039     48.813      0.000
    FAMS2$1           -0.064      0.019     -3.382      0.001
    FAMS2$2            1.090      0.024     46.054      0.000
    FAMS2$3            1.893      0.038     50.142      0.000
    FRIS2$1           -0.355      0.019    -18.399      0.000
    FRIS2$2            0.933      0.022     41.804      0.000
    FRIS2$3            1.931      0.039     49.702      0.000
    SPOS3$1            0.512      0.023     21.907      0.000
    SPOS3$2            1.410      0.032     43.627      0.000
    SPOS3$3            2.132      0.055     38.785      0.000
    SI2$1             -1.217      0.026    -47.092      0.000
    SI2$2             -0.333      0.020    -16.670      0.000
    SI2$3              0.252      0.020     12.835      0.000
    SI2$4              0.787      0.022     36.291      0.000
    SI2$5              1.122      0.024     46.062      0.000
    SI2$6              1.698      0.034     50.356      0.000
    SI1$1             -1.912      0.039    -48.613      0.000
    SI1$2             -1.334      0.027    -48.918      0.000
    SI1$3             -0.895      0.022    -39.905      0.000
    SI1$4             -0.419      0.020    -21.106      0.000
    SI1$5             -0.169      0.020     -8.655      0.000
    SI1$6              0.354      0.020     17.759      0.000

 Variances
    PR                 1.000      0.000    999.000    999.000
    SR                 1.000      0.000    999.000    999.000


R-SQUARE

    Observed                                        Two-Tailed   Residual
    Variable        Estimate       S.E.  Est./S.E.    P-Value    Variance

    M2                 0.404      0.014     29.191      0.000      0.596
    LC2                0.444      0.014     31.554      0.000      0.556
    SE2                0.704      0.013     55.662      0.000      0.296
    OPT2               0.434      0.014     30.635      0.000      0.566
    PLIFE2             0.523      0.014     38.027      0.000      0.477
    CON3               0.238      0.016     14.424      0.000      0.762
    EXT4               0.377      0.015     25.853      0.000      0.623
    FAMS2              0.338      0.017     19.443      0.000      0.662
    FRIS2              0.349      0.017     20.606      0.000      0.651
    SPOS3              0.225      0.023      9.575      0.000      0.775
    SI2                0.402      0.016     25.282      0.000      0.598
    SI1                0.476      0.018     26.640      0.000      0.524


QUALITY OF NUMERICAL RESULTS

     Condition Number for the Information Matrix              0.846E-02
       (ratio of smallest to largest eigenvalue)


CONFIDENCE INTERVALS OF MODEL RESULTS

                  Lower .5%  Lower 2.5%    Lower 5%    Estimate    Upper 5%  Upper 2.5%   Upper .5%

 PR       BY
    M2               0.607       0.614       0.617       0.635       0.653       0.657       0.663
    LC2             -0.693      -0.687      -0.683      -0.666      -0.649      -0.645      -0.639
    SE2              0.820       0.825       0.827       0.839       0.852       0.854       0.859
    OPT2             0.631       0.637       0.641       0.658       0.676       0.680       0.686
    PLIFE2           0.699       0.705       0.708       0.723       0.739       0.742       0.748
    CON3             0.444       0.454       0.460       0.488       0.515       0.521       0.531
    EXT4             0.583       0.590       0.594       0.614       0.633       0.637       0.644

 SR       BY
    FAMS2            0.543       0.552       0.557       0.582       0.606       0.611       0.620
    FRIS2            0.554       0.563       0.567       0.591       0.615       0.619       0.628
    SPOS3            0.410       0.426       0.433       0.474       0.515       0.523       0.538
    SI2              0.602       0.609       0.613       0.634       0.655       0.659       0.666
    SI1             -0.723      -0.715      -0.711      -0.690      -0.668      -0.664      -0.656

 PR       WITH
    SR               0.643       0.650       0.654       0.675       0.696       0.700       0.708

 Thresholds
    M2$1            -0.298      -0.286      -0.280      -0.248      -0.216      -0.210      -0.197
    M2$2             0.718       0.731       0.738       0.774       0.809       0.816       0.829
    M2$3             1.255       1.272       1.280       1.324       1.368       1.376       1.393
    M2$4             1.593       1.613       1.623       1.676       1.730       1.740       1.760
    M2$5             1.818       1.842       1.854       1.919       1.983       1.996       2.020
    M2$6             2.181       2.216       2.234       2.326       2.419       2.436       2.471
    LC2$1           -2.073      -2.048      -2.035      -1.968      -1.900      -1.888      -1.862
    LC2$2           -1.374      -1.357      -1.349      -1.305      -1.261      -1.253      -1.237
    LC2$3           -0.826      -0.813      -0.806      -0.771      -0.736      -0.729      -0.716
    LC2$4           -0.612      -0.599      -0.593      -0.560      -0.527      -0.520      -0.508
    LC2$5           -0.357      -0.345      -0.339      -0.307      -0.275      -0.269      -0.257
    LC2$6            0.258       0.270       0.277       0.309       0.341       0.347       0.359
    SE2$1           -0.245      -0.233      -0.227      -0.194      -0.162      -0.156      -0.144
    SE2$2            0.709       0.723       0.729       0.765       0.801       0.807       0.821
    SE2$3            1.217       1.234       1.242       1.285       1.328       1.337       1.353
    SE2$4            1.429       1.447       1.456       1.505       1.554       1.563       1.581
    SE2$5            1.756       1.779       1.791       1.851       1.912       1.924       1.946
    SE2$6            2.182       2.216       2.234       2.326       2.419       2.436       2.471
    OPT2$1          -0.507      -0.495      -0.489      -0.456      -0.423      -0.417      -0.404
    OPT2$2           0.632       0.645       0.652       0.687       0.721       0.728       0.741
    OPT2$3           1.078       1.093       1.101       1.141       1.181       1.189       1.204
    OPT2$4           1.897       1.923       1.936       2.004       2.073       2.086       2.111
    PLIFE2$1        -0.349      -0.337      -0.331      -0.299      -0.267      -0.261      -0.249
    PLIFE2$2         0.566       0.579       0.585       0.619       0.653       0.659       0.672
    PLIFE2$3         0.973       0.988       0.995       1.034       1.072       1.080       1.094
    PLIFE2$4         1.335       1.352       1.361       1.408       1.454       1.463       1.480
    PLIFE2$5         1.562       1.582       1.592       1.644       1.696       1.706       1.725
    PLIFE2$6         2.006       2.034       2.049       2.125       2.201       2.216       2.244
    CON3$1           0.454       0.467       0.473       0.507       0.541       0.548       0.561
    CON3$2           1.420       1.438       1.447       1.495       1.542       1.551       1.569
    CON3$3           2.140       2.173       2.190       2.278       2.366       2.383       2.416
    EXT4$1          -0.355      -0.343      -0.337      -0.304      -0.271      -0.265      -0.253
    EXT4$2           0.775       0.789       0.796       0.832       0.868       0.875       0.889
    EXT4$3           1.820       1.845       1.857       1.922       1.987       1.999       2.023
    FAMS2$1         -0.113      -0.102      -0.096      -0.064      -0.033      -0.027      -0.015
    FAMS2$2          1.029       1.044       1.051       1.090       1.129       1.137       1.151
    FAMS2$3          1.796       1.819       1.831       1.893       1.955       1.967       1.990
    FRIS2$1         -0.404      -0.392      -0.386      -0.355      -0.323      -0.317      -0.305
    FRIS2$2          0.876       0.890       0.897       0.933       0.970       0.977       0.991
    FRIS2$3          1.830       1.854       1.867       1.931       1.994       2.007       2.031
    SPOS3$1          0.452       0.466       0.473       0.512       0.550       0.558       0.572
    SPOS3$2          1.327       1.347       1.357       1.410       1.463       1.474       1.494
    SPOS3$3          1.990       2.024       2.041       2.132       2.222       2.239       2.273
    SI2$1           -1.284      -1.268      -1.260      -1.217      -1.175      -1.167      -1.151
    SI2$2           -0.384      -0.372      -0.366      -0.333      -0.300      -0.294      -0.281
    SI2$3            0.201       0.213       0.219       0.252       0.284       0.290       0.302
    SI2$4            0.731       0.745       0.752       0.787       0.823       0.830       0.843
    SI2$5            1.059       1.074       1.082       1.122       1.162       1.170       1.185
    SI2$6            1.611       1.631       1.642       1.698       1.753       1.764       1.784
    SI1$1           -2.014      -1.990      -1.977      -1.912      -1.848      -1.835      -1.811
    SI1$2           -1.405      -1.388      -1.379      -1.334      -1.289      -1.281      -1.264
    SI1$3           -0.953      -0.939      -0.932      -0.895      -0.858      -0.851      -0.838
    SI1$4           -0.471      -0.458      -0.452      -0.419      -0.387      -0.380      -0.368
    SI1$5           -0.219      -0.207      -0.201      -0.169      -0.137      -0.131      -0.119
    SI1$6            0.303       0.315       0.321       0.354       0.387       0.393       0.405

 Variances
    PR               1.000       1.000       1.000       1.000       1.000       1.000       1.000
    SR               1.000       1.000       1.000       1.000       1.000       1.000       1.000


CONFIDENCE INTERVALS OF STANDARDIZED MODEL RESULTS


STDYX Standardization

                  Lower .5%  Lower 2.5%    Lower 5%    Estimate    Upper 5%  Upper 2.5%   Upper .5%

 PR       BY
    M2               0.607       0.614       0.617       0.635       0.653       0.657       0.663
    LC2             -0.693      -0.687      -0.683      -0.666      -0.649      -0.645      -0.639
    SE2              0.820       0.825       0.827       0.839       0.852       0.854       0.859
    OPT2             0.631       0.637       0.641       0.658       0.676       0.680       0.686
    PLIFE2           0.699       0.705       0.708       0.723       0.739       0.742       0.748
    CON3             0.444       0.454       0.460       0.488       0.515       0.521       0.531
    EXT4             0.583       0.590       0.594       0.614       0.633       0.637       0.644

 SR       BY
    FAMS2            0.543       0.552       0.557       0.582       0.606       0.611       0.620
    FRIS2            0.554       0.563       0.567       0.591       0.615       0.619       0.628
    SPOS3            0.410       0.426       0.433       0.474       0.515       0.523       0.538
    SI2              0.602       0.609       0.613       0.634       0.655       0.659       0.666
    SI1             -0.723      -0.715      -0.711      -0.690      -0.668      -0.664      -0.656

 PR       WITH
    SR               0.643       0.650       0.654       0.675       0.696       0.700       0.708

 Thresholds
    M2$1            -0.298      -0.286      -0.280      -0.248      -0.216      -0.210      -0.197
    M2$2             0.718       0.731       0.738       0.774       0.809       0.816       0.829
    M2$3             1.255       1.272       1.280       1.324       1.368       1.376       1.393
    M2$4             1.593       1.613       1.623       1.676       1.730       1.740       1.760
    M2$5             1.818       1.842       1.854       1.919       1.983       1.996       2.020
    M2$6             2.181       2.216       2.234       2.326       2.419       2.436       2.471
    LC2$1           -2.073      -2.048      -2.035      -1.968      -1.900      -1.888      -1.862
    LC2$2           -1.374      -1.357      -1.349      -1.305      -1.261      -1.253      -1.237
    LC2$3           -0.826      -0.813      -0.806      -0.771      -0.736      -0.729      -0.716
    LC2$4           -0.612      -0.599      -0.593      -0.560      -0.527      -0.520      -0.508
    LC2$5           -0.357      -0.345      -0.339      -0.307      -0.275      -0.269      -0.257
    LC2$6            0.258       0.270       0.277       0.309       0.341       0.347       0.359
    SE2$1           -0.245      -0.233      -0.227      -0.194      -0.162      -0.156      -0.144
    SE2$2            0.709       0.723       0.729       0.765       0.801       0.807       0.821
    SE2$3            1.217       1.234       1.242       1.285       1.328       1.337       1.353
    SE2$4            1.429       1.447       1.456       1.505       1.554       1.563       1.581
    SE2$5            1.756       1.779       1.791       1.851       1.912       1.924       1.946
    SE2$6            2.182       2.216       2.234       2.326       2.419       2.436       2.471
    OPT2$1          -0.507      -0.495      -0.489      -0.456      -0.423      -0.417      -0.404
    OPT2$2           0.632       0.645       0.652       0.687       0.721       0.728       0.741
    OPT2$3           1.078       1.093       1.101       1.141       1.181       1.189       1.204
    OPT2$4           1.897       1.923       1.936       2.004       2.073       2.086       2.111
    PLIFE2$1        -0.349      -0.337      -0.331      -0.299      -0.267      -0.261      -0.249
    PLIFE2$2         0.566       0.579       0.585       0.619       0.653       0.659       0.672
    PLIFE2$3         0.973       0.988       0.995       1.034       1.072       1.080       1.094
    PLIFE2$4         1.335       1.352       1.361       1.408       1.454       1.463       1.480
    PLIFE2$5         1.562       1.582       1.592       1.644       1.696       1.706       1.725
    PLIFE2$6         2.006       2.034       2.049       2.125       2.201       2.216       2.244
    CON3$1           0.454       0.467       0.473       0.507       0.541       0.548       0.561
    CON3$2           1.420       1.438       1.447       1.495       1.542       1.551       1.569
    CON3$3           2.140       2.173       2.190       2.278       2.366       2.383       2.416
    EXT4$1          -0.355      -0.343      -0.337      -0.304      -0.271      -0.265      -0.253
    EXT4$2           0.775       0.789       0.796       0.832       0.868       0.875       0.889
    EXT4$3           1.820       1.845       1.857       1.922       1.987       1.999       2.023
    FAMS2$1         -0.113      -0.102      -0.096      -0.064      -0.033      -0.027      -0.015
    FAMS2$2          1.029       1.044       1.051       1.090       1.129       1.137       1.151
    FAMS2$3          1.796       1.819       1.831       1.893       1.955       1.967       1.990
    FRIS2$1         -0.404      -0.392      -0.386      -0.355      -0.323      -0.317      -0.305
    FRIS2$2          0.876       0.890       0.897       0.933       0.970       0.977       0.991
    FRIS2$3          1.830       1.854       1.867       1.931       1.994       2.007       2.031
    SPOS3$1          0.452       0.466       0.473       0.512       0.550       0.558       0.572
    SPOS3$2          1.327       1.347       1.357       1.410       1.463       1.474       1.494
    SPOS3$3          1.990       2.024       2.041       2.132       2.222       2.239       2.273
    SI2$1           -1.284      -1.268      -1.260      -1.217      -1.175      -1.167      -1.151
    SI2$2           -0.384      -0.372      -0.366      -0.333      -0.300      -0.294      -0.281
    SI2$3            0.201       0.213       0.219       0.252       0.284       0.290       0.302
    SI2$4            0.731       0.745       0.752       0.787       0.823       0.830       0.843
    SI2$5            1.059       1.074       1.082       1.122       1.162       1.170       1.185
    SI2$6            1.611       1.631       1.642       1.698       1.753       1.764       1.784
    SI1$1           -2.014      -1.990      -1.977      -1.912      -1.848      -1.835      -1.811
    SI1$2           -1.405      -1.388      -1.379      -1.334      -1.289      -1.281      -1.264
    SI1$3           -0.953      -0.939      -0.932      -0.895      -0.858      -0.851      -0.838
    SI1$4           -0.471      -0.458      -0.452      -0.419      -0.387      -0.380      -0.368
    SI1$5           -0.219      -0.207      -0.201      -0.169      -0.137      -0.131      -0.119
    SI1$6            0.303       0.315       0.321       0.354       0.387       0.393       0.405

 Variances
    PR               1.000       1.000       1.000       1.000       1.000       1.000       1.000
    SR               1.000       1.000       1.000       1.000       1.000       1.000       1.000


SAMPLE STATISTICS FOR ESTIMATED FACTOR SCORES


     SAMPLE STATISTICS


           Means
              PR            SR
              ________      ________
 1              0.013         0.011


           Covariances
              PR            SR
              ________      ________
 PR             0.768
 SR             0.581         0.690


           Correlations
              PR            SR
              ________      ________
 PR             1.000
 SR             0.798         1.000


PLOT INFORMATION

The following plots are available:

  Sample proportions and estimated probabilities
  Item characteristic curves
  Information curves

SAVEDATA INFORMATION


  Save file
    MIDUS_PSRSF_scale_fscores.dat

  Order and format of variables

    M2             F10.3
    LC2            F10.3
    SE2            F10.3
    OPT2           F10.3
    PLIFE2         F10.3
    CON3           F10.3
    EXT4           F10.3
    FAMS2          F10.3
    FRIS2          F10.3
    SPOS3          F10.3
    SI2            F10.3
    SI1            F10.3
    M2ID           I6
    PR             F10.3
    SR             F10.3
    M2FAMNUM       I7

  Save file format
    12F10.3 I6 2F10.3 I7

  Save file record length    10000


     Beginning Time:  15:21:07
        Ending Time:  15:21:08
       Elapsed Time:  00:00:01



MUTHEN & MUTHEN
3463 Stoner Ave.
Los Angeles, CA  90066

Tel: (310) 391-9971
Fax: (310) 391-8971
Web: www.StatModel.com
Support: Support@StatModel.com

Copyright (c) 1998-2014 Muthen & Muthen
