Mplus VERSION 7.3
MUTHEN & MUTHEN
01/21/2016   6:53 PM

INPUT INSTRUCTIONS

  DATA:
  FILE = "MIDUS_PSR_cfa1.dat";

  VARIABLE:
  NAMES = M2ID M2FAMNUM M1 M2 M3 M4 LC1 LC2 LC3 LC4 LC5 LC6 LC7 LC8 SE1 SE2 SE3 SE4
       SE5 SE6 SE7 Opt1 Opt2 Opt3 Pess1 Pess2 Pess3 FamS1 FamS2 FamS3 FamS4 FriS1
       FriS2 FriS3 FriS4 SpoS1 SpoS2 SpoS3 SpoS4 SpoS5 SpoS6 SI1 SI2 SI3;
   MISSING=.;

  USEVARIABLES ARE
   M1 M2 M3 M4
   LC1 LC2 LC3 LC4 LC5 LC6 LC7 LC8
   SE1 SE2 SE3 SE4 SE5 SE6 SE7
   Opt1 Opt2 Opt3 Pess1 Pess2 Pess3
   FamS1 FamS2 FamS3 FamS4
   FriS1 FriS2 FriS3 FriS4
   SpoS1 SpoS2 SpoS3 SpoS4 SpoS5 SpoS6
   SI1 SI2 SI3;

  CATEGORICAL ARE
   M1 M2 M3 M4
   LC1 LC2 LC3 LC4 LC5 LC6 LC7 LC8
   SE1 SE2 SE3 SE4 SE5 SE6 SE7
   Opt1 Opt2 Opt3 Pess1 Pess2 Pess3
   FamS1 FamS2 FamS3 FamS4
   FriS1 FriS2 FriS3 FriS4
   SpoS1 SpoS2 SpoS3 SpoS4 SpoS5 SpoS6
   SI1 SI2 SI3;

  IDVARIABLE = M2ID;
  CLUSTER = M2FAMNUM;

  ANALYSIS:

    TYPE = COMPLEX;
    ESTIMATOR = WLSMV;
    PROCESSORS = 2;
  MODEL:

   M BY M1 M2 M3 M4;
   LC BY LC1@-1 LC2*-1 LC3*-1 LC4*-1 LC5*-1 LC6*-1 LC7*-1 LC8*-1;
   SE BY SE2@1 SE3*-1 SE4*1 SE5*-1 SE6*1 SE7*-1 SE1*0;
   Opt BY Opt1 Opt2 Opt3;
   Pess BY Pess1@-1 Pess2*-1 Pess3*-1;
   FamS BY FamS1 FamS2 FamS3 FamS4;
   FriS BY FriS1 FriS2 FriS3 FriS4;
   SpoS BY SpoS1 SpoS2 SpoS3 SpoS4 SpoS5 SpoS6;
   SI BY SI1@-1 SI2*1 SI3*1;

  OUTPUT:
  STDYX;



*** WARNING
  Data set contains cases with missing on all variables.
  These cases were not included in the analysis.
  Number of cases with missing on all variables:  922
   1 WARNING(S) FOUND IN THE INPUT INSTRUCTIONS




SUMMARY OF ANALYSIS

Number of groups                                                 1
Number of observations                                        4633

Number of dependent variables                                   42
Number of independent variables                                  0
Number of continuous latent variables                            9

Observed dependent variables

  Binary and ordered categorical (ordinal)
   M1          M2          M3          M4          LC1         LC2
   LC3         LC4         LC5         LC6         LC7         LC8
   SE1         SE2         SE3         SE4         SE5         SE6
   SE7         OPT1        OPT2        OPT3        PESS1       PESS2
   PESS3       FAMS1       FAMS2       FAMS3       FAMS4       FRIS1
   FRIS2       FRIS3       FRIS4       SPOS1       SPOS2       SPOS3
   SPOS4       SPOS5       SPOS6       SI1         SI2         SI3

Continuous latent variables
   M           LC          SE          OPT         PESS        FAMS
   FRIS        SPOS        SI

Variables with special functions

  Cluster variable      M2FAMNUM
  ID variable           M2ID

Estimator                                                    WLSMV
Maximum number of iterations                                  1000
Convergence criterion                                    0.500D-04
Maximum number of steepest descent iterations                   20
Maximum number of iterations for H1                           2000
Convergence criterion for H1                             0.100D-03
Parameterization                                             DELTA

Input data file(s)
  MIDUS_PSR_cfa1.dat

Input data format  FREE


SUMMARY OF DATA

     Number of missing data patterns           162
     Number of clusters        3622



COVARIANCE COVERAGE OF DATA

Minimum covariance coverage value   0.100


     PROPORTION OF DATA PRESENT


           Covariance Coverage
              M1            M2            M3            M4            LC1
              ________      ________      ________      ________      ________
 M1             0.951
 M2             0.948         0.949
 M3             0.948         0.948         0.949
 M4             0.949         0.948         0.948         0.950
 LC1            0.948         0.947         0.947         0.947         0.949
 LC2            0.949         0.947         0.947         0.948         0.947
 LC3            0.949         0.948         0.948         0.949         0.948
 LC4            0.949         0.948         0.948         0.948         0.947
 LC5            0.949         0.948         0.948         0.948         0.947
 LC6            0.948         0.947         0.947         0.948         0.946
 LC7            0.948         0.947         0.947         0.948         0.946
 LC8            0.949         0.948         0.948         0.949         0.948
 SE1            0.944         0.943         0.943         0.944         0.943
 SE2            0.946         0.945         0.945         0.946         0.945
 SE3            0.945         0.943         0.943         0.944         0.943
 SE4            0.946         0.945         0.945         0.945         0.944
 SE5            0.943         0.942         0.942         0.943         0.942
 SE6            0.947         0.945         0.945         0.946         0.945
 SE7            0.945         0.943         0.944         0.944         0.943
 OPT1           0.946         0.945         0.945         0.946         0.944
 OPT2           0.943         0.942         0.942         0.943         0.942
 OPT3           0.947         0.946         0.946         0.947         0.945
 PESS1          0.947         0.946         0.946         0.946         0.945
 PESS2          0.943         0.942         0.942         0.943         0.942
 PESS3          0.946         0.945         0.945         0.946         0.945
 FAMS1          0.945         0.943         0.943         0.944         0.943
 FAMS2          0.945         0.943         0.943         0.944         0.943
 FAMS3          0.945         0.944         0.944         0.944         0.943
 FAMS4          0.945         0.943         0.943         0.944         0.943
 FRIS1          0.942         0.940         0.940         0.940         0.940
 FRIS2          0.941         0.939         0.939         0.940         0.939
 FRIS3          0.941         0.940         0.939         0.940         0.939
 FRIS4          0.940         0.938         0.938         0.939         0.938
 SPOS1          0.687         0.687         0.686         0.687         0.686
 SPOS2          0.687         0.687         0.687         0.687         0.686
 SPOS3          0.686         0.686         0.686         0.686         0.685
 SPOS4          0.686         0.686         0.686         0.686         0.685
 SPOS5          0.687         0.687         0.686         0.687         0.686
 SPOS6          0.687         0.687         0.686         0.687         0.686
 SI1            0.937         0.936         0.936         0.937         0.935
 SI2            0.938         0.937         0.937         0.938         0.936
 SI3            0.940         0.938         0.938         0.939         0.938


           Covariance Coverage
              LC2           LC3           LC4           LC5           LC6
              ________      ________      ________      ________      ________
 LC2            0.949
 LC3            0.948         0.951
 LC4            0.947         0.949         0.950
 LC5            0.947         0.949         0.948         0.950
 LC6            0.946         0.948         0.948         0.948         0.949
 LC7            0.946         0.947         0.947         0.947         0.947
 LC8            0.948         0.949         0.948         0.949         0.948
 SE1            0.943         0.944         0.943         0.943         0.942
 SE2            0.945         0.946         0.945         0.945         0.945
 SE3            0.944         0.945         0.944         0.944         0.943
 SE4            0.944         0.946         0.945         0.945         0.944
 SE5            0.942         0.943         0.942         0.942         0.942
 SE6            0.945         0.946         0.946         0.946         0.945
 SE7            0.943         0.945         0.944         0.944         0.943
 OPT1           0.944         0.946         0.945         0.945         0.944
 OPT2           0.942         0.943         0.943         0.943         0.942
 OPT3           0.946         0.947         0.946         0.946         0.946
 PESS1          0.945         0.947         0.946         0.946         0.945
 PESS2          0.942         0.943         0.942         0.942         0.942
 PESS3          0.945         0.946         0.945         0.945         0.945
 FAMS1          0.943         0.944         0.944         0.943         0.943
 FAMS2          0.943         0.944         0.943         0.943         0.943
 FAMS3          0.944         0.945         0.944         0.944         0.943
 FAMS4          0.943         0.944         0.944         0.943         0.943
 FRIS1          0.940         0.941         0.940         0.940         0.940
 FRIS2          0.939         0.940         0.939         0.939         0.939
 FRIS3          0.939         0.940         0.940         0.940         0.939
 FRIS4          0.938         0.939         0.938         0.938         0.938
 SPOS1          0.686         0.687         0.687         0.686         0.687
 SPOS2          0.686         0.687         0.687         0.687         0.687
 SPOS3          0.686         0.687         0.686         0.686         0.686
 SPOS4          0.686         0.687         0.686         0.686         0.686
 SPOS5          0.686         0.687         0.687         0.686         0.687
 SPOS6          0.686         0.687         0.687         0.686         0.687
 SI1            0.936         0.937         0.936         0.936         0.935
 SI2            0.937         0.938         0.937         0.937         0.937
 SI3            0.938         0.939         0.939         0.939         0.938


           Covariance Coverage
              LC7           LC8           SE1           SE2           SE3
              ________      ________      ________      ________      ________
 LC7            0.949
 LC8            0.948         0.950
 SE1            0.942         0.944         0.947
 SE2            0.944         0.946         0.945         0.949
 SE3            0.943         0.944         0.943         0.946         0.948
 SE4            0.944         0.945         0.944         0.946         0.945
 SE5            0.941         0.943         0.941         0.944         0.942
 SE6            0.944         0.946         0.945         0.947         0.946
 SE7            0.943         0.944         0.943         0.945         0.944
 OPT1           0.944         0.945         0.942         0.945         0.943
 OPT2           0.941         0.943         0.940         0.942         0.941
 OPT3           0.945         0.946         0.943         0.946         0.944
 PESS1          0.945         0.946         0.943         0.946         0.944
 PESS2          0.941         0.943         0.940         0.942         0.941
 PESS3          0.944         0.946         0.943         0.945         0.943
 FAMS1          0.942         0.944         0.941         0.943         0.942
 FAMS2          0.942         0.944         0.941         0.943         0.941
 FAMS3          0.943         0.945         0.942         0.943         0.942
 FAMS4          0.942         0.944         0.941         0.943         0.942
 FRIS1          0.939         0.940         0.937         0.940         0.938
 FRIS2          0.938         0.940         0.937         0.939         0.937
 FRIS3          0.938         0.940         0.937         0.939         0.938
 FRIS4          0.937         0.939         0.936         0.938         0.936
 SPOS1          0.686         0.687         0.684         0.686         0.685
 SPOS2          0.686         0.687         0.685         0.686         0.685
 SPOS3          0.686         0.687         0.684         0.685         0.685
 SPOS4          0.686         0.687         0.684         0.685         0.685
 SPOS5          0.686         0.687         0.684         0.686         0.685
 SPOS6          0.686         0.687         0.684         0.686         0.685
 SI1            0.935         0.937         0.934         0.936         0.934
 SI2            0.936         0.938         0.935         0.937         0.935
 SI3            0.937         0.939         0.936         0.939         0.937


           Covariance Coverage
              SE4           SE5           SE6           SE7           OPT1
              ________      ________      ________      ________      ________
 SE4            0.949
 SE5            0.943         0.946
 SE6            0.947         0.944         0.950
 SE7            0.945         0.943         0.946         0.948
 OPT1           0.944         0.942         0.945         0.943         0.951
 OPT2           0.942         0.939         0.942         0.941         0.946
 OPT3           0.945         0.943         0.946         0.944         0.950
 PESS1          0.945         0.943         0.946         0.944         0.950
 PESS2          0.941         0.939         0.943         0.940         0.946
 PESS3          0.944         0.942         0.945         0.943         0.949
 FAMS1          0.942         0.940         0.943         0.941         0.945
 FAMS2          0.942         0.940         0.943         0.941         0.945
 FAMS3          0.943         0.940         0.944         0.942         0.945
 FAMS4          0.942         0.940         0.943         0.942         0.945
 FRIS1          0.939         0.936         0.940         0.938         0.941
 FRIS2          0.938         0.935         0.939         0.937         0.940
 FRIS3          0.938         0.936         0.939         0.938         0.941
 FRIS4          0.937         0.935         0.938         0.937         0.940
 SPOS1          0.686         0.684         0.686         0.684         0.687
 SPOS2          0.686         0.684         0.686         0.685         0.687
 SPOS3          0.685         0.683         0.685         0.684         0.686
 SPOS4          0.685         0.683         0.685         0.684         0.686
 SPOS5          0.686         0.684         0.686         0.685         0.687
 SPOS6          0.686         0.684         0.686         0.685         0.687
 SI1            0.935         0.933         0.936         0.935         0.938
 SI2            0.936         0.934         0.937         0.935         0.938
 SI3            0.937         0.935         0.938         0.937         0.940


           Covariance Coverage
              OPT2          OPT3          PESS1         PESS2         PESS3
              ________      ________      ________      ________      ________
 OPT2           0.949
 OPT3           0.948         0.952
 PESS1          0.948         0.951         0.952
 PESS2          0.944         0.948         0.947         0.948
 PESS3          0.947         0.951         0.950         0.947         0.951
 FAMS1          0.942         0.946         0.946         0.942         0.945
 FAMS2          0.942         0.946         0.945         0.942         0.945
 FAMS3          0.943         0.946         0.946         0.943         0.945
 FAMS4          0.942         0.946         0.946         0.942         0.945
 FRIS1          0.939         0.942         0.942         0.938         0.942
 FRIS2          0.938         0.942         0.941         0.938         0.941
 FRIS3          0.938         0.942         0.942         0.938         0.941
 FRIS4          0.937         0.941         0.940         0.937         0.940
 SPOS1          0.686         0.688         0.687         0.687         0.687
 SPOS2          0.686         0.688         0.688         0.687         0.687
 SPOS3          0.685         0.687         0.687         0.686         0.686
 SPOS4          0.685         0.687         0.687         0.686         0.686
 SPOS5          0.686         0.688         0.688         0.687         0.687
 SPOS6          0.686         0.688         0.687         0.687         0.687
 SI1            0.935         0.938         0.939         0.935         0.938
 SI2            0.936         0.940         0.940         0.936         0.939
 SI3            0.938         0.941         0.941         0.938         0.940


           Covariance Coverage
              FAMS1         FAMS2         FAMS3         FAMS4         FRIS1
              ________      ________      ________      ________      ________
 FAMS1          0.993
 FAMS2          0.992         0.993
 FAMS3          0.993         0.992         0.994
 FAMS4          0.992         0.992         0.993         0.993
 FRIS1          0.987         0.987         0.988         0.987         0.990
 FRIS2          0.987         0.987         0.987         0.987         0.989
 FRIS3          0.987         0.987         0.987         0.987         0.989
 FRIS4          0.986         0.985         0.986         0.986         0.987
 SPOS1          0.705         0.705         0.706         0.705         0.702
 SPOS2          0.706         0.705         0.706         0.706         0.702
 SPOS3          0.705         0.705         0.705         0.705         0.702
 SPOS4          0.705         0.705         0.705         0.705         0.701
 SPOS5          0.705         0.705         0.706         0.706         0.702
 SPOS6          0.705         0.705         0.705         0.705         0.702
 SI1            0.940         0.940         0.941         0.941         0.937
 SI2            0.942         0.941         0.942         0.942         0.938
 SI3            0.943         0.943         0.944         0.943         0.940


           Covariance Coverage
              FRIS2         FRIS3         FRIS4         SPOS1         SPOS2
              ________      ________      ________      ________      ________
 FRIS2          0.989
 FRIS3          0.988         0.989
 FRIS4          0.987         0.987         0.988
 SPOS1          0.701         0.702         0.701         0.707
 SPOS2          0.702         0.703         0.701         0.706         0.707
 SPOS3          0.701         0.702         0.701         0.706         0.706
 SPOS4          0.701         0.702         0.700         0.706         0.706
 SPOS5          0.701         0.702         0.701         0.706         0.707
 SPOS6          0.701         0.702         0.701         0.706         0.707
 SI1            0.936         0.937         0.936         0.684         0.684
 SI2            0.937         0.938         0.937         0.684         0.684
 SI3            0.939         0.939         0.938         0.686         0.686


           Covariance Coverage
              SPOS3         SPOS4         SPOS5         SPOS6         SI1
              ________      ________      ________      ________      ________
 SPOS3          0.706
 SPOS4          0.705         0.706
 SPOS5          0.706         0.706         0.707
 SPOS6          0.706         0.706         0.707         0.707
 SI1            0.684         0.683         0.684         0.684         0.943
 SI2            0.684         0.683         0.684         0.684         0.940
 SI3            0.685         0.685         0.686         0.686         0.941


           Covariance Coverage
              SI2           SI3
              ________      ________
 SI2            0.944
 SI3            0.942         0.946


UNIVARIATE PROPORTIONS AND COUNTS FOR CATEGORICAL VARIABLES

    M1
      Category 1    0.374     1648.000
      Category 2    0.360     1585.000
      Category 3    0.125      552.000
      Category 4    0.048      212.000
      Category 5    0.038      168.000
      Category 6    0.038      167.000
      Category 7    0.017       74.000
    M2
      Category 1    0.402     1769.000
      Category 2    0.378     1664.000
      Category 3    0.127      558.000
      Category 4    0.046      202.000
      Category 5    0.019       85.000
      Category 6    0.018       77.000
      Category 7    0.010       44.000
    M3
      Category 1    0.207      909.000
      Category 2    0.359     1579.000
      Category 3    0.173      760.000
      Category 4    0.100      439.000
      Category 5    0.075      332.000
      Category 6    0.064      280.000
      Category 7    0.023      100.000
    M4
      Category 1    0.415     1829.000
      Category 2    0.341     1500.000
      Category 3    0.105      461.000
      Category 4    0.058      254.000
      Category 5    0.029      126.000
      Category 6    0.033      146.000
      Category 7    0.020       86.000
    LC1
      Category 1    0.027      120.000
      Category 2    0.073      321.000
      Category 3    0.065      287.000
      Category 4    0.057      249.000
      Category 5    0.086      379.000
      Category 6    0.296     1303.000
      Category 7    0.396     1740.000
    LC2
      Category 1    0.025      108.000
      Category 2    0.071      314.000
      Category 3    0.124      547.000
      Category 4    0.068      297.000
      Category 5    0.092      403.000
      Category 6    0.242     1064.000
      Category 7    0.379     1666.000
    LC3
      Category 1    0.013       58.000
      Category 2    0.036      159.000
      Category 3    0.063      278.000
      Category 4    0.083      365.000
      Category 5    0.071      314.000
      Category 6    0.245     1081.000
      Category 7    0.488     2149.000
    LC4
      Category 1    0.035      154.000
      Category 2    0.089      390.000
      Category 3    0.125      552.000
      Category 4    0.091      399.000
      Category 5    0.082      360.000
      Category 6    0.266     1172.000
      Category 7    0.312     1374.000
    LC5
      Category 1    0.055      241.000
      Category 2    0.150      658.000
      Category 3    0.217      954.000
      Category 4    0.125      551.000
      Category 5    0.098      431.000
      Category 6    0.217      955.000
      Category 7    0.139      610.000
    LC6
      Category 1    0.024      104.000
      Category 2    0.065      288.000
      Category 3    0.089      390.000
      Category 4    0.082      359.000
      Category 5    0.120      526.000
      Category 6    0.328     1444.000
      Category 7    0.292     1286.000
    LC7
      Category 1    0.016       70.000
      Category 2    0.030      133.000
      Category 3    0.041      180.000
      Category 4    0.068      297.000
      Category 5    0.081      357.000
      Category 6    0.291     1280.000
      Category 7    0.473     2078.000
    LC8
      Category 1    0.019       85.000
      Category 2    0.050      222.000
      Category 3    0.125      549.000
      Category 4    0.095      418.000
      Category 5    0.074      327.000
      Category 6    0.200      879.000
      Category 7    0.437     1922.000
    SE1
      Category 1    0.218      956.000
      Category 2    0.203      889.000
      Category 3    0.087      380.000
      Category 4    0.213      934.000
      Category 5    0.067      292.000
      Category 6    0.130      571.000
      Category 7    0.083      366.000
    SE2
      Category 1    0.423     1860.000
      Category 2    0.355     1561.000
      Category 3    0.123      540.000
      Category 4    0.033      146.000
      Category 5    0.034      150.000
      Category 6    0.022       97.000
      Category 7    0.010       44.000
    SE3
      Category 1    0.020       88.000
      Category 2    0.037      164.000
      Category 3    0.091      401.000
      Category 4    0.070      306.000
      Category 5    0.063      275.000
      Category 6    0.164      720.000
      Category 7    0.555     2437.000
    SE4
      Category 1    0.344     1513.000
      Category 2    0.411     1805.000
      Category 3    0.112      492.000
      Category 4    0.056      248.000
      Category 5    0.033      146.000
      Category 6    0.026      115.000
      Category 7    0.017       76.000
    SE5
      Category 1    0.054      238.000
      Category 2    0.091      401.000
      Category 3    0.106      466.000
      Category 4    0.136      597.000
      Category 5    0.044      195.000
      Category 6    0.161      704.000
      Category 7    0.407     1782.000
    SE6
      Category 1    0.412     1814.000
      Category 2    0.352     1548.000
      Category 3    0.100      439.000
      Category 4    0.042      184.000
      Category 5    0.043      190.000
      Category 6    0.035      154.000
      Category 7    0.016       71.000
    SE7
      Category 1    0.028      121.000
      Category 2    0.055      240.000
      Category 3    0.124      546.000
      Category 4    0.085      373.000
      Category 5    0.072      316.000
      Category 6    0.183      805.000
      Category 7    0.453     1990.000
    OPT1
      Category 1    0.268     1179.000
      Category 2    0.414     1825.000
      Category 3    0.164      722.000
      Category 4    0.117      517.000
      Category 5    0.037      163.000
    OPT2
      Category 1    0.324     1425.000
      Category 2    0.430     1888.000
      Category 3    0.119      524.000
      Category 4    0.104      459.000
      Category 5    0.023       99.000
    OPT3
      Category 1    0.472     2081.000
      Category 2    0.337     1488.000
      Category 3    0.114      505.000
      Category 4    0.049      214.000
      Category 5    0.028      124.000
    PESS1
      Category 1    0.064      283.000
      Category 2    0.198      872.000
      Category 3    0.194      855.000
      Category 4    0.249     1099.000
      Category 5    0.295     1302.000
    PESS2
      Category 1    0.035      155.000
      Category 2    0.138      605.000
      Category 3    0.152      670.000
      Category 4    0.287     1262.000
      Category 5    0.387     1702.000
    PESS3
      Category 1    0.053      233.000
      Category 2    0.150      661.000
      Category 3    0.136      600.000
      Category 4    0.260     1147.000
      Category 5    0.401     1767.000
    FAMS1
      Category 1    0.822     3783.000
      Category 2    0.131      605.000
      Category 3    0.039      179.000
      Category 4    0.007       32.000
      Category 5    0.001        3.000
    FAMS2
      Category 1    0.474     2179.000
      Category 2    0.387     1782.000
      Category 3    0.108      499.000
      Category 4    0.029      134.000
      Category 5    0.002        7.000
    FAMS3
      Category 1    0.750     3450.000
      Category 2    0.154      709.000
      Category 3    0.068      312.000
      Category 4    0.028      127.000
      Category 5    0.001        5.000
    FAMS4
      Category 1    0.537     2470.000
      Category 2    0.294     1354.000
      Category 3    0.125      577.000
      Category 4    0.043      196.000
      Category 5    0.001        5.000
    FRIS1
      Category 1    0.531     2436.000
      Category 2    0.365     1674.000
      Category 3    0.083      379.000
      Category 4    0.015       71.000
      Category 5    0.005       25.000
    FRIS2
      Category 1    0.360     1647.000
      Category 2    0.461     2111.000
      Category 3    0.148      677.000
      Category 4    0.027      122.000
      Category 5    0.005       24.000
    FRIS3
      Category 1    0.513     2351.000
      Category 2    0.320     1465.000
      Category 3    0.123      564.000
      Category 4    0.041      187.000
      Category 5    0.003       16.000
    FRIS4
      Category 1    0.418     1915.000
      Category 2    0.356     1631.000
      Category 3    0.171      782.000
      Category 4    0.051      235.000
      Category 5    0.003       14.000
    SPOS1
      Category 1    0.861     2821.000
      Category 2    0.106      347.000
      Category 3    0.027       90.000
      Category 4    0.005       16.000
      Category 5    0.000        1.000
    SPOS2
      Category 1    0.514     1683.000
      Category 2    0.359     1176.000
      Category 3    0.101      331.000
      Category 4    0.026       85.000
      Category 5    0.000        1.000
    SPOS3
      Category 1    0.695     2274.000
      Category 2    0.225      736.000
      Category 3    0.063      205.000
      Category 4    0.016       54.000
      Category 5    0.001        4.000
    SPOS4
      Category 1    0.845     2765.000
      Category 2    0.101      330.000
      Category 3    0.038      124.000
      Category 4    0.016       52.000
      Category 5    0.000        1.000
    SPOS5
      Category 1    0.648     2121.000
      Category 2    0.241      790.000
      Category 3    0.078      257.000
      Category 4    0.032      105.000
      Category 5    0.001        2.000
    SPOS6
      Category 1    0.815     2670.000
      Category 2    0.127      417.000
      Category 3    0.048      157.000
      Category 4    0.009       31.000
    SI1
      Category 1    0.028      122.000
      Category 2    0.063      276.000
      Category 3    0.094      412.000
      Category 4    0.152      665.000
      Category 5    0.095      417.000
      Category 6    0.205      898.000
      Category 7    0.362     1581.000
    SI2
      Category 1    0.112      489.000
      Category 2    0.258     1128.000
      Category 3    0.230     1005.000
      Category 4    0.185      810.000
      Category 5    0.085      370.000
      Category 6    0.086      377.000
      Category 7    0.045      196.000
    SI3
      Category 1    0.107      471.000
      Category 2    0.248     1086.000
      Category 3    0.198      869.000
      Category 4    0.260     1138.000
      Category 5    0.076      331.000
      Category 6    0.068      296.000
      Category 7    0.044      191.000



THE MODEL ESTIMATION TERMINATED NORMALLY



MODEL FIT INFORMATION

Number of Free Parameters                      289

Chi-Square Test of Model Fit

          Value                           9439.991*
          Degrees of Freedom                   783
          P-Value                           0.0000

*   The chi-square value for MLM, MLMV, MLR, ULSMV, WLSM and WLSMV cannot be used
    for chi-square difference testing in the regular way.  MLM, MLR and WLSM
    chi-square difference testing is described on the Mplus website.  MLMV, WLSMV,
    and ULSMV difference testing is done using the DIFFTEST option.

RMSEA (Root Mean Square Error Of Approximation)

          Estimate                           0.049
          90 Percent C.I.                    0.048  0.050
          Probability RMSEA <= .05           0.984

CFI/TLI

          CFI                                0.947
          TLI                                0.942

Chi-Square Test of Model Fit for the Baseline Model

          Value                         164766.991
          Degrees of Freedom                   861
          P-Value                           0.0000

WRMR (Weighted Root Mean Square Residual)

          Value                              2.786



MODEL RESULTS

                                                    Two-Tailed
                    Estimate       S.E.  Est./S.E.    P-Value

 M        BY
    M1                 1.000      0.000    999.000    999.000
    M2                 1.059      0.017     61.344      0.000
    M3                 0.864      0.018     48.206      0.000
    M4                 0.879      0.018     48.615      0.000

 LC       BY
    LC1               -1.000      0.000    999.000    999.000
    LC2               -1.180      0.017    -71.093      0.000
    LC3               -1.015      0.018    -56.105      0.000
    LC4               -0.967      0.016    -62.050      0.000
    LC5               -0.862      0.017    -49.269      0.000
    LC6               -1.052      0.016    -65.122      0.000
    LC7               -1.139      0.017    -68.229      0.000
    LC8               -1.075      0.018    -60.594      0.000

 SE       BY
    SE2                1.000      0.000    999.000    999.000
    SE3               -0.978      0.012    -84.366      0.000
    SE4                0.735      0.014     54.425      0.000
    SE5               -0.853      0.012    -69.109      0.000
    SE6                0.974      0.010     97.884      0.000
    SE7               -0.969      0.011    -84.725      0.000
    SE1               -0.055      0.019     -2.903      0.004

 OPT      BY
    OPT1               1.000      0.000    999.000    999.000
    OPT2               1.420      0.037     37.906      0.000
    OPT3               1.465      0.042     35.300      0.000

 PESS     BY
    PESS1             -1.000      0.000    999.000    999.000
    PESS2             -1.203      0.020    -58.969      0.000
    PESS3             -1.143      0.020    -56.955      0.000

 FAMS     BY
    FAMS1              1.000      0.000    999.000    999.000
    FAMS2              0.981      0.017     58.779      0.000
    FAMS3              0.914      0.016     55.964      0.000
    FAMS4              0.926      0.015     61.723      0.000

 FRIS     BY
    FRIS1              1.000      0.000    999.000    999.000
    FRIS2              0.979      0.009    103.795      0.000
    FRIS3              0.957      0.009    104.103      0.000
    FRIS4              0.936      0.009    105.084      0.000

 SPOS     BY
    SPOS1              1.000      0.000    999.000    999.000
    SPOS2              0.970      0.012     79.709      0.000
    SPOS3              0.994      0.013     78.115      0.000
    SPOS4              0.950      0.013     70.987      0.000
    SPOS5              0.954      0.012     78.997      0.000
    SPOS6              0.967      0.012     83.453      0.000

 SI       BY
    SI1               -1.000      0.000    999.000    999.000
    SI2                0.897      0.020     43.945      0.000
    SI3                0.787      0.020     40.060      0.000

 LC       WITH
    M                  0.367      0.009     39.581      0.000

 SE       WITH
    M                  0.457      0.010     46.659      0.000
    LC                 0.458      0.009     50.206      0.000

 OPT      WITH
    M                  0.260      0.010     26.180      0.000
    LC                 0.224      0.009     25.032      0.000
    SE                 0.339      0.011     30.458      0.000

 PESS     WITH
    M                  0.198      0.010     19.672      0.000
    LC                 0.349      0.010     36.681      0.000
    SE                 0.386      0.010     38.119      0.000
    OPT                0.269      0.010     28.006      0.000

 FAMS     WITH
    M                  0.179      0.014     13.153      0.000
    LC                 0.204      0.012     16.725      0.000
    SE                 0.295      0.014     21.361      0.000
    OPT                0.163      0.011     14.465      0.000
    PESS               0.207      0.013     15.552      0.000

 FRIS     WITH
    M                  0.206      0.013     16.387      0.000
    LC                 0.233      0.011     21.328      0.000
    SE                 0.291      0.012     23.759      0.000
    OPT                0.166      0.010     16.076      0.000
    PESS               0.228      0.012     19.234      0.000
    FAMS               0.390      0.014     28.031      0.000

 SPOS     WITH
    M                  0.202      0.016     12.672      0.000
    LC                 0.256      0.014     17.717      0.000
    SE                 0.294      0.017     17.752      0.000
    OPT                0.146      0.013     11.540      0.000
    PESS               0.176      0.016     10.919      0.000
    FAMS               0.321      0.020     16.367      0.000
    FRIS               0.227      0.019     12.229      0.000

 SI       WITH
    M                  0.179      0.012     15.106      0.000
    LC                 0.257      0.010     26.425      0.000
    SE                 0.346      0.011     30.782      0.000
    OPT                0.222      0.010     21.666      0.000
    PESS               0.278      0.011     25.787      0.000
    FAMS               0.328      0.014     22.892      0.000
    FRIS               0.360      0.012     29.696      0.000
    SPOS               0.221      0.018     12.322      0.000

 Thresholds
    M1$1              -0.321      0.020    -16.221      0.000
    M1$2               0.624      0.021     29.777      0.000
    M1$3               1.076      0.024     45.101      0.000
    M1$4               1.324      0.026     50.097      0.000
    M1$5               1.601      0.031     51.130      0.000
    M1$6               2.125      0.046     46.046      0.000
    M2$1              -0.248      0.020    -12.684      0.000
    M2$2               0.774      0.022     35.692      0.000
    M2$3               1.324      0.027     49.529      0.000
    M2$4               1.676      0.033     51.470      0.000
    M2$5               1.919      0.039     48.914      0.000
    M2$6               2.326      0.056     41.363      0.000
    M3$1              -0.818      0.022    -37.334      0.000
    M3$2               0.165      0.020      8.450      0.000
    M3$3               0.638      0.021     30.906      0.000
    M3$4               0.987      0.023     42.903      0.000
    M3$5               1.363      0.027     50.724      0.000
    M3$6               2.000      0.042     48.155      0.000
    M4$1              -0.213      0.019    -11.108      0.000
    M4$2               0.694      0.021     33.036      0.000
    M4$3               1.085      0.024     45.553      0.000
    M4$4               1.396      0.028     50.302      0.000
    M4$5               1.619      0.032     51.277      0.000
    M4$6               2.063      0.044     47.164      0.000
    LC1$1             -1.922      0.039    -48.878      0.000
    LC1$2             -1.280      0.026    -48.673      0.000
    LC1$3             -0.972      0.023    -42.642      0.000
    LC1$4             -0.765      0.021    -35.600      0.000
    LC1$5             -0.501      0.020    -24.631      0.000
    LC1$6              0.265      0.019     13.668      0.000
    LC2$1             -1.968      0.041    -48.135      0.000
    LC2$2             -1.305      0.027    -49.117      0.000
    LC2$3             -0.771      0.021    -36.154      0.000
    LC2$4             -0.560      0.020    -27.705      0.000
    LC2$5             -0.307      0.019    -15.811      0.000
    LC2$6              0.309      0.020     15.751      0.000
    LC3$1             -2.221      0.052    -43.064      0.000
    LC3$2             -1.652      0.032    -51.062      0.000
    LC3$3             -1.214      0.025    -48.124      0.000
    LC3$4             -0.859      0.022    -39.265      0.000
    LC3$5             -0.623      0.021    -30.320      0.000
    LC3$6              0.030      0.020      1.541      0.123
    LC4$1             -1.812      0.036    -50.927      0.000
    LC4$2             -1.157      0.025    -47.030      0.000
    LC4$3             -0.678      0.021    -32.292      0.000
    LC4$4             -0.413      0.020    -20.615      0.000
    LC4$5             -0.198      0.020    -10.115      0.000
    LC4$6              0.490      0.020     24.027      0.000
    LC5$1             -1.600      0.031    -51.876      0.000
    LC5$2             -0.826      0.022    -37.788      0.000
    LC5$3             -0.199      0.019    -10.332      0.000
    LC5$4              0.116      0.019      6.026      0.000
    LC5$5              0.370      0.020     18.616      0.000
    LC5$6              1.086      0.024     45.313      0.000
    LC6$1             -1.984      0.041    -48.300      0.000
    LC6$2             -1.346      0.027    -50.221      0.000
    LC6$3             -0.924      0.022    -41.314      0.000
    LC6$4             -0.645      0.021    -31.314      0.000
    LC6$5             -0.308      0.020    -15.753      0.000
    LC6$6              0.546      0.020     26.750      0.000
    LC7$1             -2.146      0.047    -45.412      0.000
    LC7$2             -1.683      0.032    -51.868      0.000
    LC7$3             -1.359      0.027    -50.207      0.000
    LC7$4             -1.016      0.023    -43.927      0.000
    LC7$5             -0.719      0.021    -33.971      0.000
    LC7$6              0.068      0.019      3.533      0.000
    LC8$1             -2.068      0.044    -46.926      0.000
    LC8$2             -1.478      0.029    -51.648      0.000
    LC8$3             -0.862      0.022    -39.050      0.000
    LC8$4             -0.555      0.020    -27.308      0.000
    LC8$5             -0.349      0.020    -17.804      0.000
    LC8$6              0.160      0.020      8.092      0.000
    SE1$1             -0.779      0.021    -36.301      0.000
    SE1$2             -0.201      0.020    -10.272      0.000
    SE1$3              0.018      0.020      0.907      0.364
    SE1$4              0.583      0.021     28.291      0.000
    SE1$5              0.794      0.022     36.541      0.000
    SE1$6              1.382      0.027     50.283      0.000
    SE2$1             -0.194      0.020     -9.916      0.000
    SE2$2              0.765      0.022     35.326      0.000
    SE2$3              1.285      0.026     48.855      0.000
    SE2$4              1.505      0.030     50.807      0.000
    SE2$5              1.851      0.037     50.208      0.000
    SE2$6              2.326      0.056     41.446      0.000
    SE3$1             -2.053      0.044    -46.556      0.000
    SE3$2             -1.577      0.031    -51.493      0.000
    SE3$3             -1.042      0.024    -43.858      0.000
    SE3$4             -0.778      0.022    -35.704      0.000
    SE3$5             -0.580      0.021    -28.212      0.000
    SE3$6             -0.138      0.020     -6.995      0.000
    SE4$1             -0.401      0.020    -20.448      0.000
    SE4$2              0.690      0.021     32.633      0.000
    SE4$3              1.112      0.024     45.606      0.000
    SE4$4              1.428      0.029     49.685      0.000
    SE4$5              1.712      0.034     50.646      0.000
    SE4$6              2.113      0.046     46.056      0.000
    SE5$1             -1.605      0.032    -50.479      0.000
    SE5$2             -1.055      0.024    -44.195      0.000
    SE5$3             -0.668      0.021    -31.865      0.000
    SE5$4             -0.284      0.020    -14.319      0.000
    SE5$5             -0.169      0.020     -8.590      0.000
    SE5$6              0.236      0.020     11.863      0.000
    SE6$1             -0.222      0.020    -11.307      0.000
    SE6$2              0.720      0.021     34.052      0.000
    SE6$3              1.098      0.024     45.577      0.000
    SE6$4              1.315      0.027     49.244      0.000
    SE6$5              1.634      0.032     50.946      0.000
    SE6$6              2.141      0.047     45.543      0.000
    SE7$1             -1.918      0.039    -48.927      0.000
    SE7$2             -1.390      0.027    -50.908      0.000
    SE7$3             -0.818      0.022    -37.982      0.000
    SE7$4             -0.549      0.020    -27.182      0.000
    SE7$5             -0.349      0.020    -17.565      0.000
    SE7$6              0.118      0.020      5.971      0.000
    OPT1$1            -0.620      0.021    -29.642      0.000
    OPT1$2             0.473      0.020     23.535      0.000
    OPT1$3             1.018      0.023     43.871      0.000
    OPT1$4             1.787      0.036     50.317      0.000
    OPT2$1            -0.456      0.020    -22.778      0.000
    OPT2$2             0.687      0.021     32.454      0.000
    OPT2$3             1.141      0.024     46.715      0.000
    OPT2$4             2.004      0.042     48.118      0.000
    OPT3$1            -0.071      0.020     -3.616      0.000
    OPT3$2             0.874      0.022     39.598      0.000
    OPT3$3             1.428      0.028     50.832      0.000
    OPT3$4             1.909      0.039     49.205      0.000
    PESS1$1           -1.521      0.030    -51.376      0.000
    PESS1$2           -0.638      0.021    -30.221      0.000
    PESS1$3           -0.111      0.020     -5.628      0.000
    PESS1$4            0.538      0.021     26.150      0.000
    PESS2$1           -1.808      0.036    -49.743      0.000
    PESS2$2           -0.943      0.023    -40.827      0.000
    PESS2$3           -0.453      0.021    -21.950      0.000
    PESS2$4            0.286      0.020     14.531      0.000
    PESS3$1           -1.618      0.031    -51.512      0.000
    PESS3$2           -0.832      0.022    -37.525      0.000
    PESS3$3           -0.415      0.020    -20.374      0.000
    PESS3$4            0.251      0.020     12.667      0.000
    FAMS1$1            0.923      0.022     41.688      0.000
    FAMS1$2            1.680      0.032     52.198      0.000
    FAMS1$3            2.427      0.061     39.680      0.000
    FAMS1$4            3.215      0.166     19.400      0.000
    FAMS2$1           -0.066      0.019     -3.480      0.001
    FAMS2$2            1.084      0.024     45.958      0.000
    FAMS2$3            1.871      0.037     50.470      0.000
    FAMS2$4            2.963      0.116     25.479      0.000
    FAMS3$1            0.673      0.021     32.334      0.000
    FAMS3$2            1.302      0.026     50.382      0.000
    FAMS3$3            1.901      0.038     50.575      0.000
    FAMS3$4            3.066      0.134     22.925      0.000
    FAMS4$1            0.092      0.019      4.811      0.000
    FAMS4$2            0.958      0.022     43.056      0.000
    FAMS4$3            1.710      0.033     52.327      0.000
    FAMS4$4            3.066      0.134     22.925      0.000
    FRIS1$1            0.079      0.019      4.135      0.000
    FRIS1$2            1.261      0.025     49.569      0.000
    FRIS1$3            2.035      0.042     47.972      0.000
    FRIS1$4            2.546      0.070     36.498      0.000
    FRIS2$1           -0.360      0.019    -18.699      0.000
    FRIS2$2            0.917      0.022     41.417      0.000
    FRIS2$3            1.854      0.036     50.822      0.000
    FRIS2$4            2.560      0.071     36.114      0.000
    FRIS3$1            0.033      0.019      1.713      0.087
    FRIS3$2            0.965      0.022     43.182      0.000
    FRIS3$3            1.703      0.033     52.075      0.000
    FRIS3$4            2.698      0.083     32.431      0.000
    FRIS4$1           -0.206      0.019    -10.742      0.000
    FRIS4$2            0.755      0.021     35.553      0.000
    FRIS4$3            1.604      0.030     52.736      0.000
    FRIS4$4            2.741      0.088     31.239      0.000
    SPOS1$1            1.087      0.028     38.591      0.000
    SPOS1$2            1.843      0.043     43.121      0.000
    SPOS1$3            2.563      0.084     30.562      0.000
    SPOS1$4            3.427      0.272     12.618      0.000
    SPOS2$1            0.034      0.022      1.540      0.123
    SPOS2$2            1.139      0.029     39.803      0.000
    SPOS2$3            1.939      0.047     41.594      0.000
    SPOS2$4            3.427      0.272     12.619      0.000
    SPOS3$1            0.509      0.023     21.829      0.000
    SPOS3$2            1.403      0.032     43.610      0.000
    SPOS3$3            2.103      0.053     39.320      0.000
    SPOS3$4            3.030      0.151     20.070      0.000
    SPOS4$1            1.015      0.027     37.558      0.000
    SPOS4$2            1.606      0.037     43.867      0.000
    SPOS4$3            2.139      0.057     37.859      0.000
    SPOS4$4            3.427      0.272     12.617      0.000
    SPOS5$1            0.379      0.023     16.604      0.000
    SPOS5$2            1.220      0.029     42.350      0.000
    SPOS5$3            1.843      0.043     43.107      0.000
    SPOS5$4            3.234      0.202     16.013      0.000
    SPOS6$1            0.897      0.026     34.532      0.000
    SPOS6$2            1.577      0.036     44.278      0.000
    SPOS6$3            2.347      0.067     35.264      0.000
    SI1$1             -1.912      0.039    -48.613      0.000
    SI1$2             -1.334      0.027    -48.918      0.000
    SI1$3             -0.895      0.022    -39.905      0.000
    SI1$4             -0.419      0.020    -21.106      0.000
    SI1$5             -0.169      0.020     -8.655      0.000
    SI1$6              0.354      0.020     17.759      0.000
    SI2$1             -1.217      0.026    -47.092      0.000
    SI2$2             -0.333      0.020    -16.670      0.000
    SI2$3              0.252      0.020     12.835      0.000
    SI2$4              0.787      0.022     36.291      0.000
    SI2$5              1.122      0.024     46.062      0.000
    SI2$6              1.698      0.034     50.356      0.000
    SI3$1             -1.240      0.026    -47.658      0.000
    SI3$2             -0.371      0.020    -18.556      0.000
    SI3$3              0.135      0.020      6.899      0.000
    SI3$4              0.890      0.022     40.011      0.000
    SI3$5              1.221      0.026     47.618      0.000
    SI3$6              1.710      0.034     50.922      0.000

 Variances
    M                  0.591      0.014     42.653      0.000
    LC                 0.497      0.013     38.386      0.000
    SE                 0.694      0.011     63.556      0.000
    OPT                0.298      0.014     21.023      0.000
    PESS               0.534      0.015     35.911      0.000
    FAMS               0.798      0.018     44.540      0.000
    FRIS               0.818      0.011     74.175      0.000
    SPOS               0.833      0.016     53.323      0.000
    SI                 0.703      0.021     33.601      0.000


STANDARDIZED MODEL RESULTS


STDYX Standardization

                                                    Two-Tailed
                    Estimate       S.E.  Est./S.E.    P-Value

 M        BY
    M1                 0.769      0.009     85.305      0.000
    M2                 0.814      0.009     91.860      0.000
    M3                 0.664      0.011     62.592      0.000
    M4                 0.676      0.011     60.942      0.000

 LC       BY
    LC1               -0.705      0.009    -76.771      0.000
    LC2               -0.832      0.007   -120.101      0.000
    LC3               -0.716      0.010    -70.795      0.000
    LC4               -0.682      0.009    -77.488      0.000
    LC5               -0.607      0.010    -59.126      0.000
    LC6               -0.742      0.008    -90.084      0.000
    LC7               -0.803      0.008   -100.818      0.000
    LC8               -0.758      0.009    -87.028      0.000

 SE       BY
    SE2                0.833      0.007    127.112      0.000
    SE3               -0.815      0.008   -104.684      0.000
    SE4                0.612      0.011     57.093      0.000
    SE5               -0.710      0.009    -76.645      0.000
    SE6                0.811      0.007    111.945      0.000
    SE7               -0.807      0.008   -106.863      0.000
    SE1               -0.046      0.016     -2.917      0.004

 OPT      BY
    OPT1               0.546      0.013     42.047      0.000
    OPT2               0.775      0.010     77.074      0.000
    OPT3               0.800      0.011     72.545      0.000

 PESS     BY
    PESS1             -0.731      0.010    -71.822      0.000
    PESS2             -0.879      0.007   -121.980      0.000
    PESS3             -0.836      0.008   -103.561      0.000

 FAMS     BY
    FAMS1              0.893      0.010     89.081      0.000
    FAMS2              0.876      0.009     93.450      0.000
    FAMS3              0.816      0.011     72.249      0.000
    FAMS4              0.827      0.009     87.742      0.000

 FRIS     BY
    FRIS1              0.905      0.006    148.350      0.000
    FRIS2              0.886      0.006    148.731      0.000
    FRIS3              0.865      0.007    131.716      0.000
    FRIS4              0.847      0.006    136.372      0.000

 SPOS     BY
    SPOS1              0.913      0.009    106.646      0.000
    SPOS2              0.885      0.007    118.236      0.000
    SPOS3              0.907      0.008    116.159      0.000
    SPOS4              0.867      0.011     82.276      0.000
    SPOS5              0.871      0.008    109.646      0.000
    SPOS6              0.883      0.008    106.129      0.000

 SI       BY
    SI1               -0.839      0.012    -67.203      0.000
    SI2                0.752      0.010     72.722      0.000
    SI3                0.660      0.011     57.788      0.000

 LC       WITH
    M                  0.678      0.010     66.605      0.000

 SE       WITH
    M                  0.713      0.009     77.400      0.000
    LC                 0.779      0.007    109.879      0.000

 OPT      WITH
    M                  0.620      0.013     46.710      0.000
    LC                 0.583      0.013     43.649      0.000
    SE                 0.746      0.010     73.841      0.000

 PESS     WITH
    M                  0.353      0.016     22.039      0.000
    LC                 0.677      0.010     65.408      0.000
    SE                 0.634      0.011     56.610      0.000
    OPT                0.673      0.011     59.163      0.000

 FAMS     WITH
    M                  0.261      0.019     13.889      0.000
    LC                 0.324      0.018     18.453      0.000
    SE                 0.396      0.017     23.855      0.000
    OPT                0.333      0.020     16.721      0.000
    PESS               0.317      0.019     16.892      0.000

 FRIS     WITH
    M                  0.296      0.017     17.144      0.000
    LC                 0.365      0.016     23.383      0.000
    SE                 0.387      0.015     25.304      0.000
    OPT                0.336      0.018     18.780      0.000
    PESS               0.345      0.017     20.809      0.000
    FAMS               0.482      0.015     32.666      0.000

 SPOS     WITH
    M                  0.288      0.022     13.153      0.000
    LC                 0.397      0.021     19.186      0.000
    SE                 0.387      0.021     18.752      0.000
    OPT                0.293      0.024     12.370      0.000
    PESS               0.264      0.023     11.328      0.000
    FAMS               0.394      0.022     17.669      0.000
    FRIS               0.275      0.022     12.628      0.000

 SI       WITH
    M                  0.278      0.018     15.794      0.000
    LC                 0.435      0.014     31.400      0.000
    SE                 0.495      0.014     35.715      0.000
    OPT                0.484      0.016     30.242      0.000
    PESS               0.454      0.015     31.277      0.000
    FAMS               0.438      0.017     26.003      0.000
    FRIS               0.474      0.014     33.922      0.000
    SPOS               0.289      0.023     12.715      0.000

 Thresholds
    M1$1              -0.321      0.020    -16.221      0.000
    M1$2               0.624      0.021     29.777      0.000
    M1$3               1.076      0.024     45.101      0.000
    M1$4               1.324      0.026     50.097      0.000
    M1$5               1.601      0.031     51.130      0.000
    M1$6               2.125      0.046     46.046      0.000
    M2$1              -0.248      0.020    -12.684      0.000
    M2$2               0.774      0.022     35.692      0.000
    M2$3               1.324      0.027     49.529      0.000
    M2$4               1.676      0.033     51.470      0.000
    M2$5               1.919      0.039     48.914      0.000
    M2$6               2.326      0.056     41.363      0.000
    M3$1              -0.818      0.022    -37.334      0.000
    M3$2               0.165      0.020      8.450      0.000
    M3$3               0.638      0.021     30.906      0.000
    M3$4               0.987      0.023     42.903      0.000
    M3$5               1.363      0.027     50.724      0.000
    M3$6               2.000      0.042     48.155      0.000
    M4$1              -0.213      0.019    -11.108      0.000
    M4$2               0.694      0.021     33.036      0.000
    M4$3               1.085      0.024     45.553      0.000
    M4$4               1.396      0.028     50.302      0.000
    M4$5               1.619      0.032     51.277      0.000
    M4$6               2.063      0.044     47.164      0.000
    LC1$1             -1.922      0.039    -48.878      0.000
    LC1$2             -1.280      0.026    -48.673      0.000
    LC1$3             -0.972      0.023    -42.642      0.000
    LC1$4             -0.765      0.021    -35.600      0.000
    LC1$5             -0.501      0.020    -24.631      0.000
    LC1$6              0.265      0.019     13.668      0.000
    LC2$1             -1.968      0.041    -48.135      0.000
    LC2$2             -1.305      0.027    -49.117      0.000
    LC2$3             -0.771      0.021    -36.154      0.000
    LC2$4             -0.560      0.020    -27.705      0.000
    LC2$5             -0.307      0.019    -15.811      0.000
    LC2$6              0.309      0.020     15.751      0.000
    LC3$1             -2.221      0.052    -43.064      0.000
    LC3$2             -1.652      0.032    -51.062      0.000
    LC3$3             -1.214      0.025    -48.124      0.000
    LC3$4             -0.859      0.022    -39.265      0.000
    LC3$5             -0.623      0.021    -30.320      0.000
    LC3$6              0.030      0.020      1.541      0.123
    LC4$1             -1.812      0.036    -50.927      0.000
    LC4$2             -1.157      0.025    -47.030      0.000
    LC4$3             -0.678      0.021    -32.292      0.000
    LC4$4             -0.413      0.020    -20.615      0.000
    LC4$5             -0.198      0.020    -10.115      0.000
    LC4$6              0.490      0.020     24.027      0.000
    LC5$1             -1.600      0.031    -51.876      0.000
    LC5$2             -0.826      0.022    -37.788      0.000
    LC5$3             -0.199      0.019    -10.332      0.000
    LC5$4              0.116      0.019      6.026      0.000
    LC5$5              0.370      0.020     18.616      0.000
    LC5$6              1.086      0.024     45.313      0.000
    LC6$1             -1.984      0.041    -48.300      0.000
    LC6$2             -1.346      0.027    -50.221      0.000
    LC6$3             -0.924      0.022    -41.314      0.000
    LC6$4             -0.645      0.021    -31.314      0.000
    LC6$5             -0.308      0.020    -15.753      0.000
    LC6$6              0.546      0.020     26.750      0.000
    LC7$1             -2.146      0.047    -45.412      0.000
    LC7$2             -1.683      0.032    -51.868      0.000
    LC7$3             -1.359      0.027    -50.207      0.000
    LC7$4             -1.016      0.023    -43.927      0.000
    LC7$5             -0.719      0.021    -33.971      0.000
    LC7$6              0.068      0.019      3.533      0.000
    LC8$1             -2.068      0.044    -46.926      0.000
    LC8$2             -1.478      0.029    -51.648      0.000
    LC8$3             -0.862      0.022    -39.050      0.000
    LC8$4             -0.555      0.020    -27.308      0.000
    LC8$5             -0.349      0.020    -17.804      0.000
    LC8$6              0.160      0.020      8.092      0.000
    SE1$1             -0.779      0.021    -36.301      0.000
    SE1$2             -0.201      0.020    -10.272      0.000
    SE1$3              0.018      0.020      0.907      0.364
    SE1$4              0.583      0.021     28.291      0.000
    SE1$5              0.794      0.022     36.541      0.000
    SE1$6              1.382      0.027     50.283      0.000
    SE2$1             -0.194      0.020     -9.916      0.000
    SE2$2              0.765      0.022     35.326      0.000
    SE2$3              1.285      0.026     48.855      0.000
    SE2$4              1.505      0.030     50.807      0.000
    SE2$5              1.851      0.037     50.208      0.000
    SE2$6              2.326      0.056     41.446      0.000
    SE3$1             -2.053      0.044    -46.556      0.000
    SE3$2             -1.577      0.031    -51.493      0.000
    SE3$3             -1.042      0.024    -43.858      0.000
    SE3$4             -0.778      0.022    -35.704      0.000
    SE3$5             -0.580      0.021    -28.212      0.000
    SE3$6             -0.138      0.020     -6.995      0.000
    SE4$1             -0.401      0.020    -20.448      0.000
    SE4$2              0.690      0.021     32.633      0.000
    SE4$3              1.112      0.024     45.606      0.000
    SE4$4              1.428      0.029     49.685      0.000
    SE4$5              1.712      0.034     50.646      0.000
    SE4$6              2.113      0.046     46.056      0.000
    SE5$1             -1.605      0.032    -50.479      0.000
    SE5$2             -1.055      0.024    -44.195      0.000
    SE5$3             -0.668      0.021    -31.865      0.000
    SE5$4             -0.284      0.020    -14.319      0.000
    SE5$5             -0.169      0.020     -8.590      0.000
    SE5$6              0.236      0.020     11.863      0.000
    SE6$1             -0.222      0.020    -11.307      0.000
    SE6$2              0.720      0.021     34.052      0.000
    SE6$3              1.098      0.024     45.577      0.000
    SE6$4              1.315      0.027     49.244      0.000
    SE6$5              1.634      0.032     50.946      0.000
    SE6$6              2.141      0.047     45.543      0.000
    SE7$1             -1.918      0.039    -48.927      0.000
    SE7$2             -1.390      0.027    -50.908      0.000
    SE7$3             -0.818      0.022    -37.982      0.000
    SE7$4             -0.549      0.020    -27.182      0.000
    SE7$5             -0.349      0.020    -17.565      0.000
    SE7$6              0.118      0.020      5.971      0.000
    OPT1$1            -0.620      0.021    -29.642      0.000
    OPT1$2             0.473      0.020     23.535      0.000
    OPT1$3             1.018      0.023     43.871      0.000
    OPT1$4             1.787      0.036     50.317      0.000
    OPT2$1            -0.456      0.020    -22.778      0.000
    OPT2$2             0.687      0.021     32.454      0.000
    OPT2$3             1.141      0.024     46.715      0.000
    OPT2$4             2.004      0.042     48.118      0.000
    OPT3$1            -0.071      0.020     -3.616      0.000
    OPT3$2             0.874      0.022     39.598      0.000
    OPT3$3             1.428      0.028     50.832      0.000
    OPT3$4             1.909      0.039     49.205      0.000
    PESS1$1           -1.521      0.030    -51.376      0.000
    PESS1$2           -0.638      0.021    -30.221      0.000
    PESS1$3           -0.111      0.020     -5.628      0.000
    PESS1$4            0.538      0.021     26.150      0.000
    PESS2$1           -1.808      0.036    -49.743      0.000
    PESS2$2           -0.943      0.023    -40.827      0.000
    PESS2$3           -0.453      0.021    -21.950      0.000
    PESS2$4            0.286      0.020     14.531      0.000
    PESS3$1           -1.618      0.031    -51.512      0.000
    PESS3$2           -0.832      0.022    -37.525      0.000
    PESS3$3           -0.415      0.020    -20.374      0.000
    PESS3$4            0.251      0.020     12.667      0.000
    FAMS1$1            0.923      0.022     41.688      0.000
    FAMS1$2            1.680      0.032     52.198      0.000
    FAMS1$3            2.427      0.061     39.680      0.000
    FAMS1$4            3.215      0.166     19.400      0.000
    FAMS2$1           -0.066      0.019     -3.480      0.001
    FAMS2$2            1.084      0.024     45.958      0.000
    FAMS2$3            1.871      0.037     50.470      0.000
    FAMS2$4            2.963      0.116     25.479      0.000
    FAMS3$1            0.673      0.021     32.334      0.000
    FAMS3$2            1.302      0.026     50.382      0.000
    FAMS3$3            1.901      0.038     50.575      0.000
    FAMS3$4            3.066      0.134     22.925      0.000
    FAMS4$1            0.092      0.019      4.811      0.000
    FAMS4$2            0.958      0.022     43.056      0.000
    FAMS4$3            1.710      0.033     52.327      0.000
    FAMS4$4            3.066      0.134     22.925      0.000
    FRIS1$1            0.079      0.019      4.135      0.000
    FRIS1$2            1.261      0.025     49.569      0.000
    FRIS1$3            2.035      0.042     47.972      0.000
    FRIS1$4            2.546      0.070     36.498      0.000
    FRIS2$1           -0.360      0.019    -18.699      0.000
    FRIS2$2            0.917      0.022     41.417      0.000
    FRIS2$3            1.854      0.036     50.822      0.000
    FRIS2$4            2.560      0.071     36.114      0.000
    FRIS3$1            0.033      0.019      1.713      0.087
    FRIS3$2            0.965      0.022     43.182      0.000
    FRIS3$3            1.703      0.033     52.075      0.000
    FRIS3$4            2.698      0.083     32.431      0.000
    FRIS4$1           -0.206      0.019    -10.742      0.000
    FRIS4$2            0.755      0.021     35.553      0.000
    FRIS4$3            1.604      0.030     52.736      0.000
    FRIS4$4            2.741      0.088     31.239      0.000
    SPOS1$1            1.087      0.028     38.591      0.000
    SPOS1$2            1.843      0.043     43.121      0.000
    SPOS1$3            2.563      0.084     30.562      0.000
    SPOS1$4            3.427      0.272     12.618      0.000
    SPOS2$1            0.034      0.022      1.540      0.123
    SPOS2$2            1.139      0.029     39.803      0.000
    SPOS2$3            1.939      0.047     41.594      0.000
    SPOS2$4            3.427      0.272     12.619      0.000
    SPOS3$1            0.509      0.023     21.829      0.000
    SPOS3$2            1.403      0.032     43.610      0.000
    SPOS3$3            2.103      0.053     39.320      0.000
    SPOS3$4            3.030      0.151     20.070      0.000
    SPOS4$1            1.015      0.027     37.558      0.000
    SPOS4$2            1.606      0.037     43.867      0.000
    SPOS4$3            2.139      0.057     37.859      0.000
    SPOS4$4            3.427      0.272     12.617      0.000
    SPOS5$1            0.379      0.023     16.604      0.000
    SPOS5$2            1.220      0.029     42.350      0.000
    SPOS5$3            1.843      0.043     43.107      0.000
    SPOS5$4            3.234      0.202     16.013      0.000
    SPOS6$1            0.897      0.026     34.532      0.000
    SPOS6$2            1.577      0.036     44.278      0.000
    SPOS6$3            2.347      0.067     35.264      0.000
    SI1$1             -1.912      0.039    -48.613      0.000
    SI1$2             -1.334      0.027    -48.918      0.000
    SI1$3             -0.895      0.022    -39.905      0.000
    SI1$4             -0.419      0.020    -21.106      0.000
    SI1$5             -0.169      0.020     -8.655      0.000
    SI1$6              0.354      0.020     17.759      0.000
    SI2$1             -1.217      0.026    -47.092      0.000
    SI2$2             -0.333      0.020    -16.670      0.000
    SI2$3              0.252      0.020     12.835      0.000
    SI2$4              0.787      0.022     36.291      0.000
    SI2$5              1.122      0.024     46.062      0.000
    SI2$6              1.698      0.034     50.356      0.000
    SI3$1             -1.240      0.026    -47.658      0.000
    SI3$2             -0.371      0.020    -18.556      0.000
    SI3$3              0.135      0.020      6.899      0.000
    SI3$4              0.890      0.022     40.011      0.000
    SI3$5              1.221      0.026     47.618      0.000
    SI3$6              1.710      0.034     50.922      0.000

 Variances
    M                  1.000      0.000    999.000    999.000
    LC                 1.000      0.000    999.000    999.000
    SE                 1.000      0.000    999.000    999.000
    OPT                1.000      0.000    999.000    999.000
    PESS               1.000      0.000    999.000    999.000
    FAMS               1.000      0.000    999.000    999.000
    FRIS               1.000      0.000    999.000    999.000
    SPOS               1.000      0.000    999.000    999.000
    SI                 1.000      0.000    999.000    999.000


R-SQUARE

    Observed                                        Two-Tailed   Residual
    Variable        Estimate       S.E.  Est./S.E.    P-Value    Variance

    M1                 0.591      0.014     42.653      0.000      0.409
    M2                 0.662      0.014     45.930      0.000      0.338
    M3                 0.441      0.014     31.296      0.000      0.559
    M4                 0.456      0.015     30.471      0.000      0.544
    LC1                0.497      0.013     38.386      0.000      0.503
    LC2                0.693      0.012     60.050      0.000      0.307
    LC3                0.512      0.014     35.398      0.000      0.488
    LC4                0.465      0.012     38.744      0.000      0.535
    LC5                0.369      0.012     29.563      0.000      0.631
    LC6                0.550      0.012     45.042      0.000      0.450
    LC7                0.645      0.013     50.409      0.000      0.355
    LC8                0.575      0.013     43.514      0.000      0.425
    SE1                0.002      0.001      1.458      0.145      0.998
    SE2                0.694      0.011     63.556      0.000      0.306
    SE3                0.664      0.013     52.342      0.000      0.336
    SE4                0.375      0.013     28.546      0.000      0.625
    SE5                0.504      0.013     38.323      0.000      0.496
    SE6                0.658      0.012     55.973      0.000      0.342
    SE7                0.651      0.012     53.431      0.000      0.349
    OPT1               0.298      0.014     21.023      0.000      0.702
    OPT2               0.601      0.016     38.537      0.000      0.399
    OPT3               0.640      0.018     36.272      0.000      0.360
    PESS1              0.534      0.015     35.911      0.000      0.466
    PESS2              0.772      0.013     60.990      0.000      0.228
    PESS3              0.698      0.013     51.781      0.000      0.302
    FAMS1              0.798      0.018     44.540      0.000      0.202
    FAMS2              0.768      0.016     46.725      0.000      0.232
    FAMS3              0.666      0.018     36.124      0.000      0.334
    FAMS4              0.684      0.016     43.871      0.000      0.316
    FRIS1              0.818      0.011     74.175      0.000      0.182
    FRIS2              0.785      0.011     74.366      0.000      0.215
    FRIS3              0.749      0.011     65.858      0.000      0.251
    FRIS4              0.717      0.011     68.186      0.000      0.283
    SPOS1              0.833      0.016     53.323      0.000      0.167
    SPOS2              0.783      0.013     59.118      0.000      0.217
    SPOS3              0.823      0.014     58.080      0.000      0.177
    SPOS4              0.751      0.018     41.138      0.000      0.249
    SPOS5              0.758      0.014     54.823      0.000      0.242
    SPOS6              0.779      0.015     53.065      0.000      0.221
    SI1                0.703      0.021     33.601      0.000      0.297
    SI2                0.565      0.016     36.361      0.000      0.435
    SI3                0.435      0.015     28.894      0.000      0.565


QUALITY OF NUMERICAL RESULTS

     Condition Number for the Information Matrix              0.123E-03
       (ratio of smallest to largest eigenvalue)


     Beginning Time:  18:53:33
        Ending Time:  18:54:06
       Elapsed Time:  00:00:33



MUTHEN & MUTHEN
3463 Stoner Ave.
Los Angeles, CA  90066

Tel: (310) 391-9971
Fax: (310) 391-8971
Web: www.StatModel.com
Support: Support@StatModel.com

Copyright (c) 1998-2014 Muthen & Muthen
