Mplus VERSION 7.3
MUTHEN & MUTHEN
01/21/2016   6:56 PM

INPUT INSTRUCTIONS

  DATA:
  FILE = "MIDUS_PSR_cfa2c.dat";

  VARIABLE:
  NAMES = M2ID M2FAMNUM M1 M2 M3 M4 LC1 LC2 LC3 LC4 LC5 LC6 LC7 LC8 SE1 SE2 SE3 SE4
       SE5 SE6 SE7 Opt1 Opt2 Opt3 Pess1 Pess2 Pess3 FamS1 FamS2 FamS3 FamS4 FriS1
       FriS2 FriS3 FriS4 SpoS1 SpoS2 SpoS3 SpoS4 SpoS5 SpoS6 SI1 SI2 SI3;
   MISSING=.;

  USEVARIABLES ARE
   M1 M2 M3 M4
   LC1 LC2 LC3 LC4 LC5 LC6 LC7 LC8
   SE1 SE2 SE3 SE4 SE5 SE6 SE7
   Opt1 Opt2 Opt3 Pess1 Pess2 Pess3
   FamS1 FamS2 FamS3 FamS4
   FriS1 FriS2 FriS3 FriS4
   SpoS1 SpoS2 SpoS3 SpoS4 SpoS5 SpoS6
   SI1 SI2 SI3;

  CATEGORICAL ARE
   M1 M2 M3 M4
   LC1 LC2 LC3 LC4 LC5 LC6 LC7 LC8
   SE1 SE2 SE3 SE4 SE5 SE6 SE7
   Opt1 Opt2 Opt3 Pess1 Pess2 Pess3
   FamS1 FamS2 FamS3 FamS4
   FriS1 FriS2 FriS3 FriS4
   SpoS1 SpoS2 SpoS3 SpoS4 SpoS5 SpoS6
   SI1 SI2 SI3;

  IDVARIABLE = M2ID;
  CLUSTER = M2FAMNUM;

  ANALYSIS:

    TYPE = COMPLEX;
    ESTIMATOR = WLSMV;
    PROCESSORS = 2;
  MODEL:

   !M@1;
   M BY M1@1 M2 M3 M4;
   !LC@1;
   LC BY LC1@-1 LC2*-1 LC3*-1 LC4*-1 LC5*-1 LC6*-1 LC7*-1 LC8*-1;

   !SE@1;
   SE BY SE2@1 SE3*-1 SE4*1 SE5*-1 SE6*1 SE7*-1 SE1*0;

   !Opt@1;
   Opt BY Opt1@1 Opt2*1 Opt3*1;

   !Pess@1;
   Pess BY Pess1@-1 Pess2*-1 Pess3*-1;

   !FamS@1;
   FamS BY FamS1@1 FamS2*1 FamS3*1 FamS4*1;

   !FriS@1;
   FriS BY FriS1@1 FriS2*1 FriS3*1 FriS4*1;

   !SpoS@1;
   SpoS BY SpoS1@1 SpoS2*1 SpoS3*1 SpoS4*1 SpoS5*1 SpoS6*1;

   !SI@1;
   SI BY SI1@-1 SI2*1 SI3*1;

   G@1;
   G BY M1* M2 M3 M4
   LC1*-1 LC2*-1 LC3*-1 LC4*-1 LC5*-1 LC6*-1 LC7*-1 LC8*-1
   SE1 SE2 SE3 SE4 SE5 SE6 SE7
   Opt1 Opt2 Opt3 Pess1*-1 Pess2*-1 Pess3*-1
   FamS1 FamS2 FamS3 FamS4
   FriS1 FriS2 FriS3 FriS4
   SpoS1 SpoS2 SpoS3 SpoS4 SpoS5 SpoS6
   SI1*-1 SI2*1 SI3*1;

   G WITH M@0 LC@0 SE@0 Opt@0
    Pess@0 FamS@0 FriS@0 SpoS@0
    SI@0;

    !PR@1;
    PR BY M@1 LC*1 SE*1 Opt*1 Pess*1;

    !SR@1;
    SR BY FamS@1 FriS*1 SpoS*1 SI*1;

    PR WITH SR@0;

    G WITH PR@0 SR@0;
  !M WITH LC@0 SE@0 Opt@0
  !  Pess@0 FamS@0 FriS@0 SpoS@0
  !  SI@0;
  !LC WITH SE@0 Opt@0
  !  Pess@0 FamS@0 FriS@0 SpoS@0
  !  SI@0;
  !SE WITH Opt@0
  !  Pess@0 FamS@0 FriS@0 SpoS@0
  !  SI@0;
  !Opt WITH Pess@0 FamS@0 FriS@0 SpoS@0
  !  SI@0;
  !Pess WITH FamS@0 FriS@0 SpoS@0 SI@0;
  !FamS WITH FriS@0 SpoS@0 SI@0;
  !FriS WITH SpoS@0 SI@0;
  !SpoS WITH SI@0;

  OUTPUT:
  STDYX;



*** WARNING
  Data set contains cases with missing on all variables.
  These cases were not included in the analysis.
  Number of cases with missing on all variables:  922
   1 WARNING(S) FOUND IN THE INPUT INSTRUCTIONS




SUMMARY OF ANALYSIS

Number of groups                                                 1
Number of observations                                        4633

Number of dependent variables                                   42
Number of independent variables                                  0
Number of continuous latent variables                           12

Observed dependent variables

  Binary and ordered categorical (ordinal)
   M1          M2          M3          M4          LC1         LC2
   LC3         LC4         LC5         LC6         LC7         LC8
   SE1         SE2         SE3         SE4         SE5         SE6
   SE7         OPT1        OPT2        OPT3        PESS1       PESS2
   PESS3       FAMS1       FAMS2       FAMS3       FAMS4       FRIS1
   FRIS2       FRIS3       FRIS4       SPOS1       SPOS2       SPOS3
   SPOS4       SPOS5       SPOS6       SI1         SI2         SI3

Continuous latent variables
   M           LC          SE          OPT         PESS        FAMS
   FRIS        SPOS        SI          G           PR          SR

Variables with special functions

  Cluster variable      M2FAMNUM
  ID variable           M2ID

Estimator                                                    WLSMV
Maximum number of iterations                                  1000
Convergence criterion                                    0.500D-04
Maximum number of steepest descent iterations                   20
Maximum number of iterations for H1                           2000
Convergence criterion for H1                             0.100D-03
Parameterization                                             DELTA

Input data file(s)
  MIDUS_PSR_cfa2c.dat

Input data format  FREE


SUMMARY OF DATA

     Number of missing data patterns           162
     Number of clusters        3622



COVARIANCE COVERAGE OF DATA

Minimum covariance coverage value   0.100


     PROPORTION OF DATA PRESENT


           Covariance Coverage
              M1            M2            M3            M4            LC1
              ________      ________      ________      ________      ________
 M1             0.951
 M2             0.948         0.949
 M3             0.948         0.948         0.949
 M4             0.949         0.948         0.948         0.950
 LC1            0.948         0.947         0.947         0.947         0.949
 LC2            0.949         0.947         0.947         0.948         0.947
 LC3            0.949         0.948         0.948         0.949         0.948
 LC4            0.949         0.948         0.948         0.948         0.947
 LC5            0.949         0.948         0.948         0.948         0.947
 LC6            0.948         0.947         0.947         0.948         0.946
 LC7            0.948         0.947         0.947         0.948         0.946
 LC8            0.949         0.948         0.948         0.949         0.948
 SE1            0.944         0.943         0.943         0.944         0.943
 SE2            0.946         0.945         0.945         0.946         0.945
 SE3            0.945         0.943         0.943         0.944         0.943
 SE4            0.946         0.945         0.945         0.945         0.944
 SE5            0.943         0.942         0.942         0.943         0.942
 SE6            0.947         0.945         0.945         0.946         0.945
 SE7            0.945         0.943         0.944         0.944         0.943
 OPT1           0.946         0.945         0.945         0.946         0.944
 OPT2           0.943         0.942         0.942         0.943         0.942
 OPT3           0.947         0.946         0.946         0.947         0.945
 PESS1          0.947         0.946         0.946         0.946         0.945
 PESS2          0.943         0.942         0.942         0.943         0.942
 PESS3          0.946         0.945         0.945         0.946         0.945
 FAMS1          0.945         0.943         0.943         0.944         0.943
 FAMS2          0.945         0.943         0.943         0.944         0.943
 FAMS3          0.945         0.944         0.944         0.944         0.943
 FAMS4          0.945         0.943         0.943         0.944         0.943
 FRIS1          0.942         0.940         0.940         0.940         0.940
 FRIS2          0.941         0.939         0.939         0.940         0.939
 FRIS3          0.941         0.940         0.939         0.940         0.939
 FRIS4          0.940         0.938         0.938         0.939         0.938
 SPOS1          0.687         0.687         0.686         0.687         0.686
 SPOS2          0.687         0.687         0.687         0.687         0.686
 SPOS3          0.686         0.686         0.686         0.686         0.685
 SPOS4          0.686         0.686         0.686         0.686         0.685
 SPOS5          0.687         0.687         0.686         0.687         0.686
 SPOS6          0.687         0.687         0.686         0.687         0.686
 SI1            0.937         0.936         0.936         0.937         0.935
 SI2            0.938         0.937         0.937         0.938         0.936
 SI3            0.940         0.938         0.938         0.939         0.938


           Covariance Coverage
              LC2           LC3           LC4           LC5           LC6
              ________      ________      ________      ________      ________
 LC2            0.949
 LC3            0.948         0.951
 LC4            0.947         0.949         0.950
 LC5            0.947         0.949         0.948         0.950
 LC6            0.946         0.948         0.948         0.948         0.949
 LC7            0.946         0.947         0.947         0.947         0.947
 LC8            0.948         0.949         0.948         0.949         0.948
 SE1            0.943         0.944         0.943         0.943         0.942
 SE2            0.945         0.946         0.945         0.945         0.945
 SE3            0.944         0.945         0.944         0.944         0.943
 SE4            0.944         0.946         0.945         0.945         0.944
 SE5            0.942         0.943         0.942         0.942         0.942
 SE6            0.945         0.946         0.946         0.946         0.945
 SE7            0.943         0.945         0.944         0.944         0.943
 OPT1           0.944         0.946         0.945         0.945         0.944
 OPT2           0.942         0.943         0.943         0.943         0.942
 OPT3           0.946         0.947         0.946         0.946         0.946
 PESS1          0.945         0.947         0.946         0.946         0.945
 PESS2          0.942         0.943         0.942         0.942         0.942
 PESS3          0.945         0.946         0.945         0.945         0.945
 FAMS1          0.943         0.944         0.944         0.943         0.943
 FAMS2          0.943         0.944         0.943         0.943         0.943
 FAMS3          0.944         0.945         0.944         0.944         0.943
 FAMS4          0.943         0.944         0.944         0.943         0.943
 FRIS1          0.940         0.941         0.940         0.940         0.940
 FRIS2          0.939         0.940         0.939         0.939         0.939
 FRIS3          0.939         0.940         0.940         0.940         0.939
 FRIS4          0.938         0.939         0.938         0.938         0.938
 SPOS1          0.686         0.687         0.687         0.686         0.687
 SPOS2          0.686         0.687         0.687         0.687         0.687
 SPOS3          0.686         0.687         0.686         0.686         0.686
 SPOS4          0.686         0.687         0.686         0.686         0.686
 SPOS5          0.686         0.687         0.687         0.686         0.687
 SPOS6          0.686         0.687         0.687         0.686         0.687
 SI1            0.936         0.937         0.936         0.936         0.935
 SI2            0.937         0.938         0.937         0.937         0.937
 SI3            0.938         0.939         0.939         0.939         0.938


           Covariance Coverage
              LC7           LC8           SE1           SE2           SE3
              ________      ________      ________      ________      ________
 LC7            0.949
 LC8            0.948         0.950
 SE1            0.942         0.944         0.947
 SE2            0.944         0.946         0.945         0.949
 SE3            0.943         0.944         0.943         0.946         0.948
 SE4            0.944         0.945         0.944         0.946         0.945
 SE5            0.941         0.943         0.941         0.944         0.942
 SE6            0.944         0.946         0.945         0.947         0.946
 SE7            0.943         0.944         0.943         0.945         0.944
 OPT1           0.944         0.945         0.942         0.945         0.943
 OPT2           0.941         0.943         0.940         0.942         0.941
 OPT3           0.945         0.946         0.943         0.946         0.944
 PESS1          0.945         0.946         0.943         0.946         0.944
 PESS2          0.941         0.943         0.940         0.942         0.941
 PESS3          0.944         0.946         0.943         0.945         0.943
 FAMS1          0.942         0.944         0.941         0.943         0.942
 FAMS2          0.942         0.944         0.941         0.943         0.941
 FAMS3          0.943         0.945         0.942         0.943         0.942
 FAMS4          0.942         0.944         0.941         0.943         0.942
 FRIS1          0.939         0.940         0.937         0.940         0.938
 FRIS2          0.938         0.940         0.937         0.939         0.937
 FRIS3          0.938         0.940         0.937         0.939         0.938
 FRIS4          0.937         0.939         0.936         0.938         0.936
 SPOS1          0.686         0.687         0.684         0.686         0.685
 SPOS2          0.686         0.687         0.685         0.686         0.685
 SPOS3          0.686         0.687         0.684         0.685         0.685
 SPOS4          0.686         0.687         0.684         0.685         0.685
 SPOS5          0.686         0.687         0.684         0.686         0.685
 SPOS6          0.686         0.687         0.684         0.686         0.685
 SI1            0.935         0.937         0.934         0.936         0.934
 SI2            0.936         0.938         0.935         0.937         0.935
 SI3            0.937         0.939         0.936         0.939         0.937


           Covariance Coverage
              SE4           SE5           SE6           SE7           OPT1
              ________      ________      ________      ________      ________
 SE4            0.949
 SE5            0.943         0.946
 SE6            0.947         0.944         0.950
 SE7            0.945         0.943         0.946         0.948
 OPT1           0.944         0.942         0.945         0.943         0.951
 OPT2           0.942         0.939         0.942         0.941         0.946
 OPT3           0.945         0.943         0.946         0.944         0.950
 PESS1          0.945         0.943         0.946         0.944         0.950
 PESS2          0.941         0.939         0.943         0.940         0.946
 PESS3          0.944         0.942         0.945         0.943         0.949
 FAMS1          0.942         0.940         0.943         0.941         0.945
 FAMS2          0.942         0.940         0.943         0.941         0.945
 FAMS3          0.943         0.940         0.944         0.942         0.945
 FAMS4          0.942         0.940         0.943         0.942         0.945
 FRIS1          0.939         0.936         0.940         0.938         0.941
 FRIS2          0.938         0.935         0.939         0.937         0.940
 FRIS3          0.938         0.936         0.939         0.938         0.941
 FRIS4          0.937         0.935         0.938         0.937         0.940
 SPOS1          0.686         0.684         0.686         0.684         0.687
 SPOS2          0.686         0.684         0.686         0.685         0.687
 SPOS3          0.685         0.683         0.685         0.684         0.686
 SPOS4          0.685         0.683         0.685         0.684         0.686
 SPOS5          0.686         0.684         0.686         0.685         0.687
 SPOS6          0.686         0.684         0.686         0.685         0.687
 SI1            0.935         0.933         0.936         0.935         0.938
 SI2            0.936         0.934         0.937         0.935         0.938
 SI3            0.937         0.935         0.938         0.937         0.940


           Covariance Coverage
              OPT2          OPT3          PESS1         PESS2         PESS3
              ________      ________      ________      ________      ________
 OPT2           0.949
 OPT3           0.948         0.952
 PESS1          0.948         0.951         0.952
 PESS2          0.944         0.948         0.947         0.948
 PESS3          0.947         0.951         0.950         0.947         0.951
 FAMS1          0.942         0.946         0.946         0.942         0.945
 FAMS2          0.942         0.946         0.945         0.942         0.945
 FAMS3          0.943         0.946         0.946         0.943         0.945
 FAMS4          0.942         0.946         0.946         0.942         0.945
 FRIS1          0.939         0.942         0.942         0.938         0.942
 FRIS2          0.938         0.942         0.941         0.938         0.941
 FRIS3          0.938         0.942         0.942         0.938         0.941
 FRIS4          0.937         0.941         0.940         0.937         0.940
 SPOS1          0.686         0.688         0.687         0.687         0.687
 SPOS2          0.686         0.688         0.688         0.687         0.687
 SPOS3          0.685         0.687         0.687         0.686         0.686
 SPOS4          0.685         0.687         0.687         0.686         0.686
 SPOS5          0.686         0.688         0.688         0.687         0.687
 SPOS6          0.686         0.688         0.687         0.687         0.687
 SI1            0.935         0.938         0.939         0.935         0.938
 SI2            0.936         0.940         0.940         0.936         0.939
 SI3            0.938         0.941         0.941         0.938         0.940


           Covariance Coverage
              FAMS1         FAMS2         FAMS3         FAMS4         FRIS1
              ________      ________      ________      ________      ________
 FAMS1          0.993
 FAMS2          0.992         0.993
 FAMS3          0.993         0.992         0.994
 FAMS4          0.992         0.992         0.993         0.993
 FRIS1          0.987         0.987         0.988         0.987         0.990
 FRIS2          0.987         0.987         0.987         0.987         0.989
 FRIS3          0.987         0.987         0.987         0.987         0.989
 FRIS4          0.986         0.985         0.986         0.986         0.987
 SPOS1          0.705         0.705         0.706         0.705         0.702
 SPOS2          0.706         0.705         0.706         0.706         0.702
 SPOS3          0.705         0.705         0.705         0.705         0.702
 SPOS4          0.705         0.705         0.705         0.705         0.701
 SPOS5          0.705         0.705         0.706         0.706         0.702
 SPOS6          0.705         0.705         0.705         0.705         0.702
 SI1            0.940         0.940         0.941         0.941         0.937
 SI2            0.942         0.941         0.942         0.942         0.938
 SI3            0.943         0.943         0.944         0.943         0.940


           Covariance Coverage
              FRIS2         FRIS3         FRIS4         SPOS1         SPOS2
              ________      ________      ________      ________      ________
 FRIS2          0.989
 FRIS3          0.988         0.989
 FRIS4          0.987         0.987         0.988
 SPOS1          0.701         0.702         0.701         0.707
 SPOS2          0.702         0.703         0.701         0.706         0.707
 SPOS3          0.701         0.702         0.701         0.706         0.706
 SPOS4          0.701         0.702         0.700         0.706         0.706
 SPOS5          0.701         0.702         0.701         0.706         0.707
 SPOS6          0.701         0.702         0.701         0.706         0.707
 SI1            0.936         0.937         0.936         0.684         0.684
 SI2            0.937         0.938         0.937         0.684         0.684
 SI3            0.939         0.939         0.938         0.686         0.686


           Covariance Coverage
              SPOS3         SPOS4         SPOS5         SPOS6         SI1
              ________      ________      ________      ________      ________
 SPOS3          0.706
 SPOS4          0.705         0.706
 SPOS5          0.706         0.706         0.707
 SPOS6          0.706         0.706         0.707         0.707
 SI1            0.684         0.683         0.684         0.684         0.943
 SI2            0.684         0.683         0.684         0.684         0.940
 SI3            0.685         0.685         0.686         0.686         0.941


           Covariance Coverage
              SI2           SI3
              ________      ________
 SI2            0.944
 SI3            0.942         0.946


UNIVARIATE PROPORTIONS AND COUNTS FOR CATEGORICAL VARIABLES

    M1
      Category 1    0.374     1648.000
      Category 2    0.360     1585.000
      Category 3    0.125      552.000
      Category 4    0.048      212.000
      Category 5    0.038      168.000
      Category 6    0.038      167.000
      Category 7    0.017       74.000
    M2
      Category 1    0.402     1769.000
      Category 2    0.378     1664.000
      Category 3    0.127      558.000
      Category 4    0.046      202.000
      Category 5    0.019       85.000
      Category 6    0.018       77.000
      Category 7    0.010       44.000
    M3
      Category 1    0.207      909.000
      Category 2    0.359     1579.000
      Category 3    0.173      760.000
      Category 4    0.100      439.000
      Category 5    0.075      332.000
      Category 6    0.064      280.000
      Category 7    0.023      100.000
    M4
      Category 1    0.415     1829.000
      Category 2    0.341     1500.000
      Category 3    0.105      461.000
      Category 4    0.058      254.000
      Category 5    0.029      126.000
      Category 6    0.033      146.000
      Category 7    0.020       86.000
    LC1
      Category 1    0.027      120.000
      Category 2    0.073      321.000
      Category 3    0.065      287.000
      Category 4    0.057      249.000
      Category 5    0.086      379.000
      Category 6    0.296     1303.000
      Category 7    0.396     1740.000
    LC2
      Category 1    0.025      108.000
      Category 2    0.071      314.000
      Category 3    0.124      547.000
      Category 4    0.068      297.000
      Category 5    0.092      403.000
      Category 6    0.242     1064.000
      Category 7    0.379     1666.000
    LC3
      Category 1    0.013       58.000
      Category 2    0.036      159.000
      Category 3    0.063      278.000
      Category 4    0.083      365.000
      Category 5    0.071      314.000
      Category 6    0.245     1081.000
      Category 7    0.488     2149.000
    LC4
      Category 1    0.035      154.000
      Category 2    0.089      390.000
      Category 3    0.125      552.000
      Category 4    0.091      399.000
      Category 5    0.082      360.000
      Category 6    0.266     1172.000
      Category 7    0.312     1374.000
    LC5
      Category 1    0.055      241.000
      Category 2    0.150      658.000
      Category 3    0.217      954.000
      Category 4    0.125      551.000
      Category 5    0.098      431.000
      Category 6    0.217      955.000
      Category 7    0.139      610.000
    LC6
      Category 1    0.024      104.000
      Category 2    0.065      288.000
      Category 3    0.089      390.000
      Category 4    0.082      359.000
      Category 5    0.120      526.000
      Category 6    0.328     1444.000
      Category 7    0.292     1286.000
    LC7
      Category 1    0.016       70.000
      Category 2    0.030      133.000
      Category 3    0.041      180.000
      Category 4    0.068      297.000
      Category 5    0.081      357.000
      Category 6    0.291     1280.000
      Category 7    0.473     2078.000
    LC8
      Category 1    0.019       85.000
      Category 2    0.050      222.000
      Category 3    0.125      549.000
      Category 4    0.095      418.000
      Category 5    0.074      327.000
      Category 6    0.200      879.000
      Category 7    0.437     1922.000
    SE1
      Category 1    0.218      956.000
      Category 2    0.203      889.000
      Category 3    0.087      380.000
      Category 4    0.213      934.000
      Category 5    0.067      292.000
      Category 6    0.130      571.000
      Category 7    0.083      366.000
    SE2
      Category 1    0.423     1860.000
      Category 2    0.355     1561.000
      Category 3    0.123      540.000
      Category 4    0.033      146.000
      Category 5    0.034      150.000
      Category 6    0.022       97.000
      Category 7    0.010       44.000
    SE3
      Category 1    0.020       88.000
      Category 2    0.037      164.000
      Category 3    0.091      401.000
      Category 4    0.070      306.000
      Category 5    0.063      275.000
      Category 6    0.164      720.000
      Category 7    0.555     2437.000
    SE4
      Category 1    0.344     1513.000
      Category 2    0.411     1805.000
      Category 3    0.112      492.000
      Category 4    0.056      248.000
      Category 5    0.033      146.000
      Category 6    0.026      115.000
      Category 7    0.017       76.000
    SE5
      Category 1    0.054      238.000
      Category 2    0.091      401.000
      Category 3    0.106      466.000
      Category 4    0.136      597.000
      Category 5    0.044      195.000
      Category 6    0.161      704.000
      Category 7    0.407     1782.000
    SE6
      Category 1    0.412     1814.000
      Category 2    0.352     1548.000
      Category 3    0.100      439.000
      Category 4    0.042      184.000
      Category 5    0.043      190.000
      Category 6    0.035      154.000
      Category 7    0.016       71.000
    SE7
      Category 1    0.028      121.000
      Category 2    0.055      240.000
      Category 3    0.124      546.000
      Category 4    0.085      373.000
      Category 5    0.072      316.000
      Category 6    0.183      805.000
      Category 7    0.453     1990.000
    OPT1
      Category 1    0.268     1179.000
      Category 2    0.414     1825.000
      Category 3    0.164      722.000
      Category 4    0.117      517.000
      Category 5    0.037      163.000
    OPT2
      Category 1    0.324     1425.000
      Category 2    0.430     1888.000
      Category 3    0.119      524.000
      Category 4    0.104      459.000
      Category 5    0.023       99.000
    OPT3
      Category 1    0.472     2081.000
      Category 2    0.337     1488.000
      Category 3    0.114      505.000
      Category 4    0.049      214.000
      Category 5    0.028      124.000
    PESS1
      Category 1    0.064      283.000
      Category 2    0.198      872.000
      Category 3    0.194      855.000
      Category 4    0.249     1099.000
      Category 5    0.295     1302.000
    PESS2
      Category 1    0.035      155.000
      Category 2    0.138      605.000
      Category 3    0.152      670.000
      Category 4    0.287     1262.000
      Category 5    0.387     1702.000
    PESS3
      Category 1    0.053      233.000
      Category 2    0.150      661.000
      Category 3    0.136      600.000
      Category 4    0.260     1147.000
      Category 5    0.401     1767.000
    FAMS1
      Category 1    0.822     3783.000
      Category 2    0.131      605.000
      Category 3    0.039      179.000
      Category 4    0.007       32.000
      Category 5    0.001        3.000
    FAMS2
      Category 1    0.474     2179.000
      Category 2    0.387     1782.000
      Category 3    0.108      499.000
      Category 4    0.029      134.000
      Category 5    0.002        7.000
    FAMS3
      Category 1    0.750     3450.000
      Category 2    0.154      709.000
      Category 3    0.068      312.000
      Category 4    0.028      127.000
      Category 5    0.001        5.000
    FAMS4
      Category 1    0.537     2470.000
      Category 2    0.294     1354.000
      Category 3    0.125      577.000
      Category 4    0.043      196.000
      Category 5    0.001        5.000
    FRIS1
      Category 1    0.531     2436.000
      Category 2    0.365     1674.000
      Category 3    0.083      379.000
      Category 4    0.015       71.000
      Category 5    0.005       25.000
    FRIS2
      Category 1    0.360     1647.000
      Category 2    0.461     2111.000
      Category 3    0.148      677.000
      Category 4    0.027      122.000
      Category 5    0.005       24.000
    FRIS3
      Category 1    0.513     2351.000
      Category 2    0.320     1465.000
      Category 3    0.123      564.000
      Category 4    0.041      187.000
      Category 5    0.003       16.000
    FRIS4
      Category 1    0.418     1915.000
      Category 2    0.356     1631.000
      Category 3    0.171      782.000
      Category 4    0.051      235.000
      Category 5    0.003       14.000
    SPOS1
      Category 1    0.861     2821.000
      Category 2    0.106      347.000
      Category 3    0.027       90.000
      Category 4    0.005       16.000
      Category 5    0.000        1.000
    SPOS2
      Category 1    0.514     1683.000
      Category 2    0.359     1176.000
      Category 3    0.101      331.000
      Category 4    0.026       85.000
      Category 5    0.000        1.000
    SPOS3
      Category 1    0.695     2274.000
      Category 2    0.225      736.000
      Category 3    0.063      205.000
      Category 4    0.016       54.000
      Category 5    0.001        4.000
    SPOS4
      Category 1    0.845     2765.000
      Category 2    0.101      330.000
      Category 3    0.038      124.000
      Category 4    0.016       52.000
      Category 5    0.000        1.000
    SPOS5
      Category 1    0.648     2121.000
      Category 2    0.241      790.000
      Category 3    0.078      257.000
      Category 4    0.032      105.000
      Category 5    0.001        2.000
    SPOS6
      Category 1    0.815     2670.000
      Category 2    0.127      417.000
      Category 3    0.048      157.000
      Category 4    0.009       31.000
    SI1
      Category 1    0.028      122.000
      Category 2    0.063      276.000
      Category 3    0.094      412.000
      Category 4    0.152      665.000
      Category 5    0.095      417.000
      Category 6    0.205      898.000
      Category 7    0.362     1581.000
    SI2
      Category 1    0.112      489.000
      Category 2    0.258     1128.000
      Category 3    0.230     1005.000
      Category 4    0.185      810.000
      Category 5    0.085      370.000
      Category 6    0.086      377.000
      Category 7    0.045      196.000
    SI3
      Category 1    0.107      471.000
      Category 2    0.248     1086.000
      Category 3    0.198      869.000
      Category 4    0.260     1138.000
      Category 5    0.076      331.000
      Category 6    0.068      296.000
      Category 7    0.044      191.000



THE MODEL ESTIMATION TERMINATED NORMALLY

     WARNING:  THE LATENT VARIABLE COVARIANCE MATRIX (PSI) IS NOT POSITIVE
     DEFINITE.  THIS COULD INDICATE A NEGATIVE VARIANCE/RESIDUAL VARIANCE FOR A
     LATENT VARIABLE, A CORRELATION GREATER OR EQUAL TO ONE BETWEEN TWO LATENT
     VARIABLES, OR A LINEAR DEPENDENCY AMONG MORE THAN TWO LATENT VARIABLES.
     CHECK THE TECH4 OUTPUT FOR MORE INFORMATION.
     PROBLEM INVOLVING VARIABLE M.




MODEL FIT INFORMATION

Number of Free Parameters                      304

Chi-Square Test of Model Fit

          Value                           5839.063*
          Degrees of Freedom                   768
          P-Value                           0.0000

*   The chi-square value for MLM, MLMV, MLR, ULSMV, WLSM and WLSMV cannot be used
    for chi-square difference testing in the regular way.  MLM, MLR and WLSM
    chi-square difference testing is described on the Mplus website.  MLMV, WLSMV,
    and ULSMV difference testing is done using the DIFFTEST option.

RMSEA (Root Mean Square Error Of Approximation)

          Estimate                           0.038
          90 Percent C.I.                    0.037  0.039
          Probability RMSEA <= .05           1.000

CFI/TLI

          CFI                                0.969
          TLI                                0.965

Chi-Square Test of Model Fit for the Baseline Model

          Value                         164766.991
          Degrees of Freedom                   861
          P-Value                           0.0000

WRMR (Weighted Root Mean Square Residual)

          Value                              2.235



MODEL RESULTS

                                                    Two-Tailed
                    Estimate       S.E.  Est./S.E.    P-Value

 M        BY
    M1                 1.000      0.000    999.000    999.000
    M2                 1.020      0.026     39.719      0.000
    M3                 0.960      0.025     37.857      0.000
    M4                 0.999      0.027     36.627      0.000

 LC       BY
    LC1               -1.000      0.000    999.000    999.000
    LC2               -0.717      0.028    -25.754      0.000
    LC3               -0.857      0.036    -23.912      0.000
    LC4               -1.306      0.043    -30.441      0.000
    LC5               -0.593      0.036    -16.401      0.000
    LC6               -1.290      0.042    -30.426      0.000
    LC7               -1.137      0.036    -31.312      0.000
    LC8               -0.464      0.031    -14.948      0.000

 SE       BY
    SE2                1.000      0.000    999.000    999.000
    SE3                0.190      0.048      3.946      0.000
    SE4                1.102      0.041     26.776      0.000
    SE5                0.035      0.041      0.853      0.394
    SE6                0.881      0.032     27.596      0.000
    SE7                0.152      0.048      3.187      0.001
    SE1                0.503      0.049     10.348      0.000

 OPT      BY
    OPT1               1.000      0.000    999.000    999.000
    OPT2               0.964      0.055     17.406      0.000
    OPT3               0.588      0.033     17.757      0.000

 PESS     BY
    PESS1             -1.000      0.000    999.000    999.000
    PESS2             -1.423      0.061    -23.284      0.000
    PESS3             -1.158      0.043    -27.165      0.000

 FAMS     BY
    FAMS1              1.000      0.000    999.000    999.000
    FAMS2              0.904      0.016     55.649      0.000
    FAMS3              0.936      0.017     55.836      0.000
    FAMS4              0.928      0.015     60.336      0.000

 FRIS     BY
    FRIS1              1.000      0.000    999.000    999.000
    FRIS2              0.985      0.011     88.983      0.000
    FRIS3              0.984      0.012     85.073      0.000
    FRIS4              1.015      0.012     87.674      0.000

 SPOS     BY
    SPOS1              1.000      0.000    999.000    999.000
    SPOS2              0.946      0.017     55.795      0.000
    SPOS3              0.968      0.017     58.435      0.000
    SPOS4              0.972      0.019     51.499      0.000
    SPOS5              0.985      0.018     55.041      0.000
    SPOS6              0.951      0.017     55.528      0.000

 SI       BY
    SI1               -1.000      0.000    999.000    999.000
    SI2                1.728      0.062     27.974      0.000
    SI3                1.509      0.048     31.701      0.000

 G        BY
    M1                 0.456      0.015     29.667      0.000
    M2                 0.489      0.015     31.640      0.000
    M3                 0.372      0.016     23.957      0.000
    M4                 0.372      0.016     23.239      0.000
    LC1               -0.564      0.012    -47.277      0.000
    LC2               -0.732      0.009    -83.416      0.000
    LC3               -0.596      0.012    -49.173      0.000
    LC4               -0.492      0.013    -39.006      0.000
    LC5               -0.526      0.012    -43.909      0.000
    LC6               -0.555      0.012    -47.186      0.000
    LC7               -0.643      0.011    -59.198      0.000
    LC8               -0.693      0.010    -70.753      0.000
    SE1               -0.088      0.016     -5.446      0.000
    SE2                0.745      0.010     75.649      0.000
    SE3               -0.822      0.008   -105.246      0.000
    SE4                0.514      0.014     37.965      0.000
    SE5               -0.709      0.009    -75.538      0.000
    SE6                0.735      0.010     72.456      0.000
    SE7               -0.808      0.008   -105.562      0.000
    OPT1               0.385      0.015     26.382      0.000
    OPT2               0.594      0.012     50.733      0.000
    OPT3               0.637      0.012     55.298      0.000
    PESS1             -0.566      0.013    -44.952      0.000
    PESS2             -0.671      0.011    -62.867      0.000
    PESS3             -0.643      0.011    -57.745      0.000
    FAMS1              0.363      0.022     16.408      0.000
    FAMS2              0.396      0.016     25.401      0.000
    FAMS3              0.313      0.020     15.680      0.000
    FAMS4              0.335      0.017     20.025      0.000
    FRIS1              0.416      0.016     26.661      0.000
    FRIS2              0.402      0.015     27.476      0.000
    FRIS3              0.374      0.016     23.667      0.000
    FRIS4              0.330      0.016     20.797      0.000
    SPOS1              0.388      0.028     13.834      0.000
    SPOS2              0.396      0.019     20.500      0.000
    SPOS3              0.411      0.022     18.673      0.000
    SPOS4              0.343      0.027     12.873      0.000
    SPOS5              0.339      0.021     16.016      0.000
    SPOS6              0.388      0.025     15.442      0.000
    SI1               -0.522      0.012    -42.072      0.000
    SI2                0.369      0.014     26.843      0.000
    SI3                0.309      0.014     21.649      0.000

 PR       BY
    M                  1.000      0.000    999.000    999.000
    LC                 0.074      0.025      2.970      0.003
    SE                 0.112      0.037      3.027      0.002
    OPT                0.071      0.024      2.959      0.003
    PESS              -0.027      0.009     -3.119      0.002

 SR       BY
    FAMS               1.000      0.000    999.000    999.000
    FRIS               0.773      0.060     12.786      0.000
    SPOS               0.421      0.051      8.267      0.000
    SI                 0.376      0.030     12.582      0.000

 G        WITH
    M                  0.000      0.000    999.000    999.000
    LC                 0.000      0.000    999.000    999.000
    SE                 0.000      0.000    999.000    999.000
    OPT                0.000      0.000    999.000    999.000
    PESS               0.000      0.000    999.000    999.000
    FAMS               0.000      0.000    999.000    999.000
    FRIS               0.000      0.000    999.000    999.000
    SPOS               0.000      0.000    999.000    999.000
    SI                 0.000      0.000    999.000    999.000
    PR                 0.000      0.000    999.000    999.000
    SR                 0.000      0.000    999.000    999.000

 PR       WITH
    SR                 0.000      0.000    999.000    999.000

 Thresholds
    M1$1              -0.321      0.020    -16.221      0.000
    M1$2               0.624      0.021     29.777      0.000
    M1$3               1.076      0.024     45.101      0.000
    M1$4               1.324      0.026     50.097      0.000
    M1$5               1.601      0.031     51.130      0.000
    M1$6               2.125      0.046     46.046      0.000
    M2$1              -0.248      0.020    -12.684      0.000
    M2$2               0.774      0.022     35.692      0.000
    M2$3               1.324      0.027     49.529      0.000
    M2$4               1.676      0.033     51.470      0.000
    M2$5               1.919      0.039     48.914      0.000
    M2$6               2.326      0.056     41.363      0.000
    M3$1              -0.818      0.022    -37.334      0.000
    M3$2               0.165      0.020      8.450      0.000
    M3$3               0.638      0.021     30.906      0.000
    M3$4               0.987      0.023     42.903      0.000
    M3$5               1.363      0.027     50.724      0.000
    M3$6               2.000      0.042     48.155      0.000
    M4$1              -0.213      0.019    -11.108      0.000
    M4$2               0.694      0.021     33.036      0.000
    M4$3               1.085      0.024     45.553      0.000
    M4$4               1.396      0.028     50.302      0.000
    M4$5               1.619      0.032     51.277      0.000
    M4$6               2.063      0.044     47.164      0.000
    LC1$1             -1.922      0.039    -48.878      0.000
    LC1$2             -1.280      0.026    -48.673      0.000
    LC1$3             -0.972      0.023    -42.642      0.000
    LC1$4             -0.765      0.021    -35.600      0.000
    LC1$5             -0.501      0.020    -24.631      0.000
    LC1$6              0.265      0.019     13.668      0.000
    LC2$1             -1.968      0.041    -48.135      0.000
    LC2$2             -1.305      0.027    -49.117      0.000
    LC2$3             -0.771      0.021    -36.154      0.000
    LC2$4             -0.560      0.020    -27.705      0.000
    LC2$5             -0.307      0.019    -15.811      0.000
    LC2$6              0.309      0.020     15.751      0.000
    LC3$1             -2.221      0.052    -43.064      0.000
    LC3$2             -1.652      0.032    -51.062      0.000
    LC3$3             -1.214      0.025    -48.124      0.000
    LC3$4             -0.859      0.022    -39.265      0.000
    LC3$5             -0.623      0.021    -30.320      0.000
    LC3$6              0.030      0.020      1.541      0.123
    LC4$1             -1.812      0.036    -50.927      0.000
    LC4$2             -1.157      0.025    -47.030      0.000
    LC4$3             -0.678      0.021    -32.292      0.000
    LC4$4             -0.413      0.020    -20.615      0.000
    LC4$5             -0.198      0.020    -10.115      0.000
    LC4$6              0.490      0.020     24.027      0.000
    LC5$1             -1.600      0.031    -51.876      0.000
    LC5$2             -0.826      0.022    -37.788      0.000
    LC5$3             -0.199      0.019    -10.332      0.000
    LC5$4              0.116      0.019      6.026      0.000
    LC5$5              0.370      0.020     18.616      0.000
    LC5$6              1.086      0.024     45.313      0.000
    LC6$1             -1.984      0.041    -48.300      0.000
    LC6$2             -1.346      0.027    -50.221      0.000
    LC6$3             -0.924      0.022    -41.314      0.000
    LC6$4             -0.645      0.021    -31.314      0.000
    LC6$5             -0.308      0.020    -15.753      0.000
    LC6$6              0.546      0.020     26.750      0.000
    LC7$1             -2.146      0.047    -45.412      0.000
    LC7$2             -1.683      0.032    -51.868      0.000
    LC7$3             -1.359      0.027    -50.207      0.000
    LC7$4             -1.016      0.023    -43.927      0.000
    LC7$5             -0.719      0.021    -33.971      0.000
    LC7$6              0.068      0.019      3.533      0.000
    LC8$1             -2.068      0.044    -46.926      0.000
    LC8$2             -1.478      0.029    -51.648      0.000
    LC8$3             -0.862      0.022    -39.050      0.000
    LC8$4             -0.555      0.020    -27.308      0.000
    LC8$5             -0.349      0.020    -17.804      0.000
    LC8$6              0.160      0.020      8.092      0.000
    SE1$1             -0.779      0.021    -36.301      0.000
    SE1$2             -0.201      0.020    -10.272      0.000
    SE1$3              0.018      0.020      0.907      0.364
    SE1$4              0.583      0.021     28.291      0.000
    SE1$5              0.794      0.022     36.541      0.000
    SE1$6              1.382      0.027     50.283      0.000
    SE2$1             -0.194      0.020     -9.916      0.000
    SE2$2              0.765      0.022     35.326      0.000
    SE2$3              1.285      0.026     48.855      0.000
    SE2$4              1.505      0.030     50.807      0.000
    SE2$5              1.851      0.037     50.208      0.000
    SE2$6              2.326      0.056     41.446      0.000
    SE3$1             -2.053      0.044    -46.556      0.000
    SE3$2             -1.577      0.031    -51.493      0.000
    SE3$3             -1.042      0.024    -43.858      0.000
    SE3$4             -0.778      0.022    -35.704      0.000
    SE3$5             -0.580      0.021    -28.212      0.000
    SE3$6             -0.138      0.020     -6.995      0.000
    SE4$1             -0.401      0.020    -20.448      0.000
    SE4$2              0.690      0.021     32.633      0.000
    SE4$3              1.112      0.024     45.606      0.000
    SE4$4              1.428      0.029     49.685      0.000
    SE4$5              1.712      0.034     50.646      0.000
    SE4$6              2.113      0.046     46.056      0.000
    SE5$1             -1.605      0.032    -50.479      0.000
    SE5$2             -1.055      0.024    -44.195      0.000
    SE5$3             -0.668      0.021    -31.865      0.000
    SE5$4             -0.284      0.020    -14.319      0.000
    SE5$5             -0.169      0.020     -8.590      0.000
    SE5$6              0.236      0.020     11.863      0.000
    SE6$1             -0.222      0.020    -11.307      0.000
    SE6$2              0.720      0.021     34.052      0.000
    SE6$3              1.098      0.024     45.577      0.000
    SE6$4              1.315      0.027     49.244      0.000
    SE6$5              1.634      0.032     50.946      0.000
    SE6$6              2.141      0.047     45.543      0.000
    SE7$1             -1.918      0.039    -48.927      0.000
    SE7$2             -1.390      0.027    -50.908      0.000
    SE7$3             -0.818      0.022    -37.982      0.000
    SE7$4             -0.549      0.020    -27.182      0.000
    SE7$5             -0.349      0.020    -17.565      0.000
    SE7$6              0.118      0.020      5.971      0.000
    OPT1$1            -0.620      0.021    -29.642      0.000
    OPT1$2             0.473      0.020     23.535      0.000
    OPT1$3             1.018      0.023     43.871      0.000
    OPT1$4             1.787      0.036     50.317      0.000
    OPT2$1            -0.456      0.020    -22.778      0.000
    OPT2$2             0.687      0.021     32.454      0.000
    OPT2$3             1.141      0.024     46.715      0.000
    OPT2$4             2.004      0.042     48.118      0.000
    OPT3$1            -0.071      0.020     -3.616      0.000
    OPT3$2             0.874      0.022     39.598      0.000
    OPT3$3             1.428      0.028     50.832      0.000
    OPT3$4             1.909      0.039     49.205      0.000
    PESS1$1           -1.521      0.030    -51.376      0.000
    PESS1$2           -0.638      0.021    -30.221      0.000
    PESS1$3           -0.111      0.020     -5.628      0.000
    PESS1$4            0.538      0.021     26.150      0.000
    PESS2$1           -1.808      0.036    -49.743      0.000
    PESS2$2           -0.943      0.023    -40.827      0.000
    PESS2$3           -0.453      0.021    -21.950      0.000
    PESS2$4            0.286      0.020     14.531      0.000
    PESS3$1           -1.618      0.031    -51.512      0.000
    PESS3$2           -0.832      0.022    -37.525      0.000
    PESS3$3           -0.415      0.020    -20.374      0.000
    PESS3$4            0.251      0.020     12.667      0.000
    FAMS1$1            0.923      0.022     41.688      0.000
    FAMS1$2            1.680      0.032     52.198      0.000
    FAMS1$3            2.427      0.061     39.679      0.000
    FAMS1$4            3.215      0.166     19.400      0.000
    FAMS2$1           -0.066      0.019     -3.480      0.001
    FAMS2$2            1.084      0.024     45.958      0.000
    FAMS2$3            1.871      0.037     50.470      0.000
    FAMS2$4            2.963      0.116     25.479      0.000
    FAMS3$1            0.673      0.021     32.334      0.000
    FAMS3$2            1.302      0.026     50.382      0.000
    FAMS3$3            1.901      0.038     50.575      0.000
    FAMS3$4            3.066      0.134     22.926      0.000
    FAMS4$1            0.092      0.019      4.811      0.000
    FAMS4$2            0.958      0.022     43.056      0.000
    FAMS4$3            1.710      0.033     52.327      0.000
    FAMS4$4            3.066      0.134     22.925      0.000
    FRIS1$1            0.079      0.019      4.135      0.000
    FRIS1$2            1.261      0.025     49.569      0.000
    FRIS1$3            2.035      0.042     47.972      0.000
    FRIS1$4            2.546      0.070     36.498      0.000
    FRIS2$1           -0.360      0.019    -18.699      0.000
    FRIS2$2            0.917      0.022     41.417      0.000
    FRIS2$3            1.854      0.036     50.822      0.000
    FRIS2$4            2.560      0.071     36.114      0.000
    FRIS3$1            0.033      0.019      1.713      0.087
    FRIS3$2            0.965      0.022     43.182      0.000
    FRIS3$3            1.703      0.033     52.075      0.000
    FRIS3$4            2.698      0.083     32.431      0.000
    FRIS4$1           -0.206      0.019    -10.742      0.000
    FRIS4$2            0.755      0.021     35.553      0.000
    FRIS4$3            1.604      0.030     52.736      0.000
    FRIS4$4            2.741      0.088     31.239      0.000
    SPOS1$1            1.087      0.028     38.591      0.000
    SPOS1$2            1.843      0.043     43.121      0.000
    SPOS1$3            2.563      0.084     30.562      0.000
    SPOS1$4            3.427      0.272     12.618      0.000
    SPOS2$1            0.034      0.022      1.540      0.123
    SPOS2$2            1.139      0.029     39.803      0.000
    SPOS2$3            1.939      0.047     41.594      0.000
    SPOS2$4            3.427      0.272     12.619      0.000
    SPOS3$1            0.509      0.023     21.829      0.000
    SPOS3$2            1.403      0.032     43.610      0.000
    SPOS3$3            2.103      0.053     39.320      0.000
    SPOS3$4            3.030      0.151     20.070      0.000
    SPOS4$1            1.015      0.027     37.558      0.000
    SPOS4$2            1.606      0.037     43.867      0.000
    SPOS4$3            2.139      0.057     37.859      0.000
    SPOS4$4            3.427      0.272     12.617      0.000
    SPOS5$1            0.379      0.023     16.604      0.000
    SPOS5$2            1.220      0.029     42.350      0.000
    SPOS5$3            1.843      0.043     43.107      0.000
    SPOS5$4            3.234      0.202     16.013      0.000
    SPOS6$1            0.897      0.026     34.532      0.000
    SPOS6$2            1.577      0.036     44.278      0.000
    SPOS6$3            2.347      0.067     35.264      0.000
    SI1$1             -1.912      0.039    -48.613      0.000
    SI1$2             -1.334      0.027    -48.918      0.000
    SI1$3             -0.895      0.022    -39.905      0.000
    SI1$4             -0.419      0.020    -21.106      0.000
    SI1$5             -0.169      0.020     -8.655      0.000
    SI1$6              0.354      0.020     17.759      0.000
    SI2$1             -1.217      0.026    -47.092      0.000
    SI2$2             -0.333      0.020    -16.670      0.000
    SI2$3              0.252      0.020     12.835      0.000
    SI2$4              0.787      0.022     36.291      0.000
    SI2$5              1.122      0.024     46.062      0.000
    SI2$6              1.698      0.034     50.356      0.000
    SI3$1             -1.240      0.026    -47.658      0.000
    SI3$2             -0.371      0.020    -18.556      0.000
    SI3$3              0.135      0.020      6.899      0.000
    SI3$4              0.890      0.022     40.011      0.000
    SI3$5              1.221      0.026     47.618      0.000
    SI3$6              1.710      0.034     50.922      0.000

 Variances
    G                  1.000      0.000    999.000    999.000
    PR                 1.632      0.490      3.327      0.001
    SR                 0.318      0.030     10.691      0.000

 Residual Variances
    M                 -1.267      0.494     -2.568      0.010
    LC                 0.191      0.011     17.185      0.000
    SE                 0.165      0.011     14.988      0.000
    OPT                0.306      0.022     13.746      0.000
    PESS               0.188      0.013     14.159      0.000
    FAMS               0.367      0.028     13.164      0.000
    FRIS               0.437      0.018     23.875      0.000
    SPOS               0.630      0.026     24.661      0.000
    SI                 0.152      0.009     16.147      0.000


STANDARDIZED MODEL RESULTS


STDYX Standardization

                                                    Two-Tailed
                    Estimate       S.E.  Est./S.E.    P-Value

 M        BY
    M1                 0.603      0.013     45.790      0.000
    M2                 0.616      0.013     45.611      0.000
    M3                 0.579      0.013     46.014      0.000
    M4                 0.603      0.014     44.279      0.000

 LC       BY
    LC1               -0.447      0.013    -34.641      0.000
    LC2               -0.321      0.011    -27.969      0.000
    LC3               -0.383      0.013    -28.615      0.000
    LC4               -0.584      0.012    -47.765      0.000
    LC5               -0.265      0.015    -18.078      0.000
    LC6               -0.577      0.011    -51.295      0.000
    LC7               -0.509      0.012    -43.073      0.000
    LC8               -0.208      0.013    -15.712      0.000

 SE       BY
    SE2                0.430      0.016     27.249      0.000
    SE3                0.082      0.019      4.275      0.000
    SE4                0.474      0.016     30.597      0.000
    SE5                0.015      0.018      0.866      0.387
    SE6                0.379      0.016     24.296      0.000
    SE7                0.065      0.019      3.406      0.001
    SE1                0.217      0.020     11.033      0.000

 OPT      BY
    OPT1               0.561      0.020     27.817      0.000
    OPT2               0.541      0.018     30.103      0.000
    OPT3               0.330      0.016     20.737      0.000

 PESS     BY
    PESS1             -0.434      0.015    -28.372      0.000
    PESS2             -0.618      0.015    -41.982      0.000
    PESS3             -0.503      0.014    -36.833      0.000

 FAMS     BY
    FAMS1              0.828      0.012     67.795      0.000
    FAMS2              0.748      0.011     70.282      0.000
    FAMS3              0.774      0.012     65.919      0.000
    FAMS4              0.768      0.010     76.595      0.000

 FRIS     BY
    FRIS1              0.792      0.009     88.129      0.000
    FRIS2              0.781      0.008     93.294      0.000
    FRIS3              0.780      0.009     88.209      0.000
    FRIS4              0.804      0.008    100.522      0.000

 SPOS     BY
    SPOS1              0.828      0.015     55.902      0.000
    SPOS2              0.784      0.011     72.279      0.000
    SPOS3              0.802      0.013     62.320      0.000
    SPOS4              0.805      0.014     59.473      0.000
    SPOS5              0.816      0.011     75.876      0.000
    SPOS6              0.788      0.013     58.971      0.000

 SI       BY
    SI1               -0.444      0.013    -34.582      0.000
    SI2                0.767      0.014     53.869      0.000
    SI3                0.670      0.014     49.107      0.000

 G        BY
    M1                 0.456      0.015     29.667      0.000
    M2                 0.489      0.015     31.640      0.000
    M3                 0.372      0.016     23.957      0.000
    M4                 0.372      0.016     23.239      0.000
    LC1               -0.564      0.012    -47.277      0.000
    LC2               -0.732      0.009    -83.416      0.000
    LC3               -0.596      0.012    -49.173      0.000
    LC4               -0.492      0.013    -39.006      0.000
    LC5               -0.526      0.012    -43.909      0.000
    LC6               -0.555      0.012    -47.186      0.000
    LC7               -0.643      0.011    -59.198      0.000
    LC8               -0.693      0.010    -70.753      0.000
    SE1               -0.088      0.016     -5.446      0.000
    SE2                0.745      0.010     75.649      0.000
    SE3               -0.822      0.008   -105.246      0.000
    SE4                0.514      0.014     37.965      0.000
    SE5               -0.709      0.009    -75.538      0.000
    SE6                0.735      0.010     72.456      0.000
    SE7               -0.808      0.008   -105.562      0.000
    OPT1               0.385      0.015     26.382      0.000
    OPT2               0.594      0.012     50.733      0.000
    OPT3               0.637      0.012     55.298      0.000
    PESS1             -0.566      0.013    -44.952      0.000
    PESS2             -0.671      0.011    -62.867      0.000
    PESS3             -0.643      0.011    -57.745      0.000
    FAMS1              0.363      0.022     16.408      0.000
    FAMS2              0.396      0.016     25.401      0.000
    FAMS3              0.313      0.020     15.680      0.000
    FAMS4              0.335      0.017     20.025      0.000
    FRIS1              0.416      0.016     26.661      0.000
    FRIS2              0.402      0.015     27.476      0.000
    FRIS3              0.374      0.016     23.667      0.000
    FRIS4              0.330      0.016     20.797      0.000
    SPOS1              0.388      0.028     13.834      0.000
    SPOS2              0.396      0.019     20.500      0.000
    SPOS3              0.411      0.022     18.673      0.000
    SPOS4              0.343      0.027     12.873      0.000
    SPOS5              0.339      0.021     16.016      0.000
    SPOS6              0.388      0.025     15.442      0.000
    SI1               -0.522      0.012    -42.072      0.000
    SI2                0.369      0.014     26.843      0.000
    SI3                0.309      0.014     21.649      0.000

 PR       BY
    M                  2.117      0.330      6.418      0.000
    LC                 0.211      0.039      5.407      0.000
    SE                 0.333      0.055      6.047      0.000
    OPT                0.162      0.031      5.177      0.000
    PESS              -0.079      0.016     -5.005      0.000

 SR       BY
    FAMS               0.682      0.029     23.510      0.000
    FRIS               0.551      0.025     22.453      0.000
    SPOS               0.287      0.031      9.380      0.000
    SI                 0.478      0.024     19.960      0.000

 G        WITH
    M                999.000    999.000    999.000    999.000
    LC                 0.000      0.000    999.000    999.000
    SE                 0.000      0.000    999.000    999.000
    OPT                0.000      0.000    999.000    999.000
    PESS               0.000      0.000    999.000    999.000
    FAMS               0.000      0.000    999.000    999.000
    FRIS               0.000      0.000    999.000    999.000
    SPOS               0.000      0.000    999.000    999.000
    SI                 0.000      0.000    999.000    999.000
    PR                 0.000      0.000    999.000    999.000
    SR                 0.000      0.000    999.000    999.000

 PR       WITH
    SR                 0.000      0.000    999.000    999.000

 Thresholds
    M1$1              -0.321      0.020    -16.221      0.000
    M1$2               0.624      0.021     29.777      0.000
    M1$3               1.076      0.024     45.101      0.000
    M1$4               1.324      0.026     50.097      0.000
    M1$5               1.601      0.031     51.130      0.000
    M1$6               2.125      0.046     46.046      0.000
    M2$1              -0.248      0.020    -12.684      0.000
    M2$2               0.774      0.022     35.692      0.000
    M2$3               1.324      0.027     49.529      0.000
    M2$4               1.676      0.033     51.470      0.000
    M2$5               1.919      0.039     48.914      0.000
    M2$6               2.326      0.056     41.363      0.000
    M3$1              -0.818      0.022    -37.334      0.000
    M3$2               0.165      0.020      8.450      0.000
    M3$3               0.638      0.021     30.906      0.000
    M3$4               0.987      0.023     42.903      0.000
    M3$5               1.363      0.027     50.724      0.000
    M3$6               2.000      0.042     48.155      0.000
    M4$1              -0.213      0.019    -11.108      0.000
    M4$2               0.694      0.021     33.036      0.000
    M4$3               1.085      0.024     45.553      0.000
    M4$4               1.396      0.028     50.302      0.000
    M4$5               1.619      0.032     51.277      0.000
    M4$6               2.063      0.044     47.164      0.000
    LC1$1             -1.922      0.039    -48.878      0.000
    LC1$2             -1.280      0.026    -48.673      0.000
    LC1$3             -0.972      0.023    -42.642      0.000
    LC1$4             -0.765      0.021    -35.600      0.000
    LC1$5             -0.501      0.020    -24.631      0.000
    LC1$6              0.265      0.019     13.668      0.000
    LC2$1             -1.968      0.041    -48.135      0.000
    LC2$2             -1.305      0.027    -49.117      0.000
    LC2$3             -0.771      0.021    -36.154      0.000
    LC2$4             -0.560      0.020    -27.705      0.000
    LC2$5             -0.307      0.019    -15.811      0.000
    LC2$6              0.309      0.020     15.751      0.000
    LC3$1             -2.221      0.052    -43.064      0.000
    LC3$2             -1.652      0.032    -51.062      0.000
    LC3$3             -1.214      0.025    -48.124      0.000
    LC3$4             -0.859      0.022    -39.265      0.000
    LC3$5             -0.623      0.021    -30.320      0.000
    LC3$6              0.030      0.020      1.541      0.123
    LC4$1             -1.812      0.036    -50.927      0.000
    LC4$2             -1.157      0.025    -47.030      0.000
    LC4$3             -0.678      0.021    -32.292      0.000
    LC4$4             -0.413      0.020    -20.615      0.000
    LC4$5             -0.198      0.020    -10.115      0.000
    LC4$6              0.490      0.020     24.027      0.000
    LC5$1             -1.600      0.031    -51.876      0.000
    LC5$2             -0.826      0.022    -37.788      0.000
    LC5$3             -0.199      0.019    -10.332      0.000
    LC5$4              0.116      0.019      6.026      0.000
    LC5$5              0.370      0.020     18.616      0.000
    LC5$6              1.086      0.024     45.313      0.000
    LC6$1             -1.984      0.041    -48.300      0.000
    LC6$2             -1.346      0.027    -50.221      0.000
    LC6$3             -0.924      0.022    -41.314      0.000
    LC6$4             -0.645      0.021    -31.314      0.000
    LC6$5             -0.308      0.020    -15.753      0.000
    LC6$6              0.546      0.020     26.750      0.000
    LC7$1             -2.146      0.047    -45.412      0.000
    LC7$2             -1.683      0.032    -51.868      0.000
    LC7$3             -1.359      0.027    -50.207      0.000
    LC7$4             -1.016      0.023    -43.927      0.000
    LC7$5             -0.719      0.021    -33.971      0.000
    LC7$6              0.068      0.019      3.533      0.000
    LC8$1             -2.068      0.044    -46.926      0.000
    LC8$2             -1.478      0.029    -51.648      0.000
    LC8$3             -0.862      0.022    -39.050      0.000
    LC8$4             -0.555      0.020    -27.308      0.000
    LC8$5             -0.349      0.020    -17.804      0.000
    LC8$6              0.160      0.020      8.092      0.000
    SE1$1             -0.779      0.021    -36.301      0.000
    SE1$2             -0.201      0.020    -10.272      0.000
    SE1$3              0.018      0.020      0.907      0.364
    SE1$4              0.583      0.021     28.291      0.000
    SE1$5              0.794      0.022     36.541      0.000
    SE1$6              1.382      0.027     50.283      0.000
    SE2$1             -0.194      0.020     -9.916      0.000
    SE2$2              0.765      0.022     35.326      0.000
    SE2$3              1.285      0.026     48.855      0.000
    SE2$4              1.505      0.030     50.807      0.000
    SE2$5              1.851      0.037     50.208      0.000
    SE2$6              2.326      0.056     41.446      0.000
    SE3$1             -2.053      0.044    -46.556      0.000
    SE3$2             -1.577      0.031    -51.493      0.000
    SE3$3             -1.042      0.024    -43.858      0.000
    SE3$4             -0.778      0.022    -35.704      0.000
    SE3$5             -0.580      0.021    -28.212      0.000
    SE3$6             -0.138      0.020     -6.995      0.000
    SE4$1             -0.401      0.020    -20.448      0.000
    SE4$2              0.690      0.021     32.633      0.000
    SE4$3              1.112      0.024     45.606      0.000
    SE4$4              1.428      0.029     49.685      0.000
    SE4$5              1.712      0.034     50.646      0.000
    SE4$6              2.113      0.046     46.056      0.000
    SE5$1             -1.605      0.032    -50.479      0.000
    SE5$2             -1.055      0.024    -44.195      0.000
    SE5$3             -0.668      0.021    -31.865      0.000
    SE5$4             -0.284      0.020    -14.319      0.000
    SE5$5             -0.169      0.020     -8.590      0.000
    SE5$6              0.236      0.020     11.863      0.000
    SE6$1             -0.222      0.020    -11.307      0.000
    SE6$2              0.720      0.021     34.052      0.000
    SE6$3              1.098      0.024     45.577      0.000
    SE6$4              1.315      0.027     49.244      0.000
    SE6$5              1.634      0.032     50.946      0.000
    SE6$6              2.141      0.047     45.543      0.000
    SE7$1             -1.918      0.039    -48.927      0.000
    SE7$2             -1.390      0.027    -50.908      0.000
    SE7$3             -0.818      0.022    -37.982      0.000
    SE7$4             -0.549      0.020    -27.182      0.000
    SE7$5             -0.349      0.020    -17.565      0.000
    SE7$6              0.118      0.020      5.971      0.000
    OPT1$1            -0.620      0.021    -29.642      0.000
    OPT1$2             0.473      0.020     23.535      0.000
    OPT1$3             1.018      0.023     43.871      0.000
    OPT1$4             1.787      0.036     50.317      0.000
    OPT2$1            -0.456      0.020    -22.778      0.000
    OPT2$2             0.687      0.021     32.454      0.000
    OPT2$3             1.141      0.024     46.715      0.000
    OPT2$4             2.004      0.042     48.118      0.000
    OPT3$1            -0.071      0.020     -3.616      0.000
    OPT3$2             0.874      0.022     39.598      0.000
    OPT3$3             1.428      0.028     50.832      0.000
    OPT3$4             1.909      0.039     49.205      0.000
    PESS1$1           -1.521      0.030    -51.376      0.000
    PESS1$2           -0.638      0.021    -30.221      0.000
    PESS1$3           -0.111      0.020     -5.628      0.000
    PESS1$4            0.538      0.021     26.150      0.000
    PESS2$1           -1.808      0.036    -49.743      0.000
    PESS2$2           -0.943      0.023    -40.827      0.000
    PESS2$3           -0.453      0.021    -21.950      0.000
    PESS2$4            0.286      0.020     14.531      0.000
    PESS3$1           -1.618      0.031    -51.512      0.000
    PESS3$2           -0.832      0.022    -37.525      0.000
    PESS3$3           -0.415      0.020    -20.374      0.000
    PESS3$4            0.251      0.020     12.667      0.000
    FAMS1$1            0.923      0.022     41.688      0.000
    FAMS1$2            1.680      0.032     52.198      0.000
    FAMS1$3            2.427      0.061     39.679      0.000
    FAMS1$4            3.215      0.166     19.400      0.000
    FAMS2$1           -0.066      0.019     -3.480      0.001
    FAMS2$2            1.084      0.024     45.958      0.000
    FAMS2$3            1.871      0.037     50.470      0.000
    FAMS2$4            2.963      0.116     25.479      0.000
    FAMS3$1            0.673      0.021     32.334      0.000
    FAMS3$2            1.302      0.026     50.382      0.000
    FAMS3$3            1.901      0.038     50.575      0.000
    FAMS3$4            3.066      0.134     22.926      0.000
    FAMS4$1            0.092      0.019      4.811      0.000
    FAMS4$2            0.958      0.022     43.056      0.000
    FAMS4$3            1.710      0.033     52.327      0.000
    FAMS4$4            3.066      0.134     22.925      0.000
    FRIS1$1            0.079      0.019      4.135      0.000
    FRIS1$2            1.261      0.025     49.569      0.000
    FRIS1$3            2.035      0.042     47.972      0.000
    FRIS1$4            2.546      0.070     36.498      0.000
    FRIS2$1           -0.360      0.019    -18.699      0.000
    FRIS2$2            0.917      0.022     41.417      0.000
    FRIS2$3            1.854      0.036     50.822      0.000
    FRIS2$4            2.560      0.071     36.114      0.000
    FRIS3$1            0.033      0.019      1.713      0.087
    FRIS3$2            0.965      0.022     43.182      0.000
    FRIS3$3            1.703      0.033     52.075      0.000
    FRIS3$4            2.698      0.083     32.431      0.000
    FRIS4$1           -0.206      0.019    -10.742      0.000
    FRIS4$2            0.755      0.021     35.553      0.000
    FRIS4$3            1.604      0.030     52.736      0.000
    FRIS4$4            2.741      0.088     31.239      0.000
    SPOS1$1            1.087      0.028     38.591      0.000
    SPOS1$2            1.843      0.043     43.121      0.000
    SPOS1$3            2.563      0.084     30.562      0.000
    SPOS1$4            3.427      0.272     12.618      0.000
    SPOS2$1            0.034      0.022      1.540      0.123
    SPOS2$2            1.139      0.029     39.803      0.000
    SPOS2$3            1.939      0.047     41.594      0.000
    SPOS2$4            3.427      0.272     12.619      0.000
    SPOS3$1            0.509      0.023     21.829      0.000
    SPOS3$2            1.403      0.032     43.610      0.000
    SPOS3$3            2.103      0.053     39.320      0.000
    SPOS3$4            3.030      0.151     20.070      0.000
    SPOS4$1            1.015      0.027     37.558      0.000
    SPOS4$2            1.606      0.037     43.867      0.000
    SPOS4$3            2.139      0.057     37.859      0.000
    SPOS4$4            3.427      0.272     12.617      0.000
    SPOS5$1            0.379      0.023     16.604      0.000
    SPOS5$2            1.220      0.029     42.350      0.000
    SPOS5$3            1.843      0.043     43.107      0.000
    SPOS5$4            3.234      0.202     16.013      0.000
    SPOS6$1            0.897      0.026     34.532      0.000
    SPOS6$2            1.577      0.036     44.278      0.000
    SPOS6$3            2.347      0.067     35.264      0.000
    SI1$1             -1.912      0.039    -48.613      0.000
    SI1$2             -1.334      0.027    -48.918      0.000
    SI1$3             -0.895      0.022    -39.905      0.000
    SI1$4             -0.419      0.020    -21.106      0.000
    SI1$5             -0.169      0.020     -8.655      0.000
    SI1$6              0.354      0.020     17.759      0.000
    SI2$1             -1.217      0.026    -47.092      0.000
    SI2$2             -0.333      0.020    -16.670      0.000
    SI2$3              0.252      0.020     12.835      0.000
    SI2$4              0.787      0.022     36.291      0.000
    SI2$5              1.122      0.024     46.062      0.000
    SI2$6              1.698      0.034     50.356      0.000
    SI3$1             -1.240      0.026    -47.658      0.000
    SI3$2             -0.371      0.020    -18.556      0.000
    SI3$3              0.135      0.020      6.899      0.000
    SI3$4              0.890      0.022     40.011      0.000
    SI3$5              1.221      0.026     47.618      0.000
    SI3$6              1.710      0.034     50.922      0.000

 Variances
    G                  1.000      0.000    999.000    999.000
    PR                 1.000      0.000    999.000    999.000
    SR                 1.000      0.000    999.000    999.000

 Residual Variances
    M                 -3.481    999.000    999.000    999.000
    LC                 0.956      0.016     58.134      0.000
    SE                 0.889      0.037     24.236      0.000
    OPT                0.974      0.010     96.425      0.000
    PESS               0.994      0.002    399.143      0.000
    FAMS               0.535      0.040     13.536      0.000
    FRIS               0.697      0.027     25.787      0.000
    SPOS               0.918      0.018     52.417      0.000
    SI                 0.771      0.023     33.633      0.000


R-SQUARE

    Observed                                        Two-Tailed   Residual
    Variable        Estimate       S.E.  Est./S.E.    P-Value    Variance

    M1                 0.572      0.012     46.655      0.000      0.428
    M2                 0.618      0.012     50.715      0.000      0.382
    M3                 0.474      0.012     38.467      0.000      0.526
    M4                 0.502      0.013     38.449      0.000      0.498
    LC1                0.518      0.012     43.046      0.000      0.482
    LC2                0.639      0.011     59.103      0.000      0.361
    LC3                0.502      0.013     37.524      0.000      0.498
    LC4                0.583      0.012     48.563      0.000      0.417
    LC5                0.346      0.012     29.842      0.000      0.654
    LC6                0.641      0.011     56.578      0.000      0.359
    LC7                0.672      0.012     56.295      0.000      0.328
    LC8                0.523      0.012     41.892      0.000      0.477
    SE1                0.055      0.009      5.841      0.000      0.945
    SE2                0.741      0.010     70.942      0.000      0.259
    SE3                0.683      0.013     52.464      0.000      0.317
    SE4                0.489      0.014     34.462      0.000      0.511
    SE5                0.503      0.013     37.628      0.000      0.497
    SE6                0.684      0.011     61.484      0.000      0.316
    SE7                0.657      0.013     52.017      0.000      0.343
    OPT1               0.463      0.022     21.216      0.000      0.537
    OPT2               0.645      0.019     33.359      0.000      0.355
    OPT3               0.515      0.015     34.542      0.000      0.485
    PESS1              0.509      0.013     40.718      0.000      0.491
    PESS2              0.832      0.014     58.734      0.000      0.168
    PESS3              0.666      0.013     51.603      0.000      0.334
    FAMS1              0.816      0.014     57.329      0.000      0.184
    FAMS2              0.716      0.013     55.126      0.000      0.284
    FAMS3              0.698      0.015     46.064      0.000      0.302
    FAMS4              0.702      0.013     56.121      0.000      0.298
    FRIS1              0.801      0.009     86.661      0.000      0.199
    FRIS2              0.771      0.009     85.932      0.000      0.229
    FRIS3              0.748      0.010     76.360      0.000      0.252
    FRIS4              0.756      0.009     85.008      0.000      0.244
    SPOS1              0.837      0.014     58.865      0.000      0.163
    SPOS2              0.771      0.012     66.508      0.000      0.229
    SPOS3              0.812      0.013     62.601      0.000      0.188
    SPOS4              0.766      0.016     48.143      0.000      0.234
    SPOS5              0.781      0.012     64.365      0.000      0.219
    SPOS6              0.771      0.013     60.049      0.000      0.229
    SI1                0.470      0.014     33.824      0.000      0.530
    SI2                0.725      0.020     35.666      0.000      0.275
    SI3                0.544      0.018     30.847      0.000      0.456

     Latent                                         Two-Tailed
    Variable        Estimate       S.E.  Est./S.E.    P-Value

    M               Undefined   0.44810E+01
    LC                 0.044      0.016      2.704      0.007
    SE                 0.111      0.037      3.024      0.002
    OPT                0.026      0.010      2.588      0.010
    PESS               0.006      0.002      2.503      0.012
    FAMS               0.465      0.040     11.755      0.000
    FRIS               0.303      0.027     11.227      0.000
    SPOS               0.082      0.018      4.690      0.000
    SI                 0.229      0.023      9.980      0.000


QUALITY OF NUMERICAL RESULTS

     Condition Number for the Information Matrix              0.707E-05
       (ratio of smallest to largest eigenvalue)


     Beginning Time:  18:56:33
        Ending Time:  18:57:06
       Elapsed Time:  00:00:33



MUTHEN & MUTHEN
3463 Stoner Ave.
Los Angeles, CA  90066

Tel: (310) 391-9971
Fax: (310) 391-8971
Web: www.StatModel.com
Support: Support@StatModel.com

Copyright (c) 1998-2014 Muthen & Muthen
