Mplus VERSION 7.3
MUTHEN & MUTHEN
08/02/2016   4:53 PM

INPUT INSTRUCTIONS

  TITLE:
   BiFactor Model of biomarkers;
  DATA:
  FILE = "factor_allcov_clustering_BiFac.dat";

  VARIABLE:
  NAMES = Radj_epi Radj_nor avgb_sd avgb_rm avgb_lf avgb_hf Rb4p1d Radj_crt b4bdheas
       Rb4bcrp b4bil6 b4bfgn b4bsicam b4bsesel pulpress Rb4p1gs b4bha1c Rb4bgluc
       p4homair b4bldl b4bhdl Rb4btrig Rb4pwhr m2famnum m2id b1pgender b1page_m2
       Agecat MedGroup white p4majorconditions p4minorconditions p4sumburden b3tem
       exec_fxn compression bending impact reg_izallo GNNregAL RXNNregAL;
   MISSING=.;

    usevariables = Radj_epi Radj_nor avgb_sd avgb_rm avgb_lf
      avgb_hf Radj_crt b4bdheas Rb4bcrp
      b4bil6 b4bfgn b4bsicam b4bsesel pulpress Rb4p1gs Rb4p1d
      b4bha1c Rb4bgluc
      p4homair b4bldl b4bhdl Rb4btrig Rb4pwhr
      b1pgender b1page_m2;
      CLUSTER = m2famnum;
      idvariable = m2id;

  ANALYSIS:

      TYPE = COMPLEX;
      ESTIMATOR = MLR;
      PROCESSORS = 4;
  MODEL:

      Radj_epi Radj_nor ON b1pgender b1page_m2;
      avgb_sd avgb_rm avgb_hf avgb_lf ON b1pgender b1page_m2;
      Rb4p1d ON b1pgender b1page_m2;
      Radj_crt b4bdheas ON b1pgender b1page_m2;
      Rb4bcrp b4bil6 b4bfgn b4bsicam b4bsesel ON b1pgender b1page_m2;
      Rb4p1gs pulpress ON b1pgender b1page_m2;
      Rb4bgluc p4homair b4bha1c ON b1pgender b1page_m2;
      Rb4pwhr Rb4btrig b4bhdl b4bldl ON b1pgender b1page_m2;


      sym BY Radj_nor@1 Radj_epi@1;
      hpa BY Radj_crt@1 b4bdheas@1;
      card BY Rb4p1gs@1 pulpress@1;
      gluc BY Rb4bgluc@1 p4homair*1 b4bha1c*1;
      lipid BY Rb4pwhr@1 Rb4btrig*.65 b4bhdl*-1 b4bldl*1 p4homair*1;
      infl BY Rb4bcrp@1 b4bil6*1 b4bfgn*.9 b4bsicam*.25 b4bsesel*.5;
      para BY avgb_sd@-1 avgb_rm*-1 avgb_hf*-1 avgb_lf*-1 Rb4p1d*1;
      avgb_sd@0;
      avgb_rm WITH avgb_hf*;

      AL2 BY
        Radj_nor*1 Radj_epi
        Rb4p1gs pulpress
        Rb4bgluc p4homair b4bha1c
        avgb_sd avgb_rm avgb_hf avgb_lf Rb4p1d;

      AL1 BY
       Radj_crt*1 b4bdheas
       Rb4pwhr Rb4btrig b4bhdl b4bldl
       Rb4bcrp b4bil6 b4bfgn b4bsicam b4bsesel;


      AL1@1;
      AL2@1;
      AL1 WITH AL2*1;
      AL1 WITH sym@0 para@0 hpa@0 infl@0
      card@0 gluc@0 lipid@0;
      AL2 WITH sym@0 para@0 hpa@0 infl@0
      card@0 gluc@0 lipid@0;

      Rb4bgluc@0;
  OUTPUT:

      STDYX;
      CINTERVAL;



*** WARNING in VARIABLE command
  Note that only the first 8 characters of variable names are used in the output.
  Shorten variable names to avoid any confusion.
*** WARNING
  Data set contains cases with missing on all variables except
  x-variables.  These cases were not included in the analysis.
  Number of cases with missing on all variables except x-variables:  1
   2 WARNING(S) FOUND IN THE INPUT INSTRUCTIONS




BiFactor Model of biomarkers;

SUMMARY OF ANALYSIS

Number of groups                                                 1
Number of observations                                        1254

Number of dependent variables                                   23
Number of independent variables                                  2
Number of continuous latent variables                            9

Observed dependent variables

  Continuous
   RADJ_EPI    RADJ_NOR    AVGB_SD     AVGB_RM     AVGB_LF     AVGB_HF
   RADJ_CRT    B4BDHEAS    RB4BCRP     B4BIL6      B4BFGN      B4BSICAM
   B4BSESEL    PULPRESS    RB4P1GS     RB4P1D      B4BHA1C     RB4BGLUC
   P4HOMAIR    B4BLDL      B4BHDL      RB4BTRIG    RB4PWHR

Observed independent variables
   B1PGENDE    B1PAGE_M

Continuous latent variables
   SYM         HPA         CARD        GLUC        LIPID       INFL
   PARA        AL2         AL1

Variables with special functions

  Cluster variable      M2FAMNUM
  ID variable           M2ID

Estimator                                                      MLR
Information matrix                                        OBSERVED
Maximum number of iterations                                  1000
Convergence criterion                                    0.500D-04
Maximum number of steepest descent iterations                   20
Maximum number of iterations for H1                           2000
Convergence criterion for H1                             0.100D-03

Input data file(s)
  factor_allcov_clustering_BiFac.dat

Input data format  FREE


SUMMARY OF DATA

     Number of missing data patterns            26
     Number of clusters        1097



COVARIANCE COVERAGE OF DATA

Minimum covariance coverage value   0.100


     PROPORTION OF DATA PRESENT


           Covariance Coverage
              RADJ_EPI      RADJ_NOR      AVGB_SD       AVGB_RM       AVGB_LF
              ________      ________      ________      ________      ________
 RADJ_EPI       0.979
 RADJ_NOR       0.979         0.987
 AVGB_SD        0.900         0.908         0.919
 AVGB_RM        0.900         0.908         0.919         0.919
 AVGB_LF        0.900         0.908         0.919         0.919         0.919
 AVGB_HF        0.900         0.908         0.919         0.919         0.919
 RADJ_CRT       0.979         0.987         0.915         0.915         0.915
 B4BDHEAS       0.969         0.977         0.911         0.911         0.911
 RB4BCRP        0.964         0.972         0.907         0.907         0.907
 B4BIL6         0.972         0.980         0.913         0.913         0.913
 B4BFGN         0.966         0.974         0.907         0.907         0.907
 B4BSICAM       0.971         0.979         0.912         0.912         0.912
 B4BSESEL       0.971         0.979         0.912         0.912         0.912
 PULPRESS       0.979         0.987         0.919         0.919         0.919
 RB4P1GS        0.979         0.987         0.919         0.919         0.919
 RB4P1D         0.978         0.986         0.919         0.919         0.919
 B4BHA1C        0.966         0.974         0.907         0.907         0.907
 RB4BGLUC       0.966         0.974         0.907         0.907         0.907
 P4HOMAIR       0.964         0.972         0.906         0.906         0.906
 B4BLDL         0.971         0.979         0.912         0.912         0.912
 B4BHDL         0.971         0.979         0.912         0.912         0.912
 RB4BTRIG       0.971         0.979         0.912         0.912         0.912
 RB4PWHR        0.978         0.986         0.919         0.919         0.919
 B1PGENDE       0.979         0.987         0.919         0.919         0.919
 B1PAGE_M       0.979         0.987         0.919         0.919         0.919


           Covariance Coverage
              AVGB_HF       RADJ_CRT      B4BDHEAS      RB4BCRP       B4BIL6
              ________      ________      ________      ________      ________
 AVGB_HF        0.919
 RADJ_CRT       0.915         0.994
 B4BDHEAS       0.911         0.984         0.988
 RB4BCRP        0.907         0.979         0.979         0.983
 B4BIL6         0.913         0.987         0.988         0.982         0.991
 B4BFGN         0.907         0.981         0.981         0.983         0.984
 B4BSICAM       0.912         0.986         0.987         0.982         0.990
 B4BSESEL       0.912         0.986         0.987         0.982         0.990
 PULPRESS       0.919         0.994         0.988         0.983         0.991
 RB4P1GS        0.919         0.994         0.988         0.983         0.991
 RB4P1D         0.919         0.994         0.987         0.983         0.990
 B4BHA1C        0.907         0.981         0.981         0.979         0.984
 RB4BGLUC       0.907         0.981         0.983         0.977         0.985
 P4HOMAIR       0.906         0.979         0.982         0.975         0.983
 B4BLDL         0.912         0.986         0.986         0.982         0.990
 B4BHDL         0.912         0.986         0.986         0.982         0.990
 RB4BTRIG       0.912         0.986         0.986         0.982         0.990
 RB4PWHR        0.919         0.994         0.987         0.982         0.990
 B1PGENDE       0.919         0.994         0.988         0.983         0.991
 B1PAGE_M       0.919         0.994         0.988         0.983         0.991


           Covariance Coverage
              B4BFGN        B4BSICAM      B4BSESEL      PULPRESS      RB4P1GS
              ________      ________      ________      ________      ________
 B4BFGN         0.985
 B4BSICAM       0.983         0.990
 B4BSESEL       0.983         0.990         0.990
 PULPRESS       0.985         0.990         0.990         1.000
 RB4P1GS        0.985         0.990         0.990         1.000         1.000
 RB4P1D         0.985         0.990         0.990         0.999         0.999
 B4BHA1C        0.981         0.984         0.984         0.985         0.985
 RB4BGLUC       0.978         0.985         0.985         0.985         0.985
 P4HOMAIR       0.977         0.983         0.983         0.983         0.983
 B4BLDL         0.983         0.989         0.989         0.990         0.990
 B4BHDL         0.983         0.989         0.989         0.990         0.990
 RB4BTRIG       0.983         0.989         0.989         0.990         0.990
 RB4PWHR        0.984         0.990         0.990         0.999         0.999
 B1PGENDE       0.985         0.990         0.990         1.000         1.000
 B1PAGE_M       0.985         0.990         0.990         1.000         1.000


           Covariance Coverage
              RB4P1D        B4BHA1C       RB4BGLUC      P4HOMAIR      B4BLDL
              ________      ________      ________      ________      ________
 RB4P1D         0.999
 B4BHA1C        0.984         0.985
 RB4BGLUC       0.984         0.978         0.985
 P4HOMAIR       0.982         0.977         0.983         0.983
 B4BLDL         0.990         0.983         0.983         0.982         0.990
 B4BHDL         0.990         0.983         0.983         0.982         0.990
 RB4BTRIG       0.990         0.983         0.983         0.982         0.990
 RB4PWHR        0.998         0.984         0.984         0.982         0.990
 B1PGENDE       0.999         0.985         0.985         0.983         0.990
 B1PAGE_M       0.999         0.985         0.985         0.983         0.990


           Covariance Coverage
              B4BHDL        RB4BTRIG      RB4PWHR       B1PGENDE      B1PAGE_M
              ________      ________      ________      ________      ________
 B4BHDL         0.990
 RB4BTRIG       0.990         0.990
 RB4PWHR        0.990         0.990         0.999
 B1PGENDE       0.990         0.990         0.999         1.000
 B1PAGE_M       0.990         0.990         0.999         1.000         1.000



THE MODEL ESTIMATION TERMINATED NORMALLY

     WARNING:  THE LATENT VARIABLE COVARIANCE MATRIX (PSI) IS NOT POSITIVE
     DEFINITE.  THIS COULD INDICATE A NEGATIVE VARIANCE/RESIDUAL VARIANCE FOR A
     LATENT VARIABLE, A CORRELATION GREATER OR EQUAL TO ONE BETWEEN TWO LATENT
     VARIABLES, OR A LINEAR DEPENDENCY AMONG MORE THAN TWO LATENT VARIABLES.
     CHECK THE TECH4 OUTPUT FOR MORE INFORMATION.
     PROBLEM INVOLVING VARIABLE AL1.




MODEL FIT INFORMATION

Number of Free Parameters                      157

Loglikelihood

          H0 Value                      -32715.783
          H0 Scaling Correction Factor      1.2753
            for MLR
          H1 Value                      -32383.058
          H1 Scaling Correction Factor      1.1676
            for MLR

Information Criteria

          Akaike (AIC)                   65745.566
          Bayesian (BIC)                 66551.619
          Sample-Size Adjusted BIC       66052.914
            (n* = (n + 2) / 24)

Chi-Square Test of Model Fit

          Value                            617.474*
          Degrees of Freedom                   188
          P-Value                           0.0000
          Scaling Correction Factor         1.0777
            for MLR

*   The chi-square value for MLM, MLMV, MLR, ULSMV, WLSM and WLSMV cannot be used
    for chi-square difference testing in the regular way.  MLM, MLR and WLSM
    chi-square difference testing is described on the Mplus website.  MLMV, WLSMV,
    and ULSMV difference testing is done using the DIFFTEST option.

RMSEA (Root Mean Square Error Of Approximation)

          Estimate                           0.043
          90 Percent C.I.                    0.039  0.046
          Probability RMSEA <= .05           0.999

CFI/TLI

          CFI                                0.967
          TLI                                0.948

Chi-Square Test of Model Fit for the Baseline Model

          Value                          13396.604
          Degrees of Freedom                   299
          P-Value                           0.0000

SRMR (Standardized Root Mean Square Residual)

          Value                              0.028



MODEL RESULTS

                                                    Two-Tailed
                    Estimate       S.E.  Est./S.E.    P-Value

 SYM      BY
    RADJ_NOR           1.000      0.000    999.000    999.000
    RADJ_EPI           1.000      0.000    999.000    999.000

 HPA      BY
    RADJ_CRT           1.000      0.000    999.000    999.000
    B4BDHEAS           1.000      0.000    999.000    999.000

 CARD     BY
    RB4P1GS            1.000      0.000    999.000    999.000
    PULPRESS           1.000      0.000    999.000    999.000

 GLUC     BY
    RB4BGLUC           1.000      0.000    999.000    999.000
    P4HOMAIR           0.330      0.037      8.998      0.000
    B4BHA1C            0.663      0.037     17.779      0.000

 LIPID    BY
    RB4PWHR            1.000      0.000    999.000    999.000
    RB4BTRIG           4.845      1.872      2.589      0.010
    B4BHDL            -3.056      0.779     -3.921      0.000
    B4BLDL             1.775      0.615      2.884      0.004
    P4HOMAIR           1.755      0.352      4.988      0.000

 INFL     BY
    RB4BCRP            1.000      0.000    999.000    999.000
    B4BIL6             0.709      0.093      7.643      0.000
    B4BFGN             0.959      0.151      6.346      0.000
    B4BSICAM           0.196      0.094      2.088      0.037
    B4BSESEL           0.014      0.079      0.176      0.860

 PARA     BY
    AVGB_SD           -1.000      0.000    999.000    999.000
    AVGB_RM           -0.872      0.019    -46.969      0.000
    AVGB_HF           -0.817      0.019    -43.231      0.000
    AVGB_LF           -0.815      0.016    -49.943      0.000
    RB4P1D             0.340      0.030     11.219      0.000

 AL2      BY
    RADJ_NOR           0.127      0.044      2.858      0.004
    RADJ_EPI          -0.255      0.045     -5.654      0.000
    RB4P1GS            0.109      0.041      2.662      0.008
    PULPRESS           0.077      0.037      2.046      0.041
    RB4BGLUC           0.393      0.048      8.125      0.000
    P4HOMAIR           0.614      0.051     12.142      0.000
    B4BHA1C            0.380      0.044      8.651      0.000
    AVGB_SD           -0.189      0.045     -4.249      0.000
    AVGB_RM           -0.097      0.045     -2.155      0.031
    AVGB_HF           -0.101      0.042     -2.398      0.016
    AVGB_LF           -0.224      0.039     -5.766      0.000
    RB4P1D             0.354      0.037      9.669      0.000

 AL1      BY
    RADJ_CRT          -0.311      0.039     -8.054      0.000
    B4BDHEAS          -0.062      0.036     -1.733      0.083
    RB4PWHR            0.423      0.032     13.127      0.000
    RB4BTRIG           0.345      0.067      5.172      0.000
    B4BHDL            -0.295      0.060     -4.946      0.000
    B4BLDL             0.001      0.049      0.027      0.979
    RB4BCRP            0.538      0.038     14.287      0.000
    B4BIL6             0.508      0.038     13.318      0.000
    B4BFGN             0.367      0.039      9.315      0.000
    B4BSICAM           0.224      0.043      5.207      0.000
    B4BSESEL           0.366      0.036     10.210      0.000

 RADJ_EPI ON
    B1PGENDER          0.058      0.059      0.992      0.321
    B1PAGE_M2          0.014      0.003      5.630      0.000

 RADJ_NOR ON
    B1PGENDER          0.461      0.056      8.233      0.000
    B1PAGE_M2          0.021      0.002      9.080      0.000

 AVGB_SD  ON
    B1PGENDER         -0.141      0.057     -2.459      0.014
    B1PAGE_M2         -0.025      0.003     -9.489      0.000

 AVGB_RM  ON
    B1PGENDER          0.030      0.058      0.507      0.612
    B1PAGE_M2         -0.017      0.003     -6.194      0.000

 AVGB_HF  ON
    B1PGENDER          0.118      0.058      2.050      0.040
    B1PAGE_M2         -0.022      0.003     -8.648      0.000

 AVGB_LF  ON
    B1PGENDER         -0.262      0.055     -4.771      0.000
    B1PAGE_M2         -0.033      0.002    -13.373      0.000

 RB4P1D   ON
    B1PGENDER          0.246      0.059      4.193      0.000
    B1PAGE_M2         -0.001      0.002     -0.378      0.706

 RADJ_CRT ON
    B1PGENDER          0.203      0.058      3.475      0.001
    B1PAGE_M2          0.007      0.002      2.909      0.004

 B4BDHEAS ON
    B1PGENDER         -0.699      0.049    -14.241      0.000
    B1PAGE_M2         -0.037      0.002    -17.386      0.000

 RB4BCRP  ON
    B1PGENDER          0.336      0.057      5.934      0.000
    B1PAGE_M2          0.001      0.003      0.357      0.721

 B4BIL6   ON
    B1PGENDER          0.153      0.057      2.706      0.007
    B1PAGE_M2          0.015      0.002      6.284      0.000

 B4BFGN   ON
    B1PGENDER          0.364      0.057      6.388      0.000
    B1PAGE_M2          0.010      0.003      3.953      0.000

 B4BSICAM ON
    B1PGENDER          0.010      0.058      0.179      0.858
    B1PAGE_M2          0.010      0.003      3.723      0.000

 B4BSESEL ON
    B1PGENDER         -0.178      0.060     -2.986      0.003
    B1PAGE_M2         -0.009      0.002     -3.580      0.000

 RB4P1GS  ON
    B1PGENDER         -0.124      0.054     -2.322      0.020
    B1PAGE_M2          0.024      0.002      9.825      0.000

 PULPRESS ON
    B1PGENDER          0.184      0.050      3.641      0.000
    B1PAGE_M2          0.037      0.002     16.352      0.000

 RB4BGLUC ON
    B1PGENDER         -0.265      0.060     -4.429      0.000
    B1PAGE_M2          0.004      0.002      1.792      0.073

 P4HOMAIR ON
    B1PGENDER         -0.200      0.059     -3.386      0.001
    B1PAGE_M2         -0.003      0.002     -1.155      0.248

 B4BHA1C  ON
    B1PGENDER          0.023      0.060      0.375      0.707
    B1PAGE_M2          0.014      0.002      6.246      0.000

 RB4PWHR  ON
    B1PGENDER         -1.277      0.044    -28.973      0.000
    B1PAGE_M2          0.009      0.002      5.052      0.000

 RB4BTRIG ON
    B1PGENDER         -0.411      0.059     -7.006      0.000
    B1PAGE_M2          0.000      0.002     -0.169      0.866

 B4BHDL   ON
    B1PGENDER          0.744      0.054     13.701      0.000
    B1PAGE_M2          0.005      0.002      2.002      0.045

 B4BLDL   ON
    B1PGENDER          0.039      0.059      0.657      0.511
    B1PAGE_M2         -0.009      0.002     -3.480      0.001

 AL1      WITH
    AL2                1.103      0.055     19.965      0.000
    SYM                0.000      0.000    999.000    999.000
    PARA               0.000      0.000    999.000    999.000
    HPA                0.000      0.000    999.000    999.000
    INFL               0.000      0.000    999.000    999.000
    CARD               0.000      0.000    999.000    999.000
    GLUC               0.000      0.000    999.000    999.000
    LIPID              0.000      0.000    999.000    999.000

 AL2      WITH
    SYM                0.000      0.000    999.000    999.000
    PARA               0.000      0.000    999.000    999.000
    HPA                0.000      0.000    999.000    999.000
    INFL               0.000      0.000    999.000    999.000
    CARD               0.000      0.000    999.000    999.000
    GLUC               0.000      0.000    999.000    999.000
    LIPID              0.000      0.000    999.000    999.000

 HPA      WITH
    SYM                0.071      0.018      3.888      0.000

 CARD     WITH
    SYM                0.059      0.023      2.626      0.009
    HPA                0.059      0.018      3.207      0.001

 GLUC     WITH
    SYM                0.035      0.025      1.366      0.172
    HPA                0.046      0.023      2.013      0.044
    CARD               0.049      0.026      1.871      0.061

 LIPID    WITH
    SYM               -0.005      0.007     -0.747      0.455
    HPA               -0.005      0.005     -1.036      0.300
    CARD               0.017      0.008      1.962      0.050
    GLUC               0.014      0.010      1.340      0.180

 INFL     WITH
    SYM                0.061      0.026      2.384      0.017
    HPA                0.031      0.018      1.736      0.083
    CARD               0.054      0.027      2.014      0.044
    GLUC              -0.079      0.034     -2.318      0.020
    LIPID              0.001      0.010      0.070      0.944

 PARA     WITH
    SYM                0.052      0.025      2.027      0.043
    HPA                0.021      0.020      1.041      0.298
    CARD              -0.056      0.028     -2.008      0.045
    GLUC               0.017      0.034      0.498      0.618
    LIPID              0.019      0.011      1.753      0.080
    INFL               0.041      0.026      1.557      0.120

 AVGB_RM  WITH
    AVGB_HF            0.272      0.013     20.148      0.000

 Intercepts
    RADJ_EPI          -0.806      0.142     -5.676      0.000
    RADJ_NOR          -1.424      0.137    -10.388      0.000
    AVGB_SD            1.445      0.149      9.685      0.000
    AVGB_RM            0.875      0.147      5.950      0.000
    AVGB_LF            1.941      0.140     13.849      0.000
    AVGB_HF            1.142      0.145      7.889      0.000
    RADJ_CRT          -0.508      0.143     -3.557      0.000
    B4BDHEAS           2.439      0.120     20.366      0.000
    RB4BCRP           -0.232      0.147     -1.574      0.116
    B4BIL6            -0.912      0.142     -6.403      0.000
    B4BFGN            -0.743      0.142     -5.241      0.000
    B4BSICAM          -0.532      0.152     -3.507      0.000
    B4BSESEL           0.574      0.144      3.981      0.000
    PULPRESS          -2.136      0.125    -17.033      0.000
    RB4P1GS           -1.216      0.134     -9.108      0.000
    RB4P1D            -0.089      0.146     -0.610      0.542
    B4BHA1C           -0.798      0.139     -5.740      0.000
    RB4BGLUC          -0.078      0.139     -0.558      0.577
    P4HOMAIR           0.266      0.144      1.850      0.064
    B4BLDL             0.449      0.147      3.053      0.002
    B4BHDL            -0.681      0.137     -4.976      0.000
    RB4BTRIG           0.259      0.146      1.769      0.077
    RB4PWHR            0.220      0.108      2.035      0.042

 Variances
    SYM                0.485      0.030     16.042      0.000
    HPA                0.092      0.029      3.183      0.001
    CARD               0.690      0.035     19.873      0.000
    GLUC               0.821      0.094      8.737      0.000
    LIPID              0.023      0.016      1.457      0.145
    INFL               0.330      0.062      5.321      0.000
    PARA               0.877      0.043     20.544      0.000
    AL2                1.000      0.000    999.000    999.000
    AL1                1.000      0.000    999.000    999.000

 Residual Variances
    RADJ_EPI           0.415      0.033     12.458      0.000
    RADJ_NOR           0.393      0.030     12.948      0.000
    AVGB_SD            0.000      0.000    999.000    999.000
    AVGB_RM            0.289      0.013     22.023      0.000
    AVGB_LF            0.209      0.011     19.585      0.000
    AVGB_HF            0.334      0.015     22.109      0.000
    RADJ_CRT           0.777      0.041     18.862      0.000
    B4BDHEAS           0.618      0.037     16.542      0.000
    RB4BCRP            0.358      0.044      8.184      0.000
    B4BIL6             0.539      0.037     14.617      0.000
    B4BFGN             0.520      0.048     10.886      0.000
    B4BSICAM           0.923      0.061     15.039      0.000
    B4BSESEL           0.849      0.041     20.917      0.000
    PULPRESS           0.106      0.015      7.234      0.000
    RB4P1GS            0.221      0.017     12.640      0.000
    RB4P1D             0.757      0.034     22.436      0.000
    B4BHA1C            0.463      0.045     10.239      0.000
    RB4BGLUC           0.000      0.000    999.000    999.000
    P4HOMAIR           0.434      0.029     14.937      0.000
    B4BLDL             0.915      0.042     21.970      0.000
    B4BHDL             0.558      0.044     12.711      0.000
    RB4BTRIG           0.294      0.098      2.995      0.003
    RB4PWHR            0.378      0.019     19.688      0.000


STANDARDIZED MODEL RESULTS


STDYX Standardization

                                                    Two-Tailed
                    Estimate       S.E.  Est./S.E.    P-Value

 SYM      BY
    RADJ_NOR           0.695      0.017     40.044      0.000
    RADJ_EPI           0.699      0.018     37.783      0.000

 HPA      BY
    RADJ_CRT           0.306      0.047      6.532      0.000
    B4BDHEAS           0.301      0.046      6.541      0.000

 CARD     BY
    RB4P1GS            0.829      0.011     72.847      0.000
    PULPRESS           0.832      0.015     56.572      0.000

 GLUC     BY
    RB4BGLUC           0.908      0.020     45.997      0.000
    P4HOMAIR           0.299      0.037      8.176      0.000
    B4BHA1C            0.602      0.039     15.339      0.000

 LIPID    BY
    RB4PWHR            0.153      0.052      2.907      0.004
    RB4BTRIG           0.739      0.067     11.018      0.000
    B4BHDL            -0.466      0.068     -6.810      0.000
    B4BLDL             0.271      0.036      7.469      0.000
    P4HOMAIR           0.268      0.062      4.333      0.000

 INFL     BY
    RB4BCRP            0.573      0.052     10.918      0.000
    B4BIL6             0.407      0.042      9.675      0.000
    B4BFGN             0.550      0.049     11.126      0.000
    B4BSICAM           0.113      0.055      2.061      0.039
    B4BSESEL           0.008      0.045      0.176      0.860

 PARA     BY
    AVGB_SD           -0.935      0.013    -74.339      0.000
    AVGB_RM           -0.815      0.013    -63.030      0.000
    AVGB_HF           -0.764      0.015    -50.632      0.000
    AVGB_LF           -0.761      0.016    -47.242      0.000
    RB4P1D             0.319      0.028     11.504      0.000

 AL2      BY
    RADJ_NOR           0.127      0.044      2.877      0.004
    RADJ_EPI          -0.256      0.044     -5.760      0.000
    RB4P1GS            0.108      0.041      2.667      0.008
    PULPRESS           0.077      0.037      2.050      0.040
    RB4BGLUC           0.394      0.045      8.762      0.000
    P4HOMAIR           0.614      0.047     13.000      0.000
    B4BHA1C            0.381      0.038     10.012      0.000
    AVGB_SD           -0.189      0.044     -4.291      0.000
    AVGB_RM           -0.097      0.045     -2.159      0.031
    AVGB_HF           -0.101      0.042     -2.404      0.016
    AVGB_LF           -0.223      0.038     -5.846      0.000
    RB4P1D             0.354      0.035     10.237      0.000

 AL1      BY
    RADJ_CRT          -0.314      0.038     -8.243      0.000
    B4BDHEAS          -0.062      0.036     -1.731      0.083
    RB4PWHR            0.423      0.031     13.654      0.000
    RB4BTRIG           0.345      0.065      5.292      0.000
    B4BHDL            -0.295      0.060     -4.946      0.000
    B4BLDL             0.001      0.049      0.027      0.979
    RB4BCRP            0.536      0.035     15.340      0.000
    B4BIL6             0.508      0.036     14.120      0.000
    B4BFGN             0.366      0.037      9.877      0.000
    B4BSICAM           0.224      0.042      5.376      0.000
    B4BSESEL           0.366      0.034     10.913      0.000

 RADJ_EPI ON
    B1PGENDER          0.029      0.029      0.993      0.321
    B1PAGE_M2          0.167      0.029      5.751      0.000

 RADJ_NOR ON
    B1PGENDER          0.228      0.027      8.542      0.000
    B1PAGE_M2          0.250      0.027      9.261      0.000

 AVGB_SD  ON
    B1PGENDER         -0.069      0.028     -2.477      0.013
    B1PAGE_M2         -0.296      0.030     -9.880      0.000

 AVGB_RM  ON
    B1PGENDER          0.015      0.029      0.507      0.612
    B1PAGE_M2         -0.194      0.031     -6.194      0.000

 AVGB_HF  ON
    B1PGENDER          0.058      0.028      2.056      0.040
    B1PAGE_M2         -0.263      0.030     -8.820      0.000

 AVGB_LF  ON
    B1PGENDER         -0.129      0.027     -4.836      0.000
    B1PAGE_M2         -0.389      0.027    -14.458      0.000

 RB4P1D   ON
    B1PGENDER          0.122      0.029      4.224      0.000
    B1PAGE_M2         -0.011      0.029     -0.378      0.706

 RADJ_CRT ON
    B1PGENDER          0.101      0.029      3.486      0.000
    B1PAGE_M2          0.085      0.029      2.916      0.004

 B4BDHEAS ON
    B1PGENDER         -0.344      0.022    -15.689      0.000
    B1PAGE_M2         -0.436      0.023    -18.624      0.000

 RB4BCRP  ON
    B1PGENDER          0.166      0.028      6.014      0.000
    B1PAGE_M2          0.011      0.030      0.358      0.721

 B4BIL6   ON
    B1PGENDER          0.076      0.028      2.716      0.007
    B1PAGE_M2          0.178      0.028      6.375      0.000

 B4BFGN   ON
    B1PGENDER          0.180      0.027      6.610      0.000
    B1PAGE_M2          0.116      0.029      4.022      0.000

 B4BSICAM ON
    B1PGENDER          0.005      0.029      0.179      0.858
    B1PAGE_M2          0.113      0.031      3.680      0.000

 B4BSESEL ON
    B1PGENDER         -0.088      0.029     -2.999      0.003
    B1PAGE_M2         -0.101      0.028     -3.602      0.000

 RB4P1GS  ON
    B1PGENDER         -0.062      0.027     -2.317      0.020
    B1PAGE_M2          0.276      0.027     10.090      0.000

 PULPRESS ON
    B1PGENDER          0.091      0.025      3.680      0.000
    B1PAGE_M2          0.437      0.024     18.512      0.000

 RB4BGLUC ON
    B1PGENDER         -0.132      0.029     -4.593      0.000
    B1PAGE_M2          0.049      0.028      1.764      0.078

 P4HOMAIR ON
    B1PGENDER         -0.099      0.029     -3.406      0.001
    B1PAGE_M2         -0.032      0.028     -1.157      0.247

 B4BHA1C  ON
    B1PGENDER          0.011      0.030      0.374      0.708
    B1PAGE_M2          0.169      0.030      5.672      0.000

 RB4PWHR  ON
    B1PGENDER         -0.633      0.016    -39.357      0.000
    B1PAGE_M2          0.109      0.021      5.050      0.000

 RB4BTRIG ON
    B1PGENDER         -0.204      0.028     -7.247      0.000
    B1PAGE_M2         -0.005      0.029     -0.169      0.866

 B4BHDL   ON
    B1PGENDER          0.369      0.025     15.048      0.000
    B1PAGE_M2          0.055      0.028      1.989      0.047

 B4BLDL   ON
    B1PGENDER          0.019      0.029      0.658      0.510
    B1PAGE_M2         -0.101      0.029     -3.503      0.000

 AL1      WITH
    AL2                1.103      0.055     19.965      0.000
    SYM                0.000      0.000    999.000    999.000
    PARA               0.000      0.000    999.000    999.000
    HPA                0.000      0.000    999.000    999.000
    INFL               0.000      0.000    999.000    999.000
    CARD               0.000      0.000    999.000    999.000
    GLUC               0.000      0.000    999.000    999.000
    LIPID              0.000      0.000    999.000    999.000

 AL2      WITH
    SYM                0.000      0.000    999.000    999.000
    PARA               0.000      0.000    999.000    999.000
    HPA                0.000      0.000    999.000    999.000
    INFL               0.000      0.000    999.000    999.000
    CARD               0.000      0.000    999.000    999.000
    GLUC               0.000      0.000    999.000    999.000
    LIPID              0.000      0.000    999.000    999.000

 HPA      WITH
    SYM                0.336      0.088      3.816      0.000

 CARD     WITH
    SYM                0.102      0.039      2.653      0.008
    HPA                0.233      0.079      2.953      0.003

 GLUC     WITH
    SYM                0.055      0.040      1.377      0.169
    HPA                0.167      0.090      1.861      0.063
    CARD               0.066      0.035      1.888      0.059

 LIPID    WITH
    SYM               -0.050      0.058     -0.858      0.391
    HPA               -0.106      0.098     -1.076      0.282
    CARD               0.131      0.042      3.133      0.002
    GLUC               0.100      0.059      1.698      0.090

 INFL     WITH
    SYM                0.152      0.068      2.247      0.025
    HPA                0.179      0.113      1.580      0.114
    CARD               0.113      0.051      2.224      0.026
    GLUC              -0.152      0.067     -2.283      0.022
    LIPID              0.008      0.114      0.072      0.943

 PARA     WITH
    SYM                0.079      0.039      2.021      0.043
    HPA                0.074      0.073      1.019      0.308
    CARD              -0.072      0.036     -2.008      0.045
    GLUC               0.020      0.039      0.502      0.616
    LIPID              0.131      0.046      2.863      0.004
    INFL               0.077      0.048      1.607      0.108

 AVGB_RM  WITH
    AVGB_HF            0.875      0.013     69.650      0.000

 Intercepts
    RADJ_EPI          -0.809      0.139     -5.829      0.000
    RADJ_NOR          -1.421      0.131    -10.873      0.000
    AVGB_SD            1.442      0.141     10.244      0.000
    AVGB_RM            0.874      0.146      6.004      0.000
    AVGB_LF            1.936      0.126     15.313      0.000
    AVGB_HF            1.141      0.141      8.081      0.000
    RADJ_CRT          -0.512      0.143     -3.589      0.000
    B4BDHEAS           2.424      0.106     22.826      0.000
    RB4BCRP           -0.231      0.147     -1.577      0.115
    B4BIL6            -0.913      0.140     -6.510      0.000
    B4BFGN            -0.743      0.138     -5.371      0.000
    B4BSICAM          -0.532      0.155     -3.440      0.001
    B4BSESEL           0.574      0.143      4.012      0.000
    PULPRESS          -2.139      0.109    -19.687      0.000
    RB4P1GS           -1.214      0.130     -9.360      0.000
    RB4P1D            -0.089      0.147     -0.609      0.543
    B4BHA1C           -0.799      0.157     -5.076      0.000
    RB4BGLUC          -0.078      0.141     -0.552      0.581
    P4HOMAIR           0.266      0.143      1.860      0.063
    B4BLDL             0.449      0.146      3.084      0.002
    B4BHDL            -0.681      0.139     -4.886      0.000
    RB4BTRIG           0.259      0.146      1.776      0.076
    RB4PWHR            0.220      0.108      2.040      0.041

 Variances
    SYM                1.000      0.000    999.000    999.000
    HPA                1.000      0.000    999.000    999.000
    CARD               1.000      0.000    999.000    999.000
    GLUC               1.000      0.000    999.000    999.000
    LIPID              1.000      0.000    999.000    999.000
    INFL               1.000      0.000    999.000    999.000
    PARA               1.000      0.000    999.000    999.000
    AL2                1.000      0.000    999.000    999.000
    AL1                1.000      0.000    999.000    999.000

 Residual Variances
    RADJ_EPI           0.418      0.030     14.118      0.000
    RADJ_NOR           0.392      0.027     14.611      0.000
    AVGB_SD            0.000    999.000    999.000    999.000
    AVGB_RM            0.288      0.015     18.642      0.000
    AVGB_LF            0.208      0.013     16.164      0.000
    AVGB_HF            0.332      0.017     19.172      0.000
    RADJ_CRT           0.791      0.032     24.541      0.000
    B4BDHEAS           0.611      0.032     18.848      0.000
    RB4BCRP            0.356      0.044      8.129      0.000
    B4BIL6             0.540      0.032     16.936      0.000
    B4BFGN             0.519      0.047     11.023      0.000
    B4BSICAM           0.924      0.017     55.204      0.000
    B4BSESEL           0.849      0.025     34.121      0.000
    PULPRESS           0.106      0.015      7.222      0.000
    RB4P1GS            0.220      0.015     14.390      0.000
    RB4P1D             0.758      0.026     29.624      0.000
    B4BHA1C            0.464      0.040     11.726      0.000
    RB4BGLUC           0.000    999.000    999.000    999.000
    P4HOMAIR           0.435      0.030     14.613      0.000
    B4BLDL             0.916      0.020     45.214      0.000
    B4BHDL             0.559      0.041     13.563      0.000
    RB4BTRIG           0.294      0.099      2.967      0.003
    RB4PWHR            0.379      0.019     19.850      0.000


R-SQUARE

    Observed                                        Two-Tailed
    Variable        Estimate       S.E.  Est./S.E.    P-Value

    RADJ_EPI           0.582      0.030     19.676      0.000
    RADJ_NOR           0.608      0.027     22.708      0.000
    AVGB_SD            1.000    999.000    999.000    999.000
    AVGB_RM            0.712      0.015     46.074      0.000
    AVGB_LF            0.792      0.013     61.643      0.000
    AVGB_HF            0.668      0.017     38.491      0.000
    RADJ_CRT           0.209      0.032      6.477      0.000
    B4BDHEAS           0.389      0.032     12.025      0.000
    RB4BCRP            0.644      0.044     14.677      0.000
    B4BIL6             0.460      0.032     14.444      0.000
    B4BFGN             0.481      0.047     10.218      0.000
    B4BSICAM           0.076      0.017      4.525      0.000
    B4BSESEL           0.151      0.025      6.083      0.000
    PULPRESS           0.894      0.015     60.657      0.000
    RB4P1GS            0.780      0.015     51.086      0.000
    RB4P1D             0.242      0.026      9.469      0.000
    B4BHA1C            0.536      0.040     13.521      0.000
    RB4BGLUC           1.000    999.000    999.000    999.000
    P4HOMAIR           0.565      0.030     18.987      0.000
    B4BLDL             0.084      0.020      4.149      0.000
    B4BHDL             0.441      0.041     10.716      0.000
    RB4BTRIG           0.706      0.099      7.126      0.000
    RB4PWHR            0.621      0.019     32.590      0.000


QUALITY OF NUMERICAL RESULTS

     Condition Number for the Information Matrix              0.194E-07
       (ratio of smallest to largest eigenvalue)


CONFIDENCE INTERVALS OF MODEL RESULTS

                  Lower .5%  Lower 2.5%    Lower 5%    Estimate    Upper 5%  Upper 2.5%   Upper .5%

 SYM      BY
    RADJ_NOR         1.000       1.000       1.000       1.000       1.000       1.000       1.000
    RADJ_EPI         1.000       1.000       1.000       1.000       1.000       1.000       1.000

 HPA      BY
    RADJ_CRT         1.000       1.000       1.000       1.000       1.000       1.000       1.000
    B4BDHEAS         1.000       1.000       1.000       1.000       1.000       1.000       1.000

 CARD     BY
    RB4P1GS          1.000       1.000       1.000       1.000       1.000       1.000       1.000
    PULPRESS         1.000       1.000       1.000       1.000       1.000       1.000       1.000

 GLUC     BY
    RB4BGLUC         1.000       1.000       1.000       1.000       1.000       1.000       1.000
    P4HOMAIR         0.236       0.258       0.270       0.330       0.391       0.402       0.425
    B4BHA1C          0.567       0.590       0.601       0.663       0.724       0.736       0.759

 LIPID    BY
    RB4PWHR          1.000       1.000       1.000       1.000       1.000       1.000       1.000
    RB4BTRIG         0.024       1.177       1.766       4.845       7.924       8.513       9.666
    B4BHDL          -5.063      -4.583      -4.338      -3.056      -1.774      -1.528      -1.048
    B4BLDL           0.190       0.569       0.763       1.775       2.787       2.981       3.360
    P4HOMAIR         0.849       1.065       1.176       1.755       2.334       2.445       2.661

 INFL     BY
    RB4BCRP          1.000       1.000       1.000       1.000       1.000       1.000       1.000
    B4BIL6           0.470       0.527       0.556       0.709       0.861       0.890       0.948
    B4BFGN           0.570       0.663       0.710       0.959       1.207       1.255       1.348
    B4BSICAM        -0.046       0.012       0.042       0.196       0.350       0.380       0.438
    B4BSESEL        -0.189      -0.141      -0.116       0.014       0.144       0.168       0.217

 PARA     BY
    AVGB_SD         -1.000      -1.000      -1.000      -1.000      -1.000      -1.000      -1.000
    AVGB_RM         -0.919      -0.908      -0.902      -0.872      -0.841      -0.835      -0.824
    AVGB_HF         -0.866      -0.854      -0.848      -0.817      -0.786      -0.780      -0.768
    AVGB_LF         -0.857      -0.847      -0.842      -0.815      -0.788      -0.783      -0.773
    RB4P1D           0.262       0.281       0.291       0.340       0.390       0.400       0.419

 AL2      BY
    RADJ_NOR         0.013       0.040       0.054       0.127       0.200       0.214       0.242
    RADJ_EPI        -0.372      -0.344      -0.330      -0.255      -0.181      -0.167      -0.139
    RB4P1GS          0.004       0.029       0.041       0.109       0.176       0.189       0.214
    PULPRESS        -0.020       0.003       0.015       0.077       0.138       0.150       0.173
    RB4BGLUC         0.269       0.298       0.314       0.393       0.473       0.488       0.518
    P4HOMAIR         0.484       0.515       0.531       0.614       0.697       0.713       0.744
    B4BHA1C          0.267       0.294       0.308       0.380       0.453       0.467       0.494
    AVGB_SD         -0.304      -0.277      -0.263      -0.189      -0.116      -0.102      -0.075
    AVGB_RM         -0.212      -0.185      -0.170      -0.097      -0.023      -0.009       0.019
    AVGB_HF         -0.210      -0.184      -0.171      -0.101      -0.032      -0.018       0.007
    AVGB_LF         -0.324      -0.300      -0.288      -0.224      -0.160      -0.148      -0.124
    RB4P1D           0.260       0.282       0.294       0.354       0.414       0.426       0.448

 AL1      BY
    RADJ_CRT        -0.410      -0.386      -0.374      -0.311      -0.247      -0.235      -0.211
    B4BDHEAS        -0.155      -0.133      -0.122      -0.062      -0.003       0.008       0.030
    RB4PWHR          0.340       0.360       0.370       0.423       0.476       0.486       0.506
    RB4BTRIG         0.173       0.214       0.235       0.345       0.454       0.475       0.516
    B4BHDL          -0.448      -0.412      -0.393      -0.295      -0.197      -0.178      -0.141
    B4BLDL          -0.124      -0.094      -0.079       0.001       0.081       0.096       0.126
    RB4BCRP          0.441       0.464       0.476       0.538       0.600       0.612       0.635
    B4BIL6           0.410       0.433       0.445       0.508       0.571       0.583       0.606
    B4BFGN           0.265       0.289       0.302       0.367       0.431       0.444       0.468
    B4BSICAM         0.113       0.140       0.153       0.224       0.295       0.309       0.335
    B4BSESEL         0.274       0.296       0.307       0.366       0.425       0.436       0.458

 RADJ_EPI ON
    B1PGENDER       -0.093      -0.057      -0.038       0.058       0.154       0.173       0.209
    B1PAGE_M2        0.008       0.009       0.010       0.014       0.018       0.019       0.021

 RADJ_NOR ON
    B1PGENDER        0.317       0.351       0.369       0.461       0.553       0.570       0.605
    B1PAGE_M2        0.015       0.017       0.017       0.021       0.025       0.026       0.027

 AVGB_SD  ON
    B1PGENDER       -0.288      -0.253      -0.235      -0.141      -0.047      -0.029       0.007
    B1PAGE_M2       -0.032      -0.031      -0.030      -0.025      -0.021      -0.020      -0.018

 AVGB_RM  ON
    B1PGENDER       -0.121      -0.085      -0.066       0.030       0.126       0.144       0.180
    B1PAGE_M2       -0.023      -0.022      -0.021      -0.017      -0.012      -0.011      -0.010

 AVGB_HF  ON
    B1PGENDER       -0.030       0.005       0.023       0.118       0.213       0.231       0.267
    B1PAGE_M2       -0.029      -0.028      -0.027      -0.022      -0.018      -0.017      -0.016

 AVGB_LF  ON
    B1PGENDER       -0.403      -0.369      -0.352      -0.262      -0.172      -0.154      -0.120
    B1PAGE_M2       -0.040      -0.038      -0.037      -0.033      -0.029      -0.028      -0.027

 RB4P1D   ON
    B1PGENDER        0.095       0.131       0.150       0.246       0.343       0.361       0.397
    B1PAGE_M2       -0.007      -0.006      -0.005      -0.001       0.003       0.004       0.005

 RADJ_CRT ON
    B1PGENDER        0.053       0.088       0.107       0.203       0.299       0.317       0.353
    B1PAGE_M2        0.001       0.002       0.003       0.007       0.011       0.012       0.014

 B4BDHEAS ON
    B1PGENDER       -0.825      -0.795      -0.779      -0.699      -0.618      -0.602      -0.572
    B1PAGE_M2       -0.043      -0.042      -0.041      -0.037      -0.034      -0.033      -0.032

 RB4BCRP  ON
    B1PGENDER        0.190       0.225       0.243       0.336       0.429       0.447       0.482
    B1PAGE_M2       -0.006      -0.004      -0.003       0.001       0.005       0.006       0.007

 B4BIL6   ON
    B1PGENDER        0.007       0.042       0.060       0.153       0.247       0.265       0.300
    B1PAGE_M2        0.009       0.010       0.011       0.015       0.019       0.020       0.021

 B4BFGN   ON
    B1PGENDER        0.217       0.252       0.270       0.364       0.457       0.475       0.510
    B1PAGE_M2        0.003       0.005       0.006       0.010       0.014       0.015       0.016

 B4BSICAM ON
    B1PGENDER       -0.140      -0.104      -0.085       0.010       0.106       0.125       0.160
    B1PAGE_M2        0.003       0.005       0.005       0.010       0.014       0.015       0.016

 B4BSESEL ON
    B1PGENDER       -0.332      -0.295      -0.276      -0.178      -0.080      -0.061      -0.024
    B1PAGE_M2       -0.015      -0.013      -0.013      -0.009      -0.005      -0.004      -0.002

 RB4P1GS  ON
    B1PGENDER       -0.262      -0.229      -0.213      -0.124      -0.036      -0.019       0.014
    B1PAGE_M2        0.017       0.019       0.020       0.024       0.028       0.028       0.030

 PULPRESS ON
    B1PGENDER        0.054       0.085       0.101       0.184       0.267       0.283       0.314
    B1PAGE_M2        0.031       0.033       0.034       0.037       0.041       0.042       0.043

 RB4BGLUC ON
    B1PGENDER       -0.419      -0.382      -0.364      -0.265      -0.167      -0.148      -0.111
    B1PAGE_M2       -0.002       0.000       0.000       0.004       0.008       0.009       0.010

 P4HOMAIR ON
    B1PGENDER       -0.353      -0.317      -0.298      -0.200      -0.103      -0.084      -0.048
    B1PAGE_M2       -0.009      -0.007      -0.007      -0.003       0.001       0.002       0.003

 B4BHA1C  ON
    B1PGENDER       -0.132      -0.095      -0.076       0.023       0.121       0.140       0.177
    B1PAGE_M2        0.008       0.010       0.011       0.014       0.018       0.019       0.020

 RB4PWHR  ON
    B1PGENDER       -1.391      -1.364      -1.350      -1.277      -1.205      -1.191      -1.164
    B1PAGE_M2        0.005       0.006       0.006       0.009       0.012       0.013       0.014

 RB4BTRIG ON
    B1PGENDER       -0.562      -0.526      -0.507      -0.411      -0.314      -0.296      -0.260
    B1PAGE_M2       -0.007      -0.005      -0.004       0.000       0.004       0.004       0.006

 B4BHDL   ON
    B1PGENDER        0.604       0.638       0.655       0.744       0.833       0.851       0.884
    B1PAGE_M2       -0.001       0.000       0.001       0.005       0.009       0.009       0.011

 B4BLDL   ON
    B1PGENDER       -0.113      -0.077      -0.058       0.039       0.135       0.154       0.190
    B1PAGE_M2       -0.015      -0.013      -0.013      -0.009      -0.005      -0.004      -0.002

 AL1      WITH
    AL2              0.961       0.995       1.012       1.103       1.194       1.211       1.245
    SYM              0.000       0.000       0.000       0.000       0.000       0.000       0.000
    PARA             0.000       0.000       0.000       0.000       0.000       0.000       0.000
    HPA              0.000       0.000       0.000       0.000       0.000       0.000       0.000
    INFL             0.000       0.000       0.000       0.000       0.000       0.000       0.000
    CARD             0.000       0.000       0.000       0.000       0.000       0.000       0.000
    GLUC             0.000       0.000       0.000       0.000       0.000       0.000       0.000
    LIPID            0.000       0.000       0.000       0.000       0.000       0.000       0.000

 AL2      WITH
    SYM              0.000       0.000       0.000       0.000       0.000       0.000       0.000
    PARA             0.000       0.000       0.000       0.000       0.000       0.000       0.000
    HPA              0.000       0.000       0.000       0.000       0.000       0.000       0.000
    INFL             0.000       0.000       0.000       0.000       0.000       0.000       0.000
    CARD             0.000       0.000       0.000       0.000       0.000       0.000       0.000
    GLUC             0.000       0.000       0.000       0.000       0.000       0.000       0.000
    LIPID            0.000       0.000       0.000       0.000       0.000       0.000       0.000

 HPA      WITH
    SYM              0.024       0.035       0.041       0.071       0.101       0.107       0.118

 CARD     WITH
    SYM              0.001       0.015       0.022       0.059       0.096       0.103       0.117
    HPA              0.012       0.023       0.029       0.059       0.089       0.095       0.106

 GLUC     WITH
    SYM             -0.031      -0.015      -0.007       0.035       0.076       0.084       0.100
    HPA             -0.013       0.001       0.008       0.046       0.084       0.091       0.105
    CARD            -0.019      -0.002       0.006       0.049       0.093       0.101       0.117

 LIPID    WITH
    SYM             -0.023      -0.019      -0.017      -0.005       0.006       0.009       0.013
    HPA             -0.017      -0.014      -0.013      -0.005       0.003       0.004       0.007
    CARD            -0.005       0.000       0.003       0.017       0.030       0.033       0.038
    GLUC            -0.013      -0.006      -0.003       0.014       0.031       0.034       0.040

 INFL     WITH
    SYM             -0.005       0.011       0.019       0.061       0.103       0.111       0.127
    HPA             -0.015      -0.004       0.002       0.031       0.061       0.066       0.078
    CARD            -0.015       0.001       0.010       0.054       0.098       0.106       0.123
    GLUC            -0.167      -0.146      -0.135      -0.079      -0.023      -0.012       0.009
    LIPID           -0.026      -0.019      -0.016       0.001       0.017       0.021       0.027

 PARA     WITH
    SYM             -0.014       0.002       0.010       0.052       0.093       0.101       0.117
    HPA             -0.031      -0.019      -0.012       0.021       0.054       0.061       0.073
    CARD            -0.128      -0.111      -0.102      -0.056      -0.010      -0.001       0.016
    GLUC            -0.070      -0.049      -0.039       0.017       0.072       0.083       0.104
    LIPID           -0.009      -0.002       0.001       0.019       0.036       0.040       0.046
    INFL            -0.027      -0.011      -0.002       0.041       0.085       0.093       0.109

 AVGB_RM  WITH
    AVGB_HF          0.237       0.245       0.249       0.272       0.294       0.298       0.306

 Intercepts
    RADJ_EPI        -1.172      -1.085      -1.040      -0.806      -0.573      -0.528      -0.440
    RADJ_NOR        -1.777      -1.693      -1.649      -1.424      -1.198      -1.155      -1.071
    AVGB_SD          1.061       1.153       1.200       1.445       1.691       1.738       1.830
    AVGB_RM          0.496       0.587       0.633       0.875       1.117       1.163       1.253
    AVGB_LF          1.580       1.666       1.710       1.941       2.171       2.216       2.302
    AVGB_HF          0.769       0.859       0.904       1.142       1.381       1.426       1.515
    RADJ_CRT        -0.876      -0.788      -0.743      -0.508      -0.273      -0.228      -0.140
    B4BDHEAS         2.131       2.204       2.242       2.439       2.636       2.674       2.748
    RB4BCRP         -0.612      -0.521      -0.475      -0.232       0.010       0.057       0.148
    B4BIL6          -1.279      -1.191      -1.146      -0.912      -0.678      -0.633      -0.545
    B4BFGN          -1.109      -1.021      -0.977      -0.743      -0.510      -0.465      -0.378
    B4BSICAM        -0.922      -0.829      -0.781      -0.532      -0.282      -0.234      -0.141
    B4BSESEL         0.203       0.291       0.337       0.574       0.811       0.857       0.946
    PULPRESS        -2.459      -2.382      -2.342      -2.136      -1.930      -1.890      -1.813
    RB4P1GS         -1.560      -1.478      -1.436      -1.216      -0.996      -0.954      -0.872
    RB4P1D          -0.466      -0.376      -0.330      -0.089       0.151       0.197       0.287
    B4BHA1C         -1.156      -1.070      -1.026      -0.798      -0.569      -0.525      -0.440
    RB4BGLUC        -0.437      -0.351      -0.307      -0.078       0.152       0.196       0.281
    P4HOMAIR        -0.104      -0.016       0.029       0.266       0.503       0.548       0.637
    B4BLDL           0.070       0.161       0.207       0.449       0.691       0.738       0.828
    B4BHDL          -1.033      -0.949      -0.906      -0.681      -0.456      -0.413      -0.328
    RB4BTRIG        -0.118      -0.028       0.018       0.259       0.500       0.546       0.636
    RB4PWHR         -0.058       0.008       0.042       0.220       0.397       0.431       0.498

 Variances
    SYM              0.407       0.426       0.435       0.485       0.535       0.545       0.563
    HPA              0.018       0.035       0.044       0.092       0.140       0.149       0.166
    CARD             0.600       0.622       0.633       0.690       0.747       0.758       0.779
    GLUC             0.579       0.637       0.666       0.821       0.976       1.005       1.063
    LIPID           -0.018      -0.008      -0.003       0.023       0.049       0.055       0.064
    INFL             0.170       0.208       0.228       0.330       0.432       0.452       0.490
    PARA             0.767       0.793       0.807       0.877       0.947       0.961       0.987
    AL2              1.000       1.000       1.000       1.000       1.000       1.000       1.000
    AL1              1.000       1.000       1.000       1.000       1.000       1.000       1.000

 Residual Variances
    RADJ_EPI         0.329       0.350       0.360       0.415       0.470       0.480       0.501
    RADJ_NOR         0.315       0.334       0.343       0.393       0.443       0.452       0.471
    AVGB_SD          0.000       0.000       0.000       0.000       0.000       0.000       0.000
    AVGB_RM          0.255       0.263       0.267       0.289       0.310       0.314       0.322
    AVGB_LF          0.181       0.188       0.191       0.209       0.226       0.230       0.236
    AVGB_HF          0.295       0.304       0.309       0.334       0.358       0.363       0.372
    RADJ_CRT         0.671       0.696       0.709       0.777       0.845       0.858       0.883
    B4BDHEAS         0.522       0.545       0.557       0.618       0.679       0.691       0.714
    RB4BCRP          0.246       0.273       0.286       0.358       0.430       0.444       0.471
    B4BIL6           0.444       0.467       0.478       0.539       0.600       0.611       0.634
    B4BFGN           0.397       0.426       0.441       0.520       0.598       0.613       0.643
    B4BSICAM         0.765       0.803       0.822       0.923       1.024       1.044       1.082
    B4BSESEL         0.744       0.769       0.782       0.849       0.915       0.928       0.953
    PULPRESS         0.068       0.077       0.082       0.106       0.130       0.135       0.144
    RB4P1GS          0.176       0.186       0.192       0.221       0.249       0.255       0.266
    RB4P1D           0.670       0.691       0.701       0.757       0.812       0.823       0.844
    B4BHA1C          0.346       0.374       0.389       0.463       0.537       0.551       0.579
    RB4BGLUC         0.000       0.000       0.000       0.000       0.000       0.000       0.000
    P4HOMAIR         0.360       0.377       0.387       0.434       0.482       0.491       0.509
    B4BLDL           0.808       0.834       0.847       0.915       0.984       0.997       1.023
    B4BHDL           0.445       0.472       0.486       0.558       0.631       0.644       0.671
    RB4BTRIG         0.041       0.102       0.133       0.294       0.455       0.486       0.547
    RB4PWHR          0.329       0.340       0.346       0.378       0.410       0.416       0.428


CONFIDENCE INTERVALS OF STANDARDIZED MODEL RESULTS


STDYX Standardization

                  Lower .5%  Lower 2.5%    Lower 5%    Estimate    Upper 5%  Upper 2.5%   Upper .5%

 SYM      BY
    RADJ_NOR         0.651       0.661       0.667       0.695       0.724       0.729       0.740
    RADJ_EPI         0.651       0.663       0.668       0.699       0.729       0.735       0.746

 HPA      BY
    RADJ_CRT         0.185       0.214       0.229       0.306       0.383       0.398       0.427
    B4BDHEAS         0.183       0.211       0.226       0.301       0.377       0.392       0.420

 CARD     BY
    RB4P1GS          0.800       0.807       0.810       0.829       0.848       0.851       0.858
    PULPRESS         0.794       0.803       0.808       0.832       0.856       0.861       0.870

 GLUC     BY
    RB4BGLUC         0.857       0.869       0.876       0.908       0.940       0.947       0.959
    P4HOMAIR         0.205       0.228       0.239       0.299       0.360       0.371       0.394
    B4BHA1C          0.501       0.525       0.537       0.602       0.666       0.678       0.703

 LIPID    BY
    RB4PWHR          0.017       0.050       0.066       0.153       0.239       0.255       0.288
    RB4BTRIG         0.566       0.607       0.628       0.739       0.849       0.870       0.911
    B4BHDL          -0.642      -0.600      -0.579      -0.466      -0.353      -0.332      -0.290
    B4BLDL           0.177       0.200       0.211       0.271       0.330       0.342       0.364
    P4HOMAIR         0.109       0.147       0.166       0.268       0.369       0.389       0.427

 INFL     BY
    RB4BCRP          0.438       0.470       0.487       0.573       0.659       0.676       0.708
    B4BIL6           0.299       0.325       0.338       0.407       0.477       0.490       0.516
    B4BFGN           0.423       0.453       0.469       0.550       0.632       0.647       0.678
    B4BSICAM        -0.028       0.005       0.023       0.113       0.202       0.220       0.253
    B4BSESEL        -0.109      -0.081      -0.066       0.008       0.082       0.097       0.125

 PARA     BY
    AVGB_SD         -0.967      -0.959      -0.955      -0.935      -0.914      -0.910      -0.902
    AVGB_RM         -0.849      -0.841      -0.837      -0.815      -0.794      -0.790      -0.782
    AVGB_HF         -0.803      -0.793      -0.789      -0.764      -0.739      -0.734      -0.725
    AVGB_LF         -0.803      -0.793      -0.788      -0.761      -0.735      -0.730      -0.720
    RB4P1D           0.248       0.265       0.273       0.319       0.365       0.373       0.390

 AL2      BY
    RADJ_NOR         0.013       0.040       0.054       0.127       0.199       0.213       0.240
    RADJ_EPI        -0.371      -0.343      -0.329      -0.256      -0.183      -0.169      -0.142
    RB4P1GS          0.004       0.029       0.042       0.108       0.175       0.188       0.213
    PULPRESS        -0.020       0.003       0.015       0.077       0.138       0.150       0.173
    RB4BGLUC         0.278       0.306       0.320       0.394       0.468       0.482       0.510
    P4HOMAIR         0.492       0.522       0.536       0.614       0.692       0.707       0.736
    B4BHA1C          0.283       0.306       0.318       0.381       0.444       0.456       0.479
    AVGB_SD         -0.303      -0.275      -0.262      -0.189      -0.117      -0.103      -0.076
    AVGB_RM         -0.212      -0.184      -0.170      -0.097      -0.023      -0.009       0.019
    AVGB_HF         -0.209      -0.183      -0.170      -0.101      -0.032      -0.019       0.007
    AVGB_LF         -0.322      -0.298      -0.286      -0.223      -0.160      -0.148      -0.125
    RB4P1D           0.265       0.286       0.297       0.354       0.411       0.422       0.443

 AL1      BY
    RADJ_CRT        -0.412      -0.388      -0.376      -0.314      -0.251      -0.239      -0.216
    B4BDHEAS        -0.154      -0.132      -0.121      -0.062      -0.003       0.008       0.030
    RB4PWHR          0.344       0.363       0.372       0.423       0.474       0.484       0.503
    RB4BTRIG         0.177       0.217       0.238       0.345       0.452       0.472       0.513
    B4BHDL          -0.449      -0.412      -0.393      -0.295      -0.197      -0.178      -0.141
    B4BLDL          -0.124      -0.094      -0.079       0.001       0.081       0.096       0.126
    RB4BCRP          0.446       0.468       0.479       0.536       0.594       0.605       0.627
    B4BIL6           0.415       0.438       0.449       0.508       0.567       0.579       0.601
    B4BFGN           0.271       0.294       0.305       0.366       0.427       0.439       0.462
    B4BSICAM         0.117       0.143       0.156       0.224       0.293       0.306       0.332
    B4BSESEL         0.280       0.300       0.311       0.366       0.421       0.432       0.452

 RADJ_EPI ON
    B1PGENDER       -0.046      -0.028      -0.019       0.029       0.077       0.086       0.104
    B1PAGE_M2        0.092       0.110       0.119       0.167       0.214       0.224       0.241

 RADJ_NOR ON
    B1PGENDER        0.159       0.176       0.184       0.228       0.272       0.280       0.296
    B1PAGE_M2        0.180       0.197       0.205       0.250       0.294       0.302       0.319

 AVGB_SD  ON
    B1PGENDER       -0.142      -0.124      -0.116      -0.069      -0.023      -0.015       0.003
    B1PAGE_M2       -0.374      -0.355      -0.346      -0.296      -0.247      -0.238      -0.219

 AVGB_RM  ON
    B1PGENDER       -0.060      -0.042      -0.033       0.015       0.062       0.071       0.089
    B1PAGE_M2       -0.274      -0.255      -0.245      -0.194      -0.142      -0.132      -0.113

 AVGB_HF  ON
    B1PGENDER       -0.015       0.003       0.012       0.058       0.105       0.114       0.132
    B1PAGE_M2       -0.339      -0.321      -0.311      -0.263      -0.214      -0.204      -0.186

 AVGB_LF  ON
    B1PGENDER       -0.198      -0.182      -0.173      -0.129      -0.085      -0.077      -0.060
    B1PAGE_M2       -0.458      -0.441      -0.433      -0.389      -0.344      -0.336      -0.319

 RB4P1D   ON
    B1PGENDER        0.048       0.065       0.074       0.122       0.169       0.179       0.196
    B1PAGE_M2       -0.085      -0.067      -0.058      -0.011       0.037       0.046       0.063

 RADJ_CRT ON
    B1PGENDER        0.027       0.044       0.054       0.101       0.149       0.159       0.176
    B1PAGE_M2        0.010       0.028       0.037       0.085       0.133       0.142       0.160

 B4BDHEAS ON
    B1PGENDER       -0.400      -0.387      -0.380      -0.344      -0.308      -0.301      -0.287
    B1PAGE_M2       -0.496      -0.482      -0.475      -0.436      -0.398      -0.390      -0.376

 RB4BCRP  ON
    B1PGENDER        0.095       0.112       0.121       0.166       0.212       0.220       0.237
    B1PAGE_M2       -0.066      -0.047      -0.038       0.011       0.059       0.069       0.087

 B4BIL6   ON
    B1PGENDER        0.004       0.021       0.030       0.076       0.122       0.131       0.148
    B1PAGE_M2        0.106       0.123       0.132       0.178       0.223       0.232       0.249

 B4BFGN   ON
    B1PGENDER        0.110       0.127       0.135       0.180       0.225       0.233       0.250
    B1PAGE_M2        0.042       0.060       0.069       0.116       0.164       0.173       0.191

 B4BSICAM ON
    B1PGENDER       -0.069      -0.051      -0.042       0.005       0.053       0.062       0.079
    B1PAGE_M2        0.034       0.053       0.063       0.113       0.164       0.173       0.192

 B4BSESEL ON
    B1PGENDER       -0.164      -0.146      -0.137      -0.088      -0.040      -0.031      -0.012
    B1PAGE_M2       -0.174      -0.157      -0.148      -0.101      -0.055      -0.046      -0.029

 RB4P1GS  ON
    B1PGENDER       -0.130      -0.114      -0.105      -0.062      -0.018      -0.009       0.007
    B1PAGE_M2        0.205       0.222       0.231       0.276       0.321       0.329       0.346

 PULPRESS ON
    B1PGENDER        0.027       0.043       0.050       0.091       0.132       0.140       0.155
    B1PAGE_M2        0.376       0.391       0.398       0.437       0.476       0.483       0.498

 RB4BGLUC ON
    B1PGENDER       -0.205      -0.188      -0.179      -0.132      -0.084      -0.075      -0.058
    B1PAGE_M2       -0.023      -0.005       0.003       0.049       0.095       0.104       0.121

 P4HOMAIR ON
    B1PGENDER       -0.175      -0.157      -0.147      -0.099      -0.051      -0.042      -0.024
    B1PAGE_M2       -0.104      -0.087      -0.078      -0.032       0.014       0.022       0.040

 B4BHA1C  ON
    B1PGENDER       -0.066      -0.047      -0.038       0.011       0.060       0.070       0.088
    B1PAGE_M2        0.092       0.111       0.120       0.169       0.218       0.227       0.246

 RB4PWHR  ON
    B1PGENDER       -0.675      -0.665      -0.660      -0.633      -0.607      -0.602      -0.592
    B1PAGE_M2        0.053       0.066       0.073       0.109       0.144       0.151       0.164

 RB4BTRIG ON
    B1PGENDER       -0.276      -0.259      -0.250      -0.204      -0.157      -0.149      -0.131
    B1PAGE_M2       -0.079      -0.062      -0.052      -0.005       0.043       0.052       0.070

 B4BHDL   ON
    B1PGENDER        0.306       0.321       0.328       0.369       0.409       0.417       0.432
    B1PAGE_M2       -0.016       0.001       0.010       0.055       0.101       0.109       0.126

 B4BLDL   ON
    B1PGENDER       -0.056      -0.038      -0.029       0.019       0.067       0.076       0.094
    B1PAGE_M2       -0.175      -0.158      -0.149      -0.101      -0.054      -0.045      -0.027

 AL1      WITH
    AL2              0.961       0.995       1.012       1.103       1.194       1.211       1.245
    SYM              0.000       0.000       0.000       0.000       0.000       0.000       0.000
    PARA             0.000       0.000       0.000       0.000       0.000       0.000       0.000
    HPA              0.000       0.000       0.000       0.000       0.000       0.000       0.000
    INFL             0.000       0.000       0.000       0.000       0.000       0.000       0.000
    CARD             0.000       0.000       0.000       0.000       0.000       0.000       0.000
    GLUC             0.000       0.000       0.000       0.000       0.000       0.000       0.000
    LIPID            0.000       0.000       0.000       0.000       0.000       0.000       0.000

 AL2      WITH
    SYM              0.000       0.000       0.000       0.000       0.000       0.000       0.000
    PARA             0.000       0.000       0.000       0.000       0.000       0.000       0.000
    HPA              0.000       0.000       0.000       0.000       0.000       0.000       0.000
    INFL             0.000       0.000       0.000       0.000       0.000       0.000       0.000
    CARD             0.000       0.000       0.000       0.000       0.000       0.000       0.000
    GLUC             0.000       0.000       0.000       0.000       0.000       0.000       0.000
    LIPID            0.000       0.000       0.000       0.000       0.000       0.000       0.000

 HPA      WITH
    SYM              0.109       0.163       0.191       0.336       0.481       0.509       0.563

 CARD     WITH
    SYM              0.003       0.027       0.039       0.102       0.166       0.178       0.201
    HPA              0.030       0.078       0.103       0.233       0.363       0.388       0.436

 GLUC     WITH
    SYM             -0.048      -0.023      -0.011       0.055       0.120       0.133       0.157
    HPA             -0.064      -0.009       0.019       0.167       0.315       0.343       0.399
    CARD            -0.024      -0.003       0.008       0.066       0.123       0.134       0.155

 LIPID    WITH
    SYM             -0.198      -0.163      -0.145      -0.050       0.045       0.064       0.099
    HPA             -0.359      -0.298      -0.267      -0.106       0.056       0.087       0.147
    CARD             0.023       0.049       0.062       0.131       0.199       0.212       0.238
    GLUC            -0.052      -0.015       0.003       0.100       0.197       0.215       0.251

 INFL     WITH
    SYM             -0.022       0.019       0.041       0.152       0.264       0.285       0.327
    HPA             -0.113      -0.043      -0.007       0.179       0.366       0.401       0.471
    CARD            -0.018       0.013       0.029       0.113       0.196       0.212       0.243
    GLUC            -0.324      -0.283      -0.262      -0.152      -0.042      -0.021       0.020
    LIPID           -0.285      -0.215      -0.179       0.008       0.195       0.231       0.301

 PARA     WITH
    SYM             -0.022       0.002       0.015       0.079       0.143       0.156       0.180
    HPA             -0.113      -0.068      -0.045       0.074       0.193       0.216       0.261
    CARD            -0.164      -0.142      -0.131      -0.072      -0.013      -0.002       0.020
    GLUC            -0.082      -0.058      -0.045       0.020       0.085       0.097       0.122
    LIPID            0.013       0.041       0.056       0.131       0.206       0.221       0.249
    INFL            -0.046      -0.017      -0.002       0.077       0.155       0.170       0.199

 AVGB_RM  WITH
    AVGB_HF          0.843       0.850       0.854       0.875       0.896       0.900       0.907

 Intercepts
    RADJ_EPI        -1.166      -1.081      -1.037      -0.809      -0.580      -0.537      -0.451
    RADJ_NOR        -1.758      -1.677      -1.636      -1.421      -1.206      -1.165      -1.085
    AVGB_SD          1.080       1.166       1.211       1.442       1.674       1.718       1.805
    AVGB_RM          0.499       0.588       0.634       0.874       1.113       1.159       1.249
    AVGB_LF          1.610       1.688       1.728       1.936       2.144       2.184       2.262
    AVGB_HF          0.777       0.864       0.908       1.141       1.373       1.417       1.504
    RADJ_CRT        -0.880      -0.792      -0.747      -0.512      -0.278      -0.233      -0.145
    B4BDHEAS         2.151       2.216       2.250       2.424       2.599       2.632       2.698
    RB4BCRP         -0.609      -0.519      -0.473      -0.231       0.010       0.056       0.147
    B4BIL6          -1.274      -1.187      -1.143      -0.913      -0.682      -0.638      -0.552
    B4BFGN          -1.099      -1.014      -0.970      -0.743      -0.515      -0.472      -0.387
    B4BSICAM        -0.930      -0.835      -0.786      -0.532      -0.277      -0.229      -0.134
    B4BSESEL         0.206       0.294       0.339       0.574       0.810       0.855       0.943
    PULPRESS        -2.419      -2.352      -2.318      -2.139      -1.961      -1.926      -1.859
    RB4P1GS         -1.548      -1.468      -1.427      -1.214      -1.000      -0.960      -0.880
    RB4P1D          -0.467      -0.376      -0.330      -0.089       0.152       0.198       0.288
    B4BHA1C         -1.205      -1.108      -1.058      -0.799      -0.540      -0.491      -0.394
    RB4BGLUC        -0.441      -0.355      -0.310      -0.078       0.154       0.199       0.286
    P4HOMAIR        -0.103      -0.014       0.031       0.266       0.502       0.547       0.635
    B4BLDL           0.074       0.164       0.210       0.449       0.689       0.735       0.825
    B4BHDL          -1.040      -0.954      -0.910      -0.681      -0.452      -0.408      -0.322
    RB4BTRIG        -0.117      -0.027       0.019       0.259       0.499       0.545       0.635
    RB4PWHR         -0.058       0.009       0.043       0.220       0.397       0.431       0.497

 Variances
    SYM              1.000       1.000       1.000       1.000       1.000       1.000       1.000
    HPA              1.000       1.000       1.000       1.000       1.000       1.000       1.000
    CARD             1.000       1.000       1.000       1.000       1.000       1.000       1.000
    GLUC             1.000       1.000       1.000       1.000       1.000       1.000       1.000
    LIPID            1.000       1.000       1.000       1.000       1.000       1.000       1.000
    INFL             1.000       1.000       1.000       1.000       1.000       1.000       1.000
    PARA             1.000       1.000       1.000       1.000       1.000       1.000       1.000
    AL2              1.000       1.000       1.000       1.000       1.000       1.000       1.000
    AL1              1.000       1.000       1.000       1.000       1.000       1.000       1.000

 Residual Variances
    RADJ_EPI         0.342       0.360       0.369       0.418       0.466       0.476       0.494
    RADJ_NOR         0.322       0.339       0.347       0.392       0.436       0.444       0.461
    AVGB_SD        999.000     999.000     999.000       0.000     999.000     999.000     999.000
    AVGB_RM          0.248       0.258       0.263       0.288       0.313       0.318       0.328
    AVGB_LF          0.175       0.183       0.187       0.208       0.229       0.233       0.241
    AVGB_HF          0.288       0.298       0.304       0.332       0.361       0.366       0.377
    RADJ_CRT         0.708       0.728       0.738       0.791       0.844       0.854       0.874
    B4BDHEAS         0.527       0.547       0.557       0.611       0.664       0.674       0.694
    RB4BCRP          0.243       0.271       0.284       0.356       0.429       0.442       0.469
    B4BIL6           0.458       0.477       0.487       0.540       0.592       0.602       0.622
    B4BFGN           0.398       0.427       0.442       0.519       0.596       0.611       0.640
    B4BSICAM         0.881       0.891       0.897       0.924       0.952       0.957       0.967
    B4BSESEL         0.785       0.800       0.808       0.849       0.890       0.897       0.913
    PULPRESS         0.068       0.078       0.082       0.106       0.131       0.135       0.144
    RB4P1GS          0.180       0.190       0.195       0.220       0.245       0.250       0.259
    RB4P1D           0.692       0.708       0.716       0.758       0.800       0.808       0.824
    B4BHA1C          0.362       0.387       0.399       0.464       0.530       0.542       0.566
    RB4BGLUC       999.000     999.000     999.000       0.000     999.000     999.000     999.000
    P4HOMAIR         0.358       0.377       0.386       0.435       0.484       0.493       0.512
    B4BLDL           0.864       0.876       0.883       0.916       0.949       0.956       0.968
    B4BHDL           0.453       0.478       0.491       0.559       0.626       0.639       0.665
    RB4BTRIG         0.039       0.100       0.131       0.294       0.457       0.488       0.549
    RB4PWHR          0.329       0.341       0.347       0.379       0.410       0.416       0.428


DIAGRAM INFORMATION

  Use View Diagram under the Diagram menu in the Mplus Editor to view the diagram.
  If running Mplus from the Mplus Diagrammer, the diagram opens automatically.

  Diagram output
    c:\users\jwile\onedrive\projects\midus\jw-midus-al\al_rejoinder\factor_allcov_clustering_bifac_a

     Beginning Time:  16:53:32
        Ending Time:  16:53:34
       Elapsed Time:  00:00:02



MUTHEN & MUTHEN
3463 Stoner Ave.
Los Angeles, CA  90066

Tel: (310) 391-9971
Fax: (310) 391-8971
Web: www.StatModel.com
Support: Support@StatModel.com

Copyright (c) 1998-2014 Muthen & Muthen
