Mplus VERSION 7.3
MUTHEN & MUTHEN
02/12/2016   8:41 PM

INPUT INSTRUCTIONS

  DATA:
  FILE = "MIDUS_PSR_cfa4s3.dat";

  VARIABLE:
  NAMES = M2ID M2FAMNUM M1 M2 M3 M4 LC1 LC2 LC3 LC4 LC5 LC6 LC7 LC8 SE1 SE2 SE3 SE4
       SE5 SE6 SE7 Opt1 Opt2 Opt3 Pess1 Pess2 Pess3 PLife1 PLife2 PLife3 PLife4 PLife5
       PLife6 PLife7 Ctrl1 Ctrl2 Ctrl3 Con1 Con2 Con3 Con4 Con5 Ext1 Ext2 Ext3 Ext4
       Ext5 FamS1 FamS2 FamS3 FamS4 FriS1 FriS2 FriS3 FriS4 SpoS1 SpoS2 SpoS3 SpoS4
       SpoS5 SpoS6 SI1 SI2 SI3 AGE;
   MISSING=.;

  USEVARIABLES ARE
   M2 LC2 SE2 Opt2
   PLife5 Ctrl1 Con2 Ext4
   FamS1 FamS2
   FriS1 FriS2
   SpoS2 SpoS3
   SI1 SI2;

  CATEGORICAL ARE
   M2 LC2 SE2 Opt2
   PLife5 Ctrl1 Con2 Ext4
   FamS1 FamS2
   FriS1 FriS2
   SpoS2 SpoS3
   SI1 SI2;

  IDVARIABLE = M2ID;
  CLUSTER = M2FAMNUM;

  ANALYSIS:

    TYPE = COMPLEX;
    ESTIMATOR = WLSMV;
    PROCESSORS = 2;
  MODEL:

   GPR@1;
   GPR BY M2* LC2 SE2 Opt2
   PLife5 Ctrl1 Con2 Ext4
   FamS1 FamS2
   FriS1 FriS2
   SpoS2 SpoS3
   SI1 SI2;
   FamS1 WITH FamS2*;
   FriS1 WITH FriS2*;
   SpoS2 WITH SpoS3*;
   SI1 WITH SI2*;


  OUTPUT:
  STDYX;



*** WARNING
  Data set contains cases with missing on all variables.
  These cases were not included in the analysis.
  Number of cases with missing on all variables:  923
   1 WARNING(S) FOUND IN THE INPUT INSTRUCTIONS




SUMMARY OF ANALYSIS

Number of groups                                                 1
Number of observations                                        4632

Number of dependent variables                                   16
Number of independent variables                                  0
Number of continuous latent variables                            1

Observed dependent variables

  Binary and ordered categorical (ordinal)
   M2          LC2         SE2         OPT2        PLIFE5      CTRL1
   CON2        EXT4        FAMS1       FAMS2       FRIS1       FRIS2
   SPOS2       SPOS3       SI1         SI2

Continuous latent variables
   GPR

Variables with special functions

  Cluster variable      M2FAMNUM
  ID variable           M2ID

Estimator                                                    WLSMV
Maximum number of iterations                                  1000
Convergence criterion                                    0.500D-04
Maximum number of steepest descent iterations                   20
Maximum number of iterations for H1                           2000
Convergence criterion for H1                             0.100D-03
Parameterization                                             DELTA

Input data file(s)
  MIDUS_PSR_cfa4s3.dat

Input data format  FREE


SUMMARY OF DATA

     Number of missing data patterns            97
     Number of clusters        3621



COVARIANCE COVERAGE OF DATA

Minimum covariance coverage value   0.100


     PROPORTION OF DATA PRESENT


           Covariance Coverage
              M2            LC2           SE2           OPT2          PLIFE5
              ________      ________      ________      ________      ________
 M2             0.950
 LC2            0.947         0.950
 SE2            0.945         0.945         0.949
 OPT2           0.942         0.942         0.942         0.949
 PLIFE5         0.948         0.948         0.948         0.945         0.953
 CTRL1          0.945         0.945         0.945         0.944         0.948
 CON2           0.945         0.945         0.945         0.943         0.948
 EXT4           0.936         0.936         0.935         0.933         0.938
 FAMS1          0.943         0.943         0.943         0.942         0.947
 FAMS2          0.942         0.942         0.942         0.941         0.946
 FRIS1          0.935         0.935         0.935         0.934         0.939
 FRIS2          0.935         0.935         0.935         0.934         0.939
 SPOS2          0.687         0.686         0.686         0.686         0.688
 SPOS3          0.686         0.685         0.685         0.685         0.688
 SI1            0.936         0.936         0.936         0.935         0.940
 SI2            0.937         0.937         0.937         0.937         0.941


           Covariance Coverage
              CTRL1         CON2          EXT4          FAMS1         FAMS2
              ________      ________      ________      ________      ________
 CTRL1          0.951
 CON2           0.948         0.950
 EXT4           0.938         0.939         0.941
 FAMS1          0.945         0.943         0.934         0.993
 FAMS2          0.943         0.942         0.933         0.991         0.992
 FRIS1          0.937         0.935         0.926         0.982         0.982
 FRIS2          0.936         0.935         0.926         0.981         0.981
 SPOS2          0.688         0.687         0.681         0.706         0.705
 SPOS3          0.687         0.686         0.680         0.704         0.703
 SI1            0.938         0.937         0.927         0.940         0.939
 SI2            0.939         0.937         0.928         0.942         0.941


           Covariance Coverage
              FRIS1         FRIS2         SPOS2         SPOS3         SI1
              ________      ________      ________      ________      ________
 FRIS1          0.984
 FRIS2          0.982         0.984
 SPOS2          0.701         0.700         0.707
 SPOS3          0.700         0.699         0.706         0.706
 SI1            0.933         0.932         0.684         0.684         0.944
 SI2            0.934         0.934         0.684         0.684         0.940


           Covariance Coverage
              SI2
              ________
 SI2            0.945


UNIVARIATE PROPORTIONS AND COUNTS FOR CATEGORICAL VARIABLES

    M2
      Category 1    0.402     1769.000
      Category 2    0.378     1664.000
      Category 3    0.127      558.000
      Category 4    0.046      202.000
      Category 5    0.019       85.000
      Category 6    0.018       77.000
      Category 7    0.010       44.000
    LC2
      Category 1    0.025      108.000
      Category 2    0.071      314.000
      Category 3    0.124      547.000
      Category 4    0.068      297.000
      Category 5    0.092      403.000
      Category 6    0.242     1064.000
      Category 7    0.379     1666.000
    SE2
      Category 1    0.423     1860.000
      Category 2    0.355     1561.000
      Category 3    0.123      540.000
      Category 4    0.033      146.000
      Category 5    0.034      150.000
      Category 6    0.022       97.000
      Category 7    0.010       44.000
    OPT2
      Category 1    0.324     1425.000
      Category 2    0.430     1888.000
      Category 3    0.119      524.000
      Category 4    0.104      459.000
      Category 5    0.023       99.000
    PLIFE5
      Category 1    0.335     1481.000
      Category 2    0.327     1445.000
      Category 3    0.159      702.000
      Category 4    0.109      481.000
      Category 5    0.034      148.000
      Category 6    0.025      111.000
      Category 7    0.011       48.000
    CTRL1
      Category 1    0.496     2184.000
      Category 2    0.452     1992.000
      Category 3    0.046      204.000
      Category 4    0.006       26.000
    CON2
      Category 1    0.765     3368.000
      Category 2    0.206      906.000
      Category 3    0.025      112.000
      Category 4    0.003       15.000
    EXT4
      Category 1    0.381     1658.000
      Category 2    0.417     1816.000
      Category 3    0.175      764.000
      Category 4    0.027      119.000
    FAMS1
      Category 1    0.823     3783.000
      Category 2    0.132      605.000
      Category 3    0.039      179.000
      Category 4    0.007       32.000
    FAMS2
      Category 1    0.474     2179.000
      Category 2    0.388     1782.000
      Category 3    0.109      499.000
      Category 4    0.029      134.000
    FRIS1
      Category 1    0.534     2436.000
      Category 2    0.367     1674.000
      Category 3    0.083      379.000
      Category 4    0.016       71.000
    FRIS2
      Category 1    0.361     1647.000
      Category 2    0.463     2111.000
      Category 3    0.149      677.000
      Category 4    0.027      122.000
    SPOS2
      Category 1    0.514     1683.000
      Category 2    0.359     1176.000
      Category 3    0.101      331.000
      Category 4    0.026       85.000
    SPOS3
      Category 1    0.696     2274.000
      Category 2    0.225      736.000
      Category 3    0.063      205.000
      Category 4    0.017       54.000
    SI1
      Category 1    0.028      122.000
      Category 2    0.063      276.000
      Category 3    0.094      412.000
      Category 4    0.152      665.000
      Category 5    0.095      417.000
      Category 6    0.205      898.000
      Category 7    0.362     1581.000
    SI2
      Category 1    0.112      489.000
      Category 2    0.258     1128.000
      Category 3    0.230     1005.000
      Category 4    0.185      810.000
      Category 5    0.085      370.000
      Category 6    0.086      377.000
      Category 7    0.045      196.000



THE MODEL ESTIMATION TERMINATED NORMALLY



MODEL FIT INFORMATION

Number of Free Parameters                       87

Chi-Square Test of Model Fit

          Value                           2335.113*
          Degrees of Freedom                   100
          P-Value                           0.0000

*   The chi-square value for MLM, MLMV, MLR, ULSMV, WLSM and WLSMV cannot be used
    for chi-square difference testing in the regular way.  MLM, MLR and WLSM
    chi-square difference testing is described on the Mplus website.  MLMV, WLSMV,
    and ULSMV difference testing is done using the DIFFTEST option.

RMSEA (Root Mean Square Error Of Approximation)

          Estimate                           0.069
          90 Percent C.I.                    0.067  0.072
          Probability RMSEA <= .05           0.000

CFI/TLI

          CFI                                0.947
          TLI                                0.936

Chi-Square Test of Model Fit for the Baseline Model

          Value                          41911.783
          Degrees of Freedom                   120
          P-Value                           0.0000

WRMR (Weighted Root Mean Square Residual)

          Value                              3.121



MODEL RESULTS

                                                    Two-Tailed
                    Estimate       S.E.  Est./S.E.    P-Value

 GPR      BY
    M2                 0.630      0.011     57.469      0.000
    LC2               -0.644      0.011    -59.706      0.000
    SE2                0.800      0.008     98.867      0.000
    OPT2               0.634      0.011     57.446      0.000
    PLIFE5             0.676      0.010     67.353      0.000
    CTRL1              0.424      0.016     26.136      0.000
    CON2               0.515      0.018     28.780      0.000
    EXT4               0.581      0.012     47.136      0.000
    FAMS1              0.466      0.020     23.135      0.000
    FAMS2              0.521      0.014     37.198      0.000
    FRIS1              0.518      0.015     35.271      0.000
    FRIS2              0.520      0.014     38.468      0.000
    SPOS2              0.438      0.019     22.858      0.000
    SPOS3              0.428      0.022     19.401      0.000
    SI1               -0.511      0.013    -37.933      0.000
    SI2                0.473      0.013     35.581      0.000

 FAMS1    WITH
    FAMS2              0.546      0.016     33.478      0.000

 FRIS1    WITH
    FRIS2              0.537      0.013     40.274      0.000

 SPOS2    WITH
    SPOS3              0.641      0.017     38.158      0.000

 SI1      WITH
    SI2               -0.278      0.011    -25.829      0.000

 Thresholds
    M2$1              -0.248      0.020    -12.684      0.000
    M2$2               0.774      0.022     35.692      0.000
    M2$3               1.324      0.027     49.529      0.000
    M2$4               1.676      0.033     51.470      0.000
    M2$5               1.919      0.039     48.914      0.000
    M2$6               2.326      0.056     41.363      0.000
    LC2$1             -1.968      0.041    -48.135      0.000
    LC2$2             -1.305      0.027    -49.117      0.000
    LC2$3             -0.771      0.021    -36.154      0.000
    LC2$4             -0.560      0.020    -27.705      0.000
    LC2$5             -0.307      0.019    -15.811      0.000
    LC2$6              0.309      0.020     15.751      0.000
    SE2$1             -0.194      0.020     -9.916      0.000
    SE2$2              0.765      0.022     35.326      0.000
    SE2$3              1.285      0.026     48.855      0.000
    SE2$4              1.505      0.030     50.807      0.000
    SE2$5              1.851      0.037     50.208      0.000
    SE2$6              2.326      0.056     41.446      0.000
    OPT2$1            -0.456      0.020    -22.778      0.000
    OPT2$2             0.687      0.021     32.454      0.000
    OPT2$3             1.141      0.024     46.715      0.000
    OPT2$4             2.004      0.042     48.118      0.000
    PLIFE5$1          -0.425      0.020    -21.360      0.000
    PLIFE5$2           0.420      0.020     21.061      0.000
    PLIFE5$3           0.921      0.022     41.133      0.000
    PLIFE5$4           1.479      0.029     51.612      0.000
    PLIFE5$5           1.799      0.035     50.883      0.000
    PLIFE5$6           2.295      0.054     42.242      0.000
    CTRL1$1           -0.011      0.019     -0.557      0.578
    CTRL1$2            1.624      0.032     51.387      0.000
    CTRL1$3            2.518      0.069     36.533      0.000
    CON2$1             0.723      0.021     34.372      0.000
    CON2$2             1.898      0.039     48.994      0.000
    CON2$3             2.706      0.086     31.605      0.000
    EXT4$1            -0.304      0.020    -15.265      0.000
    EXT4$2             0.832      0.022     37.742      0.000
    EXT4$3             1.922      0.039     48.813      0.000
    FAMS1$1            0.925      0.022     41.736      0.000
    FAMS1$2            1.686      0.032     52.150      0.000
    FAMS1$3            2.459      0.063     38.844      0.000
    FAMS2$1           -0.064      0.019     -3.382      0.001
    FAMS2$2            1.090      0.024     46.054      0.000
    FAMS2$3            1.893      0.038     50.142      0.000
    FRIS1$1            0.086      0.019      4.507      0.000
    FRIS1$2            1.289      0.026     49.790      0.000
    FRIS1$3            2.155      0.047     45.433      0.000
    FRIS2$1           -0.355      0.019    -18.399      0.000
    FRIS2$2            0.933      0.022     41.804      0.000
    FRIS2$3            1.931      0.039     49.702      0.000
    SPOS2$1            0.035      0.022      1.558      0.119
    SPOS2$2            1.141      0.029     39.817      0.000
    SPOS2$3            1.944      0.047     41.520      0.000
    SPOS3$1            0.512      0.023     21.907      0.000
    SPOS3$2            1.410      0.032     43.627      0.000
    SPOS3$3            2.132      0.055     38.785      0.000
    SI1$1             -1.912      0.039    -48.613      0.000
    SI1$2             -1.334      0.027    -48.918      0.000
    SI1$3             -0.895      0.022    -39.905      0.000
    SI1$4             -0.419      0.020    -21.106      0.000
    SI1$5             -0.169      0.020     -8.655      0.000
    SI1$6              0.354      0.020     17.759      0.000
    SI2$1             -1.217      0.026    -47.092      0.000
    SI2$2             -0.333      0.020    -16.670      0.000
    SI2$3              0.252      0.020     12.835      0.000
    SI2$4              0.787      0.022     36.291      0.000
    SI2$5              1.122      0.024     46.062      0.000
    SI2$6              1.698      0.034     50.356      0.000

 Variances
    GPR                1.000      0.000    999.000    999.000


STANDARDIZED MODEL RESULTS


STDYX Standardization

                                                    Two-Tailed
                    Estimate       S.E.  Est./S.E.    P-Value

 GPR      BY
    M2                 0.630      0.011     57.469      0.000
    LC2               -0.644      0.011    -59.706      0.000
    SE2                0.800      0.008     98.867      0.000
    OPT2               0.634      0.011     57.446      0.000
    PLIFE5             0.676      0.010     67.353      0.000
    CTRL1              0.424      0.016     26.136      0.000
    CON2               0.515      0.018     28.780      0.000
    EXT4               0.581      0.012     47.136      0.000
    FAMS1              0.466      0.020     23.135      0.000
    FAMS2              0.521      0.014     37.198      0.000
    FRIS1              0.518      0.015     35.271      0.000
    FRIS2              0.520      0.014     38.468      0.000
    SPOS2              0.438      0.019     22.858      0.000
    SPOS3              0.428      0.022     19.401      0.000
    SI1               -0.511      0.013    -37.933      0.000
    SI2                0.473      0.013     35.581      0.000

 FAMS1    WITH
    FAMS2              0.722      0.013     54.047      0.000

 FRIS1    WITH
    FRIS2              0.735      0.009     78.881      0.000

 SPOS2    WITH
    SPOS3              0.789      0.011     73.628      0.000

 SI1      WITH
    SI2               -0.367      0.012    -30.077      0.000

 Thresholds
    M2$1              -0.248      0.020    -12.684      0.000
    M2$2               0.774      0.022     35.692      0.000
    M2$3               1.324      0.027     49.529      0.000
    M2$4               1.676      0.033     51.470      0.000
    M2$5               1.919      0.039     48.914      0.000
    M2$6               2.326      0.056     41.363      0.000
    LC2$1             -1.968      0.041    -48.135      0.000
    LC2$2             -1.305      0.027    -49.117      0.000
    LC2$3             -0.771      0.021    -36.154      0.000
    LC2$4             -0.560      0.020    -27.705      0.000
    LC2$5             -0.307      0.019    -15.811      0.000
    LC2$6              0.309      0.020     15.751      0.000
    SE2$1             -0.194      0.020     -9.916      0.000
    SE2$2              0.765      0.022     35.326      0.000
    SE2$3              1.285      0.026     48.855      0.000
    SE2$4              1.505      0.030     50.807      0.000
    SE2$5              1.851      0.037     50.208      0.000
    SE2$6              2.326      0.056     41.446      0.000
    OPT2$1            -0.456      0.020    -22.778      0.000
    OPT2$2             0.687      0.021     32.454      0.000
    OPT2$3             1.141      0.024     46.715      0.000
    OPT2$4             2.004      0.042     48.118      0.000
    PLIFE5$1          -0.425      0.020    -21.360      0.000
    PLIFE5$2           0.420      0.020     21.061      0.000
    PLIFE5$3           0.921      0.022     41.133      0.000
    PLIFE5$4           1.479      0.029     51.612      0.000
    PLIFE5$5           1.799      0.035     50.883      0.000
    PLIFE5$6           2.295      0.054     42.242      0.000
    CTRL1$1           -0.011      0.019     -0.557      0.578
    CTRL1$2            1.624      0.032     51.387      0.000
    CTRL1$3            2.518      0.069     36.533      0.000
    CON2$1             0.723      0.021     34.372      0.000
    CON2$2             1.898      0.039     48.994      0.000
    CON2$3             2.706      0.086     31.605      0.000
    EXT4$1            -0.304      0.020    -15.265      0.000
    EXT4$2             0.832      0.022     37.742      0.000
    EXT4$3             1.922      0.039     48.813      0.000
    FAMS1$1            0.925      0.022     41.736      0.000
    FAMS1$2            1.686      0.032     52.150      0.000
    FAMS1$3            2.459      0.063     38.844      0.000
    FAMS2$1           -0.064      0.019     -3.382      0.001
    FAMS2$2            1.090      0.024     46.054      0.000
    FAMS2$3            1.893      0.038     50.142      0.000
    FRIS1$1            0.086      0.019      4.507      0.000
    FRIS1$2            1.289      0.026     49.790      0.000
    FRIS1$3            2.155      0.047     45.433      0.000
    FRIS2$1           -0.355      0.019    -18.399      0.000
    FRIS2$2            0.933      0.022     41.804      0.000
    FRIS2$3            1.931      0.039     49.702      0.000
    SPOS2$1            0.035      0.022      1.558      0.119
    SPOS2$2            1.141      0.029     39.817      0.000
    SPOS2$3            1.944      0.047     41.520      0.000
    SPOS3$1            0.512      0.023     21.907      0.000
    SPOS3$2            1.410      0.032     43.627      0.000
    SPOS3$3            2.132      0.055     38.785      0.000
    SI1$1             -1.912      0.039    -48.613      0.000
    SI1$2             -1.334      0.027    -48.918      0.000
    SI1$3             -0.895      0.022    -39.905      0.000
    SI1$4             -0.419      0.020    -21.106      0.000
    SI1$5             -0.169      0.020     -8.655      0.000
    SI1$6              0.354      0.020     17.759      0.000
    SI2$1             -1.217      0.026    -47.092      0.000
    SI2$2             -0.333      0.020    -16.670      0.000
    SI2$3              0.252      0.020     12.835      0.000
    SI2$4              0.787      0.022     36.291      0.000
    SI2$5              1.122      0.024     46.062      0.000
    SI2$6              1.698      0.034     50.356      0.000

 Variances
    GPR                1.000      0.000    999.000    999.000


R-SQUARE

    Observed                                        Two-Tailed   Residual
    Variable        Estimate       S.E.  Est./S.E.    P-Value    Variance

    M2                 0.397      0.014     28.734      0.000      0.603
    LC2                0.415      0.014     29.853      0.000      0.585
    SE2                0.641      0.013     49.433      0.000      0.359
    OPT2               0.402      0.014     28.723      0.000      0.598
    PLIFE5             0.456      0.014     33.676      0.000      0.544
    CTRL1              0.180      0.014     13.068      0.000      0.820
    CON2               0.265      0.018     14.390      0.000      0.735
    EXT4               0.338      0.014     23.568      0.000      0.662
    FAMS1              0.217      0.019     11.568      0.000      0.783
    FAMS2              0.271      0.015     18.599      0.000      0.729
    FRIS1              0.268      0.015     17.636      0.000      0.732
    FRIS2              0.271      0.014     19.234      0.000      0.729
    SPOS2              0.192      0.017     11.429      0.000      0.808
    SPOS3              0.183      0.019      9.701      0.000      0.817
    SI1                0.261      0.014     18.966      0.000      0.739
    SI2                0.223      0.013     17.791      0.000      0.777


QUALITY OF NUMERICAL RESULTS

     Condition Number for the Information Matrix              0.554E-02
       (ratio of smallest to largest eigenvalue)


     Beginning Time:  20:41:25
        Ending Time:  20:41:27
       Elapsed Time:  00:00:02



MUTHEN & MUTHEN
3463 Stoner Ave.
Los Angeles, CA  90066

Tel: (310) 391-9971
Fax: (310) 391-8971
Web: www.StatModel.com
Support: Support@StatModel.com

Copyright (c) 1998-2014 Muthen & Muthen
