Mplus VERSION 7.3
MUTHEN & MUTHEN
02/15/2016   2:23 PM

INPUT INSTRUCTIONS

  DATA:
  FILE = "MIDUS_PSR_cfa2c2sc_mgsex1.dat";

  VARIABLE:
  NAMES = M2ID M2FAMNUM M1 M2 M3 M4 LC1 LC2 LC3 LC4 LC5 LC6 LC7 LC8 SE1 SE2 SE3 SE4
       SE5 SE6 SE7 Opt1 Opt2 Opt3 Pess1 Pess2 Pess3 PLife1 PLife2 PLife3 PLife4 PLife5
       PLife6 PLife7 Ctrl1 Ctrl2 Ctrl3 Con1 Con2 Con3 Con4 Con5 Ext1 Ext2 Ext3 Ext4
       Ext5 FamS1 FamS2 FamS3 FamS4 FriS1 FriS2 FriS3 FriS4 SpoS1 SpoS2 SpoS3 SpoS4
       SpoS5 SpoS6 SI1 SI2 SI3 AGE SEX RACE;
   MISSING=.;

  USEVARIABLES ARE
   M2 LC2 SE2 Opt2 PLife2 Con3 Ext4
   FamS2 FriS2 SpoS3 SI2 SI1;
  CATEGORICAL ARE
   M2 LC2 SE2 Opt2 PLife2 Con3 Ext4
   FamS2 FriS2 SpoS3 SI2 SI1;

  IDVARIABLE = M2ID;
  GROUPING = SEX (1 = Men 2 = Women);

  ANALYSIS:

    ESTIMATOR = WLSMV;
    PROCESSORS = 2;
  MODEL:

   PR@1;
   PR BY M2*1 LC2*-1 SE2* Opt2* PLife2*1 Con3*1 Ext4*;
   SR@1;
   SR BY FamS2*1 FriS2 SpoS3 SI2 SI1;
   PR WITH SR*;

  OUTPUT:
  STDYX;
  PLOT:
  TYPE IS PLOT2;



INPUT READING TERMINATED NORMALLY




SUMMARY OF ANALYSIS

Number of groups                                                 2
Number of observations
   Group MEN                                                  1586
   Group WOMEN                                                2035
   Total sample size                                          3621

Number of dependent variables                                   12
Number of independent variables                                  0
Number of continuous latent variables                            2

Observed dependent variables

  Binary and ordered categorical (ordinal)
   M2          LC2         SE2         OPT2        PLIFE2      CON3
   EXT4        FAMS2       FRIS2       SPOS3       SI2         SI1

Continuous latent variables
   PR          SR

Variables with special functions

  Grouping variable     SEX
  ID variable           M2ID

Estimator                                                    WLSMV
Maximum number of iterations                                  1000
Convergence criterion                                    0.500D-04
Maximum number of steepest descent iterations                   20
Maximum number of iterations for H1                           2000
Convergence criterion for H1                             0.100D-03
Parameterization                                             DELTA

Input data file(s)
  MIDUS_PSR_cfa2c2sc_mgsex1.dat

Input data format  FREE


SUMMARY OF DATA

   Group MEN
     Number of missing data patterns            46

   Group WOMEN
     Number of missing data patterns            57


COVARIANCE COVERAGE OF DATA

Minimum covariance coverage value   0.100


     PROPORTION OF DATA PRESENT FOR MEN


           Covariance Coverage
              M2            LC2           SE2           OPT2          PLIFE2
              ________      ________      ________      ________      ________
 M2             0.943
 LC2            0.942         0.944
 SE2            0.938         0.938         0.941
 OPT2           0.937         0.938         0.935         0.943
 PLIFE2         0.937         0.938         0.935         0.936         0.941
 CON3           0.938         0.939         0.937         0.936         0.936
 EXT4           0.926         0.927         0.925         0.924         0.926
 FAMS2          0.933         0.933         0.931         0.931         0.930
 FRIS2          0.926         0.927         0.924         0.924         0.924
 SPOS3          0.748         0.750         0.748         0.750         0.747
 SI2            0.933         0.934         0.932         0.932         0.931
 SI1            0.934         0.934         0.933         0.933         0.932


           Covariance Coverage
              CON3          EXT4          FAMS2         FRIS2         SPOS3
              ________      ________      ________      ________      ________
 CON3           0.943
 EXT4           0.930         0.931
 FAMS2          0.931         0.920         0.989
 FRIS2          0.925         0.914         0.977         0.980
 SPOS3          0.749         0.739         0.779         0.774         0.784
 SI2            0.932         0.921         0.933         0.926         0.748
 SI1            0.933         0.921         0.933         0.926         0.749


           Covariance Coverage
              SI2           SI1
              ________      ________
 SI2            0.939
 SI1            0.936         0.940


     PROPORTION OF DATA PRESENT FOR WOMEN


           Covariance Coverage
              M2            LC2           SE2           OPT2          PLIFE2
              ________      ________      ________      ________      ________
 M2             0.932
 LC2            0.929         0.932
 SE2            0.927         0.927         0.933
 OPT2           0.922         0.922         0.924         0.932
 PLIFE2         0.930         0.930         0.930         0.926         0.936
 CON3           0.927         0.926         0.928         0.924         0.930
 EXT4           0.919         0.918         0.919         0.915         0.922
 FAMS2          0.926         0.925         0.927         0.925         0.930
 FRIS2          0.916         0.916         0.917         0.916         0.920
 SPOS3          0.589         0.587         0.588         0.588         0.591
 SI2            0.915         0.915         0.917         0.916         0.919
 SI1            0.916         0.915         0.917         0.916         0.920


           Covariance Coverage
              CON3          EXT4          FAMS2         FRIS2         SPOS3
              ________      ________      ________      ________      ________
 CON3           0.933
 EXT4           0.923         0.925
 FAMS2          0.927         0.918         0.992
 FRIS2          0.917         0.909         0.979         0.982
 SPOS3          0.589         0.586         0.604         0.600         0.605
 SI2            0.917         0.909         0.922         0.914         0.585
 SI1            0.917         0.910         0.922         0.914         0.586


           Covariance Coverage
              SI2           SI1
              ________      ________
 SI2            0.925
 SI1            0.921         0.926


UNIVARIATE PROPORTIONS AND COUNTS FOR CATEGORICAL VARIABLES

  Group MEN
    M2
      Category 1    0.400      598.000
      Category 2    0.386      578.000
      Category 3    0.128      191.000
      Category 4    0.043       64.000
      Category 5    0.019       29.000
      Category 6    0.017       26.000
      Category 7    0.007       10.000
    LC2
      Category 1    0.024       36.000
      Category 2    0.052       78.000
      Category 3    0.097      145.000
      Category 4    0.071      106.000
      Category 5    0.094      141.000
      Category 6    0.260      389.000
      Category 7    0.402      602.000
    SE2
      Category 1    0.431      643.000
      Category 2    0.358      535.000
      Category 3    0.128      191.000
      Category 4    0.034       51.000
      Category 5    0.025       38.000
      Category 6    0.017       26.000
      Category 7    0.006        9.000
    OPT2
      Category 1    0.339      507.000
      Category 2    0.441      659.000
      Category 3    0.106      159.000
      Category 4    0.093      139.000
      Category 5    0.021       31.000
    PLIFE2
      Category 1    0.357      533.000
      Category 2    0.368      550.000
      Category 3    0.125      186.000
      Category 4    0.069      103.000
      Category 5    0.030       45.000
      Category 6    0.035       52.000
      Category 7    0.016       24.000
    CON3
      Category 1    0.649      970.000
      Category 2    0.276      412.000
      Category 3    0.063       94.000
      Category 4    0.013       19.000
    EXT4
      Category 1    0.391      577.000
      Category 2    0.429      633.000
      Category 3    0.157      231.000
      Category 4    0.024       35.000
    FAMS2
      Category 1    0.439      689.000
      Category 2    0.399      626.000
      Category 3    0.134      210.000
      Category 4    0.027       43.000
    FRIS2
      Category 1    0.269      418.000
      Category 2    0.494      768.000
      Category 3    0.205      318.000
      Category 4    0.033       51.000
    SPOS3
      Category 1    0.747      928.000
      Category 2    0.197      245.000
      Category 3    0.050       62.000
      Category 4    0.006        8.000
    SI2
      Category 1    0.090      134.000
      Category 2    0.234      349.000
      Category 3    0.246      367.000
      Category 4    0.219      327.000
      Category 5    0.097      144.000
      Category 6    0.075      112.000
      Category 7    0.038       57.000
    SI1
      Category 1    0.027       40.000
      Category 2    0.068      101.000
      Category 3    0.093      139.000
      Category 4    0.152      227.000
      Category 5    0.103      153.000
      Category 6    0.225      335.000
      Category 7    0.333      496.000

  Group WOMEN
    M2
      Category 1    0.410      778.000
      Category 2    0.357      678.000
      Category 3    0.126      239.000
      Category 4    0.051       96.000
      Category 5    0.020       38.000
      Category 6    0.023       43.000
      Category 7    0.013       25.000
    LC2
      Category 1    0.032       60.000
      Category 2    0.089      169.000
      Category 3    0.147      278.000
      Category 4    0.070      132.000
      Category 5    0.086      163.000
      Category 6    0.221      419.000
      Category 7    0.356      676.000
    SE2
      Category 1    0.432      821.000
      Category 2    0.332      631.000
      Category 3    0.121      229.000
      Category 4    0.037       70.000
      Category 5    0.038       72.000
      Category 6    0.025       48.000
      Category 7    0.015       28.000
    OPT2
      Category 1    0.313      593.000
      Category 2    0.413      783.000
      Category 3    0.135      256.000
      Category 4    0.113      214.000
      Category 5    0.026       50.000
    PLIFE2
      Category 1    0.405      772.000
      Category 2    0.324      618.000
      Category 3    0.105      200.000
      Category 4    0.082      157.000
      Category 5    0.029       55.000
      Category 6    0.035       66.000
      Category 7    0.019       37.000
    CON3
      Category 1    0.718     1364.000
      Category 2    0.216      411.000
      Category 3    0.052       99.000
      Category 4    0.013       25.000
    EXT4
      Category 1    0.366      689.000
      Category 2    0.403      759.000
      Category 3    0.196      370.000
      Category 4    0.035       65.000
    FAMS2
      Category 1    0.495     1000.000
      Category 2    0.381      769.000
      Category 3    0.090      182.000
      Category 4    0.034       68.000
    FRIS2
      Category 1    0.435      869.000
      Category 2    0.424      848.000
      Category 3    0.114      227.000
      Category 4    0.028       55.000
    SPOS3
      Category 1    0.649      800.000
      Category 2    0.252      310.000
      Category 3    0.072       89.000
      Category 4    0.027       33.000
    SI2
      Category 1    0.125      235.000
      Category 2    0.260      489.000
      Category 3    0.217      409.000
      Category 4    0.173      325.000
      Category 5    0.078      146.000
      Category 6    0.093      176.000
      Category 7    0.055      103.000
    SI1
      Category 1    0.032       60.000
      Category 2    0.067      126.000
      Category 3    0.099      186.000
      Category 4    0.170      320.000
      Category 5    0.079      149.000
      Category 6    0.179      338.000
      Category 7    0.374      705.000



THE MODEL ESTIMATION TERMINATED NORMALLY



MODEL FIT INFORMATION

Number of Free Parameters                       83

Chi-Square Test of Model Fit

          Value                            924.553*
          Degrees of Freedom                   159
          P-Value                           0.0000

Chi-Square Contribution From Each Group

          MEN                              438.025
          WOMEN                            486.528

*   The chi-square value for MLM, MLMV, MLR, ULSMV, WLSM and WLSMV cannot be used
    for chi-square difference testing in the regular way.  MLM, MLR and WLSM
    chi-square difference testing is described on the Mplus website.  MLMV, WLSMV,
    and ULSMV difference testing is done using the DIFFTEST option.

RMSEA (Root Mean Square Error Of Approximation)

          Estimate                           0.052
          90 Percent C.I.                    0.048  0.055
          Probability RMSEA <= .05           0.207

CFI/TLI

          CFI                                0.960
          TLI                                0.967

Chi-Square Test of Model Fit for the Baseline Model

          Value                          19407.808
          Degrees of Freedom                   132
          P-Value                           0.0000

WRMR (Weighted Root Mean Square Residual)

          Value                              2.722



MODEL RESULTS

                                                    Two-Tailed
                    Estimate       S.E.  Est./S.E.    P-Value

Group MEN

 PR       BY
    M2                 0.648      0.015     43.753      0.000
    LC2               -0.692      0.015    -47.084      0.000
    SE2                0.862      0.010     83.717      0.000
    OPT2               0.670      0.015     43.617      0.000
    PLIFE2             0.717      0.013     53.099      0.000
    CON3               0.471      0.020     24.039      0.000
    EXT4               0.621      0.017     36.321      0.000

 SR       BY
    FAMS2              0.569      0.020     28.896      0.000
    FRIS2              0.602      0.019     32.128      0.000
    SPOS3              0.517      0.033     15.429      0.000
    SI2                0.651      0.017     38.588      0.000
    SI1               -0.717      0.017    -42.247      0.000

 PR       WITH
    SR                 0.622      0.024     25.844      0.000

 Means
    PR                 0.000      0.000    999.000    999.000
    SR                 0.000      0.000    999.000    999.000

 Thresholds
    M2$1              -0.200      0.027     -7.413      0.000
    M2$2               0.805      0.029     27.771      0.000
    M2$3               1.348      0.037     36.897      0.000
    M2$4               1.697      0.044     38.588      0.000
    M2$5               1.929      0.051     37.538      0.000
    M2$6               2.374      0.073     32.396      0.000
    LC2$1             -2.021      0.054    -37.741      0.000
    LC2$2             -1.368      0.037    -36.806      0.000
    LC2$3             -0.826      0.030    -27.538      0.000
    LC2$4             -0.601      0.028    -21.193      0.000
    LC2$5             -0.347      0.027    -12.630      0.000
    LC2$6              0.281      0.028      9.873      0.000
    SE2$1             -0.124      0.030     -4.141      0.000
    SE2$2              0.832      0.032     26.374      0.000
    SE2$3              1.371      0.037     36.928      0.000
    SE2$4              1.616      0.042     38.804      0.000
    SE2$5              1.957      0.051     38.575      0.000
    SE2$6              2.424      0.073     33.143      0.000
    OPT2$1            -0.419      0.029    -14.485      0.000
    OPT2$2             0.726      0.029     25.331      0.000
    OPT2$3             1.195      0.034     35.038      0.000
    OPT2$4             2.050      0.056     36.544      0.000
    PLIFE2$1          -0.249      0.028     -8.858      0.000
    PLIFE2$2           0.654      0.028     23.098      0.000
    PLIFE2$3           1.050      0.032     32.922      0.000
    PLIFE2$4           1.441      0.038     38.336      0.000
    PLIFE2$5           1.671      0.043     39.262      0.000
    PLIFE2$6           2.152      0.059     36.528      0.000
    CON3$1             0.505      0.026     19.620      0.000
    CON3$2             1.457      0.042     34.341      0.000
    CON3$3             2.178      0.071     30.856      0.000
    EXT4$1            -0.277      0.028    -10.030      0.000
    EXT4$2             0.859      0.030     28.501      0.000
    EXT4$3             1.943      0.055     35.478      0.000
    FAMS2$1           -0.123      0.025     -4.902      0.000
    FAMS2$2            1.040      0.033     31.535      0.000
    FAMS2$3            1.833      0.053     34.389      0.000
    FRIS2$1           -0.401      0.027    -14.898      0.000
    FRIS2$2            0.846      0.030     28.079      0.000
    FRIS2$3            1.825      0.051     35.661      0.000
    SPOS3$1            0.558      0.033     17.085      0.000
    SPOS3$2            1.568      0.053     29.336      0.000
    SPOS3$3            2.407      0.099     24.344      0.000
    SI2$1             -1.363      0.038    -36.269      0.000
    SI2$2             -0.441      0.028    -15.856      0.000
    SI2$3              0.181      0.027      6.743      0.000
    SI2$4              0.770      0.030     25.427      0.000
    SI2$5              1.128      0.035     32.433      0.000
    SI2$6              1.719      0.047     36.707      0.000
    SI1$1             -1.942      0.053    -36.449      0.000
    SI1$2             -1.318      0.038    -34.799      0.000
    SI1$3             -0.860      0.032    -27.099      0.000
    SI1$4             -0.338      0.028    -12.000      0.000
    SI1$5             -0.091      0.028     -3.299      0.001
    SI1$6              0.451      0.029     15.552      0.000

 Variances
    PR                 1.000      0.000    999.000    999.000
    SR                 1.000      0.000    999.000    999.000

 Scales
    M2                 1.000      0.000    999.000    999.000
    LC2                1.000      0.000    999.000    999.000
    SE2                1.000      0.000    999.000    999.000
    OPT2               1.000      0.000    999.000    999.000
    PLIFE2             1.000      0.000    999.000    999.000
    CON3               1.000      0.000    999.000    999.000
    EXT4               1.000      0.000    999.000    999.000
    FAMS2              1.000      0.000    999.000    999.000
    FRIS2              1.000      0.000    999.000    999.000
    SPOS3              1.000      0.000    999.000    999.000
    SI2                1.000      0.000    999.000    999.000
    SI1                1.000      0.000    999.000    999.000

Group WOMEN

 PR       BY
    M2                 0.648      0.015     43.753      0.000
    LC2               -0.692      0.015    -47.084      0.000
    SE2                0.862      0.010     83.717      0.000
    OPT2               0.670      0.015     43.617      0.000
    PLIFE2             0.717      0.013     53.099      0.000
    CON3               0.471      0.020     24.039      0.000
    EXT4               0.621      0.017     36.321      0.000

 SR       BY
    FAMS2              0.569      0.020     28.896      0.000
    FRIS2              0.602      0.019     32.128      0.000
    SPOS3              0.517      0.033     15.429      0.000
    SI2                0.651      0.017     38.588      0.000
    SI1               -0.717      0.017    -42.247      0.000

 PR       WITH
    SR                 0.729      0.021     34.060      0.000

 Means
    PR                 0.115      0.042      2.730      0.006
    SR                -0.155      0.043     -3.612      0.000

 Thresholds
    M2$1              -0.200      0.027     -7.413      0.000
    M2$2               0.805      0.029     27.771      0.000
    M2$3               1.348      0.037     36.897      0.000
    M2$4               1.697      0.044     38.588      0.000
    M2$5               1.929      0.051     37.538      0.000
    M2$6               2.374      0.073     32.396      0.000
    LC2$1             -2.021      0.054    -37.741      0.000
    LC2$2             -1.368      0.037    -36.806      0.000
    LC2$3             -0.826      0.030    -27.538      0.000
    LC2$4             -0.601      0.028    -21.193      0.000
    LC2$5             -0.347      0.027    -12.630      0.000
    LC2$6              0.281      0.028      9.873      0.000
    SE2$1             -0.124      0.030     -4.141      0.000
    SE2$2              0.832      0.032     26.374      0.000
    SE2$3              1.371      0.037     36.928      0.000
    SE2$4              1.616      0.042     38.804      0.000
    SE2$5              1.957      0.051     38.575      0.000
    SE2$6              2.424      0.073     33.143      0.000
    OPT2$1            -0.419      0.029    -14.485      0.000
    OPT2$2             0.726      0.029     25.331      0.000
    OPT2$3             1.195      0.034     35.038      0.000
    OPT2$4             2.050      0.056     36.544      0.000
    PLIFE2$1          -0.249      0.028     -8.858      0.000
    PLIFE2$2           0.654      0.028     23.098      0.000
    PLIFE2$3           1.050      0.032     32.922      0.000
    PLIFE2$4           1.441      0.038     38.336      0.000
    PLIFE2$5           1.671      0.043     39.262      0.000
    PLIFE2$6           2.152      0.059     36.528      0.000
    CON3$1             0.505      0.026     19.620      0.000
    CON3$2             1.457      0.042     34.341      0.000
    CON3$3             2.178      0.071     30.856      0.000
    EXT4$1            -0.277      0.028    -10.030      0.000
    EXT4$2             0.859      0.030     28.501      0.000
    EXT4$3             1.943      0.055     35.478      0.000
    FAMS2$1           -0.123      0.025     -4.902      0.000
    FAMS2$2            1.040      0.033     31.535      0.000
    FAMS2$3            1.833      0.053     34.389      0.000
    FRIS2$1           -0.401      0.027    -14.898      0.000
    FRIS2$2            0.846      0.030     28.079      0.000
    FRIS2$3            1.825      0.051     35.661      0.000
    SPOS3$1            0.558      0.033     17.085      0.000
    SPOS3$2            1.568      0.053     29.336      0.000
    SPOS3$3            2.407      0.099     24.344      0.000
    SI2$1             -1.363      0.038    -36.269      0.000
    SI2$2             -0.441      0.028    -15.856      0.000
    SI2$3              0.181      0.027      6.743      0.000
    SI2$4              0.770      0.030     25.427      0.000
    SI2$5              1.128      0.035     32.433      0.000
    SI2$6              1.719      0.047     36.707      0.000
    SI1$1             -1.942      0.053    -36.449      0.000
    SI1$2             -1.318      0.038    -34.799      0.000
    SI1$3             -0.860      0.032    -27.099      0.000
    SI1$4             -0.338      0.028    -12.000      0.000
    SI1$5             -0.091      0.028     -3.299      0.001
    SI1$6              0.451      0.029     15.552      0.000

 Variances
    PR                 1.000      0.000    999.000    999.000
    SR                 1.000      0.000    999.000    999.000

 Scales
    M2                 0.987      0.022     45.230      0.000
    LC2                0.941      0.022     42.967      0.000
    SE2                0.952      0.014     69.027      0.000
    OPT2               0.977      0.023     41.939      0.000
    PLIFE2             0.995      0.020     50.809      0.000
    CON3               1.065      0.036     29.768      0.000
    EXT4               0.984      0.028     35.176      0.000
    FAMS2              0.983      0.030     33.137      0.000
    FRIS2              1.007      0.027     36.739      0.000
    SPOS3              0.791      0.035     22.381      0.000
    SI2                0.900      0.019     47.717      0.000
    SI1                0.899      0.021     43.317      0.000


STANDARDIZED MODEL RESULTS


STDYX Standardization

                                                    Two-Tailed
                    Estimate       S.E.  Est./S.E.    P-Value

Group MEN

 PR       BY
    M2                 0.648      0.015     43.753      0.000
    LC2               -0.692      0.015    -47.084      0.000
    SE2                0.862      0.010     83.717      0.000
    OPT2               0.670      0.015     43.617      0.000
    PLIFE2             0.717      0.013     53.099      0.000
    CON3               0.471      0.020     24.039      0.000
    EXT4               0.621      0.017     36.321      0.000

 SR       BY
    FAMS2              0.569      0.020     28.896      0.000
    FRIS2              0.602      0.019     32.128      0.000
    SPOS3              0.517      0.033     15.429      0.000
    SI2                0.651      0.017     38.588      0.000
    SI1               -0.717      0.017    -42.247      0.000

 PR       WITH
    SR                 0.622      0.024     25.844      0.000

 Means
    PR                 0.000      0.000    999.000    999.000
    SR                 0.000      0.000    999.000    999.000

 Thresholds
    M2$1              -0.200      0.027     -7.413      0.000
    M2$2               0.805      0.029     27.771      0.000
    M2$3               1.348      0.037     36.897      0.000
    M2$4               1.697      0.044     38.588      0.000
    M2$5               1.929      0.051     37.538      0.000
    M2$6               2.374      0.073     32.396      0.000
    LC2$1             -2.021      0.054    -37.741      0.000
    LC2$2             -1.368      0.037    -36.806      0.000
    LC2$3             -0.826      0.030    -27.538      0.000
    LC2$4             -0.601      0.028    -21.193      0.000
    LC2$5             -0.347      0.027    -12.630      0.000
    LC2$6              0.281      0.028      9.873      0.000
    SE2$1             -0.124      0.030     -4.141      0.000
    SE2$2              0.832      0.032     26.374      0.000
    SE2$3              1.371      0.037     36.928      0.000
    SE2$4              1.616      0.042     38.804      0.000
    SE2$5              1.957      0.051     38.575      0.000
    SE2$6              2.424      0.073     33.143      0.000
    OPT2$1            -0.419      0.029    -14.485      0.000
    OPT2$2             0.726      0.029     25.331      0.000
    OPT2$3             1.195      0.034     35.038      0.000
    OPT2$4             2.050      0.056     36.544      0.000
    PLIFE2$1          -0.249      0.028     -8.858      0.000
    PLIFE2$2           0.654      0.028     23.098      0.000
    PLIFE2$3           1.050      0.032     32.922      0.000
    PLIFE2$4           1.441      0.038     38.336      0.000
    PLIFE2$5           1.671      0.043     39.262      0.000
    PLIFE2$6           2.152      0.059     36.528      0.000
    CON3$1             0.505      0.026     19.620      0.000
    CON3$2             1.457      0.042     34.341      0.000
    CON3$3             2.178      0.071     30.856      0.000
    EXT4$1            -0.277      0.028    -10.030      0.000
    EXT4$2             0.859      0.030     28.501      0.000
    EXT4$3             1.943      0.055     35.478      0.000
    FAMS2$1           -0.123      0.025     -4.902      0.000
    FAMS2$2            1.040      0.033     31.535      0.000
    FAMS2$3            1.833      0.053     34.389      0.000
    FRIS2$1           -0.401      0.027    -14.898      0.000
    FRIS2$2            0.846      0.030     28.079      0.000
    FRIS2$3            1.825      0.051     35.661      0.000
    SPOS3$1            0.558      0.033     17.085      0.000
    SPOS3$2            1.568      0.053     29.336      0.000
    SPOS3$3            2.407      0.099     24.344      0.000
    SI2$1             -1.363      0.038    -36.269      0.000
    SI2$2             -0.441      0.028    -15.856      0.000
    SI2$3              0.181      0.027      6.743      0.000
    SI2$4              0.770      0.030     25.427      0.000
    SI2$5              1.128      0.035     32.433      0.000
    SI2$6              1.719      0.047     36.707      0.000
    SI1$1             -1.942      0.053    -36.449      0.000
    SI1$2             -1.318      0.038    -34.799      0.000
    SI1$3             -0.860      0.032    -27.099      0.000
    SI1$4             -0.338      0.028    -12.000      0.000
    SI1$5             -0.091      0.028     -3.299      0.001
    SI1$6              0.451      0.029     15.552      0.000

 Variances
    PR                 1.000      0.000    999.000    999.000
    SR                 1.000      0.000    999.000    999.000

 Scales
    M2                 1.000      0.000      0.000      1.000
    LC2                1.000      0.000      0.000      1.000
    SE2                1.000      0.000      0.000      1.000
    OPT2               1.000      0.000      0.000      1.000
    PLIFE2             1.000      0.000      0.000      1.000
    CON3               1.000      0.000      0.000      1.000
    EXT4               1.000      0.000      0.000      1.000
    FAMS2              1.000      0.000      0.000      1.000
    FRIS2              1.000      0.000      0.000      1.000
    SPOS3              1.000      0.000      0.000      1.000
    SI2                1.000      0.000      0.000      1.000
    SI1                1.000      0.000      0.000      1.000

Group WOMEN

 PR       BY
    M2                 0.640      0.014     46.748      0.000
    LC2               -0.651      0.014    -47.431      0.000
    SE2                0.821      0.010     78.430      0.000
    OPT2               0.654      0.014     47.045      0.000
    PLIFE2             0.713      0.013     55.399      0.000
    CON3               0.502      0.021     24.145      0.000
    EXT4               0.611      0.015     40.086      0.000

 SR       BY
    FAMS2              0.560      0.019     29.278      0.000
    FRIS2              0.606      0.018     33.599      0.000
    SPOS3              0.408      0.027     14.903      0.000
    SI2                0.586      0.015     38.812      0.000
    SI1               -0.644      0.016    -39.185      0.000

 PR       WITH
    SR                 0.729      0.021     34.060      0.000

 Means
    PR                 0.115      0.042      2.730      0.006
    SR                -0.155      0.043     -3.612      0.000

 Thresholds
    M2$1              -0.197      0.026     -7.563      0.000
    M2$2               0.794      0.029     26.951      0.000
    M2$3               1.330      0.037     36.408      0.000
    M2$4               1.674      0.043     38.935      0.000
    M2$5               1.903      0.050     38.342      0.000
    M2$6               2.342      0.069     33.955      0.000
    LC2$1             -1.902      0.050    -37.724      0.000
    LC2$2             -1.287      0.036    -35.495      0.000
    LC2$3             -0.777      0.030    -25.636      0.000
    LC2$4             -0.566      0.028    -19.849      0.000
    LC2$5             -0.326      0.027    -12.063      0.000
    LC2$6              0.265      0.026     10.295      0.000
    SE2$1             -0.118      0.028     -4.172      0.000
    SE2$2              0.792      0.031     25.506      0.000
    SE2$3              1.305      0.036     35.802      0.000
    SE2$4              1.538      0.040     38.155      0.000
    SE2$5              1.862      0.047     39.392      0.000
    SE2$6              2.307      0.067     34.572      0.000
    OPT2$1            -0.410      0.027    -15.432      0.000
    OPT2$2             0.709      0.030     23.812      0.000
    OPT2$3             1.168      0.035     33.216      0.000
    OPT2$4             2.004      0.055     36.729      0.000
    PLIFE2$1          -0.248      0.027     -9.098      0.000
    PLIFE2$2           0.650      0.029     22.140      0.000
    PLIFE2$3           1.044      0.033     31.485      0.000
    PLIFE2$4           1.434      0.039     36.895      0.000
    PLIFE2$5           1.662      0.043     38.222      0.000
    PLIFE2$6           2.141      0.058     36.618      0.000
    CON3$1             0.538      0.028     19.481      0.000
    CON3$2             1.552      0.043     36.164      0.000
    CON3$3             2.320      0.070     33.022      0.000
    EXT4$1            -0.273      0.026    -10.559      0.000
    EXT4$2             0.845      0.031     26.858      0.000
    EXT4$3             1.912      0.052     37.054      0.000
    FAMS2$1           -0.121      0.025     -4.935      0.000
    FAMS2$2            1.023      0.033     30.789      0.000
    FAMS2$3            1.802      0.050     36.170      0.000
    FRIS2$1           -0.404      0.027    -15.226      0.000
    FRIS2$2            0.852      0.030     27.989      0.000
    FRIS2$3            1.838      0.051     36.116      0.000
    SPOS3$1            0.441      0.028     15.824      0.000
    SPOS3$2            1.240      0.047     26.630      0.000
    SPOS3$3            1.903      0.070     27.218      0.000
    SI2$1             -1.226      0.032    -37.870      0.000
    SI2$2             -0.397      0.025    -15.959      0.000
    SI2$3              0.163      0.024      6.731      0.000
    SI2$4              0.693      0.027     25.536      0.000
    SI2$5              1.015      0.031     33.180      0.000
    SI2$6              1.546      0.040     38.382      0.000
    SI1$1             -1.745      0.049    -35.810      0.000
    SI1$2             -1.185      0.035    -33.669      0.000
    SI1$3             -0.773      0.029    -26.345      0.000
    SI1$4             -0.303      0.026    -11.852      0.000
    SI1$5             -0.082      0.025     -3.287      0.001
    SI1$6              0.405      0.025     15.938      0.000

 Variances
    PR                 1.000      0.000    999.000    999.000
    SR                 1.000      0.000    999.000    999.000

 Scales
    M2                 1.000      0.000      0.000      1.000
    LC2                1.000      0.000      0.000      1.000
    SE2                1.000      0.000      0.000      1.000
    OPT2               1.000      0.000      0.000      1.000
    PLIFE2             1.000      0.000      0.000      1.000
    CON3               1.000      0.000      0.000      1.000
    EXT4               1.000      0.000      0.000      1.000
    FAMS2              1.000      0.000      0.000      1.000
    FRIS2              1.000      0.000      0.000      1.000
    SPOS3              1.000      0.000      0.000      1.000
    SI2                1.000      0.000      0.000      1.000
    SI1                1.000      0.000      0.000      1.000


R-SQUARE

Group MEN

    Observed                                        Two-Tailed   Residual
    Variable        Estimate       S.E.  Est./S.E.    P-Value    Variance

    M2                 0.420      0.019     21.877      0.000      0.580
    LC2                0.479      0.020     23.542      0.000      0.521
    SE2                0.743      0.018     41.858      0.000      0.257
    OPT2               0.448      0.021     21.808      0.000      0.552
    PLIFE2             0.513      0.019     26.549      0.000      0.487
    CON3               0.222      0.018     12.019      0.000      0.778
    EXT4               0.385      0.021     18.161      0.000      0.615
    FAMS2              0.324      0.022     14.448      0.000      0.676
    FRIS2              0.362      0.023     16.064      0.000      0.638
    SPOS3              0.267      0.035      7.715      0.000      0.733
    SI2                0.424      0.022     19.294      0.000      0.576
    SI1                0.514      0.024     21.123      0.000      0.486

Group WOMEN

    Observed                                        Two-Tailed   Residual
    Variable        Estimate       S.E.  Est./S.E.    P-Value    Variance

    M2                 0.409      0.018     23.374      0.000      0.607
    LC2                0.424      0.018     23.716      0.000      0.650
    SE2                0.673      0.017     39.215      0.000      0.361
    OPT2               0.428      0.018     23.523      0.000      0.598
    PLIFE2             0.508      0.018     27.700      0.000      0.497
    CON3               0.252      0.021     12.073      0.000      0.659
    EXT4               0.373      0.019     20.043      0.000      0.647
    FAMS2              0.313      0.021     14.639      0.000      0.711
    FRIS2              0.368      0.022     16.799      0.000      0.623
    SPOS3              0.167      0.022      7.451      0.000      1.333
    SI2                0.343      0.018     19.406      0.000      0.811
    SI1                0.415      0.021     19.592      0.000      0.725


QUALITY OF NUMERICAL RESULTS

     Condition Number for the Information Matrix              0.423E-02
       (ratio of smallest to largest eigenvalue)


PLOT INFORMATION

The following plots are available:

  Sample proportions and estimated probabilities
  Item characteristic curves
  Information curves
  Measurement parameter plots

     Beginning Time:  14:23:51
        Ending Time:  14:23:52
       Elapsed Time:  00:00:01



MUTHEN & MUTHEN
3463 Stoner Ave.
Los Angeles, CA  90066

Tel: (310) 391-9971
Fax: (310) 391-8971
Web: www.StatModel.com
Support: Support@StatModel.com

Copyright (c) 1998-2014 Muthen & Muthen
