Mplus VERSION 7.3
MUTHEN & MUTHEN
02/15/2016   2:22 PM

INPUT INSTRUCTIONS

  DATA:
  FILE = "MIDUS_PSR_cfa2c2sc_mgage1.dat";

  VARIABLE:
  NAMES = M2ID M2FAMNUM M1 M2 M3 M4 LC1 LC2 LC3 LC4 LC5 LC6 LC7 LC8 SE1 SE2 SE3 SE4
       SE5 SE6 SE7 Opt1 Opt2 Opt3 Pess1 Pess2 Pess3 PLife1 PLife2 PLife3 PLife4 PLife5
       PLife6 PLife7 Ctrl1 Ctrl2 Ctrl3 Con1 Con2 Con3 Con4 Con5 Ext1 Ext2 Ext3 Ext4
       Ext5 FamS1 FamS2 FamS3 FamS4 FriS1 FriS2 FriS3 FriS4 SpoS1 SpoS2 SpoS3 SpoS4
       SpoS5 SpoS6 SI1 SI2 SI3 AGE SEX RACE;
   MISSING=.;

  USEVARIABLES ARE
   M2 LC2 SE2 Opt2 PLife2 Con3 Ext4
   FamS2 FriS2 SpoS3 SI2 SI1;
  CATEGORICAL ARE
   M2 LC2 SE2 Opt2 PLife2 Con3 Ext4
   FamS2 FriS2 SpoS3 SI2 SI1;

  IDVARIABLE = M2ID;
  GROUPING = AGE (1 = Young 2 = Middle 3 = Old);

  ANALYSIS:

    ESTIMATOR = WLSMV;
    PROCESSORS = 2;
  MODEL:

   PR@1;
   PR BY M2*1 LC2*-1 SE2* Opt2* PLife2*1 Con3*1 Ext4*;
   SR@1;
   SR BY FamS2*1 FriS2 SpoS3 SI2 SI1;
   PR WITH SR*;

  OUTPUT:
  STDYX;
  PLOT:
  TYPE IS PLOT2;



INPUT READING TERMINATED NORMALLY




SUMMARY OF ANALYSIS

Number of groups                                                 3
Number of observations
   Group YOUNG                                                 931
   Group MIDDLE                                               1432
   Group OLD                                                  1258
   Total sample size                                          3621

Number of dependent variables                                   12
Number of independent variables                                  0
Number of continuous latent variables                            2

Observed dependent variables

  Binary and ordered categorical (ordinal)
   M2          LC2         SE2         OPT2        PLIFE2      CON3
   EXT4        FAMS2       FRIS2       SPOS3       SI2         SI1

Continuous latent variables
   PR          SR

Variables with special functions

  Grouping variable     AGE
  ID variable           M2ID

Estimator                                                    WLSMV
Maximum number of iterations                                  1000
Convergence criterion                                    0.500D-04
Maximum number of steepest descent iterations                   20
Maximum number of iterations for H1                           2000
Convergence criterion for H1                             0.100D-03
Parameterization                                             DELTA

Input data file(s)
  MIDUS_PSR_cfa2c2sc_mgage1.dat

Input data format  FREE


SUMMARY OF DATA

   Group YOUNG
     Number of missing data patterns            30

   Group MIDDLE
     Number of missing data patterns            39

   Group OLD
     Number of missing data patterns            59


COVARIANCE COVERAGE OF DATA

Minimum covariance coverage value   0.100


     PROPORTION OF DATA PRESENT FOR YOUNG


           Covariance Coverage
              M2            LC2           SE2           OPT2          PLIFE2
              ________      ________      ________      ________      ________
 M2             0.892
 LC2            0.892         0.892
 SE2            0.888         0.888         0.892
 OPT2           0.889         0.889         0.889         0.896
 PLIFE2         0.889         0.889         0.889         0.892         0.894
 CON3           0.889         0.889         0.889         0.892         0.892
 EXT4           0.882         0.882         0.882         0.884         0.884
 FAMS2          0.887         0.887         0.887         0.892         0.889
 FRIS2          0.876         0.876         0.876         0.881         0.879
 SPOS3          0.677         0.677         0.677         0.680         0.678
 SI2            0.882         0.882         0.882         0.886         0.884
 SI1            0.883         0.883         0.883         0.887         0.885


           Covariance Coverage
              CON3          EXT4          FAMS2         FRIS2         SPOS3
              ________      ________      ________      ________      ________
 CON3           0.894
 EXT4           0.886         0.886
 FAMS2          0.889         0.882         0.996
 FRIS2          0.879         0.872         0.983         0.984
 SPOS3          0.679         0.675         0.721         0.718         0.721
 SI2            0.884         0.876         0.887         0.876         0.675
 SI1            0.885         0.878         0.888         0.879         0.677


           Covariance Coverage
              SI2           SI1
              ________      ________
 SI2            0.889
 SI1            0.887         0.890


     PROPORTION OF DATA PRESENT FOR MIDDLE


           Covariance Coverage
              M2            LC2           SE2           OPT2          PLIFE2
              ________      ________      ________      ________      ________
 M2             0.950
 LC2            0.947         0.950
 SE2            0.942         0.942         0.946
 OPT2           0.941         0.941         0.937         0.945
 PLIFE2         0.946         0.946         0.942         0.941         0.950
 CON3           0.945         0.945         0.942         0.940         0.945
 EXT4           0.939         0.939         0.935         0.933         0.939
 FAMS2          0.946         0.946         0.943         0.941         0.946
 FRIS2          0.938         0.938         0.934         0.933         0.939
 SPOS3          0.690         0.691         0.688         0.687         0.691
 SI2            0.942         0.942         0.939         0.937         0.942
 SI1            0.944         0.944         0.940         0.939         0.943


           Covariance Coverage
              CON3          EXT4          FAMS2         FRIS2         SPOS3
              ________      ________      ________      ________      ________
 CON3           0.949
 EXT4           0.940         0.943
 FAMS2          0.946         0.939         0.996
 FRIS2          0.937         0.930         0.986         0.987
 SPOS3          0.691         0.686         0.710         0.704         0.711
 SI2            0.941         0.934         0.944         0.936         0.689
 SI1            0.943         0.936         0.946         0.937         0.690


           Covariance Coverage
              SI2           SI1
              ________      ________
 SI2            0.946
 SI1            0.944         0.948


     PROPORTION OF DATA PRESENT FOR OLD


           Covariance Coverage
              M2            LC2           SE2           OPT2          PLIFE2
              ________      ________      ________      ________      ________
 M2             0.955
 LC2            0.952         0.956
 SE2            0.952         0.952         0.959
 OPT2           0.944         0.944         0.948         0.957
 PLIFE2         0.950         0.951         0.953         0.946         0.959
 CON3           0.948         0.948         0.952         0.945         0.949
 EXT4           0.934         0.934         0.936         0.930         0.936
 FAMS2          0.940         0.940         0.943         0.940         0.941
 FRIS2          0.934         0.934         0.937         0.933         0.936
 SPOS3          0.610         0.608         0.610         0.610         0.609
 SI2            0.932         0.932         0.937         0.935         0.934
 SI1            0.931         0.931         0.936         0.933         0.934


           Covariance Coverage
              CON3          EXT4          FAMS2         FRIS2         SPOS3
              ________      ________      ________      ________      ________
 CON3           0.956
 EXT4           0.940         0.941
 FAMS2          0.939         0.924         0.981
 FRIS2          0.933         0.919         0.966         0.974
 SPOS3          0.608         0.599         0.618         0.614         0.625
 SI2            0.932         0.919         0.936         0.931         0.606
 SI1            0.932         0.918         0.934         0.928         0.607


           Covariance Coverage
              SI2           SI1
              ________      ________
 SI2            0.946
 SI1            0.939         0.944


UNIVARIATE PROPORTIONS AND COUNTS FOR CATEGORICAL VARIABLES

  Group YOUNG
    M2
      Category 1    0.395      328.000
      Category 2    0.348      289.000
      Category 3    0.167      139.000
      Category 4    0.042       35.000
      Category 5    0.025       21.000
      Category 6    0.017       14.000
      Category 7    0.005        4.000
    LC2
      Category 1    0.031       26.000
      Category 2    0.069       57.000
      Category 3    0.124      103.000
      Category 4    0.075       62.000
      Category 5    0.111       92.000
      Category 6    0.265      220.000
      Category 7    0.325      270.000
    SE2
      Category 1    0.346      287.000
      Category 2    0.357      296.000
      Category 3    0.170      141.000
      Category 4    0.034       28.000
      Category 5    0.051       42.000
      Category 6    0.025       21.000
      Category 7    0.018       15.000
    OPT2
      Category 1    0.275      229.000
      Category 2    0.459      383.000
      Category 3    0.131      109.000
      Category 4    0.108       90.000
      Category 5    0.028       23.000
    PLIFE2
      Category 1    0.355      295.000
      Category 2    0.326      271.000
      Category 3    0.137      114.000
      Category 4    0.093       77.000
      Category 5    0.029       24.000
      Category 6    0.046       38.000
      Category 7    0.016       13.000
    CON3
      Category 1    0.718      597.000
      Category 2    0.216      180.000
      Category 3    0.059       49.000
      Category 4    0.007        6.000
    EXT4
      Category 1    0.331      273.000
      Category 2    0.444      366.000
      Category 3    0.200      165.000
      Category 4    0.025       21.000
    FAMS2
      Category 1    0.399      370.000
      Category 2    0.423      392.000
      Category 3    0.138      128.000
      Category 4    0.040       37.000
    FRIS2
      Category 1    0.376      344.000
      Category 2    0.413      378.000
      Category 3    0.167      153.000
      Category 4    0.045       41.000
    SPOS3
      Category 1    0.632      424.000
      Category 2    0.267      179.000
      Category 3    0.080       54.000
      Category 4    0.021       14.000
    SI2
      Category 1    0.074       61.000
      Category 2    0.185      153.000
      Category 3    0.234      194.000
      Category 4    0.223      185.000
      Category 5    0.124      103.000
      Category 6    0.095       79.000
      Category 7    0.064       53.000
    SI1
      Category 1    0.034       28.000
      Category 2    0.059       49.000
      Category 3    0.101       84.000
      Category 4    0.175      145.000
      Category 5    0.121      100.000
      Category 6    0.201      167.000
      Category 7    0.309      256.000

  Group MIDDLE
    M2
      Category 1    0.410      558.000
      Category 2    0.359      488.000
      Category 3    0.126      172.000
      Category 4    0.048       65.000
      Category 5    0.023       31.000
      Category 6    0.021       29.000
      Category 7    0.013       18.000
    LC2
      Category 1    0.030       41.000
      Category 2    0.067       91.000
      Category 3    0.128      174.000
      Category 4    0.054       73.000
      Category 5    0.091      124.000
      Category 6    0.242      329.000
      Category 7    0.389      529.000
    SE2
      Category 1    0.435      589.000
      Category 2    0.323      438.000
      Category 3    0.132      179.000
      Category 4    0.038       51.000
      Category 5    0.038       52.000
      Category 6    0.023       31.000
      Category 7    0.011       15.000
    OPT2
      Category 1    0.338      457.000
      Category 2    0.406      549.000
      Category 3    0.117      158.000
      Category 4    0.117      158.000
      Category 5    0.023       31.000
    PLIFE2
      Category 1    0.388      528.000
      Category 2    0.336      457.000
      Category 3    0.121      164.000
      Category 4    0.068       93.000
      Category 5    0.032       43.000
      Category 6    0.035       48.000
      Category 7    0.020       27.000
    CON3
      Category 1    0.706      960.000
      Category 2    0.240      326.000
      Category 3    0.046       62.000
      Category 4    0.008       11.000
    EXT4
      Category 1    0.362      489.000
      Category 2    0.402      543.000
      Category 3    0.199      268.000
      Category 4    0.037       50.000
    FAMS2
      Category 1    0.437      623.000
      Category 2    0.399      569.000
      Category 3    0.126      179.000
      Category 4    0.039       55.000
    FRIS2
      Category 1    0.345      487.000
      Category 2    0.453      640.000
      Category 3    0.171      241.000
      Category 4    0.032       45.000
    SPOS3
      Category 1    0.693      705.000
      Category 2    0.231      235.000
      Category 3    0.060       61.000
      Category 4    0.017       17.000
    SI2
      Category 1    0.098      133.000
      Category 2    0.230      311.000
      Category 3    0.237      321.000
      Category 4    0.207      281.000
      Category 5    0.084      114.000
      Category 6    0.097      131.000
      Category 7    0.047       64.000
    SI1
      Category 1    0.032       44.000
      Category 2    0.073       99.000
      Category 3    0.110      149.000
      Category 4    0.155      210.000
      Category 5    0.084      114.000
      Category 6    0.200      272.000
      Category 7    0.346      470.000

  Group OLD
    M2
      Category 1    0.408      490.000
      Category 2    0.399      479.000
      Category 3    0.099      119.000
      Category 4    0.050       60.000
      Category 5    0.012       15.000
      Category 6    0.022       26.000
      Category 7    0.011       13.000
    LC2
      Category 1    0.024       29.000
      Category 2    0.082       99.000
      Category 3    0.121      146.000
      Category 4    0.086      103.000
      Category 5    0.073       88.000
      Category 6    0.215      259.000
      Category 7    0.398      479.000
    SE2
      Category 1    0.487      588.000
      Category 2    0.358      432.000
      Category 3    0.083      100.000
      Category 4    0.035       42.000
      Category 5    0.013       16.000
      Category 6    0.018       22.000
      Category 7    0.006        7.000
    OPT2
      Category 1    0.344      414.000
      Category 2    0.424      510.000
      Category 3    0.123      148.000
      Category 4    0.087      105.000
      Category 5    0.022       27.000
    PLIFE2
      Category 1    0.400      482.000
      Category 2    0.365      440.000
      Category 3    0.090      108.000
      Category 4    0.075       90.000
      Category 5    0.027       33.000
      Category 6    0.027       32.000
      Category 7    0.017       21.000
    CON3
      Category 1    0.646      777.000
      Category 2    0.264      317.000
      Category 3    0.068       82.000
      Category 4    0.022       27.000
    EXT4
      Category 1    0.426      504.000
      Category 2    0.408      483.000
      Category 3    0.142      168.000
      Category 4    0.024       29.000
    FAMS2
      Category 1    0.564      696.000
      Category 2    0.352      434.000
      Category 3    0.069       85.000
      Category 4    0.015       19.000
    FRIS2
      Category 1    0.372      456.000
      Category 2    0.488      598.000
      Category 3    0.123      151.000
      Category 4    0.016       20.000
    SPOS3
      Category 1    0.762      599.000
      Category 2    0.179      141.000
      Category 3    0.046       36.000
      Category 4    0.013       10.000
    SI2
      Category 1    0.147      175.000
      Category 2    0.314      374.000
      Category 3    0.219      261.000
      Category 4    0.156      186.000
      Category 5    0.061       73.000
      Category 6    0.066       78.000
      Category 7    0.036       43.000
    SI1
      Category 1    0.024       28.000
      Category 2    0.066       79.000
      Category 3    0.077       92.000
      Category 4    0.162      192.000
      Category 5    0.074       88.000
      Category 6    0.197      234.000
      Category 7    0.400      475.000



THE MODEL ESTIMATION TERMINATED NORMALLY



MODEL FIT INFORMATION

Number of Free Parameters                       98

Chi-Square Test of Model Fit

          Value                            944.686*
          Degrees of Freedom                   265
          P-Value                           0.0000

Chi-Square Contribution From Each Group

          YOUNG                            264.941
          MIDDLE                           262.492
          OLD                              417.253

*   The chi-square value for MLM, MLMV, MLR, ULSMV, WLSM and WLSMV cannot be used
    for chi-square difference testing in the regular way.  MLM, MLR and WLSM
    chi-square difference testing is described on the Mplus website.  MLMV, WLSMV,
    and ULSMV difference testing is done using the DIFFTEST option.

RMSEA (Root Mean Square Error Of Approximation)

          Estimate                           0.046
          90 Percent C.I.                    0.043  0.049
          Probability RMSEA <= .05           0.978

CFI/TLI

          CFI                                0.965
          TLI                                0.974

Chi-Square Test of Model Fit for the Baseline Model

          Value                          19860.608
          Degrees of Freedom                   198
          P-Value                           0.0000

WRMR (Weighted Root Mean Square Residual)

          Value                              2.792



MODEL RESULTS

                                                    Two-Tailed
                    Estimate       S.E.  Est./S.E.    P-Value

Group YOUNG

 PR       BY
    M2                 0.690      0.017     39.691      0.000
    LC2               -0.716      0.016    -44.073      0.000
    SE2                0.833      0.012     66.987      0.000
    OPT2               0.645      0.019     33.980      0.000
    PLIFE2             0.728      0.016     44.378      0.000
    CON3               0.520      0.025     20.401      0.000
    EXT4               0.614      0.021     29.580      0.000

 SR       BY
    FAMS2              0.549      0.023     23.358      0.000
    FRIS2              0.548      0.021     25.643      0.000
    SPOS3              0.434      0.034     12.929      0.000
    SI2                0.646      0.018     35.902      0.000
    SI1               -0.743      0.021    -35.414      0.000

 PR       WITH
    SR                 0.626      0.030     20.524      0.000

 Means
    PR                 0.000      0.000    999.000    999.000
    SR                 0.000      0.000    999.000    999.000

 Thresholds
    M2$1              -0.345      0.034    -10.085      0.000
    M2$2               0.714      0.036     19.766      0.000
    M2$3               1.290      0.045     28.906      0.000
    M2$4               1.656      0.053     31.194      0.000
    M2$5               1.904      0.061     31.246      0.000
    M2$6               2.370      0.085     27.767      0.000
    LC2$1             -1.949      0.059    -32.943      0.000
    LC2$2             -1.284      0.043    -29.816      0.000
    LC2$3             -0.721      0.036    -19.971      0.000
    LC2$4             -0.490      0.035    -14.134      0.000
    LC2$5             -0.224      0.034     -6.596      0.000
    LC2$6              0.433      0.036     11.860      0.000
    SE2$1             -0.288      0.037     -7.707      0.000
    SE2$2              0.633      0.038     16.776      0.000
    SE2$3              1.149      0.043     27.009      0.000
    SE2$4              1.381      0.046     29.985      0.000
    SE2$5              1.711      0.053     32.097      0.000
    SE2$6              2.156      0.071     30.215      0.000
    OPT2$1            -0.535      0.036    -15.043      0.000
    OPT2$2             0.572      0.033     17.269      0.000
    OPT2$3             1.024      0.040     25.920      0.000
    OPT2$4             1.858      0.061     30.250      0.000
    PLIFE2$1          -0.401      0.036    -11.268      0.000
    PLIFE2$2           0.520      0.035     14.841      0.000
    PLIFE2$3           0.923      0.038     24.003      0.000
    PLIFE2$4           1.322      0.044     29.903      0.000
    PLIFE2$5           1.555      0.049     31.672      0.000
    PLIFE2$6           2.042      0.065     31.453      0.000
    CON3$1             0.444      0.032     13.912      0.000
    CON3$2             1.470      0.058     25.504      0.000
    CON3$3             2.258      0.097     23.250      0.000
    EXT4$1            -0.400      0.034    -11.757      0.000
    EXT4$2             0.724      0.036     20.398      0.000
    EXT4$3             1.792      0.065     27.602      0.000
    FAMS2$1           -0.197      0.030     -6.631      0.000
    FAMS2$2            0.942      0.039     23.863      0.000
    FAMS2$3            1.728      0.061     28.294      0.000
    FRIS2$1           -0.465      0.031    -15.013      0.000
    FRIS2$2            0.731      0.035     20.789      0.000
    FRIS2$3            1.681      0.058     29.086      0.000
    SPOS3$1            0.410      0.033     12.521      0.000
    SPOS3$2            1.285      0.058     21.982      0.000
    SPOS3$3            1.970      0.092     21.445      0.000
    SI2$1             -1.425      0.046    -31.118      0.000
    SI2$2             -0.525      0.034    -15.478      0.000
    SI2$3              0.085      0.032      2.607      0.009
    SI2$4              0.658      0.036     18.490      0.000
    SI2$5              1.006      0.040     25.217      0.000
    SI2$6              1.579      0.052     30.597      0.000
    SI1$1             -1.920      0.063    -30.261      0.000
    SI1$2             -1.282      0.047    -27.044      0.000
    SI1$3             -0.804      0.040    -20.271      0.000
    SI1$4             -0.258      0.035     -7.288      0.000
    SI1$5              0.001      0.035      0.030      0.976
    SI1$6              0.566      0.037     15.135      0.000

 Variances
    PR                 1.000      0.000    999.000    999.000
    SR                 1.000      0.000    999.000    999.000

 Scales
    M2                 1.000      0.000    999.000    999.000
    LC2                1.000      0.000    999.000    999.000
    SE2                1.000      0.000    999.000    999.000
    OPT2               1.000      0.000    999.000    999.000
    PLIFE2             1.000      0.000    999.000    999.000
    CON3               1.000      0.000    999.000    999.000
    EXT4               1.000      0.000    999.000    999.000
    FAMS2              1.000      0.000    999.000    999.000
    FRIS2              1.000      0.000    999.000    999.000
    SPOS3              1.000      0.000    999.000    999.000
    SI2                1.000      0.000    999.000    999.000
    SI1                1.000      0.000    999.000    999.000

Group MIDDLE

 PR       BY
    M2                 0.690      0.017     39.691      0.000
    LC2               -0.716      0.016    -44.073      0.000
    SE2                0.833      0.012     66.987      0.000
    OPT2               0.645      0.019     33.980      0.000
    PLIFE2             0.728      0.016     44.378      0.000
    CON3               0.520      0.025     20.401      0.000
    EXT4               0.614      0.021     29.580      0.000

 SR       BY
    FAMS2              0.549      0.023     23.358      0.000
    FRIS2              0.548      0.021     25.643      0.000
    SPOS3              0.434      0.034     12.929      0.000
    SI2                0.646      0.018     35.902      0.000
    SI1               -0.743      0.021    -35.414      0.000

 PR       WITH
    SR                 0.720      0.026     27.908      0.000

 Means
    PR                -0.104      0.053     -1.965      0.049
    SR                -0.136      0.053     -2.549      0.011

 Thresholds
    M2$1              -0.345      0.034    -10.085      0.000
    M2$2               0.714      0.036     19.766      0.000
    M2$3               1.290      0.045     28.906      0.000
    M2$4               1.656      0.053     31.194      0.000
    M2$5               1.904      0.061     31.246      0.000
    M2$6               2.370      0.085     27.767      0.000
    LC2$1             -1.949      0.059    -32.943      0.000
    LC2$2             -1.284      0.043    -29.816      0.000
    LC2$3             -0.721      0.036    -19.971      0.000
    LC2$4             -0.490      0.035    -14.134      0.000
    LC2$5             -0.224      0.034     -6.596      0.000
    LC2$6              0.433      0.036     11.860      0.000
    SE2$1             -0.288      0.037     -7.707      0.000
    SE2$2              0.633      0.038     16.776      0.000
    SE2$3              1.149      0.043     27.009      0.000
    SE2$4              1.381      0.046     29.985      0.000
    SE2$5              1.711      0.053     32.097      0.000
    SE2$6              2.156      0.071     30.215      0.000
    OPT2$1            -0.535      0.036    -15.043      0.000
    OPT2$2             0.572      0.033     17.269      0.000
    OPT2$3             1.024      0.040     25.920      0.000
    OPT2$4             1.858      0.061     30.250      0.000
    PLIFE2$1          -0.401      0.036    -11.268      0.000
    PLIFE2$2           0.520      0.035     14.841      0.000
    PLIFE2$3           0.923      0.038     24.003      0.000
    PLIFE2$4           1.322      0.044     29.903      0.000
    PLIFE2$5           1.555      0.049     31.672      0.000
    PLIFE2$6           2.042      0.065     31.453      0.000
    CON3$1             0.444      0.032     13.912      0.000
    CON3$2             1.470      0.058     25.504      0.000
    CON3$3             2.258      0.097     23.250      0.000
    EXT4$1            -0.400      0.034    -11.757      0.000
    EXT4$2             0.724      0.036     20.398      0.000
    EXT4$3             1.792      0.065     27.602      0.000
    FAMS2$1           -0.197      0.030     -6.631      0.000
    FAMS2$2            0.942      0.039     23.863      0.000
    FAMS2$3            1.728      0.061     28.294      0.000
    FRIS2$1           -0.465      0.031    -15.013      0.000
    FRIS2$2            0.731      0.035     20.789      0.000
    FRIS2$3            1.681      0.058     29.086      0.000
    SPOS3$1            0.410      0.033     12.521      0.000
    SPOS3$2            1.285      0.058     21.982      0.000
    SPOS3$3            1.970      0.092     21.445      0.000
    SI2$1             -1.425      0.046    -31.118      0.000
    SI2$2             -0.525      0.034    -15.478      0.000
    SI2$3              0.085      0.032      2.607      0.009
    SI2$4              0.658      0.036     18.490      0.000
    SI2$5              1.006      0.040     25.217      0.000
    SI2$6              1.579      0.052     30.597      0.000
    SI1$1             -1.920      0.063    -30.261      0.000
    SI1$2             -1.282      0.047    -27.044      0.000
    SI1$3             -0.804      0.040    -20.271      0.000
    SI1$4             -0.258      0.035     -7.288      0.000
    SI1$5              0.001      0.035      0.030      0.976
    SI1$6              0.566      0.037     15.135      0.000

 Variances
    PR                 1.000      0.000    999.000    999.000
    SR                 1.000      0.000    999.000    999.000

 Scales
    M2                 0.944      0.025     38.394      0.000
    LC2                0.962      0.025     38.598      0.000
    SE2                1.027      0.017     61.812      0.000
    OPT2               1.064      0.032     33.244      0.000
    PLIFE2             0.994      0.024     41.720      0.000
    CON3               1.028      0.046     22.280      0.000
    EXT4               0.998      0.037     27.331      0.000
    FAMS2              0.975      0.038     25.636      0.000
    FRIS2              1.043      0.037     28.251      0.000
    SPOS3              1.051      0.059     17.901      0.000
    SI2                0.984      0.024     40.244      0.000
    SI1                0.914      0.025     36.302      0.000

Group OLD

 PR       BY
    M2                 0.690      0.017     39.691      0.000
    LC2               -0.716      0.016    -44.073      0.000
    SE2                0.833      0.012     66.987      0.000
    OPT2               0.645      0.019     33.980      0.000
    PLIFE2             0.728      0.016     44.378      0.000
    CON3               0.520      0.025     20.401      0.000
    EXT4               0.614      0.021     29.580      0.000

 SR       BY
    FAMS2              0.549      0.023     23.358      0.000
    FRIS2              0.548      0.021     25.643      0.000
    SPOS3              0.434      0.034     12.929      0.000
    SI2                0.646      0.018     35.902      0.000
    SI1               -0.743      0.021    -35.414      0.000

 PR       WITH
    SR                 0.641      0.029     22.001      0.000

 Means
    PR                -0.280      0.055     -5.127      0.000
    SR                -0.493      0.056     -8.768      0.000

 Thresholds
    M2$1              -0.345      0.034    -10.085      0.000
    M2$2               0.714      0.036     19.766      0.000
    M2$3               1.290      0.045     28.906      0.000
    M2$4               1.656      0.053     31.194      0.000
    M2$5               1.904      0.061     31.246      0.000
    M2$6               2.370      0.085     27.767      0.000
    LC2$1             -1.949      0.059    -32.943      0.000
    LC2$2             -1.284      0.043    -29.816      0.000
    LC2$3             -0.721      0.036    -19.971      0.000
    LC2$4             -0.490      0.035    -14.134      0.000
    LC2$5             -0.224      0.034     -6.596      0.000
    LC2$6              0.433      0.036     11.860      0.000
    SE2$1             -0.288      0.037     -7.707      0.000
    SE2$2              0.633      0.038     16.776      0.000
    SE2$3              1.149      0.043     27.009      0.000
    SE2$4              1.381      0.046     29.985      0.000
    SE2$5              1.711      0.053     32.097      0.000
    SE2$6              2.156      0.071     30.215      0.000
    OPT2$1            -0.535      0.036    -15.043      0.000
    OPT2$2             0.572      0.033     17.269      0.000
    OPT2$3             1.024      0.040     25.920      0.000
    OPT2$4             1.858      0.061     30.250      0.000
    PLIFE2$1          -0.401      0.036    -11.268      0.000
    PLIFE2$2           0.520      0.035     14.841      0.000
    PLIFE2$3           0.923      0.038     24.003      0.000
    PLIFE2$4           1.322      0.044     29.903      0.000
    PLIFE2$5           1.555      0.049     31.672      0.000
    PLIFE2$6           2.042      0.065     31.453      0.000
    CON3$1             0.444      0.032     13.912      0.000
    CON3$2             1.470      0.058     25.504      0.000
    CON3$3             2.258      0.097     23.250      0.000
    EXT4$1            -0.400      0.034    -11.757      0.000
    EXT4$2             0.724      0.036     20.398      0.000
    EXT4$3             1.792      0.065     27.602      0.000
    FAMS2$1           -0.197      0.030     -6.631      0.000
    FAMS2$2            0.942      0.039     23.863      0.000
    FAMS2$3            1.728      0.061     28.294      0.000
    FRIS2$1           -0.465      0.031    -15.013      0.000
    FRIS2$2            0.731      0.035     20.789      0.000
    FRIS2$3            1.681      0.058     29.086      0.000
    SPOS3$1            0.410      0.033     12.521      0.000
    SPOS3$2            1.285      0.058     21.982      0.000
    SPOS3$3            1.970      0.092     21.445      0.000
    SI2$1             -1.425      0.046    -31.118      0.000
    SI2$2             -0.525      0.034    -15.478      0.000
    SI2$3              0.085      0.032      2.607      0.009
    SI2$4              0.658      0.036     18.490      0.000
    SI2$5              1.006      0.040     25.217      0.000
    SI2$6              1.579      0.052     30.597      0.000
    SI1$1             -1.920      0.063    -30.261      0.000
    SI1$2             -1.282      0.047    -27.044      0.000
    SI1$3             -0.804      0.040    -20.271      0.000
    SI1$4             -0.258      0.035     -7.288      0.000
    SI1$5              0.001      0.035      0.030      0.976
    SI1$6              0.566      0.037     15.135      0.000

 Variances
    PR                 1.000      0.000    999.000    999.000
    SR                 1.000      0.000    999.000    999.000

 Scales
    M2                 0.885      0.026     34.328      0.000
    LC2                0.831      0.026     32.505      0.000
    SE2                1.002      0.020     49.486      0.000
    OPT2               0.977      0.033     29.870      0.000
    PLIFE2             0.945      0.025     38.223      0.000
    CON3               0.869      0.039     22.248      0.000
    EXT4               1.009      0.038     26.633      0.000
    FAMS2              1.105      0.045     24.782      0.000
    FRIS2              1.127      0.041     27.470      0.000
    SPOS3              1.054      0.061     17.207      0.000
    SI2                0.939      0.026     35.648      0.000
    SI1                0.825      0.026     31.515      0.000


STANDARDIZED MODEL RESULTS


STDYX Standardization

                                                    Two-Tailed
                    Estimate       S.E.  Est./S.E.    P-Value

Group YOUNG

 PR       BY
    M2                 0.690      0.017     39.691      0.000
    LC2               -0.716      0.016    -44.073      0.000
    SE2                0.833      0.012     66.987      0.000
    OPT2               0.645      0.019     33.980      0.000
    PLIFE2             0.728      0.016     44.378      0.000
    CON3               0.520      0.025     20.401      0.000
    EXT4               0.614      0.021     29.580      0.000

 SR       BY
    FAMS2              0.549      0.023     23.358      0.000
    FRIS2              0.548      0.021     25.643      0.000
    SPOS3              0.434      0.034     12.929      0.000
    SI2                0.646      0.018     35.902      0.000
    SI1               -0.743      0.021    -35.414      0.000

 PR       WITH
    SR                 0.626      0.030     20.524      0.000

 Means
    PR                 0.000      0.000    999.000    999.000
    SR                 0.000      0.000    999.000    999.000

 Thresholds
    M2$1              -0.345      0.034    -10.085      0.000
    M2$2               0.714      0.036     19.766      0.000
    M2$3               1.290      0.045     28.906      0.000
    M2$4               1.656      0.053     31.194      0.000
    M2$5               1.904      0.061     31.246      0.000
    M2$6               2.370      0.085     27.767      0.000
    LC2$1             -1.949      0.059    -32.943      0.000
    LC2$2             -1.284      0.043    -29.816      0.000
    LC2$3             -0.721      0.036    -19.971      0.000
    LC2$4             -0.490      0.035    -14.134      0.000
    LC2$5             -0.224      0.034     -6.596      0.000
    LC2$6              0.433      0.036     11.860      0.000
    SE2$1             -0.288      0.037     -7.707      0.000
    SE2$2              0.633      0.038     16.776      0.000
    SE2$3              1.149      0.043     27.009      0.000
    SE2$4              1.381      0.046     29.985      0.000
    SE2$5              1.711      0.053     32.097      0.000
    SE2$6              2.156      0.071     30.215      0.000
    OPT2$1            -0.535      0.036    -15.043      0.000
    OPT2$2             0.572      0.033     17.269      0.000
    OPT2$3             1.024      0.040     25.920      0.000
    OPT2$4             1.858      0.061     30.250      0.000
    PLIFE2$1          -0.401      0.036    -11.268      0.000
    PLIFE2$2           0.520      0.035     14.841      0.000
    PLIFE2$3           0.923      0.038     24.003      0.000
    PLIFE2$4           1.322      0.044     29.903      0.000
    PLIFE2$5           1.555      0.049     31.672      0.000
    PLIFE2$6           2.042      0.065     31.453      0.000
    CON3$1             0.444      0.032     13.912      0.000
    CON3$2             1.470      0.058     25.504      0.000
    CON3$3             2.258      0.097     23.250      0.000
    EXT4$1            -0.400      0.034    -11.757      0.000
    EXT4$2             0.724      0.036     20.398      0.000
    EXT4$3             1.792      0.065     27.602      0.000
    FAMS2$1           -0.197      0.030     -6.631      0.000
    FAMS2$2            0.942      0.039     23.863      0.000
    FAMS2$3            1.728      0.061     28.294      0.000
    FRIS2$1           -0.465      0.031    -15.013      0.000
    FRIS2$2            0.731      0.035     20.789      0.000
    FRIS2$3            1.681      0.058     29.086      0.000
    SPOS3$1            0.410      0.033     12.521      0.000
    SPOS3$2            1.285      0.058     21.982      0.000
    SPOS3$3            1.970      0.092     21.445      0.000
    SI2$1             -1.425      0.046    -31.118      0.000
    SI2$2             -0.525      0.034    -15.478      0.000
    SI2$3              0.085      0.032      2.607      0.009
    SI2$4              0.658      0.036     18.490      0.000
    SI2$5              1.006      0.040     25.217      0.000
    SI2$6              1.579      0.052     30.597      0.000
    SI1$1             -1.920      0.063    -30.261      0.000
    SI1$2             -1.282      0.047    -27.044      0.000
    SI1$3             -0.804      0.040    -20.271      0.000
    SI1$4             -0.258      0.035     -7.288      0.000
    SI1$5              0.001      0.035      0.030      0.976
    SI1$6              0.566      0.037     15.135      0.000

 Variances
    PR                 1.000      0.000    999.000    999.000
    SR                 1.000      0.000    999.000    999.000

 Scales
    M2                 1.000      0.000      0.000      1.000
    LC2                1.000      0.000      0.000      1.000
    SE2                1.000      0.000      0.000      1.000
    OPT2               1.000      0.000      0.000      1.000
    PLIFE2             1.000      0.000      0.000      1.000
    CON3               1.000      0.000      0.000      1.000
    EXT4               1.000      0.000      0.000      1.000
    FAMS2              1.000      0.000      0.000      1.000
    FRIS2              1.000      0.000      0.000      1.000
    SPOS3              1.000      0.000      0.000      1.000
    SI2                1.000      0.000      0.000      1.000
    SI1                1.000      0.000      0.000      1.000

Group MIDDLE

 PR       BY
    M2                 0.651      0.014     45.606      0.000
    LC2               -0.688      0.015    -46.290      0.000
    SE2                0.856      0.010     84.739      0.000
    OPT2               0.686      0.014     48.858      0.000
    PLIFE2             0.724      0.014     53.052      0.000
    CON3               0.535      0.022     24.466      0.000
    EXT4               0.613      0.017     35.979      0.000

 SR       BY
    FAMS2              0.535      0.020     26.645      0.000
    FRIS2              0.572      0.019     30.545      0.000
    SPOS3              0.456      0.032     14.095      0.000
    SI2                0.636      0.016     39.968      0.000
    SI1               -0.679      0.017    -39.946      0.000

 PR       WITH
    SR                 0.720      0.026     27.908      0.000

 Means
    PR                -0.104      0.053     -1.965      0.049
    SR                -0.136      0.053     -2.549      0.011

 Thresholds
    M2$1              -0.326      0.031    -10.377      0.000
    M2$2               0.673      0.035     19.313      0.000
    M2$3               1.217      0.042     29.081      0.000
    M2$4               1.563      0.049     32.158      0.000
    M2$5               1.797      0.055     32.719      0.000
    M2$6               2.237      0.074     30.217      0.000
    LC2$1             -1.874      0.059    -31.817      0.000
    LC2$2             -1.235      0.044    -28.279      0.000
    LC2$3             -0.693      0.037    -18.896      0.000
    LC2$4             -0.471      0.035    -13.484      0.000
    LC2$5             -0.215      0.033     -6.428      0.000
    LC2$6              0.416      0.033     12.617      0.000
    SE2$1             -0.296      0.038     -7.785      0.000
    SE2$2              0.650      0.039     16.645      0.000
    SE2$3              1.181      0.044     26.783      0.000
    SE2$4              1.419      0.048     29.669      0.000
    SE2$5              1.758      0.055     31.817      0.000
    SE2$6              2.215      0.075     29.640      0.000
    OPT2$1            -0.570      0.034    -16.797      0.000
    OPT2$2             0.609      0.036     16.809      0.000
    OPT2$3             1.091      0.042     26.154      0.000
    OPT2$4             1.977      0.062     31.805      0.000
    PLIFE2$1          -0.399      0.034    -11.731      0.000
    PLIFE2$2           0.517      0.036     14.411      0.000
    PLIFE2$3           0.918      0.039     23.322      0.000
    PLIFE2$4           1.315      0.045     29.404      0.000
    PLIFE2$5           1.546      0.049     31.381      0.000
    PLIFE2$6           2.030      0.064     31.570      0.000
    CON3$1             0.456      0.032     14.223      0.000
    CON3$2             1.511      0.052     29.108      0.000
    CON3$3             2.321      0.086     26.913      0.000
    EXT4$1            -0.399      0.031    -12.787      0.000
    EXT4$2             0.723      0.036     20.008      0.000
    EXT4$3             1.789      0.057     31.283      0.000
    FAMS2$1           -0.192      0.028     -6.795      0.000
    FAMS2$2            0.918      0.037     24.887      0.000
    FAMS2$3            1.686      0.055     30.907      0.000
    FRIS2$1           -0.485      0.031    -15.723      0.000
    FRIS2$2            0.763      0.035     22.059      0.000
    FRIS2$3            1.753      0.055     31.736      0.000
    SPOS3$1            0.431      0.034     12.543      0.000
    SPOS3$2            1.351      0.055     24.532      0.000
    SPOS3$3            2.071      0.086     24.138      0.000
    SI2$1             -1.402      0.041    -33.994      0.000
    SI2$2             -0.516      0.033    -15.728      0.000
    SI2$3              0.083      0.032      2.608      0.009
    SI2$4              0.647      0.034     18.923      0.000
    SI2$5              0.990      0.038     26.385      0.000
    SI2$6              1.554      0.048     32.373      0.000
    SI1$1             -1.755      0.055    -31.840      0.000
    SI1$2             -1.172      0.042    -28.097      0.000
    SI1$3             -0.734      0.036    -20.401      0.000
    SI1$4             -0.236      0.033     -7.234      0.000
    SI1$5              0.001      0.032      0.030      0.976
    SI1$6              0.517      0.033     15.779      0.000

 Variances
    PR                 1.000      0.000    999.000    999.000
    SR                 1.000      0.000    999.000    999.000

 Scales
    M2                 1.000      0.000      0.000      1.000
    LC2                1.000      0.000      0.000      1.000
    SE2                1.000      0.000      0.000      1.000
    OPT2               1.000      0.000      0.000      1.000
    PLIFE2             1.000      0.000      0.000      1.000
    CON3               1.000      0.000      0.000      1.000
    EXT4               1.000      0.000      0.000      1.000
    FAMS2              1.000      0.000      0.000      1.000
    FRIS2              1.000      0.000      0.000      1.000
    SPOS3              1.000      0.000      0.000      1.000
    SI2                1.000      0.000      0.000      1.000
    SI1                1.000      0.000      0.000      1.000

Group OLD

 PR       BY
    M2                 0.611      0.016     38.326      0.000
    LC2               -0.595      0.016    -36.117      0.000
    SE2                0.835      0.014     59.831      0.000
    OPT2               0.630      0.017     37.760      0.000
    PLIFE2             0.689      0.015     45.790      0.000
    CON3               0.452      0.019     23.636      0.000
    EXT4               0.619      0.018     34.993      0.000

 SR       BY
    FAMS2              0.606      0.021     28.300      0.000
    FRIS2              0.618      0.019     31.822      0.000
    SPOS3              0.457      0.030     15.114      0.000
    SI2                0.606      0.018     34.044      0.000
    SI1               -0.612      0.018    -33.993      0.000

 PR       WITH
    SR                 0.641      0.029     22.001      0.000

 Means
    PR                -0.280      0.055     -5.127      0.000
    SR                -0.493      0.056     -8.768      0.000

 Thresholds
    M2$1              -0.306      0.030    -10.265      0.000
    M2$2               0.631      0.033     18.850      0.000
    M2$3               1.141      0.041     27.659      0.000
    M2$4               1.465      0.049     29.938      0.000
    M2$5               1.685      0.055     30.418      0.000
    M2$6               2.097      0.074     28.196      0.000
    LC2$1             -1.620      0.057    -28.471      0.000
    LC2$2             -1.068      0.041    -26.289      0.000
    LC2$3             -0.599      0.033    -18.270      0.000
    LC2$4             -0.407      0.031    -13.272      0.000
    LC2$5             -0.186      0.029     -6.400      0.000
    LC2$6              0.360      0.029     12.407      0.000
    SE2$1             -0.288      0.037     -7.785      0.000
    SE2$2              0.634      0.039     16.371      0.000
    SE2$3              1.152      0.045     25.682      0.000
    SE2$4              1.384      0.049     28.039      0.000
    SE2$5              1.715      0.058     29.665      0.000
    SE2$6              2.161      0.078     27.612      0.000
    OPT2$1            -0.523      0.032    -16.325      0.000
    OPT2$2             0.559      0.034     16.562      0.000
    OPT2$3             1.001      0.040     24.890      0.000
    OPT2$4             1.815      0.062     29.471      0.000
    PLIFE2$1          -0.380      0.033    -11.664      0.000
    PLIFE2$2           0.491      0.034     14.299      0.000
    PLIFE2$3           0.873      0.038     22.833      0.000
    PLIFE2$4           1.250      0.044     28.296      0.000
    PLIFE2$5           1.470      0.049     30.122      0.000
    PLIFE2$6           1.930      0.064     30.004      0.000
    CON3$1             0.385      0.028     13.913      0.000
    CON3$2             1.276      0.045     28.455      0.000
    CON3$3             1.961      0.068     28.685      0.000
    EXT4$1            -0.404      0.032    -12.670      0.000
    EXT4$2             0.731      0.037     19.738      0.000
    EXT4$3             1.809      0.063     28.817      0.000
    FAMS2$1           -0.217      0.032     -6.729      0.000
    FAMS2$2            1.040      0.043     24.015      0.000
    FAMS2$3            1.909      0.070     27.460      0.000
    FRIS2$1           -0.524      0.034    -15.392      0.000
    FRIS2$2            0.824      0.038     21.934      0.000
    FRIS2$3            1.895      0.065     29.030      0.000
    SPOS3$1            0.433      0.035     12.268      0.000
    SPOS3$2            1.354      0.063     21.658      0.000
    SPOS3$3            2.076      0.098     21.143      0.000
    SI2$1             -1.337      0.041    -32.466      0.000
    SI2$2             -0.493      0.032    -15.477      0.000
    SI2$3              0.079      0.030      2.610      0.009
    SI2$4              0.618      0.033     18.571      0.000
    SI2$5              0.945      0.038     25.183      0.000
    SI2$6              1.482      0.049     30.144      0.000
    SI1$1             -1.583      0.055    -28.724      0.000
    SI1$2             -1.057      0.040    -26.163      0.000
    SI1$3             -0.663      0.034    -19.626      0.000
    SI1$4             -0.213      0.029     -7.220      0.000
    SI1$5              0.001      0.029      0.030      0.976
    SI1$6              0.467      0.030     15.369      0.000

 Variances
    PR                 1.000      0.000    999.000    999.000
    SR                 1.000      0.000    999.000    999.000

 Scales
    M2                 1.000      0.000      0.000      1.000
    LC2                1.000      0.000      0.000      1.000
    SE2                1.000      0.000      0.000      1.000
    OPT2               1.000      0.000      0.000      1.000
    PLIFE2             1.000      0.000      0.000      1.000
    CON3               1.000      0.000      0.000      1.000
    EXT4               1.000      0.000      0.000      1.000
    FAMS2              1.000      0.000      0.000      1.000
    FRIS2              1.000      0.000      0.000      1.000
    SPOS3              1.000      0.000      0.000      1.000
    SI2                1.000      0.000      0.000      1.000
    SI1                1.000      0.000      0.000      1.000


R-SQUARE

Group YOUNG

    Observed                                        Two-Tailed   Residual
    Variable        Estimate       S.E.  Est./S.E.    P-Value    Variance

    M2                 0.477      0.024     19.846      0.000      0.523
    LC2                0.512      0.023     22.037      0.000      0.488
    SE2                0.695      0.021     33.493      0.000      0.305
    OPT2               0.416      0.024     16.990      0.000      0.584
    PLIFE2             0.531      0.024     22.189      0.000      0.469
    CON3               0.271      0.027     10.201      0.000      0.729
    EXT4               0.377      0.025     14.790      0.000      0.623
    FAMS2              0.301      0.026     11.679      0.000      0.699
    FRIS2              0.300      0.023     12.821      0.000      0.700
    SPOS3              0.188      0.029      6.465      0.000      0.812
    SI2                0.417      0.023     17.951      0.000      0.583
    SI1                0.551      0.031     17.707      0.000      0.449

Group MIDDLE

    Observed                                        Two-Tailed   Residual
    Variable        Estimate       S.E.  Est./S.E.    P-Value    Variance

    M2                 0.424      0.019     22.803      0.000      0.647
    LC2                0.474      0.020     23.145      0.000      0.569
    SE2                0.733      0.017     42.370      0.000      0.253
    OPT2               0.471      0.019     24.429      0.000      0.467
    PLIFE2             0.525      0.020     26.526      0.000      0.481
    CON3               0.286      0.023     12.233      0.000      0.676
    EXT4               0.375      0.021     17.989      0.000      0.626
    FAMS2              0.286      0.021     13.322      0.000      0.750
    FRIS2              0.327      0.021     15.273      0.000      0.619
    SPOS3              0.208      0.029      7.047      0.000      0.717
    SI2                0.404      0.020     19.984      0.000      0.615
    SI1                0.460      0.023     19.973      0.000      0.646

Group OLD

    Observed                                        Two-Tailed   Residual
    Variable        Estimate       S.E.  Est./S.E.    P-Value    Variance

    M2                 0.373      0.019     19.163      0.000      0.801
    LC2                0.354      0.020     18.058      0.000      0.935
    SE2                0.698      0.023     29.916      0.000      0.301
    OPT2               0.397      0.021     18.880      0.000      0.632
    PLIFE2             0.474      0.021     22.895      0.000      0.588
    CON3               0.204      0.017     11.818      0.000      1.055
    EXT4               0.384      0.022     17.497      0.000      0.605
    FAMS2              0.367      0.026     14.150      0.000      0.519
    FRIS2              0.382      0.024     15.911      0.000      0.486
    SPOS3              0.209      0.028      7.557      0.000      0.712
    SI2                0.368      0.022     17.022      0.000      0.718
    SI1                0.375      0.022     16.997      0.000      0.920


QUALITY OF NUMERICAL RESULTS

     Condition Number for the Information Matrix              0.295E-02
       (ratio of smallest to largest eigenvalue)


PLOT INFORMATION

The following plots are available:

  Sample proportions and estimated probabilities
  Item characteristic curves
  Information curves
  Measurement parameter plots

     Beginning Time:  14:22:58
        Ending Time:  14:22:59
       Elapsed Time:  00:00:01



MUTHEN & MUTHEN
3463 Stoner Ave.
Los Angeles, CA  90066

Tel: (310) 391-9971
Fax: (310) 391-8971
Web: www.StatModel.com
Support: Support@StatModel.com

Copyright (c) 1998-2014 Muthen & Muthen
