Mplus VERSION 7.3
MUTHEN & MUTHEN
02/14/2016   4:09 PM

INPUT INSTRUCTIONS

  DATA:
  FILE = "MIDUS_PSR_cfa2d.dat";

  VARIABLE:
  NAMES = M2ID M2FAMNUM M1 M2 M3 M4 LC1 LC2 LC3 LC4 LC5 LC6 LC7 LC8 SE1 SE2 SE3 SE4
       SE5 SE6 SE7 Opt1 Opt2 Opt3 Pess1 Pess2 Pess3 PLife1 PLife2 PLife3 PLife4 PLife5
       PLife6 PLife7 Ctrl1 Ctrl2 Ctrl3 Con1 Con2 Con3 Con4 Con5 Ext1 Ext2 Ext3 Ext4
       Ext5 FamS1 FamS2 FamS3 FamS4 FriS1 FriS2 FriS3 FriS4 SpoS1 SpoS2 SpoS3 SpoS4
       SpoS5 SpoS6 SI1 SI2 SI3 AGE;
   MISSING=.;

  USEVARIABLES ARE
   M1 M2 M3 M4
   LC1 LC2 LC3 LC4 LC5 LC6 LC7 LC8
   !SE1
   SE2 SE3 SE4 SE5 SE6 SE7
   Opt1 Opt2 Opt3 Pess1 Pess2 Pess3
   !PLife1 PLife7
   PLife2 PLife3 PLife4 PLife5 PLife6
   !Ctrl1 Ctrl2
   !Ctrl3
   Con1 Con2 Con3 Con4 Con5
   Ext1 Ext2 Ext3 Ext4 Ext5
   FamS1 FamS2 FamS3 FamS4
   FriS1 FriS2 FriS3 FriS4
   SpoS1 SpoS2 SpoS3 SpoS4 SpoS5 SpoS6
   SI1 SI2 SI3;

  CATEGORICAL ARE
   M1 M2 M3 M4
   LC1 LC2 LC3 LC4 LC5 LC6 LC7 LC8
   !SE1
   SE2 SE3 SE4 SE5 SE6 SE7
   Opt1 Opt2 Opt3 Pess1 Pess2 Pess3
   !PLife1 PLife7
   PLife2 PLife3 PLife4 PLife5 PLife6
   !Ctrl1 Ctrl2
   !Ctrl3
   Con1 Con2 Con3 Con4 Con5
   Ext1 Ext2 Ext3 Ext4 Ext5
   FamS1 FamS2 FamS3 FamS4
   FriS1 FriS2 FriS3 FriS4
   SpoS1 SpoS2 SpoS3 SpoS4 SpoS5 SpoS6
   SI1 SI2 SI3;

  IDVARIABLE = M2ID;
  !CLUSTER = M2FAMNUM;

  ANALYSIS:

    !TYPE = COMPLEX;
    ESTIMATOR = WLSMV;
    PROCESSORS = 2;
  MODEL:

   M BY M1 M2 M3 M4;
   LC BY LC1@-1 LC2*-1 LC3*-1 LC4*-1 LC5*-1 LC6*-1 LC7*-1 LC8*-1;
   SE BY SE2@1 SE3*-1 SE4*1 SE5*-1 SE6*1 SE7*-1;
   Opt BY Opt1 Opt2 Opt3;
   Pess BY Pess1@-1 Pess2*-1 Pess3*-1;
   PLife BY PLife2@1 PLife3 PLife4 PLife5 PLife6 ;
   !Ctrl BY Ctrl1@1 Ctrl2;
   !Ctrl@1;
   Con BY Con1@1 Con2 Con3 Con4 Con5;
   EXT BY Ext1@1 Ext2 Ext3 Ext4 Ext5;
   FamS BY FamS1 FamS2 FamS3 FamS4;
   FriS BY FriS1 FriS2 FriS3 FriS4;
   SpoS BY SpoS1 SpoS2 SpoS3 SpoS4 SpoS5 SpoS6;
   SI BY SI1@-1 SI2*1 SI3*1;

   PSR BY M LC SE Opt Pess PLife Con EXT
     FamS FriS SpoS SI;

  OUTPUT:
  STDYX;



INPUT READING TERMINATED NORMALLY




SUMMARY OF ANALYSIS

Number of groups                                                 1
Number of observations                                        3621

Number of dependent variables                                   56
Number of independent variables                                  0
Number of continuous latent variables                           13

Observed dependent variables

  Binary and ordered categorical (ordinal)
   M1          M2          M3          M4          LC1         LC2
   LC3         LC4         LC5         LC6         LC7         LC8
   SE2         SE3         SE4         SE5         SE6         SE7
   OPT1        OPT2        OPT3        PESS1       PESS2       PESS3
   PLIFE2      PLIFE3      PLIFE4      PLIFE5      PLIFE6      CON1
   CON2        CON3        CON4        CON5        EXT1        EXT2
   EXT3        EXT4        EXT5        FAMS1       FAMS2       FAMS3
   FAMS4       FRIS1       FRIS2       FRIS3       FRIS4       SPOS1
   SPOS2       SPOS3       SPOS4       SPOS5       SPOS6       SI1
   SI2         SI3

Continuous latent variables
   M           LC          SE          OPT         PESS        PLIFE
   CON         EXT         FAMS        FRIS        SPOS        SI
   PSR

Variables with special functions

  ID variable           M2ID

Estimator                                                    WLSMV
Maximum number of iterations                                  1000
Convergence criterion                                    0.500D-04
Maximum number of steepest descent iterations                   20
Maximum number of iterations for H1                           2000
Convergence criterion for H1                             0.100D-03
Parameterization                                             DELTA

Input data file(s)
  MIDUS_PSR_cfa2d.dat

Input data format  FREE


SUMMARY OF DATA

     Number of missing data patterns           249


COVARIANCE COVERAGE OF DATA

Minimum covariance coverage value   0.100


     PROPORTION OF DATA PRESENT


           Covariance Coverage
              M1            M2            M3            M4            LC1
              ________      ________      ________      ________      ________
 M1             0.938
 M2             0.936         0.937
 M3             0.936         0.935         0.937
 M4             0.936         0.935         0.935         0.937
 LC1            0.936         0.935         0.935         0.935         0.938
 LC2            0.936         0.935         0.935         0.935         0.936
 LC3            0.936         0.935         0.936         0.936         0.936
 LC4            0.937         0.936         0.936         0.936         0.936
 LC5            0.936         0.935         0.935         0.936         0.935
 LC6            0.935         0.935         0.935         0.935         0.934
 LC7            0.935         0.934         0.934         0.934         0.934
 LC8            0.936         0.936         0.936         0.936         0.936
 SE2            0.933         0.932         0.932         0.932         0.932
 SE3            0.932         0.930         0.930         0.931         0.931
 SE4            0.933         0.932         0.933         0.933         0.933
 SE5            0.930         0.929         0.929         0.929         0.929
 SE6            0.934         0.933         0.933         0.933         0.933
 SE7            0.932         0.930         0.930         0.930         0.930
 OPT1           0.933         0.932         0.932         0.932         0.932
 OPT2           0.930         0.929         0.929         0.929         0.929
 OPT3           0.934         0.933         0.933         0.934         0.933
 PESS1          0.934         0.933         0.933         0.933         0.933
 PESS2          0.931         0.930         0.930         0.930         0.930
 PESS3          0.934         0.933         0.933         0.933         0.933
 PLIFE2         0.934         0.933         0.933         0.933         0.933
 PLIFE3         0.934         0.933         0.933         0.933         0.933
 PLIFE4         0.933         0.932         0.932         0.933         0.933
 PLIFE5         0.936         0.935         0.935         0.935         0.935
 PLIFE6         0.934         0.933         0.933         0.933         0.933
 CON1           0.929         0.928         0.927         0.928         0.928
 CON2           0.934         0.933         0.932         0.933         0.933
 CON3           0.933         0.932         0.932         0.932         0.932
 CON4           0.924         0.923         0.922         0.923         0.923
 CON5           0.918         0.917         0.917         0.917         0.917
 EXT1           0.930         0.928         0.928         0.928         0.929
 EXT2           0.934         0.933         0.933         0.933         0.933
 EXT3           0.929         0.928         0.928         0.928         0.928
 EXT4           0.924         0.922         0.922         0.922         0.922
 EXT5           0.923         0.922         0.922         0.922         0.922
 FAMS1          0.932         0.930         0.930         0.930         0.931
 FAMS2          0.930         0.929         0.928         0.929         0.929
 FAMS3          0.932         0.930         0.930         0.930         0.930
 FAMS4          0.931         0.929         0.929         0.930         0.930
 FRIS1          0.922         0.920         0.920         0.921         0.921
 FRIS2          0.922         0.921         0.920         0.921         0.921
 FRIS3          0.924         0.922         0.922         0.923         0.923
 FRIS4          0.923         0.921         0.921         0.922         0.922
 SPOS1          0.661         0.661         0.660         0.661         0.660
 SPOS2          0.660         0.660         0.660         0.660         0.659
 SPOS3          0.659         0.659         0.659         0.659         0.658
 SPOS4          0.660         0.660         0.659         0.660         0.659
 SPOS5          0.659         0.659         0.659         0.659         0.659
 SPOS6          0.660         0.660         0.660         0.660         0.659
 SI1            0.925         0.924         0.924         0.924         0.924
 SI2            0.925         0.923         0.924         0.924         0.924
 SI3            0.927         0.926         0.926         0.926         0.926


           Covariance Coverage
              LC2           LC3           LC4           LC5           LC6
              ________      ________      ________      ________      ________
 LC2            0.937
 LC3            0.935         0.938
 LC4            0.936         0.937         0.938
 LC5            0.935         0.936         0.936         0.937
 LC6            0.934         0.935         0.936         0.935         0.936
 LC7            0.933         0.934         0.935         0.934         0.933
 LC8            0.935         0.936         0.936         0.936         0.935
 SE2            0.932         0.933         0.933         0.932         0.931
 SE3            0.931         0.932         0.932         0.931         0.930
 SE4            0.932         0.933         0.934         0.933         0.932
 SE5            0.929         0.930         0.930         0.929         0.928
 SE6            0.933         0.933         0.934         0.933         0.932
 SE7            0.930         0.932         0.932         0.931         0.929
 OPT1           0.932         0.932         0.933         0.932         0.931
 OPT2           0.929         0.930         0.930         0.929         0.928
 OPT3           0.933         0.934         0.935         0.933         0.933
 PESS1          0.933         0.933         0.934         0.933         0.932
 PESS2          0.930         0.930         0.931         0.930         0.929
 PESS3          0.933         0.933         0.934         0.933         0.932
 PLIFE2         0.933         0.934         0.934         0.933         0.932
 PLIFE3         0.933         0.934         0.935         0.933         0.933
 PLIFE4         0.932         0.933         0.933         0.933         0.932
 PLIFE5         0.935         0.936         0.936         0.935         0.934
 PLIFE6         0.933         0.934         0.934         0.933         0.932
 CON1           0.928         0.928         0.929         0.928         0.927
 CON2           0.933         0.933         0.934         0.933         0.932
 CON3           0.932         0.932         0.933         0.932         0.931
 CON4           0.923         0.923         0.924         0.923         0.922
 CON5           0.917         0.917         0.918         0.917         0.916
 EXT1           0.929         0.929         0.930         0.928         0.927
 EXT2           0.933         0.934         0.934         0.933         0.932
 EXT3           0.928         0.928         0.929         0.928         0.927
 EXT4           0.922         0.923         0.924         0.923         0.922
 EXT5           0.922         0.923         0.923         0.922         0.921
 FAMS1          0.930         0.931         0.931         0.930         0.929
 FAMS2          0.929         0.929         0.930         0.929         0.928
 FAMS3          0.930         0.931         0.931         0.930         0.929
 FAMS4          0.930         0.930         0.931         0.930         0.929
 FRIS1          0.920         0.921         0.922         0.921         0.920
 FRIS2          0.921         0.921         0.922         0.921         0.920
 FRIS3          0.922         0.923         0.924         0.923         0.922
 FRIS4          0.922         0.922         0.923         0.922         0.921
 SPOS1          0.660         0.661         0.661         0.661         0.661
 SPOS2          0.659         0.661         0.660         0.660         0.660
 SPOS3          0.658         0.659         0.659         0.659         0.659
 SPOS4          0.659         0.660         0.660         0.660         0.660
 SPOS5          0.659         0.660         0.660         0.659         0.659
 SPOS6          0.659         0.661         0.660         0.660         0.660
 SI1            0.924         0.925         0.925         0.924         0.923
 SI2            0.923         0.924         0.925         0.924         0.923
 SI3            0.926         0.927         0.927         0.926         0.925


           Covariance Coverage
              LC7           LC8           SE2           SE3           SE4
              ________      ________      ________      ________      ________
 LC7            0.936
 LC8            0.935         0.938
 SE2            0.930         0.932         0.937
 SE3            0.929         0.931         0.933         0.935
 SE4            0.931         0.933         0.935         0.933         0.937
 SE5            0.928         0.930         0.931         0.930         0.931
 SE6            0.931         0.933         0.935         0.933         0.935
 SE7            0.929         0.931         0.932         0.931         0.933
 OPT1           0.930         0.932         0.932         0.930         0.932
 OPT2           0.927         0.929         0.929         0.927         0.929
 OPT3           0.932         0.934         0.933         0.932         0.933
 PESS1          0.931         0.933         0.933         0.931         0.933
 PESS2          0.928         0.930         0.930         0.928         0.930
 PESS3          0.931         0.933         0.933         0.931         0.933
 PLIFE2         0.932         0.933         0.932         0.931         0.933
 PLIFE3         0.932         0.933         0.933         0.931         0.933
 PLIFE4         0.931         0.933         0.932         0.930         0.932
 PLIFE5         0.933         0.935         0.935         0.933         0.935
 PLIFE6         0.932         0.933         0.933         0.932         0.933
 CON1           0.927         0.928         0.928         0.927         0.928
 CON2           0.931         0.933         0.932         0.931         0.933
 CON3           0.930         0.932         0.932         0.931         0.932
 CON4           0.921         0.924         0.922         0.921         0.923
 CON5           0.915         0.918         0.917         0.916         0.917
 EXT1           0.927         0.929         0.928         0.927         0.929
 EXT2           0.932         0.933         0.933         0.932         0.933
 EXT3           0.927         0.928         0.928         0.927         0.928
 EXT4           0.921         0.923         0.922         0.921         0.922
 EXT5           0.920         0.923         0.922         0.921         0.922
 FAMS1          0.929         0.930         0.930         0.928         0.930
 FAMS2          0.927         0.929         0.928         0.927         0.928
 FAMS3          0.929         0.931         0.930         0.928         0.930
 FAMS4          0.928         0.930         0.929         0.928         0.929
 FRIS1          0.919         0.921         0.920         0.919         0.920
 FRIS2          0.919         0.921         0.920         0.919         0.920
 FRIS3          0.921         0.923         0.922         0.921         0.922
 FRIS4          0.920         0.922         0.921         0.920         0.921
 SPOS1          0.660         0.661         0.659         0.659         0.660
 SPOS2          0.659         0.661         0.659         0.658         0.660
 SPOS3          0.658         0.660         0.658         0.657         0.659
 SPOS4          0.659         0.660         0.659         0.658         0.659
 SPOS5          0.659         0.660         0.658         0.658         0.659
 SPOS6          0.659         0.661         0.659         0.658         0.660
 SI1            0.922         0.925         0.924         0.922         0.924
 SI2            0.922         0.924         0.924         0.922         0.923
 SI3            0.924         0.927         0.926         0.924         0.926


           Covariance Coverage
              SE5           SE6           SE7           OPT1          OPT2
              ________      ________      ________      ________      ________
 SE5            0.934
 SE6            0.932         0.938
 SE7            0.930         0.933         0.935
 OPT1           0.929         0.932         0.930         0.939
 OPT2           0.926         0.929         0.927         0.934         0.936
 OPT3           0.930         0.934         0.931         0.938         0.936
 PESS1          0.930         0.933         0.931         0.938         0.935
 PESS2          0.927         0.930         0.928         0.935         0.932
 PESS3          0.930         0.933         0.931         0.938         0.935
 PLIFE2         0.930         0.933         0.930         0.933         0.930
 PLIFE3         0.929         0.933         0.930         0.933         0.930
 PLIFE4         0.928         0.932         0.930         0.932         0.930
 PLIFE5         0.932         0.935         0.933         0.935         0.932
 PLIFE6         0.930         0.933         0.931         0.933         0.930
 CON1           0.925         0.928         0.926         0.928         0.925
 CON2           0.929         0.933         0.931         0.933         0.930
 CON3           0.929         0.932         0.930         0.932         0.929
 CON4           0.920         0.923         0.921         0.922         0.920
 CON5           0.914         0.917         0.915         0.917         0.916
 EXT1           0.925         0.929         0.927         0.929         0.926
 EXT2           0.930         0.934         0.931         0.933         0.930
 EXT3           0.925         0.928         0.926         0.928         0.925
 EXT4           0.919         0.923         0.920         0.922         0.919
 EXT5           0.919         0.923         0.920         0.922         0.919
 FAMS1          0.927         0.930         0.928         0.932         0.929
 FAMS2          0.925         0.929         0.926         0.931         0.928
 FAMS3          0.927         0.930         0.928         0.932         0.929
 FAMS4          0.927         0.930         0.927         0.932         0.929
 FRIS1          0.917         0.920         0.918         0.923         0.920
 FRIS2          0.917         0.921         0.919         0.923         0.920
 FRIS3          0.919         0.922         0.920         0.925         0.922
 FRIS4          0.919         0.922         0.920         0.924         0.921
 SPOS1          0.658         0.659         0.658         0.661         0.660
 SPOS2          0.657         0.659         0.658         0.661         0.660
 SPOS3          0.656         0.658         0.657         0.659         0.659
 SPOS4          0.657         0.659         0.658         0.660         0.659
 SPOS5          0.657         0.658         0.657         0.660         0.659
 SPOS6          0.657         0.659         0.658         0.661         0.660
 SI1            0.921         0.924         0.923         0.926         0.924
 SI2            0.920         0.924         0.922         0.926         0.923
 SI3            0.923         0.926         0.924         0.928         0.926


           Covariance Coverage
              OPT3          PESS1         PESS2         PESS3         PLIFE2
              ________      ________      ________      ________      ________
 OPT3           0.941
 PESS1          0.940         0.940
 PESS2          0.937         0.936         0.937
 PESS3          0.940         0.939         0.936         0.940
 PLIFE2         0.935         0.934         0.931         0.934         0.938
 PLIFE3         0.935         0.934         0.931         0.934         0.935
 PLIFE4         0.934         0.933         0.930         0.933         0.935
 PLIFE5         0.936         0.936         0.933         0.936         0.936
 PLIFE6         0.935         0.934         0.931         0.934         0.934
 CON1           0.929         0.929         0.926         0.929         0.928
 CON2           0.934         0.934         0.931         0.934         0.933
 CON3           0.934         0.933         0.930         0.933         0.933
 CON4           0.924         0.924         0.921         0.924         0.923
 CON5           0.919         0.920         0.916         0.919         0.918
 EXT1           0.930         0.930         0.927         0.930         0.929
 EXT2           0.935         0.934         0.931         0.934         0.934
 EXT3           0.930         0.929         0.926         0.930         0.929
 EXT4           0.924         0.924         0.920         0.923         0.924
 EXT5           0.924         0.924         0.921         0.923         0.923
 FAMS1          0.934         0.933         0.930         0.933         0.931
 FAMS2          0.932         0.932         0.929         0.932         0.930
 FAMS3          0.934         0.933         0.930         0.933         0.931
 FAMS4          0.933         0.933         0.930         0.933         0.931
 FRIS1          0.924         0.924         0.921         0.924         0.922
 FRIS2          0.924         0.924         0.921         0.924         0.922
 FRIS3          0.926         0.925         0.923         0.925         0.924
 FRIS4          0.925         0.925         0.922         0.925         0.923
 SPOS1          0.662         0.662         0.661         0.662         0.661
 SPOS2          0.662         0.661         0.661         0.661         0.660
 SPOS3          0.661         0.661         0.660         0.660         0.659
 SPOS4          0.661         0.661         0.660         0.661         0.660
 SPOS5          0.661         0.661         0.660         0.661         0.660
 SPOS6          0.662         0.661         0.661         0.661         0.660
 SI1            0.927         0.927         0.924         0.927         0.925
 SI2            0.927         0.927         0.924         0.927         0.924
 SI3            0.930         0.930         0.927         0.929         0.927


           Covariance Coverage
              PLIFE3        PLIFE4        PLIFE5        PLIFE6        CON1
              ________      ________      ________      ________      ________
 PLIFE3         0.938
 PLIFE4         0.936         0.938
 PLIFE5         0.937         0.936         0.941
 PLIFE6         0.935         0.934         0.938         0.938
 CON1           0.928         0.928         0.931         0.929         0.933
 CON2           0.933         0.933         0.936         0.934         0.933
 CON3           0.933         0.932         0.935         0.933         0.932
 CON4           0.923         0.922         0.925         0.923         0.924
 CON5           0.918         0.917         0.920         0.918         0.918
 EXT1           0.929         0.928         0.932         0.930         0.929
 EXT2           0.934         0.933         0.936         0.934         0.933
 EXT3           0.929         0.928         0.932         0.930         0.929
 EXT4           0.923         0.922         0.925         0.923         0.923
 EXT5           0.923         0.922         0.925         0.923         0.923
 FAMS1          0.931         0.931         0.934         0.931         0.926
 FAMS2          0.930         0.929         0.932         0.930         0.925
 FAMS3          0.931         0.931         0.933         0.931         0.926
 FAMS4          0.931         0.930         0.933         0.931         0.925
 FRIS1          0.922         0.922         0.924         0.922         0.917
 FRIS2          0.922         0.922         0.924         0.922         0.917
 FRIS3          0.924         0.924         0.926         0.924         0.919
 FRIS4          0.923         0.923         0.925         0.923         0.917
 SPOS1          0.661         0.661         0.663         0.661         0.658
 SPOS2          0.661         0.661         0.662         0.660         0.658
 SPOS3          0.660         0.659         0.661         0.659         0.657
 SPOS4          0.661         0.660         0.662         0.660         0.657
 SPOS5          0.660         0.660         0.661         0.660         0.657
 SPOS6          0.661         0.660         0.662         0.660         0.658
 SI1            0.925         0.925         0.927         0.925         0.921
 SI2            0.925         0.924         0.927         0.924         0.920
 SI3            0.927         0.927         0.929         0.927         0.922


           Covariance Coverage
              CON2          CON3          CON4          CON5          EXT1
              ________      ________      ________      ________      ________
 CON2           0.938
 CON3           0.936         0.937
 CON4           0.927         0.927         0.928
 CON5           0.922         0.922         0.921         0.922
 EXT1           0.934         0.933         0.924         0.919         0.934
 EXT2           0.938         0.937         0.928         0.922         0.934
 EXT3           0.933         0.932         0.923         0.918         0.930
 EXT4           0.927         0.926         0.925         0.920         0.923
 EXT5           0.927         0.927         0.926         0.921         0.923
 FAMS1          0.931         0.930         0.920         0.915         0.927
 FAMS2          0.930         0.929         0.919         0.914         0.926
 FAMS3          0.931         0.930         0.921         0.915         0.927
 FAMS4          0.930         0.929         0.920         0.915         0.926
 FRIS1          0.921         0.920         0.911         0.906         0.917
 FRIS2          0.922         0.921         0.912         0.907         0.917
 FRIS3          0.923         0.923         0.914         0.909         0.919
 FRIS4          0.922         0.921         0.912         0.907         0.918
 SPOS1          0.661         0.661         0.655         0.652         0.659
 SPOS2          0.661         0.660         0.654         0.652         0.659
 SPOS3          0.659         0.659         0.653         0.651         0.658
 SPOS4          0.660         0.660         0.654         0.651         0.659
 SPOS5          0.660         0.660         0.654         0.651         0.658
 SPOS6          0.661         0.660         0.654         0.652         0.659
 SI1            0.925         0.924         0.915         0.910         0.921
 SI2            0.924         0.924         0.914         0.910         0.920
 SI3            0.927         0.926         0.917         0.912         0.922


           Covariance Coverage
              EXT2          EXT3          EXT4          EXT5          FAMS1
              ________      ________      ________      ________      ________
 EXT2           0.939
 EXT3           0.933         0.934
 EXT4           0.927         0.923         0.928
 EXT5           0.927         0.923         0.925         0.928
 FAMS1          0.931         0.927         0.920         0.920         0.992
 FAMS2          0.930         0.925         0.919         0.919         0.990
 FAMS3          0.931         0.926         0.920         0.920         0.991
 FAMS4          0.931         0.926         0.920         0.920         0.990
 FRIS1          0.922         0.917         0.911         0.911         0.979
 FRIS2          0.922         0.917         0.911         0.911         0.979
 FRIS3          0.924         0.919         0.913         0.913         0.981
 FRIS4          0.923         0.918         0.912         0.912         0.980
 SPOS1          0.661         0.658         0.654         0.654         0.684
 SPOS2          0.661         0.657         0.654         0.654         0.684
 SPOS3          0.659         0.656         0.653         0.653         0.682
 SPOS4          0.660         0.657         0.653         0.653         0.683
 SPOS5          0.660         0.657         0.653         0.653         0.683
 SPOS6          0.661         0.657         0.654         0.654         0.684
 SI1            0.925         0.920         0.915         0.915         0.928
 SI2            0.925         0.920         0.914         0.914         0.928
 SI3            0.927         0.922         0.917         0.917         0.931


           Covariance Coverage
              FAMS2         FAMS3         FAMS4         FRIS1         FRIS2
              ________      ________      ________      ________      ________
 FAMS2          0.991
 FAMS3          0.990         0.992
 FAMS4          0.990         0.991         0.991
 FRIS1          0.979         0.979         0.979         0.982
 FRIS2          0.978         0.979         0.979         0.980         0.981
 FRIS3          0.980         0.981         0.981         0.980         0.980
 FRIS4          0.979         0.980         0.980         0.979         0.979
 SPOS1          0.683         0.684         0.684         0.679         0.678
 SPOS2          0.682         0.684         0.683         0.679         0.677
 SPOS3          0.681         0.682         0.682         0.677         0.676
 SPOS4          0.682         0.683         0.682         0.678         0.677
 SPOS5          0.682         0.683         0.683         0.678         0.677
 SPOS6          0.682         0.684         0.683         0.679         0.677
 SI1            0.927         0.928         0.928         0.919         0.919
 SI2            0.927         0.928         0.928         0.919         0.919
 SI3            0.929         0.931         0.930         0.921         0.921


           Covariance Coverage
              FRIS3         FRIS4         SPOS1         SPOS2         SPOS3
              ________      ________      ________      ________      ________
 FRIS3          0.984
 FRIS4          0.981         0.983
 SPOS1          0.680         0.678         0.685
 SPOS2          0.679         0.678         0.685         0.685
 SPOS3          0.678         0.676         0.683         0.683         0.684
 SPOS4          0.679         0.677         0.684         0.684         0.683
 SPOS5          0.679         0.677         0.684         0.685         0.683
 SPOS6          0.679         0.678         0.685         0.685         0.683
 SI1            0.921         0.920         0.659         0.658         0.658
 SI2            0.921         0.920         0.657         0.657         0.656
 SI3            0.923         0.922         0.660         0.659         0.659


           Covariance Coverage
              SPOS4         SPOS5         SPOS6         SI1           SI2
              ________      ________      ________      ________      ________
 SPOS4          0.685
 SPOS5          0.684         0.685
 SPOS6          0.684         0.684         0.685
 SI1            0.658         0.658         0.658         0.932
 SI2            0.656         0.657         0.657         0.928         0.932
 SI3            0.659         0.659         0.659         0.930         0.930


           Covariance Coverage
              SI3
              ________
 SI3            0.934


UNIVARIATE PROPORTIONS AND COUNTS FOR CATEGORICAL VARIABLES

    M1
      Category 1    0.381     1293.000
      Category 2    0.352     1197.000
      Category 3    0.123      419.000
      Category 4    0.051      174.000
      Category 5    0.037      126.000
      Category 6    0.039      133.000
      Category 7    0.016       56.000
    M2
      Category 1    0.406     1376.000
      Category 2    0.370     1256.000
      Category 3    0.127      430.000
      Category 4    0.047      160.000
      Category 5    0.020       67.000
      Category 6    0.020       69.000
      Category 7    0.010       35.000
    M3
      Category 1    0.216      732.000
      Category 2    0.351     1191.000
      Category 3    0.168      571.000
      Category 4    0.104      353.000
      Category 5    0.075      256.000
      Category 6    0.062      210.000
      Category 7    0.024       80.000
    M4
      Category 1    0.420     1424.000
      Category 2    0.331     1125.000
      Category 3    0.105      358.000
      Category 4    0.062      210.000
      Category 5    0.026       89.000
      Category 6    0.036      121.000
      Category 7    0.020       67.000
    LC1
      Category 1    0.031      106.000
      Category 2    0.077      260.000
      Category 3    0.065      220.000
      Category 4    0.061      208.000
      Category 5    0.084      284.000
      Category 6    0.290      984.000
      Category 7    0.393     1334.000
    LC2
      Category 1    0.028       96.000
      Category 2    0.073      247.000
      Category 3    0.125      423.000
      Category 4    0.070      238.000
      Category 5    0.090      304.000
      Category 6    0.238      808.000
      Category 7    0.377     1278.000
    LC3
      Category 1    0.014       48.000
      Category 2    0.037      124.000
      Category 3    0.061      208.000
      Category 4    0.087      294.000
      Category 5    0.070      239.000
      Category 6    0.238      808.000
      Category 7    0.493     1675.000
    LC4
      Category 1    0.037      125.000
      Category 2    0.096      325.000
      Category 3    0.120      409.000
      Category 4    0.095      324.000
      Category 5    0.079      270.000
      Category 6    0.261      887.000
      Category 7    0.311     1058.000
    LC5
      Category 1    0.060      204.000
      Category 2    0.154      522.000
      Category 3    0.217      736.000
      Category 4    0.128      434.000
      Category 5    0.095      324.000
      Category 6    0.207      701.000
      Category 7    0.139      473.000
    LC6
      Category 1    0.027       92.000
      Category 2    0.069      235.000
      Category 3    0.092      312.000
      Category 4    0.084      286.000
      Category 5    0.112      380.000
      Category 6    0.322     1093.000
      Category 7    0.293      992.000
    LC7
      Category 1    0.018       60.000
      Category 2    0.031      106.000
      Category 3    0.040      135.000
      Category 4    0.073      249.000
      Category 5    0.081      274.000
      Category 6    0.283      959.000
      Category 7    0.474     1605.000
    LC8
      Category 1    0.020       69.000
      Category 2    0.052      175.000
      Category 3    0.121      412.000
      Category 4    0.099      337.000
      Category 5    0.076      259.000
      Category 6    0.195      661.000
      Category 7    0.437     1482.000
    SE2
      Category 1    0.432     1464.000
      Category 2    0.344     1166.000
      Category 3    0.124      420.000
      Category 4    0.036      121.000
      Category 5    0.032      110.000
      Category 6    0.022       74.000
      Category 7    0.011       37.000
    SE3
      Category 1    0.022       74.000
      Category 2    0.038      129.000
      Category 3    0.086      291.000
      Category 4    0.078      263.000
      Category 5    0.062      209.000
      Category 6    0.161      546.000
      Category 7    0.554     1875.000
    SE4
      Category 1    0.344     1168.000
      Category 2    0.413     1403.000
      Category 3    0.108      366.000
      Category 4    0.058      196.000
      Category 5    0.031      105.000
      Category 6    0.027       91.000
      Category 7    0.019       65.000
    SE5
      Category 1    0.053      180.000
      Category 2    0.093      313.000
      Category 3    0.106      358.000
      Category 4    0.141      478.000
      Category 5    0.043      146.000
      Category 6    0.159      536.000
      Category 7    0.405     1370.000
    SE6
      Category 1    0.409     1390.000
      Category 2    0.353     1200.000
      Category 3    0.100      338.000
      Category 4    0.044      149.000
      Category 5    0.041      138.000
      Category 6    0.035      120.000
      Category 7    0.018       60.000
    SE7
      Category 1    0.030      101.000
      Category 2    0.055      185.000
      Category 3    0.121      409.000
      Category 4    0.089      300.000
      Category 5    0.072      245.000
      Category 6    0.180      609.000
      Category 7    0.454     1537.000
    OPT1
      Category 1    0.271      923.000
      Category 2    0.407     1383.000
      Category 3    0.169      575.000
      Category 4    0.116      395.000
      Category 5    0.037      125.000
    OPT2
      Category 1    0.324     1100.000
      Category 2    0.425     1442.000
      Category 3    0.122      415.000
      Category 4    0.104      353.000
      Category 5    0.024       81.000
    OPT3
      Category 1    0.467     1592.000
      Category 2    0.338     1151.000
      Category 3    0.116      396.000
      Category 4    0.048      163.000
      Category 5    0.031      105.000
    PESS1
      Category 1    0.067      227.000
      Category 2    0.204      695.000
      Category 3    0.198      673.000
      Category 4    0.249      848.000
      Category 5    0.283      962.000
    PESS2
      Category 1    0.037      124.000
      Category 2    0.144      488.000
      Category 3    0.165      561.000
      Category 4    0.278      944.000
      Category 5    0.376     1277.000
    PESS3
      Category 1    0.056      190.000
      Category 2    0.153      522.000
      Category 3    0.143      487.000
      Category 4    0.251      853.000
      Category 5    0.397     1353.000
    PLIFE2
      Category 1    0.384     1305.000
      Category 2    0.344     1168.000
      Category 3    0.114      386.000
      Category 4    0.077      260.000
      Category 5    0.029      100.000
      Category 6    0.035      118.000
      Category 7    0.018       61.000
    PLIFE3
      Category 1    0.026       89.000
      Category 2    0.057      192.000
      Category 3    0.091      309.000
      Category 4    0.118      401.000
      Category 5    0.072      246.000
      Category 6    0.215      730.000
      Category 7    0.421     1431.000
    PLIFE4
      Category 1    0.025       84.000
      Category 2    0.091      310.000
      Category 3    0.125      426.000
      Category 4    0.111      376.000
      Category 5    0.079      268.000
      Category 6    0.225      763.000
      Category 7    0.344     1168.000
    PLIFE5
      Category 1    0.344     1173.000
      Category 2    0.315     1073.000
      Category 3    0.158      539.000
      Category 4    0.114      388.000
      Category 5    0.032      108.000
      Category 6    0.025       86.000
      Category 7    0.012       40.000
    PLIFE6
      Category 1    0.465     1581.000
      Category 2    0.230      781.000
      Category 3    0.095      324.000
      Category 4    0.107      365.000
      Category 5    0.040      136.000
      Category 6    0.039      133.000
      Category 7    0.023       78.000
    CON1
      Category 1    0.359     1215.000
      Category 2    0.411     1388.000
      Category 3    0.180      609.000
      Category 4    0.050      168.000
    CON2
      Category 1    0.753     2559.000
      Category 2    0.216      733.000
      Category 3    0.028       94.000
      Category 4    0.004       12.000
    CON3
      Category 1    0.688     2334.000
      Category 2    0.242      823.000
      Category 3    0.057      193.000
      Category 4    0.013       44.000
    CON4
      Category 1    0.020       67.000
      Category 2    0.089      300.000
      Category 3    0.433     1454.000
      Category 4    0.458     1539.000
    CON5
      Category 1    0.339     1132.000
      Category 2    0.437     1458.000
      Category 3    0.200      668.000
      Category 4    0.025       82.000
    EXT1
      Category 1    0.353     1194.000
      Category 2    0.409     1382.000
      Category 3    0.192      648.000
      Category 4    0.047      159.000
    EXT2
      Category 1    0.642     2182.000
      Category 2    0.306     1039.000
      Category 3    0.049      166.000
      Category 4    0.004       13.000
    EXT3
      Category 1    0.292      986.000
      Category 2    0.437     1476.000
      Category 3    0.239      809.000
      Category 4    0.033      110.000
    EXT4
      Category 1    0.377     1266.000
      Category 2    0.414     1392.000
      Category 3    0.179      601.000
      Category 4    0.030      100.000
    EXT5
      Category 1    0.267      898.000
      Category 2    0.368     1235.000
      Category 3    0.285      958.000
      Category 4    0.080      268.000
    FAMS1
      Category 1    0.819     2942.000
      Category 2    0.132      474.000
      Category 3    0.040      145.000
      Category 4    0.009       31.000
    FAMS2
      Category 1    0.471     1689.000
      Category 2    0.389     1395.000
      Category 3    0.109      392.000
      Category 4    0.031      111.000
    FAMS3
      Category 1    0.740     2659.000
      Category 2    0.157      562.000
      Category 3    0.070      252.000
      Category 4    0.033      118.000
    FAMS4
      Category 1    0.535     1921.000
      Category 2    0.289     1039.000
      Category 3    0.128      460.000
      Category 4    0.047      170.000
    FRIS1
      Category 1    0.531     1888.000
      Category 2    0.369     1312.000
      Category 3    0.084      297.000
      Category 4    0.016       58.000
    FRIS2
      Category 1    0.362     1287.000
      Category 2    0.455     1616.000
      Category 3    0.153      545.000
      Category 4    0.030      106.000
    FRIS3
      Category 1    0.507     1806.000
      Category 2    0.322     1146.000
      Category 3    0.127      453.000
      Category 4    0.044      157.000
    FRIS4
      Category 1    0.415     1477.000
      Category 2    0.356     1267.000
      Category 3    0.175      623.000
      Category 4    0.054      193.000
    SPOS1
      Category 1    0.862     2140.000
      Category 2    0.102      253.000
      Category 3    0.031       78.000
      Category 4    0.004       11.000
    SPOS2
      Category 1    0.513     1273.000
      Category 2    0.363      900.000
      Category 3    0.100      247.000
      Category 4    0.025       61.000
    SPOS3
      Category 1    0.698     1728.000
      Category 2    0.224      555.000
      Category 3    0.061      151.000
      Category 4    0.017       41.000
    SPOS4
      Category 1    0.848     2103.000
      Category 2    0.098      244.000
      Category 3    0.036       89.000
      Category 4    0.017       43.000
    SPOS5
      Category 1    0.651     1613.000
      Category 2    0.240      596.000
      Category 3    0.077      190.000
      Category 4    0.032       80.000
    SPOS6
      Category 1    0.813     2017.000
      Category 2    0.127      315.000
      Category 3    0.051      126.000
      Category 4    0.009       23.000
    SI1
      Category 1    0.030      100.000
      Category 2    0.067      227.000
      Category 3    0.096      325.000
      Category 4    0.162      547.000
      Category 5    0.089      302.000
      Category 6    0.199      673.000
      Category 7    0.356     1201.000
    SI2
      Category 1    0.109      369.000
      Category 2    0.248      838.000
      Category 3    0.230      776.000
      Category 4    0.193      652.000
      Category 5    0.086      290.000
      Category 6    0.085      288.000
      Category 7    0.047      160.000
    SI3
      Category 1    0.103      347.000
      Category 2    0.245      830.000
      Category 3    0.198      670.000
      Category 4    0.266      898.000
      Category 5    0.076      256.000
      Category 6    0.066      222.000
      Category 7    0.047      159.000



THE MODEL ESTIMATION TERMINATED NORMALLY



MODEL FIT INFORMATION

Number of Free Parameters                      320

Chi-Square Test of Model Fit

          Value                          14982.280*
          Degrees of Freedom                  1472
          P-Value                           0.0000

*   The chi-square value for MLM, MLMV, MLR, ULSMV, WLSM and WLSMV cannot be used
    for chi-square difference testing in the regular way.  MLM, MLR and WLSM
    chi-square difference testing is described on the Mplus website.  MLMV, WLSMV,
    and ULSMV difference testing is done using the DIFFTEST option.

RMSEA (Root Mean Square Error Of Approximation)

          Estimate                           0.050
          90 Percent C.I.                    0.050  0.051
          Probability RMSEA <= .05           0.217

CFI/TLI

          CFI                                0.914
          TLI                                0.910

Chi-Square Test of Model Fit for the Baseline Model

          Value                         158577.604
          Degrees of Freedom                  1540
          P-Value                           0.0000

WRMR (Weighted Root Mean Square Residual)

          Value                              3.227



MODEL RESULTS

                                                    Two-Tailed
                    Estimate       S.E.  Est./S.E.    P-Value

 M        BY
    M1                 1.000      0.000    999.000    999.000
    M2                 1.076      0.020     53.841      0.000
    M3                 0.828      0.021     39.615      0.000
    M4                 0.853      0.022     39.476      0.000

 LC       BY
    LC1               -1.000      0.000    999.000    999.000
    LC2               -1.213      0.020    -60.705      0.000
    LC3               -1.028      0.022    -47.386      0.000
    LC4               -0.962      0.019    -51.657      0.000
    LC5               -0.853      0.020    -41.825      0.000
    LC6               -1.043      0.019    -55.508      0.000
    LC7               -1.151      0.020    -58.230      0.000
    LC8               -1.091      0.021    -52.546      0.000

 SE       BY
    SE2                1.000      0.000    999.000    999.000
    SE3               -0.952      0.013    -71.523      0.000
    SE4                0.725      0.015     47.392      0.000
    SE5               -0.829      0.014    -60.336      0.000
    SE6                0.966      0.011     89.474      0.000
    SE7               -0.959      0.013    -76.476      0.000

 OPT      BY
    OPT1               1.000      0.000    999.000    999.000
    OPT2               1.466      0.046     31.841      0.000
    OPT3               1.465      0.050     29.582      0.000

 PESS     BY
    PESS1             -1.000      0.000    999.000    999.000
    PESS2             -1.210      0.026    -47.430      0.000
    PESS3             -1.183      0.026    -45.662      0.000

 PLIFE    BY
    PLIFE2             1.000      0.000    999.000    999.000
    PLIFE3            -1.030      0.020    -52.343      0.000
    PLIFE4            -0.903      0.021    -43.760      0.000
    PLIFE5             0.936      0.019     49.865      0.000
    PLIFE6             0.903      0.019     47.979      0.000

 CON      BY
    CON1               1.000      0.000    999.000    999.000
    CON2               1.379      0.059     23.253      0.000
    CON3               1.258      0.057     22.163      0.000
    CON4              -0.740      0.047    -15.657      0.000
    CON5               1.165      0.049     23.831      0.000

 EXT      BY
    EXT1               1.000      0.000    999.000    999.000
    EXT2               1.053      0.034     31.288      0.000
    EXT3               1.133      0.029     38.775      0.000
    EXT4               1.169      0.035     33.475      0.000
    EXT5               0.630      0.027     23.088      0.000

 FAMS     BY
    FAMS1              1.000      0.000    999.000    999.000
    FAMS2              0.983      0.023     43.140      0.000
    FAMS3              0.899      0.022     41.740      0.000
    FAMS4              0.911      0.020     44.832      0.000

 FRIS     BY
    FRIS1              1.000      0.000    999.000    999.000
    FRIS2              0.971      0.013     73.309      0.000
    FRIS3              0.931      0.013     73.961      0.000
    FRIS4              0.911      0.012     74.365      0.000

 SPOS     BY
    SPOS1              1.000      0.000    999.000    999.000
    SPOS2              0.964      0.016     61.919      0.000
    SPOS3              0.991      0.015     66.683      0.000
    SPOS4              0.933      0.016     57.691      0.000
    SPOS5              0.944      0.015     63.735      0.000
    SPOS6              0.965      0.015     65.010      0.000

 SI       BY
    SI1               -1.000      0.000    999.000    999.000
    SI2                0.853      0.024     35.188      0.000
    SI3                0.728      0.023     31.497      0.000

 PSR      BY
    M                  1.000      0.000    999.000    999.000
    LC                 1.001      0.024     41.006      0.000
    SE                 1.348      0.027     49.946      0.000
    OPT                0.732      0.026     27.681      0.000
    PESS               0.861      0.027     31.360      0.000
    PLIFE              1.169      0.027     42.689      0.000
    CON                0.610      0.028     21.819      0.000
    EXT                0.775      0.026     30.155      0.000
    FAMS               0.725      0.034     21.477      0.000
    FRIS               0.808      0.028     28.476      0.000
    SPOS               0.696      0.042     16.503      0.000
    SI                 0.880      0.027     32.656      0.000

 Thresholds
    M1$1              -0.304      0.022    -13.909      0.000
    M1$2               0.621      0.023     26.919      0.000
    M1$3               1.063      0.027     40.030      0.000
    M1$4               1.324      0.030     44.184      0.000
    M1$5               1.593      0.035     45.463      0.000
    M1$6               2.133      0.053     40.087      0.000
    M2$1              -0.239      0.022    -10.994      0.000
    M2$2               0.758      0.024     31.682      0.000
    M2$3               1.296      0.030     43.837      0.000
    M2$4               1.641      0.036     45.350      0.000
    M2$5               1.871      0.043     43.800      0.000
    M2$6               2.315      0.063     36.542      0.000
    M3$1              -0.787      0.024    -32.615      0.000
    M3$2               0.168      0.022      7.773      0.000
    M3$3               0.628      0.023     27.154      0.000
    M3$4               0.991      0.026     38.354      0.000
    M3$5               1.369      0.031     44.574      0.000
    M3$6               1.985      0.047     42.398      0.000
    M4$1              -0.203      0.022     -9.366      0.000
    M4$2               0.678      0.023     28.952      0.000
    M4$3               1.065      0.027     40.046      0.000
    M4$4               1.394      0.031     44.779      0.000
    M4$5               1.595      0.035     45.434      0.000
    M4$6               2.059      0.050     41.294      0.000
    LC1$1             -1.863      0.042    -43.904      0.000
    LC1$2             -1.238      0.029    -43.125      0.000
    LC1$3             -0.944      0.025    -37.199      0.000
    LC1$4             -0.726      0.024    -30.647      0.000
    LC1$5             -0.475      0.022    -21.189      0.000
    LC1$6              0.272      0.022     12.477      0.000
    LC2$1             -1.907      0.044    -43.412      0.000
    LC2$2             -1.276      0.029    -43.602      0.000
    LC2$3             -0.753      0.024    -31.532      0.000
    LC2$4             -0.536      0.023    -23.657      0.000
    LC2$5             -0.291      0.022    -13.336      0.000
    LC2$6              0.315      0.022     14.361      0.000
    LC3$1             -2.194      0.056    -38.964      0.000
    LC3$2             -1.639      0.036    -45.376      0.000
    LC3$3             -1.217      0.028    -42.807      0.000
    LC3$4             -0.847      0.025    -34.491      0.000
    LC3$5             -0.616      0.023    -26.727      0.000
    LC3$6              0.017      0.022      0.789      0.430
    LC4$1             -1.789      0.040    -44.597      0.000
    LC4$2             -1.115      0.027    -41.086      0.000
    LC4$3             -0.666      0.023    -28.541      0.000
    LC4$4             -0.390      0.022    -17.657      0.000
    LC4$5             -0.182      0.022     -8.436      0.000
    LC4$6              0.492      0.022     21.893      0.000
    LC5$1             -1.554      0.034    -45.433      0.000
    LC5$2             -0.793      0.024    -32.819      0.000
    LC5$3             -0.174      0.022     -8.064      0.000
    LC5$4              0.148      0.022      6.829      0.000
    LC5$5              0.396      0.022     17.905      0.000
    LC5$6              1.083      0.027     40.430      0.000
    LC6$1             -1.925      0.045    -43.171      0.000
    LC6$2             -1.302      0.030    -43.890      0.000
    LC6$3             -0.883      0.025    -35.515      0.000
    LC6$4             -0.604      0.023    -26.250      0.000
    LC6$5             -0.292      0.022    -13.378      0.000
    LC6$6              0.546      0.023     24.007      0.000
    LC7$1             -2.104      0.052    -40.529      0.000
    LC7$2             -1.655      0.037    -45.278      0.000
    LC7$3             -1.348      0.030    -44.351      0.000
    LC7$4             -0.985      0.026    -38.185      0.000
    LC7$5             -0.696      0.024    -29.568      0.000
    LC7$6              0.066      0.022      3.058      0.002
    LC8$1             -2.047      0.049    -41.490      0.000
    LC8$2             -1.462      0.032    -45.192      0.000
    LC8$3             -0.866      0.025    -35.043      0.000
    LC8$4             -0.546      0.023    -24.040      0.000
    LC8$5             -0.335      0.022    -15.263      0.000
    LC8$6              0.160      0.022      7.394      0.000
    SE2$1             -0.172      0.022     -7.963      0.000
    SE2$2              0.757      0.024     31.637      0.000
    SE2$3              1.277      0.029     43.606      0.000
    SE2$4              1.513      0.033     45.351      0.000
    SE2$5              1.842      0.042     44.090      0.000
    SE2$6              2.294      0.062     36.972      0.000
    SE3$1             -2.017      0.048    -41.899      0.000
    SE3$2             -1.555      0.034    -45.387      0.000
    SE3$3             -1.054      0.027    -39.782      0.000
    SE3$4             -0.760      0.024    -31.739      0.000
    SE3$5             -0.567      0.023    -24.840      0.000
    SE3$6             -0.135      0.022     -6.236      0.000
    SE4$1             -0.401      0.022    -18.109      0.000
    SE4$2              0.698      0.024     29.675      0.000
    SE4$3              1.105      0.027     40.862      0.000
    SE4$4              1.426      0.032     44.995      0.000
    SE4$5              1.685      0.037     45.206      0.000
    SE4$6              2.072      0.050     41.094      0.000
    SE5$1             -1.614      0.036    -45.325      0.000
    SE5$2             -1.055      0.027    -39.750      0.000
    SE5$3             -0.669      0.023    -28.592      0.000
    SE5$4             -0.271      0.022    -12.419      0.000
    SE5$5             -0.160      0.022     -7.409      0.000
    SE5$6              0.240      0.022     11.014      0.000
    SE6$1             -0.229      0.022    -10.546      0.000
    SE6$2              0.716      0.024     30.276      0.000
    SE6$3              1.091      0.027     40.603      0.000
    SE6$4              1.319      0.030     44.104      0.000
    SE6$5              1.616      0.036     45.415      0.000
    SE6$6              2.104      0.052     40.556      0.000
    SE7$1             -1.883      0.043    -43.625      0.000
    SE7$2             -1.376      0.031    -44.581      0.000
    SE7$3             -0.823      0.024    -33.714      0.000
    SE7$4             -0.542      0.023    -23.853      0.000
    SE7$5             -0.342      0.022    -15.539      0.000
    SE7$6              0.116      0.022      5.361      0.000
    OPT1$1            -0.609      0.023    -26.459      0.000
    OPT1$2             0.462      0.022     20.684      0.000
    OPT1$3             1.024      0.026     39.188      0.000
    OPT1$4             1.790      0.040     44.613      0.000
    OPT2$1            -0.455      0.022    -20.375      0.000
    OPT2$2             0.673      0.023     28.783      0.000
    OPT2$3             1.136      0.027     41.437      0.000
    OPT2$4             1.979      0.047     42.462      0.000
    OPT3$1            -0.082      0.021     -3.820      0.000
    OPT3$2             0.860      0.025     34.928      0.000
    OPT3$3             1.414      0.031     45.004      0.000
    OPT3$4             1.869      0.043     43.916      0.000
    PESS1$1           -1.501      0.033    -45.406      0.000
    PESS1$2           -0.610      0.023    -26.544      0.000
    PESS1$3           -0.079      0.022     -3.684      0.000
    PESS1$4            0.575      0.023     25.211      0.000
    PESS2$1           -1.792      0.040    -44.545      0.000
    PESS2$2           -0.914      0.025    -36.390      0.000
    PESS2$3           -0.397      0.022    -17.939      0.000
    PESS2$4            0.315      0.022     14.395      0.000
    PESS3$1           -1.591      0.035    -45.510      0.000
    PESS3$2           -0.810      0.024    -33.393      0.000
    PESS3$3           -0.380      0.022    -17.214      0.000
    PESS3$4            0.260      0.022     11.966      0.000
    PLIFE2$1          -0.295      0.022    -13.499      0.000
    PLIFE2$2           0.606      0.023     26.354      0.000
    PLIFE2$3           1.000      0.026     38.610      0.000
    PLIFE2$4           1.391      0.031     44.781      0.000
    PLIFE2$5           1.619      0.036     45.430      0.000
    PLIFE2$6           2.098      0.052     40.682      0.000
    PLIFE3$1          -1.940      0.045    -43.030      0.000
    PLIFE3$2          -1.387      0.031    -44.752      0.000
    PLIFE3$3          -0.940      0.025    -37.100      0.000
    PLIFE3$4          -0.549      0.023    -24.147      0.000
    PLIFE3$5          -0.348      0.022    -15.819      0.000
    PLIFE3$6           0.199      0.022      9.189      0.000
    PLIFE4$1          -1.964      0.046    -42.692      0.000
    PLIFE4$2          -1.195      0.028    -42.469      0.000
    PLIFE4$3          -0.701      0.024    -29.786      0.000
    PLIFE4$4          -0.379      0.022    -17.171      0.000
    PLIFE4$5          -0.173      0.022     -8.011      0.000
    PLIFE4$6           0.401      0.022     18.124      0.000
    PLIFE5$1          -0.401      0.022    -18.126      0.000
    PLIFE5$2           0.410      0.022     18.533      0.000
    PLIFE5$3           0.906      0.025     36.226      0.000
    PLIFE5$4           1.486      0.033     45.368      0.000
    PLIFE5$5           1.787      0.040     44.675      0.000
    PLIFE5$6           2.266      0.060     37.624      0.000
    PLIFE6$1          -0.087      0.022     -4.048      0.000
    PLIFE6$2           0.510      0.023     22.634      0.000
    PLIFE6$3           0.808      0.024     33.312      0.000
    PLIFE6$4           1.270      0.029     43.553      0.000
    PLIFE6$5           1.537      0.034     45.441      0.000
    PLIFE6$6           1.996      0.047     42.269      0.000
    CON1$1            -0.360      0.022    -16.304      0.000
    CON1$2             0.739      0.024     31.007      0.000
    CON1$3             1.648      0.036     45.245      0.000
    CON2$1             0.684      0.023     29.199      0.000
    CON2$2             1.864      0.042     43.915      0.000
    CON2$3             2.694      0.096     28.046      0.000
    CON3$1             0.489      0.022     21.770      0.000
    CON3$2             1.477      0.033     45.249      0.000
    CON3$3             2.227      0.058     38.307      0.000
    CON4$1            -2.055      0.050    -41.152      0.000
    CON4$2            -1.231      0.029    -42.786      0.000
    CON4$3             0.105      0.022      4.864      0.000
    CON5$1            -0.415      0.022    -18.561      0.000
    CON5$2             0.757      0.024     31.404      0.000
    CON5$3             1.968      0.047     42.300      0.000
    EXT1$1            -0.377      0.022    -17.065      0.000
    EXT1$2             0.711      0.024     30.064      0.000
    EXT1$3             1.675      0.037     45.176      0.000
    EXT2$1             0.363      0.022     16.495      0.000
    EXT2$2             1.620      0.036     45.443      0.000
    EXT2$3             2.667      0.093     28.672      0.000
    EXT3$1            -0.549      0.023    -24.088      0.000
    EXT3$2             0.607      0.023     26.334      0.000
    EXT3$3             1.845      0.042     43.993      0.000
    EXT4$1            -0.314      0.022    -14.246      0.000
    EXT4$2             0.811      0.024     33.211      0.000
    EXT4$3             1.884      0.043     43.442      0.000
    EXT5$1            -0.621      0.023    -26.750      0.000
    EXT5$2             0.345      0.022     15.618      0.000
    EXT5$3             1.407      0.032     44.635      0.000
    FAMS1$1            0.912      0.024     37.368      0.000
    FAMS1$2            1.655      0.035     46.621      0.000
    FAMS1$3            2.381      0.066     36.147      0.000
    FAMS2$1           -0.073      0.021     -3.489      0.000
    FAMS2$2            1.079      0.026     41.482      0.000
    FAMS2$3            1.867      0.041     45.081      0.000
    FAMS3$1            0.645      0.023     28.563      0.000
    FAMS3$2            1.264      0.028     44.705      0.000
    FAMS3$3            1.840      0.041     45.384      0.000
    FAMS4$1            0.088      0.021      4.205      0.000
    FAMS4$2            0.933      0.025     37.938      0.000
    FAMS4$3            1.671      0.036     46.551      0.000
    FRIS1$1            0.078      0.021      3.706      0.000
    FRIS1$2            1.282      0.029     44.710      0.000
    FRIS1$3            2.137      0.052     40.930      0.000
    FRIS2$1           -0.353      0.022    -16.404      0.000
    FRIS2$2            0.903      0.024     36.934      0.000
    FRIS2$3            1.883      0.042     44.694      0.000
    FRIS3$1            0.018      0.021      0.838      0.402
    FRIS3$2            0.949      0.025     38.233      0.000
    FRIS3$3            1.705      0.037     46.217      0.000
    FRIS4$1           -0.215      0.021    -10.149      0.000
    FRIS4$2            0.741      0.023     31.897      0.000
    FRIS4$3            1.605      0.035     46.521      0.000
    SPOS1$1            1.090      0.031     34.698      0.000
    SPOS1$2            1.801      0.047     38.034      0.000
    SPOS1$3            2.617      0.103     25.489      0.000
    SPOS2$1            0.033      0.025      1.305      0.192
    SPOS2$2            1.155      0.032     35.728      0.000
    SPOS2$3            1.967      0.054     36.464      0.000
    SPOS3$1            0.519      0.026     19.617      0.000
    SPOS3$2            1.422      0.037     38.398      0.000
    SPOS3$3            2.130      0.062     34.243      0.000
    SPOS4$1            1.029      0.031     33.558      0.000
    SPOS4$2            1.614      0.042     38.811      0.000
    SPOS4$3            2.112      0.061     34.546      0.000
    SPOS5$1            0.387      0.026     14.964      0.000
    SPOS5$2            1.232      0.034     36.771      0.000
    SPOS5$3            1.848      0.049     37.640      0.000
    SPOS6$1            0.889      0.029     30.515      0.000
    SPOS6$2            1.554      0.040     38.845      0.000
    SPOS6$3            2.355      0.077     30.527      0.000
    SI1$1             -1.886      0.043    -43.522      0.000
    SI1$2             -1.299      0.030    -43.765      0.000
    SI1$3             -0.866      0.025    -34.944      0.000
    SI1$4             -0.371      0.022    -16.778      0.000
    SI1$5             -0.139      0.022     -6.419      0.000
    SI1$6              0.370      0.022     16.709      0.000
    SI2$1             -1.230      0.029    -42.855      0.000
    SI2$2             -0.364      0.022    -16.475      0.000
    SI2$3              0.222      0.022     10.203      0.000
    SI2$4              0.776      0.024     32.187      0.000
    SI2$5              1.113      0.027     40.899      0.000
    SI2$6              1.670      0.037     45.125      0.000
    SI3$1             -1.267      0.029    -43.416      0.000
    SI3$2             -0.391      0.022    -17.630      0.000
    SI3$3              0.116      0.022      5.364      0.000
    SI3$4              0.884      0.025     35.489      0.000
    SI3$5              1.213      0.028     42.659      0.000
    SI3$6              1.675      0.037     45.169      0.000

 Variances
    PSR                0.332      0.013     25.011      0.000

 Residual Variances
    M                  0.272      0.011     24.815      0.000
    LC                 0.161      0.007     23.096      0.000
    SE                 0.109      0.007     15.757      0.000
    OPT                0.109      0.007     16.550      0.000
    PESS               0.270      0.011     24.912      0.000
    PLIFE              0.098      0.006     15.834      0.000
    CON                0.218      0.015     14.906      0.000
    EXT                0.285      0.012     23.110      0.000
    FAMS               0.632      0.020     30.996      0.000
    FRIS               0.615      0.016     37.930      0.000
    SPOS               0.688      0.021     33.094      0.000
    SI                 0.483      0.023     20.764      0.000


STANDARDIZED MODEL RESULTS


STDYX Standardization

                                                    Two-Tailed
                    Estimate       S.E.  Est./S.E.    P-Value

 M        BY
    M1                 0.777      0.011     73.978      0.000
    M2                 0.836      0.010     81.366      0.000
    M3                 0.643      0.013     50.606      0.000
    M4                 0.663      0.013     49.123      0.000

 LC       BY
    LC1               -0.703      0.011    -65.496      0.000
    LC2               -0.853      0.008   -106.475      0.000
    LC3               -0.723      0.012    -61.651      0.000
    LC4               -0.676      0.010    -64.755      0.000
    LC5               -0.600      0.012    -50.240      0.000
    LC6               -0.733      0.010    -75.287      0.000
    LC7               -0.809      0.009    -88.082      0.000
    LC8               -0.767      0.010    -76.669      0.000

 SE       BY
    SE2                0.844      0.007    113.725      0.000
    SE3               -0.804      0.009    -87.809      0.000
    SE4                0.612      0.012     49.118      0.000
    SE5               -0.700      0.011    -66.597      0.000
    SE6                0.816      0.008    101.431      0.000
    SE7               -0.809      0.008    -96.431      0.000

 OPT      BY
    OPT1               0.535      0.015     35.661      0.000
    OPT2               0.785      0.012     67.363      0.000
    OPT3               0.784      0.013     59.233      0.000

 PESS     BY
    PESS1             -0.719      0.012    -58.338      0.000
    PESS2             -0.869      0.009    -97.898      0.000
    PESS3             -0.850      0.010    -87.408      0.000

 PLIFE    BY
    PLIFE2             0.743      0.010     73.417      0.000
    PLIFE3            -0.766      0.010    -75.171      0.000
    PLIFE4            -0.671      0.012    -57.997      0.000
    PLIFE5             0.696      0.011     64.053      0.000
    PLIFE6             0.671      0.012     57.268      0.000

 CON      BY
    CON1               0.584      0.019     30.952      0.000
    CON2               0.805      0.021     38.798      0.000
    CON3               0.735      0.020     36.308      0.000
    CON4              -0.432      0.024    -18.101      0.000
    CON5               0.681      0.018     38.600      0.000

 EXT      BY
    EXT1               0.696      0.014     49.467      0.000
    EXT2               0.733      0.018     40.906      0.000
    EXT3               0.788      0.012     66.318      0.000
    EXT4               0.814      0.015     52.920      0.000
    EXT5               0.438      0.019     23.547      0.000

 FAMS     BY
    FAMS1              0.898      0.013     67.055      0.000
    FAMS2              0.883      0.012     71.098      0.000
    FAMS3              0.808      0.015     55.580      0.000
    FAMS4              0.818      0.013     64.233      0.000

 FRIS     BY
    FRIS1              0.912      0.008    115.083      0.000
    FRIS2              0.886      0.008    111.816      0.000
    FRIS3              0.849      0.009     95.608      0.000
    FRIS4              0.831      0.009     95.965      0.000

 SPOS     BY
    SPOS1              0.921      0.011     86.830      0.000
    SPOS2              0.887      0.010     86.391      0.000
    SPOS3              0.913      0.009    101.402      0.000
    SPOS4              0.859      0.014     63.483      0.000
    SPOS5              0.869      0.010     87.749      0.000
    SPOS6              0.889      0.011     79.784      0.000

 SI       BY
    SI1               -0.860      0.015    -56.069      0.000
    SI2                0.733      0.013     58.466      0.000
    SI3                0.626      0.014     45.039      0.000

 PSR      BY
    M                  0.742      0.010     74.581      0.000
    LC                 0.821      0.007    115.780      0.000
    SE                 0.920      0.005    178.993      0.000
    OPT                0.788      0.011     73.051      0.000
    PESS               0.691      0.011     63.059      0.000
    PLIFE              0.907      0.006    151.724      0.000
    CON                0.602      0.015     39.659      0.000
    EXT                0.642      0.013     51.222      0.000
    FAMS               0.465      0.018     26.321      0.000
    FRIS               0.510      0.015     33.802      0.000
    SPOS               0.435      0.024     18.397      0.000
    SI                 0.589      0.014     43.303      0.000

 Thresholds
    M1$1              -0.304      0.022    -13.909      0.000
    M1$2               0.621      0.023     26.919      0.000
    M1$3               1.063      0.027     40.030      0.000
    M1$4               1.324      0.030     44.184      0.000
    M1$5               1.593      0.035     45.463      0.000
    M1$6               2.133      0.053     40.087      0.000
    M2$1              -0.239      0.022    -10.994      0.000
    M2$2               0.758      0.024     31.682      0.000
    M2$3               1.296      0.030     43.837      0.000
    M2$4               1.641      0.036     45.350      0.000
    M2$5               1.871      0.043     43.800      0.000
    M2$6               2.315      0.063     36.542      0.000
    M3$1              -0.787      0.024    -32.615      0.000
    M3$2               0.168      0.022      7.773      0.000
    M3$3               0.628      0.023     27.154      0.000
    M3$4               0.991      0.026     38.354      0.000
    M3$5               1.369      0.031     44.574      0.000
    M3$6               1.985      0.047     42.398      0.000
    M4$1              -0.203      0.022     -9.366      0.000
    M4$2               0.678      0.023     28.952      0.000
    M4$3               1.065      0.027     40.046      0.000
    M4$4               1.394      0.031     44.779      0.000
    M4$5               1.595      0.035     45.434      0.000
    M4$6               2.059      0.050     41.294      0.000
    LC1$1             -1.863      0.042    -43.904      0.000
    LC1$2             -1.238      0.029    -43.125      0.000
    LC1$3             -0.944      0.025    -37.199      0.000
    LC1$4             -0.726      0.024    -30.647      0.000
    LC1$5             -0.475      0.022    -21.189      0.000
    LC1$6              0.272      0.022     12.477      0.000
    LC2$1             -1.907      0.044    -43.412      0.000
    LC2$2             -1.276      0.029    -43.602      0.000
    LC2$3             -0.753      0.024    -31.532      0.000
    LC2$4             -0.536      0.023    -23.657      0.000
    LC2$5             -0.291      0.022    -13.336      0.000
    LC2$6              0.315      0.022     14.361      0.000
    LC3$1             -2.194      0.056    -38.964      0.000
    LC3$2             -1.639      0.036    -45.376      0.000
    LC3$3             -1.217      0.028    -42.807      0.000
    LC3$4             -0.847      0.025    -34.491      0.000
    LC3$5             -0.616      0.023    -26.727      0.000
    LC3$6              0.017      0.022      0.789      0.430
    LC4$1             -1.789      0.040    -44.597      0.000
    LC4$2             -1.115      0.027    -41.086      0.000
    LC4$3             -0.666      0.023    -28.541      0.000
    LC4$4             -0.390      0.022    -17.657      0.000
    LC4$5             -0.182      0.022     -8.436      0.000
    LC4$6              0.492      0.022     21.893      0.000
    LC5$1             -1.554      0.034    -45.433      0.000
    LC5$2             -0.793      0.024    -32.819      0.000
    LC5$3             -0.174      0.022     -8.064      0.000
    LC5$4              0.148      0.022      6.829      0.000
    LC5$5              0.396      0.022     17.905      0.000
    LC5$6              1.083      0.027     40.430      0.000
    LC6$1             -1.925      0.045    -43.171      0.000
    LC6$2             -1.302      0.030    -43.890      0.000
    LC6$3             -0.883      0.025    -35.515      0.000
    LC6$4             -0.604      0.023    -26.250      0.000
    LC6$5             -0.292      0.022    -13.378      0.000
    LC6$6              0.546      0.023     24.007      0.000
    LC7$1             -2.104      0.052    -40.529      0.000
    LC7$2             -1.655      0.037    -45.278      0.000
    LC7$3             -1.348      0.030    -44.351      0.000
    LC7$4             -0.985      0.026    -38.185      0.000
    LC7$5             -0.696      0.024    -29.568      0.000
    LC7$6              0.066      0.022      3.058      0.002
    LC8$1             -2.047      0.049    -41.490      0.000
    LC8$2             -1.462      0.032    -45.192      0.000
    LC8$3             -0.866      0.025    -35.043      0.000
    LC8$4             -0.546      0.023    -24.040      0.000
    LC8$5             -0.335      0.022    -15.263      0.000
    LC8$6              0.160      0.022      7.394      0.000
    SE2$1             -0.172      0.022     -7.963      0.000
    SE2$2              0.757      0.024     31.637      0.000
    SE2$3              1.277      0.029     43.606      0.000
    SE2$4              1.513      0.033     45.351      0.000
    SE2$5              1.842      0.042     44.090      0.000
    SE2$6              2.294      0.062     36.972      0.000
    SE3$1             -2.017      0.048    -41.899      0.000
    SE3$2             -1.555      0.034    -45.387      0.000
    SE3$3             -1.054      0.027    -39.782      0.000
    SE3$4             -0.760      0.024    -31.739      0.000
    SE3$5             -0.567      0.023    -24.840      0.000
    SE3$6             -0.135      0.022     -6.236      0.000
    SE4$1             -0.401      0.022    -18.109      0.000
    SE4$2              0.698      0.024     29.675      0.000
    SE4$3              1.105      0.027     40.862      0.000
    SE4$4              1.426      0.032     44.995      0.000
    SE4$5              1.685      0.037     45.206      0.000
    SE4$6              2.072      0.050     41.094      0.000
    SE5$1             -1.614      0.036    -45.325      0.000
    SE5$2             -1.055      0.027    -39.750      0.000
    SE5$3             -0.669      0.023    -28.592      0.000
    SE5$4             -0.271      0.022    -12.419      0.000
    SE5$5             -0.160      0.022     -7.409      0.000
    SE5$6              0.240      0.022     11.014      0.000
    SE6$1             -0.229      0.022    -10.546      0.000
    SE6$2              0.716      0.024     30.276      0.000
    SE6$3              1.091      0.027     40.603      0.000
    SE6$4              1.319      0.030     44.104      0.000
    SE6$5              1.616      0.036     45.415      0.000
    SE6$6              2.104      0.052     40.556      0.000
    SE7$1             -1.883      0.043    -43.625      0.000
    SE7$2             -1.376      0.031    -44.581      0.000
    SE7$3             -0.823      0.024    -33.714      0.000
    SE7$4             -0.542      0.023    -23.853      0.000
    SE7$5             -0.342      0.022    -15.539      0.000
    SE7$6              0.116      0.022      5.361      0.000
    OPT1$1            -0.609      0.023    -26.459      0.000
    OPT1$2             0.462      0.022     20.684      0.000
    OPT1$3             1.024      0.026     39.188      0.000
    OPT1$4             1.790      0.040     44.613      0.000
    OPT2$1            -0.455      0.022    -20.375      0.000
    OPT2$2             0.673      0.023     28.783      0.000
    OPT2$3             1.136      0.027     41.437      0.000
    OPT2$4             1.979      0.047     42.462      0.000
    OPT3$1            -0.082      0.021     -3.820      0.000
    OPT3$2             0.860      0.025     34.928      0.000
    OPT3$3             1.414      0.031     45.004      0.000
    OPT3$4             1.869      0.043     43.916      0.000
    PESS1$1           -1.501      0.033    -45.406      0.000
    PESS1$2           -0.610      0.023    -26.544      0.000
    PESS1$3           -0.079      0.022     -3.684      0.000
    PESS1$4            0.575      0.023     25.211      0.000
    PESS2$1           -1.792      0.040    -44.545      0.000
    PESS2$2           -0.914      0.025    -36.390      0.000
    PESS2$3           -0.397      0.022    -17.939      0.000
    PESS2$4            0.315      0.022     14.395      0.000
    PESS3$1           -1.591      0.035    -45.510      0.000
    PESS3$2           -0.810      0.024    -33.393      0.000
    PESS3$3           -0.380      0.022    -17.214      0.000
    PESS3$4            0.260      0.022     11.966      0.000
    PLIFE2$1          -0.295      0.022    -13.499      0.000
    PLIFE2$2           0.606      0.023     26.354      0.000
    PLIFE2$3           1.000      0.026     38.610      0.000
    PLIFE2$4           1.391      0.031     44.781      0.000
    PLIFE2$5           1.619      0.036     45.430      0.000
    PLIFE2$6           2.098      0.052     40.682      0.000
    PLIFE3$1          -1.940      0.045    -43.030      0.000
    PLIFE3$2          -1.387      0.031    -44.752      0.000
    PLIFE3$3          -0.940      0.025    -37.100      0.000
    PLIFE3$4          -0.549      0.023    -24.147      0.000
    PLIFE3$5          -0.348      0.022    -15.819      0.000
    PLIFE3$6           0.199      0.022      9.189      0.000
    PLIFE4$1          -1.964      0.046    -42.692      0.000
    PLIFE4$2          -1.195      0.028    -42.469      0.000
    PLIFE4$3          -0.701      0.024    -29.786      0.000
    PLIFE4$4          -0.379      0.022    -17.171      0.000
    PLIFE4$5          -0.173      0.022     -8.011      0.000
    PLIFE4$6           0.401      0.022     18.124      0.000
    PLIFE5$1          -0.401      0.022    -18.126      0.000
    PLIFE5$2           0.410      0.022     18.533      0.000
    PLIFE5$3           0.906      0.025     36.226      0.000
    PLIFE5$4           1.486      0.033     45.368      0.000
    PLIFE5$5           1.787      0.040     44.675      0.000
    PLIFE5$6           2.266      0.060     37.624      0.000
    PLIFE6$1          -0.087      0.022     -4.048      0.000
    PLIFE6$2           0.510      0.023     22.634      0.000
    PLIFE6$3           0.808      0.024     33.312      0.000
    PLIFE6$4           1.270      0.029     43.553      0.000
    PLIFE6$5           1.537      0.034     45.441      0.000
    PLIFE6$6           1.996      0.047     42.269      0.000
    CON1$1            -0.360      0.022    -16.304      0.000
    CON1$2             0.739      0.024     31.007      0.000
    CON1$3             1.648      0.036     45.245      0.000
    CON2$1             0.684      0.023     29.199      0.000
    CON2$2             1.864      0.042     43.915      0.000
    CON2$3             2.694      0.096     28.046      0.000
    CON3$1             0.489      0.022     21.770      0.000
    CON3$2             1.477      0.033     45.249      0.000
    CON3$3             2.227      0.058     38.307      0.000
    CON4$1            -2.055      0.050    -41.152      0.000
    CON4$2            -1.231      0.029    -42.786      0.000
    CON4$3             0.105      0.022      4.864      0.000
    CON5$1            -0.415      0.022    -18.561      0.000
    CON5$2             0.757      0.024     31.404      0.000
    CON5$3             1.968      0.047     42.300      0.000
    EXT1$1            -0.377      0.022    -17.065      0.000
    EXT1$2             0.711      0.024     30.064      0.000
    EXT1$3             1.675      0.037     45.176      0.000
    EXT2$1             0.363      0.022     16.495      0.000
    EXT2$2             1.620      0.036     45.443      0.000
    EXT2$3             2.667      0.093     28.672      0.000
    EXT3$1            -0.549      0.023    -24.088      0.000
    EXT3$2             0.607      0.023     26.334      0.000
    EXT3$3             1.845      0.042     43.993      0.000
    EXT4$1            -0.314      0.022    -14.246      0.000
    EXT4$2             0.811      0.024     33.211      0.000
    EXT4$3             1.884      0.043     43.442      0.000
    EXT5$1            -0.621      0.023    -26.750      0.000
    EXT5$2             0.345      0.022     15.618      0.000
    EXT5$3             1.407      0.032     44.635      0.000
    FAMS1$1            0.912      0.024     37.368      0.000
    FAMS1$2            1.655      0.035     46.621      0.000
    FAMS1$3            2.381      0.066     36.147      0.000
    FAMS2$1           -0.073      0.021     -3.489      0.000
    FAMS2$2            1.079      0.026     41.482      0.000
    FAMS2$3            1.867      0.041     45.081      0.000
    FAMS3$1            0.645      0.023     28.563      0.000
    FAMS3$2            1.264      0.028     44.705      0.000
    FAMS3$3            1.840      0.041     45.384      0.000
    FAMS4$1            0.088      0.021      4.205      0.000
    FAMS4$2            0.933      0.025     37.938      0.000
    FAMS4$3            1.671      0.036     46.551      0.000
    FRIS1$1            0.078      0.021      3.706      0.000
    FRIS1$2            1.282      0.029     44.710      0.000
    FRIS1$3            2.137      0.052     40.930      0.000
    FRIS2$1           -0.353      0.022    -16.404      0.000
    FRIS2$2            0.903      0.024     36.934      0.000
    FRIS2$3            1.883      0.042     44.694      0.000
    FRIS3$1            0.018      0.021      0.838      0.402
    FRIS3$2            0.949      0.025     38.233      0.000
    FRIS3$3            1.705      0.037     46.217      0.000
    FRIS4$1           -0.215      0.021    -10.149      0.000
    FRIS4$2            0.741      0.023     31.897      0.000
    FRIS4$3            1.605      0.035     46.521      0.000
    SPOS1$1            1.090      0.031     34.698      0.000
    SPOS1$2            1.801      0.047     38.034      0.000
    SPOS1$3            2.617      0.103     25.489      0.000
    SPOS2$1            0.033      0.025      1.305      0.192
    SPOS2$2            1.155      0.032     35.728      0.000
    SPOS2$3            1.967      0.054     36.464      0.000
    SPOS3$1            0.519      0.026     19.617      0.000
    SPOS3$2            1.422      0.037     38.398      0.000
    SPOS3$3            2.130      0.062     34.243      0.000
    SPOS4$1            1.029      0.031     33.558      0.000
    SPOS4$2            1.614      0.042     38.811      0.000
    SPOS4$3            2.112      0.061     34.546      0.000
    SPOS5$1            0.387      0.026     14.964      0.000
    SPOS5$2            1.232      0.034     36.771      0.000
    SPOS5$3            1.848      0.049     37.640      0.000
    SPOS6$1            0.889      0.029     30.515      0.000
    SPOS6$2            1.554      0.040     38.845      0.000
    SPOS6$3            2.355      0.077     30.527      0.000
    SI1$1             -1.886      0.043    -43.522      0.000
    SI1$2             -1.299      0.030    -43.765      0.000
    SI1$3             -0.866      0.025    -34.944      0.000
    SI1$4             -0.371      0.022    -16.778      0.000
    SI1$5             -0.139      0.022     -6.419      0.000
    SI1$6              0.370      0.022     16.709      0.000
    SI2$1             -1.230      0.029    -42.855      0.000
    SI2$2             -0.364      0.022    -16.475      0.000
    SI2$3              0.222      0.022     10.203      0.000
    SI2$4              0.776      0.024     32.187      0.000
    SI2$5              1.113      0.027     40.899      0.000
    SI2$6              1.670      0.037     45.125      0.000
    SI3$1             -1.267      0.029    -43.416      0.000
    SI3$2             -0.391      0.022    -17.630      0.000
    SI3$3              0.116      0.022      5.364      0.000
    SI3$4              0.884      0.025     35.489      0.000
    SI3$5              1.213      0.028     42.659      0.000
    SI3$6              1.675      0.037     45.169      0.000

 Variances
    PSR                1.000      0.000    999.000    999.000

 Residual Variances
    M                  0.450      0.015     30.504      0.000
    LC                 0.326      0.012     27.998      0.000
    SE                 0.153      0.009     16.206      0.000
    OPT                0.379      0.017     22.336      0.000
    PESS               0.523      0.015     34.591      0.000
    PLIFE              0.178      0.011     16.396      0.000
    CON                0.638      0.018     34.913      0.000
    EXT                0.588      0.016     36.572      0.000
    FAMS               0.784      0.016     47.661      0.000
    FRIS               0.739      0.015     47.971      0.000
    SPOS               0.811      0.021     39.360      0.000
    SI                 0.653      0.016     40.657      0.000


R-SQUARE

    Observed                                        Two-Tailed   Residual
    Variable        Estimate       S.E.  Est./S.E.    P-Value    Variance

    M1                 0.604      0.016     36.989      0.000      0.396
    M2                 0.698      0.017     40.683      0.000      0.302
    M3                 0.414      0.016     25.303      0.000      0.586
    M4                 0.439      0.018     24.562      0.000      0.561
    LC1                0.494      0.015     32.748      0.000      0.506
    LC2                0.727      0.014     53.238      0.000      0.273
    LC3                0.522      0.017     30.825      0.000      0.478
    LC4                0.457      0.014     32.377      0.000      0.543
    LC5                0.359      0.014     25.120      0.000      0.641
    LC6                0.537      0.014     37.644      0.000      0.463
    LC7                0.654      0.015     44.041      0.000      0.346
    LC8                0.588      0.015     38.334      0.000      0.412
    SE2                0.713      0.013     56.862      0.000      0.287
    SE3                0.646      0.015     43.905      0.000      0.354
    SE4                0.374      0.015     24.559      0.000      0.626
    SE5                0.490      0.015     33.298      0.000      0.510
    SE6                0.665      0.013     50.716      0.000      0.335
    SE7                0.655      0.014     48.216      0.000      0.345
    OPT1               0.287      0.016     17.830      0.000      0.713
    OPT2               0.616      0.018     33.681      0.000      0.384
    OPT3               0.615      0.021     29.617      0.000      0.385
    PESS1              0.516      0.018     29.169      0.000      0.484
    PESS2              0.756      0.015     48.949      0.000      0.244
    PESS3              0.723      0.017     43.704      0.000      0.277
    PLIFE2             0.552      0.015     36.708      0.000      0.448
    PLIFE3             0.586      0.016     37.585      0.000      0.414
    PLIFE4             0.450      0.016     28.998      0.000      0.550
    PLIFE5             0.484      0.015     32.027      0.000      0.516
    PLIFE6             0.450      0.016     28.634      0.000      0.550
    CON1               0.341      0.022     15.476      0.000      0.659
    CON2               0.649      0.033     19.399      0.000      0.351
    CON3               0.540      0.030     18.154      0.000      0.460
    CON4               0.187      0.021      9.051      0.000      0.813
    CON5               0.463      0.024     19.300      0.000      0.537
    EXT1               0.485      0.020     24.734      0.000      0.515
    EXT2               0.538      0.026     20.453      0.000      0.462
    EXT3               0.622      0.019     33.159      0.000      0.378
    EXT4               0.663      0.025     26.460      0.000      0.337
    EXT5               0.192      0.016     11.773      0.000      0.808
    FAMS1              0.807      0.024     33.528      0.000      0.193
    FAMS2              0.779      0.022     35.549      0.000      0.221
    FAMS3              0.653      0.023     27.790      0.000      0.347
    FAMS4              0.669      0.021     32.116      0.000      0.331
    FRIS1              0.832      0.014     57.541      0.000      0.168
    FRIS2              0.784      0.014     55.908      0.000      0.216
    FRIS3              0.722      0.015     47.804      0.000      0.278
    FRIS4              0.690      0.014     47.983      0.000      0.310
    SPOS1              0.848      0.020     43.415      0.000      0.152
    SPOS2              0.788      0.018     43.195      0.000      0.212
    SPOS3              0.833      0.016     50.701      0.000      0.167
    SPOS4              0.738      0.023     31.742      0.000      0.262
    SPOS5              0.755      0.017     43.875      0.000      0.245
    SPOS6              0.790      0.020     39.892      0.000      0.210
    SI1                0.740      0.026     28.034      0.000      0.260
    SI2                0.538      0.018     29.233      0.000      0.462
    SI3                0.392      0.017     22.519      0.000      0.608

     Latent                                         Two-Tailed
    Variable        Estimate       S.E.  Est./S.E.    P-Value

    M                  0.550      0.015     37.291      0.000
    LC                 0.674      0.012     57.890      0.000
    SE                 0.847      0.009     89.497      0.000
    OPT                0.621      0.017     36.526      0.000
    PESS               0.477      0.015     31.530      0.000
    PLIFE              0.822      0.011     75.862      0.000
    CON                0.362      0.018     19.830      0.000
    EXT                0.412      0.016     25.611      0.000
    FAMS               0.216      0.016     13.161      0.000
    FRIS               0.261      0.015     16.901      0.000
    SPOS               0.189      0.021      9.199      0.000
    SI                 0.347      0.016     21.651      0.000


QUALITY OF NUMERICAL RESULTS

     Condition Number for the Information Matrix              0.367E-04
       (ratio of smallest to largest eigenvalue)


     Beginning Time:  16:09:07
        Ending Time:  16:10:59
       Elapsed Time:  00:01:52



MUTHEN & MUTHEN
3463 Stoner Ave.
Los Angeles, CA  90066

Tel: (310) 391-9971
Fax: (310) 391-8971
Web: www.StatModel.com
Support: Support@StatModel.com

Copyright (c) 1998-2014 Muthen & Muthen
