Mplus VERSION 7.3
MUTHEN & MUTHEN
02/15/2016   2:24 PM

INPUT INSTRUCTIONS

  DATA:
  FILE = "MIDUS_PSR_cfa2c2sc_mgrace1.dat";

  VARIABLE:
  NAMES = M2ID M2FAMNUM M1 M2 M3 M4 LC1 LC2 LC3 LC4 LC5 LC6 LC7 LC8 SE1 SE2 SE3 SE4
       SE5 SE6 SE7 Opt1 Opt2 Opt3 Pess1 Pess2 Pess3 PLife1 PLife2 PLife3 PLife4 PLife5
       PLife6 PLife7 Ctrl1 Ctrl2 Ctrl3 Con1 Con2 Con3 Con4 Con5 Ext1 Ext2 Ext3 Ext4
       Ext5 FamS1 FamS2 FamS3 FamS4 FriS1 FriS2 FriS3 FriS4 SpoS1 SpoS2 SpoS3 SpoS4
       SpoS5 SpoS6 SI1 SI2 SI3 AGE SEX RACE;
   MISSING=.;

  USEVARIABLES ARE
   M2 LC2 SE2 Opt2 PLife2 Con3 Ext4
   FamS2 FriS2 SpoS3 SI2 SI1;
  CATEGORICAL ARE
   M2 LC2 SE2 Opt2 PLife2 Con3 Ext4
   FamS2 FriS2 SpoS3 SI2 SI1;

  IDVARIABLE = M2ID;
  GROUPING = RACE (1 = White 2 = AA);

  ANALYSIS:

    ESTIMATOR = WLSMV;
    PROCESSORS = 2;
  MODEL:

   PR@1;
   PR BY M2*1 LC2*-1 SE2* Opt2* PLife2*1 Con3*1 Ext4*;
   SR@1;
   SR BY FamS2*1 FriS2 SpoS3 SI2 SI1;
   PR WITH SR*;

  OUTPUT:
  STDYX;
  PLOT:
  TYPE IS PLOT2;



INPUT READING TERMINATED NORMALLY




SUMMARY OF ANALYSIS

Number of groups                                                 2
Number of observations
   Group WHITE                                                2738
   Group AA                                                    723
   Total sample size                                          3461

Number of dependent variables                                   12
Number of independent variables                                  0
Number of continuous latent variables                            2

Observed dependent variables

  Binary and ordered categorical (ordinal)
   M2          LC2         SE2         OPT2        PLIFE2      CON3
   EXT4        FAMS2       FRIS2       SPOS3       SI2         SI1

Continuous latent variables
   PR          SR

Variables with special functions

  Grouping variable     RACE
  ID variable           M2ID

Estimator                                                    WLSMV
Maximum number of iterations                                  1000
Convergence criterion                                    0.500D-04
Maximum number of steepest descent iterations                   20
Maximum number of iterations for H1                           2000
Convergence criterion for H1                             0.100D-03
Parameterization                                             DELTA

Input data file(s)
  MIDUS_PSR_cfa2c2sc_mgrace1.dat

Input data format  FREE


SUMMARY OF DATA

   Group WHITE
     Number of missing data patterns            55

   Group AA
     Number of missing data patterns            46


COVARIANCE COVERAGE OF DATA

Minimum covariance coverage value   0.100


     PROPORTION OF DATA PRESENT FOR WHITE


           Covariance Coverage
              M2            LC2           SE2           OPT2          PLIFE2
              ________      ________      ________      ________      ________
 M2             0.992
 LC2            0.989         0.992
 SE2            0.987         0.987         0.992
 OPT2           0.986         0.986         0.986         0.993
 PLIFE2         0.989         0.989         0.989         0.988         0.993
 CON3           0.987         0.987         0.988         0.986         0.989
 EXT4           0.979         0.978         0.979         0.978         0.981
 FAMS2          0.984         0.984         0.984         0.984         0.985
 FRIS2          0.979         0.978         0.979         0.979         0.980
 SPOS3          0.753         0.752         0.752         0.752         0.753
 SI2            0.977         0.977         0.978         0.978         0.978
 SI1            0.978         0.978         0.979         0.980         0.980


           Covariance Coverage
              CON3          EXT4          FAMS2         FRIS2         SPOS3
              ________      ________      ________      ________      ________
 CON3           0.992
 EXT4           0.982         0.984
 FAMS2          0.984         0.976         0.991
 FRIS2          0.979         0.970         0.983         0.986
 SPOS3          0.753         0.747         0.755         0.751         0.757
 SI2            0.977         0.969         0.981         0.976         0.748
 SI1            0.979         0.971         0.982         0.977         0.750


           Covariance Coverage
              SI2           SI1
              ________      ________
 SI2            0.984
 SI1            0.981         0.986


     PROPORTION OF DATA PRESENT FOR AA


           Covariance Coverage
              M2            LC2           SE2           OPT2          PLIFE2
              ________      ________      ________      ________      ________
 M2             0.721
 LC2            0.718         0.721
 SE2            0.714         0.712         0.716
 OPT2           0.703         0.701         0.700         0.711
 PLIFE2         0.710         0.710         0.707         0.697         0.716
 CON3           0.715         0.715         0.712         0.703         0.710
 EXT4           0.705         0.705         0.701         0.692         0.700
 FAMS2          0.708         0.708         0.705         0.700         0.705
 FRIS2          0.689         0.689         0.686         0.679         0.687
 SPOS3          0.299         0.299         0.299         0.299         0.299
 SI2            0.710         0.708         0.707         0.703         0.705
 SI1            0.705         0.704         0.701         0.696         0.701


           Covariance Coverage
              CON3          EXT4          FAMS2         FRIS2         SPOS3
              ________      ________      ________      ________      ________
 CON3           0.719
 EXT4           0.707         0.710
 FAMS2          0.708         0.697         0.986
 FRIS2          0.689         0.679         0.957         0.963
 SPOS3          0.300         0.297         0.400         0.394         0.405
 SI2            0.710         0.698         0.710         0.689         0.304
 SI1            0.704         0.694         0.703         0.683         0.302


           Covariance Coverage
              SI2           SI1
              ________      ________
 SI2            0.719
 SI1            0.711         0.714


UNIVARIATE PROPORTIONS AND COUNTS FOR CATEGORICAL VARIABLES

  Group WHITE
    M2
      Category 1    0.385     1046.000
      Category 2    0.387     1050.000
      Category 3    0.135      366.000
      Category 4    0.045      123.000
      Category 5    0.020       54.000
      Category 6    0.020       54.000
      Category 7    0.008       22.000
    LC2
      Category 1    0.019       52.000
      Category 2    0.067      181.000
      Category 3    0.127      345.000
      Category 4    0.063      172.000
      Category 5    0.091      248.000
      Category 6    0.248      674.000
      Category 7    0.384     1043.000
    SE2
      Category 1    0.393     1068.000
      Category 2    0.372     1009.000
      Category 3    0.135      367.000
      Category 4    0.034       92.000
      Category 5    0.034       93.000
      Category 6    0.023       63.000
      Category 7    0.009       24.000
    OPT2
      Category 1    0.310      842.000
      Category 2    0.436     1184.000
      Category 3    0.120      326.000
      Category 4    0.112      305.000
      Category 5    0.022       61.000
    PLIFE2
      Category 1    0.360      978.000
      Category 2    0.361      982.000
      Category 3    0.121      329.000
      Category 4    0.078      213.000
      Category 5    0.032       86.000
      Category 6    0.036       97.000
      Category 7    0.013       35.000
    CON3
      Category 1    0.683     1856.000
      Category 2    0.253      688.000
      Category 3    0.052      142.000
      Category 4    0.011       31.000
    EXT4
      Category 1    0.369      995.000
      Category 2    0.423     1139.000
      Category 3    0.181      488.000
      Category 4    0.026       71.000
    FAMS2
      Category 1    0.467     1267.000
      Category 2    0.402     1092.000
      Category 3    0.105      284.000
      Category 4    0.026       71.000
    FRIS2
      Category 1    0.352      950.000
      Category 2    0.480     1295.000
      Category 3    0.151      407.000
      Category 4    0.017       47.000
    SPOS3
      Category 1    0.696     1442.000
      Category 2    0.230      477.000
      Category 3    0.059      123.000
      Category 4    0.015       31.000
    SI2
      Category 1    0.110      296.000
      Category 2    0.256      691.000
      Category 3    0.237      639.000
      Category 4    0.183      494.000
      Category 5    0.088      237.000
      Category 6    0.085      229.000
      Category 7    0.040      109.000
    SI1
      Category 1    0.025       68.000
      Category 2    0.066      177.000
      Category 3    0.099      268.000
      Category 4    0.149      401.000
      Category 5    0.096      259.000
      Category 6    0.213      576.000
      Category 7    0.352      950.000

  Group AA
    M2
      Category 1    0.520      271.000
      Category 2    0.286      149.000
      Category 3    0.090       47.000
      Category 4    0.046       24.000
      Category 5    0.017        9.000
      Category 6    0.019       10.000
      Category 7    0.021       11.000
    LC2
      Category 1    0.073       38.000
      Category 2    0.106       55.000
      Category 3    0.119       62.000
      Category 4    0.104       54.000
      Category 5    0.067       35.000
      Category 6    0.182       95.000
      Category 7    0.349      182.000
    SE2
      Category 1    0.639      331.000
      Category 2    0.208      108.000
      Category 3    0.066       34.000
      Category 4    0.035       18.000
      Category 5    0.017        9.000
      Category 6    0.015        8.000
      Category 7    0.019       10.000
    OPT2
      Category 1    0.403      207.000
      Category 2    0.368      189.000
      Category 3    0.134       69.000
      Category 4    0.060       31.000
      Category 5    0.035       18.000
    PLIFE2
      Category 1    0.527      273.000
      Category 2    0.263      136.000
      Category 3    0.075       39.000
      Category 4    0.046       24.000
      Category 5    0.017        9.000
      Category 6    0.025       13.000
      Category 7    0.046       24.000
    CON3
      Category 1    0.735      382.000
      Category 2    0.175       91.000
      Category 3    0.069       36.000
      Category 4    0.021       11.000
    EXT4
      Category 1    0.415      213.000
      Category 2    0.380      195.000
      Category 3    0.164       84.000
      Category 4    0.041       21.000
    FAMS2
      Category 1    0.505      360.000
      Category 2    0.323      230.000
      Category 3    0.126       90.000
      Category 4    0.046       33.000
    FRIS2
      Category 1    0.409      285.000
      Category 2    0.355      247.000
      Category 3    0.158      110.000
      Category 4    0.078       54.000
    SPOS3
      Category 1    0.751      220.000
      Category 2    0.167       49.000
      Category 3    0.058       17.000
      Category 4    0.024        7.000
    SI2
      Category 1    0.113       59.000
      Category 2    0.221      115.000
      Category 3    0.196      102.000
      Category 4    0.229      119.000
      Category 5    0.071       37.000
      Category 6    0.087       45.000
      Category 7    0.083       43.000
    SI1
      Category 1    0.054       28.000
      Category 2    0.078       40.000
      Category 3    0.076       39.000
      Category 4    0.223      115.000
      Category 5    0.058       30.000
      Category 6    0.124       64.000
      Category 7    0.388      200.000



THE MODEL ESTIMATION TERMINATED NORMALLY



MODEL FIT INFORMATION

Number of Free Parameters                       83

Chi-Square Test of Model Fit

          Value                            896.866*
          Degrees of Freedom                   159
          P-Value                           0.0000

Chi-Square Contribution From Each Group

          WHITE                            488.186
          AA                               408.680

*   The chi-square value for MLM, MLMV, MLR, ULSMV, WLSM and WLSMV cannot be used
    for chi-square difference testing in the regular way.  MLM, MLR and WLSM
    chi-square difference testing is described on the Mplus website.  MLMV, WLSMV,
    and ULSMV difference testing is done using the DIFFTEST option.

RMSEA (Root Mean Square Error Of Approximation)

          Estimate                           0.052
          90 Percent C.I.                    0.049  0.055
          Probability RMSEA <= .05           0.183

CFI/TLI

          CFI                                0.961
          TLI                                0.967

Chi-Square Test of Model Fit for the Baseline Model

          Value                          18926.135
          Degrees of Freedom                   132
          P-Value                           0.0000

WRMR (Weighted Root Mean Square Residual)

          Value                              2.725



MODEL RESULTS

                                                    Two-Tailed
                    Estimate       S.E.  Est./S.E.    P-Value

Group WHITE

 PR       BY
    M2                 0.655      0.013     50.428      0.000
    LC2               -0.705      0.012    -57.256      0.000
    SE2                0.848      0.009     96.894      0.000
    OPT2               0.674      0.013     52.523      0.000
    PLIFE2             0.729      0.012     60.988      0.000
    CON3               0.480      0.020     24.006      0.000
    EXT4               0.612      0.015     41.643      0.000

 SR       BY
    FAMS2              0.585      0.018     31.716      0.000
    FRIS2              0.607      0.017     35.466      0.000
    SPOS3              0.451      0.029     15.430      0.000
    SI2                0.653      0.015     44.605      0.000
    SI1               -0.705      0.015    -46.228      0.000

 PR       WITH
    SR                 0.669      0.016     42.228      0.000

 Means
    PR                 0.000      0.000    999.000    999.000
    SR                 0.000      0.000    999.000    999.000

 Thresholds
    M2$1              -0.263      0.023    -11.188      0.000
    M2$2               0.754      0.026     29.471      0.000
    M2$3               1.311      0.032     40.959      0.000
    M2$4               1.656      0.039     42.277      0.000
    M2$5               1.891      0.046     40.798      0.000
    M2$6               2.331      0.069     33.780      0.000
    LC2$1             -2.064      0.053    -38.690      0.000
    LC2$2             -1.352      0.033    -40.787      0.000
    LC2$3             -0.783      0.026    -29.701      0.000
    LC2$4             -0.562      0.025    -22.439      0.000
    LC2$5             -0.308      0.024    -12.834      0.000
    LC2$6              0.328      0.024     13.699      0.000
    SE2$1             -0.201      0.024     -8.493      0.000
    SE2$2              0.739      0.026     28.879      0.000
    SE2$3              1.267      0.031     40.360      0.000
    SE2$4              1.497      0.036     42.108      0.000
    SE2$5              1.818      0.044     41.158      0.000
    SE2$6              2.255      0.066     34.204      0.000
    OPT2$1            -0.487      0.024    -19.908      0.000
    OPT2$2             0.665      0.025     26.349      0.000
    OPT2$3             1.130      0.029     38.543      0.000
    OPT2$4             1.991      0.050     39.749      0.000
    PLIFE2$1          -0.322      0.024    -13.560      0.000
    PLIFE2$2           0.605      0.025     24.483      0.000
    PLIFE2$3           1.013      0.028     36.275      0.000
    PLIFE2$4           1.401      0.033     41.861      0.000
    PLIFE2$5           1.636      0.039     42.339      0.000
    PLIFE2$6           2.104      0.057     36.816      0.000
    CON3$1             0.487      0.024     20.596      0.000
    CON3$2             1.484      0.036     41.089      0.000
    CON3$3             2.221      0.064     34.583      0.000
    EXT4$1            -0.337      0.024    -14.243      0.000
    EXT4$2             0.805      0.026     30.894      0.000
    EXT4$3             1.896      0.048     39.652      0.000
    FAMS2$1           -0.062      0.023     -2.689      0.007
    FAMS2$2            1.128      0.029     38.557      0.000
    FAMS2$3            1.959      0.048     40.770      0.000
    FRIS2$1           -0.365      0.024    -15.265      0.000
    FRIS2$2            0.967      0.027     35.188      0.000
    FRIS2$3            2.063      0.055     37.623      0.000
    SPOS3$1            0.534      0.028     19.406      0.000
    SPOS3$2            1.440      0.040     36.008      0.000
    SPOS3$3            2.141      0.068     31.526      0.000
    SI2$1             -1.248      0.031    -39.946      0.000
    SI2$2             -0.357      0.024    -14.908      0.000
    SI2$3              0.246      0.024     10.433      0.000
    SI2$4              0.806      0.026     30.807      0.000
    SI2$5              1.153      0.030     38.832      0.000
    SI2$6              1.737      0.041     42.309      0.000
    SI1$1             -1.946      0.048    -40.655      0.000
    SI1$2             -1.337      0.032    -41.216      0.000
    SI1$3             -0.892      0.027    -33.162      0.000
    SI1$4             -0.394      0.024    -16.413      0.000
    SI1$5             -0.154      0.023     -6.566      0.000
    SI1$6              0.368      0.024     15.250      0.000

 Variances
    PR                 1.000      0.000    999.000    999.000
    SR                 1.000      0.000    999.000    999.000

 Scales
    M2                 1.000      0.000    999.000    999.000
    LC2                1.000      0.000    999.000    999.000
    SE2                1.000      0.000    999.000    999.000
    OPT2               1.000      0.000    999.000    999.000
    PLIFE2             1.000      0.000    999.000    999.000
    CON3               1.000      0.000    999.000    999.000
    EXT4               1.000      0.000    999.000    999.000
    FAMS2              1.000      0.000    999.000    999.000
    FRIS2              1.000      0.000    999.000    999.000
    SPOS3              1.000      0.000    999.000    999.000
    SI2                1.000      0.000    999.000    999.000
    SI1                1.000      0.000    999.000    999.000

Group AA

 PR       BY
    M2                 0.655      0.013     50.428      0.000
    LC2               -0.705      0.012    -57.256      0.000
    SE2                0.848      0.009     96.894      0.000
    OPT2               0.674      0.013     52.523      0.000
    PLIFE2             0.729      0.012     60.988      0.000
    CON3               0.480      0.020     24.006      0.000
    EXT4               0.612      0.015     41.643      0.000

 SR       BY
    FAMS2              0.585      0.018     31.716      0.000
    FRIS2              0.607      0.017     35.466      0.000
    SPOS3              0.451      0.029     15.430      0.000
    SI2                0.653      0.015     44.605      0.000
    SI1               -0.705      0.015    -46.228      0.000

 PR       WITH
    SR                 0.701      0.057     12.241      0.000

 Means
    PR                -0.214      0.065     -3.281      0.001
    SR                 0.065      0.061      1.070      0.285

 Thresholds
    M2$1              -0.263      0.023    -11.188      0.000
    M2$2               0.754      0.026     29.471      0.000
    M2$3               1.311      0.032     40.959      0.000
    M2$4               1.656      0.039     42.277      0.000
    M2$5               1.891      0.046     40.798      0.000
    M2$6               2.331      0.069     33.780      0.000
    LC2$1             -2.064      0.053    -38.690      0.000
    LC2$2             -1.352      0.033    -40.787      0.000
    LC2$3             -0.783      0.026    -29.701      0.000
    LC2$4             -0.562      0.025    -22.439      0.000
    LC2$5             -0.308      0.024    -12.834      0.000
    LC2$6              0.328      0.024     13.699      0.000
    SE2$1             -0.201      0.024     -8.493      0.000
    SE2$2              0.739      0.026     28.879      0.000
    SE2$3              1.267      0.031     40.360      0.000
    SE2$4              1.497      0.036     42.108      0.000
    SE2$5              1.818      0.044     41.158      0.000
    SE2$6              2.255      0.066     34.204      0.000
    OPT2$1            -0.487      0.024    -19.908      0.000
    OPT2$2             0.665      0.025     26.349      0.000
    OPT2$3             1.130      0.029     38.543      0.000
    OPT2$4             1.991      0.050     39.749      0.000
    PLIFE2$1          -0.322      0.024    -13.560      0.000
    PLIFE2$2           0.605      0.025     24.483      0.000
    PLIFE2$3           1.013      0.028     36.275      0.000
    PLIFE2$4           1.401      0.033     41.861      0.000
    PLIFE2$5           1.636      0.039     42.339      0.000
    PLIFE2$6           2.104      0.057     36.816      0.000
    CON3$1             0.487      0.024     20.596      0.000
    CON3$2             1.484      0.036     41.089      0.000
    CON3$3             2.221      0.064     34.583      0.000
    EXT4$1            -0.337      0.024    -14.243      0.000
    EXT4$2             0.805      0.026     30.894      0.000
    EXT4$3             1.896      0.048     39.652      0.000
    FAMS2$1           -0.062      0.023     -2.689      0.007
    FAMS2$2            1.128      0.029     38.557      0.000
    FAMS2$3            1.959      0.048     40.770      0.000
    FRIS2$1           -0.365      0.024    -15.265      0.000
    FRIS2$2            0.967      0.027     35.188      0.000
    FRIS2$3            2.063      0.055     37.623      0.000
    SPOS3$1            0.534      0.028     19.406      0.000
    SPOS3$2            1.440      0.040     36.008      0.000
    SPOS3$3            2.141      0.068     31.526      0.000
    SI2$1             -1.248      0.031    -39.946      0.000
    SI2$2             -0.357      0.024    -14.908      0.000
    SI2$3              0.246      0.024     10.433      0.000
    SI2$4              0.806      0.026     30.807      0.000
    SI2$5              1.153      0.030     38.832      0.000
    SI2$6              1.737      0.041     42.309      0.000
    SI1$1             -1.946      0.048    -40.655      0.000
    SI1$2             -1.337      0.032    -41.216      0.000
    SI1$3             -0.892      0.027    -33.162      0.000
    SI1$4             -0.394      0.024    -16.413      0.000
    SI1$5             -0.154      0.023     -6.566      0.000
    SI1$6              0.368      0.024     15.250      0.000

 Variances
    PR                 1.000      0.000    999.000    999.000
    SR                 1.000      0.000    999.000    999.000

 Scales
    M2                 0.906      0.030     30.034      0.000
    LC2                0.667      0.031     21.683      0.000
    SE2                0.992      0.023     43.666      0.000
    OPT2               0.879      0.035     25.152      0.000
    PLIFE2             0.879      0.029     30.551      0.000
    CON3               0.957      0.042     22.836      0.000
    EXT4               0.943      0.038     24.796      0.000
    FAMS2              0.845      0.037     22.980      0.000
    FRIS2              0.747      0.030     25.063      0.000
    SPOS3              1.009      0.068     14.828      0.000
    SI2                0.839      0.030     27.560      0.000
    SI1                0.864      0.035     24.628      0.000


STANDARDIZED MODEL RESULTS


STDYX Standardization

                                                    Two-Tailed
                    Estimate       S.E.  Est./S.E.    P-Value

Group WHITE

 PR       BY
    M2                 0.655      0.013     50.428      0.000
    LC2               -0.705      0.012    -57.256      0.000
    SE2                0.848      0.009     96.894      0.000
    OPT2               0.674      0.013     52.523      0.000
    PLIFE2             0.729      0.012     60.988      0.000
    CON3               0.480      0.020     24.006      0.000
    EXT4               0.612      0.015     41.643      0.000

 SR       BY
    FAMS2              0.585      0.018     31.716      0.000
    FRIS2              0.607      0.017     35.466      0.000
    SPOS3              0.451      0.029     15.430      0.000
    SI2                0.653      0.015     44.605      0.000
    SI1               -0.705      0.015    -46.228      0.000

 PR       WITH
    SR                 0.669      0.016     42.228      0.000

 Means
    PR                 0.000      0.000    999.000    999.000
    SR                 0.000      0.000    999.000    999.000

 Thresholds
    M2$1              -0.263      0.023    -11.188      0.000
    M2$2               0.754      0.026     29.471      0.000
    M2$3               1.311      0.032     40.959      0.000
    M2$4               1.656      0.039     42.277      0.000
    M2$5               1.891      0.046     40.798      0.000
    M2$6               2.331      0.069     33.780      0.000
    LC2$1             -2.064      0.053    -38.690      0.000
    LC2$2             -1.352      0.033    -40.787      0.000
    LC2$3             -0.783      0.026    -29.701      0.000
    LC2$4             -0.562      0.025    -22.439      0.000
    LC2$5             -0.308      0.024    -12.834      0.000
    LC2$6              0.328      0.024     13.699      0.000
    SE2$1             -0.201      0.024     -8.493      0.000
    SE2$2              0.739      0.026     28.879      0.000
    SE2$3              1.267      0.031     40.360      0.000
    SE2$4              1.497      0.036     42.108      0.000
    SE2$5              1.818      0.044     41.158      0.000
    SE2$6              2.255      0.066     34.204      0.000
    OPT2$1            -0.487      0.024    -19.908      0.000
    OPT2$2             0.665      0.025     26.349      0.000
    OPT2$3             1.130      0.029     38.543      0.000
    OPT2$4             1.991      0.050     39.749      0.000
    PLIFE2$1          -0.322      0.024    -13.560      0.000
    PLIFE2$2           0.605      0.025     24.483      0.000
    PLIFE2$3           1.013      0.028     36.275      0.000
    PLIFE2$4           1.401      0.033     41.861      0.000
    PLIFE2$5           1.636      0.039     42.339      0.000
    PLIFE2$6           2.104      0.057     36.816      0.000
    CON3$1             0.487      0.024     20.596      0.000
    CON3$2             1.484      0.036     41.089      0.000
    CON3$3             2.221      0.064     34.583      0.000
    EXT4$1            -0.337      0.024    -14.243      0.000
    EXT4$2             0.805      0.026     30.894      0.000
    EXT4$3             1.896      0.048     39.652      0.000
    FAMS2$1           -0.062      0.023     -2.689      0.007
    FAMS2$2            1.128      0.029     38.557      0.000
    FAMS2$3            1.959      0.048     40.770      0.000
    FRIS2$1           -0.365      0.024    -15.265      0.000
    FRIS2$2            0.967      0.027     35.188      0.000
    FRIS2$3            2.063      0.055     37.623      0.000
    SPOS3$1            0.534      0.028     19.406      0.000
    SPOS3$2            1.440      0.040     36.008      0.000
    SPOS3$3            2.141      0.068     31.526      0.000
    SI2$1             -1.248      0.031    -39.946      0.000
    SI2$2             -0.357      0.024    -14.908      0.000
    SI2$3              0.246      0.024     10.433      0.000
    SI2$4              0.806      0.026     30.807      0.000
    SI2$5              1.153      0.030     38.832      0.000
    SI2$6              1.737      0.041     42.309      0.000
    SI1$1             -1.946      0.048    -40.655      0.000
    SI1$2             -1.337      0.032    -41.216      0.000
    SI1$3             -0.892      0.027    -33.162      0.000
    SI1$4             -0.394      0.024    -16.413      0.000
    SI1$5             -0.154      0.023     -6.566      0.000
    SI1$6              0.368      0.024     15.250      0.000

 Variances
    PR                 1.000      0.000    999.000    999.000
    SR                 1.000      0.000    999.000    999.000

 Scales
    M2                 1.000      0.000      0.000      1.000
    LC2                1.000      0.000      0.000      1.000
    SE2                1.000      0.000      0.000      1.000
    OPT2               1.000      0.000      0.000      1.000
    PLIFE2             1.000      0.000      0.000      1.000
    CON3               1.000      0.000      0.000      1.000
    EXT4               1.000      0.000      0.000      1.000
    FAMS2              1.000      0.000      0.000      1.000
    FRIS2              1.000      0.000      0.000      1.000
    SPOS3              1.000      0.000      0.000      1.000
    SI2                1.000      0.000      0.000      1.000
    SI1                1.000      0.000      0.000      1.000

Group AA

 PR       BY
    M2                 0.593      0.021     27.621      0.000
    LC2               -0.470      0.022    -21.036      0.000
    SE2                0.842      0.020     42.920      0.000
    OPT2               0.592      0.024     24.225      0.000
    PLIFE2             0.640      0.022     29.269      0.000
    CON3               0.459      0.025     18.189      0.000
    EXT4               0.577      0.024     23.678      0.000

 SR       BY
    FAMS2              0.494      0.026     19.370      0.000
    FRIS2              0.453      0.022     20.959      0.000
    SPOS3              0.455      0.041     11.111      0.000
    SI2                0.548      0.023     23.827      0.000
    SI1               -0.609      0.027    -22.392      0.000

 PR       WITH
    SR                 0.701      0.057     12.241      0.000

 Means
    PR                -0.214      0.065     -3.281      0.001
    SR                 0.065      0.061      1.070      0.285

 Thresholds
    M2$1              -0.238      0.022    -10.854      0.000
    M2$2               0.683      0.031     22.117      0.000
    M2$3               1.188      0.044     26.779      0.000
    M2$4               1.500      0.055     27.377      0.000
    M2$5               1.713      0.063     27.283      0.000
    M2$6               2.112      0.084     25.288      0.000
    LC2$1             -1.377      0.064    -21.465      0.000
    LC2$2             -0.902      0.044    -20.459      0.000
    LC2$3             -0.522      0.029    -18.038      0.000
    LC2$4             -0.375      0.024    -15.875      0.000
    LC2$5             -0.206      0.019    -11.011      0.000
    LC2$6              0.219      0.018     12.132      0.000
    SE2$1             -0.200      0.023     -8.503      0.000
    SE2$2              0.733      0.030     24.724      0.000
    SE2$3              1.258      0.040     31.673      0.000
    SE2$4              1.486      0.045     32.975      0.000
    SE2$5              1.804      0.054     33.285      0.000
    SE2$6              2.237      0.075     29.779      0.000
    OPT2$1            -0.428      0.025    -17.052      0.000
    OPT2$2             0.584      0.031     18.946      0.000
    OPT2$3             0.993      0.044     22.372      0.000
    OPT2$4             1.750      0.074     23.575      0.000
    PLIFE2$1          -0.283      0.022    -12.991      0.000
    PLIFE2$2           0.532      0.027     19.539      0.000
    PLIFE2$3           0.890      0.036     24.650      0.000
    PLIFE2$4           1.231      0.046     26.699      0.000
    PLIFE2$5           1.438      0.053     27.157      0.000
    PLIFE2$6           1.849      0.069     26.903      0.000
    CON3$1             0.466      0.029     16.144      0.000
    CON3$2             1.420      0.060     23.478      0.000
    CON3$3             2.126      0.092     23.023      0.000
    EXT4$1            -0.318      0.024    -13.210      0.000
    EXT4$2             0.759      0.036     20.828      0.000
    EXT4$3             1.787      0.074     24.200      0.000
    FAMS2$1           -0.052      0.019     -2.700      0.007
    FAMS2$2            0.953      0.043     22.310      0.000
    FAMS2$3            1.655      0.070     23.778      0.000
    FRIS2$1           -0.273      0.020    -13.925      0.000
    FRIS2$2            0.722      0.032     22.257      0.000
    FRIS2$3            1.541      0.058     26.363      0.000
    SPOS3$1            0.539      0.043     12.413      0.000
    SPOS3$2            1.453      0.095     15.315      0.000
    SPOS3$3            2.160      0.141     15.360      0.000
    SI2$1             -1.047      0.042    -25.213      0.000
    SI2$2             -0.299      0.022    -13.580      0.000
    SI2$3              0.207      0.021      9.868      0.000
    SI2$4              0.676      0.031     21.731      0.000
    SI2$5              0.967      0.040     24.434      0.000
    SI2$6              1.457      0.056     25.985      0.000
    SI1$1             -1.681      0.071    -23.743      0.000
    SI1$2             -1.154      0.050    -23.096      0.000
    SI1$3             -0.770      0.037    -20.889      0.000
    SI1$4             -0.341      0.024    -13.976      0.000
    SI1$5             -0.133      0.021     -6.314      0.000
    SI1$6              0.318      0.023     13.981      0.000

 Variances
    PR                 1.000      0.000    999.000    999.000
    SR                 1.000      0.000    999.000    999.000

 Scales
    M2                 1.000      0.000      0.000      1.000
    LC2                1.000      0.000      0.000      1.000
    SE2                1.000      0.000      0.000      1.000
    OPT2               1.000      0.000      0.000      1.000
    PLIFE2             1.000      0.000      0.000      1.000
    CON3               1.000      0.000      0.000      1.000
    EXT4               1.000      0.000      0.000      1.000
    FAMS2              1.000      0.000      0.000      1.000
    FRIS2              1.000      0.000      0.000      1.000
    SPOS3              1.000      0.000      0.000      1.000
    SI2                1.000      0.000      0.000      1.000
    SI1                1.000      0.000      0.000      1.000


R-SQUARE

Group WHITE

    Observed                                        Two-Tailed   Residual
    Variable        Estimate       S.E.  Est./S.E.    P-Value    Variance

    M2                 0.429      0.017     25.214      0.000      0.571
    LC2                0.497      0.017     28.628      0.000      0.503
    SE2                0.720      0.015     48.447      0.000      0.280
    OPT2               0.454      0.017     26.262      0.000      0.546
    PLIFE2             0.531      0.017     30.494      0.000      0.469
    CON3               0.230      0.019     12.003      0.000      0.770
    EXT4               0.374      0.018     20.822      0.000      0.626
    FAMS2              0.342      0.022     15.858      0.000      0.658
    FRIS2              0.368      0.021     17.733      0.000      0.632
    SPOS3              0.203      0.026      7.715      0.000      0.797
    SI2                0.426      0.019     22.302      0.000      0.574
    SI1                0.497      0.022     23.114      0.000      0.503

Group AA

    Observed                                        Two-Tailed   Residual
    Variable        Estimate       S.E.  Est./S.E.    P-Value    Variance

    M2                 0.352      0.025     13.810      0.000      0.790
    LC2                0.221      0.021     10.518      0.000      1.750
    SE2                0.709      0.033     21.460      0.000      0.296
    OPT2               0.350      0.029     12.113      0.000      0.841
    PLIFE2             0.410      0.028     14.635      0.000      0.764
    CON3               0.211      0.023      9.094      0.000      0.861
    EXT4               0.333      0.028     11.839      0.000      0.751
    FAMS2              0.244      0.025      9.685      0.000      1.059
    FRIS2              0.205      0.020     10.479      0.000      1.425
    SPOS3              0.207      0.037      5.556      0.000      0.779
    SI2                0.300      0.025     11.913      0.000      0.995
    SI1                0.371      0.033     11.196      0.000      0.844


QUALITY OF NUMERICAL RESULTS

     Condition Number for the Information Matrix              0.732E-02
       (ratio of smallest to largest eigenvalue)


PLOT INFORMATION

The following plots are available:

  Sample proportions and estimated probabilities
  Item characteristic curves
  Information curves
  Measurement parameter plots

     Beginning Time:  14:24:50
        Ending Time:  14:24:51
       Elapsed Time:  00:00:01



MUTHEN & MUTHEN
3463 Stoner Ave.
Los Angeles, CA  90066

Tel: (310) 391-9971
Fax: (310) 391-8971
Web: www.StatModel.com
Support: Support@StatModel.com

Copyright (c) 1998-2014 Muthen & Muthen
