Mplus VERSION 7.3
MUTHEN & MUTHEN
02/15/2016  12:19 AM

INPUT INSTRUCTIONS

  DATA:
  FILE = "MIDUS_PSR_cfa2c2s.dat";

  VARIABLE:
  NAMES = M2ID M2FAMNUM M1 M2 M3 M4 LC1 LC2 LC3 LC4 LC5 LC6 LC7 LC8 SE1 SE2 SE3 SE4
       SE5 SE6 SE7 Opt1 Opt2 Opt3 Pess1 Pess2 Pess3 PLife1 PLife2 PLife3 PLife4 PLife5
       PLife6 PLife7 Ctrl1 Ctrl2 Ctrl3 Con1 Con2 Con3 Con4 Con5 Ext1 Ext2 Ext3 Ext4
       Ext5 FamS1 FamS2 FamS3 FamS4 FriS1 FriS2 FriS3 FriS4 SpoS1 SpoS2 SpoS3 SpoS4
       SpoS5 SpoS6 SI1 SI2 SI3 AGE;
   MISSING=.;

  USEVARIABLES ARE
   M2 LC2 SE2 Opt2 PLife2 Con3 Ext4
   FamS2 FriS2 SpoS3 SI2;

  CATEGORICAL ARE
   M2 LC2 SE2 Opt2 PLife2 Con3 Ext4
   FamS2 FriS2 SpoS3 SI2;

  IDVARIABLE = M2ID;
  !CLUSTER = M2FAMNUM;

  ANALYSIS:

    !TYPE = COMPLEX;
    ESTIMATOR = WLSMV;
    PROCESSORS = 2;
  MODEL:

   PR@1;
   PR BY M2*1 LC2*-1 SE2* Opt2* PLife2*1 Con3*1 Ext4*
   !;
   !SR@1;
   !SR BY
   FamS2*1 FriS2*1 SpoS3*1 SI2*1;

   !PR WITH SR*;

  OUTPUT:
  STDYX;
  PLOT:
  TYPE IS PLOT2;



INPUT READING TERMINATED NORMALLY




SUMMARY OF ANALYSIS

Number of groups                                                 1
Number of observations                                        3621

Number of dependent variables                                   11
Number of independent variables                                  0
Number of continuous latent variables                            1

Observed dependent variables

  Binary and ordered categorical (ordinal)
   M2          LC2         SE2         OPT2        PLIFE2      CON3
   EXT4        FAMS2       FRIS2       SPOS3       SI2

Continuous latent variables
   PR

Variables with special functions

  ID variable           M2ID

Estimator                                                    WLSMV
Maximum number of iterations                                  1000
Convergence criterion                                    0.500D-04
Maximum number of steepest descent iterations                   20
Maximum number of iterations for H1                           2000
Convergence criterion for H1                             0.100D-03
Parameterization                                             DELTA

Input data file(s)
  MIDUS_PSR_cfa2c2s.dat

Input data format  FREE


SUMMARY OF DATA

     Number of missing data patterns            65


COVARIANCE COVERAGE OF DATA

Minimum covariance coverage value   0.100


     PROPORTION OF DATA PRESENT


           Covariance Coverage
              M2            LC2           SE2           OPT2          PLIFE2
              ________      ________      ________      ________      ________
 M2             0.937
 LC2            0.935         0.937
 SE2            0.932         0.932         0.937
 OPT2           0.929         0.929         0.929         0.936
 PLIFE2         0.933         0.933         0.932         0.930         0.938
 CON3           0.932         0.932         0.932         0.929         0.933
 EXT4           0.922         0.922         0.922         0.919         0.924
 FAMS2          0.929         0.929         0.928         0.928         0.930
 FRIS2          0.921         0.921         0.920         0.920         0.922
 SPOS3          0.659         0.658         0.658         0.659         0.659
 SI2            0.923         0.923         0.924         0.923         0.924


           Covariance Coverage
              CON3          EXT4          FAMS2         FRIS2         SPOS3
              ________      ________      ________      ________      ________
 CON3           0.937
 EXT4           0.926         0.928
 FAMS2          0.929         0.919         0.991
 FRIS2          0.921         0.911         0.978         0.981
 SPOS3          0.659         0.653         0.681         0.676         0.684
 SI2            0.924         0.914         0.927         0.919         0.656


           Covariance Coverage
              SI2
              ________
 SI2            0.932


UNIVARIATE PROPORTIONS AND COUNTS FOR CATEGORICAL VARIABLES

    M2
      Category 1    0.406     1376.000
      Category 2    0.370     1256.000
      Category 3    0.127      430.000
      Category 4    0.047      160.000
      Category 5    0.020       67.000
      Category 6    0.020       69.000
      Category 7    0.010       35.000
    LC2
      Category 1    0.028       96.000
      Category 2    0.073      247.000
      Category 3    0.125      423.000
      Category 4    0.070      238.000
      Category 5    0.090      304.000
      Category 6    0.238      808.000
      Category 7    0.377     1278.000
    SE2
      Category 1    0.432     1464.000
      Category 2    0.344     1166.000
      Category 3    0.124      420.000
      Category 4    0.036      121.000
      Category 5    0.032      110.000
      Category 6    0.022       74.000
      Category 7    0.011       37.000
    OPT2
      Category 1    0.324     1100.000
      Category 2    0.425     1442.000
      Category 3    0.122      415.000
      Category 4    0.104      353.000
      Category 5    0.024       81.000
    PLIFE2
      Category 1    0.384     1305.000
      Category 2    0.344     1168.000
      Category 3    0.114      386.000
      Category 4    0.077      260.000
      Category 5    0.029      100.000
      Category 6    0.035      118.000
      Category 7    0.018       61.000
    CON3
      Category 1    0.688     2334.000
      Category 2    0.242      823.000
      Category 3    0.057      193.000
      Category 4    0.013       44.000
    EXT4
      Category 1    0.377     1266.000
      Category 2    0.414     1392.000
      Category 3    0.179      601.000
      Category 4    0.030      100.000
    FAMS2
      Category 1    0.471     1689.000
      Category 2    0.389     1395.000
      Category 3    0.109      392.000
      Category 4    0.031      111.000
    FRIS2
      Category 1    0.362     1287.000
      Category 2    0.455     1616.000
      Category 3    0.153      545.000
      Category 4    0.030      106.000
    SPOS3
      Category 1    0.698     1728.000
      Category 2    0.224      555.000
      Category 3    0.061      151.000
      Category 4    0.017       41.000
    SI2
      Category 1    0.109      369.000
      Category 2    0.248      838.000
      Category 3    0.230      776.000
      Category 4    0.193      652.000
      Category 5    0.086      290.000
      Category 6    0.085      288.000
      Category 7    0.047      160.000



THE MODEL ESTIMATION TERMINATED NORMALLY



MODEL FIT INFORMATION

Number of Free Parameters                       60

Chi-Square Test of Model Fit

          Value                           1065.223*
          Degrees of Freedom                    44
          P-Value                           0.0000

*   The chi-square value for MLM, MLMV, MLR, ULSMV, WLSM and WLSMV cannot be used
    for chi-square difference testing in the regular way.  MLM, MLR and WLSM
    chi-square difference testing is described on the Mplus website.  MLMV, WLSMV,
    and ULSMV difference testing is done using the DIFFTEST option.

RMSEA (Root Mean Square Error Of Approximation)

          Estimate                           0.080
          90 Percent C.I.                    0.076  0.084
          Probability RMSEA <= .05           0.000

CFI/TLI

          CFI                                0.939
          TLI                                0.924

Chi-Square Test of Model Fit for the Baseline Model

          Value                          16867.691
          Degrees of Freedom                    55
          P-Value                           0.0000

WRMR (Weighted Root Mean Square Residual)

          Value                              2.533



MODEL RESULTS

                                                    Two-Tailed
                    Estimate       S.E.  Est./S.E.    P-Value

 PR       BY
    M2                 0.645      0.012     53.172      0.000
    LC2               -0.640      0.012    -52.556      0.000
    SE2                0.836      0.009     98.033      0.000
    OPT2               0.656      0.012     53.900      0.000
    PLIFE2             0.703      0.011     63.011      0.000
    CON3               0.484      0.018     26.158      0.000
    EXT4               0.607      0.013     45.049      0.000
    FAMS2              0.458      0.017     26.991      0.000
    FRIS2              0.476      0.016     29.552      0.000
    SPOS3              0.399      0.026     15.525      0.000
    SI2                0.439      0.015     28.812      0.000

 Thresholds
    M2$1              -0.239      0.022    -10.994      0.000
    M2$2               0.758      0.024     31.682      0.000
    M2$3               1.296      0.030     43.837      0.000
    M2$4               1.641      0.036     45.350      0.000
    M2$5               1.871      0.043     43.800      0.000
    M2$6               2.315      0.063     36.542      0.000
    LC2$1             -1.907      0.044    -43.412      0.000
    LC2$2             -1.276      0.029    -43.602      0.000
    LC2$3             -0.753      0.024    -31.532      0.000
    LC2$4             -0.536      0.023    -23.657      0.000
    LC2$5             -0.291      0.022    -13.336      0.000
    LC2$6              0.315      0.022     14.361      0.000
    SE2$1             -0.172      0.022     -7.963      0.000
    SE2$2              0.757      0.024     31.637      0.000
    SE2$3              1.277      0.029     43.606      0.000
    SE2$4              1.513      0.033     45.351      0.000
    SE2$5              1.842      0.042     44.090      0.000
    SE2$6              2.294      0.062     36.972      0.000
    OPT2$1            -0.455      0.022    -20.375      0.000
    OPT2$2             0.673      0.023     28.783      0.000
    OPT2$3             1.136      0.027     41.437      0.000
    OPT2$4             1.979      0.047     42.462      0.000
    PLIFE2$1          -0.295      0.022    -13.499      0.000
    PLIFE2$2           0.606      0.023     26.354      0.000
    PLIFE2$3           1.000      0.026     38.610      0.000
    PLIFE2$4           1.391      0.031     44.781      0.000
    PLIFE2$5           1.619      0.036     45.430      0.000
    PLIFE2$6           2.098      0.052     40.682      0.000
    CON3$1             0.489      0.022     21.770      0.000
    CON3$2             1.477      0.033     45.249      0.000
    CON3$3             2.227      0.058     38.307      0.000
    EXT4$1            -0.314      0.022    -14.246      0.000
    EXT4$2             0.811      0.024     33.211      0.000
    EXT4$3             1.884      0.043     43.442      0.000
    FAMS2$1           -0.073      0.021     -3.489      0.000
    FAMS2$2            1.079      0.026     41.482      0.000
    FAMS2$3            1.867      0.041     45.081      0.000
    FRIS2$1           -0.353      0.022    -16.404      0.000
    FRIS2$2            0.903      0.024     36.934      0.000
    FRIS2$3            1.883      0.042     44.694      0.000
    SPOS3$1            0.519      0.026     19.617      0.000
    SPOS3$2            1.422      0.037     38.398      0.000
    SPOS3$3            2.130      0.062     34.243      0.000
    SI2$1             -1.230      0.029    -42.855      0.000
    SI2$2             -0.364      0.022    -16.475      0.000
    SI2$3              0.222      0.022     10.203      0.000
    SI2$4              0.776      0.024     32.187      0.000
    SI2$5              1.113      0.027     40.899      0.000
    SI2$6              1.670      0.037     45.125      0.000

 Variances
    PR                 1.000      0.000    999.000    999.000


STANDARDIZED MODEL RESULTS


STDYX Standardization

                                                    Two-Tailed
                    Estimate       S.E.  Est./S.E.    P-Value

 PR       BY
    M2                 0.645      0.012     53.172      0.000
    LC2               -0.640      0.012    -52.556      0.000
    SE2                0.836      0.009     98.033      0.000
    OPT2               0.656      0.012     53.900      0.000
    PLIFE2             0.703      0.011     63.011      0.000
    CON3               0.484      0.018     26.158      0.000
    EXT4               0.607      0.013     45.049      0.000
    FAMS2              0.458      0.017     26.991      0.000
    FRIS2              0.476      0.016     29.552      0.000
    SPOS3              0.399      0.026     15.525      0.000
    SI2                0.439      0.015     28.812      0.000

 Thresholds
    M2$1              -0.239      0.022    -10.994      0.000
    M2$2               0.758      0.024     31.682      0.000
    M2$3               1.296      0.030     43.837      0.000
    M2$4               1.641      0.036     45.350      0.000
    M2$5               1.871      0.043     43.800      0.000
    M2$6               2.315      0.063     36.542      0.000
    LC2$1             -1.907      0.044    -43.412      0.000
    LC2$2             -1.276      0.029    -43.602      0.000
    LC2$3             -0.753      0.024    -31.532      0.000
    LC2$4             -0.536      0.023    -23.657      0.000
    LC2$5             -0.291      0.022    -13.336      0.000
    LC2$6              0.315      0.022     14.361      0.000
    SE2$1             -0.172      0.022     -7.963      0.000
    SE2$2              0.757      0.024     31.637      0.000
    SE2$3              1.277      0.029     43.606      0.000
    SE2$4              1.513      0.033     45.351      0.000
    SE2$5              1.842      0.042     44.090      0.000
    SE2$6              2.294      0.062     36.972      0.000
    OPT2$1            -0.455      0.022    -20.375      0.000
    OPT2$2             0.673      0.023     28.783      0.000
    OPT2$3             1.136      0.027     41.437      0.000
    OPT2$4             1.979      0.047     42.462      0.000
    PLIFE2$1          -0.295      0.022    -13.499      0.000
    PLIFE2$2           0.606      0.023     26.354      0.000
    PLIFE2$3           1.000      0.026     38.610      0.000
    PLIFE2$4           1.391      0.031     44.781      0.000
    PLIFE2$5           1.619      0.036     45.430      0.000
    PLIFE2$6           2.098      0.052     40.682      0.000
    CON3$1             0.489      0.022     21.770      0.000
    CON3$2             1.477      0.033     45.249      0.000
    CON3$3             2.227      0.058     38.307      0.000
    EXT4$1            -0.314      0.022    -14.246      0.000
    EXT4$2             0.811      0.024     33.211      0.000
    EXT4$3             1.884      0.043     43.442      0.000
    FAMS2$1           -0.073      0.021     -3.489      0.000
    FAMS2$2            1.079      0.026     41.482      0.000
    FAMS2$3            1.867      0.041     45.081      0.000
    FRIS2$1           -0.353      0.022    -16.404      0.000
    FRIS2$2            0.903      0.024     36.934      0.000
    FRIS2$3            1.883      0.042     44.694      0.000
    SPOS3$1            0.519      0.026     19.617      0.000
    SPOS3$2            1.422      0.037     38.398      0.000
    SPOS3$3            2.130      0.062     34.243      0.000
    SI2$1             -1.230      0.029    -42.855      0.000
    SI2$2             -0.364      0.022    -16.475      0.000
    SI2$3              0.222      0.022     10.203      0.000
    SI2$4              0.776      0.024     32.187      0.000
    SI2$5              1.113      0.027     40.899      0.000
    SI2$6              1.670      0.037     45.125      0.000

 Variances
    PR                 1.000      0.000    999.000    999.000


R-SQUARE

    Observed                                        Two-Tailed   Residual
    Variable        Estimate       S.E.  Est./S.E.    P-Value    Variance

    M2                 0.416      0.016     26.586      0.000      0.584
    LC2                0.409      0.016     26.278      0.000      0.591
    SE2                0.699      0.014     49.016      0.000      0.301
    OPT2               0.430      0.016     26.950      0.000      0.570
    PLIFE2             0.494      0.016     31.506      0.000      0.506
    CON3               0.234      0.018     13.079      0.000      0.766
    EXT4               0.369      0.016     22.524      0.000      0.631
    FAMS2              0.210      0.016     13.496      0.000      0.790
    FRIS2              0.226      0.015     14.776      0.000      0.774
    SPOS3              0.159      0.021      7.762      0.000      0.841
    SI2                0.193      0.013     14.406      0.000      0.807


QUALITY OF NUMERICAL RESULTS

     Condition Number for the Information Matrix              0.990E-02
       (ratio of smallest to largest eigenvalue)


PLOT INFORMATION

The following plots are available:

  Sample proportions and estimated probabilities
  Item characteristic curves
  Information curves

     Beginning Time:  00:19:36
        Ending Time:  00:19:36
       Elapsed Time:  00:00:00



MUTHEN & MUTHEN
3463 Stoner Ave.
Los Angeles, CA  90066

Tel: (310) 391-9971
Fax: (310) 391-8971
Web: www.StatModel.com
Support: Support@StatModel.com

Copyright (c) 1998-2014 Muthen & Muthen
