Mplus VERSION 7.3
MUTHEN & MUTHEN
02/15/2016  11:26 PM

INPUT INSTRUCTIONS

  DATA:
  FILE = "MIDUS_PSR_cfa2c2sc.dat";

  VARIABLE:
  NAMES = M2ID M2FAMNUM M1 M2 M3 M4 LC1 LC2 LC3 LC4 LC5 LC6 LC7 LC8 SE1 SE2 SE3 SE4
       SE5 SE6 SE7 Opt1 Opt2 Opt3 Pess1 Pess2 Pess3 PLife1 PLife2 PLife3 PLife4 PLife5
       PLife6 PLife7 Ctrl1 Ctrl2 Ctrl3 Con1 Con2 Con3 Con4 Con5 Ext1 Ext2 Ext3 Ext4
       Ext5 FamS1 FamS2 FamS3 FamS4 FriS1 FriS2 FriS3 FriS4 SpoS1 SpoS2 SpoS3 SpoS4
       SpoS5 SpoS6 SI1 SI2 SI3 AGE SEX RACE;
   MISSING=.;

  USEVARIABLES ARE
   M2 LC2 SE2 Opt2 PLife2 Con3 Ext4
   FamS2 FriS2 SpoS3 SI2 SI1;
  CATEGORICAL ARE
   M2 LC2 SE2 Opt2 PLife2 Con3 Ext4
   FamS2 FriS2 SpoS3 SI2 SI1;

  IDVARIABLE = M2ID;

  ANALYSIS:

    ESTIMATOR = WLSMV;
    PROCESSORS = 2;
  MODEL:

   PR@1;
   PR BY M2*1 LC2*-1 SE2* Opt2* PLife2*1 Con3*1 Ext4*;
   SR@1;
   SR BY FamS2*1 FriS2 SpoS3 SI2 SI1;
   PR WITH SR*;

  OUTPUT:
  STDYX; CINTERVAL;
  SAVEDATA:

    FILE = MIDUS_PSR_cfa2c2sc_fscores.dat;
    SAVE = FSCORES;
  PLOT:
  TYPE IS PLOT2;



INPUT READING TERMINATED NORMALLY




SUMMARY OF ANALYSIS

Number of groups                                                 1
Number of observations                                        3621

Number of dependent variables                                   12
Number of independent variables                                  0
Number of continuous latent variables                            2

Observed dependent variables

  Binary and ordered categorical (ordinal)
   M2          LC2         SE2         OPT2        PLIFE2      CON3
   EXT4        FAMS2       FRIS2       SPOS3       SI2         SI1

Continuous latent variables
   PR          SR

Variables with special functions

  ID variable           M2ID

Estimator                                                    WLSMV
Maximum number of iterations                                  1000
Convergence criterion                                    0.500D-04
Maximum number of steepest descent iterations                   20
Maximum number of iterations for H1                           2000
Convergence criterion for H1                             0.100D-03
Parameterization                                             DELTA

Input data file(s)
  MIDUS_PSR_cfa2c2sc.dat

Input data format  FREE


SUMMARY OF DATA

     Number of missing data patterns            73


COVARIANCE COVERAGE OF DATA

Minimum covariance coverage value   0.100


     PROPORTION OF DATA PRESENT


           Covariance Coverage
              M2            LC2           SE2           OPT2          PLIFE2
              ________      ________      ________      ________      ________
 M2             0.937
 LC2            0.935         0.937
 SE2            0.932         0.932         0.937
 OPT2           0.929         0.929         0.929         0.936
 PLIFE2         0.933         0.933         0.932         0.930         0.938
 CON3           0.932         0.932         0.932         0.929         0.933
 EXT4           0.922         0.922         0.922         0.919         0.924
 FAMS2          0.929         0.929         0.928         0.928         0.930
 FRIS2          0.921         0.921         0.920         0.920         0.922
 SPOS3          0.659         0.658         0.658         0.659         0.659
 SI2            0.923         0.923         0.924         0.923         0.924
 SI1            0.924         0.924         0.924         0.924         0.925


           Covariance Coverage
              CON3          EXT4          FAMS2         FRIS2         SPOS3
              ________      ________      ________      ________      ________
 CON3           0.937
 EXT4           0.926         0.928
 FAMS2          0.929         0.919         0.991
 FRIS2          0.921         0.911         0.978         0.981
 SPOS3          0.659         0.653         0.681         0.676         0.684
 SI2            0.924         0.914         0.927         0.919         0.656
 SI1            0.924         0.915         0.927         0.919         0.658


           Covariance Coverage
              SI2           SI1
              ________      ________
 SI2            0.932
 SI1            0.928         0.932


UNIVARIATE PROPORTIONS AND COUNTS FOR CATEGORICAL VARIABLES

    M2
      Category 1    0.406     1376.000
      Category 2    0.370     1256.000
      Category 3    0.127      430.000
      Category 4    0.047      160.000
      Category 5    0.020       67.000
      Category 6    0.020       69.000
      Category 7    0.010       35.000
    LC2
      Category 1    0.028       96.000
      Category 2    0.073      247.000
      Category 3    0.125      423.000
      Category 4    0.070      238.000
      Category 5    0.090      304.000
      Category 6    0.238      808.000
      Category 7    0.377     1278.000
    SE2
      Category 1    0.432     1464.000
      Category 2    0.344     1166.000
      Category 3    0.124      420.000
      Category 4    0.036      121.000
      Category 5    0.032      110.000
      Category 6    0.022       74.000
      Category 7    0.011       37.000
    OPT2
      Category 1    0.324     1100.000
      Category 2    0.425     1442.000
      Category 3    0.122      415.000
      Category 4    0.104      353.000
      Category 5    0.024       81.000
    PLIFE2
      Category 1    0.384     1305.000
      Category 2    0.344     1168.000
      Category 3    0.114      386.000
      Category 4    0.077      260.000
      Category 5    0.029      100.000
      Category 6    0.035      118.000
      Category 7    0.018       61.000
    CON3
      Category 1    0.688     2334.000
      Category 2    0.242      823.000
      Category 3    0.057      193.000
      Category 4    0.013       44.000
    EXT4
      Category 1    0.377     1266.000
      Category 2    0.414     1392.000
      Category 3    0.179      601.000
      Category 4    0.030      100.000
    FAMS2
      Category 1    0.471     1689.000
      Category 2    0.389     1395.000
      Category 3    0.109      392.000
      Category 4    0.031      111.000
    FRIS2
      Category 1    0.362     1287.000
      Category 2    0.455     1616.000
      Category 3    0.153      545.000
      Category 4    0.030      106.000
    SPOS3
      Category 1    0.698     1728.000
      Category 2    0.224      555.000
      Category 3    0.061      151.000
      Category 4    0.017       41.000
    SI2
      Category 1    0.109      369.000
      Category 2    0.248      838.000
      Category 3    0.230      776.000
      Category 4    0.193      652.000
      Category 5    0.086      290.000
      Category 6    0.085      288.000
      Category 7    0.047      160.000
    SI1
      Category 1    0.030      100.000
      Category 2    0.067      227.000
      Category 3    0.096      325.000
      Category 4    0.162      547.000
      Category 5    0.089      302.000
      Category 6    0.199      673.000
      Category 7    0.356     1201.000



THE MODEL ESTIMATION TERMINATED NORMALLY



MODEL FIT INFORMATION

Number of Free Parameters                       68

Chi-Square Test of Model Fit

          Value                            776.379*
          Degrees of Freedom                    53
          P-Value                           0.0000

*   The chi-square value for MLM, MLMV, MLR, ULSMV, WLSM and WLSMV cannot be used
    for chi-square difference testing in the regular way.  MLM, MLR and WLSM
    chi-square difference testing is described on the Mplus website.  MLMV, WLSMV,
    and ULSMV difference testing is done using the DIFFTEST option.

RMSEA (Root Mean Square Error Of Approximation)

          Estimate                           0.061
          90 Percent C.I.                    0.058  0.065
          Probability RMSEA <= .05           0.000

CFI/TLI

          CFI                                0.962
          TLI                                0.952

Chi-Square Test of Model Fit for the Baseline Model

          Value                          19004.811
          Degrees of Freedom                    66
          P-Value                           0.0000

WRMR (Weighted Root Mean Square Residual)

          Value                              2.040



MODEL RESULTS

                                                    Two-Tailed
                    Estimate       S.E.  Est./S.E.    P-Value

 PR       BY
    M2                 0.643      0.012     52.053      0.000
    LC2               -0.664      0.012    -55.365      0.000
    SE2                0.840      0.009     97.970      0.000
    OPT2               0.659      0.012     53.658      0.000
    PLIFE2             0.715      0.011     64.066      0.000
    CON3               0.487      0.019     25.878      0.000
    EXT4               0.614      0.014     45.147      0.000

 SR       BY
    FAMS2              0.565      0.018     31.972      0.000
    FRIS2              0.587      0.017     35.472      0.000
    SPOS3              0.459      0.029     15.765      0.000
    SI2                0.623      0.015     42.818      0.000
    SI1               -0.683      0.015    -45.637      0.000

 PR       WITH
    SR                 0.674      0.014     46.912      0.000

 Thresholds
    M2$1              -0.239      0.022    -10.994      0.000
    M2$2               0.758      0.024     31.682      0.000
    M2$3               1.296      0.030     43.837      0.000
    M2$4               1.641      0.036     45.350      0.000
    M2$5               1.871      0.043     43.800      0.000
    M2$6               2.315      0.063     36.542      0.000
    LC2$1             -1.907      0.044    -43.412      0.000
    LC2$2             -1.276      0.029    -43.602      0.000
    LC2$3             -0.753      0.024    -31.532      0.000
    LC2$4             -0.536      0.023    -23.657      0.000
    LC2$5             -0.291      0.022    -13.336      0.000
    LC2$6              0.315      0.022     14.361      0.000
    SE2$1             -0.172      0.022     -7.963      0.000
    SE2$2              0.757      0.024     31.637      0.000
    SE2$3              1.277      0.029     43.606      0.000
    SE2$4              1.513      0.033     45.351      0.000
    SE2$5              1.842      0.042     44.090      0.000
    SE2$6              2.294      0.062     36.972      0.000
    OPT2$1            -0.455      0.022    -20.375      0.000
    OPT2$2             0.673      0.023     28.783      0.000
    OPT2$3             1.136      0.027     41.437      0.000
    OPT2$4             1.979      0.047     42.462      0.000
    PLIFE2$1          -0.295      0.022    -13.499      0.000
    PLIFE2$2           0.606      0.023     26.354      0.000
    PLIFE2$3           1.000      0.026     38.610      0.000
    PLIFE2$4           1.391      0.031     44.781      0.000
    PLIFE2$5           1.619      0.036     45.430      0.000
    PLIFE2$6           2.098      0.052     40.682      0.000
    CON3$1             0.489      0.022     21.770      0.000
    CON3$2             1.477      0.033     45.249      0.000
    CON3$3             2.227      0.058     38.307      0.000
    EXT4$1            -0.314      0.022    -14.246      0.000
    EXT4$2             0.811      0.024     33.211      0.000
    EXT4$3             1.884      0.043     43.442      0.000
    FAMS2$1           -0.073      0.021     -3.489      0.000
    FAMS2$2            1.079      0.026     41.482      0.000
    FAMS2$3            1.867      0.041     45.081      0.000
    FRIS2$1           -0.353      0.022    -16.404      0.000
    FRIS2$2            0.903      0.024     36.934      0.000
    FRIS2$3            1.883      0.042     44.694      0.000
    SPOS3$1            0.519      0.026     19.617      0.000
    SPOS3$2            1.422      0.037     38.398      0.000
    SPOS3$3            2.130      0.062     34.243      0.000
    SI2$1             -1.230      0.029    -42.855      0.000
    SI2$2             -0.364      0.022    -16.475      0.000
    SI2$3              0.222      0.022     10.203      0.000
    SI2$4              0.776      0.024     32.187      0.000
    SI2$5              1.113      0.027     40.899      0.000
    SI2$6              1.670      0.037     45.125      0.000
    SI1$1             -1.886      0.043    -43.522      0.000
    SI1$2             -1.299      0.030    -43.765      0.000
    SI1$3             -0.866      0.025    -34.944      0.000
    SI1$4             -0.371      0.022    -16.778      0.000
    SI1$5             -0.139      0.022     -6.419      0.000
    SI1$6              0.370      0.022     16.709      0.000

 Variances
    PR                 1.000      0.000    999.000    999.000
    SR                 1.000      0.000    999.000    999.000


STANDARDIZED MODEL RESULTS


STDYX Standardization

                                                    Two-Tailed
                    Estimate       S.E.  Est./S.E.    P-Value

 PR       BY
    M2                 0.643      0.012     52.053      0.000
    LC2               -0.664      0.012    -55.365      0.000
    SE2                0.840      0.009     97.970      0.000
    OPT2               0.659      0.012     53.658      0.000
    PLIFE2             0.715      0.011     64.066      0.000
    CON3               0.487      0.019     25.878      0.000
    EXT4               0.614      0.014     45.147      0.000

 SR       BY
    FAMS2              0.565      0.018     31.972      0.000
    FRIS2              0.587      0.017     35.472      0.000
    SPOS3              0.459      0.029     15.765      0.000
    SI2                0.623      0.015     42.818      0.000
    SI1               -0.683      0.015    -45.637      0.000

 PR       WITH
    SR                 0.674      0.014     46.912      0.000

 Thresholds
    M2$1              -0.239      0.022    -10.994      0.000
    M2$2               0.758      0.024     31.682      0.000
    M2$3               1.296      0.030     43.837      0.000
    M2$4               1.641      0.036     45.350      0.000
    M2$5               1.871      0.043     43.800      0.000
    M2$6               2.315      0.063     36.542      0.000
    LC2$1             -1.907      0.044    -43.412      0.000
    LC2$2             -1.276      0.029    -43.602      0.000
    LC2$3             -0.753      0.024    -31.532      0.000
    LC2$4             -0.536      0.023    -23.657      0.000
    LC2$5             -0.291      0.022    -13.336      0.000
    LC2$6              0.315      0.022     14.361      0.000
    SE2$1             -0.172      0.022     -7.963      0.000
    SE2$2              0.757      0.024     31.637      0.000
    SE2$3              1.277      0.029     43.606      0.000
    SE2$4              1.513      0.033     45.351      0.000
    SE2$5              1.842      0.042     44.090      0.000
    SE2$6              2.294      0.062     36.972      0.000
    OPT2$1            -0.455      0.022    -20.375      0.000
    OPT2$2             0.673      0.023     28.783      0.000
    OPT2$3             1.136      0.027     41.437      0.000
    OPT2$4             1.979      0.047     42.462      0.000
    PLIFE2$1          -0.295      0.022    -13.499      0.000
    PLIFE2$2           0.606      0.023     26.354      0.000
    PLIFE2$3           1.000      0.026     38.610      0.000
    PLIFE2$4           1.391      0.031     44.781      0.000
    PLIFE2$5           1.619      0.036     45.430      0.000
    PLIFE2$6           2.098      0.052     40.682      0.000
    CON3$1             0.489      0.022     21.770      0.000
    CON3$2             1.477      0.033     45.249      0.000
    CON3$3             2.227      0.058     38.307      0.000
    EXT4$1            -0.314      0.022    -14.246      0.000
    EXT4$2             0.811      0.024     33.211      0.000
    EXT4$3             1.884      0.043     43.442      0.000
    FAMS2$1           -0.073      0.021     -3.489      0.000
    FAMS2$2            1.079      0.026     41.482      0.000
    FAMS2$3            1.867      0.041     45.081      0.000
    FRIS2$1           -0.353      0.022    -16.404      0.000
    FRIS2$2            0.903      0.024     36.934      0.000
    FRIS2$3            1.883      0.042     44.694      0.000
    SPOS3$1            0.519      0.026     19.617      0.000
    SPOS3$2            1.422      0.037     38.398      0.000
    SPOS3$3            2.130      0.062     34.243      0.000
    SI2$1             -1.230      0.029    -42.855      0.000
    SI2$2             -0.364      0.022    -16.475      0.000
    SI2$3              0.222      0.022     10.203      0.000
    SI2$4              0.776      0.024     32.187      0.000
    SI2$5              1.113      0.027     40.899      0.000
    SI2$6              1.670      0.037     45.125      0.000
    SI1$1             -1.886      0.043    -43.522      0.000
    SI1$2             -1.299      0.030    -43.765      0.000
    SI1$3             -0.866      0.025    -34.944      0.000
    SI1$4             -0.371      0.022    -16.778      0.000
    SI1$5             -0.139      0.022     -6.419      0.000
    SI1$6              0.370      0.022     16.709      0.000

 Variances
    PR                 1.000      0.000    999.000    999.000
    SR                 1.000      0.000    999.000    999.000


R-SQUARE

    Observed                                        Two-Tailed   Residual
    Variable        Estimate       S.E.  Est./S.E.    P-Value    Variance

    M2                 0.414      0.016     26.027      0.000      0.586
    LC2                0.441      0.016     27.682      0.000      0.559
    SE2                0.705      0.014     48.985      0.000      0.295
    OPT2               0.435      0.016     26.829      0.000      0.565
    PLIFE2             0.511      0.016     32.033      0.000      0.489
    CON3               0.237      0.018     12.939      0.000      0.763
    EXT4               0.377      0.017     22.574      0.000      0.623
    FAMS2              0.319      0.020     15.986      0.000      0.681
    FRIS2              0.344      0.019     17.736      0.000      0.656
    SPOS3              0.211      0.027      7.883      0.000      0.789
    SI2                0.388      0.018     21.409      0.000      0.612
    SI1                0.466      0.020     22.819      0.000      0.534


QUALITY OF NUMERICAL RESULTS

     Condition Number for the Information Matrix              0.865E-02
       (ratio of smallest to largest eigenvalue)


CONFIDENCE INTERVALS OF MODEL RESULTS

                  Lower .5%  Lower 2.5%    Lower 5%    Estimate    Upper 5%  Upper 2.5%   Upper .5%

 PR       BY
    M2               0.611       0.619       0.623       0.643       0.663       0.667       0.675
    LC2             -0.695      -0.687      -0.684      -0.664      -0.644      -0.640      -0.633
    SE2              0.817       0.823       0.825       0.840       0.854       0.856       0.862
    OPT2             0.628       0.635       0.639       0.659       0.679       0.683       0.691
    PLIFE2           0.686       0.693       0.696       0.715       0.733       0.737       0.744
    CON3             0.438       0.450       0.456       0.487       0.518       0.523       0.535
    EXT4             0.579       0.588       0.592       0.614       0.637       0.641       0.649

 SR       BY
    FAMS2            0.519       0.530       0.536       0.565       0.594       0.599       0.610
    FRIS2            0.544       0.554       0.559       0.587       0.614       0.619       0.629
    SPOS3            0.384       0.402       0.411       0.459       0.507       0.516       0.534
    SI2              0.585       0.594       0.599       0.623       0.647       0.651       0.660
    SI1             -0.721      -0.712      -0.707      -0.683      -0.658      -0.653      -0.644

 PR       WITH
    SR               0.637       0.646       0.650       0.674       0.697       0.702       0.711

 Thresholds
    M2$1            -0.295      -0.282      -0.275      -0.239      -0.203      -0.196      -0.183
    M2$2             0.696       0.711       0.718       0.758       0.797       0.805       0.819
    M2$3             1.219       1.238       1.247       1.296       1.344       1.354       1.372
    M2$4             1.548       1.570       1.581       1.641       1.701       1.712       1.734
    M2$5             1.761       1.788       1.801       1.871       1.942       1.955       1.981
    M2$6             2.152       2.191       2.210       2.315       2.419       2.439       2.478
    LC2$1           -2.020      -1.993      -1.979      -1.907      -1.834      -1.821      -1.793
    LC2$2           -1.351      -1.333      -1.324      -1.276      -1.227      -1.218      -1.200
    LC2$3           -0.815      -0.800      -0.792      -0.753      -0.714      -0.706      -0.692
    LC2$4           -0.595      -0.581      -0.574      -0.536      -0.499      -0.492      -0.478
    LC2$5           -0.348      -0.334      -0.327      -0.291      -0.255      -0.249      -0.235
    LC2$6            0.258       0.272       0.279       0.315       0.351       0.357       0.371
    SE2$1           -0.228      -0.215      -0.208      -0.172      -0.137      -0.130      -0.117
    SE2$2            0.695       0.710       0.717       0.757       0.796       0.803       0.818
    SE2$3            1.201       1.219       1.229       1.277       1.325       1.334       1.352
    SE2$4            1.427       1.448       1.458       1.513       1.568       1.578       1.599
    SE2$5            1.735       1.760       1.773       1.842       1.911       1.924       1.950
    SE2$6            2.134       2.172       2.192       2.294       2.396       2.415       2.453
    OPT2$1          -0.513      -0.499      -0.492      -0.455      -0.419      -0.412      -0.398
    OPT2$2           0.613       0.627       0.635       0.673       0.712       0.719       0.734
    OPT2$3           1.065       1.082       1.091       1.136       1.181       1.190       1.207
    OPT2$4           1.859       1.888       1.903       1.979       2.056       2.071       2.099
    PLIFE2$1        -0.351      -0.338      -0.331      -0.295      -0.259      -0.252      -0.239
    PLIFE2$2         0.547       0.561       0.568       0.606       0.644       0.651       0.665
    PLIFE2$3         0.933       0.949       0.958       1.000       1.043       1.051       1.067
    PLIFE2$4         1.311       1.330       1.340       1.391       1.442       1.452       1.471
    PLIFE2$5         1.528       1.550       1.561       1.619       1.678       1.689       1.711
    PLIFE2$6         1.965       1.997       2.013       2.098       2.183       2.199       2.231
    CON3$1           0.431       0.445       0.452       0.489       0.526       0.533       0.547
    CON3$2           1.393       1.413       1.423       1.477       1.531       1.541       1.561
    CON3$3           2.078       2.113       2.132       2.227       2.323       2.341       2.377
    EXT4$1          -0.370      -0.357      -0.350      -0.314      -0.277      -0.270      -0.257
    EXT4$2           0.748       0.763       0.771       0.811       0.851       0.859       0.874
    EXT4$3           1.772       1.799       1.813       1.884       1.956       1.969       1.996
    FAMS2$1         -0.127      -0.114      -0.108      -0.073      -0.039      -0.032      -0.019
    FAMS2$2          1.012       1.028       1.036       1.079       1.122       1.130       1.146
    FAMS2$3          1.760       1.786       1.799       1.867       1.935       1.948       1.974
    FRIS2$1         -0.408      -0.395      -0.388      -0.353      -0.317      -0.311      -0.297
    FRIS2$2          0.840       0.855       0.863       0.903       0.944       0.951       0.966
    FRIS2$3          1.775       1.801       1.814       1.883       1.953       1.966       1.992
    SPOS3$1          0.451       0.467       0.476       0.519       0.563       0.571       0.587
    SPOS3$2          1.326       1.349       1.361       1.422       1.482       1.494       1.517
    SPOS3$3          1.970       2.009       2.028       2.130       2.233       2.252       2.291
    SI2$1           -1.304      -1.286      -1.277      -1.230      -1.183      -1.173      -1.156
    SI2$2           -0.421      -0.408      -0.401      -0.364      -0.328      -0.321      -0.307
    SI2$3            0.166       0.179       0.186       0.222       0.258       0.265       0.278
    SI2$4            0.714       0.729       0.737       0.776       0.816       0.824       0.838
    SI2$5            1.043       1.060       1.068       1.113       1.158       1.167       1.183
    SI2$6            1.575       1.598       1.609       1.670       1.731       1.743       1.766
    SI1$1           -1.998      -1.971      -1.958      -1.886      -1.815      -1.801      -1.775
    SI1$2           -1.376      -1.358      -1.348      -1.299      -1.251      -1.241      -1.223
    SI1$3           -0.930      -0.915      -0.907      -0.866      -0.825      -0.818      -0.802
    SI1$4           -0.428      -0.415      -0.408      -0.371      -0.335      -0.328      -0.314
    SI1$5           -0.195      -0.181      -0.175      -0.139      -0.103      -0.097      -0.083
    SI1$6            0.313       0.326       0.333       0.370       0.406       0.413       0.427

 Variances
    PR               1.000       1.000       1.000       1.000       1.000       1.000       1.000
    SR               1.000       1.000       1.000       1.000       1.000       1.000       1.000


CONFIDENCE INTERVALS OF STANDARDIZED MODEL RESULTS


STDYX Standardization

                  Lower .5%  Lower 2.5%    Lower 5%    Estimate    Upper 5%  Upper 2.5%   Upper .5%

 PR       BY
    M2               0.611       0.619       0.623       0.643       0.663       0.667       0.675
    LC2             -0.695      -0.687      -0.684      -0.664      -0.644      -0.640      -0.633
    SE2              0.817       0.823       0.825       0.840       0.854       0.856       0.862
    OPT2             0.628       0.635       0.639       0.659       0.679       0.683       0.691
    PLIFE2           0.686       0.693       0.696       0.715       0.733       0.737       0.744
    CON3             0.438       0.450       0.456       0.487       0.518       0.523       0.535
    EXT4             0.579       0.588       0.592       0.614       0.637       0.641       0.649

 SR       BY
    FAMS2            0.519       0.530       0.536       0.565       0.594       0.599       0.610
    FRIS2            0.544       0.554       0.559       0.587       0.614       0.619       0.629
    SPOS3            0.384       0.402       0.411       0.459       0.507       0.516       0.534
    SI2              0.585       0.594       0.599       0.623       0.647       0.651       0.660
    SI1             -0.721      -0.712      -0.707      -0.683      -0.658      -0.653      -0.644

 PR       WITH
    SR               0.637       0.646       0.650       0.674       0.697       0.702       0.711

 Thresholds
    M2$1            -0.295      -0.282      -0.275      -0.239      -0.203      -0.196      -0.183
    M2$2             0.696       0.711       0.718       0.758       0.797       0.805       0.819
    M2$3             1.219       1.238       1.247       1.296       1.344       1.354       1.372
    M2$4             1.548       1.570       1.581       1.641       1.701       1.712       1.734
    M2$5             1.761       1.788       1.801       1.871       1.942       1.955       1.981
    M2$6             2.152       2.191       2.210       2.315       2.419       2.439       2.478
    LC2$1           -2.020      -1.993      -1.979      -1.907      -1.834      -1.821      -1.793
    LC2$2           -1.351      -1.333      -1.324      -1.276      -1.227      -1.218      -1.200
    LC2$3           -0.815      -0.800      -0.792      -0.753      -0.714      -0.706      -0.692
    LC2$4           -0.595      -0.581      -0.574      -0.536      -0.499      -0.492      -0.478
    LC2$5           -0.348      -0.334      -0.327      -0.291      -0.255      -0.249      -0.235
    LC2$6            0.258       0.272       0.279       0.315       0.351       0.357       0.371
    SE2$1           -0.228      -0.215      -0.208      -0.172      -0.137      -0.130      -0.117
    SE2$2            0.695       0.710       0.717       0.757       0.796       0.803       0.818
    SE2$3            1.201       1.219       1.229       1.277       1.325       1.334       1.352
    SE2$4            1.427       1.448       1.458       1.513       1.568       1.578       1.599
    SE2$5            1.735       1.760       1.773       1.842       1.911       1.924       1.950
    SE2$6            2.134       2.172       2.192       2.294       2.396       2.415       2.453
    OPT2$1          -0.513      -0.499      -0.492      -0.455      -0.419      -0.412      -0.398
    OPT2$2           0.613       0.627       0.635       0.673       0.712       0.719       0.734
    OPT2$3           1.065       1.082       1.091       1.136       1.181       1.190       1.207
    OPT2$4           1.859       1.888       1.903       1.979       2.056       2.071       2.099
    PLIFE2$1        -0.351      -0.338      -0.331      -0.295      -0.259      -0.252      -0.239
    PLIFE2$2         0.547       0.561       0.568       0.606       0.644       0.651       0.665
    PLIFE2$3         0.933       0.949       0.958       1.000       1.043       1.051       1.067
    PLIFE2$4         1.311       1.330       1.340       1.391       1.442       1.452       1.471
    PLIFE2$5         1.528       1.550       1.561       1.619       1.678       1.689       1.711
    PLIFE2$6         1.965       1.997       2.013       2.098       2.183       2.199       2.231
    CON3$1           0.431       0.445       0.452       0.489       0.526       0.533       0.547
    CON3$2           1.393       1.413       1.423       1.477       1.531       1.541       1.561
    CON3$3           2.078       2.113       2.132       2.227       2.323       2.341       2.377
    EXT4$1          -0.370      -0.357      -0.350      -0.314      -0.277      -0.270      -0.257
    EXT4$2           0.748       0.763       0.771       0.811       0.851       0.859       0.874
    EXT4$3           1.772       1.799       1.813       1.884       1.956       1.969       1.996
    FAMS2$1         -0.127      -0.114      -0.108      -0.073      -0.039      -0.032      -0.019
    FAMS2$2          1.012       1.028       1.036       1.079       1.122       1.130       1.146
    FAMS2$3          1.760       1.786       1.799       1.867       1.935       1.948       1.974
    FRIS2$1         -0.408      -0.395      -0.388      -0.353      -0.317      -0.311      -0.297
    FRIS2$2          0.840       0.855       0.863       0.903       0.944       0.951       0.966
    FRIS2$3          1.775       1.801       1.814       1.883       1.953       1.966       1.992
    SPOS3$1          0.451       0.467       0.476       0.519       0.563       0.571       0.587
    SPOS3$2          1.326       1.349       1.361       1.422       1.482       1.494       1.517
    SPOS3$3          1.970       2.009       2.028       2.130       2.233       2.252       2.291
    SI2$1           -1.304      -1.286      -1.277      -1.230      -1.183      -1.173      -1.156
    SI2$2           -0.421      -0.408      -0.401      -0.364      -0.328      -0.321      -0.307
    SI2$3            0.166       0.179       0.186       0.222       0.258       0.265       0.278
    SI2$4            0.714       0.729       0.737       0.776       0.816       0.824       0.838
    SI2$5            1.043       1.060       1.068       1.113       1.158       1.167       1.183
    SI2$6            1.575       1.598       1.609       1.670       1.731       1.743       1.766
    SI1$1           -1.998      -1.971      -1.958      -1.886      -1.815      -1.801      -1.775
    SI1$2           -1.376      -1.358      -1.348      -1.299      -1.251      -1.241      -1.223
    SI1$3           -0.930      -0.915      -0.907      -0.866      -0.825      -0.818      -0.802
    SI1$4           -0.428      -0.415      -0.408      -0.371      -0.335      -0.328      -0.314
    SI1$5           -0.195      -0.181      -0.175      -0.139      -0.103      -0.097      -0.083
    SI1$6            0.313       0.326       0.333       0.370       0.406       0.413       0.427

 Variances
    PR               1.000       1.000       1.000       1.000       1.000       1.000       1.000
    SR               1.000       1.000       1.000       1.000       1.000       1.000       1.000


SAMPLE STATISTICS FOR ESTIMATED FACTOR SCORES


     SAMPLE STATISTICS


           Means
              PR            SR
              ________      ________
 1              0.011         0.010


           Covariances
              PR            SR
              ________      ________
 PR             0.763
 SR             0.577         0.681


           Correlations
              PR            SR
              ________      ________
 PR             1.000
 SR             0.801         1.000


PLOT INFORMATION

The following plots are available:

  Sample proportions and estimated probabilities
  Item characteristic curves
  Information curves

SAVEDATA INFORMATION


  Save file
    MIDUS_PSR_cfa2c2sc_fscores.dat

  Order and format of variables

    M2             F10.3
    LC2            F10.3
    SE2            F10.3
    OPT2           F10.3
    PLIFE2         F10.3
    CON3           F10.3
    EXT4           F10.3
    FAMS2          F10.3
    FRIS2          F10.3
    SPOS3          F10.3
    SI2            F10.3
    SI1            F10.3
    M2ID           I6
    PR             F10.3
    SR             F10.3

  Save file format
    12F10.3 I6 2F10.3

  Save file record length    10000


     Beginning Time:  23:26:15
        Ending Time:  23:26:16
       Elapsed Time:  00:00:01



MUTHEN & MUTHEN
3463 Stoner Ave.
Los Angeles, CA  90066

Tel: (310) 391-9971
Fax: (310) 391-8971
Web: www.StatModel.com
Support: Support@StatModel.com

Copyright (c) 1998-2014 Muthen & Muthen
