Mplus VERSION 7.3
MUTHEN & MUTHEN
11/12/2015   1:17 AM

INPUT INSTRUCTIONS

  DATA:
  FILE = "MIDUS_pana.dat";

  VARIABLE:
  NAMES = B1SA24A B1SA24B B1SA24C B1SA24D B1SA24E B1SA24F B1SA24H B1SA24I B1SA24J
       B1SA24K B1SA24L B1SA24M B1SA24N B1SA26A B1SA26B B1SA26C B1SA26D B1SA26E B1SA26F
       B1SA26I B1SA26J B1SA26K B1SA26L B1SA26M M2ID M2FAMNUM;
   MISSING=.;

  USEVARIABLES ARE
    ! NA items
    B1SA24A B1SA24B B1SA24C B1SA24D B1SA24E B1SA24F
    B1SA24H B1SA24I B1SA24J B1SA24K B1SA24L
    B1SA24M B1SA24N ! drop
    ! PA items
    B1SA26A B1SA26B B1SA26C B1SA26D B1SA26E
    B1SA26F B1SA26I B1SA26J B1SA26K B1SA26L
    B1SA26M ! drop
  ;

  CATEGORICAL ARE
    ! NA items
    B1SA24A B1SA24B B1SA24C B1SA24D B1SA24E B1SA24F
    B1SA24H B1SA24I B1SA24J B1SA24K B1SA24L
    B1SA24M B1SA24N ! drop
    ! PA items
    B1SA26A B1SA26B B1SA26C B1SA26D B1SA26E
    B1SA26F B1SA26I B1SA26J B1SA26K B1SA26L
    B1SA26M ! drop
  ;
    IDVARIABLE = M2ID;
    CLUSTER = M2FAMNUM;

  ANALYSIS:

    TYPE = COMPLEX;
    ESTIMATOR = WLSMV;
    PROCESSORS = 4;
  MODEL:

    NA BY B1SA24A*-1 B1SA24B*-1 B1SA24C*-1 B1SA24D*-1 B1SA24E*-1 B1SA24F*-1
      B1SA24H*-1 B1SA24I*-1 B1SA24J*-1 B1SA24K*-1 B1SA24L*-1
    B1SA24M B1SA24N ! drop
    ;
    PA BY B1SA26A*-1 B1SA26B*-1 B1SA26C*-1 B1SA26D*-1 B1SA26E*-1
    B1SA26F*-1 B1SA26I*-1 B1SA26J*-1 B1SA26K*-1 B1SA26L*-1
    B1SA26M ! drop
    ;
    NA@1;
    PA@1;

  OUTPUT:
  STDYX;



*** WARNING
  Data set contains cases with missing on all variables.
  These cases were not included in the analysis.
  Number of cases with missing on all variables:  938
   1 WARNING(S) FOUND IN THE INPUT INSTRUCTIONS




SUMMARY OF ANALYSIS

Number of groups                                                 1
Number of observations                                        4617

Number of dependent variables                                   24
Number of independent variables                                  0
Number of continuous latent variables                            2

Observed dependent variables

  Binary and ordered categorical (ordinal)
   B1SA24A     B1SA24B     B1SA24C     B1SA24D     B1SA24E     B1SA24F
   B1SA24H     B1SA24I     B1SA24J     B1SA24K     B1SA24L     B1SA24M
   B1SA24N     B1SA26A     B1SA26B     B1SA26C     B1SA26D     B1SA26E
   B1SA26F     B1SA26I     B1SA26J     B1SA26K     B1SA26L     B1SA26M

Continuous latent variables
   NA          PA

Variables with special functions

  Cluster variable      M2FAMNUM
  ID variable           M2ID

Estimator                                                    WLSMV
Maximum number of iterations                                  1000
Convergence criterion                                    0.500D-04
Maximum number of steepest descent iterations                   20
Maximum number of iterations for H1                           2000
Convergence criterion for H1                             0.100D-03
Parameterization                                             DELTA

Input data file(s)
  MIDUS_pana.dat

Input data format  FREE


SUMMARY OF DATA

     Number of missing data patterns           123
     Number of clusters        3610



COVARIANCE COVERAGE OF DATA

Minimum covariance coverage value   0.100


     PROPORTION OF DATA PRESENT


           Covariance Coverage
              B1SA24A       B1SA24B       B1SA24C       B1SA24D       B1SA24E
              ________      ________      ________      ________      ________
 B1SA24A        0.992
 B1SA24B        0.987         0.989
 B1SA24C        0.985         0.984         0.987
 B1SA24D        0.985         0.983         0.981         0.986
 B1SA24E        0.986         0.985         0.982         0.982         0.988
 B1SA24F        0.985         0.984         0.982         0.982         0.983
 B1SA24H        0.987         0.986         0.983         0.983         0.985
 B1SA24I        0.987         0.985         0.983         0.982         0.985
 B1SA24J        0.986         0.985         0.982         0.982         0.984
 B1SA24K        0.985         0.984         0.981         0.982         0.983
 B1SA24L        0.986         0.985         0.982         0.982         0.984
 B1SA24M        0.987         0.985         0.983         0.982         0.984
 B1SA24N        0.989         0.987         0.984         0.984         0.986
 B1SA26A        0.990         0.987         0.984         0.984         0.986
 B1SA26B        0.990         0.987         0.985         0.984         0.986
 B1SA26C        0.985         0.982         0.980         0.979         0.982
 B1SA26D        0.989         0.987         0.984         0.984         0.986
 B1SA26E        0.988         0.986         0.984         0.983         0.985
 B1SA26F        0.988         0.986         0.983         0.982         0.984
 B1SA26I        0.986         0.984         0.981         0.982         0.983
 B1SA26J        0.986         0.984         0.982         0.981         0.983
 B1SA26K        0.987         0.985         0.983         0.982         0.984
 B1SA26L        0.989         0.986         0.984         0.983         0.985
 B1SA26M        0.989         0.987         0.984         0.983         0.985


           Covariance Coverage
              B1SA24F       B1SA24H       B1SA24I       B1SA24J       B1SA24K
              ________      ________      ________      ________      ________
 B1SA24F        0.987
 B1SA24H        0.985         0.989
 B1SA24I        0.984         0.986         0.988
 B1SA24J        0.983         0.985         0.985         0.989
 B1SA24K        0.983         0.985         0.984         0.983         0.987
 B1SA24L        0.984         0.986         0.985         0.985         0.983
 B1SA24M        0.984         0.987         0.985         0.985         0.984
 B1SA24N        0.985         0.987         0.987         0.987         0.985
 B1SA26A        0.985         0.987         0.986         0.987         0.985
 B1SA26B        0.985         0.987         0.986         0.987         0.985
 B1SA26C        0.981         0.983         0.982         0.982         0.980
 B1SA26D        0.985         0.987         0.987         0.987         0.985
 B1SA26E        0.984         0.986         0.985         0.985         0.984
 B1SA26F        0.983         0.986         0.985         0.985         0.983
 B1SA26I        0.982         0.984         0.984         0.984         0.982
 B1SA26J        0.982         0.984         0.984         0.984         0.982
 B1SA26K        0.983         0.986         0.984         0.985         0.983
 B1SA26L        0.984         0.986         0.985         0.986         0.984
 B1SA26M        0.985         0.987         0.986         0.986         0.985


           Covariance Coverage
              B1SA24L       B1SA24M       B1SA24N       B1SA26A       B1SA26B
              ________      ________      ________      ________      ________
 B1SA24L        0.989
 B1SA24M        0.985         0.990
 B1SA24N        0.987         0.988         0.992
 B1SA26A        0.987         0.988         0.989         0.997
 B1SA26B        0.987         0.988         0.990         0.995         0.997
 B1SA26C        0.983         0.984         0.985         0.990         0.990
 B1SA26D        0.986         0.988         0.989         0.994         0.995
 B1SA26E        0.986         0.987         0.989         0.993         0.993
 B1SA26F        0.985         0.986         0.988         0.993         0.993
 B1SA26I        0.984         0.985         0.987         0.990         0.990
 B1SA26J        0.984         0.985         0.987         0.991         0.991
 B1SA26K        0.985         0.986         0.988         0.992         0.992
 B1SA26L        0.986         0.987         0.989         0.994         0.994
 B1SA26M        0.987         0.988         0.990         0.994         0.994


           Covariance Coverage
              B1SA26C       B1SA26D       B1SA26E       B1SA26F       B1SA26I
              ________      ________      ________      ________      ________
 B1SA26C        0.992
 B1SA26D        0.990         0.996
 B1SA26E        0.989         0.993         0.995
 B1SA26F        0.989         0.993         0.992         0.995
 B1SA26I        0.986         0.990         0.990         0.989         0.992
 B1SA26J        0.988         0.991         0.990         0.990         0.989
 B1SA26K        0.988         0.992         0.992         0.991         0.989
 B1SA26L        0.989         0.994         0.993         0.992         0.990
 B1SA26M        0.989         0.994         0.993         0.992         0.991


           Covariance Coverage
              B1SA26J       B1SA26K       B1SA26L       B1SA26M
              ________      ________      ________      ________
 B1SA26J        0.993
 B1SA26K        0.990         0.994
 B1SA26L        0.991         0.992         0.996
 B1SA26M        0.992         0.992         0.994         0.996


UNIVARIATE PROPORTIONS AND COUNTS FOR CATEGORICAL VARIABLES

    B1SA24A
      Category 1    0.006       28.000
      Category 2    0.019       88.000
      Category 3    0.070      320.000
      Category 4    0.196      898.000
      Category 5    0.709     3246.000
    B1SA24B
      Category 1    0.006       28.000
      Category 2    0.031      141.000
      Category 3    0.148      676.000
      Category 4    0.370     1691.000
      Category 5    0.445     2031.000
    B1SA24C
      Category 1    0.009       43.000
      Category 2    0.032      147.000
      Category 3    0.153      696.000
      Category 4    0.342     1557.000
      Category 5    0.464     2113.000
    B1SA24D
      Category 1    0.007       32.000
      Category 2    0.015       68.000
      Category 3    0.052      236.000
      Category 4    0.112      510.000
      Category 5    0.814     3706.000
    B1SA24E
      Category 1    0.020       92.000
      Category 2    0.039      179.000
      Category 3    0.120      546.000
      Category 4    0.263     1200.000
      Category 5    0.558     2545.000
    B1SA24F
      Category 1    0.007       30.000
      Category 2    0.016       71.000
      Category 3    0.052      235.000
      Category 4    0.108      492.000
      Category 5    0.818     3729.000
    B1SA24H
      Category 1    0.004       19.000
      Category 2    0.013       60.000
      Category 3    0.051      232.000
      Category 4    0.170      777.000
      Category 5    0.762     3480.000
    B1SA24I
      Category 1    0.006       27.000
      Category 2    0.018       80.000
      Category 3    0.065      298.000
      Category 4    0.205      937.000
      Category 5    0.706     3221.000
    B1SA24J
      Category 1    0.009       39.000
      Category 2    0.028      128.000
      Category 3    0.174      793.000
      Category 4    0.420     1917.000
      Category 5    0.370     1688.000
    B1SA24K
      Category 1    0.005       22.000
      Category 2    0.009       39.000
      Category 3    0.041      188.000
      Category 4    0.126      572.000
      Category 5    0.820     3736.000
    B1SA24L
      Category 1    0.010       45.000
      Category 2    0.027      125.000
      Category 3    0.192      876.000
      Category 4    0.425     1940.000
      Category 5    0.346     1580.000
    B1SA24M
      Category 1    0.009       39.000
      Category 2    0.019       86.000
      Category 3    0.173      790.000
      Category 4    0.439     2007.000
      Category 5    0.361     1650.000
    B1SA24N
      Category 1    0.016       71.000
      Category 2    0.045      206.000
      Category 3    0.221     1013.000
      Category 4    0.442     2024.000
      Category 5    0.276     1265.000
    B1SA26A
      Category 1    0.056      259.000
      Category 2    0.612     2816.000
      Category 3    0.256     1179.000
      Category 4    0.069      319.000
      Category 5    0.006       29.000
    B1SA26B
      Category 1    0.080      368.000
      Category 2    0.660     3036.000
      Category 3    0.199      918.000
      Category 4    0.056      258.000
      Category 5    0.005       22.000
    B1SA26C
      Category 1    0.045      204.000
      Category 2    0.275     1260.000
      Category 3    0.377     1728.000
      Category 4    0.228     1045.000
      Category 5    0.075      343.000
    B1SA26D
      Category 1    0.077      354.000
      Category 2    0.503     2313.000
      Category 3    0.281     1294.000
      Category 4    0.116      533.000
      Category 5    0.023      105.000
    B1SA26E
      Category 1    0.088      405.000
      Category 2    0.501     2301.000
      Category 3    0.269     1238.000
      Category 4    0.112      515.000
      Category 5    0.030      136.000
    B1SA26F
      Category 1    0.101      466.000
      Category 2    0.382     1753.000
      Category 3    0.304     1398.000
      Category 4    0.160      735.000
      Category 5    0.052      241.000
    B1SA26I
      Category 1    0.107      492.000
      Category 2    0.425     1947.000
      Category 3    0.325     1491.000
      Category 4    0.113      517.000
      Category 5    0.029      134.000
    B1SA26J
      Category 1    0.128      586.000
      Category 2    0.530     2431.000
      Category 3    0.254     1166.000
      Category 4    0.078      359.000
      Category 5    0.009       43.000
    B1SA26K
      Category 1    0.171      783.000
      Category 2    0.427     1958.000
      Category 3    0.272     1249.000
      Category 4    0.104      476.000
      Category 5    0.027      124.000
    B1SA26L
      Category 1    0.168      770.000
      Category 2    0.456     2094.000
      Category 3    0.251     1156.000
      Category 4    0.101      463.000
      Category 5    0.025      114.000
    B1SA26M
      Category 1    0.180      829.000
      Category 2    0.511     2350.000
      Category 3    0.216      995.000
      Category 4    0.071      328.000
      Category 5    0.021       95.000



THE MODEL ESTIMATION TERMINATED NORMALLY



MODEL FIT INFORMATION

Number of Free Parameters                      121

Chi-Square Test of Model Fit

          Value                          10622.787*
          Degrees of Freedom                   251
          P-Value                           0.0000

*   The chi-square value for MLM, MLMV, MLR, ULSMV, WLSM and WLSMV cannot be used
    for chi-square difference testing in the regular way.  MLM, MLR and WLSM
    chi-square difference testing is described on the Mplus website.  MLMV, WLSMV,
    and ULSMV difference testing is done using the DIFFTEST option.

RMSEA (Root Mean Square Error Of Approximation)

          Estimate                           0.095
          90 Percent C.I.                    0.093  0.096
          Probability RMSEA <= .05           0.000

CFI/TLI

          CFI                                0.941
          TLI                                0.935

Chi-Square Test of Model Fit for the Baseline Model

          Value                         176391.926
          Degrees of Freedom                   276
          P-Value                           0.0000

WRMR (Weighted Root Mean Square Residual)

          Value                              4.846



MODEL RESULTS

                                                    Two-Tailed
                    Estimate       S.E.  Est./S.E.    P-Value

 NA       BY
    B1SA24A           -0.803      0.009    -90.921      0.000
    B1SA24B           -0.737      0.009    -83.534      0.000
    B1SA24C           -0.736      0.009    -85.029      0.000
    B1SA24D           -0.908      0.007   -130.159      0.000
    B1SA24E           -0.742      0.010    -77.444      0.000
    B1SA24F           -0.893      0.008   -110.961      0.000
    B1SA24H           -0.734      0.011    -66.214      0.000
    B1SA24I           -0.763      0.010    -79.535      0.000
    B1SA24J           -0.781      0.007   -106.583      0.000
    B1SA24K           -0.749      0.012    -61.758      0.000
    B1SA24L           -0.810      0.006   -125.830      0.000
    B1SA24M           -0.776      0.007   -108.841      0.000
    B1SA24N           -0.824      0.006   -133.646      0.000

 PA       BY
    B1SA26A           -0.908      0.004   -244.874      0.000
    B1SA26B           -0.929      0.003   -276.226      0.000
    B1SA26C           -0.779      0.006   -126.840      0.000
    B1SA26D           -0.817      0.006   -144.652      0.000
    B1SA26E           -0.846      0.005   -173.599      0.000
    B1SA26F           -0.838      0.005   -181.524      0.000
    B1SA26I           -0.851      0.005   -178.337      0.000
    B1SA26J           -0.761      0.007   -111.883      0.000
    B1SA26K           -0.767      0.007   -116.694      0.000
    B1SA26L           -0.745      0.007   -106.180      0.000
    B1SA26M           -0.826      0.005   -153.546      0.000

 PA       WITH
    NA                -0.663      0.009    -74.108      0.000

 Thresholds
    B1SA24A$1         -2.506      0.067    -37.592      0.000
    B1SA24A$2         -1.954      0.039    -49.709      0.000
    B1SA24A$3         -1.309      0.026    -50.664      0.000
    B1SA24A$4         -0.550      0.020    -27.246      0.000
    B1SA24B$1         -2.505      0.067    -37.590      0.000
    B1SA24B$2         -1.787      0.035    -50.701      0.000
    B1SA24B$3         -0.896      0.022    -40.937      0.000
    B1SA24B$4          0.139      0.019      7.290      0.000
    B1SA24C$1         -2.348      0.057    -41.470      0.000
    B1SA24C$2         -1.731      0.033    -51.744      0.000
    B1SA24C$3         -0.862      0.022    -39.216      0.000
    B1SA24C$4          0.091      0.019      4.798      0.000
    B1SA24D$1         -2.456      0.063    -38.741      0.000
    B1SA24D$2         -2.015      0.042    -48.503      0.000
    B1SA24D$3         -1.448      0.028    -51.762      0.000
    B1SA24D$4         -0.893      0.022    -40.880      0.000
    B1SA24E$1         -2.050      0.043    -47.868      0.000
    B1SA24E$2         -1.560      0.030    -52.066      0.000
    B1SA24E$3         -0.919      0.022    -41.690      0.000
    B1SA24E$4         -0.146      0.019     -7.630      0.000
    B1SA24F$1         -2.479      0.065    -38.199      0.000
    B1SA24F$2         -2.011      0.042    -47.374      0.000
    B1SA24F$3         -1.449      0.028    -51.709      0.000
    B1SA24F$4         -0.909      0.022    -41.792      0.000
    B1SA24H$1         -2.639      0.078    -33.976      0.000
    B1SA24H$2         -2.113      0.045    -46.764      0.000
    B1SA24H$3         -1.490      0.029    -52.249      0.000
    B1SA24H$4         -0.712      0.021    -34.558      0.000
    B1SA24I$1         -2.517      0.068    -37.213      0.000
    B1SA24I$2         -1.987      0.040    -49.295      0.000
    B1SA24I$3         -1.348      0.026    -51.059      0.000
    B1SA24I$4         -0.541      0.020    -27.215      0.000
    B1SA24J$1         -2.385      0.059    -40.604      0.000
    B1SA24J$2         -1.792      0.035    -51.022      0.000
    B1SA24J$3         -0.805      0.021    -37.541      0.000
    B1SA24J$4          0.332      0.019     17.057      0.000
    B1SA24K$1         -2.588      0.073    -35.309      0.000
    B1SA24K$2         -2.215      0.050    -44.667      0.000
    B1SA24K$3         -1.601      0.031    -52.499      0.000
    B1SA24K$4         -0.915      0.022    -41.215      0.000
    B1SA24L$1         -2.332      0.056    -41.905      0.000
    B1SA24L$2         -1.784      0.035    -51.582      0.000
    B1SA24L$3         -0.742      0.021    -35.842      0.000
    B1SA24L$4          0.396      0.020     20.178      0.000
    B1SA24M$1         -2.385      0.059    -40.613      0.000
    B1SA24M$2         -1.921      0.038    -50.077      0.000
    B1SA24M$3         -0.841      0.022    -38.728      0.000
    B1SA24M$4          0.356      0.020     17.965      0.000
    B1SA24N$1         -2.157      0.047    -45.970      0.000
    B1SA24N$2         -1.551      0.030    -52.427      0.000
    B1SA24N$3         -0.578      0.020    -28.940      0.000
    B1SA24N$4          0.594      0.020     29.071      0.000
    B1SA26A$1         -1.587      0.031    -51.356      0.000
    B1SA26A$2          0.435      0.020     22.244      0.000
    B1SA26A$3          1.435      0.028     51.235      0.000
    B1SA26A$4          2.495      0.066     37.997      0.000
    B1SA26B$1         -1.405      0.028    -50.986      0.000
    B1SA26B$2          0.642      0.020     31.449      0.000
    B1SA26B$3          1.548      0.030     52.291      0.000
    B1SA26B$4          2.591      0.073     35.407      0.000
    B1SA26C$1         -1.700      0.033    -51.408      0.000
    B1SA26C$2         -0.469      0.020    -23.563      0.000
    B1SA26C$3          0.516      0.020     25.913      0.000
    B1SA26C$4          1.440      0.028     51.498      0.000
    B1SA26D$1         -1.426      0.027    -51.893      0.000
    B1SA26D$2          0.202      0.019     10.417      0.000
    B1SA26D$3          1.086      0.023     46.647      0.000
    B1SA26D$4          1.999      0.040     49.462      0.000
    B1SA26E$1         -1.352      0.026    -51.057      0.000
    B1SA26E$2          0.225      0.019     11.675      0.000
    B1SA26E$3          1.073      0.023     46.421      0.000
    B1SA26E$4          1.887      0.038     50.205      0.000
    B1SA26F$1         -1.273      0.026    -49.506      0.000
    B1SA26F$2         -0.042      0.019     -2.233      0.026
    B1SA26F$3          0.798      0.021     37.753      0.000
    B1SA26F$4          1.621      0.031     51.987      0.000
    B1SA26I$1         -1.240      0.025    -49.273      0.000
    B1SA26I$2          0.081      0.019      4.275      0.000
    B1SA26I$3          1.071      0.024     45.196      0.000
    B1SA26I$4          1.892      0.038     49.990      0.000
    B1SA26J$1         -1.137      0.024    -47.879      0.000
    B1SA26J$2          0.407      0.020     20.791      0.000
    B1SA26J$3          1.355      0.026     51.244      0.000
    B1SA26J$4          2.350      0.056     41.644      0.000
    B1SA26K$1         -0.952      0.022    -42.800      0.000
    B1SA26K$2          0.246      0.019     12.885      0.000
    B1SA26K$3          1.123      0.024     46.429      0.000
    B1SA26K$4          1.927      0.039     49.983      0.000
    B1SA26L$1         -0.964      0.022    -43.169      0.000
    B1SA26L$2          0.313      0.019     16.316      0.000
    B1SA26L$3          1.148      0.024     47.552      0.000
    B1SA26L$4          1.963      0.040     49.434      0.000
    B1SA26M$1         -0.914      0.022    -41.773      0.000
    B1SA26M$2          0.500      0.020     25.342      0.000
    B1SA26M$3          1.328      0.026     50.315      0.000
    B1SA26M$4          2.040      0.043     47.488      0.000

 Variances
    NA                 1.000      0.000    999.000    999.000
    PA                 1.000      0.000    999.000    999.000


STANDARDIZED MODEL RESULTS


STDYX Standardization

                                                    Two-Tailed
                    Estimate       S.E.  Est./S.E.    P-Value

 NA       BY
    B1SA24A           -0.803      0.009    -90.921      0.000
    B1SA24B           -0.737      0.009    -83.534      0.000
    B1SA24C           -0.736      0.009    -85.029      0.000
    B1SA24D           -0.908      0.007   -130.159      0.000
    B1SA24E           -0.742      0.010    -77.444      0.000
    B1SA24F           -0.893      0.008   -110.961      0.000
    B1SA24H           -0.734      0.011    -66.214      0.000
    B1SA24I           -0.763      0.010    -79.535      0.000
    B1SA24J           -0.781      0.007   -106.583      0.000
    B1SA24K           -0.749      0.012    -61.758      0.000
    B1SA24L           -0.810      0.006   -125.830      0.000
    B1SA24M           -0.776      0.007   -108.841      0.000
    B1SA24N           -0.824      0.006   -133.646      0.000

 PA       BY
    B1SA26A           -0.908      0.004   -244.874      0.000
    B1SA26B           -0.929      0.003   -276.226      0.000
    B1SA26C           -0.779      0.006   -126.840      0.000
    B1SA26D           -0.817      0.006   -144.652      0.000
    B1SA26E           -0.846      0.005   -173.599      0.000
    B1SA26F           -0.838      0.005   -181.524      0.000
    B1SA26I           -0.851      0.005   -178.337      0.000
    B1SA26J           -0.761      0.007   -111.883      0.000
    B1SA26K           -0.767      0.007   -116.694      0.000
    B1SA26L           -0.745      0.007   -106.180      0.000
    B1SA26M           -0.826      0.005   -153.546      0.000

 PA       WITH
    NA                -0.663      0.009    -74.108      0.000

 Thresholds
    B1SA24A$1         -2.506      0.067    -37.592      0.000
    B1SA24A$2         -1.954      0.039    -49.709      0.000
    B1SA24A$3         -1.309      0.026    -50.664      0.000
    B1SA24A$4         -0.550      0.020    -27.246      0.000
    B1SA24B$1         -2.505      0.067    -37.590      0.000
    B1SA24B$2         -1.787      0.035    -50.701      0.000
    B1SA24B$3         -0.896      0.022    -40.937      0.000
    B1SA24B$4          0.139      0.019      7.290      0.000
    B1SA24C$1         -2.348      0.057    -41.470      0.000
    B1SA24C$2         -1.731      0.033    -51.744      0.000
    B1SA24C$3         -0.862      0.022    -39.216      0.000
    B1SA24C$4          0.091      0.019      4.798      0.000
    B1SA24D$1         -2.456      0.063    -38.741      0.000
    B1SA24D$2         -2.015      0.042    -48.503      0.000
    B1SA24D$3         -1.448      0.028    -51.762      0.000
    B1SA24D$4         -0.893      0.022    -40.880      0.000
    B1SA24E$1         -2.050      0.043    -47.868      0.000
    B1SA24E$2         -1.560      0.030    -52.066      0.000
    B1SA24E$3         -0.919      0.022    -41.690      0.000
    B1SA24E$4         -0.146      0.019     -7.630      0.000
    B1SA24F$1         -2.479      0.065    -38.199      0.000
    B1SA24F$2         -2.011      0.042    -47.374      0.000
    B1SA24F$3         -1.449      0.028    -51.709      0.000
    B1SA24F$4         -0.909      0.022    -41.792      0.000
    B1SA24H$1         -2.639      0.078    -33.976      0.000
    B1SA24H$2         -2.113      0.045    -46.764      0.000
    B1SA24H$3         -1.490      0.029    -52.249      0.000
    B1SA24H$4         -0.712      0.021    -34.558      0.000
    B1SA24I$1         -2.517      0.068    -37.213      0.000
    B1SA24I$2         -1.987      0.040    -49.295      0.000
    B1SA24I$3         -1.348      0.026    -51.059      0.000
    B1SA24I$4         -0.541      0.020    -27.215      0.000
    B1SA24J$1         -2.385      0.059    -40.604      0.000
    B1SA24J$2         -1.792      0.035    -51.022      0.000
    B1SA24J$3         -0.805      0.021    -37.541      0.000
    B1SA24J$4          0.332      0.019     17.057      0.000
    B1SA24K$1         -2.588      0.073    -35.309      0.000
    B1SA24K$2         -2.215      0.050    -44.667      0.000
    B1SA24K$3         -1.601      0.031    -52.499      0.000
    B1SA24K$4         -0.915      0.022    -41.215      0.000
    B1SA24L$1         -2.332      0.056    -41.905      0.000
    B1SA24L$2         -1.784      0.035    -51.582      0.000
    B1SA24L$3         -0.742      0.021    -35.842      0.000
    B1SA24L$4          0.396      0.020     20.178      0.000
    B1SA24M$1         -2.385      0.059    -40.613      0.000
    B1SA24M$2         -1.921      0.038    -50.077      0.000
    B1SA24M$3         -0.841      0.022    -38.728      0.000
    B1SA24M$4          0.356      0.020     17.965      0.000
    B1SA24N$1         -2.157      0.047    -45.970      0.000
    B1SA24N$2         -1.551      0.030    -52.427      0.000
    B1SA24N$3         -0.578      0.020    -28.940      0.000
    B1SA24N$4          0.594      0.020     29.071      0.000
    B1SA26A$1         -1.587      0.031    -51.356      0.000
    B1SA26A$2          0.435      0.020     22.244      0.000
    B1SA26A$3          1.435      0.028     51.235      0.000
    B1SA26A$4          2.495      0.066     37.997      0.000
    B1SA26B$1         -1.405      0.028    -50.986      0.000
    B1SA26B$2          0.642      0.020     31.449      0.000
    B1SA26B$3          1.548      0.030     52.291      0.000
    B1SA26B$4          2.591      0.073     35.407      0.000
    B1SA26C$1         -1.700      0.033    -51.408      0.000
    B1SA26C$2         -0.469      0.020    -23.563      0.000
    B1SA26C$3          0.516      0.020     25.913      0.000
    B1SA26C$4          1.440      0.028     51.498      0.000
    B1SA26D$1         -1.426      0.027    -51.893      0.000
    B1SA26D$2          0.202      0.019     10.417      0.000
    B1SA26D$3          1.086      0.023     46.647      0.000
    B1SA26D$4          1.999      0.040     49.462      0.000
    B1SA26E$1         -1.352      0.026    -51.057      0.000
    B1SA26E$2          0.225      0.019     11.675      0.000
    B1SA26E$3          1.073      0.023     46.421      0.000
    B1SA26E$4          1.887      0.038     50.205      0.000
    B1SA26F$1         -1.273      0.026    -49.506      0.000
    B1SA26F$2         -0.042      0.019     -2.233      0.026
    B1SA26F$3          0.798      0.021     37.753      0.000
    B1SA26F$4          1.621      0.031     51.987      0.000
    B1SA26I$1         -1.240      0.025    -49.273      0.000
    B1SA26I$2          0.081      0.019      4.275      0.000
    B1SA26I$3          1.071      0.024     45.196      0.000
    B1SA26I$4          1.892      0.038     49.990      0.000
    B1SA26J$1         -1.137      0.024    -47.879      0.000
    B1SA26J$2          0.407      0.020     20.791      0.000
    B1SA26J$3          1.355      0.026     51.244      0.000
    B1SA26J$4          2.350      0.056     41.644      0.000
    B1SA26K$1         -0.952      0.022    -42.800      0.000
    B1SA26K$2          0.246      0.019     12.885      0.000
    B1SA26K$3          1.123      0.024     46.429      0.000
    B1SA26K$4          1.927      0.039     49.983      0.000
    B1SA26L$1         -0.964      0.022    -43.169      0.000
    B1SA26L$2          0.313      0.019     16.316      0.000
    B1SA26L$3          1.148      0.024     47.552      0.000
    B1SA26L$4          1.963      0.040     49.434      0.000
    B1SA26M$1         -0.914      0.022    -41.773      0.000
    B1SA26M$2          0.500      0.020     25.342      0.000
    B1SA26M$3          1.328      0.026     50.315      0.000
    B1SA26M$4          2.040      0.043     47.488      0.000

 Variances
    NA                 1.000      0.000    999.000    999.000
    PA                 1.000      0.000    999.000    999.000


R-SQUARE

    Observed                                        Two-Tailed   Residual
    Variable        Estimate       S.E.  Est./S.E.    P-Value    Variance

    B1SA24A            0.645      0.014     45.460      0.000      0.355
    B1SA24B            0.543      0.013     41.767      0.000      0.457
    B1SA24C            0.542      0.013     42.514      0.000      0.458
    B1SA24D            0.824      0.013     65.079      0.000      0.176
    B1SA24E            0.551      0.014     38.722      0.000      0.449
    B1SA24F            0.797      0.014     55.481      0.000      0.203
    B1SA24H            0.539      0.016     33.107      0.000      0.461
    B1SA24I            0.582      0.015     39.767      0.000      0.418
    B1SA24J            0.609      0.011     53.291      0.000      0.391
    B1SA24K            0.561      0.018     30.879      0.000      0.439
    B1SA24L            0.656      0.010     62.915      0.000      0.344
    B1SA24M            0.602      0.011     54.420      0.000      0.398
    B1SA24N            0.679      0.010     66.823      0.000      0.321
    B1SA26A            0.824      0.007    122.437      0.000      0.176
    B1SA26B            0.863      0.006    138.113      0.000      0.137
    B1SA26C            0.607      0.010     63.420      0.000      0.393
    B1SA26D            0.668      0.009     72.326      0.000      0.332
    B1SA26E            0.715      0.008     86.799      0.000      0.285
    B1SA26F            0.702      0.008     90.762      0.000      0.298
    B1SA26I            0.724      0.008     89.168      0.000      0.276
    B1SA26J            0.579      0.010     55.941      0.000      0.421
    B1SA26K            0.588      0.010     58.347      0.000      0.412
    B1SA26L            0.555      0.010     53.090      0.000      0.445
    B1SA26M            0.682      0.009     76.773      0.000      0.318


QUALITY OF NUMERICAL RESULTS

     Condition Number for the Information Matrix              0.714E-03
       (ratio of smallest to largest eigenvalue)


     Beginning Time:  01:17:59
        Ending Time:  01:18:03
       Elapsed Time:  00:00:04



MUTHEN & MUTHEN
3463 Stoner Ave.
Los Angeles, CA  90066

Tel: (310) 391-9971
Fax: (310) 391-8971
Web: www.StatModel.com
Support: Support@StatModel.com

Copyright (c) 1998-2014 Muthen & Muthen
