Mplus VERSION 7.3
MUTHEN & MUTHEN
06/05/2017   9:40 AM

INPUT INSTRUCTIONS

  DATA:
  FILE = "m4b_v1_7eee4f82fc4f8fb0b8f37b88c9a2539c.dat";

  VARIABLE:
  NAMES = M2ID M2FAMNUM B1Age C1Age LastAge DECEASED B1SOL C1SOL Sex B1SBMI B1SCHRON
       White SmokeCurr SmokePast AlcHigh AlcMod m2ed_all;
   MISSING=.;

    IDVARIABLE = M2ID;
    CLUSTER = M2FAMNUM;
    TSCORES = B1Age C1Age;
    SURVIVAL = LastAge;
    TIMECENSORED = DECEASED (0=RIGHT, 1=NOT);
  ANALYSIS:

    TYPE = COMPLEX RANDOM;
    ESTIMATOR = MLR;
    ALGORITHM = INTEGRATION;
    INTEGRATION = MONTECARLO (1000);
    PROCESSORS = 2;
  MODEL:

    i s | B1SOL C1SOL at B1Age C1Age;
    B1SOL C1SOL (e);
    i WITH s*;
    i* s*;

    LastAge ON i s;
    LastAge i s ON Sex B1SBMI B1SCHRON White SmokeCurr SmokePast AlcHigh AlcMod m2ed_all;
    ![B1SBMI];

  OUTPUT:
  CINTERVAL;



*** WARNING in VARIABLE command
  Note that only the first 8 characters of variable names are used in the output.
  Shorten variable names to avoid any confusion.
*** WARNING
  Data set contains cases with missing on x-variables.
  These cases were not included in the analysis.
  Number of cases with missing on x-variables:  454
   2 WARNING(S) FOUND IN THE INPUT INSTRUCTIONS




SUMMARY OF ANALYSIS

Number of groups                                                 1
Number of observations                                        4305

Number of dependent variables                                    3
Number of independent variables                                  9
Number of continuous latent variables                            2

Observed dependent variables

  Continuous
   B1SOL       C1SOL

  Time-to-event (survival)

    Semi-parametric (time intervals)
     LASTAGE (10)

Observed independent variables
   SEX         B1SBMI      B1SCHRON    WHITE       SMOKECUR    SMOKEPAS
   ALCHIGH     ALCMOD      M2ED_ALL

Continuous latent variables
   I           S

Variables with special functions

  Cluster variable      M2FAMNUM
  ID variable           M2ID

  Time-censoring variables
   DECEASED

  Time scores
   B1AGE       C1AGE


Estimator                                                      MLR
Information matrix                                        OBSERVED
Optimization Specifications for the Quasi-Newton Algorithm for
Continuous Outcomes
  Maximum number of iterations                                 100
  Convergence criterion                                  0.100D-05
Optimization Specifications for the EM Algorithm
  Maximum number of iterations                                 500
  Convergence criteria
    Loglikelihood change                                 0.100D-02
    Relative loglikelihood change                        0.100D-05
    Derivative                                           0.100D-02
Optimization Specifications for the M step of the EM Algorithm for
Categorical Latent variables
  Number of M step iterations                                    1
  M step convergence criterion                           0.100D-02
  Basis for M step termination                           ITERATION
Optimization Specifications for the M step of the EM Algorithm for
Censored, Binary or Ordered Categorical (Ordinal), Unordered
Categorical (Nominal) and Count Outcomes
  Number of M step iterations                                    1
  M step convergence criterion                           0.100D-02
  Basis for M step termination                           ITERATION
  Maximum value for logit thresholds                            15
  Minimum value for logit thresholds                           -15
  Minimum expected cell size for chi-square              0.100D-01
Maximum number of iterations for H1                           2000
Convergence criterion for H1                             0.100D-03
Optimization algorithm                                         EMA
Integration Specifications
  Type                                                  MONTECARLO
  Number of integration points                                1000
  Dimensions of numerical integration                            2
  Adaptive quadrature                                           ON
  Monte Carlo integration seed                                   0
Base Hazard                                                     ON
Cholesky                                                       OFF

Input data file(s)
  m4b_v1_7eee4f82fc4f8fb0b8f37b88c9a2539c.dat
Input data format  FREE


SUMMARY OF DATA

     Number of missing data patterns             4
     Number of clusters        3402



COVARIANCE COVERAGE OF DATA

Minimum covariance coverage value   0.100


     PROPORTION OF DATA PRESENT FOR Y


           Covariance Coverage
              B1SOL         C1SOL         SEX           B1SBMI        B1SCHRON
              ________      ________      ________      ________      ________
 B1SOL          0.981
 C1SOL          0.549         0.560
 SEX            0.981         0.560         1.000
 B1SBMI         0.981         0.560         1.000         1.000
 B1SCHRON       0.981         0.560         1.000         1.000         1.000
 WHITE          0.981         0.560         1.000         1.000         1.000
 SMOKECUR       0.981         0.560         1.000         1.000         1.000
 SMOKEPAS       0.981         0.560         1.000         1.000         1.000
 ALCHIGH        0.981         0.560         1.000         1.000         1.000
 ALCMOD         0.981         0.560         1.000         1.000         1.000
 M2ED_ALL       0.981         0.560         1.000         1.000         1.000


           Covariance Coverage
              WHITE         SMOKECUR      SMOKEPAS      ALCHIGH       ALCMOD
              ________      ________      ________      ________      ________
 WHITE          1.000
 SMOKECUR       1.000         1.000
 SMOKEPAS       1.000         1.000         1.000
 ALCHIGH        1.000         1.000         1.000         1.000
 ALCMOD         1.000         1.000         1.000         1.000         1.000
 M2ED_ALL       1.000         1.000         1.000         1.000         1.000


           Covariance Coverage
              M2ED_ALL
              ________
 M2ED_ALL       1.000



THE MODEL ESTIMATION TERMINATED NORMALLY



MODEL FIT INFORMATION

Number of Free Parameters                       35

Loglikelihood

          H0 Value                      -30812.630
          H0 Scaling Correction Factor      1.0904
            for MLR

Information Criteria

          Akaike (AIC)                   61695.260
          Bayesian (BIC)                 61918.124
          Sample-Size Adjusted BIC       61806.908
            (n* = (n + 2) / 24)



MODEL RESULTS

                                                    Two-Tailed
                    Estimate       S.E.  Est./S.E.    P-Value

 I          ON
    SEX                1.694      1.128      1.501      0.133
    B1SBMI            -0.015      0.107     -0.144      0.885
    B1SCHRON           2.401      0.289      8.315      0.000
    WHITE            -12.039      1.817     -6.625      0.000
    SMOKECURR          7.020      1.667      4.212      0.000
    SMOKEPAST         -1.027      1.289     -0.797      0.426
    ALCHIGH            4.672      1.674      2.791      0.005
    ALCMOD             0.396      1.192      0.333      0.739
    M2ED_ALL          -0.825      0.709     -1.165      0.244

 S          ON
    SEX                0.768      0.353      2.177      0.030
    B1SBMI             0.030      0.035      0.860      0.390
    B1SCHRON          -0.239      0.088     -2.725      0.006
    WHITE              3.272      0.630      5.193      0.000
    SMOKECURR         -2.014      0.565     -3.564      0.000
    SMOKEPAST          0.025      0.385      0.064      0.949
    ALCHIGH           -1.343      0.572     -2.348      0.019
    ALCMOD            -0.390      0.364     -1.073      0.283
    M2ED_ALL          -0.420      0.216     -1.943      0.052

 LASTAGE    ON
    I                  0.018      0.006      3.096      0.002
    S                 -0.061      0.031     -1.965      0.049

 LASTAGE    ON
    SEX               -0.498      0.111     -4.480      0.000
    B1SBMI             0.025      0.010      2.481      0.013
    B1SCHRON           0.033      0.024      1.371      0.170
    WHITE              0.244      0.173      1.409      0.159
    SMOKECURR          0.899      0.172      5.228      0.000
    SMOKEPAST          0.257      0.119      2.156      0.031
    ALCHIGH           -0.035      0.182     -0.195      0.846
    ALCMOD            -0.240      0.120     -1.993      0.046
    M2ED_ALL          -0.171      0.069     -2.484      0.013

 I        WITH
    S                -38.815      6.155     -6.306      0.000

 Intercepts
    B1SOL              0.000      0.000    999.000    999.000
    C1SOL              0.000      0.000    999.000    999.000
    I                  7.979      4.510      1.769      0.077
    S                 -2.889      1.436     -2.012      0.044

 Residual Variances
    B1SOL            151.062      8.902     16.970      0.000
    C1SOL            151.062      8.902     16.970      0.000
    I                278.469     26.659     10.445      0.000
    S                 14.035      1.862      7.539      0.000


QUALITY OF NUMERICAL RESULTS

     Condition Number for the Information Matrix              0.104E-08
       (ratio of smallest to largest eigenvalue)


CONFIDENCE INTERVALS OF MODEL RESULTS

                  Lower .5%  Lower 2.5%    Lower 5%    Estimate    Upper 5%  Upper 2.5%   Upper .5%

 I        ON
    SEX             -1.213      -0.518      -0.162       1.694       3.551       3.906       4.601
    B1SBMI          -0.291      -0.225      -0.192      -0.015       0.161       0.195       0.260
    B1SCHRON         1.657       1.835       1.926       2.401       2.876       2.967       3.145
    WHITE          -16.720     -15.601     -15.029     -12.039      -9.050      -8.478      -7.359
    SMOKECURR        2.727       3.753       4.278       7.020       9.761      10.286      11.312
    SMOKEPAST       -4.347      -3.554      -3.148      -1.027       1.094       1.500       2.294
    ALCHIGH          0.360       1.391       1.918       4.672       7.425       7.953       8.983
    ALCMOD          -2.674      -1.940      -1.564       0.396       2.357       2.733       3.467
    M2ED_ALL        -2.651      -2.214      -1.991      -0.825       0.341       0.564       1.000

 S        ON
    SEX             -0.141       0.076       0.188       0.768       1.349       1.460       1.678
    B1SBMI          -0.060      -0.039      -0.028       0.030       0.088       0.099       0.121
    B1SCHRON        -0.465      -0.411      -0.383      -0.239      -0.095      -0.067      -0.013
    WHITE            1.649       2.037       2.235       3.272       4.308       4.507       4.895
    SMOKECURR       -3.469      -3.121      -2.943      -2.014      -1.084      -0.906      -0.558
    SMOKEPAST       -0.968      -0.730      -0.609       0.025       0.659       0.780       1.017
    ALCHIGH         -2.816      -2.464      -2.284      -1.343      -0.402      -0.222       0.130
    ALCMOD          -1.327      -1.103      -0.989      -0.390       0.208       0.323       0.547
    M2ED_ALL        -0.976      -0.843      -0.775      -0.420      -0.064       0.004       0.137

 LASTAGE  ON
    I                0.003       0.007       0.009       0.018       0.028       0.030       0.034
    S               -0.141      -0.121      -0.112      -0.061      -0.010       0.000       0.019

 LASTAGE  ON
    SEX             -0.784      -0.716      -0.681      -0.498      -0.315      -0.280      -0.212
    B1SBMI          -0.001       0.005       0.009       0.025       0.042       0.045       0.051
    B1SCHRON        -0.029      -0.014      -0.007       0.033       0.072       0.079       0.094
    WHITE           -0.202      -0.095      -0.041       0.244       0.528       0.583       0.689
    SMOKECURR        0.456       0.562       0.616       0.899       1.182       1.236       1.342
    SMOKEPAST       -0.050       0.023       0.061       0.257       0.453       0.491       0.564
    ALCHIGH         -0.504      -0.392      -0.335      -0.035       0.264       0.321       0.433
    ALCMOD          -0.550      -0.476      -0.438      -0.240      -0.042      -0.004       0.070
    M2ED_ALL        -0.348      -0.305      -0.284      -0.171      -0.058      -0.036       0.006

 I        WITH
    S              -54.669     -50.879     -48.940     -38.815     -28.689     -26.750     -22.960

 Intercepts
    B1SOL            0.000       0.000       0.000       0.000       0.000       0.000       0.000
    C1SOL            0.000       0.000       0.000       0.000       0.000       0.000       0.000
    I               -3.637      -0.860       0.561       7.979      15.398      16.819      19.596
    S               -6.588      -5.704      -5.251      -2.889      -0.527      -0.074       0.810

 Residual Variances
    B1SOL          128.133     133.614     136.418     151.062     165.706     168.510     173.991
    C1SOL          128.133     133.614     136.418     151.062     165.706     168.510     173.991
    I              209.800     226.217     234.614     278.469     322.323     330.721     347.138
    S                9.240      10.386      10.973      14.035      17.098      17.684      18.830


     Beginning Time:  09:40:50
        Ending Time:  09:49:07
       Elapsed Time:  00:08:17



MUTHEN & MUTHEN
3463 Stoner Ave.
Los Angeles, CA  90066

Tel: (310) 391-9971
Fax: (310) 391-8971
Web: www.StatModel.com
Support: Support@StatModel.com

Copyright (c) 1998-2014 Muthen & Muthen
