Mplus VERSION 7.3
MUTHEN & MUTHEN
11/12/2015   1:22 AM

INPUT INSTRUCTIONS

  DATA:
  FILE = "MIDUS_psrs.dat";

  VARIABLE:
  NAMES = B1SE4A B1SE4B B1SE4C B1SE4D B1SE4E B1SE4F B1SE4G B1SE4H B1SE4I B1SE4J B1SE4K
       B1SE4L B1SE4M B1SE4N B1SE4O B1SE4P B1SE4Q B1SE4R B1SE4S B1SE10A B1SE10B B1SE10C
       B1SE10D B1SE10E B1SE10F B1SJ2A B1SJ2B B1SJ2C B1SJ2D B1SJ4A B1SJ4B B1SJ4C B1SJ4D
       B1SL11A B1SL11B B1SL11C B1SL11D B1SL11E B1SL11F M2ID M2FAMNUM;
   MISSING=.;

  USEVARIABLES ARE B1SE4A B1SE4B B1SE4C B1SE4D
   B1SE4E B1SE4F B1SE4G B1SE4H B1SE4I B1SE4J
   B1SE4K B1SE4L B1SE4M B1SE4N B1SE4O B1SE4P
   B1SE4Q B1SE4R B1SE4S B1SE10A B1SE10B B1SE10C
   B1SE10D B1SE10E B1SE10F B1SJ2A B1SJ2B B1SJ2C
   B1SJ2D B1SJ4A B1SJ4B B1SJ4C B1SJ4D B1SL11A
   B1SL11B B1SL11C B1SL11D B1SL11E B1SL11F;

  CATEGORICAL ARE B1SE4A B1SE4B B1SE4C B1SE4D
   B1SE4E B1SE4F B1SE4G B1SE4H B1SE4I B1SE4J
   B1SE4K B1SE4L B1SE4M B1SE4N B1SE4O B1SE4P
   B1SE4Q B1SE4R B1SE4S B1SE10A B1SE10B B1SE10C
   B1SE10D B1SE10E B1SE10F B1SJ2A B1SJ2B B1SJ2C
   B1SJ2D B1SJ4A B1SJ4B B1SJ4C B1SJ4D B1SL11A
   B1SL11B B1SL11C B1SL11D B1SL11E B1SL11F;
    IDVARIABLE = M2ID;
    CLUSTER = M2FAMNUM;

  ANALYSIS:

    TYPE = COMPLEX;
    ESTIMATOR = WLSMV;
    PROCESSORS = 4;
  MODEL:

    mastery BY B1SE4C@-1  B1SE4F*-1  B1SE4H*-1  B1SE4L*-1;
    constraint BY B1SE4A@-1  B1SE4B*-1  B1SE4D*-1
      B1SE4E*-1  B1SE4G*-1  B1SE4J*-1  B1SE4K*-1  B1SE4I*-1;
    selfesteem BY B1SE4M*1  B1SE4N@-1
      B1SE4O*1  B1SE4P*-1  B1SE4Q*1  B1SE4R*-1  B1SE4S*1;
    optimism BY B1SE10A@-1  B1SE10C*-1  B1SE10F*-1;
    pessimism BY B1SE10B@-1  B1SE10D*-1  B1SE10E*-1;
    familysupt BY B1SJ2A@-1  B1SJ2B*-1  B1SJ2C*-1  B1SJ2D*-1;
    friendsupt BY B1SJ4A@-1  B1SJ4B*-1  B1SJ4C*-1  B1SJ4D*-1;
    spousesupt BY B1SL11A@-1  B1SL11B*-1  B1SL11C*-1
      B1SL11D*-1  B1SL11E*-1  B1SL11F*-1;
    PR BY mastery*1  constraint*-1  optimism*1  pessimism*-1 selfesteem*1;
    SR BY familysupt*1  friendsupt*1  spousesupt*1;
    PR@1; SR@1;
    PR WITH SR*;

  OUTPUT:
  STDYX;



*** WARNING
  Data set contains cases with missing on all variables.
  These cases were not included in the analysis.
  Number of cases with missing on all variables:  923
   1 WARNING(S) FOUND IN THE INPUT INSTRUCTIONS




SUMMARY OF ANALYSIS

Number of groups                                                 1
Number of observations                                        4632

Number of dependent variables                                   39
Number of independent variables                                  0
Number of continuous latent variables                           10

Observed dependent variables

  Binary and ordered categorical (ordinal)
   B1SE4A      B1SE4B      B1SE4C      B1SE4D      B1SE4E      B1SE4F
   B1SE4G      B1SE4H      B1SE4I      B1SE4J      B1SE4K      B1SE4L
   B1SE4M      B1SE4N      B1SE4O      B1SE4P      B1SE4Q      B1SE4R
   B1SE4S      B1SE10A     B1SE10B     B1SE10C     B1SE10D     B1SE10E
   B1SE10F     B1SJ2A      B1SJ2B      B1SJ2C      B1SJ2D      B1SJ4A
   B1SJ4B      B1SJ4C      B1SJ4D      B1SL11A     B1SL11B     B1SL11C
   B1SL11D     B1SL11E     B1SL11F

Continuous latent variables
   MASTERY     CONSTRAI    SELFESTE    OPTIMISM    PESSIMIS    FAMILYSU
   FRIENDSU    SPOUSESU    PR          SR

Variables with special functions

  Cluster variable      M2FAMNUM
  ID variable           M2ID

Estimator                                                    WLSMV
Maximum number of iterations                                  1000
Convergence criterion                                    0.500D-04
Maximum number of steepest descent iterations                   20
Maximum number of iterations for H1                           2000
Convergence criterion for H1                             0.100D-03
Parameterization                                             DELTA

Input data file(s)
  MIDUS_psrs.dat

Input data format  FREE


SUMMARY OF DATA

     Number of missing data patterns          1610
     Number of clusters        3621



COVARIANCE COVERAGE OF DATA

Minimum covariance coverage value   0.100


     PROPORTION OF DATA PRESENT


           Covariance Coverage
              B1SE4A        B1SE4B        B1SE4C        B1SE4D        B1SE4E
              ________      ________      ________      ________      ________
 B1SE4A         0.574
 B1SE4B         0.472         0.590
 B1SE4C         0.565         0.580         0.935
 B1SE4D         0.389         0.402         0.477         0.487
 B1SE4E         0.487         0.500         0.642         0.437         0.653
 B1SE4F         0.567         0.582         0.924         0.482         0.646
 B1SE4G         0.542         0.565         0.804         0.470         0.617
 B1SE4H         0.561         0.575         0.914         0.477         0.638
 B1SE4I         0.500         0.510         0.660         0.438         0.574
 B1SE4J         0.412         0.427         0.491         0.365         0.445
 B1SE4K         0.405         0.444         0.526         0.384         0.455
 B1SE4L         0.564         0.578         0.916         0.480         0.639
 B1SE4M         0.544         0.558         0.852         0.462         0.612
 B1SE4N         0.564         0.578         0.923         0.478         0.642
 B1SE4O         0.327         0.365         0.413         0.306         0.356
 B1SE4P         0.562         0.576         0.917         0.476         0.639
 B1SE4Q         0.411         0.442         0.550         0.376         0.452
 B1SE4R         0.560         0.574         0.918         0.475         0.638
 B1SE4S         0.391         0.434         0.506         0.359         0.432
 B1SE10A        0.571         0.587         0.930         0.484         0.650
 B1SE10B        0.571         0.587         0.931         0.484         0.651
 B1SE10C        0.569         0.585         0.928         0.483         0.648
 B1SE10D        0.569         0.585         0.928         0.482         0.648
 B1SE10E        0.571         0.587         0.931         0.484         0.650
 B1SE10F        0.572         0.587         0.932         0.484         0.651
 B1SJ2A         0.569         0.585         0.929         0.483         0.649
 B1SJ2B         0.569         0.584         0.928         0.483         0.648
 B1SJ2C         0.569         0.585         0.929         0.482         0.649
 B1SJ2D         0.569         0.585         0.929         0.482         0.648
 B1SJ4A         0.563         0.579         0.921         0.478         0.644
 B1SJ4B         0.563         0.579         0.921         0.478         0.643
 B1SJ4C         0.565         0.581         0.923         0.479         0.644
 B1SJ4D         0.564         0.580         0.922         0.478         0.643
 B1SL11A        0.409         0.413         0.677         0.354         0.467
 B1SL11B        0.409         0.413         0.677         0.354         0.467
 B1SL11C        0.408         0.412         0.677         0.354         0.467
 B1SL11D        0.408         0.412         0.677         0.354         0.467
 B1SL11E        0.408         0.412         0.677         0.354         0.467
 B1SL11F        0.409         0.413         0.677         0.354         0.467


           Covariance Coverage
              B1SE4F        B1SE4G        B1SE4H        B1SE4I        B1SE4J
              ________      ________      ________      ________      ________
 B1SE4F         0.940
 B1SE4G         0.809         0.818
 B1SE4H         0.919         0.801         0.928
 B1SE4I         0.664         0.638         0.657         0.672
 B1SE4J         0.494         0.485         0.488         0.473         0.500
 B1SE4K         0.530         0.519         0.523         0.468         0.396
 B1SE4L         0.922         0.802         0.913         0.658         0.492
 B1SE4M         0.856         0.759         0.846         0.632         0.479
 B1SE4N         0.927         0.805         0.917         0.661         0.491
 B1SE4O         0.417         0.403         0.411         0.368         0.314
 B1SE4P         0.921         0.800         0.909         0.658         0.491
 B1SE4Q         0.554         0.529         0.548         0.466         0.382
 B1SE4R         0.922         0.802         0.911         0.656         0.487
 B1SE4S         0.512         0.494         0.503         0.442         0.374
 B1SE10A        0.935         0.814         0.924         0.668         0.498
 B1SE10B        0.936         0.815         0.925         0.669         0.498
 B1SE10C        0.933         0.812         0.922         0.666         0.497
 B1SE10D        0.933         0.811         0.921         0.666         0.496
 B1SE10E        0.936         0.814         0.924         0.668         0.498
 B1SE10F        0.937         0.815         0.925         0.669         0.499
 B1SJ2A         0.934         0.813         0.922         0.667         0.496
 B1SJ2B         0.933         0.812         0.921         0.666         0.495
 B1SJ2C         0.934         0.813         0.922         0.667         0.496
 B1SJ2D         0.933         0.813         0.921         0.666         0.495
 B1SJ4A         0.926         0.806         0.914         0.661         0.491
 B1SJ4B         0.926         0.806         0.914         0.661         0.491
 B1SJ4C         0.928         0.807         0.916         0.662         0.491
 B1SJ4D         0.926         0.807         0.915         0.661         0.491
 B1SL11A        0.682         0.589         0.674         0.480         0.350
 B1SL11B        0.682         0.589         0.674         0.480         0.350
 B1SL11C        0.681         0.588         0.673         0.479         0.349
 B1SL11D        0.681         0.588         0.673         0.479         0.350
 B1SL11E        0.682         0.588         0.674         0.479         0.350
 B1SL11F        0.682         0.589         0.674         0.480         0.350


           Covariance Coverage
              B1SE4K        B1SE4L        B1SE4M        B1SE4N        B1SE4O
              ________      ________      ________      ________      ________
 B1SE4K         0.535
 B1SE4L         0.528         0.932
 B1SE4M         0.510         0.851         0.868
 B1SE4N         0.526         0.920         0.859         0.940
 B1SE4O         0.344         0.415         0.407         0.414         0.422
 B1SE4P         0.524         0.912         0.854         0.923         0.414
 B1SE4Q         0.414         0.552         0.535         0.553         0.368
 B1SE4R         0.521         0.915         0.855         0.929         0.410
 B1SE4S         0.404         0.508         0.495         0.508         0.371
 B1SE10A        0.533         0.928         0.864         0.935         0.420
 B1SE10B        0.533         0.929         0.865         0.936         0.420
 B1SE10C        0.531         0.926         0.862         0.933         0.418
 B1SE10D        0.530         0.925         0.861         0.933         0.418
 B1SE10E        0.532         0.928         0.864         0.936         0.421
 B1SE10F        0.533         0.929         0.865         0.937         0.420
 B1SJ2A         0.532         0.926         0.862         0.934         0.419
 B1SJ2B         0.531         0.924         0.861         0.933         0.418
 B1SJ2C         0.531         0.926         0.862         0.934         0.419
 B1SJ2D         0.531         0.925         0.862         0.934         0.418
 B1SJ4A         0.526         0.918         0.855         0.926         0.415
 B1SJ4B         0.526         0.918         0.854         0.926         0.415
 B1SJ4C         0.526         0.919         0.856         0.928         0.415
 B1SJ4D         0.526         0.918         0.855         0.927         0.415
 B1SL11A        0.377         0.676         0.627         0.681         0.299
 B1SL11B        0.377         0.676         0.627         0.681         0.299
 B1SL11C        0.376         0.675         0.626         0.680         0.298
 B1SL11D        0.376         0.676         0.626         0.680         0.299
 B1SL11E        0.377         0.676         0.626         0.680         0.298
 B1SL11F        0.377         0.676         0.627         0.681         0.299


           Covariance Coverage
              B1SE4P        B1SE4Q        B1SE4R        B1SE4S        B1SE10A
              ________      ________      ________      ________      ________
 B1SE4P         0.932
 B1SE4Q         0.551         0.562
 B1SE4R         0.919         0.550         0.935
 B1SE4S         0.507         0.427         0.508         0.518
 B1SE10A        0.928         0.559         0.930         0.515         0.951
 B1SE10B        0.929         0.559         0.931         0.516         0.950
 B1SE10C        0.926         0.557         0.928         0.513         0.947
 B1SE10D        0.925         0.557         0.928         0.513         0.946
 B1SE10E        0.928         0.559         0.930         0.515         0.949
 B1SE10F        0.929         0.560         0.931         0.516         0.950
 B1SJ2A         0.926         0.557         0.928         0.514         0.945
 B1SJ2B         0.925         0.557         0.927         0.514         0.944
 B1SJ2C         0.926         0.557         0.929         0.514         0.945
 B1SJ2D         0.926         0.557         0.928         0.514         0.945
 B1SJ4A         0.918         0.552         0.921         0.509         0.937
 B1SJ4B         0.918         0.553         0.921         0.509         0.937
 B1SJ4C         0.920         0.553         0.922         0.509         0.939
 B1SJ4D         0.919         0.553         0.922         0.509         0.938
 B1SL11A        0.677         0.398         0.677         0.362         0.687
 B1SL11B        0.677         0.398         0.677         0.362         0.687
 B1SL11C        0.676         0.397         0.676         0.362         0.686
 B1SL11D        0.676         0.397         0.676         0.362         0.686
 B1SL11E        0.676         0.397         0.676         0.362         0.686
 B1SL11F        0.677         0.398         0.677         0.363         0.687


           Covariance Coverage
              B1SE10B       B1SE10C       B1SE10D       B1SE10E       B1SE10F
              ________      ________      ________      ________      ________
 B1SE10B        0.952
 B1SE10C        0.948         0.949
 B1SE10D        0.948         0.944         0.949
 B1SE10E        0.951         0.947         0.947         0.952
 B1SE10F        0.951         0.948         0.948         0.951         0.953
 B1SJ2A         0.946         0.942         0.942         0.945         0.946
 B1SJ2B         0.945         0.941         0.941         0.944         0.945
 B1SJ2C         0.946         0.942         0.942         0.945         0.946
 B1SJ2D         0.946         0.942         0.942         0.945         0.946
 B1SJ4A         0.938         0.934         0.934         0.937         0.938
 B1SJ4B         0.937         0.934         0.934         0.937         0.938
 B1SJ4C         0.939         0.936         0.936         0.939         0.940
 B1SJ4D         0.938         0.935         0.935         0.938         0.938
 B1SL11A        0.688         0.686         0.687         0.687         0.688
 B1SL11B        0.688         0.686         0.687         0.687         0.688
 B1SL11C        0.687         0.685         0.686         0.686         0.687
 B1SL11D        0.687         0.685         0.686         0.686         0.687
 B1SL11E        0.687         0.685         0.686         0.687         0.687
 B1SL11F        0.688         0.686         0.687         0.687         0.688


           Covariance Coverage
              B1SJ2A        B1SJ2B        B1SJ2C        B1SJ2D        B1SJ4A
              ________      ________      ________      ________      ________
 B1SJ2A         0.993
 B1SJ2B         0.991         0.992
 B1SJ2C         0.992         0.991         0.993
 B1SJ2D         0.991         0.991         0.992         0.992
 B1SJ4A         0.982         0.982         0.982         0.982         0.984
 B1SJ4B         0.981         0.981         0.981         0.982         0.982
 B1SJ4C         0.983         0.983         0.984         0.983         0.983
 B1SJ4D         0.983         0.982         0.983         0.983         0.982
 B1SL11A        0.705         0.704         0.705         0.705         0.701
 B1SL11B        0.706         0.705         0.705         0.705         0.701
 B1SL11C        0.704         0.703         0.704         0.704         0.700
 B1SL11D        0.705         0.704         0.704         0.704         0.700
 B1SL11E        0.705         0.704         0.705         0.705         0.701
 B1SL11F        0.706         0.705         0.705         0.705         0.701


           Covariance Coverage
              B1SJ4B        B1SJ4C        B1SJ4D        B1SL11A       B1SL11B
              ________      ________      ________      ________      ________
 B1SJ4B         0.984
 B1SJ4C         0.983         0.986
 B1SJ4D         0.982         0.984         0.985
 B1SL11A        0.700         0.702         0.700         0.707
 B1SL11B        0.700         0.702         0.700         0.706         0.707
 B1SL11C        0.699         0.701         0.699         0.705         0.706
 B1SL11D        0.699         0.701         0.699         0.705         0.706
 B1SL11E        0.699         0.701         0.700         0.706         0.707
 B1SL11F        0.700         0.702         0.700         0.706         0.707


           Covariance Coverage
              B1SL11C       B1SL11D       B1SL11E       B1SL11F
              ________      ________      ________      ________
 B1SL11C        0.706
 B1SL11D        0.705         0.706
 B1SL11E        0.705         0.706         0.707
 B1SL11F        0.705         0.706         0.706         0.707


UNIVARIATE PROPORTIONS AND COUNTS FOR CATEGORICAL VARIABLES

    B1SE4A
      Category 1    0.045      120.000
      Category 2    0.121      321.000
      Category 3    0.108      287.000
      Category 4    0.094      249.000
      Category 5    0.143      379.000
      Category 6    0.490     1303.000
    B1SE4B
      Category 1    0.040      108.000
      Category 2    0.115      314.000
      Category 3    0.200      547.000
      Category 4    0.109      297.000
      Category 5    0.147      403.000
      Category 6    0.389     1064.000
    B1SE4C
      Category 1    0.380     1648.000
      Category 2    0.366     1585.000
      Category 3    0.127      552.000
      Category 4    0.049      212.000
      Category 5    0.039      168.000
      Category 6    0.039      167.000
    B1SE4D
      Category 1    0.026       58.000
      Category 2    0.071      159.000
      Category 3    0.123      278.000
      Category 4    0.162      365.000
      Category 5    0.139      314.000
      Category 6    0.479     1081.000
    B1SE4E
      Category 1    0.051      154.000
      Category 2    0.129      390.000
      Category 3    0.182      552.000
      Category 4    0.132      399.000
      Category 5    0.119      360.000
      Category 6    0.387     1172.000
    B1SE4F
      Category 1    0.406     1769.000
      Category 2    0.382     1664.000
      Category 3    0.128      558.000
      Category 4    0.046      202.000
      Category 5    0.020       85.000
      Category 6    0.018       77.000
    B1SE4G
      Category 1    0.064      241.000
      Category 2    0.174      658.000
      Category 3    0.252      954.000
      Category 4    0.145      551.000
      Category 5    0.114      431.000
      Category 6    0.252      955.000
    B1SE4H
      Category 1    0.211      909.000
      Category 2    0.367     1579.000
      Category 3    0.177      760.000
      Category 4    0.102      439.000
      Category 5    0.077      332.000
      Category 6    0.065      280.000
    B1SE4I
      Category 1    0.033      104.000
      Category 2    0.093      288.000
      Category 3    0.125      390.000
      Category 4    0.115      359.000
      Category 5    0.169      526.000
      Category 6    0.464     1444.000
    B1SE4J
      Category 1    0.030       70.000
      Category 2    0.057      133.000
      Category 3    0.078      180.000
      Category 4    0.128      297.000
      Category 5    0.154      357.000
      Category 6    0.552     1280.000
    B1SE4K
      Category 1    0.034       85.000
      Category 2    0.090      222.000
      Category 3    0.221      549.000
      Category 4    0.169      418.000
      Category 5    0.132      327.000
      Category 6    0.354      879.000
    B1SE4L
      Category 1    0.424     1829.000
      Category 2    0.348     1500.000
      Category 3    0.107      461.000
      Category 4    0.059      254.000
      Category 5    0.029      126.000
      Category 6    0.034      146.000
    B1SE4M
      Category 1    0.238      956.000
      Category 2    0.221      889.000
      Category 3    0.094      380.000
      Category 4    0.232      934.000
      Category 5    0.073      292.000
      Category 6    0.142      571.000
    B1SE4N
      Category 1    0.427     1860.000
      Category 2    0.359     1561.000
      Category 3    0.124      540.000
      Category 4    0.034      146.000
      Category 5    0.034      150.000
      Category 6    0.022       97.000
    B1SE4O
      Category 1    0.045       88.000
      Category 2    0.084      164.000
      Category 3    0.205      401.000
      Category 4    0.157      306.000
      Category 5    0.141      275.000
      Category 6    0.368      720.000
    B1SE4P
      Category 1    0.350     1513.000
      Category 2    0.418     1805.000
      Category 3    0.114      492.000
      Category 4    0.057      248.000
      Category 5    0.034      146.000
      Category 6    0.027      115.000
    B1SE4Q
      Category 1    0.092      238.000
      Category 2    0.154      401.000
      Category 3    0.179      466.000
      Category 4    0.230      597.000
      Category 5    0.075      195.000
      Category 6    0.271      704.000
    B1SE4R
      Category 1    0.419     1814.000
      Category 2    0.358     1548.000
      Category 3    0.101      439.000
      Category 4    0.043      184.000
      Category 5    0.044      190.000
      Category 6    0.036      154.000
    B1SE4S
      Category 1    0.050      121.000
      Category 2    0.100      240.000
      Category 3    0.227      546.000
      Category 4    0.155      373.000
      Category 5    0.132      316.000
      Category 6    0.335      805.000
    B1SE10A
      Category 1    0.268     1179.000
      Category 2    0.414     1825.000
      Category 3    0.164      722.000
      Category 4    0.117      517.000
      Category 5    0.037      163.000
    B1SE10B
      Category 1    0.064      283.000
      Category 2    0.198      872.000
      Category 3    0.194      855.000
      Category 4    0.249     1099.000
      Category 5    0.295     1302.000
    B1SE10C
      Category 1    0.324     1425.000
      Category 2    0.430     1888.000
      Category 3    0.119      524.000
      Category 4    0.104      459.000
      Category 5    0.023       99.000
    B1SE10D
      Category 1    0.035      155.000
      Category 2    0.138      605.000
      Category 3    0.152      670.000
      Category 4    0.287     1262.000
      Category 5    0.387     1702.000
    B1SE10E
      Category 1    0.053      233.000
      Category 2    0.150      661.000
      Category 3    0.136      600.000
      Category 4    0.260     1147.000
      Category 5    0.401     1767.000
    B1SE10F
      Category 1    0.472     2081.000
      Category 2    0.337     1488.000
      Category 3    0.114      505.000
      Category 4    0.049      214.000
      Category 5    0.028      124.000
    B1SJ2A
      Category 1    0.823     3783.000
      Category 2    0.132      605.000
      Category 3    0.039      179.000
      Category 4    0.007       32.000
    B1SJ2B
      Category 1    0.474     2179.000
      Category 2    0.388     1782.000
      Category 3    0.109      499.000
      Category 4    0.029      134.000
    B1SJ2C
      Category 1    0.750     3450.000
      Category 2    0.154      709.000
      Category 3    0.068      312.000
      Category 4    0.028      127.000
    B1SJ2D
      Category 1    0.537     2470.000
      Category 2    0.295     1354.000
      Category 3    0.126      577.000
      Category 4    0.043      196.000
    B1SJ4A
      Category 1    0.534     2436.000
      Category 2    0.367     1674.000
      Category 3    0.083      379.000
      Category 4    0.016       71.000
    B1SJ4B
      Category 1    0.361     1647.000
      Category 2    0.463     2111.000
      Category 3    0.149      677.000
      Category 4    0.027      122.000
    B1SJ4C
      Category 1    0.515     2351.000
      Category 2    0.321     1465.000
      Category 3    0.123      564.000
      Category 4    0.041      187.000
    B1SJ4D
      Category 1    0.420     1915.000
      Category 2    0.357     1631.000
      Category 3    0.171      782.000
      Category 4    0.052      235.000
    B1SL11A
      Category 1    0.862     2821.000
      Category 2    0.106      347.000
      Category 3    0.027       90.000
      Category 4    0.005       16.000
    B1SL11B
      Category 1    0.514     1683.000
      Category 2    0.359     1176.000
      Category 3    0.101      331.000
      Category 4    0.026       85.000
    B1SL11C
      Category 1    0.696     2274.000
      Category 2    0.225      736.000
      Category 3    0.063      205.000
      Category 4    0.017       54.000
    B1SL11D
      Category 1    0.845     2765.000
      Category 2    0.101      330.000
      Category 3    0.038      124.000
      Category 4    0.016       52.000
    B1SL11E
      Category 1    0.648     2121.000
      Category 2    0.241      790.000
      Category 3    0.079      257.000
      Category 4    0.032      105.000
    B1SL11F
      Category 1    0.815     2670.000
      Category 2    0.127      417.000
      Category 3    0.048      157.000
      Category 4    0.009       31.000



THE MODEL ESTIMATION TERMINATED NORMALLY



MODEL FIT INFORMATION

Number of Free Parameters                      209

Chi-Square Test of Model Fit

          Value                          11617.688*
          Degrees of Freedom                   693
          P-Value                           0.0000

*   The chi-square value for MLM, MLMV, MLR, ULSMV, WLSM and WLSMV cannot be used
    for chi-square difference testing in the regular way.  MLM, MLR and WLSM
    chi-square difference testing is described on the Mplus website.  MLMV, WLSMV,
    and ULSMV difference testing is done using the DIFFTEST option.

RMSEA (Root Mean Square Error Of Approximation)

          Estimate                           0.058
          90 Percent C.I.                    0.057  0.059
          Probability RMSEA <= .05           0.000

CFI/TLI

          CFI                                0.915
          TLI                                0.909

Chi-Square Test of Model Fit for the Baseline Model

          Value                         129652.548
          Degrees of Freedom                   741
          P-Value                           0.0000

WRMR (Weighted Root Mean Square Residual)

          Value                              4.208



MODEL RESULTS

                                                    Two-Tailed
                    Estimate       S.E.  Est./S.E.    P-Value

 MASTERY  BY
    B1SE4C            -1.000      0.000    999.000    999.000
    B1SE4F            -1.054      0.018    -59.433      0.000
    B1SE4H            -0.821      0.017    -49.199      0.000
    B1SE4L            -0.863      0.017    -51.125      0.000

 CONSTRAI BY
    B1SE4A            -1.000      0.000    999.000    999.000
    B1SE4B            -1.185      0.033    -36.297      0.000
    B1SE4D            -1.025      0.035    -29.228      0.000
    B1SE4E            -0.973      0.029    -33.260      0.000
    B1SE4G            -0.949      0.030    -31.570      0.000
    B1SE4J            -1.094      0.034    -31.859      0.000
    B1SE4K            -0.997      0.033    -29.972      0.000
    B1SE4I            -1.112      0.032    -34.837      0.000

 SELFESTE BY
    B1SE4M            -0.084      0.021     -4.008      0.000
    B1SE4N            -1.000      0.000    999.000    999.000
    B1SE4O             0.719      0.022     32.311      0.000
    B1SE4P            -0.783      0.015    -53.689      0.000
    B1SE4Q             0.535      0.020     26.180      0.000
    B1SE4R            -0.970      0.013    -77.537      0.000
    B1SE4S             0.655      0.020     33.247      0.000

 OPTIMISM BY
    B1SE10A           -1.000      0.000    999.000    999.000
    B1SE10C           -1.398      0.036    -38.348      0.000
    B1SE10F           -1.453      0.040    -35.953      0.000

 PESSIMIS BY
    B1SE10B           -1.000      0.000    999.000    999.000
    B1SE10D           -1.214      0.020    -59.582      0.000
    B1SE10E           -1.151      0.019    -59.493      0.000

 FAMILYSU BY
    B1SJ2A            -1.000      0.000    999.000    999.000
    B1SJ2B            -0.966      0.015    -63.089      0.000
    B1SJ2C            -0.917      0.015    -60.246      0.000
    B1SJ2D            -0.928      0.014    -66.980      0.000

 FRIENDSU BY
    B1SJ4A            -1.000      0.000    999.000    999.000
    B1SJ4B            -0.984      0.009   -104.627      0.000
    B1SJ4C            -0.954      0.009   -105.413      0.000
    B1SJ4D            -0.947      0.008   -113.562      0.000

 SPOUSESU BY
    B1SL11A           -1.000      0.000    999.000    999.000
    B1SL11B           -0.954      0.011    -88.037      0.000
    B1SL11C           -0.987      0.011    -93.914      0.000
    B1SL11D           -0.936      0.012    -80.402      0.000
    B1SL11E           -0.950      0.010    -91.932      0.000
    B1SL11F           -0.954      0.011    -89.127      0.000

 PR       BY
    MASTERY            0.565      0.011     51.870      0.000
    CONSTRAINT        -0.343      0.013    -26.264      0.000
    OPTIMISM           0.456      0.013     34.447      0.000
    PESSIMISM         -0.522      0.011    -45.358      0.000
    SELFESTEEM         0.797      0.009     86.580      0.000

 SR       BY
    FAMILYSUPT         0.609      0.019     32.759      0.000
    FRIENDSUPT         0.582      0.017     35.180      0.000
    SPOUSESUPT         0.509      0.024     21.286      0.000

 PR       WITH
    SR                 0.638      0.017     36.754      0.000

 Thresholds
    B1SE4A$1          -1.694      0.043    -39.758      0.000
    B1SE4A$2          -0.971      0.030    -32.902      0.000
    B1SE4A$3          -0.601      0.026    -23.006      0.000
    B1SE4A$4          -0.339      0.025    -13.409      0.000
    B1SE4A$5           0.025      0.025      1.010      0.313
    B1SE4B$1          -1.756      0.044    -39.948      0.000
    B1SE4B$2          -1.018      0.030    -34.399      0.000
    B1SE4B$3          -0.373      0.025    -15.050      0.000
    B1SE4B$4          -0.092      0.024     -3.810      0.000
    B1SE4B$5           0.281      0.024     11.475      0.000
    B1SE4C$1          -0.304      0.020    -15.287      0.000
    B1SE4C$2           0.663      0.021     31.169      0.000
    B1SE4C$3           1.144      0.025     46.337      0.000
    B1SE4C$4           1.423      0.028     50.726      0.000
    B1SE4C$5           1.768      0.035     50.288      0.000
    B1SE4D$1          -1.948      0.057    -34.397      0.000
    B1SE4D$2          -1.303      0.037    -35.238      0.000
    B1SE4D$3          -0.774      0.030    -26.054      0.000
    B1SE4D$4          -0.302      0.027    -11.145      0.000
    B1SE4D$5           0.052      0.026      1.955      0.051
    B1SE4E$1          -1.636      0.038    -43.191      0.000
    B1SE4E$2          -0.916      0.027    -33.983      0.000
    B1SE4E$3          -0.353      0.024    -14.918      0.000
    B1SE4E$4          -0.015      0.023     -0.658      0.511
    B1SE4E$5           0.287      0.024     12.135      0.000
    B1SE4F$1          -0.237      0.020    -12.090      0.000
    B1SE4F$2           0.800      0.022     36.389      0.000
    B1SE4F$3           1.381      0.028     49.714      0.000
    B1SE4F$4           1.784      0.035     50.632      0.000
    B1SE4F$5           2.104      0.046     45.952      0.000
    B1SE4G$1          -1.525      0.032    -48.156      0.000
    B1SE4G$2          -0.715      0.023    -31.324      0.000
    B1SE4G$3          -0.028      0.021     -1.348      0.178
    B1SE4G$4           0.343      0.021     16.238      0.000
    B1SE4G$5           0.668      0.023     29.701      0.000
    B1SE4H$1          -0.801      0.022    -36.338      0.000
    B1SE4H$2           0.199      0.020     10.037      0.000
    B1SE4H$3           0.692      0.021     32.731      0.000
    B1SE4H$4           1.070      0.024     44.775      0.000
    B1SE4H$5           1.513      0.030     51.241      0.000
    B1SE4I$1          -1.833      0.043    -42.293      0.000
    B1SE4I$2          -1.145      0.029    -39.636      0.000
    B1SE4I$3          -0.670      0.025    -27.168      0.000
    B1SE4I$4          -0.340      0.023    -14.686      0.000
    B1SE4I$5           0.090      0.023      3.967      0.000
    B1SE4J$1          -1.878      0.052    -36.194      0.000
    B1SE4J$2          -1.356      0.037    -36.932      0.000
    B1SE4J$3          -0.973      0.031    -31.082      0.000
    B1SE4J$4          -0.543      0.028    -19.587      0.000
    B1SE4J$5          -0.132      0.026     -5.024      0.000
    B1SE4K$1          -1.821      0.048    -38.000      0.000
    B1SE4K$2          -1.156      0.032    -35.855      0.000
    B1SE4K$3          -0.398      0.026    -15.288      0.000
    B1SE4K$4           0.034      0.025      1.363      0.173
    B1SE4K$5           0.373      0.026     14.594      0.000
    B1SE4L$1          -0.192      0.019     -9.936      0.000
    B1SE4L$2           0.743      0.021     34.649      0.000
    B1SE4L$3           1.166      0.025     46.841      0.000
    B1SE4L$4           1.530      0.030     50.507      0.000
    B1SE4L$5           1.827      0.037     49.633      0.000
    B1SE4M$1          -0.714      0.022    -32.505      0.000
    B1SE4M$2          -0.104      0.020     -5.114      0.000
    B1SE4M$3           0.134      0.020      6.564      0.000
    B1SE4M$4           0.791      0.023     34.981      0.000
    B1SE4M$5           1.072      0.025     43.045      0.000
    B1SE4N$1          -0.184      0.020     -9.314      0.000
    B1SE4N$2           0.792      0.022     35.994      0.000
    B1SE4N$3           1.339      0.027     49.109      0.000
    B1SE4N$4           1.583      0.031     50.583      0.000
    B1SE4N$5           2.009      0.042     47.449      0.000
    B1SE4O$1          -1.695      0.050    -33.927      0.000
    B1SE4O$2          -1.131      0.036    -31.380      0.000
    B1SE4O$3          -0.428      0.030    -14.309      0.000
    B1SE4O$4          -0.023      0.029     -0.799      0.424
    B1SE4O$5           0.336      0.029     11.484      0.000
    B1SE4P$1          -0.384      0.020    -19.506      0.000
    B1SE4P$2           0.733      0.021     34.107      0.000
    B1SE4P$3           1.186      0.025     46.859      0.000
    B1SE4P$4           1.551      0.031     49.921      0.000
    B1SE4P$5           1.933      0.040     48.652      0.000
    B1SE4Q$1          -1.332      0.035    -38.017      0.000
    B1SE4Q$2          -0.688      0.027    -25.272      0.000
    B1SE4Q$3          -0.190      0.025     -7.614      0.000
    B1SE4Q$4           0.397      0.025     15.648      0.000
    B1SE4Q$5           0.611      0.026     23.053      0.000
    B1SE4R$1          -0.204      0.020    -10.343      0.000
    B1SE4R$2           0.761      0.022     35.232      0.000
    B1SE4R$3           1.165      0.025     46.613      0.000
    B1SE4R$4           1.409      0.028     49.480      0.000
    B1SE4R$5           1.805      0.037     49.116      0.000
    B1SE4S$1          -1.641      0.043    -37.861      0.000
    B1SE4S$2          -1.035      0.031    -33.109      0.000
    B1SE4S$3          -0.311      0.026    -11.946      0.000
    B1SE4S$4           0.083      0.026      3.249      0.001
    B1SE4S$5           0.425      0.027     15.986      0.000
    B1SE10A$1         -0.620      0.021    -29.642      0.000
    B1SE10A$2          0.473      0.020     23.535      0.000
    B1SE10A$3          1.018      0.023     43.871      0.000
    B1SE10A$4          1.787      0.036     50.317      0.000
    B1SE10B$1         -1.521      0.030    -51.376      0.000
    B1SE10B$2         -0.638      0.021    -30.221      0.000
    B1SE10B$3         -0.111      0.020     -5.628      0.000
    B1SE10B$4          0.538      0.021     26.150      0.000
    B1SE10C$1         -0.456      0.020    -22.778      0.000
    B1SE10C$2          0.687      0.021     32.454      0.000
    B1SE10C$3          1.141      0.024     46.715      0.000
    B1SE10C$4          2.004      0.042     48.118      0.000
    B1SE10D$1         -1.808      0.036    -49.743      0.000
    B1SE10D$2         -0.943      0.023    -40.827      0.000
    B1SE10D$3         -0.453      0.021    -21.950      0.000
    B1SE10D$4          0.286      0.020     14.531      0.000
    B1SE10E$1         -1.618      0.031    -51.512      0.000
    B1SE10E$2         -0.832      0.022    -37.525      0.000
    B1SE10E$3         -0.415      0.020    -20.374      0.000
    B1SE10E$4          0.251      0.020     12.667      0.000
    B1SE10F$1         -0.071      0.020     -3.616      0.000
    B1SE10F$2          0.874      0.022     39.598      0.000
    B1SE10F$3          1.428      0.028     50.832      0.000
    B1SE10F$4          1.909      0.039     49.205      0.000
    B1SJ2A$1           0.925      0.022     41.736      0.000
    B1SJ2A$2           1.686      0.032     52.150      0.000
    B1SJ2A$3           2.459      0.063     38.844      0.000
    B1SJ2B$1          -0.064      0.019     -3.382      0.001
    B1SJ2B$2           1.090      0.024     46.054      0.000
    B1SJ2B$3           1.893      0.038     50.142      0.000
    B1SJ2C$1           0.676      0.021     32.419      0.000
    B1SJ2C$2           1.308      0.026     50.433      0.000
    B1SJ2C$3           1.917      0.038     50.339      0.000
    B1SJ2D$1           0.094      0.019      4.885      0.000
    B1SJ2D$2           0.961      0.022     43.140      0.000
    B1SJ2D$3           1.721      0.033     52.238      0.000
    B1SJ4A$1           0.086      0.019      4.507      0.000
    B1SJ4A$2           1.289      0.026     49.790      0.000
    B1SJ4A$3           2.155      0.047     45.433      0.000
    B1SJ4B$1          -0.355      0.019    -18.399      0.000
    B1SJ4B$2           0.933      0.022     41.804      0.000
    B1SJ4B$3           1.931      0.039     49.702      0.000
    B1SJ4C$1           0.037      0.019      1.947      0.052
    B1SJ4C$2           0.976      0.022     43.441      0.000
    B1SJ4C$3           1.740      0.034     51.755      0.000
    B1SJ4D$1          -0.203      0.019    -10.557      0.000
    B1SJ4D$2           0.763      0.021     35.785      0.000
    B1SJ4D$3           1.630      0.031     52.625      0.000
    B1SL11A$1          1.088      0.028     38.606      0.000
    B1SL11A$2          1.847      0.043     43.075      0.000
    B1SL11A$3          2.584      0.086     30.087      0.000
    B1SL11B$1          0.035      0.022      1.558      0.119
    B1SL11B$2          1.141      0.029     39.817      0.000
    B1SL11B$3          1.944      0.047     41.520      0.000
    B1SL11C$1          0.512      0.023     21.907      0.000
    B1SL11C$2          1.410      0.032     43.627      0.000
    B1SL11C$3          2.132      0.055     38.785      0.000
    B1SL11D$1          1.017      0.027     37.576      0.000
    B1SL11D$2          1.609      0.037     43.853      0.000
    B1SL11D$3          2.147      0.057     37.704      0.000
    B1SL11E$1          0.380      0.023     16.643      0.000
    B1SL11E$2          1.223      0.029     42.381      0.000
    B1SL11E$3          1.851      0.043     43.014      0.000
    B1SL11F$1          0.897      0.026     34.532      0.000
    B1SL11F$2          1.577      0.036     44.278      0.000
    B1SL11F$3          2.347      0.067     35.264      0.000

 Variances
    PR                 1.000      0.000    999.000    999.000
    SR                 1.000      0.000    999.000    999.000

 Residual Variances
    MASTERY            0.329      0.012     27.423      0.000
    CONSTRAINT         0.342      0.017     19.802      0.000
    SELFESTEEM         0.069      0.011      6.443      0.000
    OPTIMISM           0.096      0.006     16.354      0.000
    PESSIMISM          0.255      0.010     26.517      0.000
    FAMILYSUPT         0.434      0.020     21.353      0.000
    FRIENDSUPT         0.471      0.019     24.644      0.000
    SPOUSESUPT         0.600      0.023     25.672      0.000


STANDARDIZED MODEL RESULTS


STDYX Standardization

                                                    Two-Tailed
                    Estimate       S.E.  Est./S.E.    P-Value

 MASTERY  BY
    B1SE4C            -0.805      0.009    -88.711      0.000
    B1SE4F            -0.848      0.009    -96.994      0.000
    B1SE4H            -0.661      0.011    -61.023      0.000
    B1SE4L            -0.695      0.011    -61.773      0.000

 CONSTRAI BY
    B1SE4A            -0.678      0.016    -41.411      0.000
    B1SE4B            -0.803      0.013    -63.211      0.000
    B1SE4D            -0.694      0.018    -38.707      0.000
    B1SE4E            -0.660      0.014    -47.091      0.000
    B1SE4G            -0.643      0.014    -46.103      0.000
    B1SE4J            -0.742      0.016    -46.071      0.000
    B1SE4K            -0.675      0.016    -41.513      0.000
    B1SE4I            -0.753      0.013    -58.051      0.000

 SELFESTE BY
    B1SE4M            -0.070      0.018     -3.993      0.000
    B1SE4N            -0.839      0.007   -118.331      0.000
    B1SE4O             0.603      0.017     34.686      0.000
    B1SE4P            -0.657      0.011    -58.911      0.000
    B1SE4Q             0.449      0.017     27.127      0.000
    B1SE4R            -0.814      0.008   -107.309      0.000
    B1SE4S             0.549      0.016     34.805      0.000

 OPTIMISM BY
    B1SE10A           -0.551      0.013    -42.813      0.000
    B1SE10C           -0.771      0.010    -76.237      0.000
    B1SE10F           -0.801      0.011    -72.810      0.000

 PESSIMIS BY
    B1SE10B           -0.726      0.010    -72.567      0.000
    B1SE10D           -0.881      0.007   -122.173      0.000
    B1SE10E           -0.836      0.008   -104.588      0.000

 FAMILYSU BY
    B1SJ2A            -0.897      0.010    -94.240      0.000
    B1SJ2B            -0.867      0.009    -97.513      0.000
    B1SJ2C            -0.822      0.011    -76.134      0.000
    B1SJ2D            -0.833      0.009    -91.525      0.000

 FRIENDSU BY
    B1SJ4A            -0.900      0.006   -153.658      0.000
    B1SJ4B            -0.886      0.006   -151.014      0.000
    B1SJ4C            -0.859      0.007   -129.384      0.000
    B1SJ4D            -0.853      0.006   -138.772      0.000

 SPOUSESU BY
    B1SL11A           -0.927      0.008   -117.435      0.000
    B1SL11B           -0.884      0.008   -116.931      0.000
    B1SL11C           -0.915      0.006   -141.072      0.000
    B1SL11D           -0.867      0.010    -83.653      0.000
    B1SL11E           -0.881      0.007   -121.055      0.000
    B1SL11F           -0.884      0.009   -100.342      0.000

 PR       BY
    MASTERY            0.701      0.011     65.655      0.000
    CONSTRAINT        -0.505      0.014    -36.194      0.000
    OPTIMISM           0.827      0.010     81.339      0.000
    PESSIMISM         -0.718      0.011    -67.606      0.000
    SELFESTEEM         0.950      0.008    119.471      0.000

 SR       BY
    FAMILYSUPT         0.679      0.018     37.381      0.000
    FRIENDSUPT         0.647      0.018     36.664      0.000
    SPOUSESUPT         0.549      0.024     22.429      0.000

 PR       WITH
    SR                 0.638      0.017     36.754      0.000

 Thresholds
    B1SE4A$1          -1.694      0.043    -39.758      0.000
    B1SE4A$2          -0.971      0.030    -32.902      0.000
    B1SE4A$3          -0.601      0.026    -23.006      0.000
    B1SE4A$4          -0.339      0.025    -13.409      0.000
    B1SE4A$5           0.025      0.025      1.010      0.313
    B1SE4B$1          -1.756      0.044    -39.948      0.000
    B1SE4B$2          -1.018      0.030    -34.399      0.000
    B1SE4B$3          -0.373      0.025    -15.050      0.000
    B1SE4B$4          -0.092      0.024     -3.810      0.000
    B1SE4B$5           0.281      0.024     11.475      0.000
    B1SE4C$1          -0.304      0.020    -15.287      0.000
    B1SE4C$2           0.663      0.021     31.169      0.000
    B1SE4C$3           1.144      0.025     46.337      0.000
    B1SE4C$4           1.423      0.028     50.726      0.000
    B1SE4C$5           1.768      0.035     50.288      0.000
    B1SE4D$1          -1.948      0.057    -34.397      0.000
    B1SE4D$2          -1.303      0.037    -35.238      0.000
    B1SE4D$3          -0.774      0.030    -26.054      0.000
    B1SE4D$4          -0.302      0.027    -11.145      0.000
    B1SE4D$5           0.052      0.026      1.955      0.051
    B1SE4E$1          -1.636      0.038    -43.191      0.000
    B1SE4E$2          -0.916      0.027    -33.983      0.000
    B1SE4E$3          -0.353      0.024    -14.918      0.000
    B1SE4E$4          -0.015      0.023     -0.658      0.511
    B1SE4E$5           0.287      0.024     12.135      0.000
    B1SE4F$1          -0.237      0.020    -12.090      0.000
    B1SE4F$2           0.800      0.022     36.389      0.000
    B1SE4F$3           1.381      0.028     49.714      0.000
    B1SE4F$4           1.784      0.035     50.632      0.000
    B1SE4F$5           2.104      0.046     45.952      0.000
    B1SE4G$1          -1.525      0.032    -48.156      0.000
    B1SE4G$2          -0.715      0.023    -31.324      0.000
    B1SE4G$3          -0.028      0.021     -1.348      0.178
    B1SE4G$4           0.343      0.021     16.238      0.000
    B1SE4G$5           0.668      0.023     29.701      0.000
    B1SE4H$1          -0.801      0.022    -36.338      0.000
    B1SE4H$2           0.199      0.020     10.037      0.000
    B1SE4H$3           0.692      0.021     32.731      0.000
    B1SE4H$4           1.070      0.024     44.775      0.000
    B1SE4H$5           1.513      0.030     51.241      0.000
    B1SE4I$1          -1.833      0.043    -42.293      0.000
    B1SE4I$2          -1.145      0.029    -39.636      0.000
    B1SE4I$3          -0.670      0.025    -27.168      0.000
    B1SE4I$4          -0.340      0.023    -14.686      0.000
    B1SE4I$5           0.090      0.023      3.967      0.000
    B1SE4J$1          -1.878      0.052    -36.194      0.000
    B1SE4J$2          -1.356      0.037    -36.932      0.000
    B1SE4J$3          -0.973      0.031    -31.082      0.000
    B1SE4J$4          -0.543      0.028    -19.587      0.000
    B1SE4J$5          -0.132      0.026     -5.024      0.000
    B1SE4K$1          -1.821      0.048    -38.000      0.000
    B1SE4K$2          -1.156      0.032    -35.855      0.000
    B1SE4K$3          -0.398      0.026    -15.288      0.000
    B1SE4K$4           0.034      0.025      1.363      0.173
    B1SE4K$5           0.373      0.026     14.594      0.000
    B1SE4L$1          -0.192      0.019     -9.936      0.000
    B1SE4L$2           0.743      0.021     34.649      0.000
    B1SE4L$3           1.166      0.025     46.841      0.000
    B1SE4L$4           1.530      0.030     50.507      0.000
    B1SE4L$5           1.827      0.037     49.633      0.000
    B1SE4M$1          -0.714      0.022    -32.505      0.000
    B1SE4M$2          -0.104      0.020     -5.114      0.000
    B1SE4M$3           0.134      0.020      6.564      0.000
    B1SE4M$4           0.791      0.023     34.981      0.000
    B1SE4M$5           1.072      0.025     43.045      0.000
    B1SE4N$1          -0.184      0.020     -9.314      0.000
    B1SE4N$2           0.792      0.022     35.994      0.000
    B1SE4N$3           1.339      0.027     49.109      0.000
    B1SE4N$4           1.583      0.031     50.583      0.000
    B1SE4N$5           2.009      0.042     47.449      0.000
    B1SE4O$1          -1.695      0.050    -33.927      0.000
    B1SE4O$2          -1.131      0.036    -31.380      0.000
    B1SE4O$3          -0.428      0.030    -14.309      0.000
    B1SE4O$4          -0.023      0.029     -0.799      0.424
    B1SE4O$5           0.336      0.029     11.484      0.000
    B1SE4P$1          -0.384      0.020    -19.506      0.000
    B1SE4P$2           0.733      0.021     34.107      0.000
    B1SE4P$3           1.186      0.025     46.859      0.000
    B1SE4P$4           1.551      0.031     49.921      0.000
    B1SE4P$5           1.933      0.040     48.652      0.000
    B1SE4Q$1          -1.332      0.035    -38.017      0.000
    B1SE4Q$2          -0.688      0.027    -25.272      0.000
    B1SE4Q$3          -0.190      0.025     -7.614      0.000
    B1SE4Q$4           0.397      0.025     15.648      0.000
    B1SE4Q$5           0.611      0.026     23.053      0.000
    B1SE4R$1          -0.204      0.020    -10.343      0.000
    B1SE4R$2           0.761      0.022     35.232      0.000
    B1SE4R$3           1.165      0.025     46.613      0.000
    B1SE4R$4           1.409      0.028     49.480      0.000
    B1SE4R$5           1.805      0.037     49.116      0.000
    B1SE4S$1          -1.641      0.043    -37.861      0.000
    B1SE4S$2          -1.035      0.031    -33.109      0.000
    B1SE4S$3          -0.311      0.026    -11.946      0.000
    B1SE4S$4           0.083      0.026      3.249      0.001
    B1SE4S$5           0.425      0.027     15.986      0.000
    B1SE10A$1         -0.620      0.021    -29.642      0.000
    B1SE10A$2          0.473      0.020     23.535      0.000
    B1SE10A$3          1.018      0.023     43.871      0.000
    B1SE10A$4          1.787      0.036     50.317      0.000
    B1SE10B$1         -1.521      0.030    -51.376      0.000
    B1SE10B$2         -0.638      0.021    -30.221      0.000
    B1SE10B$3         -0.111      0.020     -5.628      0.000
    B1SE10B$4          0.538      0.021     26.150      0.000
    B1SE10C$1         -0.456      0.020    -22.778      0.000
    B1SE10C$2          0.687      0.021     32.454      0.000
    B1SE10C$3          1.141      0.024     46.715      0.000
    B1SE10C$4          2.004      0.042     48.118      0.000
    B1SE10D$1         -1.808      0.036    -49.743      0.000
    B1SE10D$2         -0.943      0.023    -40.827      0.000
    B1SE10D$3         -0.453      0.021    -21.950      0.000
    B1SE10D$4          0.286      0.020     14.531      0.000
    B1SE10E$1         -1.618      0.031    -51.512      0.000
    B1SE10E$2         -0.832      0.022    -37.525      0.000
    B1SE10E$3         -0.415      0.020    -20.374      0.000
    B1SE10E$4          0.251      0.020     12.667      0.000
    B1SE10F$1         -0.071      0.020     -3.616      0.000
    B1SE10F$2          0.874      0.022     39.598      0.000
    B1SE10F$3          1.428      0.028     50.832      0.000
    B1SE10F$4          1.909      0.039     49.205      0.000
    B1SJ2A$1           0.925      0.022     41.736      0.000
    B1SJ2A$2           1.686      0.032     52.150      0.000
    B1SJ2A$3           2.459      0.063     38.844      0.000
    B1SJ2B$1          -0.064      0.019     -3.382      0.001
    B1SJ2B$2           1.090      0.024     46.054      0.000
    B1SJ2B$3           1.893      0.038     50.142      0.000
    B1SJ2C$1           0.676      0.021     32.419      0.000
    B1SJ2C$2           1.308      0.026     50.433      0.000
    B1SJ2C$3           1.917      0.038     50.339      0.000
    B1SJ2D$1           0.094      0.019      4.885      0.000
    B1SJ2D$2           0.961      0.022     43.140      0.000
    B1SJ2D$3           1.721      0.033     52.238      0.000
    B1SJ4A$1           0.086      0.019      4.507      0.000
    B1SJ4A$2           1.289      0.026     49.790      0.000
    B1SJ4A$3           2.155      0.047     45.433      0.000
    B1SJ4B$1          -0.355      0.019    -18.399      0.000
    B1SJ4B$2           0.933      0.022     41.804      0.000
    B1SJ4B$3           1.931      0.039     49.702      0.000
    B1SJ4C$1           0.037      0.019      1.947      0.052
    B1SJ4C$2           0.976      0.022     43.441      0.000
    B1SJ4C$3           1.740      0.034     51.755      0.000
    B1SJ4D$1          -0.203      0.019    -10.557      0.000
    B1SJ4D$2           0.763      0.021     35.785      0.000
    B1SJ4D$3           1.630      0.031     52.625      0.000
    B1SL11A$1          1.088      0.028     38.606      0.000
    B1SL11A$2          1.847      0.043     43.075      0.000
    B1SL11A$3          2.584      0.086     30.087      0.000
    B1SL11B$1          0.035      0.022      1.558      0.119
    B1SL11B$2          1.141      0.029     39.817      0.000
    B1SL11B$3          1.944      0.047     41.520      0.000
    B1SL11C$1          0.512      0.023     21.907      0.000
    B1SL11C$2          1.410      0.032     43.627      0.000
    B1SL11C$3          2.132      0.055     38.785      0.000
    B1SL11D$1          1.017      0.027     37.576      0.000
    B1SL11D$2          1.609      0.037     43.853      0.000
    B1SL11D$3          2.147      0.057     37.704      0.000
    B1SL11E$1          0.380      0.023     16.643      0.000
    B1SL11E$2          1.223      0.029     42.381      0.000
    B1SL11E$3          1.851      0.043     43.014      0.000
    B1SL11F$1          0.897      0.026     34.532      0.000
    B1SL11F$2          1.577      0.036     44.278      0.000
    B1SL11F$3          2.347      0.067     35.264      0.000

 Variances
    PR                 1.000      0.000    999.000    999.000
    SR                 1.000      0.000    999.000    999.000

 Residual Variances
    MASTERY            0.508      0.015     33.897      0.000
    CONSTRAINT         0.745      0.014     52.748      0.000
    SELFESTEEM         0.098      0.015      6.522      0.000
    OPTIMISM           0.317      0.017     18.839      0.000
    PESSIMISM          0.484      0.015     31.748      0.000
    FAMILYSUPT         0.539      0.025     21.835      0.000
    FRIENDSUPT         0.582      0.023     25.485      0.000
    SPOUSESUPT         0.699      0.027     25.991      0.000


R-SQUARE

    Observed                                        Two-Tailed   Residual
    Variable        Estimate       S.E.  Est./S.E.    P-Value    Variance

    B1SE4A             0.459      0.022     20.705      0.000      0.541
    B1SE4B             0.645      0.020     31.606      0.000      0.355
    B1SE4C             0.648      0.015     44.355      0.000      0.352
    B1SE4D             0.482      0.025     19.354      0.000      0.518
    B1SE4E             0.435      0.018     23.545      0.000      0.565
    B1SE4F             0.720      0.015     48.497      0.000      0.280
    B1SE4G             0.414      0.018     23.052      0.000      0.586
    B1SE4H             0.437      0.014     30.511      0.000      0.563
    B1SE4I             0.568      0.020     29.025      0.000      0.432
    B1SE4J             0.550      0.024     23.036      0.000      0.450
    B1SE4K             0.456      0.022     20.756      0.000      0.544
    B1SE4L             0.483      0.016     30.886      0.000      0.517
    B1SE4M             0.005      0.002      1.997      0.046      0.995
    B1SE4N             0.704      0.012     59.166      0.000      0.296
    B1SE4O             0.364      0.021     17.343      0.000      0.636
    B1SE4P             0.431      0.015     29.456      0.000      0.569
    B1SE4Q             0.202      0.015     13.564      0.000      0.798
    B1SE4R             0.663      0.012     53.655      0.000      0.337
    B1SE4S             0.302      0.017     17.402      0.000      0.698
    B1SE10A            0.304      0.014     21.406      0.000      0.696
    B1SE10B            0.527      0.015     36.283      0.000      0.473
    B1SE10C            0.594      0.016     38.119      0.000      0.406
    B1SE10D            0.777      0.013     61.086      0.000      0.223
    B1SE10E            0.699      0.013     52.294      0.000      0.301
    B1SE10F            0.642      0.018     36.405      0.000      0.358
    B1SJ2A             0.805      0.017     47.120      0.000      0.195
    B1SJ2B             0.752      0.015     48.756      0.000      0.248
    B1SJ2C             0.676      0.018     38.067      0.000      0.324
    B1SJ2D             0.693      0.015     45.763      0.000      0.307
    B1SJ4A             0.810      0.011     76.829      0.000      0.190
    B1SJ4B             0.785      0.010     75.507      0.000      0.215
    B1SJ4C             0.738      0.011     64.692      0.000      0.262
    B1SJ4D             0.727      0.010     69.386      0.000      0.273
    B1SL11A            0.859      0.015     58.718      0.000      0.141
    B1SL11B            0.782      0.013     58.465      0.000      0.218
    B1SL11C            0.836      0.012     70.536      0.000      0.164
    B1SL11D            0.752      0.018     41.827      0.000      0.248
    B1SL11E            0.776      0.013     60.527      0.000      0.224
    B1SL11F            0.782      0.016     50.171      0.000      0.218

     Latent                                         Two-Tailed
    Variable        Estimate       S.E.  Est./S.E.    P-Value

    MASTERY            0.492      0.015     32.827      0.000
    CONSTRAI           0.255      0.014     18.097      0.000
    SELFESTE           0.902      0.015     59.735      0.000
    OPTIMISM           0.683      0.017     40.669      0.000
    PESSIMIS           0.516      0.015     33.803      0.000
    FAMILYSU           0.461      0.025     18.691      0.000
    FRIENDSU           0.418      0.023     18.332      0.000
    SPOUSESU           0.301      0.027     11.214      0.000


QUALITY OF NUMERICAL RESULTS

     Condition Number for the Information Matrix              0.686E-03
       (ratio of smallest to largest eigenvalue)


     Beginning Time:  01:22:15
        Ending Time:  01:22:32
       Elapsed Time:  00:00:17



MUTHEN & MUTHEN
3463 Stoner Ave.
Los Angeles, CA  90066

Tel: (310) 391-9971
Fax: (310) 391-8971
Web: www.StatModel.com
Support: Support@StatModel.com

Copyright (c) 1998-2014 Muthen & Muthen
