Mplus VERSION 7.3
MUTHEN & MUTHEN
04/30/2015   4:09 AM

INPUT INSTRUCTIONS

  TITLE:
   BiFactor Model of biomarkers;
  DATA:
  FILE = "factor_allcov_clustering_BiFac.dat";

  VARIABLE:
  NAMES = Radj_epi Radj_nor avgb_sd avgb_rm avgb_lf avgb_hf Rb4p1d Radj_crt b4bdheas
       Rb4bcrp b4bil6 b4bfgn b4bsicam b4bsesel pulpress Rb4p1gs b4bha1c Rb4bgluc
       p4homair b4bldl b4bhdl Rb4btrig Rb4pwhr m2famnum m2id b1pgender b1page_m2
       Agecat MedGroup white p4majorconditions p4minorconditions p4sumburden b3tem
       exec_fxn compression bending impact reg_izallo GNNregAL RXNNregAL;
   MISSING=.;

    usevariables =
      Radj_epi Radj_nor
      !avgb_sd avgb_rm avgb_lf avgb_hf Rb4p1d
      Radj_crt b4bdheas
      Rb4bcrp b4bil6 b4bfgn b4bsicam b4bsesel
      pulpress Rb4p1gs
      b4bha1c Rb4bgluc p4homair
      b4bldl b4bhdl Rb4btrig Rb4pwhr
      b1pgender b1page_m2;
    AUXILIARY =
      !Radj_epi Radj_nor
      avgb_sd avgb_rm avgb_lf avgb_hf Rb4p1d
      !Radj_crt b4bdheas
      !Rb4bcrp b4bil6 b4bfgn b4bsicam b4bsesel
      !pulpress Rb4p1gs
      !b4bha1c Rb4bgluc p4homair
      !b4bldl b4bhdl Rb4btrig Rb4pwhr
      (m);
      CLUSTER = m2famnum;
      idvariable = m2id;

  ANALYSIS:

      TYPE = COMPLEX;
      ESTIMATOR = MLR;
      PROCESSORS = 4;
  MODEL:

      Radj_epi Radj_nor ON b1pgender b1page_m2;
      !avgb_sd avgb_rm avgb_hf avgb_lf Rb4p1d ON b1pgender b1page_m2;
      Radj_crt b4bdheas ON b1pgender b1page_m2;
      Rb4bcrp b4bil6 b4bfgn b4bsicam b4bsesel ON b1pgender b1page_m2;
      Rb4p1gs pulpress ON b1pgender b1page_m2;
      Rb4bgluc p4homair b4bha1c ON b1pgender b1page_m2;
      Rb4pwhr Rb4btrig b4bhdl b4bldl ON b1pgender b1page_m2;


      sym BY Radj_nor@1 Radj_epi@1;
      hpa BY Radj_crt@1 b4bdheas@1;
      card BY Rb4p1gs@1 pulpress@1;
      gluc BY Rb4bgluc@1 p4homair*1 b4bha1c*1;
      lipid BY Rb4pwhr@1 Rb4btrig*.65 b4bhdl*-1 b4bldl*1 p4homair*1;
      infl BY Rb4bcrp@1 b4bil6*1 b4bfgn*.9 b4bsicam*.25 b4bsesel*.5;
      !para BY avgb_sd@-1 avgb_rm*-1 avgb_hf*-1 avgb_lf*-1 Rb4p1d*1;
      !avgb_sd@0;
      !avgb_rm WITH avgb_hf*;

      AL BY
        Radj_epi*1 Radj_nor*1
        !avgb_sd*-1 avgb_rm*-1 avgb_lf*-1 avgb_hf*-1 Rb4p1d*1
        Radj_crt*1 b4bdheas*1
        Rb4bcrp*1 b4bil6*1 b4bfgn*1 b4bsicam*1 b4bsesel*1
        pulpress*1 Rb4p1gs*1
        b4bha1c*1 Rb4bgluc*1 p4homair*1
        b4bldl*-1 b4bhdl*1 Rb4btrig*1 Rb4pwhr*1;
      AL@1;
      AL WITH sym@0
              !para@0
              hpa@0
              infl@0
              card@0
              gluc@0
              lipid@0
              ;
      Rb4bgluc@0;

  OUTPUT:

      STDYX;
      CINTERVAL;



*** WARNING in VARIABLE command
  Note that only the first 8 characters of variable names are used in the output.
  Shorten variable names to avoid any confusion.
*** WARNING
  Data set contains cases with missing on all variables except
  x-variables.  These cases were not included in the analysis.
  Number of cases with missing on all variables except x-variables:  1
   2 WARNING(S) FOUND IN THE INPUT INSTRUCTIONS




BiFactor Model of biomarkers;

SUMMARY OF ANALYSIS

Number of groups                                                 1
Number of observations                                        1254

Number of dependent variables                                   18
Number of independent variables                                  2
Number of continuous latent variables                            7

Observed dependent variables

  Continuous
   RADJ_EPI    RADJ_NOR    RADJ_CRT    B4BDHEAS    RB4BCRP     B4BIL6
   B4BFGN      B4BSICAM    B4BSESEL    PULPRESS    RB4P1GS     B4BHA1C
   RB4BGLUC    P4HOMAIR    B4BLDL      B4BHDL      RB4BTRIG    RB4PWHR

Observed independent variables
   B1PGENDE    B1PAGE_M

Observed auxiliary variables
   RB4P1D
   AVGB_SD     AVGB_RM     AVGB_LF     AVGB_HF

Continuous latent variables
   SYM         HPA         CARD        GLUC        LIPID       INFL
   AL

Variables with special functions

  Cluster variable      M2FAMNUM
  ID variable           M2ID

Estimator                                                      MLR
Information matrix                                        OBSERVED
Maximum number of iterations                                  1000
Convergence criterion                                    0.500D-04
Maximum number of steepest descent iterations                   20
Maximum number of iterations for H1                           2000
Convergence criterion for H1                             0.100D-03

Input data file(s)
  factor_allcov_clustering_BiFac.dat

Input data format  FREE


SUMMARY OF DATA

     Number of missing data patterns            19
     Number of clusters        1097



COVARIANCE COVERAGE OF DATA

Minimum covariance coverage value   0.100


     PROPORTION OF DATA PRESENT


           Covariance Coverage
              RADJ_EPI      RADJ_NOR      RADJ_CRT      B4BDHEAS      RB4BCRP
              ________      ________      ________      ________      ________
 RADJ_EPI       0.979
 RADJ_NOR       0.979         0.987
 RADJ_CRT       0.979         0.987         0.994
 B4BDHEAS       0.969         0.977         0.984         0.988
 RB4BCRP        0.964         0.972         0.979         0.979         0.983
 B4BIL6         0.972         0.980         0.987         0.988         0.982
 B4BFGN         0.966         0.974         0.981         0.981         0.983
 B4BSICAM       0.971         0.979         0.986         0.987         0.982
 B4BSESEL       0.971         0.979         0.986         0.987         0.982
 PULPRESS       0.979         0.987         0.994         0.988         0.983
 RB4P1GS        0.979         0.987         0.994         0.988         0.983
 B4BHA1C        0.966         0.974         0.981         0.981         0.979
 RB4BGLUC       0.966         0.974         0.981         0.983         0.977
 P4HOMAIR       0.964         0.972         0.979         0.982         0.975
 B4BLDL         0.971         0.979         0.986         0.986         0.982
 B4BHDL         0.971         0.979         0.986         0.986         0.982
 RB4BTRIG       0.971         0.979         0.986         0.986         0.982
 RB4PWHR        0.978         0.986         0.994         0.987         0.982
 B1PGENDE       0.979         0.987         0.994         0.988         0.983
 B1PAGE_M       0.979         0.987         0.994         0.988         0.983


           Covariance Coverage
              B4BIL6        B4BFGN        B4BSICAM      B4BSESEL      PULPRESS
              ________      ________      ________      ________      ________
 B4BIL6         0.991
 B4BFGN         0.984         0.985
 B4BSICAM       0.990         0.983         0.990
 B4BSESEL       0.990         0.983         0.990         0.990
 PULPRESS       0.991         0.985         0.990         0.990         1.000
 RB4P1GS        0.991         0.985         0.990         0.990         1.000
 B4BHA1C        0.984         0.981         0.984         0.984         0.985
 RB4BGLUC       0.985         0.978         0.985         0.985         0.985
 P4HOMAIR       0.983         0.977         0.983         0.983         0.983
 B4BLDL         0.990         0.983         0.989         0.989         0.990
 B4BHDL         0.990         0.983         0.989         0.989         0.990
 RB4BTRIG       0.990         0.983         0.989         0.989         0.990
 RB4PWHR        0.990         0.984         0.990         0.990         0.999
 B1PGENDE       0.991         0.985         0.990         0.990         1.000
 B1PAGE_M       0.991         0.985         0.990         0.990         1.000


           Covariance Coverage
              RB4P1GS       B4BHA1C       RB4BGLUC      P4HOMAIR      B4BLDL
              ________      ________      ________      ________      ________
 RB4P1GS        1.000
 B4BHA1C        0.985         0.985
 RB4BGLUC       0.985         0.978         0.985
 P4HOMAIR       0.983         0.977         0.983         0.983
 B4BLDL         0.990         0.983         0.983         0.982         0.990
 B4BHDL         0.990         0.983         0.983         0.982         0.990
 RB4BTRIG       0.990         0.983         0.983         0.982         0.990
 RB4PWHR        0.999         0.984         0.984         0.982         0.990
 B1PGENDE       1.000         0.985         0.985         0.983         0.990
 B1PAGE_M       1.000         0.985         0.985         0.983         0.990


           Covariance Coverage
              B4BHDL        RB4BTRIG      RB4PWHR       B1PGENDE      B1PAGE_M
              ________      ________      ________      ________      ________
 B4BHDL         0.990
 RB4BTRIG       0.990         0.990
 RB4PWHR        0.990         0.990         0.999
 B1PGENDE       0.990         0.990         0.999         1.000
 B1PAGE_M       0.990         0.990         0.999         1.000         1.000



THE MODEL ESTIMATION TERMINATED NORMALLY

     WARNING:  THE LATENT VARIABLE COVARIANCE MATRIX (PSI) IS NOT POSITIVE
     DEFINITE.  THIS COULD INDICATE A NEGATIVE VARIANCE/RESIDUAL VARIANCE FOR A
     LATENT VARIABLE, A CORRELATION GREATER OR EQUAL TO ONE BETWEEN TWO LATENT
     VARIABLES, OR A LINEAR DEPENDENCY AMONG MORE THAN TWO LATENT VARIABLES.
     CHECK THE TECH4 OUTPUT FOR MORE INFORMATION.
     PROBLEM INVOLVING VARIABLE RB4BGLUC.




MODEL FIT INFORMATION

Number of Free Parameters                      120

Loglikelihood Including the Auxiliary Part

          H0 Value                      -35140.859
          H0 Scaling Correction Factor      1.2463
            for MLR
          H1 Value                      -34943.239
          H1 Scaling Correction Factor      1.1746
            for MLR

Chi-Square Test of Model Fit

          Value                            367.933*
          Degrees of Freedom                   105
          P-Value                           0.0000
          Scaling Correction Factor         1.0742
            for MLR

*   The chi-square value for MLM, MLMV, MLR, ULSMV, WLSM and WLSMV cannot be used
    for chi-square difference testing in the regular way.  MLM, MLR and WLSM
    chi-square difference testing is described on the Mplus website.  MLMV, WLSMV,
    and ULSMV difference testing is done using the DIFFTEST option.

RMSEA (Root Mean Square Error Of Approximation)

          Estimate                           0.045
          90 Percent C.I.                    0.040  0.050
          Probability RMSEA <= .05           0.960

CFI/TLI

          CFI                                0.963
          TLI                                0.933

Chi-Square Test of Model Fit for the Baseline Model

          Value                           7296.556
          Degrees of Freedom                   189
          P-Value                           0.0000

SRMR (Standardized Root Mean Square Residual)

          Value                              0.028



MODEL RESULTS

                                                    Two-Tailed
                    Estimate       S.E.  Est./S.E.    P-Value

 SYM      BY
    RADJ_NOR           1.000      0.000    999.000    999.000
    RADJ_EPI           1.000      0.000    999.000    999.000

 HPA      BY
    RADJ_CRT           1.000      0.000    999.000    999.000
    B4BDHEAS           1.000      0.000    999.000    999.000

 CARD     BY
    RB4P1GS            1.000      0.000    999.000    999.000
    PULPRESS           1.000      0.000    999.000    999.000

 GLUC     BY
    RB4BGLUC           1.000      0.000    999.000    999.000
    P4HOMAIR           0.294      0.040      7.398      0.000
    B4BHA1C            0.678      0.040     17.082      0.000

 LIPID    BY
    RB4PWHR            1.000      0.000    999.000    999.000
    RB4BTRIG          11.154     13.633      0.818      0.413
    B4BHDL            -5.273      4.119     -1.280      0.200
    B4BLDL             3.654      3.298      1.108      0.268
    P4HOMAIR           2.500      1.487      1.681      0.093

 INFL     BY
    RB4BCRP            1.000      0.000    999.000    999.000
    B4BIL6             0.756      0.088      8.622      0.000
    B4BFGN             1.021      0.114      8.972      0.000
    B4BSICAM           0.198      0.084      2.345      0.019
    B4BSESEL           0.079      0.080      0.992      0.321

 AL       BY
    RADJ_EPI          -0.300      0.041     -7.325      0.000
    RADJ_NOR           0.095      0.037      2.575      0.010
    RADJ_CRT          -0.304      0.044     -6.958      0.000
    B4BDHEAS          -0.052      0.037     -1.391      0.164
    RB4BCRP            0.512      0.037     13.907      0.000
    B4BIL6             0.476      0.044     10.742      0.000
    B4BFGN             0.322      0.042      7.662      0.000
    B4BSICAM           0.224      0.040      5.579      0.000
    B4BSESEL           0.346      0.038      9.141      0.000
    PULPRESS           0.097      0.037      2.635      0.008
    RB4P1GS            0.122      0.041      2.999      0.003
    B4BHA1C            0.356      0.047      7.501      0.000
    RB4BGLUC           0.405      0.050      8.129      0.000
    P4HOMAIR           0.709      0.042     16.693      0.000
    B4BLDL             0.033      0.056      0.587      0.557
    B4BHDL            -0.376      0.063     -5.970      0.000
    RB4BTRIG           0.434      0.079      5.479      0.000
    RB4PWHR            0.460      0.032     14.161      0.000

 RADJ_EPI ON
    B1PGENDER          0.060      0.059      1.019      0.308
    B1PAGE_M2          0.014      0.003      5.650      0.000

 RADJ_NOR ON
    B1PGENDER          0.462      0.056      8.249      0.000
    B1PAGE_M2          0.021      0.002      9.072      0.000

 RADJ_CRT ON
    B1PGENDER          0.203      0.058      3.473      0.001
    B1PAGE_M2          0.007      0.002      2.912      0.004

 B4BDHEAS ON
    B1PGENDER         -0.698      0.049    -14.236      0.000
    B1PAGE_M2         -0.037      0.002    -17.390      0.000

 RB4BCRP  ON
    B1PGENDER          0.337      0.057      5.940      0.000
    B1PAGE_M2          0.001      0.003      0.354      0.723

 B4BIL6   ON
    B1PGENDER          0.154      0.057      2.714      0.007
    B1PAGE_M2          0.015      0.002      6.283      0.000

 B4BFGN   ON
    B1PGENDER          0.363      0.057      6.384      0.000
    B1PAGE_M2          0.010      0.003      3.955      0.000

 B4BSICAM ON
    B1PGENDER          0.011      0.058      0.187      0.852
    B1PAGE_M2          0.010      0.003      3.717      0.000

 B4BSESEL ON
    B1PGENDER         -0.178      0.060     -2.978      0.003
    B1PAGE_M2         -0.009      0.002     -3.583      0.000

 RB4P1GS  ON
    B1PGENDER         -0.124      0.054     -2.322      0.020
    B1PAGE_M2          0.024      0.002      9.825      0.000

 PULPRESS ON
    B1PGENDER          0.184      0.050      3.641      0.000
    B1PAGE_M2          0.037      0.002     16.352      0.000

 RB4BGLUC ON
    B1PGENDER         -0.265      0.060     -4.429      0.000
    B1PAGE_M2          0.004      0.002      1.793      0.073

 P4HOMAIR ON
    B1PGENDER         -0.200      0.059     -3.378      0.001
    B1PAGE_M2         -0.003      0.002     -1.157      0.247

 B4BHA1C  ON
    B1PGENDER          0.022      0.060      0.374      0.708
    B1PAGE_M2          0.014      0.002      6.259      0.000

 RB4PWHR  ON
    B1PGENDER         -1.277      0.044    -28.969      0.000
    B1PAGE_M2          0.009      0.002      5.050      0.000

 RB4BTRIG ON
    B1PGENDER         -0.411      0.059     -7.011      0.000
    B1PAGE_M2          0.000      0.002     -0.153      0.878

 B4BHDL   ON
    B1PGENDER          0.744      0.054     13.703      0.000
    B1PAGE_M2          0.005      0.002      1.996      0.046

 B4BLDL   ON
    B1PGENDER          0.039      0.059      0.656      0.512
    B1PAGE_M2         -0.009      0.002     -3.472      0.001

 AL       WITH
    SYM                0.000      0.000    999.000    999.000
    HPA                0.000      0.000    999.000    999.000
    INFL               0.000      0.000    999.000    999.000
    CARD               0.000      0.000    999.000    999.000
    GLUC               0.000      0.000    999.000    999.000
    LIPID              0.000      0.000    999.000    999.000

 HPA      WITH
    SYM                0.066      0.018      3.589      0.000

 CARD     WITH
    SYM                0.064      0.023      2.846      0.004
    HPA                0.058      0.018      3.200      0.001

 GLUC     WITH
    SYM                0.051      0.024      2.150      0.032
    HPA                0.039      0.023      1.712      0.087
    CARD               0.041      0.026      1.584      0.113

 LIPID    WITH
    SYM                0.000      0.002      0.111      0.912
    HPA               -0.002      0.002     -0.780      0.435
    CARD               0.007      0.009      0.755      0.451
    GLUC               0.005      0.007      0.710      0.478

 INFL     WITH
    SYM                0.075      0.023      3.312      0.001
    HPA                0.021      0.020      1.031      0.302
    CARD               0.052      0.024      2.183      0.029
    GLUC              -0.047      0.032     -1.446      0.148
    LIPID             -0.003      0.003     -1.142      0.253

 Intercepts
    RADJ_EPI          -0.810      0.142     -5.701      0.000
    RADJ_NOR          -1.424      0.137    -10.386      0.000
    RADJ_CRT          -0.508      0.143     -3.559      0.000
    B4BDHEAS           2.439      0.120     20.371      0.000
    RB4BCRP           -0.231      0.147     -1.568      0.117
    B4BIL6            -0.913      0.143     -6.404      0.000
    B4BFGN            -0.743      0.142     -5.241      0.000
    B4BSICAM          -0.531      0.152     -3.502      0.000
    B4BSESEL           0.574      0.144      3.982      0.000
    PULPRESS          -2.136      0.125    -17.033      0.000
    RB4P1GS           -1.216      0.134     -9.108      0.000
    B4BHA1C           -0.798      0.139     -5.750      0.000
    RB4BGLUC          -0.078      0.139     -0.557      0.577
    P4HOMAIR           0.266      0.144      1.848      0.065
    B4BLDL             0.448      0.147      3.046      0.002
    B4BHDL            -0.680      0.137     -4.967      0.000
    RB4BTRIG           0.257      0.146      1.755      0.079
    RB4PWHR            0.220      0.108      2.037      0.042

 Variances
    SYM                0.481      0.030     15.902      0.000
    HPA                0.096      0.029      3.314      0.001
    CARD               0.685      0.035     19.811      0.000
    GLUC               0.813      0.099      8.221      0.000
    LIPID              0.005      0.010      0.466      0.641
    INFL               0.343      0.048      7.165      0.000
    AL                 1.000      0.000    999.000    999.000

 Residual Variances
    RADJ_EPI           0.396      0.034     11.657      0.000
    RADJ_NOR           0.403      0.029     13.694      0.000
    RADJ_CRT           0.780      0.042     18.375      0.000
    B4BDHEAS           0.613      0.037     16.597      0.000
    RB4BCRP            0.374      0.037     10.041      0.000
    B4BIL6             0.540      0.037     14.743      0.000
    B4BFGN             0.497      0.044     11.411      0.000
    B4BSICAM           0.923      0.062     14.859      0.000
    B4BSESEL           0.860      0.041     21.050      0.000
    PULPRESS           0.111      0.015      7.574      0.000
    RB4P1GS            0.216      0.017     12.405      0.000
    B4BHA1C            0.469      0.046     10.232      0.000
    RB4BGLUC           0.000      0.000    999.000    999.000
    P4HOMAIR           0.381      0.026     14.617      0.000
    B4BLDL             0.923      0.049     18.659      0.000
    B4BHDL             0.587      0.059      9.956      0.000
    RB4BTRIG           0.171      0.265      0.647      0.518
    RB4PWHR            0.365      0.022     16.609      0.000


STANDARDIZED MODEL RESULTS


STDYX Standardization

                                                    Two-Tailed
                    Estimate       S.E.  Est./S.E.    P-Value

 SYM      BY
    RADJ_NOR           0.693      0.017     39.768      0.000
    RADJ_EPI           0.695      0.019     36.985      0.000

 HPA      BY
    RADJ_CRT           0.312      0.046      6.821      0.000
    B4BDHEAS           0.308      0.045      6.832      0.000

 CARD     BY
    RB4P1GS            0.829      0.012     71.399      0.000
    PULPRESS           0.827      0.015     55.943      0.000

 GLUC     BY
    RB4BGLUC           0.903      0.022     40.334      0.000
    P4HOMAIR           0.265      0.041      6.511      0.000
    B4BHA1C            0.612      0.043     14.195      0.000

 LIPID    BY
    RB4PWHR            0.069      0.075      0.931      0.352
    RB4BTRIG           0.774      0.153      5.049      0.000
    B4BHDL            -0.366      0.127     -2.871      0.004
    B4BLDL             0.254      0.065      3.899      0.000
    P4HOMAIR           0.173      0.096      1.806      0.071

 INFL     BY
    RB4BCRP            0.584      0.039     15.029      0.000
    B4BIL6             0.443      0.045      9.809      0.000
    B4BFGN             0.597      0.043     14.014      0.000
    B4BSICAM           0.116      0.048      2.395      0.017
    B4BSESEL           0.046      0.047      0.997      0.319

 AL       BY
    RADJ_EPI          -0.300      0.040     -7.523      0.000
    RADJ_NOR           0.095      0.037      2.586      0.010
    RADJ_CRT          -0.306      0.043     -7.050      0.000
    B4BDHEAS          -0.051      0.037     -1.388      0.165
    RB4BCRP            0.510      0.034     14.929      0.000
    B4BIL6             0.477      0.043     11.129      0.000
    B4BFGN             0.321      0.040      7.944      0.000
    B4BSICAM           0.224      0.039      5.711      0.000
    B4BSESEL           0.347      0.036      9.622      0.000
    PULPRESS           0.097      0.037      2.645      0.008
    RB4P1GS            0.122      0.041      3.004      0.003
    B4BHA1C            0.356      0.044      8.063      0.000
    RB4BGLUC           0.406      0.049      8.339      0.000
    P4HOMAIR           0.708      0.039     18.164      0.000
    B4BLDL             0.033      0.056      0.589      0.556
    B4BHDL            -0.376      0.063     -5.997      0.000
    RB4BTRIG           0.434      0.077      5.602      0.000
    RB4PWHR            0.460      0.031     14.662      0.000

 RADJ_EPI ON
    B1PGENDER          0.030      0.029      1.019      0.308
    B1PAGE_M2          0.167      0.029      5.773      0.000

 RADJ_NOR ON
    B1PGENDER          0.228      0.027      8.568      0.000
    B1PAGE_M2          0.249      0.027      9.248      0.000

 RADJ_CRT ON
    B1PGENDER          0.101      0.029      3.484      0.000
    B1PAGE_M2          0.085      0.029      2.919      0.004

 B4BDHEAS ON
    B1PGENDER         -0.344      0.022    -15.690      0.000
    B1PAGE_M2         -0.437      0.023    -18.683      0.000

 RB4BCRP  ON
    B1PGENDER          0.166      0.028      6.019      0.000
    B1PAGE_M2          0.010      0.030      0.354      0.723

 B4BIL6   ON
    B1PGENDER          0.076      0.028      2.724      0.006
    B1PAGE_M2          0.178      0.028      6.374      0.000

 B4BFGN   ON
    B1PGENDER          0.180      0.027      6.605      0.000
    B1PAGE_M2          0.116      0.029      4.024      0.000

 B4BSICAM ON
    B1PGENDER          0.005      0.029      0.187      0.852
    B1PAGE_M2          0.113      0.031      3.675      0.000

 B4BSESEL ON
    B1PGENDER         -0.088      0.029     -2.990      0.003
    B1PAGE_M2         -0.101      0.028     -3.606      0.000

 RB4P1GS  ON
    B1PGENDER         -0.062      0.027     -2.317      0.020
    B1PAGE_M2          0.277      0.027     10.103      0.000

 PULPRESS ON
    B1PGENDER          0.091      0.025      3.679      0.000
    B1PAGE_M2          0.436      0.024     18.488      0.000

 RB4BGLUC ON
    B1PGENDER         -0.131      0.029     -4.593      0.000
    B1PAGE_M2          0.049      0.028      1.765      0.078

 P4HOMAIR ON
    B1PGENDER         -0.099      0.029     -3.397      0.001
    B1PAGE_M2         -0.032      0.028     -1.159      0.247

 B4BHA1C  ON
    B1PGENDER          0.011      0.030      0.373      0.709
    B1PAGE_M2          0.169      0.030      5.683      0.000

 RB4PWHR  ON
    B1PGENDER         -0.633      0.016    -39.340      0.000
    B1PAGE_M2          0.108      0.021      5.049      0.000

 RB4BTRIG ON
    B1PGENDER         -0.204      0.028     -7.253      0.000
    B1PAGE_M2         -0.004      0.029     -0.153      0.878

 B4BHDL   ON
    B1PGENDER          0.369      0.024     15.053      0.000
    B1PAGE_M2          0.055      0.028      1.983      0.047

 B4BLDL   ON
    B1PGENDER          0.019      0.029      0.657      0.511
    B1PAGE_M2         -0.101      0.029     -3.494      0.000

 AL       WITH
    SYM                0.000      0.000    999.000    999.000
    HPA                0.000      0.000    999.000    999.000
    INFL               0.000      0.000    999.000    999.000
    CARD               0.000      0.000    999.000    999.000
    GLUC               0.000      0.000    999.000    999.000
    LIPID              0.000      0.000    999.000    999.000

 HPA      WITH
    SYM                0.309      0.086      3.591      0.000

 CARD     WITH
    SYM                0.112      0.039      2.876      0.004
    HPA                0.228      0.077      2.948      0.003

 GLUC     WITH
    SYM                0.082      0.038      2.171      0.030
    HPA                0.138      0.086      1.603      0.109
    CARD               0.055      0.035      1.598      0.110

 LIPID    WITH
    SYM                0.005      0.047      0.109      0.913
    HPA               -0.081      0.105     -0.778      0.437
    CARD               0.120      0.045      2.666      0.008
    GLUC               0.078      0.058      1.343      0.179

 INFL     WITH
    SYM                0.184      0.057      3.214      0.001
    HPA                0.115      0.117      0.981      0.326
    CARD               0.108      0.047      2.317      0.021
    GLUC              -0.089      0.063     -1.400      0.161
    LIPID             -0.075      0.091     -0.826      0.409

 Intercepts
    RADJ_EPI          -0.811      0.139     -5.857      0.000
    RADJ_NOR          -1.422      0.131    -10.867      0.000
    RADJ_CRT          -0.512      0.143     -3.591      0.000
    B4BDHEAS           2.428      0.106     22.920      0.000
    RB4BCRP           -0.231      0.147     -1.571      0.116
    B4BIL6            -0.913      0.140     -6.511      0.000
    B4BFGN            -0.743      0.138     -5.371      0.000
    B4BSICAM          -0.531      0.155     -3.435      0.001
    B4BSESEL           0.574      0.143      4.014      0.000
    PULPRESS          -2.135      0.109    -19.656      0.000
    RB4P1GS           -1.218      0.130     -9.371      0.000
    B4BHA1C           -0.800      0.157     -5.084      0.000
    RB4BGLUC          -0.078      0.141     -0.552      0.581
    P4HOMAIR           0.265      0.143      1.858      0.063
    B4BLDL             0.449      0.146      3.077      0.002
    B4BHDL            -0.680      0.139     -4.877      0.000
    RB4BTRIG           0.257      0.146      1.761      0.078
    RB4PWHR            0.220      0.108      2.042      0.041

 Variances
    SYM                1.000      0.000    999.000    999.000
    HPA                1.000      0.000    999.000    999.000
    CARD               1.000      0.000    999.000    999.000
    GLUC               1.000      0.000    999.000    999.000
    LIPID              1.000      0.000    999.000    999.000
    INFL               1.000      0.000    999.000    999.000
    AL                 1.000      0.000    999.000    999.000

 Residual Variances
    RADJ_EPI           0.398      0.031     13.009      0.000
    RADJ_NOR           0.402      0.025     15.831      0.000
    RADJ_CRT           0.792      0.033     23.780      0.000
    B4BDHEAS           0.607      0.032     18.744      0.000
    RB4BCRP            0.371      0.037      9.961      0.000
    B4BIL6             0.540      0.031     17.230      0.000
    B4BFGN             0.496      0.043     11.640      0.000
    B4BSICAM           0.924      0.017     54.548      0.000
    B4BSESEL           0.861      0.024     35.947      0.000
    PULPRESS           0.111      0.015      7.584      0.000
    RB4P1GS            0.217      0.015     13.994      0.000
    B4BHA1C            0.471      0.040     11.755      0.000
    RB4BGLUC           0.000    999.000    999.000    999.000
    P4HOMAIR           0.380      0.026     14.644      0.000
    B4BLDL             0.924      0.031     30.107      0.000
    B4BHDL             0.588      0.057     10.391      0.000
    RB4BTRIG           0.171      0.265      0.645      0.519
    RB4PWHR            0.365      0.022     16.721      0.000


R-SQUARE

    Observed                                        Two-Tailed
    Variable        Estimate       S.E.  Est./S.E.    P-Value

    RADJ_EPI           0.602      0.031     19.678      0.000
    RADJ_NOR           0.598      0.025     23.572      0.000
    RADJ_CRT           0.208      0.033      6.235      0.000
    B4BDHEAS           0.393      0.032     12.139      0.000
    RB4BCRP            0.629      0.037     16.882      0.000
    B4BIL6             0.460      0.031     14.655      0.000
    B4BFGN             0.504      0.043     11.827      0.000
    B4BSICAM           0.076      0.017      4.516      0.000
    B4BSESEL           0.139      0.024      5.826      0.000
    PULPRESS           0.889      0.015     60.648      0.000
    RB4P1GS            0.783      0.015     50.637      0.000
    B4BHA1C            0.529      0.040     13.219      0.000
    RB4BGLUC           1.000    999.000    999.000    999.000
    P4HOMAIR           0.620      0.026     23.867      0.000
    B4BLDL             0.076      0.031      2.482      0.013
    B4BHDL             0.412      0.057      7.290      0.000
    RB4BTRIG           0.829      0.265      3.123      0.002
    RB4PWHR            0.635      0.022     29.089      0.000


QUALITY OF NUMERICAL RESULTS

     Condition Number for the Information Matrix              0.262E-05
       (ratio of smallest to largest eigenvalue)


CONFIDENCE INTERVALS OF MODEL RESULTS

                  Lower .5%  Lower 2.5%    Lower 5%    Estimate    Upper 5%  Upper 2.5%   Upper .5%

 SYM      BY
    RADJ_NOR         1.000       1.000       1.000       1.000       1.000       1.000       1.000
    RADJ_EPI         1.000       1.000       1.000       1.000       1.000       1.000       1.000

 HPA      BY
    RADJ_CRT         1.000       1.000       1.000       1.000       1.000       1.000       1.000
    B4BDHEAS         1.000       1.000       1.000       1.000       1.000       1.000       1.000

 CARD     BY
    RB4P1GS          1.000       1.000       1.000       1.000       1.000       1.000       1.000
    PULPRESS         1.000       1.000       1.000       1.000       1.000       1.000       1.000

 GLUC     BY
    RB4BGLUC         1.000       1.000       1.000       1.000       1.000       1.000       1.000
    P4HOMAIR         0.192       0.216       0.229       0.294       0.360       0.372       0.397
    B4BHA1C          0.575       0.600       0.612       0.678       0.743       0.755       0.780

 LIPID    BY
    RB4PWHR          1.000       1.000       1.000       1.000       1.000       1.000       1.000
    RB4BTRIG       -23.962     -15.567     -11.273      11.154      33.580      37.874      46.269
    B4BHDL         -15.882     -13.346     -12.048      -5.273       1.503       2.800       5.337
    B4BLDL          -4.841      -2.810      -1.771       3.654       9.080      10.119      12.150
    P4HOMAIR        -1.331      -0.415       0.054       2.500       4.947       5.415       6.331

 INFL     BY
    RB4BCRP          1.000       1.000       1.000       1.000       1.000       1.000       1.000
    B4BIL6           0.530       0.584       0.612       0.756       0.901       0.928       0.982
    B4BFGN           0.728       0.798       0.834       1.021       1.208       1.244       1.314
    B4BSICAM        -0.019       0.032       0.059       0.198       0.336       0.363       0.415
    B4BSESEL        -0.127      -0.077      -0.052       0.079       0.211       0.236       0.285

 AL       BY
    RADJ_EPI        -0.405      -0.380      -0.367      -0.300      -0.232      -0.220      -0.194
    RADJ_NOR         0.000       0.023       0.034       0.095       0.156       0.168       0.191
    RADJ_CRT        -0.417      -0.390      -0.376      -0.304      -0.232      -0.218      -0.192
    B4BDHEAS        -0.147      -0.125      -0.113      -0.052       0.009       0.021       0.044
    RB4BCRP          0.417       0.440       0.452       0.512       0.573       0.584       0.607
    B4BIL6           0.362       0.390       0.403       0.476       0.549       0.563       0.591
    B4BFGN           0.214       0.239       0.253       0.322       0.391       0.404       0.430
    B4BSICAM         0.121       0.145       0.158       0.224       0.290       0.303       0.328
    B4BSESEL         0.249       0.272       0.284       0.346       0.409       0.421       0.444
    PULPRESS         0.002       0.025       0.037       0.097       0.158       0.170       0.192
    RB4P1GS          0.017       0.042       0.055       0.122       0.189       0.202       0.227
    B4BHA1C          0.233       0.263       0.278       0.356       0.433       0.448       0.478
    RB4BGLUC         0.277       0.308       0.323       0.405       0.488       0.503       0.534
    P4HOMAIR         0.600       0.626       0.639       0.709       0.779       0.792       0.818
    B4BLDL          -0.111      -0.077      -0.059       0.033       0.125       0.143       0.177
    B4BHDL          -0.538      -0.499      -0.479      -0.376      -0.272      -0.252      -0.214
    RB4BTRIG         0.230       0.279       0.303       0.434       0.564       0.589       0.638
    RB4PWHR          0.376       0.396       0.406       0.460       0.513       0.523       0.543

 RADJ_EPI ON
    B1PGENDER       -0.091      -0.055      -0.037       0.060       0.156       0.174       0.210
    B1PAGE_M2        0.008       0.009       0.010       0.014       0.018       0.019       0.021

 RADJ_NOR ON
    B1PGENDER        0.318       0.352       0.370       0.462       0.554       0.571       0.606
    B1PAGE_M2        0.015       0.017       0.017       0.021       0.025       0.026       0.027

 RADJ_CRT ON
    B1PGENDER        0.052       0.088       0.107       0.203       0.299       0.317       0.353
    B1PAGE_M2        0.001       0.002       0.003       0.007       0.011       0.012       0.014

 B4BDHEAS ON
    B1PGENDER       -0.825      -0.795      -0.779      -0.698      -0.618      -0.602      -0.572
    B1PAGE_M2       -0.043      -0.042      -0.041      -0.037      -0.034      -0.033      -0.032

 RB4BCRP  ON
    B1PGENDER        0.191       0.226       0.243       0.337       0.430       0.448       0.483
    B1PAGE_M2       -0.006      -0.004      -0.003       0.001       0.005       0.006       0.007

 B4BIL6   ON
    B1PGENDER        0.008       0.043       0.061       0.154       0.247       0.265       0.300
    B1PAGE_M2        0.009       0.010       0.011       0.015       0.019       0.020       0.021

 B4BFGN   ON
    B1PGENDER        0.217       0.252       0.270       0.363       0.457       0.475       0.510
    B1PAGE_M2        0.003       0.005       0.006       0.010       0.014       0.015       0.016

 B4BSICAM ON
    B1PGENDER       -0.139      -0.103      -0.085       0.011       0.107       0.125       0.161
    B1PAGE_M2        0.003       0.005       0.005       0.010       0.014       0.015       0.016

 B4BSESEL ON
    B1PGENDER       -0.331      -0.295      -0.276      -0.178      -0.080      -0.061      -0.024
    B1PAGE_M2       -0.015      -0.013      -0.013      -0.009      -0.005      -0.004      -0.002

 RB4P1GS  ON
    B1PGENDER       -0.262      -0.229      -0.213      -0.124      -0.036      -0.019       0.014
    B1PAGE_M2        0.017       0.019       0.020       0.024       0.028       0.028       0.030

 PULPRESS ON
    B1PGENDER        0.054       0.085       0.101       0.184       0.267       0.283       0.314
    B1PAGE_M2        0.031       0.033       0.034       0.037       0.041       0.042       0.043

 RB4BGLUC ON
    B1PGENDER       -0.419      -0.382      -0.363      -0.265      -0.167      -0.148      -0.111
    B1PAGE_M2       -0.002       0.000       0.000       0.004       0.008       0.009       0.010

 P4HOMAIR ON
    B1PGENDER       -0.353      -0.316      -0.297      -0.200      -0.103      -0.084      -0.047
    B1PAGE_M2       -0.009      -0.007      -0.007      -0.003       0.001       0.002       0.003

 B4BHA1C  ON
    B1PGENDER       -0.132      -0.095      -0.076       0.022       0.121       0.140       0.177
    B1PAGE_M2        0.008       0.010       0.011       0.014       0.018       0.019       0.020

 RB4PWHR  ON
    B1PGENDER       -1.391      -1.364      -1.350      -1.277      -1.205      -1.191      -1.164
    B1PAGE_M2        0.005       0.006       0.006       0.009       0.012       0.013       0.014

 RB4BTRIG ON
    B1PGENDER       -0.562      -0.526      -0.508      -0.411      -0.315      -0.296      -0.260
    B1PAGE_M2       -0.007      -0.005      -0.004       0.000       0.004       0.004       0.006

 B4BHDL   ON
    B1PGENDER        0.604       0.638       0.655       0.744       0.833       0.851       0.884
    B1PAGE_M2       -0.001       0.000       0.001       0.005       0.009       0.009       0.011

 B4BLDL   ON
    B1PGENDER       -0.113      -0.077      -0.058       0.039       0.135       0.154       0.190
    B1PAGE_M2       -0.015      -0.013      -0.013      -0.009      -0.005      -0.004      -0.002

 AL       WITH
    SYM              0.000       0.000       0.000       0.000       0.000       0.000       0.000
    HPA              0.000       0.000       0.000       0.000       0.000       0.000       0.000
    INFL             0.000       0.000       0.000       0.000       0.000       0.000       0.000
    CARD             0.000       0.000       0.000       0.000       0.000       0.000       0.000
    GLUC             0.000       0.000       0.000       0.000       0.000       0.000       0.000
    LIPID            0.000       0.000       0.000       0.000       0.000       0.000       0.000

 HPA      WITH
    SYM              0.019       0.030       0.036       0.066       0.097       0.103       0.114

 CARD     WITH
    SYM              0.006       0.020       0.027       0.064       0.101       0.108       0.122
    HPA              0.011       0.023       0.028       0.058       0.088       0.094       0.105

 GLUC     WITH
    SYM             -0.010       0.005       0.012       0.051       0.090       0.098       0.112
    HPA             -0.019      -0.006       0.002       0.039       0.076       0.083       0.097
    CARD            -0.026      -0.010      -0.002       0.041       0.084       0.092       0.109

 LIPID    WITH
    SYM             -0.005      -0.004      -0.003       0.000       0.004       0.005       0.006
    HPA             -0.008      -0.006      -0.005      -0.002       0.002       0.003       0.004
    CARD            -0.017      -0.011      -0.008       0.007       0.022       0.025       0.030
    GLUC            -0.013      -0.009      -0.006       0.005       0.016       0.018       0.023

 INFL     WITH
    SYM              0.017       0.030       0.038       0.075       0.112       0.119       0.133
    HPA             -0.031      -0.019      -0.012       0.021       0.054       0.060       0.073
    CARD            -0.009       0.005       0.013       0.052       0.092       0.099       0.114
    GLUC            -0.131      -0.111      -0.100      -0.047       0.006       0.017       0.037
    LIPID           -0.010      -0.008      -0.007      -0.003       0.001       0.002       0.004

 Intercepts
    RADJ_EPI        -1.175      -1.088      -1.043      -0.810      -0.576      -0.531      -0.444
    RADJ_NOR        -1.777      -1.693      -1.649      -1.424      -1.198      -1.155      -1.071
    RADJ_CRT        -0.876      -0.788      -0.743      -0.508      -0.273      -0.228      -0.140
    B4BDHEAS         2.131       2.204       2.242       2.439       2.636       2.674       2.747
    RB4BCRP         -0.611      -0.520      -0.474      -0.231       0.011       0.058       0.149
    B4BIL6          -1.280      -1.192      -1.147      -0.913      -0.678      -0.633      -0.546
    B4BFGN          -1.109      -1.021      -0.977      -0.743      -0.510      -0.465      -0.378
    B4BSICAM        -0.921      -0.828      -0.780      -0.531      -0.281      -0.234      -0.140
    B4BSESEL         0.203       0.292       0.337       0.574       0.812       0.857       0.946
    PULPRESS        -2.459      -2.382      -2.342      -2.136      -1.930      -1.890      -1.813
    RB4P1GS         -1.560      -1.478      -1.436      -1.216      -0.996      -0.954      -0.872
    B4BHA1C         -1.156      -1.071      -1.027      -0.798      -0.570      -0.526      -0.441
    RB4BGLUC        -0.436      -0.351      -0.307      -0.078       0.152       0.195       0.281
    P4HOMAIR        -0.105      -0.016       0.029       0.266       0.502       0.548       0.636
    B4BLDL           0.069       0.160       0.206       0.448       0.691       0.737       0.828
    B4BHDL          -1.033      -0.948      -0.905      -0.680      -0.455      -0.412      -0.327
    RB4BTRIG        -0.120      -0.030       0.016       0.257       0.498       0.544       0.634
    RB4PWHR         -0.058       0.008       0.042       0.220       0.397       0.431       0.498

 Variances
    SYM              0.403       0.422       0.431       0.481       0.531       0.540       0.559
    HPA              0.021       0.039       0.048       0.096       0.143       0.152       0.170
    CARD             0.596       0.617       0.628       0.685       0.742       0.752       0.774
    GLUC             0.558       0.619       0.650       0.813       0.975       1.006       1.067
    LIPID           -0.022      -0.015      -0.012       0.005       0.022       0.025       0.031
    INFL             0.220       0.249       0.264       0.343       0.422       0.437       0.466
    AL               1.000       1.000       1.000       1.000       1.000       1.000       1.000

 Residual Variances
    RADJ_EPI         0.309       0.329       0.340       0.396       0.452       0.463       0.484
    RADJ_NOR         0.327       0.345       0.354       0.403       0.451       0.460       0.478
    RADJ_CRT         0.671       0.697       0.710       0.780       0.850       0.864       0.890
    B4BDHEAS         0.517       0.540       0.552       0.613       0.673       0.685       0.708
    RB4BCRP          0.278       0.301       0.312       0.374       0.435       0.447       0.469
    B4BIL6           0.446       0.468       0.480       0.540       0.600       0.612       0.634
    B4BFGN           0.385       0.412       0.425       0.497       0.569       0.582       0.609
    B4BSICAM         0.763       0.801       0.821       0.923       1.025       1.044       1.083
    B4BSESEL         0.755       0.780       0.793       0.860       0.928       0.941       0.966
    PULPRESS         0.073       0.082       0.087       0.111       0.135       0.140       0.149
    RB4P1GS          0.171       0.182       0.187       0.216       0.245       0.250       0.261
    B4BHA1C          0.351       0.380       0.394       0.469       0.545       0.559       0.588
    RB4BGLUC         0.000       0.000       0.000       0.000       0.000       0.000       0.000
    P4HOMAIR         0.314       0.330       0.338       0.381       0.424       0.432       0.448
    B4BLDL           0.796       0.826       0.842       0.923       1.005       1.020       1.051
    B4BHDL           0.435       0.472       0.490       0.587       0.684       0.703       0.739
    RB4BTRIG        -0.511      -0.348      -0.264       0.171       0.607       0.690       0.853
    RB4PWHR          0.308       0.322       0.328       0.365       0.401       0.408       0.421


CONFIDENCE INTERVALS OF STANDARDIZED MODEL RESULTS


STDYX Standardization

                  Lower .5%  Lower 2.5%    Lower 5%    Estimate    Upper 5%  Upper 2.5%   Upper .5%

 SYM      BY
    RADJ_NOR         0.648       0.659       0.664       0.693       0.721       0.727       0.738
    RADJ_EPI         0.647       0.658       0.664       0.695       0.726       0.732       0.744

 HPA      BY
    RADJ_CRT         0.194       0.222       0.236       0.312       0.387       0.401       0.429
    B4BDHEAS         0.192       0.220       0.234       0.308       0.382       0.396       0.424

 CARD     BY
    RB4P1GS          0.799       0.806       0.810       0.829       0.848       0.851       0.859
    PULPRESS         0.789       0.798       0.803       0.827       0.852       0.856       0.865

 GLUC     BY
    RB4BGLUC         0.845       0.859       0.866       0.903       0.940       0.947       0.960
    P4HOMAIR         0.160       0.185       0.198       0.265       0.332       0.345       0.370
    B4BHA1C          0.501       0.527       0.541       0.612       0.683       0.696       0.723

 LIPID    BY
    RB4PWHR         -0.123      -0.077      -0.053       0.069       0.192       0.216       0.262
    RB4BTRIG         0.379       0.474       0.522       0.774       1.026       1.075       1.169
    B4BHDL          -0.694      -0.616      -0.576      -0.366      -0.156      -0.116      -0.038
    B4BLDL           0.086       0.126       0.147       0.254       0.361       0.381       0.421
    P4HOMAIR        -0.074      -0.015       0.015       0.173       0.331       0.361       0.421

 INFL     BY
    RB4BCRP          0.484       0.508       0.520       0.584       0.648       0.660       0.684
    B4BIL6           0.327       0.355       0.369       0.443       0.517       0.532       0.559
    B4BFGN           0.487       0.514       0.527       0.597       0.667       0.681       0.707
    B4BSICAM        -0.009       0.021       0.036       0.116       0.195       0.210       0.240
    B4BSESEL        -0.074      -0.045      -0.030       0.046       0.123       0.138       0.167

 AL       BY
    RADJ_EPI        -0.403      -0.379      -0.366      -0.300      -0.235      -0.222      -0.198
    RADJ_NOR         0.000       0.023       0.035       0.095       0.156       0.167       0.190
    RADJ_CRT        -0.418      -0.392      -0.378      -0.306      -0.235      -0.221      -0.194
    B4BDHEAS        -0.147      -0.124      -0.112      -0.051       0.010       0.021       0.044
    RB4BCRP          0.422       0.443       0.454       0.510       0.567       0.577       0.599
    B4BIL6           0.366       0.393       0.406       0.477       0.547       0.561       0.587
    B4BFGN           0.217       0.242       0.255       0.321       0.388       0.401       0.426
    B4BSICAM         0.123       0.147       0.160       0.224       0.289       0.301       0.326
    B4BSESEL         0.254       0.276       0.287       0.347       0.406       0.417       0.439
    PULPRESS         0.003       0.025       0.037       0.097       0.158       0.169       0.192
    RB4P1GS          0.017       0.042       0.055       0.122       0.189       0.202       0.227
    B4BHA1C          0.242       0.269       0.283       0.356       0.429       0.443       0.470
    RB4BGLUC         0.281       0.311       0.326       0.406       0.486       0.501       0.531
    P4HOMAIR         0.608       0.632       0.644       0.708       0.772       0.785       0.809
    B4BLDL          -0.111      -0.077      -0.059       0.033       0.125       0.143       0.177
    B4BHDL          -0.537      -0.499      -0.479      -0.376      -0.273      -0.253      -0.214
    RB4BTRIG         0.234       0.282       0.306       0.434       0.561       0.585       0.633
    RB4PWHR          0.379       0.398       0.408       0.460       0.511       0.521       0.541

 RADJ_EPI ON
    B1PGENDER       -0.045      -0.027      -0.018       0.030       0.077       0.087       0.104
    B1PAGE_M2        0.093       0.110       0.120       0.167       0.215       0.224       0.242

 RADJ_NOR ON
    B1PGENDER        0.160       0.176       0.185       0.228       0.272       0.281       0.297
    B1PAGE_M2        0.180       0.197       0.205       0.249       0.294       0.302       0.319

 RADJ_CRT ON
    B1PGENDER        0.026       0.044       0.053       0.101       0.149       0.158       0.176
    B1PAGE_M2        0.010       0.028       0.037       0.085       0.133       0.142       0.160

 B4BDHEAS ON
    B1PGENDER       -0.401      -0.387      -0.380      -0.344      -0.308      -0.301      -0.288
    B1PAGE_M2       -0.497      -0.483      -0.475      -0.437      -0.398      -0.391      -0.377

 RB4BCRP  ON
    B1PGENDER        0.095       0.112       0.121       0.166       0.212       0.220       0.237
    B1PAGE_M2       -0.066      -0.048      -0.038       0.010       0.059       0.068       0.087

 B4BIL6   ON
    B1PGENDER        0.004       0.021       0.030       0.076       0.122       0.131       0.148
    B1PAGE_M2        0.106       0.123       0.132       0.178       0.224       0.232       0.249

 B4BFGN   ON
    B1PGENDER        0.110       0.126       0.135       0.180       0.225       0.233       0.250
    B1PAGE_M2        0.042       0.060       0.069       0.116       0.164       0.173       0.191

 B4BSICAM ON
    B1PGENDER       -0.069      -0.051      -0.042       0.005       0.053       0.062       0.080
    B1PAGE_M2        0.034       0.053       0.062       0.113       0.163       0.173       0.192

 B4BSESEL ON
    B1PGENDER       -0.164      -0.146      -0.136      -0.088      -0.040      -0.030      -0.012
    B1PAGE_M2       -0.174      -0.157      -0.148      -0.101      -0.055      -0.046      -0.029

 RB4P1GS  ON
    B1PGENDER       -0.130      -0.114      -0.106      -0.062      -0.018      -0.010       0.007
    B1PAGE_M2        0.206       0.223       0.232       0.277       0.322       0.330       0.347

 PULPRESS ON
    B1PGENDER        0.027       0.043       0.050       0.091       0.132       0.139       0.155
    B1PAGE_M2        0.375       0.390       0.397       0.436       0.475       0.482       0.497

 RB4BGLUC ON
    B1PGENDER       -0.205      -0.188      -0.179      -0.131      -0.084      -0.075      -0.058
    B1PAGE_M2       -0.023      -0.005       0.003       0.049       0.095       0.104       0.121

 P4HOMAIR ON
    B1PGENDER       -0.174      -0.156      -0.147      -0.099      -0.051      -0.042      -0.024
    B1PAGE_M2       -0.104      -0.087      -0.078      -0.032       0.014       0.022       0.039

 B4BHA1C  ON
    B1PGENDER       -0.066      -0.047      -0.038       0.011       0.060       0.070       0.088
    B1PAGE_M2        0.092       0.111       0.120       0.169       0.218       0.227       0.245

 RB4PWHR  ON
    B1PGENDER       -0.674      -0.665      -0.660      -0.633      -0.607      -0.601      -0.592
    B1PAGE_M2        0.053       0.066       0.073       0.108       0.144       0.151       0.164

 RB4BTRIG ON
    B1PGENDER       -0.276      -0.259      -0.250      -0.204      -0.158      -0.149      -0.131
    B1PAGE_M2       -0.079      -0.061      -0.052      -0.004       0.043       0.052       0.070

 B4BHDL   ON
    B1PGENDER        0.306       0.321       0.328       0.369       0.409       0.417       0.432
    B1PAGE_M2       -0.016       0.001       0.009       0.055       0.100       0.109       0.126

 B4BLDL   ON
    B1PGENDER       -0.056      -0.038      -0.029       0.019       0.067       0.076       0.094
    B1PAGE_M2       -0.175      -0.158      -0.148      -0.101      -0.053      -0.044      -0.027

 AL       WITH
    SYM              0.000       0.000       0.000       0.000       0.000       0.000       0.000
    HPA              0.000       0.000       0.000       0.000       0.000       0.000       0.000
    INFL             0.000       0.000       0.000       0.000       0.000       0.000       0.000
    CARD             0.000       0.000       0.000       0.000       0.000       0.000       0.000
    GLUC             0.000       0.000       0.000       0.000       0.000       0.000       0.000
    LIPID            0.000       0.000       0.000       0.000       0.000       0.000       0.000

 HPA      WITH
    SYM              0.087       0.140       0.168       0.309       0.451       0.478       0.531

 CARD     WITH
    SYM              0.012       0.036       0.048       0.112       0.176       0.188       0.212
    HPA              0.029       0.076       0.101       0.228       0.355       0.379       0.426

 GLUC     WITH
    SYM             -0.015       0.008       0.020       0.082       0.144       0.156       0.179
    HPA             -0.084      -0.031      -0.004       0.138       0.280       0.308       0.361
    CARD            -0.034      -0.013      -0.002       0.055       0.112       0.123       0.145

 LIPID    WITH
    SYM             -0.115      -0.086      -0.071       0.005       0.082       0.096       0.125
    HPA             -0.351      -0.286      -0.253      -0.081       0.091       0.124       0.188
    CARD             0.004       0.032       0.046       0.120       0.194       0.208       0.236
    GLUC            -0.072      -0.036      -0.018       0.078       0.174       0.193       0.229

 INFL     WITH
    SYM              0.036       0.072       0.090       0.184       0.278       0.296       0.331
    HPA             -0.186      -0.114      -0.078       0.115       0.307       0.344       0.416
    CARD            -0.012       0.017       0.031       0.108       0.185       0.200       0.228
    GLUC            -0.252      -0.213      -0.193      -0.089       0.016       0.036       0.075
    LIPID           -0.310      -0.254      -0.225      -0.075       0.075       0.103       0.159

 Intercepts
    RADJ_EPI        -1.168      -1.083      -1.039      -0.811      -0.584      -0.540      -0.455
    RADJ_NOR        -1.759      -1.679      -1.638      -1.422      -1.207      -1.166      -1.085
    RADJ_CRT        -0.879      -0.791      -0.746      -0.512      -0.277      -0.233      -0.145
    B4BDHEAS         2.155       2.220       2.254       2.428       2.602       2.636       2.701
    RB4BCRP         -0.608      -0.518      -0.472      -0.231       0.011       0.057       0.147
    B4BIL6          -1.274      -1.188      -1.144      -0.913      -0.682      -0.638      -0.552
    B4BFGN          -1.099      -1.014      -0.970      -0.743      -0.515      -0.472      -0.387
    B4BSICAM        -0.929      -0.834      -0.785      -0.531      -0.277      -0.228      -0.133
    B4BSESEL         0.206       0.294       0.339       0.574       0.810       0.855       0.943
    PULPRESS        -2.415      -2.348      -2.314      -2.135      -1.957      -1.923      -1.856
    RB4P1GS         -1.552      -1.472      -1.431      -1.218      -1.004      -0.963      -0.883
    B4BHA1C         -1.205      -1.108      -1.058      -0.800      -0.541      -0.491      -0.394
    RB4BGLUC        -0.441      -0.354      -0.309      -0.078       0.154       0.198       0.285
    P4HOMAIR        -0.103      -0.015       0.030       0.265       0.501       0.546       0.634
    B4BLDL           0.073       0.163       0.209       0.449       0.688       0.734       0.824
    B4BHDL          -1.039      -0.953      -0.910      -0.680      -0.451      -0.407      -0.321
    RB4BTRIG        -0.119      -0.029       0.017       0.257       0.497       0.543       0.633
    RB4PWHR         -0.058       0.009       0.043       0.220       0.397       0.431       0.497

 Variances
    SYM              1.000       1.000       1.000       1.000       1.000       1.000       1.000
    HPA              1.000       1.000       1.000       1.000       1.000       1.000       1.000
    CARD             1.000       1.000       1.000       1.000       1.000       1.000       1.000
    GLUC             1.000       1.000       1.000       1.000       1.000       1.000       1.000
    LIPID            1.000       1.000       1.000       1.000       1.000       1.000       1.000
    INFL             1.000       1.000       1.000       1.000       1.000       1.000       1.000
    AL               1.000       1.000       1.000       1.000       1.000       1.000       1.000

 Residual Variances
    RADJ_EPI         0.319       0.338       0.348       0.398       0.448       0.458       0.477
    RADJ_NOR         0.336       0.352       0.360       0.402       0.444       0.452       0.467
    RADJ_CRT         0.706       0.727       0.737       0.792       0.847       0.858       0.878
    B4BDHEAS         0.524       0.543       0.554       0.607       0.660       0.670       0.690
    RB4BCRP          0.275       0.298       0.310       0.371       0.432       0.444       0.467
    B4BIL6           0.460       0.479       0.489       0.540       0.592       0.602       0.621
    B4BFGN           0.386       0.412       0.426       0.496       0.566       0.580       0.606
    B4BSICAM         0.880       0.890       0.896       0.924       0.951       0.957       0.967
    B4BSESEL         0.799       0.814       0.821       0.861       0.900       0.907       0.922
    PULPRESS         0.073       0.082       0.087       0.111       0.135       0.140       0.149
    RB4P1GS          0.177       0.186       0.191       0.217       0.242       0.247       0.256
    B4BHA1C          0.368       0.392       0.405       0.471       0.537       0.549       0.574
    RB4BGLUC       999.000     999.000     999.000       0.000     999.000     999.000     999.000
    P4HOMAIR         0.313       0.329       0.338       0.380       0.423       0.431       0.447
    B4BLDL           0.845       0.864       0.873       0.924       0.974       0.984       1.003
    B4BHDL           0.442       0.477       0.495       0.588       0.681       0.699       0.733
    RB4BTRIG        -0.512      -0.349      -0.265       0.171       0.608       0.691       0.855
    RB4PWHR          0.309       0.322       0.329       0.365       0.401       0.408       0.421


DIAGRAM INFORMATION

  Use View Diagram under the Diagram menu in the Mplus Editor to view the diagram.
  If running Mplus from the Mplus Diagrammer, the diagram opens automatically.

  Diagram output
    c:\users\joshua\documents\research\midus\jw-midus-al\al_bifac_ipv\factor_allcov_clustering_bifac

     Beginning Time:  04:09:45
        Ending Time:  04:09:47
       Elapsed Time:  00:00:02



MUTHEN & MUTHEN
3463 Stoner Ave.
Los Angeles, CA  90066

Tel: (310) 391-9971
Fax: (310) 391-8971
Web: www.StatModel.com
Support: Support@StatModel.com

Copyright (c) 1998-2014 Muthen & Muthen
