Mplus VERSION 7.3
MUTHEN & MUTHEN
04/30/2015   4:07 AM

INPUT INSTRUCTIONS

  TITLE:
   BiFactor Model of biomarkers;
  DATA:
  FILE = "factor_allcov_clustering_BiFac.dat";

  VARIABLE:
  NAMES = Radj_epi Radj_nor avgb_sd avgb_rm avgb_lf avgb_hf Rb4p1d Radj_crt b4bdheas
       Rb4bcrp b4bil6 b4bfgn b4bsicam b4bsesel pulpress Rb4p1gs b4bha1c Rb4bgluc
       p4homair b4bldl b4bhdl Rb4btrig Rb4pwhr m2famnum m2id b1pgender b1page_m2
       Agecat MedGroup white p4majorconditions p4minorconditions p4sumburden b3tem
       exec_fxn compression bending impact reg_izallo GNNregAL RXNNregAL;
   MISSING=.;

    usevariables =
      Radj_epi Radj_nor
      avgb_sd avgb_rm avgb_lf avgb_hf Rb4p1d
      Radj_crt b4bdheas
      !Rb4bcrp b4bil6 b4bfgn b4bsicam b4bsesel
      pulpress Rb4p1gs
      b4bha1c Rb4bgluc p4homair
      b4bldl b4bhdl Rb4btrig Rb4pwhr
      b1pgender b1page_m2;
    AUXILIARY =
      !Radj_epi Radj_nor
      !avgb_sd avgb_rm avgb_lf avgb_hf Rb4p1d
      !Radj_crt b4bdheas
      Rb4bcrp b4bil6 b4bfgn b4bsicam b4bsesel
      !pulpress Rb4p1gs
      !b4bha1c Rb4bgluc p4homair
      !b4bldl b4bhdl Rb4btrig Rb4pwhr
      (m);
      CLUSTER = m2famnum;
      idvariable = m2id;

  ANALYSIS:

      TYPE = COMPLEX;
      ESTIMATOR = MLR;
      PROCESSORS = 4;
  MODEL:

      Radj_epi Radj_nor ON b1pgender b1page_m2;
      avgb_sd avgb_rm avgb_hf avgb_lf ON b1pgender b1page_m2;
      Rb4p1d ON b1pgender b1page_m2;
      Radj_crt b4bdheas ON b1pgender b1page_m2;
      !Rb4bcrp b4bil6 b4bfgn b4bsicam b4bsesel ON b1pgender b1page_m2;
      Rb4p1gs pulpress ON b1pgender b1page_m2;
      Rb4bgluc p4homair b4bha1c ON b1pgender b1page_m2;
      Rb4pwhr Rb4btrig b4bhdl b4bldl ON b1pgender b1page_m2;


      sym BY Radj_nor@1 Radj_epi@1;
      hpa BY Radj_crt@1 b4bdheas@1;
      card BY Rb4p1gs@1 pulpress@1;
      gluc BY Rb4bgluc@1 p4homair*1 b4bha1c*1;
      lipid BY Rb4pwhr@1 Rb4btrig*.65 b4bhdl*-1 b4bldl*1 p4homair*1;
      !infl BY Rb4bcrp@1 b4bil6*1 b4bfgn*.9 b4bsicam*.25 b4bsesel*.5;
      para BY avgb_sd@-1 avgb_rm*-1 avgb_hf*-1 avgb_lf*-1 Rb4p1d*1;
      avgb_sd@0;
      avgb_rm WITH avgb_hf*;

      AL BY
        Radj_epi*1 Radj_nor*1
        avgb_sd*-1 avgb_rm*-1 avgb_lf*-1 avgb_hf*-1 Rb4p1d*1
        Radj_crt*1 b4bdheas*1
        !Rb4bcrp*1 b4bil6*1 b4bfgn*1 b4bsicam*1 b4bsesel*1
        pulpress*1 Rb4p1gs*1
        b4bha1c*1 Rb4bgluc*1 p4homair*1
        b4bldl*-1 b4bhdl*1 Rb4btrig*1 Rb4pwhr*1;
      AL@1;
      AL WITH sym@0
              para@0
              hpa@0
              !infl@0
              card@0
              gluc@0
              lipid@0
              ;
      Rb4bgluc@0;

  OUTPUT:

      STDYX;
      CINTERVAL;



*** WARNING in VARIABLE command
  Note that only the first 8 characters of variable names are used in the output.
  Shorten variable names to avoid any confusion.
*** WARNING
  Data set contains cases with missing on all variables except
  x-variables.  These cases were not included in the analysis.
  Number of cases with missing on all variables except x-variables:  1
   2 WARNING(S) FOUND IN THE INPUT INSTRUCTIONS




BiFactor Model of biomarkers;

SUMMARY OF ANALYSIS

Number of groups                                                 1
Number of observations                                        1254

Number of dependent variables                                   18
Number of independent variables                                  2
Number of continuous latent variables                            7

Observed dependent variables

  Continuous
   RADJ_EPI    RADJ_NOR    AVGB_SD     AVGB_RM     AVGB_LF     AVGB_HF
   RB4P1D      RADJ_CRT    B4BDHEAS    PULPRESS    RB4P1GS     B4BHA1C
   RB4BGLUC    P4HOMAIR    B4BLDL      B4BHDL      RB4BTRIG    RB4PWHR

Observed independent variables
   B1PGENDE    B1PAGE_M

Observed auxiliary variables
   B4BSESEL
   RB4BCRP     B4BIL6      B4BFGN      B4BSICAM

Continuous latent variables
   SYM         HPA         CARD        GLUC        LIPID       PARA
   AL

Variables with special functions

  Cluster variable      M2FAMNUM
  ID variable           M2ID

Estimator                                                      MLR
Information matrix                                        OBSERVED
Maximum number of iterations                                  1000
Convergence criterion                                    0.500D-04
Maximum number of steepest descent iterations                   20
Maximum number of iterations for H1                           2000
Convergence criterion for H1                             0.100D-03

Input data file(s)
  factor_allcov_clustering_BiFac.dat

Input data format  FREE


SUMMARY OF DATA

     Number of missing data patterns            20
     Number of clusters        1097



COVARIANCE COVERAGE OF DATA

Minimum covariance coverage value   0.100


     PROPORTION OF DATA PRESENT


           Covariance Coverage
              RADJ_EPI      RADJ_NOR      AVGB_SD       AVGB_RM       AVGB_LF
              ________      ________      ________      ________      ________
 RADJ_EPI       0.979
 RADJ_NOR       0.979         0.987
 AVGB_SD        0.900         0.908         0.919
 AVGB_RM        0.900         0.908         0.919         0.919
 AVGB_LF        0.900         0.908         0.919         0.919         0.919
 AVGB_HF        0.900         0.908         0.919         0.919         0.919
 RB4P1D         0.978         0.986         0.919         0.919         0.919
 RADJ_CRT       0.979         0.987         0.915         0.915         0.915
 B4BDHEAS       0.969         0.977         0.911         0.911         0.911
 PULPRESS       0.979         0.987         0.919         0.919         0.919
 RB4P1GS        0.979         0.987         0.919         0.919         0.919
 B4BHA1C        0.966         0.974         0.907         0.907         0.907
 RB4BGLUC       0.966         0.974         0.907         0.907         0.907
 P4HOMAIR       0.964         0.972         0.906         0.906         0.906
 B4BLDL         0.971         0.979         0.912         0.912         0.912
 B4BHDL         0.971         0.979         0.912         0.912         0.912
 RB4BTRIG       0.971         0.979         0.912         0.912         0.912
 RB4PWHR        0.978         0.986         0.919         0.919         0.919
 B1PGENDE       0.979         0.987         0.919         0.919         0.919
 B1PAGE_M       0.979         0.987         0.919         0.919         0.919


           Covariance Coverage
              AVGB_HF       RB4P1D        RADJ_CRT      B4BDHEAS      PULPRESS
              ________      ________      ________      ________      ________
 AVGB_HF        0.919
 RB4P1D         0.919         0.999
 RADJ_CRT       0.915         0.994         0.994
 B4BDHEAS       0.911         0.987         0.984         0.988
 PULPRESS       0.919         0.999         0.994         0.988         1.000
 RB4P1GS        0.919         0.999         0.994         0.988         1.000
 B4BHA1C        0.907         0.984         0.981         0.981         0.985
 RB4BGLUC       0.907         0.984         0.981         0.983         0.985
 P4HOMAIR       0.906         0.982         0.979         0.982         0.983
 B4BLDL         0.912         0.990         0.986         0.986         0.990
 B4BHDL         0.912         0.990         0.986         0.986         0.990
 RB4BTRIG       0.912         0.990         0.986         0.986         0.990
 RB4PWHR        0.919         0.998         0.994         0.987         0.999
 B1PGENDE       0.919         0.999         0.994         0.988         1.000
 B1PAGE_M       0.919         0.999         0.994         0.988         1.000


           Covariance Coverage
              RB4P1GS       B4BHA1C       RB4BGLUC      P4HOMAIR      B4BLDL
              ________      ________      ________      ________      ________
 RB4P1GS        1.000
 B4BHA1C        0.985         0.985
 RB4BGLUC       0.985         0.978         0.985
 P4HOMAIR       0.983         0.977         0.983         0.983
 B4BLDL         0.990         0.983         0.983         0.982         0.990
 B4BHDL         0.990         0.983         0.983         0.982         0.990
 RB4BTRIG       0.990         0.983         0.983         0.982         0.990
 RB4PWHR        0.999         0.984         0.984         0.982         0.990
 B1PGENDE       1.000         0.985         0.985         0.983         0.990
 B1PAGE_M       1.000         0.985         0.985         0.983         0.990


           Covariance Coverage
              B4BHDL        RB4BTRIG      RB4PWHR       B1PGENDE      B1PAGE_M
              ________      ________      ________      ________      ________
 B4BHDL         0.990
 RB4BTRIG       0.990         0.990
 RB4PWHR        0.990         0.990         0.999
 B1PGENDE       0.990         0.990         0.999         1.000
 B1PAGE_M       0.990         0.990         0.999         1.000         1.000



THE MODEL ESTIMATION TERMINATED NORMALLY

     WARNING:  THE LATENT VARIABLE COVARIANCE MATRIX (PSI) IS NOT POSITIVE
     DEFINITE.  THIS COULD INDICATE A NEGATIVE VARIANCE/RESIDUAL VARIANCE FOR A
     LATENT VARIABLE, A CORRELATION GREATER OR EQUAL TO ONE BETWEEN TWO LATENT
     VARIABLES, OR A LINEAR DEPENDENCY AMONG MORE THAN TWO LATENT VARIABLES.
     CHECK THE TECH4 OUTPUT FOR MORE INFORMATION.
     PROBLEM INVOLVING VARIABLE AVGB_SD.




MODEL FIT INFORMATION

Number of Free Parameters                      120

Loglikelihood Including the Auxiliary Part

          H0 Value                      -32159.535
          H0 Scaling Correction Factor      1.2507
            for MLR
          H1 Value                      -31958.887
          H1 Scaling Correction Factor      1.1773
            for MLR

Chi-Square Test of Model Fit

          Value                            373.458*
          Degrees of Freedom                   105
          P-Value                           0.0000
          Scaling Correction Factor         1.0745
            for MLR

*   The chi-square value for MLM, MLMV, MLR, ULSMV, WLSM and WLSMV cannot be used
    for chi-square difference testing in the regular way.  MLM, MLR and WLSM
    chi-square difference testing is described on the Mplus website.  MLMV, WLSMV,
    and ULSMV difference testing is done using the DIFFTEST option.

RMSEA (Root Mean Square Error Of Approximation)

          Estimate                           0.045
          90 Percent C.I.                    0.040  0.050
          Probability RMSEA <= .05           0.944

CFI/TLI

          CFI                                0.976
          TLI                                0.958

Chi-Square Test of Model Fit for the Baseline Model

          Value                          11559.039
          Degrees of Freedom                   189
          P-Value                           0.0000

SRMR (Standardized Root Mean Square Residual)

          Value                              0.024



MODEL RESULTS

                                                    Two-Tailed
                    Estimate       S.E.  Est./S.E.    P-Value

 SYM      BY
    RADJ_NOR           1.000      0.000    999.000    999.000
    RADJ_EPI           1.000      0.000    999.000    999.000

 HPA      BY
    RADJ_CRT           1.000      0.000    999.000    999.000
    B4BDHEAS           1.000      0.000    999.000    999.000

 CARD     BY
    RB4P1GS            1.000      0.000    999.000    999.000
    PULPRESS           1.000      0.000    999.000    999.000

 GLUC     BY
    RB4BGLUC           1.000      0.000    999.000    999.000
    P4HOMAIR           0.263      0.046      5.675      0.000
    B4BHA1C            0.684      0.040     16.924      0.000

 LIPID    BY
    RB4PWHR            1.000      0.000    999.000    999.000
    RB4BTRIG           5.221      2.360      2.212      0.027
    B4BHDL            -3.481      0.994     -3.502      0.000
    B4BLDL             2.203      0.865      2.547      0.011
    P4HOMAIR           1.903      0.478      3.979      0.000

 PARA     BY
    AVGB_SD           -1.000      0.000    999.000    999.000
    AVGB_RM           -0.865      0.019    -46.482      0.000
    AVGB_HF           -0.811      0.019    -42.871      0.000
    AVGB_LF           -0.819      0.017    -49.559      0.000
    RB4P1D             0.355      0.031     11.517      0.000

 AL       BY
    RADJ_EPI          -0.275      0.043     -6.369      0.000
    RADJ_NOR           0.127      0.047      2.715      0.007
    AVGB_SD           -0.172      0.046     -3.725      0.000
    AVGB_RM           -0.108      0.046     -2.340      0.019
    AVGB_LF           -0.195      0.040     -4.908      0.000
    AVGB_HF           -0.114      0.043     -2.665      0.008
    RB4P1D             0.302      0.043      6.998      0.000
    RADJ_CRT          -0.309      0.043     -7.230      0.000
    B4BDHEAS          -0.060      0.044     -1.386      0.166
    PULPRESS           0.092      0.038      2.416      0.016
    RB4P1GS            0.125      0.040      3.156      0.002
    B4BHA1C            0.368      0.046      8.050      0.000
    RB4BGLUC           0.454      0.060      7.513      0.000
    P4HOMAIR           0.702      0.056     12.526      0.000
    B4BLDL            -0.029      0.052     -0.558      0.577
    B4BHDL            -0.295      0.058     -5.079      0.000
    RB4BTRIG           0.369      0.073      5.050      0.000
    RB4PWHR            0.442      0.037     11.978      0.000

 RADJ_EPI ON
    B1PGENDER          0.059      0.059      1.009      0.313
    B1PAGE_M2          0.014      0.003      5.635      0.000

 RADJ_NOR ON
    B1PGENDER          0.460      0.056      8.221      0.000
    B1PAGE_M2          0.021      0.002      9.055      0.000

 AVGB_SD  ON
    B1PGENDER         -0.141      0.057     -2.470      0.014
    B1PAGE_M2         -0.025      0.003     -9.428      0.000

 AVGB_RM  ON
    B1PGENDER          0.029      0.058      0.498      0.619
    B1PAGE_M2         -0.016      0.003     -6.149      0.000

 AVGB_HF  ON
    B1PGENDER          0.118      0.058      2.042      0.041
    B1PAGE_M2         -0.022      0.003     -8.600      0.000

 AVGB_LF  ON
    B1PGENDER         -0.263      0.055     -4.794      0.000
    B1PAGE_M2         -0.033      0.002    -13.271      0.000

 RB4P1D   ON
    B1PGENDER          0.246      0.059      4.199      0.000
    B1PAGE_M2         -0.001      0.002     -0.377      0.706

 RADJ_CRT ON
    B1PGENDER          0.203      0.058      3.477      0.001
    B1PAGE_M2          0.007      0.002      2.921      0.003

 B4BDHEAS ON
    B1PGENDER         -0.699      0.049    -14.242      0.000
    B1PAGE_M2         -0.037      0.002    -17.387      0.000

 RB4P1GS  ON
    B1PGENDER         -0.124      0.054     -2.322      0.020
    B1PAGE_M2          0.024      0.002      9.825      0.000

 PULPRESS ON
    B1PGENDER          0.184      0.050      3.641      0.000
    B1PAGE_M2          0.037      0.002     16.352      0.000

 RB4BGLUC ON
    B1PGENDER         -0.265      0.060     -4.426      0.000
    B1PAGE_M2          0.004      0.002      1.791      0.073

 P4HOMAIR ON
    B1PGENDER         -0.200      0.059     -3.376      0.001
    B1PAGE_M2         -0.003      0.002     -1.158      0.247

 B4BHA1C  ON
    B1PGENDER          0.022      0.060      0.365      0.715
    B1PAGE_M2          0.014      0.002      6.261      0.000

 RB4PWHR  ON
    B1PGENDER         -1.277      0.044    -28.969      0.000
    B1PAGE_M2          0.009      0.002      5.048      0.000

 RB4BTRIG ON
    B1PGENDER         -0.411      0.059     -7.001      0.000
    B1PAGE_M2          0.000      0.002     -0.173      0.863

 B4BHDL   ON
    B1PGENDER          0.744      0.054     13.695      0.000
    B1PAGE_M2          0.005      0.002      2.004      0.045

 B4BLDL   ON
    B1PGENDER          0.039      0.059      0.659      0.510
    B1PAGE_M2         -0.009      0.002     -3.475      0.001

 AL       WITH
    SYM                0.000      0.000    999.000    999.000
    PARA               0.000      0.000    999.000    999.000
    HPA                0.000      0.000    999.000    999.000
    CARD               0.000      0.000    999.000    999.000
    GLUC               0.000      0.000    999.000    999.000
    LIPID              0.000      0.000    999.000    999.000

 HPA      WITH
    SYM                0.070      0.018      3.837      0.000

 CARD     WITH
    SYM                0.061      0.023      2.702      0.007
    HPA                0.059      0.019      3.159      0.002

 GLUC     WITH
    SYM                0.043      0.026      1.660      0.097
    HPA                0.049      0.026      1.931      0.053
    CARD               0.037      0.027      1.380      0.168

 LIPID    WITH
    SYM               -0.004      0.006     -0.625      0.532
    HPA               -0.003      0.005     -0.647      0.518
    CARD               0.014      0.007      1.941      0.052
    GLUC               0.010      0.012      0.852      0.394

 PARA     WITH
    SYM                0.052      0.025      2.048      0.041
    HPA                0.015      0.020      0.711      0.477
    CARD              -0.056      0.028     -2.028      0.043
    GLUC               0.015      0.035      0.418      0.676
    LIPID              0.020      0.011      1.800      0.072

 AVGB_RM  WITH
    AVGB_HF            0.274      0.013     20.358      0.000

 Intercepts
    RADJ_EPI          -0.807      0.142     -5.685      0.000
    RADJ_NOR          -1.421      0.137    -10.364      0.000
    AVGB_SD            1.439      0.149      9.639      0.000
    AVGB_RM            0.870      0.147      5.917      0.000
    AVGB_LF            1.934      0.140     13.769      0.000
    AVGB_HF            1.138      0.145      7.853      0.000
    RB4P1D            -0.089      0.146     -0.612      0.541
    RADJ_CRT          -0.509      0.143     -3.567      0.000
    B4BDHEAS           2.439      0.120     20.367      0.000
    PULPRESS          -2.136      0.125    -17.033      0.000
    RB4P1GS           -1.216      0.134     -9.108      0.000
    B4BHA1C           -0.800      0.139     -5.754      0.000
    RB4BGLUC          -0.078      0.139     -0.559      0.576
    P4HOMAIR           0.266      0.144      1.847      0.065
    B4BLDL             0.448      0.147      3.046      0.002
    B4BHDL            -0.681      0.137     -4.977      0.000
    RB4BTRIG           0.259      0.146      1.772      0.076
    RB4PWHR            0.220      0.108      2.038      0.042

 Variances
    SYM                0.487      0.031     15.707      0.000
    HPA                0.093      0.030      3.103      0.002
    CARD               0.686      0.034     19.976      0.000
    GLUC               0.771      0.098      7.836      0.000
    LIPID              0.019      0.014      1.333      0.182
    PARA               0.883      0.043     20.727      0.000
    AL                 1.000      0.000    999.000    999.000

 Residual Variances
    RADJ_EPI           0.401      0.034     11.844      0.000
    RADJ_NOR           0.393      0.032     12.099      0.000
    AVGB_SD            0.000      0.000    999.000    999.000
    AVGB_RM            0.292      0.013     22.207      0.000
    AVGB_LF            0.211      0.011     19.225      0.000
    AVGB_HF            0.336      0.015     22.278      0.000
    RB4P1D             0.781      0.036     21.694      0.000
    RADJ_CRT           0.777      0.042     18.591      0.000
    B4BDHEAS           0.617      0.038     16.310      0.000
    PULPRESS           0.108      0.015      7.289      0.000
    RB4P1GS            0.219      0.018     12.357      0.000
    B4BHA1C            0.472      0.046     10.217      0.000
    RB4BGLUC           0.000      0.000    999.000    999.000
    P4HOMAIR           0.370      0.033     11.278      0.000
    B4BLDL             0.897      0.048     18.650      0.000
    B4BHDL             0.550      0.056      9.796      0.000
    RB4BTRIG           0.316      0.126      2.502      0.012
    RB4PWHR            0.367      0.024     15.382      0.000


STANDARDIZED MODEL RESULTS


STDYX Standardization

                                                    Two-Tailed
                    Estimate       S.E.  Est./S.E.    P-Value

 SYM      BY
    RADJ_NOR           0.696      0.018     38.883      0.000
    RADJ_EPI           0.701      0.019     36.807      0.000

 HPA      BY
    RADJ_CRT           0.307      0.048      6.358      0.000
    B4BDHEAS           0.303      0.048      6.358      0.000

 CARD     BY
    RB4P1GS            0.828      0.012     71.253      0.000
    PULPRESS           0.829      0.015     56.132      0.000

 GLUC     BY
    RB4BGLUC           0.879      0.030     29.548      0.000
    P4HOMAIR           0.230      0.046      4.956      0.000
    B4BHA1C            0.602      0.042     14.336      0.000

 LIPID    BY
    RB4PWHR            0.136      0.051      2.666      0.008
    RB4BTRIG           0.712      0.108      6.568      0.000
    B4BHDL            -0.475      0.082     -5.754      0.000
    B4BLDL             0.301      0.050      6.024      0.000
    P4HOMAIR           0.259      0.065      3.967      0.000

 PARA     BY
    AVGB_SD           -0.938      0.012    -78.719      0.000
    AVGB_RM           -0.812      0.013    -62.799      0.000
    AVGB_HF           -0.761      0.015    -50.196      0.000
    AVGB_LF           -0.768      0.016    -48.991      0.000
    RB4P1D             0.334      0.028     11.964      0.000

 AL       BY
    RADJ_EPI          -0.276      0.042     -6.506      0.000
    RADJ_NOR           0.127      0.046      2.730      0.006
    AVGB_SD           -0.172      0.046     -3.751      0.000
    AVGB_RM           -0.108      0.046     -2.347      0.019
    AVGB_LF           -0.195      0.040     -4.920      0.000
    AVGB_HF           -0.114      0.043     -2.673      0.008
    RB4P1D             0.302      0.042      7.205      0.000
    RADJ_CRT          -0.312      0.042     -7.351      0.000
    B4BDHEAS          -0.060      0.043     -1.386      0.166
    PULPRESS           0.092      0.038      2.426      0.015
    RB4P1GS            0.125      0.039      3.174      0.002
    B4BHA1C            0.369      0.040      9.157      0.000
    RB4BGLUC           0.454      0.057      7.930      0.000
    P4HOMAIR           0.701      0.053     13.297      0.000
    B4BLDL            -0.029      0.052     -0.557      0.578
    B4BHDL            -0.295      0.058     -5.058      0.000
    RB4BTRIG           0.368      0.072      5.117      0.000
    RB4PWHR            0.442      0.036     12.326      0.000

 RADJ_EPI ON
    B1PGENDER          0.029      0.029      1.010      0.312
    B1PAGE_M2          0.167      0.029      5.759      0.000

 RADJ_NOR ON
    B1PGENDER          0.227      0.027      8.526      0.000
    B1PAGE_M2          0.249      0.027      9.233      0.000

 AVGB_SD  ON
    B1PGENDER         -0.070      0.028     -2.489      0.013
    B1PAGE_M2         -0.295      0.030     -9.806      0.000

 AVGB_RM  ON
    B1PGENDER          0.014      0.029      0.498      0.619
    B1PAGE_M2         -0.192      0.031     -6.148      0.000

 AVGB_HF  ON
    B1PGENDER          0.058      0.028      2.047      0.041
    B1PAGE_M2         -0.261      0.030     -8.766      0.000

 AVGB_LF  ON
    B1PGENDER         -0.130      0.027     -4.862      0.000
    B1PAGE_M2         -0.387      0.027    -14.328      0.000

 RB4P1D   ON
    B1PGENDER          0.122      0.029      4.229      0.000
    B1PAGE_M2         -0.011      0.029     -0.378      0.706

 RADJ_CRT ON
    B1PGENDER          0.102      0.029      3.487      0.000
    B1PAGE_M2          0.085      0.029      2.928      0.003

 B4BDHEAS ON
    B1PGENDER         -0.344      0.022    -15.693      0.000
    B1PAGE_M2         -0.436      0.023    -18.638      0.000

 RB4P1GS  ON
    B1PGENDER         -0.062      0.027     -2.317      0.020
    B1PAGE_M2          0.276      0.027     10.089      0.000

 PULPRESS ON
    B1PGENDER          0.091      0.025      3.679      0.000
    B1PAGE_M2          0.437      0.024     18.510      0.000

 RB4BGLUC ON
    B1PGENDER         -0.131      0.029     -4.588      0.000
    B1PAGE_M2          0.049      0.028      1.764      0.078

 P4HOMAIR ON
    B1PGENDER         -0.099      0.029     -3.395      0.001
    B1PAGE_M2         -0.032      0.028     -1.160      0.246

 B4BHA1C  ON
    B1PGENDER          0.011      0.030      0.364      0.716
    B1PAGE_M2          0.169      0.030      5.685      0.000

 RB4PWHR  ON
    B1PGENDER         -0.633      0.016    -39.339      0.000
    B1PAGE_M2          0.108      0.021      5.046      0.000

 RB4BTRIG ON
    B1PGENDER         -0.203      0.028     -7.242      0.000
    B1PAGE_M2         -0.005      0.029     -0.173      0.863

 B4BHDL   ON
    B1PGENDER          0.369      0.025     15.039      0.000
    B1PAGE_M2          0.055      0.028      1.991      0.047

 B4BLDL   ON
    B1PGENDER          0.019      0.029      0.660      0.509
    B1PAGE_M2         -0.101      0.029     -3.498      0.000

 AL       WITH
    SYM                0.000      0.000    999.000    999.000
    PARA               0.000      0.000    999.000    999.000
    HPA                0.000      0.000    999.000    999.000
    CARD               0.000      0.000    999.000    999.000
    GLUC               0.000      0.000    999.000    999.000
    LIPID              0.000      0.000    999.000    999.000

 HPA      WITH
    SYM                0.329      0.087      3.774      0.000

 CARD     WITH
    SYM                0.105      0.039      2.726      0.006
    HPA                0.233      0.083      2.821      0.005

 GLUC     WITH
    SYM                0.070      0.042      1.665      0.096
    HPA                0.185      0.108      1.708      0.088
    CARD               0.052      0.037      1.402      0.161

 LIPID    WITH
    SYM               -0.041      0.058     -0.713      0.476
    HPA               -0.084      0.133     -0.631      0.528
    CARD               0.128      0.045      2.820      0.005
    GLUC               0.082      0.087      0.943      0.345

 PARA     WITH
    SYM                0.079      0.039      2.040      0.041
    HPA                0.051      0.073      0.701      0.483
    CARD              -0.072      0.036     -2.030      0.042
    GLUC               0.018      0.042      0.421      0.674
    LIPID              0.156      0.046      3.384      0.001

 AVGB_RM  WITH
    AVGB_HF            0.876      0.012     70.429      0.000

 Intercepts
    RADJ_EPI          -0.810      0.139     -5.841      0.000
    RADJ_NOR          -1.417      0.131    -10.842      0.000
    AVGB_SD            1.437      0.141     10.186      0.000
    AVGB_RM            0.869      0.146      5.969      0.000
    AVGB_LF            1.931      0.127     15.207      0.000
    AVGB_HF            1.136      0.141      8.040      0.000
    RB4P1D            -0.089      0.146     -0.611      0.541
    RADJ_CRT          -0.514      0.143     -3.599      0.000
    B4BDHEAS           2.425      0.106     22.846      0.000
    PULPRESS          -2.138      0.109    -19.682      0.000
    RB4P1GS           -1.215      0.130     -9.359      0.000
    B4BHA1C           -0.801      0.157     -5.088      0.000
    RB4BGLUC          -0.078      0.141     -0.553      0.580
    P4HOMAIR           0.265      0.143      1.856      0.063
    B4BLDL             0.449      0.146      3.077      0.002
    B4BHDL            -0.681      0.139     -4.887      0.000
    RB4BTRIG           0.259      0.146      1.778      0.075
    RB4PWHR            0.220      0.108      2.043      0.041

 Variances
    SYM                1.000      0.000    999.000    999.000
    HPA                1.000      0.000    999.000    999.000
    CARD               1.000      0.000    999.000    999.000
    GLUC               1.000      0.000    999.000    999.000
    LIPID              1.000      0.000    999.000    999.000
    PARA               1.000      0.000    999.000    999.000
    AL                 1.000      0.000    999.000    999.000

 Residual Variances
    RADJ_EPI           0.404      0.031     13.210      0.000
    RADJ_NOR           0.391      0.029     13.453      0.000
    AVGB_SD            0.000    999.000    999.000    999.000
    AVGB_RM            0.291      0.015     18.850      0.000
    AVGB_LF            0.210      0.013     16.119      0.000
    AVGB_HF            0.335      0.017     19.324      0.000
    RB4P1D             0.782      0.027     28.935      0.000
    RADJ_CRT           0.792      0.033     24.181      0.000
    B4BDHEAS           0.610      0.033     18.614      0.000
    PULPRESS           0.108      0.015      7.310      0.000
    RB4P1GS            0.218      0.016     13.995      0.000
    B4BHA1C            0.473      0.040     11.692      0.000
    RB4BGLUC           0.000    999.000    999.000    999.000
    P4HOMAIR           0.369      0.033     11.056      0.000
    B4BLDL             0.898      0.032     28.464      0.000
    B4BHDL             0.550      0.055      9.936      0.000
    RB4BTRIG           0.316      0.127      2.485      0.013
    RB4PWHR            0.367      0.024     15.291      0.000


R-SQUARE

    Observed                                        Two-Tailed
    Variable        Estimate       S.E.  Est./S.E.    P-Value

    RADJ_EPI           0.596      0.031     19.484      0.000
    RADJ_NOR           0.609      0.029     20.972      0.000
    AVGB_SD            1.000    999.000    999.000    999.000
    AVGB_RM            0.709      0.015     45.922      0.000
    AVGB_LF            0.790      0.013     60.726      0.000
    AVGB_HF            0.665      0.017     38.386      0.000
    RB4P1D             0.218      0.027      8.063      0.000
    RADJ_CRT           0.208      0.033      6.366      0.000
    B4BDHEAS           0.390      0.033     11.911      0.000
    PULPRESS           0.892      0.015     60.204      0.000
    RB4P1GS            0.782      0.016     50.170      0.000
    B4BHA1C            0.527      0.040     13.005      0.000
    RB4BGLUC           1.000    999.000    999.000    999.000
    P4HOMAIR           0.631      0.033     18.929      0.000
    B4BLDL             0.102      0.032      3.229      0.001
    B4BHDL             0.450      0.055      8.117      0.000
    RB4BTRIG           0.684      0.127      5.372      0.000
    RB4PWHR            0.633      0.024     26.383      0.000


QUALITY OF NUMERICAL RESULTS

     Condition Number for the Information Matrix              0.317E-05
       (ratio of smallest to largest eigenvalue)


CONFIDENCE INTERVALS OF MODEL RESULTS

                  Lower .5%  Lower 2.5%    Lower 5%    Estimate    Upper 5%  Upper 2.5%   Upper .5%

 SYM      BY
    RADJ_NOR         1.000       1.000       1.000       1.000       1.000       1.000       1.000
    RADJ_EPI         1.000       1.000       1.000       1.000       1.000       1.000       1.000

 HPA      BY
    RADJ_CRT         1.000       1.000       1.000       1.000       1.000       1.000       1.000
    B4BDHEAS         1.000       1.000       1.000       1.000       1.000       1.000       1.000

 CARD     BY
    RB4P1GS          1.000       1.000       1.000       1.000       1.000       1.000       1.000
    PULPRESS         1.000       1.000       1.000       1.000       1.000       1.000       1.000

 GLUC     BY
    RB4BGLUC         1.000       1.000       1.000       1.000       1.000       1.000       1.000
    P4HOMAIR         0.143       0.172       0.186       0.263       0.339       0.353       0.382
    B4BHA1C          0.580       0.605       0.618       0.684       0.751       0.764       0.788

 LIPID    BY
    RB4PWHR          1.000       1.000       1.000       1.000       1.000       1.000       1.000
    RB4BTRIG        -0.859       0.595       1.339       5.221       9.104       9.848      11.301
    B4BHDL          -6.041      -5.429      -5.116      -3.481      -1.845      -1.532      -0.920
    B4BLDL          -0.025       0.508       0.780       2.203       3.626       3.899       4.431
    P4HOMAIR         0.671       0.965       1.116       1.903       2.690       2.840       3.135

 PARA     BY
    AVGB_SD         -1.000      -1.000      -1.000      -1.000      -1.000      -1.000      -1.000
    AVGB_RM         -0.913      -0.902      -0.896      -0.865      -0.834      -0.829      -0.817
    AVGB_HF         -0.859      -0.848      -0.842      -0.811      -0.780      -0.774      -0.762
    AVGB_LF         -0.862      -0.851      -0.846      -0.819      -0.792      -0.787      -0.776
    RB4P1D           0.276       0.295       0.305       0.355       0.406       0.416       0.435

 AL       BY
    RADJ_EPI        -0.386      -0.359      -0.346      -0.275      -0.204      -0.190      -0.164
    RADJ_NOR         0.007       0.035       0.050       0.127       0.204       0.219       0.247
    AVGB_SD         -0.291      -0.262      -0.248      -0.172      -0.096      -0.081      -0.053
    AVGB_RM         -0.226      -0.198      -0.184      -0.108      -0.032      -0.017       0.011
    AVGB_LF         -0.297      -0.273      -0.260      -0.195      -0.130      -0.117      -0.093
    AVGB_HF         -0.225      -0.198      -0.185      -0.114      -0.044      -0.030      -0.004
    RB4P1D           0.191       0.217       0.231       0.302       0.373       0.386       0.413
    RADJ_CRT        -0.419      -0.392      -0.379      -0.309      -0.239      -0.225      -0.199
    B4BDHEAS        -0.173      -0.146      -0.132      -0.060       0.011       0.025       0.052
    PULPRESS        -0.006       0.017       0.029       0.092       0.155       0.167       0.190
    RB4P1GS          0.023       0.047       0.060       0.125       0.190       0.202       0.227
    B4BHA1C          0.250       0.278       0.293       0.368       0.443       0.458       0.486
    RB4BGLUC         0.298       0.335       0.354       0.454       0.553       0.572       0.609
    P4HOMAIR         0.557       0.592       0.609       0.702       0.794       0.811       0.846
    B4BLDL          -0.162      -0.130      -0.114      -0.029       0.056       0.073       0.105
    B4BHDL          -0.445      -0.409      -0.391      -0.295      -0.200      -0.181      -0.146
    RB4BTRIG         0.181       0.226       0.249       0.369       0.489       0.512       0.557
    RB4PWHR          0.347       0.370       0.381       0.442       0.503       0.515       0.537

 RADJ_EPI ON
    B1PGENDER       -0.092      -0.056      -0.037       0.059       0.155       0.174       0.210
    B1PAGE_M2        0.008       0.009       0.010       0.014       0.018       0.019       0.021

 RADJ_NOR ON
    B1PGENDER        0.316       0.350       0.368       0.460       0.552       0.570       0.604
    B1PAGE_M2        0.015       0.017       0.017       0.021       0.025       0.026       0.027

 AVGB_SD  ON
    B1PGENDER       -0.288      -0.253      -0.235      -0.141      -0.047      -0.029       0.006
    B1PAGE_M2       -0.032      -0.030      -0.030      -0.025      -0.021      -0.020      -0.018

 AVGB_RM  ON
    B1PGENDER       -0.121      -0.085      -0.067       0.029       0.125       0.144       0.179
    B1PAGE_M2       -0.023      -0.022      -0.021      -0.016      -0.012      -0.011      -0.010

 AVGB_HF  ON
    B1PGENDER       -0.031       0.005       0.023       0.118       0.213       0.231       0.266
    B1PAGE_M2       -0.029      -0.027      -0.027      -0.022      -0.018      -0.017      -0.016

 AVGB_LF  ON
    B1PGENDER       -0.404      -0.370      -0.353      -0.263      -0.173      -0.155      -0.122
    B1PAGE_M2       -0.040      -0.038      -0.037      -0.033      -0.029      -0.028      -0.027

 RB4P1D   ON
    B1PGENDER        0.095       0.131       0.150       0.246       0.343       0.361       0.397
    B1PAGE_M2       -0.007      -0.006      -0.005      -0.001       0.003       0.004       0.005

 RADJ_CRT ON
    B1PGENDER        0.053       0.089       0.107       0.203       0.299       0.318       0.354
    B1PAGE_M2        0.001       0.002       0.003       0.007       0.011       0.012       0.014

 B4BDHEAS ON
    B1PGENDER       -0.825      -0.795      -0.779      -0.699      -0.618      -0.602      -0.572
    B1PAGE_M2       -0.043      -0.042      -0.041      -0.037      -0.034      -0.033      -0.032

 RB4P1GS  ON
    B1PGENDER       -0.262      -0.229      -0.213      -0.124      -0.036      -0.019       0.014
    B1PAGE_M2        0.017       0.019       0.020       0.024       0.028       0.028       0.030

 PULPRESS ON
    B1PGENDER        0.054       0.085       0.101       0.184       0.267       0.283       0.314
    B1PAGE_M2        0.031       0.033       0.034       0.037       0.041       0.042       0.043

 RB4BGLUC ON
    B1PGENDER       -0.419      -0.382      -0.363      -0.265      -0.166      -0.148      -0.111
    B1PAGE_M2       -0.002       0.000       0.000       0.004       0.008       0.009       0.010

 P4HOMAIR ON
    B1PGENDER       -0.353      -0.316      -0.297      -0.200      -0.103      -0.084      -0.047
    B1PAGE_M2       -0.009      -0.007      -0.007      -0.003       0.001       0.002       0.003

 B4BHA1C  ON
    B1PGENDER       -0.133      -0.096      -0.077       0.022       0.121       0.140       0.176
    B1PAGE_M2        0.008       0.010       0.011       0.014       0.018       0.019       0.020

 RB4PWHR  ON
    B1PGENDER       -1.391      -1.364      -1.350      -1.277      -1.205      -1.191      -1.164
    B1PAGE_M2        0.005       0.006       0.006       0.009       0.012       0.013       0.014

 RB4BTRIG ON
    B1PGENDER       -0.562      -0.526      -0.507      -0.411      -0.314      -0.296      -0.260
    B1PAGE_M2       -0.007      -0.005      -0.004       0.000       0.004       0.004       0.006

 B4BHDL   ON
    B1PGENDER        0.604       0.637       0.655       0.744       0.833       0.850       0.884
    B1PAGE_M2       -0.001       0.000       0.001       0.005       0.009       0.009       0.011

 B4BLDL   ON
    B1PGENDER       -0.113      -0.076      -0.058       0.039       0.135       0.154       0.190
    B1PAGE_M2       -0.015      -0.013      -0.013      -0.009      -0.005      -0.004      -0.002

 AL       WITH
    SYM              0.000       0.000       0.000       0.000       0.000       0.000       0.000
    PARA             0.000       0.000       0.000       0.000       0.000       0.000       0.000
    HPA              0.000       0.000       0.000       0.000       0.000       0.000       0.000
    CARD             0.000       0.000       0.000       0.000       0.000       0.000       0.000
    GLUC             0.000       0.000       0.000       0.000       0.000       0.000       0.000
    LIPID            0.000       0.000       0.000       0.000       0.000       0.000       0.000

 HPA      WITH
    SYM              0.023       0.034       0.040       0.070       0.100       0.106       0.117

 CARD     WITH
    SYM              0.003       0.017       0.024       0.061       0.098       0.105       0.119
    HPA              0.011       0.022       0.028       0.059       0.089       0.095       0.107

 GLUC     WITH
    SYM             -0.024      -0.008       0.000       0.043       0.085       0.093       0.109
    HPA             -0.016      -0.001       0.007       0.049       0.092       0.100       0.115
    CARD            -0.033      -0.016      -0.007       0.037       0.082       0.091       0.108

 LIPID    WITH
    SYM             -0.020      -0.016      -0.014      -0.004       0.006       0.008       0.012
    HPA             -0.017      -0.014      -0.012      -0.003       0.005       0.007       0.010
    CARD            -0.005       0.000       0.002       0.014       0.027       0.029       0.034
    GLUC            -0.020      -0.013      -0.009       0.010       0.029       0.033       0.040

 PARA     WITH
    SYM             -0.013       0.002       0.010       0.052       0.094       0.102       0.118
    HPA             -0.038      -0.026      -0.019       0.015       0.048       0.055       0.067
    CARD            -0.128      -0.110      -0.102      -0.056      -0.011      -0.002       0.015
    GLUC            -0.076      -0.054      -0.043       0.015       0.072       0.084       0.105
    LIPID           -0.009      -0.002       0.002       0.020       0.038       0.042       0.049

 AVGB_RM  WITH
    AVGB_HF          0.239       0.248       0.252       0.274       0.296       0.300       0.309

 Intercepts
    RADJ_EPI        -1.173      -1.085      -1.041      -0.807      -0.574      -0.529      -0.441
    RADJ_NOR        -1.774      -1.690      -1.647      -1.421      -1.196      -1.152      -1.068
    AVGB_SD          1.055       1.146       1.194       1.439       1.685       1.732       1.824
    AVGB_RM          0.491       0.582       0.628       0.870       1.112       1.158       1.249
    AVGB_LF          1.572       1.659       1.703       1.934       2.165       2.209       2.296
    AVGB_HF          0.764       0.854       0.899       1.138       1.376       1.422       1.511
    RB4P1D          -0.466      -0.376      -0.330      -0.089       0.151       0.197       0.287
    RADJ_CRT        -0.877      -0.789      -0.744      -0.509      -0.274      -0.229      -0.142
    B4BDHEAS         2.131       2.204       2.242       2.439       2.636       2.674       2.748
    PULPRESS        -2.459      -2.382      -2.342      -2.136      -1.930      -1.890      -1.813
    RB4P1GS         -1.560      -1.478      -1.436      -1.216      -0.996      -0.954      -0.872
    B4BHA1C         -1.158      -1.072      -1.028      -0.800      -0.571      -0.527      -0.442
    RB4BGLUC        -0.437      -0.351      -0.307      -0.078       0.151       0.195       0.281
    P4HOMAIR        -0.105      -0.016       0.029       0.266       0.502       0.547       0.636
    B4BLDL           0.069       0.160       0.206       0.448       0.690       0.737       0.827
    B4BHDL          -1.033      -0.949      -0.906      -0.681      -0.456      -0.413      -0.328
    RB4BTRIG        -0.118      -0.028       0.019       0.259       0.500       0.546       0.636
    RB4PWHR         -0.058       0.008       0.042       0.220       0.398       0.432       0.498

 Variances
    SYM              0.407       0.427       0.436       0.487       0.538       0.548       0.567
    HPA              0.016       0.034       0.044       0.093       0.142       0.151       0.170
    CARD             0.598       0.619       0.630       0.686       0.743       0.754       0.775
    GLUC             0.518       0.578       0.609       0.771       0.933       0.964       1.025
    LIPID           -0.017      -0.009      -0.004       0.019       0.042       0.046       0.055
    PARA             0.774       0.800       0.813       0.883       0.953       0.967       0.993
    AL               1.000       1.000       1.000       1.000       1.000       1.000       1.000

 Residual Variances
    RADJ_EPI         0.314       0.334       0.345       0.401       0.456       0.467       0.488
    RADJ_NOR         0.309       0.329       0.339       0.393       0.446       0.456       0.476
    AVGB_SD          0.000       0.000       0.000       0.000       0.000       0.000       0.000
    AVGB_RM          0.258       0.266       0.270       0.292       0.313       0.317       0.325
    AVGB_LF          0.182       0.189       0.193       0.211       0.229       0.232       0.239
    AVGB_HF          0.297       0.306       0.311       0.336       0.360       0.365       0.374
    RB4P1D           0.689       0.711       0.722       0.781       0.841       0.852       0.874
    RADJ_CRT         0.670       0.695       0.709       0.777       0.846       0.859       0.885
    B4BDHEAS         0.520       0.543       0.555       0.617       0.679       0.691       0.715
    PULPRESS         0.070       0.079       0.084       0.108       0.132       0.137       0.146
    RB4P1GS          0.173       0.184       0.189       0.219       0.248       0.253       0.264
    B4BHA1C          0.353       0.382       0.396       0.472       0.548       0.563       0.591
    RB4BGLUC         0.000       0.000       0.000       0.000       0.000       0.000       0.000
    P4HOMAIR         0.285       0.305       0.316       0.370       0.424       0.434       0.454
    B4BLDL           0.774       0.803       0.818       0.897       0.977       0.992       1.021
    B4BHDL           0.406       0.440       0.458       0.550       0.643       0.660       0.695
    RB4BTRIG        -0.009       0.069       0.108       0.316       0.524       0.564       0.642
    RB4PWHR          0.305       0.320       0.327       0.367       0.406       0.413       0.428


CONFIDENCE INTERVALS OF STANDARDIZED MODEL RESULTS


STDYX Standardization

                  Lower .5%  Lower 2.5%    Lower 5%    Estimate    Upper 5%  Upper 2.5%   Upper .5%

 SYM      BY
    RADJ_NOR         0.650       0.661       0.667       0.696       0.726       0.731       0.742
    RADJ_EPI         0.652       0.664       0.670       0.701       0.732       0.738       0.750

 HPA      BY
    RADJ_CRT         0.183       0.213       0.228       0.307       0.387       0.402       0.432
    B4BDHEAS         0.180       0.209       0.224       0.303       0.381       0.396       0.425

 CARD     BY
    RB4P1GS          0.798       0.805       0.808       0.828       0.847       0.850       0.857
    PULPRESS         0.791       0.800       0.805       0.829       0.854       0.858       0.867

 GLUC     BY
    RB4BGLUC         0.803       0.821       0.830       0.879       0.928       0.938       0.956
    P4HOMAIR         0.111       0.139       0.154       0.230       0.307       0.321       0.350
    B4BHA1C          0.494       0.520       0.533       0.602       0.671       0.684       0.710

 LIPID    BY
    RB4PWHR          0.005       0.036       0.052       0.136       0.221       0.237       0.268
    RB4BTRIG         0.433       0.499       0.534       0.712       0.890       0.924       0.991
    B4BHDL          -0.687      -0.636      -0.610      -0.475      -0.339      -0.313      -0.262
    B4BLDL           0.172       0.203       0.218       0.301       0.383       0.398       0.429
    P4HOMAIR         0.091       0.131       0.152       0.259       0.367       0.387       0.427

 PARA     BY
    AVGB_SD         -0.969      -0.962      -0.958      -0.938      -0.919      -0.915      -0.908
    AVGB_RM         -0.846      -0.838      -0.834      -0.812      -0.791      -0.787      -0.779
    AVGB_HF         -0.800      -0.791      -0.786      -0.761      -0.736      -0.731      -0.722
    AVGB_LF         -0.809      -0.799      -0.794      -0.768      -0.743      -0.738      -0.728
    RB4P1D           0.262       0.279       0.288       0.334       0.380       0.389       0.406

 AL       BY
    RADJ_EPI        -0.385      -0.359      -0.346      -0.276      -0.206      -0.193      -0.167
    RADJ_NOR         0.007       0.036       0.050       0.127       0.203       0.217       0.246
    AVGB_SD         -0.289      -0.261      -0.247      -0.172      -0.096      -0.082      -0.054
    AVGB_RM         -0.226      -0.198      -0.183      -0.108      -0.032      -0.018       0.010
    AVGB_LF         -0.297      -0.272      -0.260      -0.195      -0.130      -0.117      -0.093
    AVGB_HF         -0.224      -0.198      -0.184      -0.114      -0.044      -0.030      -0.004
    RB4P1D           0.194       0.220       0.233       0.302       0.371       0.384       0.410
    RADJ_CRT        -0.421      -0.395      -0.381      -0.312      -0.242      -0.229      -0.202
    B4BDHEAS        -0.172      -0.145      -0.131      -0.060       0.011       0.025       0.052
    PULPRESS        -0.006       0.018       0.030       0.092       0.155       0.167       0.190
    RB4P1GS          0.024       0.048       0.060       0.125       0.189       0.202       0.226
    B4BHA1C          0.265       0.290       0.302       0.369       0.435       0.448       0.472
    RB4BGLUC         0.307       0.342       0.360       0.454       0.549       0.567       0.602
    P4HOMAIR         0.565       0.597       0.614       0.701       0.787       0.804       0.836
    B4BLDL          -0.163      -0.131      -0.114      -0.029       0.057       0.073       0.105
    B4BHDL          -0.446      -0.410      -0.391      -0.295      -0.199      -0.181      -0.145
    RB4BTRIG         0.183       0.227       0.250       0.368       0.487       0.510       0.554
    RB4PWHR          0.350       0.372       0.383       0.442       0.501       0.513       0.535

 RADJ_EPI ON
    B1PGENDER       -0.046      -0.028      -0.018       0.029       0.077       0.086       0.104
    B1PAGE_M2        0.092       0.110       0.119       0.167       0.215       0.224       0.242

 RADJ_NOR ON
    B1PGENDER        0.159       0.175       0.183       0.227       0.271       0.280       0.296
    B1PAGE_M2        0.179       0.196       0.204       0.249       0.293       0.301       0.318

 AVGB_SD  ON
    B1PGENDER       -0.142      -0.125      -0.116      -0.070      -0.024      -0.015       0.002
    B1PAGE_M2       -0.372      -0.354      -0.344      -0.295      -0.245      -0.236      -0.217

 AVGB_RM  ON
    B1PGENDER       -0.060      -0.042      -0.033       0.014       0.062       0.071       0.089
    B1PAGE_M2       -0.273      -0.254      -0.244      -0.192      -0.141      -0.131      -0.112

 AVGB_HF  ON
    B1PGENDER       -0.015       0.002       0.011       0.058       0.105       0.114       0.132
    B1PAGE_M2       -0.338      -0.320      -0.310      -0.261      -0.212      -0.203      -0.184

 AVGB_LF  ON
    B1PGENDER       -0.199      -0.182      -0.174      -0.130      -0.086      -0.078      -0.061
    B1PAGE_M2       -0.456      -0.440      -0.431      -0.387      -0.342      -0.334      -0.317

 RB4P1D   ON
    B1PGENDER        0.048       0.066       0.075       0.122       0.170       0.179       0.196
    B1PAGE_M2       -0.085      -0.067      -0.058      -0.011       0.037       0.046       0.063

 RADJ_CRT ON
    B1PGENDER        0.027       0.044       0.054       0.102       0.149       0.159       0.177
    B1PAGE_M2        0.010       0.028       0.037       0.085       0.134       0.143       0.161

 B4BDHEAS ON
    B1PGENDER       -0.401      -0.387      -0.380      -0.344      -0.308      -0.301      -0.288
    B1PAGE_M2       -0.496      -0.482      -0.475      -0.436      -0.398      -0.390      -0.376

 RB4P1GS  ON
    B1PGENDER       -0.130      -0.114      -0.105      -0.062      -0.018      -0.009       0.007
    B1PAGE_M2        0.206       0.222       0.231       0.276       0.321       0.330       0.346

 PULPRESS ON
    B1PGENDER        0.027       0.043       0.050       0.091       0.132       0.140       0.155
    B1PAGE_M2        0.376       0.390       0.398       0.437       0.476       0.483       0.497

 RB4BGLUC ON
    B1PGENDER       -0.205      -0.188      -0.179      -0.131      -0.084      -0.075      -0.058
    B1PAGE_M2       -0.023      -0.005       0.003       0.049       0.095       0.104       0.121

 P4HOMAIR ON
    B1PGENDER       -0.174      -0.156      -0.147      -0.099      -0.051      -0.042      -0.024
    B1PAGE_M2       -0.104      -0.087      -0.078      -0.032       0.013       0.022       0.039

 B4BHA1C  ON
    B1PGENDER       -0.066      -0.048      -0.038       0.011       0.060       0.069       0.088
    B1PAGE_M2        0.093       0.111       0.120       0.169       0.218       0.227       0.246

 RB4PWHR  ON
    B1PGENDER       -0.674      -0.665      -0.659      -0.633      -0.607      -0.601      -0.592
    B1PAGE_M2        0.053       0.066       0.073       0.108       0.144       0.151       0.164

 RB4BTRIG ON
    B1PGENDER       -0.276      -0.258      -0.250      -0.203      -0.157      -0.148      -0.131
    B1PAGE_M2       -0.079      -0.062      -0.053      -0.005       0.043       0.052       0.069

 B4BHDL   ON
    B1PGENDER        0.305       0.321       0.328       0.369       0.409       0.417       0.432
    B1PAGE_M2       -0.016       0.001       0.010       0.055       0.101       0.109       0.126

 B4BLDL   ON
    B1PGENDER       -0.056      -0.038      -0.029       0.019       0.067       0.076       0.094
    B1PAGE_M2       -0.175      -0.158      -0.148      -0.101      -0.053      -0.044      -0.027

 AL       WITH
    SYM              0.000       0.000       0.000       0.000       0.000       0.000       0.000
    PARA             0.000       0.000       0.000       0.000       0.000       0.000       0.000
    HPA              0.000       0.000       0.000       0.000       0.000       0.000       0.000
    CARD             0.000       0.000       0.000       0.000       0.000       0.000       0.000
    GLUC             0.000       0.000       0.000       0.000       0.000       0.000       0.000
    LIPID            0.000       0.000       0.000       0.000       0.000       0.000       0.000

 HPA      WITH
    SYM              0.105       0.158       0.186       0.329       0.473       0.500       0.554

 CARD     WITH
    SYM              0.006       0.030       0.042       0.105       0.169       0.181       0.205
    HPA              0.020       0.071       0.097       0.233       0.369       0.395       0.445

 GLUC     WITH
    SYM             -0.038      -0.012       0.001       0.070       0.138       0.151       0.177
    HPA             -0.094      -0.027       0.007       0.185       0.363       0.397       0.463
    CARD            -0.043      -0.021      -0.009       0.052       0.112       0.124       0.146

 LIPID    WITH
    SYM             -0.191      -0.156      -0.137      -0.041       0.054       0.073       0.108
    HPA             -0.428      -0.346      -0.304      -0.084       0.135       0.177       0.259
    CARD             0.011       0.039       0.053       0.128       0.202       0.216       0.244
    GLUC            -0.143      -0.089      -0.061       0.082       0.226       0.253       0.307

 PARA     WITH
    SYM             -0.021       0.003       0.015       0.079       0.144       0.156       0.180
    HPA             -0.136      -0.091      -0.069       0.051       0.170       0.193       0.238
    CARD            -0.164      -0.142      -0.131      -0.072      -0.014      -0.002       0.019
    GLUC            -0.091      -0.065      -0.052       0.018       0.087       0.100       0.126
    LIPID            0.037       0.066       0.080       0.156       0.232       0.247       0.276

 AVGB_RM  WITH
    AVGB_HF          0.844       0.851       0.855       0.876       0.896       0.900       0.908

 Intercepts
    RADJ_EPI        -1.168      -1.082      -1.039      -0.810      -0.582      -0.538      -0.453
    RADJ_NOR        -1.754      -1.674      -1.632      -1.417      -1.202      -1.161      -1.081
    AVGB_SD          1.074       1.160       1.205       1.437       1.669       1.713       1.800
    AVGB_RM          0.494       0.584       0.630       0.869       1.109       1.155       1.245
    AVGB_LF          1.604       1.682       1.722       1.931       2.139       2.179       2.258
    AVGB_HF          0.772       0.859       0.904       1.136       1.369       1.413       1.500
    RB4P1D          -0.467      -0.377      -0.330      -0.089       0.151       0.198       0.288
    RADJ_CRT        -0.882      -0.794      -0.749      -0.514      -0.279      -0.234      -0.146
    B4BDHEAS         2.151       2.217       2.250       2.425       2.599       2.633       2.698
    PULPRESS        -2.418      -2.351      -2.317      -2.138      -1.959      -1.925      -1.858
    RB4P1GS         -1.549      -1.469      -1.428      -1.215      -1.001      -0.960      -0.880
    B4BHA1C         -1.206      -1.109      -1.060      -0.801      -0.542      -0.492      -0.395
    RB4BGLUC        -0.441      -0.354      -0.310      -0.078       0.154       0.198       0.285
    P4HOMAIR        -0.103      -0.015       0.030       0.265       0.500       0.545       0.633
    B4BLDL           0.073       0.163       0.209       0.449       0.688       0.734       0.824
    B4BHDL          -1.040      -0.954      -0.910      -0.681      -0.452      -0.408      -0.322
    RB4BTRIG        -0.116      -0.026       0.019       0.259       0.499       0.545       0.635
    RB4PWHR         -0.057       0.009       0.043       0.220       0.397       0.431       0.498

 Variances
    SYM              1.000       1.000       1.000       1.000       1.000       1.000       1.000
    HPA              1.000       1.000       1.000       1.000       1.000       1.000       1.000
    CARD             1.000       1.000       1.000       1.000       1.000       1.000       1.000
    GLUC             1.000       1.000       1.000       1.000       1.000       1.000       1.000
    LIPID            1.000       1.000       1.000       1.000       1.000       1.000       1.000
    PARA             1.000       1.000       1.000       1.000       1.000       1.000       1.000
    AL               1.000       1.000       1.000       1.000       1.000       1.000       1.000

 Residual Variances
    RADJ_EPI         0.325       0.344       0.354       0.404       0.454       0.464       0.483
    RADJ_NOR         0.316       0.334       0.343       0.391       0.439       0.448       0.466
    AVGB_SD        999.000     999.000     999.000       0.000     999.000     999.000     999.000
    AVGB_RM          0.251       0.261       0.266       0.291       0.316       0.321       0.331
    AVGB_LF          0.176       0.184       0.188       0.210       0.231       0.235       0.243
    AVGB_HF          0.290       0.301       0.306       0.335       0.363       0.369       0.379
    RB4P1D           0.712       0.729       0.738       0.782       0.827       0.835       0.852
    RADJ_CRT         0.707       0.727       0.738       0.792       0.845       0.856       0.876
    B4BDHEAS         0.525       0.546       0.556       0.610       0.664       0.674       0.694
    PULPRESS         0.070       0.079       0.084       0.108       0.133       0.137       0.146
    RB4P1GS          0.178       0.188       0.192       0.218       0.244       0.249       0.258
    B4BHA1C          0.369       0.394       0.407       0.473       0.540       0.553       0.578
    RB4BGLUC       999.000     999.000     999.000       0.000     999.000     999.000     999.000
    P4HOMAIR         0.283       0.303       0.314       0.369       0.424       0.434       0.455
    B4BLDL           0.817       0.836       0.846       0.898       0.950       0.960       0.979
    B4BHDL           0.408       0.442       0.459       0.550       0.642       0.659       0.693
    RB4BTRIG        -0.012       0.067       0.107       0.316       0.526       0.566       0.644
    RB4PWHR          0.305       0.320       0.327       0.367       0.406       0.414       0.429


DIAGRAM INFORMATION

  Use View Diagram under the Diagram menu in the Mplus Editor to view the diagram.
  If running Mplus from the Mplus Diagrammer, the diagram opens automatically.

  Diagram output
    c:\users\joshua\documents\research\midus\jw-midus-al\al_bifac_ipv\factor_allcov_clustering_bifac

     Beginning Time:  04:07:17
        Ending Time:  04:07:18
       Elapsed Time:  00:00:01



MUTHEN & MUTHEN
3463 Stoner Ave.
Los Angeles, CA  90066

Tel: (310) 391-9971
Fax: (310) 391-8971
Web: www.StatModel.com
Support: Support@StatModel.com

Copyright (c) 1998-2014 Muthen & Muthen
