Mplus VERSION 7.3
MUTHEN & MUTHEN
04/30/2015   4:10 AM

INPUT INSTRUCTIONS

  TITLE:
   BiFactor Model of biomarkers;
  DATA:
  FILE = "factor_allcov_clustering_BiFac.dat";

  VARIABLE:
  NAMES = Radj_epi Radj_nor avgb_sd avgb_rm avgb_lf avgb_hf Rb4p1d Radj_crt b4bdheas
       Rb4bcrp b4bil6 b4bfgn b4bsicam b4bsesel pulpress Rb4p1gs b4bha1c Rb4bgluc
       p4homair b4bldl b4bhdl Rb4btrig Rb4pwhr m2famnum m2id b1pgender b1page_m2
       Agecat MedGroup white p4majorconditions p4minorconditions p4sumburden b3tem
       exec_fxn compression bending impact reg_izallo GNNregAL RXNNregAL;
   MISSING=.;

    usevariables =
      !Radj_epi Radj_nor
      avgb_sd avgb_rm avgb_lf avgb_hf Rb4p1d
      Radj_crt b4bdheas
      Rb4bcrp b4bil6 b4bfgn b4bsicam b4bsesel
      pulpress Rb4p1gs
      b4bha1c Rb4bgluc p4homair
      b4bldl b4bhdl Rb4btrig Rb4pwhr
      b1pgender b1page_m2;
    AUXILIARY =
      Radj_epi Radj_nor
      !avgb_sd avgb_rm avgb_lf avgb_hf Rb4p1d
      !Radj_crt b4bdheas
      !Rb4bcrp b4bil6 b4bfgn b4bsicam b4bsesel
      !pulpress Rb4p1gs
      !b4bha1c Rb4bgluc p4homair
      !b4bldl b4bhdl Rb4btrig Rb4pwhr
      (m);
      CLUSTER = m2famnum;
      idvariable = m2id;

  ANALYSIS:

      TYPE = COMPLEX;
      ESTIMATOR = MLR;
      PROCESSORS = 4;
  MODEL:

      !Radj_epi Radj_nor ON b1pgender b1page_m2;
      avgb_sd avgb_rm avgb_hf avgb_lf ON b1pgender b1page_m2;
      Rb4p1d ON b1pgender b1page_m2;
      Radj_crt b4bdheas ON b1pgender b1page_m2;
      Rb4bcrp b4bil6 b4bfgn b4bsicam b4bsesel ON b1pgender b1page_m2;
      Rb4p1gs pulpress ON b1pgender b1page_m2;
      Rb4bgluc p4homair b4bha1c ON b1pgender b1page_m2;
      Rb4pwhr Rb4btrig b4bhdl b4bldl ON b1pgender b1page_m2;


      !sym BY Radj_nor@1 Radj_epi@1;
      hpa BY Radj_crt@1 b4bdheas@1;
      card BY Rb4p1gs@1 pulpress@1;
      gluc BY Rb4bgluc@1 p4homair*1 b4bha1c*1;
      lipid BY Rb4pwhr@1 Rb4btrig*.65 b4bhdl*-1 b4bldl*1 p4homair*1;
      infl BY Rb4bcrp@1 b4bil6*1 b4bfgn*.9 b4bsicam*.25 b4bsesel*.5;
      para BY avgb_sd@-1 avgb_rm*-1 avgb_hf*-1 avgb_lf*-1 Rb4p1d*1;
      avgb_sd@0;
      avgb_rm WITH avgb_hf*;

      AL BY
        !Radj_epi*1 Radj_nor*1
        avgb_sd*-1 avgb_rm*-1 avgb_lf*-1 avgb_hf*-1 Rb4p1d*1
        Radj_crt*1 b4bdheas*1
        Rb4bcrp*1 b4bil6*1 b4bfgn*1 b4bsicam*1 b4bsesel*1
        pulpress*1 Rb4p1gs*1
        b4bha1c*1 Rb4bgluc*1 p4homair*1
        b4bldl*-1 b4bhdl*1 Rb4btrig*1 Rb4pwhr*1;
      AL@1;
      AL WITH !sym@0
              para@0
              hpa@0
              infl@0
              card@0
              gluc@0
              lipid@0
              ;
      Rb4bgluc@0;

  OUTPUT:

      STDYX;
      CINTERVAL;



*** WARNING in VARIABLE command
  Note that only the first 8 characters of variable names are used in the output.
  Shorten variable names to avoid any confusion.
*** WARNING
  Data set contains cases with missing on all variables except
  x-variables.  These cases were not included in the analysis.
  Number of cases with missing on all variables except x-variables:  1
   2 WARNING(S) FOUND IN THE INPUT INSTRUCTIONS




BiFactor Model of biomarkers;

SUMMARY OF ANALYSIS

Number of groups                                                 1
Number of observations                                        1254

Number of dependent variables                                   21
Number of independent variables                                  2
Number of continuous latent variables                            7

Observed dependent variables

  Continuous
   AVGB_SD     AVGB_RM     AVGB_LF     AVGB_HF     RB4P1D      RADJ_CRT
   B4BDHEAS    RB4BCRP     B4BIL6      B4BFGN      B4BSICAM    B4BSESEL
   PULPRESS    RB4P1GS     B4BHA1C     RB4BGLUC    P4HOMAIR    B4BLDL
   B4BHDL      RB4BTRIG    RB4PWHR

Observed independent variables
   B1PGENDE    B1PAGE_M

Observed auxiliary variables
   RADJ_NOR
   RADJ_EPI

Continuous latent variables
   HPA         CARD        GLUC        LIPID       INFL        PARA
   AL

Variables with special functions

  Cluster variable      M2FAMNUM
  ID variable           M2ID

Estimator                                                      MLR
Information matrix                                        OBSERVED
Maximum number of iterations                                  1000
Convergence criterion                                    0.500D-04
Maximum number of steepest descent iterations                   20
Maximum number of iterations for H1                           2000
Convergence criterion for H1                             0.100D-03

Input data file(s)
  factor_allcov_clustering_BiFac.dat

Input data format  FREE


SUMMARY OF DATA

     Number of missing data patterns            24
     Number of clusters        1097



COVARIANCE COVERAGE OF DATA

Minimum covariance coverage value   0.100


     PROPORTION OF DATA PRESENT


           Covariance Coverage
              AVGB_SD       AVGB_RM       AVGB_LF       AVGB_HF       RB4P1D
              ________      ________      ________      ________      ________
 AVGB_SD        0.919
 AVGB_RM        0.919         0.919
 AVGB_LF        0.919         0.919         0.919
 AVGB_HF        0.919         0.919         0.919         0.919
 RB4P1D         0.919         0.919         0.919         0.919         0.999
 RADJ_CRT       0.915         0.915         0.915         0.915         0.994
 B4BDHEAS       0.911         0.911         0.911         0.911         0.987
 RB4BCRP        0.907         0.907         0.907         0.907         0.983
 B4BIL6         0.913         0.913         0.913         0.913         0.990
 B4BFGN         0.907         0.907         0.907         0.907         0.985
 B4BSICAM       0.912         0.912         0.912         0.912         0.990
 B4BSESEL       0.912         0.912         0.912         0.912         0.990
 PULPRESS       0.919         0.919         0.919         0.919         0.999
 RB4P1GS        0.919         0.919         0.919         0.919         0.999
 B4BHA1C        0.907         0.907         0.907         0.907         0.984
 RB4BGLUC       0.907         0.907         0.907         0.907         0.984
 P4HOMAIR       0.906         0.906         0.906         0.906         0.982
 B4BLDL         0.912         0.912         0.912         0.912         0.990
 B4BHDL         0.912         0.912         0.912         0.912         0.990
 RB4BTRIG       0.912         0.912         0.912         0.912         0.990
 RB4PWHR        0.919         0.919         0.919         0.919         0.998
 B1PGENDE       0.919         0.919         0.919         0.919         0.999
 B1PAGE_M       0.919         0.919         0.919         0.919         0.999


           Covariance Coverage
              RADJ_CRT      B4BDHEAS      RB4BCRP       B4BIL6        B4BFGN
              ________      ________      ________      ________      ________
 RADJ_CRT       0.994
 B4BDHEAS       0.984         0.988
 RB4BCRP        0.979         0.979         0.983
 B4BIL6         0.987         0.988         0.982         0.991
 B4BFGN         0.981         0.981         0.983         0.984         0.985
 B4BSICAM       0.986         0.987         0.982         0.990         0.983
 B4BSESEL       0.986         0.987         0.982         0.990         0.983
 PULPRESS       0.994         0.988         0.983         0.991         0.985
 RB4P1GS        0.994         0.988         0.983         0.991         0.985
 B4BHA1C        0.981         0.981         0.979         0.984         0.981
 RB4BGLUC       0.981         0.983         0.977         0.985         0.978
 P4HOMAIR       0.979         0.982         0.975         0.983         0.977
 B4BLDL         0.986         0.986         0.982         0.990         0.983
 B4BHDL         0.986         0.986         0.982         0.990         0.983
 RB4BTRIG       0.986         0.986         0.982         0.990         0.983
 RB4PWHR        0.994         0.987         0.982         0.990         0.984
 B1PGENDE       0.994         0.988         0.983         0.991         0.985
 B1PAGE_M       0.994         0.988         0.983         0.991         0.985


           Covariance Coverage
              B4BSICAM      B4BSESEL      PULPRESS      RB4P1GS       B4BHA1C
              ________      ________      ________      ________      ________
 B4BSICAM       0.990
 B4BSESEL       0.990         0.990
 PULPRESS       0.990         0.990         1.000
 RB4P1GS        0.990         0.990         1.000         1.000
 B4BHA1C        0.984         0.984         0.985         0.985         0.985
 RB4BGLUC       0.985         0.985         0.985         0.985         0.978
 P4HOMAIR       0.983         0.983         0.983         0.983         0.977
 B4BLDL         0.989         0.989         0.990         0.990         0.983
 B4BHDL         0.989         0.989         0.990         0.990         0.983
 RB4BTRIG       0.989         0.989         0.990         0.990         0.983
 RB4PWHR        0.990         0.990         0.999         0.999         0.984
 B1PGENDE       0.990         0.990         1.000         1.000         0.985
 B1PAGE_M       0.990         0.990         1.000         1.000         0.985


           Covariance Coverage
              RB4BGLUC      P4HOMAIR      B4BLDL        B4BHDL        RB4BTRIG
              ________      ________      ________      ________      ________
 RB4BGLUC       0.985
 P4HOMAIR       0.983         0.983
 B4BLDL         0.983         0.982         0.990
 B4BHDL         0.983         0.982         0.990         0.990
 RB4BTRIG       0.983         0.982         0.990         0.990         0.990
 RB4PWHR        0.984         0.982         0.990         0.990         0.990
 B1PGENDE       0.985         0.983         0.990         0.990         0.990
 B1PAGE_M       0.985         0.983         0.990         0.990         0.990


           Covariance Coverage
              RB4PWHR       B1PGENDE      B1PAGE_M
              ________      ________      ________
 RB4PWHR        0.999
 B1PGENDE       0.999         1.000
 B1PAGE_M       0.999         1.000         1.000



THE MODEL ESTIMATION TERMINATED NORMALLY

     WARNING:  THE LATENT VARIABLE COVARIANCE MATRIX (PSI) IS NOT POSITIVE
     DEFINITE.  THIS COULD INDICATE A NEGATIVE VARIANCE/RESIDUAL VARIANCE FOR A
     LATENT VARIABLE, A CORRELATION GREATER OR EQUAL TO ONE BETWEEN TWO LATENT
     VARIABLES, OR A LINEAR DEPENDENCY AMONG MORE THAN TWO LATENT VARIABLES.
     CHECK THE TECH4 OUTPUT FOR MORE INFORMATION.
     PROBLEM INVOLVING VARIABLE AVGB_SD.




MODEL FIT INFORMATION

Number of Free Parameters                      139

Loglikelihood Including the Auxiliary Part

          H0 Value                      -36967.852
          H0 Scaling Correction Factor      1.2678
            for MLR
          H1 Value                      -36680.944
          H1 Scaling Correction Factor      1.1670
            for MLR

Chi-Square Test of Model Fit

          Value                            542.750*
          Degrees of Freedom                   155
          P-Value                           0.0000
          Scaling Correction Factor         1.0572
            for MLR

*   The chi-square value for MLM, MLMV, MLR, ULSMV, WLSM and WLSMV cannot be used
    for chi-square difference testing in the regular way.  MLM, MLR and WLSM
    chi-square difference testing is described on the Mplus website.  MLMV, WLSMV,
    and ULSMV difference testing is done using the DIFFTEST option.

RMSEA (Root Mean Square Error Of Approximation)

          Estimate                           0.045
          90 Percent C.I.                    0.041  0.049
          Probability RMSEA <= .05           0.984

CFI/TLI

          CFI                                0.969
          TLI                                0.949

Chi-Square Test of Model Fit for the Baseline Model

          Value                          12645.495
          Degrees of Freedom                   252
          P-Value                           0.0000

SRMR (Standardized Root Mean Square Residual)

          Value                              0.027



MODEL RESULTS

                                                    Two-Tailed
                    Estimate       S.E.  Est./S.E.    P-Value

 HPA      BY
    RADJ_CRT           1.000      0.000    999.000    999.000
    B4BDHEAS           1.000      0.000    999.000    999.000

 CARD     BY
    RB4P1GS            1.000      0.000    999.000    999.000
    PULPRESS           1.000      0.000    999.000    999.000

 GLUC     BY
    RB4BGLUC           1.000      0.000    999.000    999.000
    P4HOMAIR           0.306      0.042      7.380      0.000
    B4BHA1C            0.651      0.039     16.735      0.000

 LIPID    BY
    RB4PWHR            1.000      0.000    999.000    999.000
    RB4BTRIG           4.655      2.539      1.833      0.067
    B4BHDL            -2.883      1.127     -2.559      0.010
    B4BLDL             1.640      0.886      1.851      0.064
    P4HOMAIR           1.884      0.456      4.128      0.000

 INFL     BY
    RB4BCRP            1.000      0.000    999.000    999.000
    B4BIL6             0.651      0.172      3.776      0.000
    B4BFGN             0.900      0.255      3.525      0.000
    B4BSICAM           0.149      0.097      1.542      0.123
    B4BSESEL          -0.066      0.116     -0.570      0.569

 PARA     BY
    AVGB_SD           -1.000      0.000    999.000    999.000
    AVGB_RM           -0.873      0.019    -46.117      0.000
    AVGB_HF           -0.818      0.019    -42.696      0.000
    AVGB_LF           -0.812      0.017    -49.228      0.000
    RB4P1D             0.332      0.031     10.695      0.000

 AL       BY
    AVGB_SD           -0.205      0.047     -4.409      0.000
    AVGB_RM           -0.110      0.049     -2.261      0.024
    AVGB_LF           -0.242      0.042     -5.814      0.000
    AVGB_HF           -0.116      0.045     -2.594      0.009
    RB4P1D             0.367      0.038      9.572      0.000
    RADJ_CRT          -0.282      0.042     -6.742      0.000
    B4BDHEAS          -0.039      0.037     -1.050      0.294
    RB4BCRP            0.550      0.047     11.742      0.000
    B4BIL6             0.534      0.048     11.095      0.000
    B4BFGN             0.391      0.053      7.376      0.000
    B4BSICAM           0.240      0.047      5.108      0.000
    B4BSESEL           0.400      0.050      7.994      0.000
    PULPRESS           0.075      0.043      1.725      0.085
    RB4P1GS            0.106      0.047      2.246      0.025
    B4BHA1C            0.411      0.048      8.549      0.000
    RB4BGLUC           0.412      0.056      7.312      0.000
    P4HOMAIR           0.623      0.076      8.185      0.000
    B4BLDL             0.003      0.061      0.045      0.964
    B4BHDL            -0.298      0.089     -3.344      0.001
    RB4BTRIG           0.333      0.114      2.923      0.003
    RB4PWHR            0.425      0.047      9.016      0.000

 AVGB_SD  ON
    B1PGENDER         -0.141      0.057     -2.464      0.014
    B1PAGE_M2         -0.025      0.003     -9.507      0.000

 AVGB_RM  ON
    B1PGENDER          0.029      0.058      0.503      0.615
    B1PAGE_M2         -0.017      0.003     -6.196      0.000

 AVGB_HF  ON
    B1PGENDER          0.118      0.058      2.045      0.041
    B1PAGE_M2         -0.022      0.003     -8.633      0.000

 AVGB_LF  ON
    B1PGENDER         -0.262      0.055     -4.774      0.000
    B1PAGE_M2         -0.033      0.002    -13.387      0.000

 RB4P1D   ON
    B1PGENDER          0.246      0.059      4.189      0.000
    B1PAGE_M2         -0.001      0.002     -0.378      0.705

 RADJ_CRT ON
    B1PGENDER          0.203      0.058      3.472      0.001
    B1PAGE_M2          0.007      0.002      2.907      0.004

 B4BDHEAS ON
    B1PGENDER         -0.698      0.049    -14.223      0.000
    B1PAGE_M2         -0.038      0.002    -17.410      0.000

 RB4BCRP  ON
    B1PGENDER          0.336      0.057      5.934      0.000
    B1PAGE_M2          0.001      0.003      0.368      0.713

 B4BIL6   ON
    B1PGENDER          0.153      0.057      2.704      0.007
    B1PAGE_M2          0.015      0.002      6.288      0.000

 B4BFGN   ON
    B1PGENDER          0.364      0.057      6.387      0.000
    B1PAGE_M2          0.010      0.003      3.957      0.000

 B4BSICAM ON
    B1PGENDER          0.010      0.058      0.166      0.868
    B1PAGE_M2          0.010      0.003      3.741      0.000

 B4BSESEL ON
    B1PGENDER         -0.178      0.060     -2.985      0.003
    B1PAGE_M2         -0.009      0.002     -3.585      0.000

 RB4P1GS  ON
    B1PGENDER         -0.124      0.054     -2.322      0.020
    B1PAGE_M2          0.024      0.002      9.825      0.000

 PULPRESS ON
    B1PGENDER          0.184      0.050      3.641      0.000
    B1PAGE_M2          0.037      0.002     16.352      0.000

 RB4BGLUC ON
    B1PGENDER         -0.265      0.060     -4.430      0.000
    B1PAGE_M2          0.004      0.002      1.794      0.073

 P4HOMAIR ON
    B1PGENDER         -0.201      0.059     -3.391      0.001
    B1PAGE_M2         -0.003      0.002     -1.141      0.254

 B4BHA1C  ON
    B1PGENDER          0.023      0.060      0.377      0.706
    B1PAGE_M2          0.014      0.002      6.248      0.000

 RB4PWHR  ON
    B1PGENDER         -1.277      0.044    -28.971      0.000
    B1PAGE_M2          0.009      0.002      5.050      0.000

 RB4BTRIG ON
    B1PGENDER         -0.411      0.059     -7.006      0.000
    B1PAGE_M2          0.000      0.002     -0.163      0.871

 B4BHDL   ON
    B1PGENDER          0.744      0.054     13.687      0.000
    B1PAGE_M2          0.005      0.002      2.000      0.046

 B4BLDL   ON
    B1PGENDER          0.038      0.059      0.651      0.515
    B1PAGE_M2         -0.009      0.002     -3.479      0.001

 AL       WITH
    PARA               0.000      0.000    999.000    999.000
    HPA                0.000      0.000    999.000    999.000
    INFL               0.000      0.000    999.000    999.000
    CARD               0.000      0.000    999.000    999.000
    GLUC               0.000      0.000    999.000    999.000
    LIPID              0.000      0.000    999.000    999.000

 CARD     WITH
    HPA                0.053      0.019      2.845      0.004

 GLUC     WITH
    HPA                0.033      0.023      1.459      0.145
    CARD               0.049      0.028      1.759      0.079

 LIPID    WITH
    HPA               -0.008      0.008     -1.016      0.310
    CARD               0.019      0.014      1.383      0.167
    GLUC               0.018      0.020      0.902      0.367

 INFL     WITH
    HPA                0.021      0.020      1.028      0.304
    CARD               0.065      0.037      1.736      0.083
    GLUC              -0.078      0.032     -2.429      0.015
    LIPID              0.001      0.019      0.060      0.952

 PARA     WITH
    HPA                0.015      0.020      0.753      0.452
    CARD              -0.058      0.028     -2.041      0.041
    GLUC               0.006      0.034      0.187      0.852
    LIPID              0.021      0.016      1.253      0.210
    INFL               0.040      0.029      1.388      0.165

 AVGB_RM  WITH
    AVGB_HF            0.272      0.014     19.996      0.000

 Intercepts
    AVGB_SD            1.449      0.149      9.716      0.000
    AVGB_RM            0.877      0.147      5.966      0.000
    AVGB_LF            1.944      0.140     13.869      0.000
    AVGB_HF            1.143      0.145      7.886      0.000
    RB4P1D            -0.089      0.146     -0.608      0.543
    RADJ_CRT          -0.508      0.143     -3.555      0.000
    B4BDHEAS           2.440      0.120     20.384      0.000
    RB4BCRP           -0.233      0.148     -1.580      0.114
    B4BIL6            -0.913      0.143     -6.405      0.000
    B4BFGN            -0.744      0.142     -5.245      0.000
    B4BSICAM          -0.534      0.151     -3.524      0.000
    B4BSESEL           0.575      0.144      3.988      0.000
    PULPRESS          -2.136      0.125    -17.033      0.000
    RB4P1GS           -1.216      0.134     -9.108      0.000
    B4BHA1C           -0.797      0.139     -5.740      0.000
    RB4BGLUC          -0.078      0.139     -0.559      0.576
    P4HOMAIR           0.265      0.144      1.842      0.065
    B4BLDL             0.449      0.147      3.054      0.002
    B4BHDL            -0.681      0.137     -4.975      0.000
    RB4BTRIG           0.258      0.146      1.765      0.077
    RB4PWHR            0.220      0.108      2.036      0.042

 Variances
    HPA                0.100      0.029      3.432      0.001
    CARD               0.691      0.035     19.766      0.000
    GLUC               0.807      0.095      8.477      0.000
    LIPID              0.026      0.028      0.935      0.350
    INFL               0.334      0.100      3.334      0.001
    PARA               0.870      0.043     20.271      0.000
    AL                 1.000      0.000    999.000    999.000

 Residual Variances
    AVGB_SD            0.000      0.000    999.000    999.000
    AVGB_RM            0.289      0.013     21.795      0.000
    AVGB_LF            0.208      0.011     19.513      0.000
    AVGB_HF            0.334      0.015     22.028      0.000
    RB4P1D             0.753      0.034     21.937      0.000
    RADJ_CRT           0.793      0.043     18.390      0.000
    B4BDHEAS           0.606      0.037     16.298      0.000
    RB4BCRP            0.342      0.073      4.716      0.000
    B4BIL6             0.537      0.038     14.094      0.000
    B4BFGN             0.534      0.065      8.208      0.000
    B4BSICAM           0.922      0.062     14.843      0.000
    B4BSESEL           0.822      0.050     16.432      0.000
    PULPRESS           0.104      0.015      7.134      0.000
    RB4P1GS            0.223      0.017     12.728      0.000
    B4BHA1C            0.458      0.045     10.269      0.000
    RB4BGLUC           0.000      0.000    999.000    999.000
    P4HOMAIR           0.415      0.026     15.845      0.000
    B4BLDL             0.919      0.042     21.977      0.000
    B4BHDL             0.559      0.040     13.979      0.000
    RB4BTRIG           0.289      0.094      3.082      0.002
    RB4PWHR            0.374      0.021     17.760      0.000


STANDARDIZED MODEL RESULTS


STDYX Standardization

                                                    Two-Tailed
                    Estimate       S.E.  Est./S.E.    P-Value

 HPA      BY
    RADJ_CRT           0.318      0.045      7.081      0.000
    B4BDHEAS           0.315      0.045      7.070      0.000

 CARD     BY
    RB4P1GS            0.829      0.012     71.428      0.000
    PULPRESS           0.833      0.015     56.203      0.000

 GLUC     BY
    RB4BGLUC           0.899      0.024     37.565      0.000
    P4HOMAIR           0.275      0.042      6.552      0.000
    B4BHA1C            0.586      0.041     14.411      0.000

 LIPID    BY
    RB4PWHR            0.161      0.086      1.866      0.062
    RB4BTRIG           0.748      0.054     13.737      0.000
    B4BHDL            -0.463      0.082     -5.630      0.000
    B4BLDL             0.264      0.037      7.132      0.000
    P4HOMAIR           0.302      0.103      2.927      0.003

 INFL     BY
    RB4BCRP            0.576      0.086      6.726      0.000
    B4BIL6             0.376      0.064      5.905      0.000
    B4BFGN             0.520      0.083      6.302      0.000
    B4BSICAM           0.086      0.060      1.430      0.153
    B4BSESEL          -0.038      0.069     -0.554      0.580

 PARA     BY
    AVGB_SD           -0.931      0.013    -69.243      0.000
    AVGB_RM           -0.813      0.014    -58.839      0.000
    AVGB_HF           -0.762      0.016    -48.499      0.000
    AVGB_LF           -0.756      0.017    -44.496      0.000
    RB4P1D             0.310      0.029     10.808      0.000

 AL       BY
    AVGB_SD           -0.205      0.046     -4.462      0.000
    AVGB_RM           -0.110      0.048     -2.265      0.024
    AVGB_LF           -0.242      0.041     -5.914      0.000
    AVGB_HF           -0.116      0.045     -2.602      0.009
    RB4P1D             0.367      0.036     10.147      0.000
    RADJ_CRT          -0.284      0.042     -6.797      0.000
    B4BDHEAS          -0.039      0.037     -1.048      0.294
    RB4BCRP            0.548      0.044     12.355      0.000
    B4BIL6             0.534      0.047     11.425      0.000
    B4BFGN             0.391      0.051      7.679      0.000
    B4BSICAM           0.240      0.046      5.262      0.000
    B4BSESEL           0.399      0.048      8.401      0.000
    PULPRESS           0.075      0.043      1.727      0.084
    RB4P1GS            0.105      0.047      2.250      0.024
    B4BHA1C            0.412      0.041     10.055      0.000
    RB4BGLUC           0.413      0.053      7.813      0.000
    P4HOMAIR           0.623      0.074      8.401      0.000
    B4BLDL             0.003      0.061      0.045      0.964
    B4BHDL            -0.298      0.089     -3.337      0.001
    RB4BTRIG           0.333      0.113      2.949      0.003
    RB4PWHR            0.425      0.046      9.221      0.000

 AVGB_SD  ON
    B1PGENDER         -0.070      0.028     -2.482      0.013
    B1PAGE_M2         -0.297      0.030     -9.901      0.000

 AVGB_RM  ON
    B1PGENDER          0.015      0.029      0.503      0.615
    B1PAGE_M2         -0.194      0.031     -6.197      0.000

 AVGB_HF  ON
    B1PGENDER          0.058      0.028      2.051      0.040
    B1PAGE_M2         -0.262      0.030     -8.804      0.000

 AVGB_LF  ON
    B1PGENDER         -0.129      0.027     -4.840      0.000
    B1PAGE_M2         -0.389      0.027    -14.475      0.000

 RB4P1D   ON
    B1PGENDER          0.122      0.029      4.220      0.000
    B1PAGE_M2         -0.011      0.029     -0.378      0.705

 RADJ_CRT ON
    B1PGENDER          0.101      0.029      3.485      0.000
    B1PAGE_M2          0.085      0.029      2.913      0.004

 B4BDHEAS ON
    B1PGENDER         -0.345      0.022    -15.697      0.000
    B1PAGE_M2         -0.438      0.023    -18.695      0.000

 RB4BCRP  ON
    B1PGENDER          0.166      0.028      6.014      0.000
    B1PAGE_M2          0.011      0.030      0.368      0.713

 B4BIL6   ON
    B1PGENDER          0.076      0.028      2.714      0.007
    B1PAGE_M2          0.178      0.028      6.379      0.000

 B4BFGN   ON
    B1PGENDER          0.180      0.027      6.610      0.000
    B1PAGE_M2          0.116      0.029      4.026      0.000

 B4BSICAM ON
    B1PGENDER          0.005      0.029      0.167      0.868
    B1PAGE_M2          0.114      0.031      3.699      0.000

 B4BSESEL ON
    B1PGENDER         -0.088      0.029     -2.998      0.003
    B1PAGE_M2         -0.102      0.028     -3.608      0.000

 RB4P1GS  ON
    B1PGENDER         -0.061      0.027     -2.317      0.020
    B1PAGE_M2          0.275      0.027     10.088      0.000

 PULPRESS ON
    B1PGENDER          0.091      0.025      3.680      0.000
    B1PAGE_M2          0.437      0.024     18.511      0.000

 RB4BGLUC ON
    B1PGENDER         -0.132      0.029     -4.592      0.000
    B1PAGE_M2          0.049      0.028      1.767      0.077

 P4HOMAIR ON
    B1PGENDER         -0.099      0.029     -3.410      0.001
    B1PAGE_M2         -0.032      0.028     -1.143      0.253

 B4BHA1C  ON
    B1PGENDER          0.011      0.030      0.376      0.707
    B1PAGE_M2          0.169      0.030      5.673      0.000

 RB4PWHR  ON
    B1PGENDER         -0.633      0.016    -39.342      0.000
    B1PAGE_M2          0.108      0.021      5.048      0.000

 RB4BTRIG ON
    B1PGENDER         -0.204      0.028     -7.246      0.000
    B1PAGE_M2         -0.005      0.029     -0.163      0.871

 B4BHDL   ON
    B1PGENDER          0.368      0.025     15.029      0.000
    B1PAGE_M2          0.055      0.028      1.986      0.047

 B4BLDL   ON
    B1PGENDER          0.019      0.029      0.651      0.515
    B1PAGE_M2         -0.101      0.029     -3.502      0.000

 AL       WITH
    PARA               0.000      0.000    999.000    999.000
    HPA                0.000      0.000    999.000    999.000
    INFL               0.000      0.000    999.000    999.000
    CARD               0.000      0.000    999.000    999.000
    GLUC               0.000      0.000    999.000    999.000
    LIPID              0.000      0.000    999.000    999.000

 CARD     WITH
    HPA                0.202      0.076      2.677      0.007

 GLUC     WITH
    HPA                0.116      0.083      1.389      0.165
    CARD               0.066      0.037      1.784      0.074

 LIPID    WITH
    HPA               -0.157      0.101     -1.559      0.119
    CARD               0.143      0.044      3.221      0.001
    GLUC               0.126      0.081      1.554      0.120

 INFL     WITH
    HPA                0.115      0.121      0.950      0.342
    CARD               0.135      0.063      2.152      0.031
    GLUC              -0.151      0.070     -2.156      0.031
    LIPID              0.012      0.195      0.063      0.950

 PARA     WITH
    HPA                0.051      0.068      0.744      0.457
    CARD              -0.075      0.037     -2.038      0.042
    GLUC               0.008      0.041      0.187      0.851
    LIPID              0.137      0.051      2.691      0.007
    INFL               0.075      0.051      1.475      0.140

 AVGB_RM  WITH
    AVGB_HF            0.875      0.013     69.856      0.000

 Intercepts
    AVGB_SD            1.447      0.141     10.281      0.000
    AVGB_RM            0.876      0.146      6.020      0.000
    AVGB_LF            1.940      0.126     15.342      0.000
    AVGB_HF            1.141      0.141      8.078      0.000
    RB4P1D            -0.089      0.146     -0.607      0.544
    RADJ_CRT          -0.510      0.142     -3.586      0.000
    B4BDHEAS           2.433      0.106     22.929      0.000
    RB4BCRP           -0.232      0.147     -1.583      0.113
    B4BIL6            -0.913      0.140     -6.512      0.000
    B4BFGN            -0.743      0.138     -5.374      0.000
    B4BSICAM          -0.534      0.155     -3.456      0.001
    B4BSESEL           0.575      0.143      4.019      0.000
    PULPRESS          -2.140      0.109    -19.687      0.000
    RB4P1GS           -1.212      0.130     -9.358      0.000
    B4BHA1C           -0.798      0.157     -5.075      0.000
    RB4BGLUC          -0.078      0.141     -0.553      0.580
    P4HOMAIR           0.265      0.143      1.852      0.064
    B4BLDL             0.449      0.146      3.085      0.002
    B4BHDL            -0.681      0.139     -4.885      0.000
    RB4BTRIG           0.258      0.146      1.772      0.076
    RB4PWHR            0.220      0.108      2.041      0.041

 Variances
    HPA                1.000      0.000    999.000    999.000
    CARD               1.000      0.000    999.000    999.000
    GLUC               1.000      0.000    999.000    999.000
    LIPID              1.000      0.000    999.000    999.000
    INFL               1.000      0.000    999.000    999.000
    PARA               1.000      0.000    999.000    999.000
    AL                 1.000      0.000    999.000    999.000

 Residual Variances
    AVGB_SD            0.000    999.000    999.000    999.000
    AVGB_RM            0.288      0.016     18.501      0.000
    AVGB_LF            0.207      0.013     16.074      0.000
    AVGB_HF            0.333      0.017     19.145      0.000
    RB4P1D             0.754      0.027     28.399      0.000
    RADJ_CRT           0.801      0.032     24.733      0.000
    B4BDHEAS           0.602      0.033     18.365      0.000
    RB4BCRP            0.340      0.072      4.700      0.000
    B4BIL6             0.537      0.033     16.271      0.000
    B4BFGN             0.533      0.065      8.259      0.000
    B4BSICAM           0.922      0.018     51.031      0.000
    B4BSESEL           0.822      0.042     19.538      0.000
    PULPRESS           0.104      0.015      7.100      0.000
    RB4P1GS            0.221      0.015     14.546      0.000
    B4BHA1C            0.459      0.039     11.677      0.000
    RB4BGLUC           0.000    999.000    999.000    999.000
    P4HOMAIR           0.414      0.026     15.807      0.000
    B4BLDL             0.920      0.020     45.589      0.000
    B4BHDL             0.559      0.036     15.346      0.000
    RB4BTRIG           0.289      0.095      3.054      0.002
    RB4PWHR            0.374      0.021     17.805      0.000


R-SQUARE

    Observed                                        Two-Tailed
    Variable        Estimate       S.E.  Est./S.E.    P-Value

    AVGB_SD            1.000    999.000    999.000    999.000
    AVGB_RM            0.712      0.016     45.703      0.000
    AVGB_LF            0.793      0.013     61.585      0.000
    AVGB_HF            0.667      0.017     38.360      0.000
    RB4P1D             0.246      0.027      9.253      0.000
    RADJ_CRT           0.199      0.032      6.126      0.000
    B4BDHEAS           0.398      0.033     12.129      0.000
    RB4BCRP            0.660      0.072      9.126      0.000
    B4BIL6             0.463      0.033     14.052      0.000
    B4BFGN             0.467      0.065      7.239      0.000
    B4BSICAM           0.078      0.018      4.304      0.000
    B4BSESEL           0.178      0.042      4.239      0.000
    PULPRESS           0.896      0.015     60.865      0.000
    RB4P1GS            0.779      0.015     51.207      0.000
    B4BHA1C            0.541      0.039     13.752      0.000
    RB4BGLUC           1.000    999.000    999.000    999.000
    P4HOMAIR           0.586      0.026     22.413      0.000
    B4BLDL             0.080      0.020      3.979      0.000
    B4BHDL             0.441      0.036     12.086      0.000
    RB4BTRIG           0.711      0.095      7.523      0.000
    RB4PWHR            0.626      0.021     29.750      0.000


QUALITY OF NUMERICAL RESULTS

     Condition Number for the Information Matrix              0.256E-05
       (ratio of smallest to largest eigenvalue)


CONFIDENCE INTERVALS OF MODEL RESULTS

                  Lower .5%  Lower 2.5%    Lower 5%    Estimate    Upper 5%  Upper 2.5%   Upper .5%

 HPA      BY
    RADJ_CRT         1.000       1.000       1.000       1.000       1.000       1.000       1.000
    B4BDHEAS         1.000       1.000       1.000       1.000       1.000       1.000       1.000

 CARD     BY
    RB4P1GS          1.000       1.000       1.000       1.000       1.000       1.000       1.000
    PULPRESS         1.000       1.000       1.000       1.000       1.000       1.000       1.000

 GLUC     BY
    RB4BGLUC         1.000       1.000       1.000       1.000       1.000       1.000       1.000
    P4HOMAIR         0.199       0.225       0.238       0.306       0.375       0.388       0.413
    B4BHA1C          0.551       0.575       0.587       0.651       0.715       0.727       0.751

 LIPID    BY
    RB4PWHR          1.000       1.000       1.000       1.000       1.000       1.000       1.000
    RB4BTRIG        -1.885      -0.321       0.478       4.655       8.831       9.631      11.194
    B4BHDL          -5.786      -5.092      -4.737      -2.883      -1.030      -0.675       0.019
    B4BLDL          -0.642      -0.097       0.182       1.640       3.097       3.376       3.922
    P4HOMAIR         0.709       0.990       1.133       1.884       2.635       2.779       3.060

 INFL     BY
    RB4BCRP          1.000       1.000       1.000       1.000       1.000       1.000       1.000
    B4BIL6           0.207       0.313       0.367       0.651       0.935       0.989       1.095
    B4BFGN           0.242       0.400       0.480       0.900       1.321       1.401       1.558
    B4BSICAM        -0.100      -0.040      -0.010       0.149       0.308       0.338       0.398
    B4BSESEL        -0.364      -0.293      -0.256      -0.066       0.124       0.161       0.232

 PARA     BY
    AVGB_SD         -1.000      -1.000      -1.000      -1.000      -1.000      -1.000      -1.000
    AVGB_RM         -0.922      -0.910      -0.904      -0.873      -0.842      -0.836      -0.824
    AVGB_HF         -0.867      -0.855      -0.849      -0.818      -0.786      -0.780      -0.768
    AVGB_LF         -0.855      -0.845      -0.839      -0.812      -0.785      -0.780      -0.770
    RB4P1D           0.252       0.271       0.281       0.332       0.383       0.393       0.412

 AL       BY
    AVGB_SD         -0.325      -0.297      -0.282      -0.205      -0.129      -0.114      -0.085
    AVGB_RM         -0.235      -0.205      -0.189      -0.110      -0.030      -0.015       0.015
    AVGB_LF         -0.350      -0.324      -0.311      -0.242      -0.174      -0.161      -0.135
    AVGB_HF         -0.232      -0.204      -0.190      -0.116      -0.043      -0.028      -0.001
    RB4P1D           0.268       0.292       0.304       0.367       0.430       0.442       0.466
    RADJ_CRT        -0.390      -0.365      -0.351      -0.282      -0.214      -0.200      -0.175
    B4BDHEAS        -0.135      -0.112      -0.101      -0.039       0.022       0.034       0.057
    RB4BCRP          0.430       0.458       0.473       0.550       0.627       0.642       0.671
    B4BIL6           0.410       0.440       0.455       0.534       0.614       0.629       0.659
    B4BFGN           0.255       0.287       0.304       0.391       0.479       0.495       0.528
    B4BSICAM         0.119       0.148       0.162       0.240       0.317       0.332       0.360
    B4BSESEL         0.271       0.302       0.317       0.400       0.482       0.498       0.528
    PULPRESS        -0.037      -0.010       0.003       0.075       0.146       0.160       0.187
    RB4P1GS         -0.016       0.013       0.028       0.106       0.183       0.198       0.227
    B4BHA1C          0.287       0.317       0.332       0.411       0.490       0.505       0.535
    RB4BGLUC         0.267       0.302       0.320       0.412       0.505       0.523       0.558
    P4HOMAIR         0.427       0.474       0.498       0.623       0.749       0.773       0.820
    B4BLDL          -0.154      -0.116      -0.097       0.003       0.103       0.122       0.159
    B4BHDL          -0.528      -0.473      -0.445      -0.298      -0.151      -0.123      -0.068
    RB4BTRIG         0.039       0.110       0.145       0.333       0.520       0.556       0.626
    RB4PWHR          0.304       0.333       0.348       0.425       0.503       0.518       0.547

 AVGB_SD  ON
    B1PGENDER       -0.288      -0.253      -0.235      -0.141      -0.047      -0.029       0.006
    B1PAGE_M2       -0.032      -0.031      -0.030      -0.025      -0.021      -0.020      -0.019

 AVGB_RM  ON
    B1PGENDER       -0.121      -0.085      -0.067       0.029       0.125       0.144       0.180
    B1PAGE_M2       -0.023      -0.022      -0.021      -0.017      -0.012      -0.011      -0.010

 AVGB_HF  ON
    B1PGENDER       -0.031       0.005       0.023       0.118       0.213       0.231       0.266
    B1PAGE_M2       -0.029      -0.028      -0.027      -0.022      -0.018      -0.017      -0.016

 AVGB_LF  ON
    B1PGENDER       -0.403      -0.369      -0.352      -0.262      -0.172      -0.154      -0.121
    B1PAGE_M2       -0.040      -0.038      -0.037      -0.033      -0.029      -0.028      -0.027

 RB4P1D   ON
    B1PGENDER        0.095       0.131       0.149       0.246       0.342       0.361       0.397
    B1PAGE_M2       -0.007      -0.006      -0.005      -0.001       0.003       0.004       0.005

 RADJ_CRT ON
    B1PGENDER        0.052       0.088       0.107       0.203       0.299       0.317       0.353
    B1PAGE_M2        0.001       0.002       0.003       0.007       0.011       0.012       0.014

 B4BDHEAS ON
    B1PGENDER       -0.824      -0.794      -0.778      -0.698      -0.617      -0.602      -0.571
    B1PAGE_M2       -0.043      -0.042      -0.041      -0.038      -0.034      -0.033      -0.032

 RB4BCRP  ON
    B1PGENDER        0.190       0.225       0.243       0.336       0.430       0.448       0.482
    B1PAGE_M2       -0.006      -0.004      -0.003       0.001       0.005       0.006       0.007

 B4BIL6   ON
    B1PGENDER        0.007       0.042       0.060       0.153       0.247       0.265       0.299
    B1PAGE_M2        0.009       0.010       0.011       0.015       0.019       0.020       0.021

 B4BFGN   ON
    B1PGENDER        0.217       0.252       0.270       0.364       0.457       0.475       0.510
    B1PAGE_M2        0.003       0.005       0.006       0.010       0.014       0.015       0.016

 B4BSICAM ON
    B1PGENDER       -0.140      -0.104      -0.086       0.010       0.105       0.124       0.160
    B1PAGE_M2        0.003       0.005       0.005       0.010       0.014       0.015       0.016

 B4BSESEL ON
    B1PGENDER       -0.332      -0.295      -0.276      -0.178      -0.080      -0.061      -0.024
    B1PAGE_M2       -0.015      -0.013      -0.013      -0.009      -0.005      -0.004      -0.002

 RB4P1GS  ON
    B1PGENDER       -0.262      -0.229      -0.213      -0.124      -0.036      -0.019       0.014
    B1PAGE_M2        0.017       0.019       0.020       0.024       0.028       0.028       0.030

 PULPRESS ON
    B1PGENDER        0.054       0.085       0.101       0.184       0.267       0.283       0.314
    B1PAGE_M2        0.031       0.033       0.034       0.037       0.041       0.042       0.043

 RB4BGLUC ON
    B1PGENDER       -0.420      -0.383      -0.364      -0.265      -0.167      -0.148      -0.111
    B1PAGE_M2       -0.002       0.000       0.000       0.004       0.008       0.009       0.010

 P4HOMAIR ON
    B1PGENDER       -0.354      -0.317      -0.298      -0.201      -0.103      -0.085      -0.048
    B1PAGE_M2       -0.009      -0.007      -0.007      -0.003       0.001       0.002       0.003

 B4BHA1C  ON
    B1PGENDER       -0.132      -0.095      -0.076       0.023       0.121       0.140       0.177
    B1PAGE_M2        0.008       0.010       0.011       0.014       0.018       0.019       0.020

 RB4PWHR  ON
    B1PGENDER       -1.391      -1.364      -1.350      -1.277      -1.205      -1.191      -1.164
    B1PAGE_M2        0.005       0.006       0.006       0.009       0.012       0.013       0.014

 RB4BTRIG ON
    B1PGENDER       -0.562      -0.526      -0.508      -0.411      -0.315      -0.296      -0.260
    B1PAGE_M2       -0.007      -0.005      -0.004       0.000       0.004       0.004       0.006

 B4BHDL   ON
    B1PGENDER        0.604       0.637       0.654       0.744       0.833       0.850       0.884
    B1PAGE_M2       -0.001       0.000       0.001       0.005       0.009       0.009       0.011

 B4BLDL   ON
    B1PGENDER       -0.113      -0.077      -0.058       0.038       0.135       0.153       0.190
    B1PAGE_M2       -0.015      -0.013      -0.013      -0.009      -0.005      -0.004      -0.002

 AL       WITH
    PARA             0.000       0.000       0.000       0.000       0.000       0.000       0.000
    HPA              0.000       0.000       0.000       0.000       0.000       0.000       0.000
    INFL             0.000       0.000       0.000       0.000       0.000       0.000       0.000
    CARD             0.000       0.000       0.000       0.000       0.000       0.000       0.000
    GLUC             0.000       0.000       0.000       0.000       0.000       0.000       0.000
    LIPID            0.000       0.000       0.000       0.000       0.000       0.000       0.000

 CARD     WITH
    HPA              0.005       0.017       0.022       0.053       0.084       0.090       0.101

 GLUC     WITH
    HPA             -0.025      -0.011      -0.004       0.033       0.070       0.077       0.091
    CARD            -0.023      -0.006       0.003       0.049       0.096       0.105       0.122

 LIPID    WITH
    HPA             -0.028      -0.023      -0.021      -0.008       0.005       0.007       0.012
    CARD            -0.016      -0.008      -0.004       0.019       0.042       0.046       0.055
    GLUC            -0.034      -0.021      -0.015       0.018       0.051       0.058       0.070

 INFL     WITH
    HPA             -0.032      -0.019      -0.013       0.021       0.055       0.061       0.074
    CARD            -0.031      -0.008       0.003       0.065       0.126       0.138       0.161
    GLUC            -0.161      -0.142      -0.131      -0.078      -0.025      -0.015       0.005
    LIPID           -0.047      -0.036      -0.030       0.001       0.032       0.038       0.049

 PARA     WITH
    HPA             -0.036      -0.024      -0.018       0.015       0.048       0.054       0.066
    CARD            -0.131      -0.113      -0.104      -0.058      -0.011      -0.002       0.015
    GLUC            -0.082      -0.061      -0.050       0.006       0.063       0.074       0.095
    LIPID           -0.022      -0.012      -0.006       0.021       0.047       0.053       0.063
    INFL            -0.034      -0.017      -0.007       0.040       0.088       0.097       0.115

 AVGB_RM  WITH
    AVGB_HF          0.237       0.245       0.249       0.272       0.294       0.298       0.307

 Intercepts
    AVGB_SD          1.065       1.157       1.204       1.449       1.694       1.741       1.833
    AVGB_RM          0.498       0.589       0.635       0.877       1.119       1.165       1.256
    AVGB_LF          1.583       1.670       1.714       1.944       2.175       2.219       2.306
    AVGB_HF          0.770       0.859       0.904       1.143       1.381       1.427       1.516
    RB4P1D          -0.466      -0.375      -0.329      -0.089       0.152       0.198       0.288
    RADJ_CRT        -0.875      -0.787      -0.743      -0.508      -0.273      -0.228      -0.140
    B4BDHEAS         2.132       2.206       2.243       2.440       2.637       2.675       2.749
    RB4BCRP         -0.613      -0.522      -0.476      -0.233       0.010       0.056       0.147
    B4BIL6          -1.280      -1.192      -1.147      -0.913      -0.678      -0.634      -0.546
    B4BFGN          -1.109      -1.022      -0.977      -0.744      -0.511      -0.466      -0.379
    B4BSICAM        -0.924      -0.831      -0.783      -0.534      -0.285      -0.237      -0.144
    B4BSESEL         0.204       0.292       0.338       0.575       0.812       0.858       0.947
    PULPRESS        -2.459      -2.382      -2.342      -2.136      -1.930      -1.890      -1.813
    RB4P1GS         -1.560      -1.478      -1.436      -1.216      -0.996      -0.954      -0.872
    B4BHA1C         -1.155      -1.070      -1.026      -0.797      -0.569      -0.525      -0.440
    RB4BGLUC        -0.437      -0.351      -0.307      -0.078       0.152       0.195       0.281
    P4HOMAIR        -0.106      -0.017       0.028       0.265       0.502       0.547       0.636
    B4BLDL           0.070       0.161       0.207       0.449       0.691       0.738       0.828
    B4BHDL          -1.033      -0.949      -0.906      -0.681      -0.456      -0.412      -0.328
    RB4BTRIG        -0.119      -0.028       0.018       0.258       0.499       0.545       0.636
    RB4PWHR         -0.058       0.008       0.042       0.220       0.397       0.431       0.498

 Variances
    HPA              0.025       0.043       0.052       0.100       0.148       0.157       0.175
    CARD             0.601       0.623       0.634       0.691       0.749       0.760       0.781
    GLUC             0.562       0.620       0.650       0.807       0.964       0.994       1.052
    LIPID           -0.045      -0.028      -0.020       0.026       0.071       0.080       0.097
    INFL             0.076       0.138       0.169       0.334       0.499       0.531       0.592
    PARA             0.759       0.786       0.799       0.870       0.940       0.954       0.980
    AL               1.000       1.000       1.000       1.000       1.000       1.000       1.000

 Residual Variances
    AVGB_SD          0.000       0.000       0.000       0.000       0.000       0.000       0.000
    AVGB_RM          0.254       0.263       0.267       0.289       0.310       0.315       0.323
    AVGB_LF          0.181       0.187       0.190       0.208       0.225       0.229       0.235
    AVGB_HF          0.295       0.304       0.309       0.334       0.359       0.363       0.373
    RB4P1D           0.665       0.686       0.697       0.753       0.810       0.821       0.842
    RADJ_CRT         0.681       0.708       0.722       0.793       0.863       0.877       0.904
    B4BDHEAS         0.510       0.533       0.545       0.606       0.667       0.679       0.701
    RB4BCRP          0.155       0.200       0.223       0.342       0.462       0.485       0.529
    B4BIL6           0.439       0.462       0.474       0.537       0.599       0.611       0.635
    B4BFGN           0.366       0.407       0.427       0.534       0.641       0.662       0.702
    B4BSICAM         0.762       0.800       0.819       0.922       1.024       1.043       1.082
    B4BSESEL         0.693       0.724       0.740       0.822       0.904       0.920       0.951
    PULPRESS         0.066       0.075       0.080       0.104       0.128       0.133       0.142
    RB4P1GS          0.178       0.188       0.194       0.223       0.251       0.257       0.268
    B4BHA1C          0.343       0.371       0.385       0.458       0.532       0.546       0.573
    RB4BGLUC         0.000       0.000       0.000       0.000       0.000       0.000       0.000
    P4HOMAIR         0.347       0.363       0.372       0.415       0.458       0.466       0.482
    B4BLDL           0.811       0.837       0.850       0.919       0.988       1.001       1.027
    B4BHDL           0.456       0.481       0.494       0.559       0.625       0.638       0.662
    RB4BTRIG         0.047       0.105       0.135       0.289       0.443       0.473       0.531
    RB4PWHR          0.320       0.333       0.339       0.374       0.409       0.415       0.428


CONFIDENCE INTERVALS OF STANDARDIZED MODEL RESULTS


STDYX Standardization

                  Lower .5%  Lower 2.5%    Lower 5%    Estimate    Upper 5%  Upper 2.5%   Upper .5%

 HPA      BY
    RADJ_CRT         0.202       0.230       0.244       0.318       0.392       0.406       0.434
    B4BDHEAS         0.201       0.228       0.242       0.315       0.389       0.403       0.430

 CARD     BY
    RB4P1GS          0.799       0.806       0.809       0.829       0.848       0.851       0.858
    PULPRESS         0.795       0.804       0.809       0.833       0.858       0.862       0.871

 GLUC     BY
    RB4BGLUC         0.838       0.853       0.860       0.899       0.939       0.946       0.961
    P4HOMAIR         0.167       0.193       0.206       0.275       0.344       0.357       0.383
    B4BHA1C          0.481       0.506       0.519       0.586       0.653       0.665       0.690

 LIPID    BY
    RB4PWHR         -0.061      -0.008       0.019       0.161       0.303       0.330       0.383
    RB4BTRIG         0.608       0.641       0.658       0.748       0.837       0.855       0.888
    B4BHDL          -0.675      -0.625      -0.599      -0.463      -0.328      -0.302      -0.251
    B4BLDL           0.168       0.191       0.203       0.264       0.324       0.336       0.359
    P4HOMAIR         0.036       0.100       0.133       0.302       0.472       0.505       0.569

 INFL     BY
    RB4BCRP          0.355       0.408       0.435       0.576       0.717       0.744       0.797
    B4BIL6           0.212       0.251       0.272       0.376       0.481       0.501       0.541
    B4BFGN           0.307       0.358       0.384       0.520       0.656       0.682       0.732
    B4BSICAM        -0.069      -0.032      -0.013       0.086       0.185       0.204       0.241
    B4BSESEL        -0.215      -0.173      -0.151      -0.038       0.075       0.097       0.139

 PARA     BY
    AVGB_SD         -0.966      -0.957      -0.953      -0.931      -0.909      -0.905      -0.896
    AVGB_RM         -0.849      -0.841      -0.836      -0.813      -0.791      -0.786      -0.778
    AVGB_HF         -0.802      -0.792      -0.787      -0.762      -0.736      -0.731      -0.721
    AVGB_LF         -0.799      -0.789      -0.784      -0.756      -0.728      -0.722      -0.712
    RB4P1D           0.236       0.254       0.263       0.310       0.357       0.366       0.384

 AL       BY
    AVGB_SD         -0.323      -0.295      -0.281      -0.205      -0.129      -0.115      -0.087
    AVGB_RM         -0.234      -0.204      -0.189      -0.110      -0.030      -0.015       0.015
    AVGB_LF         -0.347      -0.322      -0.309      -0.242      -0.174      -0.162      -0.136
    AVGB_HF         -0.231      -0.204      -0.190      -0.116      -0.043      -0.029      -0.001
    RB4P1D           0.274       0.296       0.308       0.367       0.427       0.438       0.460
    RADJ_CRT        -0.392      -0.366      -0.353      -0.284      -0.215      -0.202      -0.176
    B4BDHEAS        -0.135      -0.112      -0.100      -0.039       0.022       0.034       0.057
    RB4BCRP          0.434       0.461       0.475       0.548       0.621       0.635       0.663
    B4BIL6           0.414       0.443       0.457       0.534       0.611       0.626       0.655
    B4BFGN           0.260       0.291       0.307       0.391       0.475       0.491       0.522
    B4BSICAM         0.122       0.150       0.165       0.240       0.315       0.329       0.357
    B4BSESEL         0.277       0.306       0.321       0.399       0.478       0.493       0.522
    PULPRESS        -0.037      -0.010       0.004       0.075       0.146       0.160       0.187
    RB4P1GS         -0.015       0.014       0.028       0.105       0.182       0.197       0.226
    B4BHA1C          0.306       0.331       0.344       0.412       0.479       0.492       0.517
    RB4BGLUC         0.277       0.309       0.326       0.413       0.500       0.517       0.549
    P4HOMAIR         0.432       0.477       0.501       0.623       0.745       0.768       0.814
    B4BLDL          -0.154      -0.116      -0.097       0.003       0.103       0.122       0.159
    B4BHDL          -0.528      -0.473      -0.445      -0.298      -0.151      -0.123      -0.068
    RB4BTRIG         0.042       0.112       0.147       0.333       0.518       0.554       0.623
    RB4PWHR          0.307       0.335       0.349       0.425       0.501       0.516       0.544

 AVGB_SD  ON
    B1PGENDER       -0.142      -0.125      -0.116      -0.070      -0.023      -0.015       0.003
    B1PAGE_M2       -0.374      -0.356      -0.346      -0.297      -0.248      -0.238      -0.220

 AVGB_RM  ON
    B1PGENDER       -0.060      -0.042      -0.033       0.015       0.062       0.071       0.089
    B1PAGE_M2       -0.274      -0.255      -0.245      -0.194      -0.142      -0.133      -0.113

 AVGB_HF  ON
    B1PGENDER       -0.015       0.003       0.012       0.058       0.105       0.114       0.132
    B1PAGE_M2       -0.339      -0.321      -0.311      -0.262      -0.213      -0.204      -0.186

 AVGB_LF  ON
    B1PGENDER       -0.198      -0.182      -0.173      -0.129      -0.085      -0.077      -0.061
    B1PAGE_M2       -0.458      -0.442      -0.433      -0.389      -0.345      -0.336      -0.320

 RB4P1D   ON
    B1PGENDER        0.047       0.065       0.074       0.122       0.169       0.178       0.196
    B1PAGE_M2       -0.085      -0.067      -0.058      -0.011       0.037       0.046       0.063

 RADJ_CRT ON
    B1PGENDER        0.026       0.044       0.053       0.101       0.149       0.158       0.176
    B1PAGE_M2        0.010       0.028       0.037       0.085       0.133       0.142       0.160

 B4BDHEAS ON
    B1PGENDER       -0.401      -0.388      -0.381      -0.345      -0.308      -0.302      -0.288
    B1PAGE_M2       -0.498      -0.484      -0.476      -0.438      -0.399      -0.392      -0.378

 RB4BCRP  ON
    B1PGENDER        0.095       0.112       0.121       0.166       0.212       0.220       0.237
    B1PAGE_M2       -0.065      -0.047      -0.038       0.011       0.060       0.069       0.087

 B4BIL6   ON
    B1PGENDER        0.004       0.021       0.030       0.076       0.122       0.131       0.148
    B1PAGE_M2        0.106       0.123       0.132       0.178       0.224       0.232       0.250

 B4BFGN   ON
    B1PGENDER        0.110       0.127       0.135       0.180       0.225       0.233       0.250
    B1PAGE_M2        0.042       0.060       0.069       0.116       0.164       0.173       0.191

 B4BSICAM ON
    B1PGENDER       -0.070      -0.052      -0.043       0.005       0.052       0.061       0.079
    B1PAGE_M2        0.034       0.053       0.063       0.114       0.164       0.174       0.193

 B4BSESEL ON
    B1PGENDER       -0.164      -0.146      -0.137      -0.088      -0.040      -0.031      -0.012
    B1PAGE_M2       -0.174      -0.157      -0.148      -0.102      -0.055      -0.046      -0.029

 RB4P1GS  ON
    B1PGENDER       -0.130      -0.113      -0.105      -0.061      -0.018      -0.009       0.007
    B1PAGE_M2        0.205       0.222       0.230       0.275       0.320       0.329       0.346

 PULPRESS ON
    B1PGENDER        0.027       0.043       0.050       0.091       0.132       0.140       0.155
    B1PAGE_M2        0.376       0.391       0.398       0.437       0.476       0.483       0.498

 RB4BGLUC ON
    B1PGENDER       -0.205      -0.188      -0.179      -0.132      -0.084      -0.075      -0.058
    B1PAGE_M2       -0.023      -0.005       0.003       0.049       0.095       0.104       0.121

 P4HOMAIR ON
    B1PGENDER       -0.175      -0.157      -0.147      -0.099      -0.051      -0.042      -0.024
    B1PAGE_M2       -0.103      -0.086      -0.078      -0.032       0.014       0.023       0.040

 B4BHA1C  ON
    B1PGENDER       -0.066      -0.047      -0.038       0.011       0.060       0.070       0.088
    B1PAGE_M2        0.092       0.110       0.120       0.169       0.218       0.227       0.245

 RB4PWHR  ON
    B1PGENDER       -0.674      -0.665      -0.660      -0.633      -0.607      -0.601      -0.592
    B1PAGE_M2        0.053       0.066       0.073       0.108       0.144       0.151       0.164

 RB4BTRIG ON
    B1PGENDER       -0.276      -0.259      -0.250      -0.204      -0.157      -0.148      -0.131
    B1PAGE_M2       -0.079      -0.061      -0.052      -0.005       0.043       0.052       0.070

 B4BHDL   ON
    B1PGENDER        0.305       0.320       0.328       0.368       0.409       0.416       0.432
    B1PAGE_M2       -0.016       0.001       0.009       0.055       0.100       0.109       0.126

 B4BLDL   ON
    B1PGENDER       -0.056      -0.038      -0.029       0.019       0.067       0.076       0.094
    B1PAGE_M2       -0.175      -0.158      -0.149      -0.101      -0.054      -0.045      -0.027

 AL       WITH
    PARA             0.000       0.000       0.000       0.000       0.000       0.000       0.000
    HPA              0.000       0.000       0.000       0.000       0.000       0.000       0.000
    INFL             0.000       0.000       0.000       0.000       0.000       0.000       0.000
    CARD             0.000       0.000       0.000       0.000       0.000       0.000       0.000
    GLUC             0.000       0.000       0.000       0.000       0.000       0.000       0.000
    LIPID            0.000       0.000       0.000       0.000       0.000       0.000       0.000

 CARD     WITH
    HPA              0.008       0.054       0.078       0.202       0.327       0.350       0.397

 GLUC     WITH
    HPA             -0.099      -0.048      -0.021       0.116       0.253       0.279       0.330
    CARD            -0.029      -0.007       0.005       0.066       0.127       0.139       0.162

 LIPID    WITH
    HPA             -0.418      -0.355      -0.324      -0.157       0.009       0.040       0.103
    CARD             0.029       0.056       0.070       0.143       0.216       0.230       0.257
    GLUC            -0.083      -0.033      -0.007       0.126       0.259       0.285       0.335

 INFL     WITH
    HPA             -0.197      -0.122      -0.084       0.115       0.314       0.352       0.426
    CARD            -0.027       0.012       0.032       0.135       0.238       0.258       0.297
    GLUC            -0.331      -0.288      -0.266      -0.151      -0.036      -0.014       0.029
    LIPID           -0.489      -0.370      -0.308       0.012       0.333       0.394       0.514

 PARA     WITH
    HPA             -0.125      -0.083      -0.061       0.051       0.163       0.185       0.227
    CARD            -0.169      -0.146      -0.135      -0.075      -0.014      -0.003       0.020
    GLUC            -0.098      -0.072      -0.060       0.008       0.075       0.088       0.113
    LIPID            0.006       0.037       0.053       0.137       0.221       0.237       0.268
    INFL            -0.056      -0.025      -0.009       0.075       0.158       0.174       0.205

 AVGB_RM  WITH
    AVGB_HF          0.843       0.851       0.855       0.875       0.896       0.900       0.907

 Intercepts
    AVGB_SD          1.084       1.171       1.215       1.447       1.678       1.723       1.809
    AVGB_RM          0.501       0.591       0.637       0.876       1.116       1.162       1.251
    AVGB_LF          1.614       1.692       1.732       1.940       2.148       2.188       2.266
    AVGB_HF          0.777       0.864       0.909       1.141       1.374       1.418       1.505
    RB4P1D          -0.466      -0.376      -0.330      -0.089       0.152       0.198       0.288
    RADJ_CRT        -0.877      -0.790      -0.745      -0.510      -0.276      -0.231      -0.144
    B4BDHEAS         2.160       2.225       2.259       2.433       2.608       2.641       2.707
    RB4BCRP         -0.610      -0.520      -0.474      -0.232       0.009       0.055       0.146
    B4BIL6          -1.274      -1.188      -1.144      -0.913      -0.682      -0.638      -0.552
    B4BFGN          -1.099      -1.014      -0.971      -0.743      -0.516      -0.472      -0.387
    B4BSICAM        -0.932      -0.837      -0.788      -0.534      -0.280      -0.231      -0.136
    B4BSESEL         0.207       0.295       0.340       0.575       0.810       0.855       0.943
    PULPRESS        -2.420      -2.353      -2.319      -2.140      -1.962      -1.927      -1.860
    RB4P1GS         -1.546      -1.466      -1.425      -1.212      -0.999      -0.958      -0.878
    B4BHA1C         -1.204      -1.107      -1.057      -0.798      -0.540      -0.490      -0.393
    RB4BGLUC        -0.441      -0.354      -0.310      -0.078       0.154       0.198       0.285
    P4HOMAIR        -0.104      -0.015       0.030       0.265       0.500       0.545       0.633
    B4BLDL           0.074       0.164       0.210       0.449       0.689       0.735       0.825
    B4BHDL          -1.039      -0.954      -0.910      -0.681      -0.451      -0.407      -0.322
    RB4BTRIG        -0.117      -0.027       0.019       0.258       0.498       0.544       0.634
    RB4PWHR         -0.058       0.009       0.043       0.220       0.397       0.431       0.497

 Variances
    HPA              1.000       1.000       1.000       1.000       1.000       1.000       1.000
    CARD             1.000       1.000       1.000       1.000       1.000       1.000       1.000
    GLUC             1.000       1.000       1.000       1.000       1.000       1.000       1.000
    LIPID            1.000       1.000       1.000       1.000       1.000       1.000       1.000
    INFL             1.000       1.000       1.000       1.000       1.000       1.000       1.000
    PARA             1.000       1.000       1.000       1.000       1.000       1.000       1.000
    AL               1.000       1.000       1.000       1.000       1.000       1.000       1.000

 Residual Variances
    AVGB_SD        999.000     999.000     999.000       0.000     999.000     999.000     999.000
    AVGB_RM          0.248       0.258       0.263       0.288       0.314       0.319       0.328
    AVGB_LF          0.174       0.182       0.186       0.207       0.228       0.232       0.240
    AVGB_HF          0.288       0.299       0.304       0.333       0.362       0.367       0.378
    RB4P1D           0.686       0.702       0.711       0.754       0.798       0.806       0.823
    RADJ_CRT         0.718       0.738       0.748       0.801       0.855       0.865       0.885
    B4BDHEAS         0.518       0.538       0.548       0.602       0.656       0.667       0.687
    RB4BCRP          0.154       0.198       0.221       0.340       0.459       0.482       0.526
    B4BIL6           0.452       0.472       0.482       0.537       0.591       0.601       0.622
    B4BFGN           0.367       0.406       0.427       0.533       0.639       0.659       0.699
    B4BSICAM         0.876       0.887       0.892       0.922       0.952       0.958       0.969
    B4BSESEL         0.713       0.739       0.753       0.822       0.891       0.904       0.930
    PULPRESS         0.067       0.076       0.080       0.104       0.129       0.133       0.142
    RB4P1GS          0.182       0.191       0.196       0.221       0.246       0.251       0.260
    B4BHA1C          0.358       0.382       0.394       0.459       0.524       0.536       0.560
    RB4BGLUC       999.000     999.000     999.000       0.000     999.000     999.000     999.000
    P4HOMAIR         0.346       0.362       0.371       0.414       0.457       0.465       0.481
    B4BLDL           0.868       0.880       0.887       0.920       0.953       0.959       0.972
    B4BHDL           0.466       0.488       0.499       0.559       0.619       0.631       0.653
    RB4BTRIG         0.045       0.103       0.133       0.289       0.444       0.474       0.532
    RB4PWHR          0.320       0.333       0.340       0.374       0.409       0.416       0.429


DIAGRAM INFORMATION

  Use View Diagram under the Diagram menu in the Mplus Editor to view the diagram.
  If running Mplus from the Mplus Diagrammer, the diagram opens automatically.

  Diagram output
    c:\users\joshua\documents\research\midus\jw-midus-al\al_bifac_ipv\factor_allcov_clustering_bifac

     Beginning Time:  04:10:28
        Ending Time:  04:10:30
       Elapsed Time:  00:00:02



MUTHEN & MUTHEN
3463 Stoner Ave.
Los Angeles, CA  90066

Tel: (310) 391-9971
Fax: (310) 391-8971
Web: www.StatModel.com
Support: Support@StatModel.com

Copyright (c) 1998-2014 Muthen & Muthen
